[2022-06-27 07:03:43,178] {processor.py:163} INFO - Started process (PID=1994) to work on /opt/airflow/dags/second_demo.py
[2022-06-27 07:03:43,178] {processor.py:642} INFO - Processing file /opt/airflow/dags/second_demo.py for tasks to queue
[2022-06-27 07:03:43,179] {logging_mixin.py:109} INFO - [2022-06-27 07:03:43,179] {dagbag.py:500} INFO - Filling up the DagBag from /opt/airflow/dags/second_demo.py
[2022-06-27 07:03:43,516] {processor.py:652} INFO - DAG(s) dict_keys(['first_airflow_dag']) retrieved from /opt/airflow/dags/second_demo.py
[2022-06-27 07:03:43,674] {logging_mixin.py:109} INFO - [2022-06-27 07:03:43,674] {dag.py:2398} INFO - Sync 1 DAGs
[2022-06-27 07:03:43,683] {logging_mixin.py:109} INFO - [2022-06-27 07:03:43,683] {dag.py:2937} INFO - Setting next_dagrun for first_airflow_dag to 2022-06-27T07:03:00+00:00
[2022-06-27 07:03:43,691] {processor.py:171} INFO - Processing /opt/airflow/dags/second_demo.py took 0.514 seconds
[2022-06-27 07:04:14,534] {processor.py:163} INFO - Started process (PID=2076) to work on /opt/airflow/dags/second_demo.py
[2022-06-27 07:04:14,535] {processor.py:642} INFO - Processing file /opt/airflow/dags/second_demo.py for tasks to queue
[2022-06-27 07:04:14,535] {logging_mixin.py:109} INFO - [2022-06-27 07:04:14,535] {dagbag.py:500} INFO - Filling up the DagBag from /opt/airflow/dags/second_demo.py
[2022-06-27 07:04:14,908] {processor.py:652} INFO - DAG(s) dict_keys(['first_airflow_dag']) retrieved from /opt/airflow/dags/second_demo.py
[2022-06-27 07:04:14,919] {logging_mixin.py:109} INFO - [2022-06-27 07:04:14,919] {dag.py:2398} INFO - Sync 1 DAGs
[2022-06-27 07:04:14,930] {logging_mixin.py:109} INFO - [2022-06-27 07:04:14,930] {dag.py:2937} INFO - Setting next_dagrun for first_airflow_dag to 2022-06-27T07:04:00+00:00
[2022-06-27 07:04:14,937] {processor.py:171} INFO - Processing /opt/airflow/dags/second_demo.py took 0.405 seconds
[2022-06-27 07:04:45,902] {processor.py:163} INFO - Started process (PID=2144) to work on /opt/airflow/dags/second_demo.py
[2022-06-27 07:04:45,903] {processor.py:642} INFO - Processing file /opt/airflow/dags/second_demo.py for tasks to queue
[2022-06-27 07:04:45,903] {logging_mixin.py:109} INFO - [2022-06-27 07:04:45,903] {dagbag.py:500} INFO - Filling up the DagBag from /opt/airflow/dags/second_demo.py
[2022-06-27 07:04:46,203] {processor.py:652} INFO - DAG(s) dict_keys(['first_airflow_dag']) retrieved from /opt/airflow/dags/second_demo.py
[2022-06-27 07:04:46,210] {logging_mixin.py:109} INFO - [2022-06-27 07:04:46,210] {dag.py:2398} INFO - Sync 1 DAGs
[2022-06-27 07:04:46,220] {logging_mixin.py:109} INFO - [2022-06-27 07:04:46,220] {dag.py:2937} INFO - Setting next_dagrun for first_airflow_dag to 2022-06-27T07:04:00+00:00
[2022-06-27 07:04:46,225] {processor.py:171} INFO - Processing /opt/airflow/dags/second_demo.py took 0.324 seconds
[2022-06-27 07:05:14,258] {processor.py:163} INFO - Started process (PID=2222) to work on /opt/airflow/dags/second_demo.py
[2022-06-27 07:05:14,259] {processor.py:642} INFO - Processing file /opt/airflow/dags/second_demo.py for tasks to queue
[2022-06-27 07:05:14,259] {logging_mixin.py:109} INFO - [2022-06-27 07:05:14,259] {dagbag.py:500} INFO - Filling up the DagBag from /opt/airflow/dags/second_demo.py
[2022-06-27 07:05:14,585] {processor.py:652} INFO - DAG(s) dict_keys(['first_airflow_dag']) retrieved from /opt/airflow/dags/second_demo.py
[2022-06-27 07:05:14,771] {logging_mixin.py:109} INFO - [2022-06-27 07:05:14,771] {dag.py:2398} INFO - Sync 1 DAGs
[2022-06-27 07:05:14,783] {logging_mixin.py:109} INFO - [2022-06-27 07:05:14,782] {dag.py:2937} INFO - Setting next_dagrun for first_airflow_dag to 2022-06-27T07:05:00+00:00
[2022-06-27 07:05:14,790] {processor.py:171} INFO - Processing /opt/airflow/dags/second_demo.py took 0.533 seconds
[2022-06-27 07:05:45,710] {processor.py:163} INFO - Started process (PID=2291) to work on /opt/airflow/dags/second_demo.py
[2022-06-27 07:05:45,712] {processor.py:642} INFO - Processing file /opt/airflow/dags/second_demo.py for tasks to queue
[2022-06-27 07:05:45,713] {logging_mixin.py:109} INFO - [2022-06-27 07:05:45,713] {dagbag.py:500} INFO - Filling up the DagBag from /opt/airflow/dags/second_demo.py
[2022-06-27 07:05:46,025] {processor.py:652} INFO - DAG(s) dict_keys(['first_airflow_dag']) retrieved from /opt/airflow/dags/second_demo.py
[2022-06-27 07:05:46,037] {logging_mixin.py:109} INFO - [2022-06-27 07:05:46,036] {dag.py:2398} INFO - Sync 1 DAGs
[2022-06-27 07:05:46,047] {logging_mixin.py:109} INFO - [2022-06-27 07:05:46,047] {dag.py:2937} INFO - Setting next_dagrun for first_airflow_dag to 2022-06-27T07:05:00+00:00
[2022-06-27 07:05:46,054] {processor.py:171} INFO - Processing /opt/airflow/dags/second_demo.py took 0.348 seconds
[2022-06-27 07:06:17,062] {processor.py:163} INFO - Started process (PID=2372) to work on /opt/airflow/dags/second_demo.py
[2022-06-27 07:06:17,064] {processor.py:642} INFO - Processing file /opt/airflow/dags/second_demo.py for tasks to queue
[2022-06-27 07:06:17,065] {logging_mixin.py:109} INFO - [2022-06-27 07:06:17,065] {dagbag.py:500} INFO - Filling up the DagBag from /opt/airflow/dags/second_demo.py
[2022-06-27 07:06:17,392] {processor.py:652} INFO - DAG(s) dict_keys(['first_airflow_dag']) retrieved from /opt/airflow/dags/second_demo.py
[2022-06-27 07:06:17,403] {logging_mixin.py:109} INFO - [2022-06-27 07:06:17,403] {dag.py:2398} INFO - Sync 1 DAGs
[2022-06-27 07:06:17,417] {logging_mixin.py:109} INFO - [2022-06-27 07:06:17,417] {dag.py:2937} INFO - Setting next_dagrun for first_airflow_dag to 2022-06-27T07:06:00+00:00
[2022-06-27 07:06:17,423] {processor.py:171} INFO - Processing /opt/airflow/dags/second_demo.py took 0.364 seconds
[2022-06-27 07:06:48,232] {processor.py:163} INFO - Started process (PID=2449) to work on /opt/airflow/dags/second_demo.py
[2022-06-27 07:06:48,233] {processor.py:642} INFO - Processing file /opt/airflow/dags/second_demo.py for tasks to queue
[2022-06-27 07:06:48,234] {logging_mixin.py:109} INFO - [2022-06-27 07:06:48,233] {dagbag.py:500} INFO - Filling up the DagBag from /opt/airflow/dags/second_demo.py
[2022-06-27 07:06:48,575] {processor.py:652} INFO - DAG(s) dict_keys(['first_airflow_dag']) retrieved from /opt/airflow/dags/second_demo.py
[2022-06-27 07:06:48,737] {logging_mixin.py:109} INFO - [2022-06-27 07:06:48,737] {dag.py:2398} INFO - Sync 1 DAGs
[2022-06-27 07:06:48,746] {logging_mixin.py:109} INFO - [2022-06-27 07:06:48,746] {dag.py:2937} INFO - Setting next_dagrun for first_airflow_dag to 2022-06-27T07:06:00+00:00
[2022-06-27 07:06:48,753] {processor.py:171} INFO - Processing /opt/airflow/dags/second_demo.py took 0.523 seconds
[2022-06-27 07:07:18,776] {processor.py:163} INFO - Started process (PID=2533) to work on /opt/airflow/dags/second_demo.py
[2022-06-27 07:07:18,777] {processor.py:642} INFO - Processing file /opt/airflow/dags/second_demo.py for tasks to queue
[2022-06-27 07:07:18,778] {logging_mixin.py:109} INFO - [2022-06-27 07:07:18,778] {dagbag.py:500} INFO - Filling up the DagBag from /opt/airflow/dags/second_demo.py
[2022-06-27 07:07:19,152] {processor.py:652} INFO - DAG(s) dict_keys(['first_airflow_dag']) retrieved from /opt/airflow/dags/second_demo.py
[2022-06-27 07:07:19,162] {logging_mixin.py:109} INFO - [2022-06-27 07:07:19,161] {dag.py:2398} INFO - Sync 1 DAGs
[2022-06-27 07:07:19,172] {logging_mixin.py:109} INFO - [2022-06-27 07:07:19,172] {dag.py:2937} INFO - Setting next_dagrun for first_airflow_dag to 2022-06-27T07:07:00+00:00
[2022-06-27 07:07:19,178] {processor.py:171} INFO - Processing /opt/airflow/dags/second_demo.py took 0.403 seconds
[2022-06-27 07:07:49,807] {processor.py:163} INFO - Started process (PID=2602) to work on /opt/airflow/dags/second_demo.py
[2022-06-27 07:07:49,808] {processor.py:642} INFO - Processing file /opt/airflow/dags/second_demo.py for tasks to queue
[2022-06-27 07:07:49,809] {logging_mixin.py:109} INFO - [2022-06-27 07:07:49,809] {dagbag.py:500} INFO - Filling up the DagBag from /opt/airflow/dags/second_demo.py
[2022-06-27 07:07:50,106] {processor.py:652} INFO - DAG(s) dict_keys(['first_airflow_dag']) retrieved from /opt/airflow/dags/second_demo.py
[2022-06-27 07:07:50,113] {logging_mixin.py:109} INFO - [2022-06-27 07:07:50,113] {dag.py:2398} INFO - Sync 1 DAGs
[2022-06-27 07:07:50,123] {logging_mixin.py:109} INFO - [2022-06-27 07:07:50,123] {dag.py:2937} INFO - Setting next_dagrun for first_airflow_dag to 2022-06-27T07:07:00+00:00
[2022-06-27 07:07:50,128] {processor.py:171} INFO - Processing /opt/airflow/dags/second_demo.py took 0.323 seconds
[2022-06-27 07:08:20,418] {processor.py:163} INFO - Started process (PID=2681) to work on /opt/airflow/dags/second_demo.py
[2022-06-27 07:08:20,419] {processor.py:642} INFO - Processing file /opt/airflow/dags/second_demo.py for tasks to queue
[2022-06-27 07:08:20,420] {logging_mixin.py:109} INFO - [2022-06-27 07:08:20,420] {dagbag.py:500} INFO - Filling up the DagBag from /opt/airflow/dags/second_demo.py
[2022-06-27 07:08:20,744] {processor.py:652} INFO - DAG(s) dict_keys(['first_airflow_dag']) retrieved from /opt/airflow/dags/second_demo.py
[2022-06-27 07:08:20,935] {logging_mixin.py:109} INFO - [2022-06-27 07:08:20,935] {dag.py:2398} INFO - Sync 1 DAGs
[2022-06-27 07:08:20,949] {logging_mixin.py:109} INFO - [2022-06-27 07:08:20,949] {dag.py:2937} INFO - Setting next_dagrun for first_airflow_dag to 2022-06-27T07:08:00+00:00
[2022-06-27 07:08:20,957] {processor.py:171} INFO - Processing /opt/airflow/dags/second_demo.py took 0.540 seconds
[2022-06-27 07:08:51,778] {processor.py:163} INFO - Started process (PID=2758) to work on /opt/airflow/dags/second_demo.py
[2022-06-27 07:08:51,778] {processor.py:642} INFO - Processing file /opt/airflow/dags/second_demo.py for tasks to queue
[2022-06-27 07:08:51,779] {logging_mixin.py:109} INFO - [2022-06-27 07:08:51,779] {dagbag.py:500} INFO - Filling up the DagBag from /opt/airflow/dags/second_demo.py
[2022-06-27 07:08:52,185] {processor.py:652} INFO - DAG(s) dict_keys(['first_airflow_dag']) retrieved from /opt/airflow/dags/second_demo.py
[2022-06-27 07:08:52,195] {logging_mixin.py:109} INFO - [2022-06-27 07:08:52,195] {dag.py:2398} INFO - Sync 1 DAGs
[2022-06-27 07:08:52,205] {logging_mixin.py:109} INFO - [2022-06-27 07:08:52,205] {dag.py:2937} INFO - Setting next_dagrun for first_airflow_dag to 2022-06-27T07:08:00+00:00
[2022-06-27 07:08:52,210] {processor.py:171} INFO - Processing /opt/airflow/dags/second_demo.py took 0.434 seconds
[2022-06-27 07:09:23,185] {processor.py:163} INFO - Started process (PID=2830) to work on /opt/airflow/dags/second_demo.py
[2022-06-27 07:09:23,187] {processor.py:642} INFO - Processing file /opt/airflow/dags/second_demo.py for tasks to queue
[2022-06-27 07:09:23,187] {logging_mixin.py:109} INFO - [2022-06-27 07:09:23,187] {dagbag.py:500} INFO - Filling up the DagBag from /opt/airflow/dags/second_demo.py
[2022-06-27 07:09:23,499] {processor.py:652} INFO - DAG(s) dict_keys(['first_airflow_dag']) retrieved from /opt/airflow/dags/second_demo.py
[2022-06-27 07:09:23,507] {logging_mixin.py:109} INFO - [2022-06-27 07:09:23,507] {dag.py:2398} INFO - Sync 1 DAGs
[2022-06-27 07:09:23,516] {logging_mixin.py:109} INFO - [2022-06-27 07:09:23,516] {dag.py:2937} INFO - Setting next_dagrun for first_airflow_dag to 2022-06-27T07:09:00+00:00
[2022-06-27 07:09:23,523] {processor.py:171} INFO - Processing /opt/airflow/dags/second_demo.py took 0.340 seconds
[2022-06-27 07:09:53,624] {processor.py:163} INFO - Started process (PID=2908) to work on /opt/airflow/dags/second_demo.py
[2022-06-27 07:09:53,626] {processor.py:642} INFO - Processing file /opt/airflow/dags/second_demo.py for tasks to queue
[2022-06-27 07:09:53,627] {logging_mixin.py:109} INFO - [2022-06-27 07:09:53,627] {dagbag.py:500} INFO - Filling up the DagBag from /opt/airflow/dags/second_demo.py
[2022-06-27 07:09:53,924] {processor.py:652} INFO - DAG(s) dict_keys(['first_airflow_dag']) retrieved from /opt/airflow/dags/second_demo.py
[2022-06-27 07:09:54,080] {logging_mixin.py:109} INFO - [2022-06-27 07:09:54,079] {dag.py:2398} INFO - Sync 1 DAGs
[2022-06-27 07:09:54,089] {logging_mixin.py:109} INFO - [2022-06-27 07:09:54,088] {dag.py:2937} INFO - Setting next_dagrun for first_airflow_dag to 2022-06-27T07:09:00+00:00
[2022-06-27 07:09:54,097] {processor.py:171} INFO - Processing /opt/airflow/dags/second_demo.py took 0.478 seconds
