[2022-07-01 04:37:00,527] {taskinstance.py:1043} INFO - Dependencies all met for <TaskInstance: my_dag.training_model_C manual__2022-07-01T04:36:59.216671+00:00 [queued]>
[2022-07-01 04:37:00,535] {taskinstance.py:1043} INFO - Dependencies all met for <TaskInstance: my_dag.training_model_C manual__2022-07-01T04:36:59.216671+00:00 [queued]>
[2022-07-01 04:37:00,535] {taskinstance.py:1249} INFO - 
--------------------------------------------------------------------------------
[2022-07-01 04:37:00,535] {taskinstance.py:1250} INFO - Starting attempt 1 of 1
[2022-07-01 04:37:00,535] {taskinstance.py:1251} INFO - 
--------------------------------------------------------------------------------
[2022-07-01 04:37:00,542] {taskinstance.py:1270} INFO - Executing <Task(PythonOperator): training_model_C> on 2022-07-01 04:36:59.216671+00:00
[2022-07-01 04:37:00,546] {standard_task_runner.py:52} INFO - Started process 4370 to run task
[2022-07-01 04:37:00,548] {standard_task_runner.py:79} INFO - Running: ['***', 'tasks', 'run', 'my_dag', 'training_model_C', 'manual__2022-07-01T04:36:59.216671+00:00', '--job-id', '36', '--raw', '--subdir', 'DAGS_FOLDER/second_1.py', '--cfg-path', '/tmp/tmp31fs44d4', '--error-file', '/tmp/tmpwgkf4467']
[2022-07-01 04:37:00,548] {standard_task_runner.py:80} INFO - Job 36: Subtask training_model_C
[2022-07-01 04:37:00,587] {logging_mixin.py:109} INFO - Running <TaskInstance: my_dag.training_model_C manual__2022-07-01T04:36:59.216671+00:00 [running]> on host cb1ba423fa3f
[2022-07-01 04:37:00,632] {taskinstance.py:1448} INFO - Exporting the following env vars:
AIRFLOW_CTX_DAG_OWNER=***
AIRFLOW_CTX_DAG_ID=my_dag
AIRFLOW_CTX_TASK_ID=training_model_C
AIRFLOW_CTX_EXECUTION_DATE=2022-07-01T04:36:59.216671+00:00
AIRFLOW_CTX_DAG_RUN_ID=manual__2022-07-01T04:36:59.216671+00:00
[2022-07-01 04:37:00,632] {python.py:175} INFO - Done. Returned value was: 10
[2022-07-01 04:37:00,646] {taskinstance.py:1288} INFO - Marking task as SUCCESS. dag_id=my_dag, task_id=training_model_C, execution_date=20220701T043659, start_date=20220701T043700, end_date=20220701T043700
[2022-07-01 04:37:00,680] {local_task_job.py:154} INFO - Task exited with return code 0
[2022-07-01 04:37:00,703] {local_task_job.py:264} INFO - 0 downstream tasks scheduled from follow-on schedule check
