[2022-07-08 05:22:49,340] {taskinstance.py:1043} INFO - Dependencies all met for <TaskInstance: example_complex.create_entry_group manual__2022-07-08T05:22:48.487322+00:00 [queued]>
[2022-07-08 05:22:49,352] {taskinstance.py:1043} INFO - Dependencies all met for <TaskInstance: example_complex.create_entry_group manual__2022-07-08T05:22:48.487322+00:00 [queued]>
[2022-07-08 05:22:49,352] {taskinstance.py:1249} INFO - 
--------------------------------------------------------------------------------
[2022-07-08 05:22:49,352] {taskinstance.py:1250} INFO - Starting attempt 1 of 1
[2022-07-08 05:22:49,352] {taskinstance.py:1251} INFO - 
--------------------------------------------------------------------------------
[2022-07-08 05:22:49,361] {taskinstance.py:1270} INFO - Executing <Task(BashOperator): create_entry_group> on 2022-07-08 05:22:48.487322+00:00
[2022-07-08 05:22:49,366] {standard_task_runner.py:52} INFO - Started process 2338 to run task
[2022-07-08 05:22:49,368] {standard_task_runner.py:79} INFO - Running: ['***', 'tasks', 'run', 'example_complex', 'create_entry_group', 'manual__2022-07-08T05:22:48.487322+00:00', '--job-id', '50', '--raw', '--subdir', 'DAGS_FOLDER/complex_task.py', '--cfg-path', '/tmp/tmpejx8137o', '--error-file', '/tmp/tmp5om9lrjc']
[2022-07-08 05:22:49,369] {standard_task_runner.py:80} INFO - Job 50: Subtask create_entry_group
[2022-07-08 05:22:49,413] {logging_mixin.py:109} INFO - Running <TaskInstance: example_complex.create_entry_group manual__2022-07-08T05:22:48.487322+00:00 [running]> on host 6a15fbc57503
[2022-07-08 05:22:49,464] {taskinstance.py:1448} INFO - Exporting the following env vars:
AIRFLOW_CTX_DAG_OWNER=***
AIRFLOW_CTX_DAG_ID=example_complex
AIRFLOW_CTX_TASK_ID=create_entry_group
AIRFLOW_CTX_EXECUTION_DATE=2022-07-08T05:22:48.487322+00:00
AIRFLOW_CTX_DAG_RUN_ID=manual__2022-07-08T05:22:48.487322+00:00
[2022-07-08 05:22:49,464] {subprocess.py:62} INFO - Tmp dir root location: 
 /tmp
[2022-07-08 05:22:49,465] {subprocess.py:74} INFO - Running command: ['bash', '-c', 'echo create_entry_group']
[2022-07-08 05:22:49,478] {subprocess.py:85} INFO - Output:
[2022-07-08 05:22:49,479] {subprocess.py:89} INFO - create_entry_group
[2022-07-08 05:22:49,479] {subprocess.py:93} INFO - Command exited with return code 0
[2022-07-08 05:22:49,502] {taskinstance.py:1288} INFO - Marking task as SUCCESS. dag_id=example_complex, task_id=create_entry_group, execution_date=20220708T052248, start_date=20220708T052249, end_date=20220708T052249
[2022-07-08 05:22:49,540] {local_task_job.py:154} INFO - Task exited with return code 0
[2022-07-08 05:22:49,597] {local_task_job.py:264} INFO - 4 downstream tasks scheduled from follow-on schedule check
