[2022-07-08 05:23:00,874] {taskinstance.py:1043} INFO - Dependencies all met for <TaskInstance: example_complex.delete_tag_template manual__2022-07-08T05:22:46.156602+00:00 [queued]>
[2022-07-08 05:23:00,886] {taskinstance.py:1043} INFO - Dependencies all met for <TaskInstance: example_complex.delete_tag_template manual__2022-07-08T05:22:46.156602+00:00 [queued]>
[2022-07-08 05:23:00,886] {taskinstance.py:1249} INFO - 
--------------------------------------------------------------------------------
[2022-07-08 05:23:00,886] {taskinstance.py:1250} INFO - Starting attempt 1 of 1
[2022-07-08 05:23:00,886] {taskinstance.py:1251} INFO - 
--------------------------------------------------------------------------------
[2022-07-08 05:23:00,899] {taskinstance.py:1270} INFO - Executing <Task(BashOperator): delete_tag_template> on 2022-07-08 05:22:46.156602+00:00
[2022-07-08 05:23:00,903] {standard_task_runner.py:52} INFO - Started process 2583 to run task
[2022-07-08 05:23:00,906] {standard_task_runner.py:79} INFO - Running: ['***', 'tasks', 'run', 'example_complex', 'delete_tag_template', 'manual__2022-07-08T05:22:46.156602+00:00', '--job-id', '132', '--raw', '--subdir', 'DAGS_FOLDER/complex_task.py', '--cfg-path', '/tmp/tmpbfbf14g9', '--error-file', '/tmp/tmpoevlm5hb']
[2022-07-08 05:23:00,906] {standard_task_runner.py:80} INFO - Job 132: Subtask delete_tag_template
[2022-07-08 05:23:00,964] {logging_mixin.py:109} INFO - Running <TaskInstance: example_complex.delete_tag_template manual__2022-07-08T05:22:46.156602+00:00 [running]> on host 6a15fbc57503
[2022-07-08 05:23:01,038] {taskinstance.py:1448} INFO - Exporting the following env vars:
AIRFLOW_CTX_DAG_OWNER=***
AIRFLOW_CTX_DAG_ID=example_complex
AIRFLOW_CTX_TASK_ID=delete_tag_template
AIRFLOW_CTX_EXECUTION_DATE=2022-07-08T05:22:46.156602+00:00
AIRFLOW_CTX_DAG_RUN_ID=manual__2022-07-08T05:22:46.156602+00:00
[2022-07-08 05:23:01,039] {subprocess.py:62} INFO - Tmp dir root location: 
 /tmp
[2022-07-08 05:23:01,040] {subprocess.py:74} INFO - Running command: ['bash', '-c', 'echo delete_tag_template']
[2022-07-08 05:23:01,056] {subprocess.py:85} INFO - Output:
[2022-07-08 05:23:01,058] {subprocess.py:89} INFO - delete_tag_template
[2022-07-08 05:23:01,059] {subprocess.py:93} INFO - Command exited with return code 0
[2022-07-08 05:23:01,093] {taskinstance.py:1288} INFO - Marking task as SUCCESS. dag_id=example_complex, task_id=delete_tag_template, execution_date=20220708T052246, start_date=20220708T052300, end_date=20220708T052301
[2022-07-08 05:23:01,135] {local_task_job.py:154} INFO - Task exited with return code 0
[2022-07-08 05:23:01,172] {local_task_job.py:264} INFO - 1 downstream tasks scheduled from follow-on schedule check
