[2022-06-24 16:29:49,457] {taskinstance.py:1043} INFO - Dependencies all met for <TaskInstance: example_bash_operator.this_will_skip scheduled__2022-06-23T00:00:00+00:00 [queued]>
[2022-06-24 16:29:49,467] {taskinstance.py:1043} INFO - Dependencies all met for <TaskInstance: example_bash_operator.this_will_skip scheduled__2022-06-23T00:00:00+00:00 [queued]>
[2022-06-24 16:29:49,467] {taskinstance.py:1249} INFO - 
--------------------------------------------------------------------------------
[2022-06-24 16:29:49,467] {taskinstance.py:1250} INFO - Starting attempt 1 of 1
[2022-06-24 16:29:49,467] {taskinstance.py:1251} INFO - 
--------------------------------------------------------------------------------
[2022-06-24 16:29:49,478] {taskinstance.py:1270} INFO - Executing <Task(BashOperator): this_will_skip> on 2022-06-23 00:00:00+00:00
[2022-06-24 16:29:49,483] {standard_task_runner.py:52} INFO - Started process 1154 to run task
[2022-06-24 16:29:49,486] {standard_task_runner.py:79} INFO - Running: ['***', 'tasks', 'run', 'example_bash_operator', 'this_will_skip', 'scheduled__2022-06-23T00:00:00+00:00', '--job-id', '5', '--raw', '--subdir', '/home/***/.local/lib/python3.7/site-packages/***/example_dags/example_bash_operator.py', '--cfg-path', '/tmp/tmpt8g9z0ct', '--error-file', '/tmp/tmp1y03_0r5']
[2022-06-24 16:29:49,486] {standard_task_runner.py:80} INFO - Job 5: Subtask this_will_skip
[2022-06-24 16:29:49,527] {logging_mixin.py:109} INFO - Running <TaskInstance: example_bash_operator.this_will_skip scheduled__2022-06-23T00:00:00+00:00 [running]> on host 818d02ed7c36
[2022-06-24 16:29:49,570] {taskinstance.py:1448} INFO - Exporting the following env vars:
AIRFLOW_CTX_DAG_OWNER=***
AIRFLOW_CTX_DAG_ID=example_bash_operator
AIRFLOW_CTX_TASK_ID=this_will_skip
AIRFLOW_CTX_EXECUTION_DATE=2022-06-23T00:00:00+00:00
AIRFLOW_CTX_DAG_RUN_ID=scheduled__2022-06-23T00:00:00+00:00
[2022-06-24 16:29:49,570] {subprocess.py:62} INFO - Tmp dir root location: 
 /tmp
[2022-06-24 16:29:49,571] {subprocess.py:74} INFO - Running command: ['bash', '-c', 'echo "hello world"; exit 99;']
[2022-06-24 16:29:49,583] {subprocess.py:85} INFO - Output:
[2022-06-24 16:29:49,584] {subprocess.py:89} INFO - hello world
[2022-06-24 16:29:49,585] {subprocess.py:93} INFO - Command exited with return code 99
[2022-06-24 16:29:49,586] {taskinstance.py:1367} INFO - Bash command returned exit code 99. Skipping.
[2022-06-24 16:29:49,597] {taskinstance.py:1288} INFO - Marking task as SKIPPED. dag_id=example_bash_operator, task_id=this_will_skip, execution_date=20220623T000000, start_date=20220624T162949, end_date=20220624T162949
[2022-06-24 16:29:49,622] {local_task_job.py:154} INFO - Task exited with return code 0
[2022-06-24 16:29:49,658] {local_task_job.py:264} INFO - 0 downstream tasks scheduled from follow-on schedule check
