[2022-07-11 04:24:53,545] {taskinstance.py:1043} INFO - Dependencies all met for <TaskInstance: my_dag.training_model_A scheduled__2022-07-10T00:00:00+00:00 [queued]>
[2022-07-11 04:24:53,555] {taskinstance.py:1043} INFO - Dependencies all met for <TaskInstance: my_dag.training_model_A scheduled__2022-07-10T00:00:00+00:00 [queued]>
[2022-07-11 04:24:53,556] {taskinstance.py:1249} INFO - 
--------------------------------------------------------------------------------
[2022-07-11 04:24:53,556] {taskinstance.py:1250} INFO - Starting attempt 1 of 1
[2022-07-11 04:24:53,556] {taskinstance.py:1251} INFO - 
--------------------------------------------------------------------------------
[2022-07-11 04:24:53,582] {taskinstance.py:1270} INFO - Executing <Task(PythonOperator): training_model_A> on 2022-07-10 00:00:00+00:00
[2022-07-11 04:24:53,588] {standard_task_runner.py:52} INFO - Started process 65 to run task
[2022-07-11 04:24:53,600] {standard_task_runner.py:79} INFO - Running: ['***', 'tasks', 'run', 'my_dag', 'training_model_A', 'scheduled__2022-07-10T00:00:00+00:00', '--job-id', '65', '--raw', '--subdir', 'DAGS_FOLDER/model.py', '--cfg-path', '/tmp/tmpx80te56e', '--error-file', '/tmp/tmp3id8juxa']
[2022-07-11 04:24:53,601] {standard_task_runner.py:80} INFO - Job 65: Subtask training_model_A
[2022-07-11 04:24:53,707] {logging_mixin.py:109} INFO - Running <TaskInstance: my_dag.training_model_A scheduled__2022-07-10T00:00:00+00:00 [running]> on host 18ea9465fe18
[2022-07-11 04:24:53,849] {taskinstance.py:1448} INFO - Exporting the following env vars:
AIRFLOW_CTX_DAG_OWNER=***
AIRFLOW_CTX_DAG_ID=my_dag
AIRFLOW_CTX_TASK_ID=training_model_A
AIRFLOW_CTX_EXECUTION_DATE=2022-07-10T00:00:00+00:00
AIRFLOW_CTX_DAG_RUN_ID=scheduled__2022-07-10T00:00:00+00:00
[2022-07-11 04:24:53,849] {python.py:175} INFO - Done. Returned value was: 7
[2022-07-11 04:24:53,885] {taskinstance.py:1288} INFO - Marking task as SUCCESS. dag_id=my_dag, task_id=training_model_A, execution_date=20220710T000000, start_date=20220711T042453, end_date=20220711T042453
[2022-07-11 04:24:53,952] {local_task_job.py:154} INFO - Task exited with return code 0
[2022-07-11 04:24:54,001] {local_task_job.py:264} INFO - 1 downstream tasks scheduled from follow-on schedule check
[2022-07-11 08:34:40,099] {taskinstance.py:1043} INFO - Dependencies all met for <TaskInstance: my_dag.training_model_A scheduled__2022-07-10T00:00:00+00:00 [queued]>
[2022-07-11 08:34:40,106] {taskinstance.py:1043} INFO - Dependencies all met for <TaskInstance: my_dag.training_model_A scheduled__2022-07-10T00:00:00+00:00 [queued]>
[2022-07-11 08:34:40,106] {taskinstance.py:1249} INFO - 
--------------------------------------------------------------------------------
[2022-07-11 08:34:40,106] {taskinstance.py:1250} INFO - Starting attempt 1 of 1
[2022-07-11 08:34:40,106] {taskinstance.py:1251} INFO - 
--------------------------------------------------------------------------------
[2022-07-11 08:34:40,114] {taskinstance.py:1270} INFO - Executing <Task(PythonOperator): training_model_A> on 2022-07-10 00:00:00+00:00
[2022-07-11 08:34:40,120] {standard_task_runner.py:52} INFO - Started process 3777 to run task
[2022-07-11 08:34:40,122] {standard_task_runner.py:79} INFO - Running: ['***', 'tasks', 'run', 'my_dag', 'training_model_A', 'scheduled__2022-07-10T00:00:00+00:00', '--job-id', '41', '--raw', '--subdir', 'DAGS_FOLDER/model.py', '--cfg-path', '/tmp/tmpt8hhbri6', '--error-file', '/tmp/tmptr21lfv8']
[2022-07-11 08:34:40,122] {standard_task_runner.py:80} INFO - Job 41: Subtask training_model_A
[2022-07-11 08:34:40,160] {logging_mixin.py:109} INFO - Running <TaskInstance: my_dag.training_model_A scheduled__2022-07-10T00:00:00+00:00 [running]> on host 1f92e2add508
[2022-07-11 08:34:40,194] {taskinstance.py:1448} INFO - Exporting the following env vars:
AIRFLOW_CTX_DAG_OWNER=***
AIRFLOW_CTX_DAG_ID=my_dag
AIRFLOW_CTX_TASK_ID=training_model_A
AIRFLOW_CTX_EXECUTION_DATE=2022-07-10T00:00:00+00:00
AIRFLOW_CTX_DAG_RUN_ID=scheduled__2022-07-10T00:00:00+00:00
[2022-07-11 08:34:40,195] {python.py:175} INFO - Done. Returned value was: 3
[2022-07-11 08:34:40,210] {taskinstance.py:1288} INFO - Marking task as SUCCESS. dag_id=my_dag, task_id=training_model_A, execution_date=20220710T000000, start_date=20220711T083440, end_date=20220711T083440
[2022-07-11 08:34:40,254] {local_task_job.py:154} INFO - Task exited with return code 0
[2022-07-11 08:34:40,281] {local_task_job.py:264} INFO - 0 downstream tasks scheduled from follow-on schedule check
