[2022-07-08 05:22:57,329] {taskinstance.py:1043} INFO - Dependencies all met for <TaskInstance: example_complex.create_tag manual__2022-07-08T05:22:48.487322+00:00 [queued]>
[2022-07-08 05:22:57,387] {taskinstance.py:1043} INFO - Dependencies all met for <TaskInstance: example_complex.create_tag manual__2022-07-08T05:22:48.487322+00:00 [queued]>
[2022-07-08 05:22:57,387] {taskinstance.py:1249} INFO - 
--------------------------------------------------------------------------------
[2022-07-08 05:22:57,387] {taskinstance.py:1250} INFO - Starting attempt 1 of 1
[2022-07-08 05:22:57,387] {taskinstance.py:1251} INFO - 
--------------------------------------------------------------------------------
[2022-07-08 05:22:57,410] {taskinstance.py:1270} INFO - Executing <Task(BashOperator): create_tag> on 2022-07-08 05:22:48.487322+00:00
[2022-07-08 05:22:57,432] {standard_task_runner.py:52} INFO - Started process 2504 to run task
[2022-07-08 05:22:57,497] {standard_task_runner.py:79} INFO - Running: ['***', 'tasks', 'run', 'example_complex', 'create_tag', 'manual__2022-07-08T05:22:48.487322+00:00', '--job-id', '104', '--raw', '--subdir', 'DAGS_FOLDER/complex_task.py', '--cfg-path', '/tmp/tmpd9t5ep7i', '--error-file', '/tmp/tmpajwbcp0o']
[2022-07-08 05:22:57,497] {standard_task_runner.py:80} INFO - Job 104: Subtask create_tag
[2022-07-08 05:22:57,787] {logging_mixin.py:109} INFO - Running <TaskInstance: example_complex.create_tag manual__2022-07-08T05:22:48.487322+00:00 [running]> on host 6a15fbc57503
[2022-07-08 05:22:58,010] {taskinstance.py:1448} INFO - Exporting the following env vars:
AIRFLOW_CTX_DAG_OWNER=***
AIRFLOW_CTX_DAG_ID=example_complex
AIRFLOW_CTX_TASK_ID=create_tag
AIRFLOW_CTX_EXECUTION_DATE=2022-07-08T05:22:48.487322+00:00
AIRFLOW_CTX_DAG_RUN_ID=manual__2022-07-08T05:22:48.487322+00:00
[2022-07-08 05:22:58,015] {subprocess.py:62} INFO - Tmp dir root location: 
 /tmp
[2022-07-08 05:22:58,016] {subprocess.py:74} INFO - Running command: ['bash', '-c', 'echo create_tag']
[2022-07-08 05:22:58,096] {subprocess.py:85} INFO - Output:
[2022-07-08 05:22:58,100] {subprocess.py:89} INFO - create_tag
[2022-07-08 05:22:58,101] {subprocess.py:93} INFO - Command exited with return code 0
[2022-07-08 05:22:58,250] {taskinstance.py:1288} INFO - Marking task as SUCCESS. dag_id=example_complex, task_id=create_tag, execution_date=20220708T052248, start_date=20220708T052257, end_date=20220708T052258
[2022-07-08 05:22:58,318] {local_task_job.py:154} INFO - Task exited with return code 0
[2022-07-08 05:22:58,402] {local_task_job.py:264} INFO - 5 downstream tasks scheduled from follow-on schedule check
