[2022-07-11 08:34:26,908] {taskinstance.py:1043} INFO - Dependencies all met for <TaskInstance: example_complex.create_entry_group_result manual__2022-07-11T08:34:25.102423+00:00 [queued]>
[2022-07-11 08:34:26,916] {taskinstance.py:1043} INFO - Dependencies all met for <TaskInstance: example_complex.create_entry_group_result manual__2022-07-11T08:34:25.102423+00:00 [queued]>
[2022-07-11 08:34:26,916] {taskinstance.py:1249} INFO - 
--------------------------------------------------------------------------------
[2022-07-11 08:34:26,916] {taskinstance.py:1250} INFO - Starting attempt 1 of 1
[2022-07-11 08:34:26,916] {taskinstance.py:1251} INFO - 
--------------------------------------------------------------------------------
[2022-07-11 08:34:26,925] {taskinstance.py:1270} INFO - Executing <Task(BashOperator): create_entry_group_result> on 2022-07-11 08:34:25.102423+00:00
[2022-07-11 08:34:26,929] {standard_task_runner.py:52} INFO - Started process 3657 to run task
[2022-07-11 08:34:26,932] {standard_task_runner.py:79} INFO - Running: ['***', 'tasks', 'run', 'example_complex', 'create_entry_group_result', 'manual__2022-07-11T08:34:25.102423+00:00', '--job-id', '5', '--raw', '--subdir', '/home/***/.local/lib/python3.7/site-packages/***/example_dags/example_complex.py', '--cfg-path', '/tmp/tmp2nola8b8', '--error-file', '/tmp/tmpdgyc6sgj']
[2022-07-11 08:34:26,932] {standard_task_runner.py:80} INFO - Job 5: Subtask create_entry_group_result
[2022-07-11 08:34:26,971] {logging_mixin.py:109} INFO - Running <TaskInstance: example_complex.create_entry_group_result manual__2022-07-11T08:34:25.102423+00:00 [running]> on host 1f92e2add508
[2022-07-11 08:34:27,013] {taskinstance.py:1448} INFO - Exporting the following env vars:
AIRFLOW_CTX_DAG_OWNER=***
AIRFLOW_CTX_DAG_ID=example_complex
AIRFLOW_CTX_TASK_ID=create_entry_group_result
AIRFLOW_CTX_EXECUTION_DATE=2022-07-11T08:34:25.102423+00:00
AIRFLOW_CTX_DAG_RUN_ID=manual__2022-07-11T08:34:25.102423+00:00
[2022-07-11 08:34:27,014] {subprocess.py:62} INFO - Tmp dir root location: 
 /tmp
[2022-07-11 08:34:27,015] {subprocess.py:74} INFO - Running command: ['bash', '-c', 'echo create_entry_group_result']
[2022-07-11 08:34:27,026] {subprocess.py:85} INFO - Output:
[2022-07-11 08:34:27,028] {subprocess.py:89} INFO - create_entry_group_result
[2022-07-11 08:34:27,028] {subprocess.py:93} INFO - Command exited with return code 0
[2022-07-11 08:34:27,059] {taskinstance.py:1288} INFO - Marking task as SUCCESS. dag_id=example_complex, task_id=create_entry_group_result, execution_date=20220711T083425, start_date=20220711T083426, end_date=20220711T083427
[2022-07-11 08:34:27,103] {local_task_job.py:154} INFO - Task exited with return code 0
[2022-07-11 08:34:27,156] {local_task_job.py:264} INFO - 0 downstream tasks scheduled from follow-on schedule check
