[2022-06-24 16:29:51,797] {taskinstance.py:1043} INFO - Dependencies all met for <TaskInstance: example_bash_operator.run_after_loop scheduled__2022-06-23T00:00:00+00:00 [queued]>
[2022-06-24 16:29:51,805] {taskinstance.py:1043} INFO - Dependencies all met for <TaskInstance: example_bash_operator.run_after_loop scheduled__2022-06-23T00:00:00+00:00 [queued]>
[2022-06-24 16:29:51,805] {taskinstance.py:1249} INFO - 
--------------------------------------------------------------------------------
[2022-06-24 16:29:51,805] {taskinstance.py:1250} INFO - Starting attempt 1 of 1
[2022-06-24 16:29:51,805] {taskinstance.py:1251} INFO - 
--------------------------------------------------------------------------------
[2022-06-24 16:29:51,816] {taskinstance.py:1270} INFO - Executing <Task(BashOperator): run_after_loop> on 2022-06-23 00:00:00+00:00
[2022-06-24 16:29:51,822] {standard_task_runner.py:52} INFO - Started process 1165 to run task
[2022-06-24 16:29:51,824] {standard_task_runner.py:79} INFO - Running: ['***', 'tasks', 'run', 'example_bash_operator', 'run_after_loop', 'scheduled__2022-06-23T00:00:00+00:00', '--job-id', '10', '--raw', '--subdir', '/home/***/.local/lib/python3.7/site-packages/***/example_dags/example_bash_operator.py', '--cfg-path', '/tmp/tmphfe55qkl', '--error-file', '/tmp/tmp3__rbvd0']
[2022-06-24 16:29:51,825] {standard_task_runner.py:80} INFO - Job 10: Subtask run_after_loop
[2022-06-24 16:29:51,871] {logging_mixin.py:109} INFO - Running <TaskInstance: example_bash_operator.run_after_loop scheduled__2022-06-23T00:00:00+00:00 [running]> on host 818d02ed7c36
[2022-06-24 16:29:51,924] {taskinstance.py:1448} INFO - Exporting the following env vars:
AIRFLOW_CTX_DAG_OWNER=***
AIRFLOW_CTX_DAG_ID=example_bash_operator
AIRFLOW_CTX_TASK_ID=run_after_loop
AIRFLOW_CTX_EXECUTION_DATE=2022-06-23T00:00:00+00:00
AIRFLOW_CTX_DAG_RUN_ID=scheduled__2022-06-23T00:00:00+00:00
[2022-06-24 16:29:51,925] {subprocess.py:62} INFO - Tmp dir root location: 
 /tmp
[2022-06-24 16:29:51,925] {subprocess.py:74} INFO - Running command: ['bash', '-c', 'echo 1']
[2022-06-24 16:29:51,939] {subprocess.py:85} INFO - Output:
[2022-06-24 16:29:51,941] {subprocess.py:89} INFO - 1
[2022-06-24 16:29:51,942] {subprocess.py:93} INFO - Command exited with return code 0
[2022-06-24 16:29:51,964] {taskinstance.py:1288} INFO - Marking task as SUCCESS. dag_id=example_bash_operator, task_id=run_after_loop, execution_date=20220623T000000, start_date=20220624T162951, end_date=20220624T162951
[2022-06-24 16:29:51,997] {local_task_job.py:154} INFO - Task exited with return code 0
[2022-06-24 16:29:52,019] {local_task_job.py:264} INFO - 0 downstream tasks scheduled from follow-on schedule check
