[2022-07-12 05:17:27,968] {taskinstance.py:1043} INFO - Dependencies all met for <TaskInstance: example_complex.lookup_entry manual__2022-07-12T05:17:25.362660+00:00 [queued]>
[2022-07-12 05:17:27,979] {taskinstance.py:1043} INFO - Dependencies all met for <TaskInstance: example_complex.lookup_entry manual__2022-07-12T05:17:25.362660+00:00 [queued]>
[2022-07-12 05:17:27,979] {taskinstance.py:1249} INFO - 
--------------------------------------------------------------------------------
[2022-07-12 05:17:27,979] {taskinstance.py:1250} INFO - Starting attempt 1 of 1
[2022-07-12 05:17:27,979] {taskinstance.py:1251} INFO - 
--------------------------------------------------------------------------------
[2022-07-12 05:17:27,990] {taskinstance.py:1270} INFO - Executing <Task(BashOperator): lookup_entry> on 2022-07-12 05:17:25.362660+00:00
[2022-07-12 05:17:27,995] {standard_task_runner.py:52} INFO - Started process 112 to run task
[2022-07-12 05:17:27,999] {standard_task_runner.py:79} INFO - Running: ['***', 'tasks', 'run', 'example_complex', 'lookup_entry', 'manual__2022-07-12T05:17:25.362660+00:00', '--job-id', '8', '--raw', '--subdir', 'DAGS_FOLDER/complex_task.py', '--cfg-path', '/tmp/tmpp3n1dj8h', '--error-file', '/tmp/tmpjzakrbqq']
[2022-07-12 05:17:27,999] {standard_task_runner.py:80} INFO - Job 8: Subtask lookup_entry
[2022-07-12 05:17:28,092] {logging_mixin.py:109} INFO - Running <TaskInstance: example_complex.lookup_entry manual__2022-07-12T05:17:25.362660+00:00 [running]> on host 4b3cd1d754ba
[2022-07-12 05:17:28,166] {taskinstance.py:1448} INFO - Exporting the following env vars:
AIRFLOW_CTX_DAG_OWNER=***
AIRFLOW_CTX_DAG_ID=example_complex
AIRFLOW_CTX_TASK_ID=lookup_entry
AIRFLOW_CTX_EXECUTION_DATE=2022-07-12T05:17:25.362660+00:00
AIRFLOW_CTX_DAG_RUN_ID=manual__2022-07-12T05:17:25.362660+00:00
[2022-07-12 05:17:28,167] {subprocess.py:62} INFO - Tmp dir root location: 
 /tmp
[2022-07-12 05:17:28,167] {subprocess.py:74} INFO - Running command: ['bash', '-c', 'echo lookup_entry']
[2022-07-12 05:17:28,180] {subprocess.py:85} INFO - Output:
[2022-07-12 05:17:28,182] {subprocess.py:89} INFO - lookup_entry
[2022-07-12 05:17:28,182] {subprocess.py:93} INFO - Command exited with return code 0
[2022-07-12 05:17:28,224] {taskinstance.py:1288} INFO - Marking task as SUCCESS. dag_id=example_complex, task_id=lookup_entry, execution_date=20220712T051725, start_date=20220712T051727, end_date=20220712T051728
[2022-07-12 05:17:28,257] {local_task_job.py:154} INFO - Task exited with return code 0
[2022-07-12 05:17:28,303] {local_task_job.py:264} INFO - 1 downstream tasks scheduled from follow-on schedule check
