[2022-07-11 08:34:31,318] {taskinstance.py:1043} INFO - Dependencies all met for <TaskInstance: example_complex.create_tag manual__2022-07-11T08:34:25.102423+00:00 [queued]>
[2022-07-11 08:34:31,326] {taskinstance.py:1043} INFO - Dependencies all met for <TaskInstance: example_complex.create_tag manual__2022-07-11T08:34:25.102423+00:00 [queued]>
[2022-07-11 08:34:31,326] {taskinstance.py:1249} INFO - 
--------------------------------------------------------------------------------
[2022-07-11 08:34:31,326] {taskinstance.py:1250} INFO - Starting attempt 1 of 1
[2022-07-11 08:34:31,326] {taskinstance.py:1251} INFO - 
--------------------------------------------------------------------------------
[2022-07-11 08:34:31,338] {taskinstance.py:1270} INFO - Executing <Task(BashOperator): create_tag> on 2022-07-11 08:34:25.102423+00:00
[2022-07-11 08:34:31,343] {standard_task_runner.py:52} INFO - Started process 3725 to run task
[2022-07-11 08:34:31,346] {standard_task_runner.py:79} INFO - Running: ['***', 'tasks', 'run', 'example_complex', 'create_tag', 'manual__2022-07-11T08:34:25.102423+00:00', '--job-id', '25', '--raw', '--subdir', '/home/***/.local/lib/python3.7/site-packages/***/example_dags/example_complex.py', '--cfg-path', '/tmp/tmpxptk_yk0', '--error-file', '/tmp/tmp51k42tua']
[2022-07-11 08:34:31,346] {standard_task_runner.py:80} INFO - Job 25: Subtask create_tag
[2022-07-11 08:34:31,402] {logging_mixin.py:109} INFO - Running <TaskInstance: example_complex.create_tag manual__2022-07-11T08:34:25.102423+00:00 [running]> on host 1f92e2add508
[2022-07-11 08:34:31,492] {taskinstance.py:1448} INFO - Exporting the following env vars:
AIRFLOW_CTX_DAG_OWNER=***
AIRFLOW_CTX_DAG_ID=example_complex
AIRFLOW_CTX_TASK_ID=create_tag
AIRFLOW_CTX_EXECUTION_DATE=2022-07-11T08:34:25.102423+00:00
AIRFLOW_CTX_DAG_RUN_ID=manual__2022-07-11T08:34:25.102423+00:00
[2022-07-11 08:34:31,493] {subprocess.py:62} INFO - Tmp dir root location: 
 /tmp
[2022-07-11 08:34:31,494] {subprocess.py:74} INFO - Running command: ['bash', '-c', 'echo create_tag']
[2022-07-11 08:34:31,542] {subprocess.py:85} INFO - Output:
[2022-07-11 08:34:31,542] {subprocess.py:89} INFO - create_tag
[2022-07-11 08:34:31,542] {subprocess.py:93} INFO - Command exited with return code 0
[2022-07-11 08:34:31,585] {taskinstance.py:1288} INFO - Marking task as SUCCESS. dag_id=example_complex, task_id=create_tag, execution_date=20220711T083425, start_date=20220711T083431, end_date=20220711T083431
[2022-07-11 08:34:31,624] {local_task_job.py:154} INFO - Task exited with return code 0
[2022-07-11 08:34:31,684] {local_task_job.py:264} INFO - 5 downstream tasks scheduled from follow-on schedule check
