[2022-07-01 04:36:50,510] {taskinstance.py:1043} INFO - Dependencies all met for <TaskInstance: my_dag.training_model_A scheduled__2022-06-30T00:00:00+00:00 [queued]>
[2022-07-01 04:36:50,517] {taskinstance.py:1043} INFO - Dependencies all met for <TaskInstance: my_dag.training_model_A scheduled__2022-06-30T00:00:00+00:00 [queued]>
[2022-07-01 04:36:50,517] {taskinstance.py:1249} INFO - 
--------------------------------------------------------------------------------
[2022-07-01 04:36:50,517] {taskinstance.py:1250} INFO - Starting attempt 1 of 1
[2022-07-01 04:36:50,517] {taskinstance.py:1251} INFO - 
--------------------------------------------------------------------------------
[2022-07-01 04:36:50,524] {taskinstance.py:1270} INFO - Executing <Task(PythonOperator): training_model_A> on 2022-06-30 00:00:00+00:00
[2022-07-01 04:36:50,528] {standard_task_runner.py:52} INFO - Started process 4348 to run task
[2022-07-01 04:36:50,530] {standard_task_runner.py:79} INFO - Running: ['***', 'tasks', 'run', 'my_dag', 'training_model_A', 'scheduled__2022-06-30T00:00:00+00:00', '--job-id', '30', '--raw', '--subdir', 'DAGS_FOLDER/second_1.py', '--cfg-path', '/tmp/tmpihvwyk7i', '--error-file', '/tmp/tmpva_80va6']
[2022-07-01 04:36:50,530] {standard_task_runner.py:80} INFO - Job 30: Subtask training_model_A
[2022-07-01 04:36:50,570] {logging_mixin.py:109} INFO - Running <TaskInstance: my_dag.training_model_A scheduled__2022-06-30T00:00:00+00:00 [running]> on host cb1ba423fa3f
[2022-07-01 04:36:50,611] {taskinstance.py:1448} INFO - Exporting the following env vars:
AIRFLOW_CTX_DAG_OWNER=***
AIRFLOW_CTX_DAG_ID=my_dag
AIRFLOW_CTX_TASK_ID=training_model_A
AIRFLOW_CTX_EXECUTION_DATE=2022-06-30T00:00:00+00:00
AIRFLOW_CTX_DAG_RUN_ID=scheduled__2022-06-30T00:00:00+00:00
[2022-07-01 04:36:50,612] {python.py:175} INFO - Done. Returned value was: 1
[2022-07-01 04:36:50,627] {taskinstance.py:1288} INFO - Marking task as SUCCESS. dag_id=my_dag, task_id=training_model_A, execution_date=20220630T000000, start_date=20220701T043650, end_date=20220701T043650
[2022-07-01 04:36:50,662] {local_task_job.py:154} INFO - Task exited with return code 0
[2022-07-01 04:36:50,708] {local_task_job.py:264} INFO - 0 downstream tasks scheduled from follow-on schedule check
