[2022-07-12 12:43:58,959] {taskinstance.py:1043} INFO - Dependencies all met for <TaskInstance: hello_world.world manual__2022-07-12T12:43:57.531356+00:00 [queued]>
[2022-07-12 12:43:58,967] {taskinstance.py:1043} INFO - Dependencies all met for <TaskInstance: hello_world.world manual__2022-07-12T12:43:57.531356+00:00 [queued]>
[2022-07-12 12:43:58,967] {taskinstance.py:1249} INFO - 
--------------------------------------------------------------------------------
[2022-07-12 12:43:58,967] {taskinstance.py:1250} INFO - Starting attempt 1 of 1
[2022-07-12 12:43:58,967] {taskinstance.py:1251} INFO - 
--------------------------------------------------------------------------------
[2022-07-12 12:43:58,975] {taskinstance.py:1270} INFO - Executing <Task(PythonOperator): world> on 2022-07-12 12:43:57.531356+00:00
[2022-07-12 12:43:58,979] {standard_task_runner.py:52} INFO - Started process 17032 to run task
[2022-07-12 12:43:58,981] {standard_task_runner.py:79} INFO - Running: ['***', 'tasks', 'run', 'hello_world', 'world', 'manual__2022-07-12T12:43:57.531356+00:00', '--job-id', '7', '--raw', '--subdir', 'DAGS_FOLDER/dag_hello.py', '--cfg-path', '/tmp/tmpu7fr9e0x', '--error-file', '/tmp/tmp3gfaphrx']
[2022-07-12 12:43:58,981] {standard_task_runner.py:80} INFO - Job 7: Subtask world
[2022-07-12 12:43:59,015] {logging_mixin.py:109} INFO - Running <TaskInstance: hello_world.world manual__2022-07-12T12:43:57.531356+00:00 [running]> on host fd5092ea7769
[2022-07-12 12:43:59,054] {taskinstance.py:1448} INFO - Exporting the following env vars:
AIRFLOW_CTX_DAG_OWNER=***
AIRFLOW_CTX_DAG_ID=hello_world
AIRFLOW_CTX_TASK_ID=world
AIRFLOW_CTX_EXECUTION_DATE=2022-07-12T12:43:57.531356+00:00
AIRFLOW_CTX_DAG_RUN_ID=manual__2022-07-12T12:43:57.531356+00:00
[2022-07-12 12:43:59,054] {logging_mixin.py:109} INFO - world
[2022-07-12 12:43:59,054] {python.py:175} INFO - Done. Returned value was: None
[2022-07-12 12:43:59,063] {taskinstance.py:1288} INFO - Marking task as SUCCESS. dag_id=hello_world, task_id=world, execution_date=20220712T124357, start_date=20220712T124358, end_date=20220712T124359
[2022-07-12 12:43:59,113] {local_task_job.py:154} INFO - Task exited with return code 0
[2022-07-12 12:43:59,132] {local_task_job.py:264} INFO - 0 downstream tasks scheduled from follow-on schedule check
