[2022-06-27 07:23:40,057] {taskinstance.py:1043} INFO - Dependencies all met for <TaskInstance: my_dag.choose_best_model scheduled__2022-06-26T00:00:00+00:00 [queued]>
[2022-06-27 07:23:40,069] {taskinstance.py:1043} INFO - Dependencies all met for <TaskInstance: my_dag.choose_best_model scheduled__2022-06-26T00:00:00+00:00 [queued]>
[2022-06-27 07:23:40,069] {taskinstance.py:1249} INFO - 
--------------------------------------------------------------------------------
[2022-06-27 07:23:40,069] {taskinstance.py:1250} INFO - Starting attempt 1 of 1
[2022-06-27 07:23:40,069] {taskinstance.py:1251} INFO - 
--------------------------------------------------------------------------------
[2022-06-27 07:23:40,079] {taskinstance.py:1270} INFO - Executing <Task(BranchPythonOperator): choose_best_model> on 2022-06-26 00:00:00+00:00
[2022-06-27 07:23:40,084] {standard_task_runner.py:52} INFO - Started process 1897 to run task
[2022-06-27 07:23:40,087] {standard_task_runner.py:79} INFO - Running: ['***', 'tasks', 'run', 'my_dag', 'choose_best_model', 'scheduled__2022-06-26T00:00:00+00:00', '--job-id', '85', '--raw', '--subdir', 'DAGS_FOLDER/second_1.py', '--cfg-path', '/tmp/tmptizz1rgm', '--error-file', '/tmp/tmptdcvf_m9']
[2022-06-27 07:23:40,087] {standard_task_runner.py:80} INFO - Job 85: Subtask choose_best_model
[2022-06-27 07:23:40,131] {logging_mixin.py:109} INFO - Running <TaskInstance: my_dag.choose_best_model scheduled__2022-06-26T00:00:00+00:00 [running]> on host f32f6d4577d5
[2022-06-27 07:23:40,169] {taskinstance.py:1448} INFO - Exporting the following env vars:
AIRFLOW_CTX_DAG_OWNER=***
AIRFLOW_CTX_DAG_ID=my_dag
AIRFLOW_CTX_TASK_ID=choose_best_model
AIRFLOW_CTX_EXECUTION_DATE=2022-06-26T00:00:00+00:00
AIRFLOW_CTX_DAG_RUN_ID=scheduled__2022-06-26T00:00:00+00:00
[2022-06-27 07:23:40,177] {python.py:175} INFO - Done. Returned value was: inaccurate
[2022-06-27 07:23:40,177] {skipmixin.py:140} INFO - Following branch inaccurate
[2022-06-27 07:23:40,177] {skipmixin.py:171} INFO - Skipping tasks ['accurate']
[2022-06-27 07:23:40,212] {taskinstance.py:1288} INFO - Marking task as SUCCESS. dag_id=my_dag, task_id=choose_best_model, execution_date=20220626T000000, start_date=20220627T072340, end_date=20220627T072340
[2022-06-27 07:23:40,258] {local_task_job.py:154} INFO - Task exited with return code 0
[2022-06-27 07:23:40,287] {local_task_job.py:264} INFO - 1 downstream tasks scheduled from follow-on schedule check
