[2022-07-13 11:34:36,399] {taskinstance.py:1043} INFO - Dependencies all met for <TaskInstance: sla-dag.sla_task manual__2022-07-13T11:34:00.242998+00:00 [queued]>
[2022-07-13 11:34:36,410] {taskinstance.py:1043} INFO - Dependencies all met for <TaskInstance: sla-dag.sla_task manual__2022-07-13T11:34:00.242998+00:00 [queued]>
[2022-07-13 11:34:36,411] {taskinstance.py:1249} INFO - 
--------------------------------------------------------------------------------
[2022-07-13 11:34:36,411] {taskinstance.py:1250} INFO - Starting attempt 1 of 1
[2022-07-13 11:34:36,411] {taskinstance.py:1251} INFO - 
--------------------------------------------------------------------------------
[2022-07-13 11:34:36,421] {taskinstance.py:1270} INFO - Executing <Task(PythonOperator): sla_task> on 2022-07-13 11:34:00.242998+00:00
[2022-07-13 11:34:36,426] {standard_task_runner.py:52} INFO - Started process 5124 to run task
[2022-07-13 11:34:36,428] {standard_task_runner.py:79} INFO - Running: ['***', 'tasks', 'run', 'sla-dag', 'sla_task', 'manual__2022-07-13T11:34:00.242998+00:00', '--job-id', '27', '--raw', '--subdir', 'DAGS_FOLDER/emaildemo.py', '--cfg-path', '/tmp/tmpqmjpm90p', '--error-file', '/tmp/tmpuq33gbcp']
[2022-07-13 11:34:36,428] {standard_task_runner.py:80} INFO - Job 27: Subtask sla_task
[2022-07-13 11:34:36,472] {logging_mixin.py:109} INFO - Running <TaskInstance: sla-dag.sla_task manual__2022-07-13T11:34:00.242998+00:00 [running]> on host 6e07f662a6b4
[2022-07-13 11:34:36,519] {taskinstance.py:1448} INFO - Exporting the following env vars:
AIRFLOW_CTX_DAG_EMAIL=thankiruchit007@gmail.com
AIRFLOW_CTX_DAG_OWNER=***
AIRFLOW_CTX_DAG_ID=sla-dag
AIRFLOW_CTX_TASK_ID=sla_task
AIRFLOW_CTX_EXECUTION_DATE=2022-07-13T11:34:00.242998+00:00
AIRFLOW_CTX_DAG_RUN_ID=manual__2022-07-13T11:34:00.242998+00:00
[2022-07-13 11:34:36,521] {logging_mixin.py:109} INFO - task is sleeping
[2022-07-13 11:35:16,561] {python.py:175} INFO - Done. Returned value was: None
[2022-07-13 11:35:16,584] {taskinstance.py:1288} INFO - Marking task as SUCCESS. dag_id=sla-dag, task_id=sla_task, execution_date=20220713T113400, start_date=20220713T113436, end_date=20220713T113516
[2022-07-13 11:35:16,631] {local_task_job.py:154} INFO - Task exited with return code 0
[2022-07-13 11:35:16,687] {local_task_job.py:264} INFO - 1 downstream tasks scheduled from follow-on schedule check
