[2022-07-08 05:23:08,464] {taskinstance.py:1043} INFO - Dependencies all met for <TaskInstance: example_complex.delete_entry manual__2022-07-08T05:22:51.064014+00:00 [queued]>
[2022-07-08 05:23:08,471] {taskinstance.py:1043} INFO - Dependencies all met for <TaskInstance: example_complex.delete_entry manual__2022-07-08T05:22:51.064014+00:00 [queued]>
[2022-07-08 05:23:08,471] {taskinstance.py:1249} INFO - 
--------------------------------------------------------------------------------
[2022-07-08 05:23:08,471] {taskinstance.py:1250} INFO - Starting attempt 1 of 1
[2022-07-08 05:23:08,471] {taskinstance.py:1251} INFO - 
--------------------------------------------------------------------------------
[2022-07-08 05:23:08,477] {taskinstance.py:1270} INFO - Executing <Task(BashOperator): delete_entry> on 2022-07-08 05:22:51.064014+00:00
[2022-07-08 05:23:08,480] {standard_task_runner.py:52} INFO - Started process 2664 to run task
[2022-07-08 05:23:08,482] {standard_task_runner.py:79} INFO - Running: ['***', 'tasks', 'run', 'example_complex', 'delete_entry', 'manual__2022-07-08T05:22:51.064014+00:00', '--job-id', '153', '--raw', '--subdir', '/home/***/.local/lib/python3.7/site-packages/***/example_dags/example_complex.py', '--cfg-path', '/tmp/tmpf03mjs4t', '--error-file', '/tmp/tmp_4i8q9l7']
[2022-07-08 05:23:08,482] {standard_task_runner.py:80} INFO - Job 153: Subtask delete_entry
[2022-07-08 05:23:08,513] {logging_mixin.py:109} INFO - Running <TaskInstance: example_complex.delete_entry manual__2022-07-08T05:22:51.064014+00:00 [running]> on host 6a15fbc57503
[2022-07-08 05:23:08,543] {taskinstance.py:1448} INFO - Exporting the following env vars:
AIRFLOW_CTX_DAG_OWNER=***
AIRFLOW_CTX_DAG_ID=example_complex
AIRFLOW_CTX_TASK_ID=delete_entry
AIRFLOW_CTX_EXECUTION_DATE=2022-07-08T05:22:51.064014+00:00
AIRFLOW_CTX_DAG_RUN_ID=manual__2022-07-08T05:22:51.064014+00:00
[2022-07-08 05:23:08,544] {subprocess.py:62} INFO - Tmp dir root location: 
 /tmp
[2022-07-08 05:23:08,544] {subprocess.py:74} INFO - Running command: ['bash', '-c', 'echo delete_entry']
[2022-07-08 05:23:08,551] {subprocess.py:85} INFO - Output:
[2022-07-08 05:23:08,552] {subprocess.py:89} INFO - delete_entry
[2022-07-08 05:23:08,552] {subprocess.py:93} INFO - Command exited with return code 0
[2022-07-08 05:23:08,567] {taskinstance.py:1288} INFO - Marking task as SUCCESS. dag_id=example_complex, task_id=delete_entry, execution_date=20220708T052251, start_date=20220708T052308, end_date=20220708T052308
[2022-07-08 05:23:08,614] {local_task_job.py:154} INFO - Task exited with return code 0
[2022-07-08 05:23:08,634] {local_task_job.py:264} INFO - 0 downstream tasks scheduled from follow-on schedule check
