[2022-06-28 14:16:40,763] {processor.py:163} INFO - Started process (PID=69) to work on /home/airflow/.local/lib/python3.7/site-packages/airflow/example_dags/example_subdag_operator.py
[2022-06-28 14:16:40,764] {processor.py:642} INFO - Processing file /home/airflow/.local/lib/python3.7/site-packages/airflow/example_dags/example_subdag_operator.py for tasks to queue
[2022-06-28 14:16:40,764] {logging_mixin.py:109} INFO - [2022-06-28 14:16:40,764] {dagbag.py:500} INFO - Filling up the DagBag from /home/airflow/.local/lib/python3.7/site-packages/airflow/example_dags/example_subdag_operator.py
[2022-06-28 14:16:40,813] {processor.py:652} INFO - DAG(s) dict_keys(['example_subdag_operator.section-1', 'example_subdag_operator.section-2', 'example_subdag_operator']) retrieved from /home/airflow/.local/lib/python3.7/site-packages/airflow/example_dags/example_subdag_operator.py
[2022-06-28 14:16:41,219] {logging_mixin.py:109} INFO - [2022-06-28 14:16:41,219] {dag.py:2398} INFO - Sync 3 DAGs
[2022-06-28 14:16:41,241] {logging_mixin.py:109} INFO - [2022-06-28 14:16:41,241] {dag.py:2937} INFO - Setting next_dagrun for example_subdag_operator to 2022-06-26T00:00:00+00:00
[2022-06-28 14:16:41,241] {logging_mixin.py:109} INFO - [2022-06-28 14:16:41,241] {dag.py:2937} INFO - Setting next_dagrun for example_subdag_operator.section-1 to None
[2022-06-28 14:16:41,241] {logging_mixin.py:109} INFO - [2022-06-28 14:16:41,241] {dag.py:2937} INFO - Setting next_dagrun for example_subdag_operator.section-2 to None
[2022-06-28 14:16:41,267] {logging_mixin.py:109} INFO - [2022-06-28 14:16:41,267] {dag.py:2398} INFO - Sync 2 DAGs
[2022-06-28 14:16:41,280] {logging_mixin.py:109} INFO - [2022-06-28 14:16:41,280] {dag.py:2937} INFO - Setting next_dagrun for example_subdag_operator.section-1 to None
[2022-06-28 14:16:41,280] {logging_mixin.py:109} INFO - [2022-06-28 14:16:41,280] {dag.py:2937} INFO - Setting next_dagrun for example_subdag_operator.section-2 to None
[2022-06-28 14:16:41,299] {processor.py:171} INFO - Processing /home/airflow/.local/lib/python3.7/site-packages/airflow/example_dags/example_subdag_operator.py took 0.542 seconds
[2022-06-28 14:17:11,765] {processor.py:163} INFO - Started process (PID=138) to work on /home/airflow/.local/lib/python3.7/site-packages/airflow/example_dags/example_subdag_operator.py
[2022-06-28 14:17:11,765] {processor.py:642} INFO - Processing file /home/airflow/.local/lib/python3.7/site-packages/airflow/example_dags/example_subdag_operator.py for tasks to queue
[2022-06-28 14:17:11,765] {logging_mixin.py:109} INFO - [2022-06-28 14:17:11,765] {dagbag.py:500} INFO - Filling up the DagBag from /home/airflow/.local/lib/python3.7/site-packages/airflow/example_dags/example_subdag_operator.py
[2022-06-28 14:17:11,786] {processor.py:652} INFO - DAG(s) dict_keys(['example_subdag_operator.section-1', 'example_subdag_operator.section-2', 'example_subdag_operator']) retrieved from /home/airflow/.local/lib/python3.7/site-packages/airflow/example_dags/example_subdag_operator.py
[2022-06-28 14:17:11,793] {logging_mixin.py:109} INFO - [2022-06-28 14:17:11,793] {dag.py:2398} INFO - Sync 3 DAGs
[2022-06-28 14:17:11,803] {logging_mixin.py:109} INFO - [2022-06-28 14:17:11,803] {dag.py:2937} INFO - Setting next_dagrun for example_subdag_operator to 2022-06-26T00:00:00+00:00
[2022-06-28 14:17:11,803] {logging_mixin.py:109} INFO - [2022-06-28 14:17:11,803] {dag.py:2937} INFO - Setting next_dagrun for example_subdag_operator.section-1 to None
[2022-06-28 14:17:11,803] {logging_mixin.py:109} INFO - [2022-06-28 14:17:11,803] {dag.py:2937} INFO - Setting next_dagrun for example_subdag_operator.section-2 to None
[2022-06-28 14:17:11,807] {logging_mixin.py:109} INFO - [2022-06-28 14:17:11,806] {dag.py:2398} INFO - Sync 2 DAGs
[2022-06-28 14:17:11,812] {logging_mixin.py:109} INFO - [2022-06-28 14:17:11,812] {dag.py:2937} INFO - Setting next_dagrun for example_subdag_operator.section-1 to None
[2022-06-28 14:17:11,812] {logging_mixin.py:109} INFO - [2022-06-28 14:17:11,812] {dag.py:2937} INFO - Setting next_dagrun for example_subdag_operator.section-2 to None
[2022-06-28 14:17:11,816] {processor.py:171} INFO - Processing /home/airflow/.local/lib/python3.7/site-packages/airflow/example_dags/example_subdag_operator.py took 0.053 seconds
[2022-06-28 14:17:42,718] {processor.py:163} INFO - Started process (PID=208) to work on /home/airflow/.local/lib/python3.7/site-packages/airflow/example_dags/example_subdag_operator.py
[2022-06-28 14:17:42,718] {processor.py:642} INFO - Processing file /home/airflow/.local/lib/python3.7/site-packages/airflow/example_dags/example_subdag_operator.py for tasks to queue
[2022-06-28 14:17:42,719] {logging_mixin.py:109} INFO - [2022-06-28 14:17:42,719] {dagbag.py:500} INFO - Filling up the DagBag from /home/airflow/.local/lib/python3.7/site-packages/airflow/example_dags/example_subdag_operator.py
[2022-06-28 14:17:42,739] {processor.py:652} INFO - DAG(s) dict_keys(['example_subdag_operator.section-1', 'example_subdag_operator.section-2', 'example_subdag_operator']) retrieved from /home/airflow/.local/lib/python3.7/site-packages/airflow/example_dags/example_subdag_operator.py
[2022-06-28 14:17:42,746] {logging_mixin.py:109} INFO - [2022-06-28 14:17:42,746] {dag.py:2398} INFO - Sync 3 DAGs
[2022-06-28 14:17:42,756] {logging_mixin.py:109} INFO - [2022-06-28 14:17:42,756] {dag.py:2937} INFO - Setting next_dagrun for example_subdag_operator to 2022-06-26T00:00:00+00:00
[2022-06-28 14:17:42,756] {logging_mixin.py:109} INFO - [2022-06-28 14:17:42,756] {dag.py:2937} INFO - Setting next_dagrun for example_subdag_operator.section-1 to None
[2022-06-28 14:17:42,756] {logging_mixin.py:109} INFO - [2022-06-28 14:17:42,756] {dag.py:2937} INFO - Setting next_dagrun for example_subdag_operator.section-2 to None
[2022-06-28 14:17:42,759] {logging_mixin.py:109} INFO - [2022-06-28 14:17:42,759] {dag.py:2398} INFO - Sync 2 DAGs
[2022-06-28 14:17:42,764] {logging_mixin.py:109} INFO - [2022-06-28 14:17:42,764] {dag.py:2937} INFO - Setting next_dagrun for example_subdag_operator.section-1 to None
[2022-06-28 14:17:42,764] {logging_mixin.py:109} INFO - [2022-06-28 14:17:42,764] {dag.py:2937} INFO - Setting next_dagrun for example_subdag_operator.section-2 to None
[2022-06-28 14:17:42,768] {processor.py:171} INFO - Processing /home/airflow/.local/lib/python3.7/site-packages/airflow/example_dags/example_subdag_operator.py took 0.052 seconds
[2022-06-28 14:18:13,547] {processor.py:163} INFO - Started process (PID=278) to work on /home/airflow/.local/lib/python3.7/site-packages/airflow/example_dags/example_subdag_operator.py
[2022-06-28 14:18:13,548] {processor.py:642} INFO - Processing file /home/airflow/.local/lib/python3.7/site-packages/airflow/example_dags/example_subdag_operator.py for tasks to queue
[2022-06-28 14:18:13,548] {logging_mixin.py:109} INFO - [2022-06-28 14:18:13,548] {dagbag.py:500} INFO - Filling up the DagBag from /home/airflow/.local/lib/python3.7/site-packages/airflow/example_dags/example_subdag_operator.py
[2022-06-28 14:18:13,570] {processor.py:652} INFO - DAG(s) dict_keys(['example_subdag_operator.section-1', 'example_subdag_operator.section-2', 'example_subdag_operator']) retrieved from /home/airflow/.local/lib/python3.7/site-packages/airflow/example_dags/example_subdag_operator.py
[2022-06-28 14:18:13,577] {logging_mixin.py:109} INFO - [2022-06-28 14:18:13,577] {dag.py:2398} INFO - Sync 3 DAGs
[2022-06-28 14:18:13,589] {logging_mixin.py:109} INFO - [2022-06-28 14:18:13,588] {dag.py:2937} INFO - Setting next_dagrun for example_subdag_operator to 2022-06-26T00:00:00+00:00
[2022-06-28 14:18:13,589] {logging_mixin.py:109} INFO - [2022-06-28 14:18:13,589] {dag.py:2937} INFO - Setting next_dagrun for example_subdag_operator.section-1 to None
[2022-06-28 14:18:13,589] {logging_mixin.py:109} INFO - [2022-06-28 14:18:13,589] {dag.py:2937} INFO - Setting next_dagrun for example_subdag_operator.section-2 to None
[2022-06-28 14:18:13,593] {logging_mixin.py:109} INFO - [2022-06-28 14:18:13,593] {dag.py:2398} INFO - Sync 2 DAGs
[2022-06-28 14:18:13,599] {logging_mixin.py:109} INFO - [2022-06-28 14:18:13,599] {dag.py:2937} INFO - Setting next_dagrun for example_subdag_operator.section-1 to None
[2022-06-28 14:18:13,600] {logging_mixin.py:109} INFO - [2022-06-28 14:18:13,600] {dag.py:2937} INFO - Setting next_dagrun for example_subdag_operator.section-2 to None
[2022-06-28 14:18:13,604] {processor.py:171} INFO - Processing /home/airflow/.local/lib/python3.7/site-packages/airflow/example_dags/example_subdag_operator.py took 0.059 seconds
[2022-06-28 14:18:44,260] {processor.py:163} INFO - Started process (PID=339) to work on /home/airflow/.local/lib/python3.7/site-packages/airflow/example_dags/example_subdag_operator.py
[2022-06-28 14:18:44,261] {processor.py:642} INFO - Processing file /home/airflow/.local/lib/python3.7/site-packages/airflow/example_dags/example_subdag_operator.py for tasks to queue
[2022-06-28 14:18:44,261] {logging_mixin.py:109} INFO - [2022-06-28 14:18:44,261] {dagbag.py:500} INFO - Filling up the DagBag from /home/airflow/.local/lib/python3.7/site-packages/airflow/example_dags/example_subdag_operator.py
[2022-06-28 14:18:44,280] {processor.py:652} INFO - DAG(s) dict_keys(['example_subdag_operator.section-1', 'example_subdag_operator.section-2', 'example_subdag_operator']) retrieved from /home/airflow/.local/lib/python3.7/site-packages/airflow/example_dags/example_subdag_operator.py
[2022-06-28 14:18:44,287] {logging_mixin.py:109} INFO - [2022-06-28 14:18:44,287] {dag.py:2398} INFO - Sync 3 DAGs
[2022-06-28 14:18:44,296] {logging_mixin.py:109} INFO - [2022-06-28 14:18:44,296] {dag.py:2937} INFO - Setting next_dagrun for example_subdag_operator to 2022-06-26T00:00:00+00:00
[2022-06-28 14:18:44,297] {logging_mixin.py:109} INFO - [2022-06-28 14:18:44,297] {dag.py:2937} INFO - Setting next_dagrun for example_subdag_operator.section-1 to None
[2022-06-28 14:18:44,297] {logging_mixin.py:109} INFO - [2022-06-28 14:18:44,297] {dag.py:2937} INFO - Setting next_dagrun for example_subdag_operator.section-2 to None
[2022-06-28 14:18:44,300] {logging_mixin.py:109} INFO - [2022-06-28 14:18:44,300] {dag.py:2398} INFO - Sync 2 DAGs
[2022-06-28 14:18:44,305] {logging_mixin.py:109} INFO - [2022-06-28 14:18:44,305] {dag.py:2937} INFO - Setting next_dagrun for example_subdag_operator.section-1 to None
[2022-06-28 14:18:44,306] {logging_mixin.py:109} INFO - [2022-06-28 14:18:44,306] {dag.py:2937} INFO - Setting next_dagrun for example_subdag_operator.section-2 to None
[2022-06-28 14:18:44,310] {processor.py:171} INFO - Processing /home/airflow/.local/lib/python3.7/site-packages/airflow/example_dags/example_subdag_operator.py took 0.051 seconds
[2022-06-28 14:19:14,926] {processor.py:163} INFO - Started process (PID=409) to work on /home/airflow/.local/lib/python3.7/site-packages/airflow/example_dags/example_subdag_operator.py
[2022-06-28 14:19:14,926] {processor.py:642} INFO - Processing file /home/airflow/.local/lib/python3.7/site-packages/airflow/example_dags/example_subdag_operator.py for tasks to queue
[2022-06-28 14:19:14,927] {logging_mixin.py:109} INFO - [2022-06-28 14:19:14,927] {dagbag.py:500} INFO - Filling up the DagBag from /home/airflow/.local/lib/python3.7/site-packages/airflow/example_dags/example_subdag_operator.py
[2022-06-28 14:19:14,945] {processor.py:652} INFO - DAG(s) dict_keys(['example_subdag_operator.section-1', 'example_subdag_operator.section-2', 'example_subdag_operator']) retrieved from /home/airflow/.local/lib/python3.7/site-packages/airflow/example_dags/example_subdag_operator.py
[2022-06-28 14:19:14,952] {logging_mixin.py:109} INFO - [2022-06-28 14:19:14,952] {dag.py:2398} INFO - Sync 3 DAGs
[2022-06-28 14:19:14,962] {logging_mixin.py:109} INFO - [2022-06-28 14:19:14,962] {dag.py:2937} INFO - Setting next_dagrun for example_subdag_operator to 2022-06-26T00:00:00+00:00
[2022-06-28 14:19:14,962] {logging_mixin.py:109} INFO - [2022-06-28 14:19:14,962] {dag.py:2937} INFO - Setting next_dagrun for example_subdag_operator.section-1 to None
[2022-06-28 14:19:14,962] {logging_mixin.py:109} INFO - [2022-06-28 14:19:14,962] {dag.py:2937} INFO - Setting next_dagrun for example_subdag_operator.section-2 to None
[2022-06-28 14:19:14,966] {logging_mixin.py:109} INFO - [2022-06-28 14:19:14,965] {dag.py:2398} INFO - Sync 2 DAGs
[2022-06-28 14:19:14,970] {logging_mixin.py:109} INFO - [2022-06-28 14:19:14,970] {dag.py:2937} INFO - Setting next_dagrun for example_subdag_operator.section-1 to None
[2022-06-28 14:19:14,971] {logging_mixin.py:109} INFO - [2022-06-28 14:19:14,971] {dag.py:2937} INFO - Setting next_dagrun for example_subdag_operator.section-2 to None
[2022-06-28 14:19:14,975] {processor.py:171} INFO - Processing /home/airflow/.local/lib/python3.7/site-packages/airflow/example_dags/example_subdag_operator.py took 0.051 seconds
[2022-06-28 14:19:45,741] {processor.py:163} INFO - Started process (PID=479) to work on /home/airflow/.local/lib/python3.7/site-packages/airflow/example_dags/example_subdag_operator.py
[2022-06-28 14:19:45,742] {processor.py:642} INFO - Processing file /home/airflow/.local/lib/python3.7/site-packages/airflow/example_dags/example_subdag_operator.py for tasks to queue
[2022-06-28 14:19:45,742] {logging_mixin.py:109} INFO - [2022-06-28 14:19:45,742] {dagbag.py:500} INFO - Filling up the DagBag from /home/airflow/.local/lib/python3.7/site-packages/airflow/example_dags/example_subdag_operator.py
[2022-06-28 14:19:45,761] {processor.py:652} INFO - DAG(s) dict_keys(['example_subdag_operator.section-1', 'example_subdag_operator.section-2', 'example_subdag_operator']) retrieved from /home/airflow/.local/lib/python3.7/site-packages/airflow/example_dags/example_subdag_operator.py
[2022-06-28 14:19:45,768] {logging_mixin.py:109} INFO - [2022-06-28 14:19:45,768] {dag.py:2398} INFO - Sync 3 DAGs
[2022-06-28 14:19:45,778] {logging_mixin.py:109} INFO - [2022-06-28 14:19:45,778] {dag.py:2937} INFO - Setting next_dagrun for example_subdag_operator to 2022-06-26T00:00:00+00:00
[2022-06-28 14:19:45,778] {logging_mixin.py:109} INFO - [2022-06-28 14:19:45,778] {dag.py:2937} INFO - Setting next_dagrun for example_subdag_operator.section-1 to None
[2022-06-28 14:19:45,778] {logging_mixin.py:109} INFO - [2022-06-28 14:19:45,778] {dag.py:2937} INFO - Setting next_dagrun for example_subdag_operator.section-2 to None
[2022-06-28 14:19:45,782] {logging_mixin.py:109} INFO - [2022-06-28 14:19:45,782] {dag.py:2398} INFO - Sync 2 DAGs
[2022-06-28 14:19:45,788] {logging_mixin.py:109} INFO - [2022-06-28 14:19:45,788] {dag.py:2937} INFO - Setting next_dagrun for example_subdag_operator.section-1 to None
[2022-06-28 14:19:45,788] {logging_mixin.py:109} INFO - [2022-06-28 14:19:45,788] {dag.py:2937} INFO - Setting next_dagrun for example_subdag_operator.section-2 to None
[2022-06-28 14:19:45,792] {processor.py:171} INFO - Processing /home/airflow/.local/lib/python3.7/site-packages/airflow/example_dags/example_subdag_operator.py took 0.053 seconds
[2022-06-28 14:20:16,467] {processor.py:163} INFO - Started process (PID=540) to work on /home/airflow/.local/lib/python3.7/site-packages/airflow/example_dags/example_subdag_operator.py
[2022-06-28 14:20:16,468] {processor.py:642} INFO - Processing file /home/airflow/.local/lib/python3.7/site-packages/airflow/example_dags/example_subdag_operator.py for tasks to queue
[2022-06-28 14:20:16,468] {logging_mixin.py:109} INFO - [2022-06-28 14:20:16,468] {dagbag.py:500} INFO - Filling up the DagBag from /home/airflow/.local/lib/python3.7/site-packages/airflow/example_dags/example_subdag_operator.py
[2022-06-28 14:20:16,488] {processor.py:652} INFO - DAG(s) dict_keys(['example_subdag_operator.section-1', 'example_subdag_operator.section-2', 'example_subdag_operator']) retrieved from /home/airflow/.local/lib/python3.7/site-packages/airflow/example_dags/example_subdag_operator.py
[2022-06-28 14:20:16,497] {logging_mixin.py:109} INFO - [2022-06-28 14:20:16,497] {dag.py:2398} INFO - Sync 3 DAGs
[2022-06-28 14:20:16,510] {logging_mixin.py:109} INFO - [2022-06-28 14:20:16,510] {dag.py:2937} INFO - Setting next_dagrun for example_subdag_operator to 2022-06-26T00:00:00+00:00
[2022-06-28 14:20:16,510] {logging_mixin.py:109} INFO - [2022-06-28 14:20:16,510] {dag.py:2937} INFO - Setting next_dagrun for example_subdag_operator.section-1 to None
[2022-06-28 14:20:16,510] {logging_mixin.py:109} INFO - [2022-06-28 14:20:16,510] {dag.py:2937} INFO - Setting next_dagrun for example_subdag_operator.section-2 to None
[2022-06-28 14:20:16,514] {logging_mixin.py:109} INFO - [2022-06-28 14:20:16,514] {dag.py:2398} INFO - Sync 2 DAGs
[2022-06-28 14:20:16,521] {logging_mixin.py:109} INFO - [2022-06-28 14:20:16,521] {dag.py:2937} INFO - Setting next_dagrun for example_subdag_operator.section-1 to None
[2022-06-28 14:20:16,521] {logging_mixin.py:109} INFO - [2022-06-28 14:20:16,521] {dag.py:2937} INFO - Setting next_dagrun for example_subdag_operator.section-2 to None
[2022-06-28 14:20:16,526] {processor.py:171} INFO - Processing /home/airflow/.local/lib/python3.7/site-packages/airflow/example_dags/example_subdag_operator.py took 0.060 seconds
[2022-06-28 14:20:47,271] {processor.py:163} INFO - Started process (PID=612) to work on /home/airflow/.local/lib/python3.7/site-packages/airflow/example_dags/example_subdag_operator.py
[2022-06-28 14:20:47,272] {processor.py:642} INFO - Processing file /home/airflow/.local/lib/python3.7/site-packages/airflow/example_dags/example_subdag_operator.py for tasks to queue
[2022-06-28 14:20:47,272] {logging_mixin.py:109} INFO - [2022-06-28 14:20:47,272] {dagbag.py:500} INFO - Filling up the DagBag from /home/airflow/.local/lib/python3.7/site-packages/airflow/example_dags/example_subdag_operator.py
[2022-06-28 14:20:47,292] {processor.py:652} INFO - DAG(s) dict_keys(['example_subdag_operator.section-1', 'example_subdag_operator.section-2', 'example_subdag_operator']) retrieved from /home/airflow/.local/lib/python3.7/site-packages/airflow/example_dags/example_subdag_operator.py
[2022-06-28 14:20:47,301] {logging_mixin.py:109} INFO - [2022-06-28 14:20:47,301] {dag.py:2398} INFO - Sync 3 DAGs
[2022-06-28 14:20:47,313] {logging_mixin.py:109} INFO - [2022-06-28 14:20:47,313] {dag.py:2937} INFO - Setting next_dagrun for example_subdag_operator to 2022-06-26T00:00:00+00:00
[2022-06-28 14:20:47,313] {logging_mixin.py:109} INFO - [2022-06-28 14:20:47,313] {dag.py:2937} INFO - Setting next_dagrun for example_subdag_operator.section-1 to None
[2022-06-28 14:20:47,313] {logging_mixin.py:109} INFO - [2022-06-28 14:20:47,313] {dag.py:2937} INFO - Setting next_dagrun for example_subdag_operator.section-2 to None
[2022-06-28 14:20:47,317] {logging_mixin.py:109} INFO - [2022-06-28 14:20:47,317] {dag.py:2398} INFO - Sync 2 DAGs
[2022-06-28 14:20:47,322] {logging_mixin.py:109} INFO - [2022-06-28 14:20:47,322] {dag.py:2937} INFO - Setting next_dagrun for example_subdag_operator.section-1 to None
[2022-06-28 14:20:47,323] {logging_mixin.py:109} INFO - [2022-06-28 14:20:47,323] {dag.py:2937} INFO - Setting next_dagrun for example_subdag_operator.section-2 to None
[2022-06-28 14:20:47,327] {processor.py:171} INFO - Processing /home/airflow/.local/lib/python3.7/site-packages/airflow/example_dags/example_subdag_operator.py took 0.058 seconds
[2022-06-28 14:21:17,960] {processor.py:163} INFO - Started process (PID=682) to work on /home/airflow/.local/lib/python3.7/site-packages/airflow/example_dags/example_subdag_operator.py
[2022-06-28 14:21:17,961] {processor.py:642} INFO - Processing file /home/airflow/.local/lib/python3.7/site-packages/airflow/example_dags/example_subdag_operator.py for tasks to queue
[2022-06-28 14:21:17,961] {logging_mixin.py:109} INFO - [2022-06-28 14:21:17,961] {dagbag.py:500} INFO - Filling up the DagBag from /home/airflow/.local/lib/python3.7/site-packages/airflow/example_dags/example_subdag_operator.py
[2022-06-28 14:21:17,980] {processor.py:652} INFO - DAG(s) dict_keys(['example_subdag_operator.section-1', 'example_subdag_operator.section-2', 'example_subdag_operator']) retrieved from /home/airflow/.local/lib/python3.7/site-packages/airflow/example_dags/example_subdag_operator.py
[2022-06-28 14:21:17,987] {logging_mixin.py:109} INFO - [2022-06-28 14:21:17,987] {dag.py:2398} INFO - Sync 3 DAGs
[2022-06-28 14:21:17,998] {logging_mixin.py:109} INFO - [2022-06-28 14:21:17,998] {dag.py:2937} INFO - Setting next_dagrun for example_subdag_operator to 2022-06-26T00:00:00+00:00
[2022-06-28 14:21:17,998] {logging_mixin.py:109} INFO - [2022-06-28 14:21:17,998] {dag.py:2937} INFO - Setting next_dagrun for example_subdag_operator.section-1 to None
[2022-06-28 14:21:17,998] {logging_mixin.py:109} INFO - [2022-06-28 14:21:17,998] {dag.py:2937} INFO - Setting next_dagrun for example_subdag_operator.section-2 to None
[2022-06-28 14:21:18,002] {logging_mixin.py:109} INFO - [2022-06-28 14:21:18,002] {dag.py:2398} INFO - Sync 2 DAGs
[2022-06-28 14:21:18,007] {logging_mixin.py:109} INFO - [2022-06-28 14:21:18,007] {dag.py:2937} INFO - Setting next_dagrun for example_subdag_operator.section-1 to None
[2022-06-28 14:21:18,007] {logging_mixin.py:109} INFO - [2022-06-28 14:21:18,007] {dag.py:2937} INFO - Setting next_dagrun for example_subdag_operator.section-2 to None
[2022-06-28 14:21:18,012] {processor.py:171} INFO - Processing /home/airflow/.local/lib/python3.7/site-packages/airflow/example_dags/example_subdag_operator.py took 0.053 seconds
[2022-06-28 14:21:48,713] {processor.py:163} INFO - Started process (PID=743) to work on /home/airflow/.local/lib/python3.7/site-packages/airflow/example_dags/example_subdag_operator.py
[2022-06-28 14:21:48,714] {processor.py:642} INFO - Processing file /home/airflow/.local/lib/python3.7/site-packages/airflow/example_dags/example_subdag_operator.py for tasks to queue
[2022-06-28 14:21:48,714] {logging_mixin.py:109} INFO - [2022-06-28 14:21:48,714] {dagbag.py:500} INFO - Filling up the DagBag from /home/airflow/.local/lib/python3.7/site-packages/airflow/example_dags/example_subdag_operator.py
[2022-06-28 14:21:48,735] {processor.py:652} INFO - DAG(s) dict_keys(['example_subdag_operator.section-1', 'example_subdag_operator.section-2', 'example_subdag_operator']) retrieved from /home/airflow/.local/lib/python3.7/site-packages/airflow/example_dags/example_subdag_operator.py
[2022-06-28 14:21:48,743] {logging_mixin.py:109} INFO - [2022-06-28 14:21:48,743] {dag.py:2398} INFO - Sync 3 DAGs
[2022-06-28 14:21:48,753] {logging_mixin.py:109} INFO - [2022-06-28 14:21:48,753] {dag.py:2937} INFO - Setting next_dagrun for example_subdag_operator to 2022-06-26T00:00:00+00:00
[2022-06-28 14:21:48,754] {logging_mixin.py:109} INFO - [2022-06-28 14:21:48,754] {dag.py:2937} INFO - Setting next_dagrun for example_subdag_operator.section-1 to None
[2022-06-28 14:21:48,754] {logging_mixin.py:109} INFO - [2022-06-28 14:21:48,754] {dag.py:2937} INFO - Setting next_dagrun for example_subdag_operator.section-2 to None
[2022-06-28 14:21:48,757] {logging_mixin.py:109} INFO - [2022-06-28 14:21:48,757] {dag.py:2398} INFO - Sync 2 DAGs
[2022-06-28 14:21:48,763] {logging_mixin.py:109} INFO - [2022-06-28 14:21:48,763] {dag.py:2937} INFO - Setting next_dagrun for example_subdag_operator.section-1 to None
[2022-06-28 14:21:48,763] {logging_mixin.py:109} INFO - [2022-06-28 14:21:48,763] {dag.py:2937} INFO - Setting next_dagrun for example_subdag_operator.section-2 to None
[2022-06-28 14:21:48,768] {processor.py:171} INFO - Processing /home/airflow/.local/lib/python3.7/site-packages/airflow/example_dags/example_subdag_operator.py took 0.056 seconds
[2022-06-28 14:22:19,712] {processor.py:163} INFO - Started process (PID=817) to work on /home/airflow/.local/lib/python3.7/site-packages/airflow/example_dags/example_subdag_operator.py
[2022-06-28 14:22:19,713] {processor.py:642} INFO - Processing file /home/airflow/.local/lib/python3.7/site-packages/airflow/example_dags/example_subdag_operator.py for tasks to queue
[2022-06-28 14:22:19,713] {logging_mixin.py:109} INFO - [2022-06-28 14:22:19,713] {dagbag.py:500} INFO - Filling up the DagBag from /home/airflow/.local/lib/python3.7/site-packages/airflow/example_dags/example_subdag_operator.py
[2022-06-28 14:22:19,736] {processor.py:652} INFO - DAG(s) dict_keys(['example_subdag_operator.section-1', 'example_subdag_operator.section-2', 'example_subdag_operator']) retrieved from /home/airflow/.local/lib/python3.7/site-packages/airflow/example_dags/example_subdag_operator.py
[2022-06-28 14:22:19,743] {logging_mixin.py:109} INFO - [2022-06-28 14:22:19,743] {dag.py:2398} INFO - Sync 3 DAGs
[2022-06-28 14:22:19,753] {logging_mixin.py:109} INFO - [2022-06-28 14:22:19,753] {dag.py:2937} INFO - Setting next_dagrun for example_subdag_operator to 2022-06-26T00:00:00+00:00
[2022-06-28 14:22:19,753] {logging_mixin.py:109} INFO - [2022-06-28 14:22:19,753] {dag.py:2937} INFO - Setting next_dagrun for example_subdag_operator.section-1 to None
[2022-06-28 14:22:19,753] {logging_mixin.py:109} INFO - [2022-06-28 14:22:19,753] {dag.py:2937} INFO - Setting next_dagrun for example_subdag_operator.section-2 to None
[2022-06-28 14:22:19,756] {logging_mixin.py:109} INFO - [2022-06-28 14:22:19,756] {dag.py:2398} INFO - Sync 2 DAGs
[2022-06-28 14:22:19,762] {logging_mixin.py:109} INFO - [2022-06-28 14:22:19,762] {dag.py:2937} INFO - Setting next_dagrun for example_subdag_operator.section-1 to None
[2022-06-28 14:22:19,762] {logging_mixin.py:109} INFO - [2022-06-28 14:22:19,762] {dag.py:2937} INFO - Setting next_dagrun for example_subdag_operator.section-2 to None
[2022-06-28 14:22:19,766] {processor.py:171} INFO - Processing /home/airflow/.local/lib/python3.7/site-packages/airflow/example_dags/example_subdag_operator.py took 0.056 seconds
[2022-06-28 14:22:50,487] {processor.py:163} INFO - Started process (PID=888) to work on /home/airflow/.local/lib/python3.7/site-packages/airflow/example_dags/example_subdag_operator.py
[2022-06-28 14:22:50,488] {processor.py:642} INFO - Processing file /home/airflow/.local/lib/python3.7/site-packages/airflow/example_dags/example_subdag_operator.py for tasks to queue
[2022-06-28 14:22:50,488] {logging_mixin.py:109} INFO - [2022-06-28 14:22:50,488] {dagbag.py:500} INFO - Filling up the DagBag from /home/airflow/.local/lib/python3.7/site-packages/airflow/example_dags/example_subdag_operator.py
[2022-06-28 14:22:50,507] {processor.py:652} INFO - DAG(s) dict_keys(['example_subdag_operator.section-1', 'example_subdag_operator.section-2', 'example_subdag_operator']) retrieved from /home/airflow/.local/lib/python3.7/site-packages/airflow/example_dags/example_subdag_operator.py
[2022-06-28 14:22:50,514] {logging_mixin.py:109} INFO - [2022-06-28 14:22:50,514] {dag.py:2398} INFO - Sync 3 DAGs
[2022-06-28 14:22:50,524] {logging_mixin.py:109} INFO - [2022-06-28 14:22:50,524] {dag.py:2937} INFO - Setting next_dagrun for example_subdag_operator to 2022-06-26T00:00:00+00:00
[2022-06-28 14:22:50,524] {logging_mixin.py:109} INFO - [2022-06-28 14:22:50,524] {dag.py:2937} INFO - Setting next_dagrun for example_subdag_operator.section-1 to None
[2022-06-28 14:22:50,524] {logging_mixin.py:109} INFO - [2022-06-28 14:22:50,524] {dag.py:2937} INFO - Setting next_dagrun for example_subdag_operator.section-2 to None
[2022-06-28 14:22:50,528] {logging_mixin.py:109} INFO - [2022-06-28 14:22:50,528] {dag.py:2398} INFO - Sync 2 DAGs
[2022-06-28 14:22:50,534] {logging_mixin.py:109} INFO - [2022-06-28 14:22:50,534] {dag.py:2937} INFO - Setting next_dagrun for example_subdag_operator.section-1 to None
[2022-06-28 14:22:50,534] {logging_mixin.py:109} INFO - [2022-06-28 14:22:50,534] {dag.py:2937} INFO - Setting next_dagrun for example_subdag_operator.section-2 to None
[2022-06-28 14:22:50,539] {processor.py:171} INFO - Processing /home/airflow/.local/lib/python3.7/site-packages/airflow/example_dags/example_subdag_operator.py took 0.053 seconds
[2022-06-28 14:23:21,119] {processor.py:163} INFO - Started process (PID=956) to work on /home/airflow/.local/lib/python3.7/site-packages/airflow/example_dags/example_subdag_operator.py
[2022-06-28 14:23:21,120] {processor.py:642} INFO - Processing file /home/airflow/.local/lib/python3.7/site-packages/airflow/example_dags/example_subdag_operator.py for tasks to queue
[2022-06-28 14:23:21,120] {logging_mixin.py:109} INFO - [2022-06-28 14:23:21,120] {dagbag.py:500} INFO - Filling up the DagBag from /home/airflow/.local/lib/python3.7/site-packages/airflow/example_dags/example_subdag_operator.py
[2022-06-28 14:23:21,140] {processor.py:652} INFO - DAG(s) dict_keys(['example_subdag_operator.section-1', 'example_subdag_operator.section-2', 'example_subdag_operator']) retrieved from /home/airflow/.local/lib/python3.7/site-packages/airflow/example_dags/example_subdag_operator.py
[2022-06-28 14:23:21,147] {logging_mixin.py:109} INFO - [2022-06-28 14:23:21,147] {dag.py:2398} INFO - Sync 3 DAGs
[2022-06-28 14:23:21,158] {logging_mixin.py:109} INFO - [2022-06-28 14:23:21,158] {dag.py:2937} INFO - Setting next_dagrun for example_subdag_operator to 2022-06-26T00:00:00+00:00
[2022-06-28 14:23:21,158] {logging_mixin.py:109} INFO - [2022-06-28 14:23:21,158] {dag.py:2937} INFO - Setting next_dagrun for example_subdag_operator.section-1 to None
[2022-06-28 14:23:21,158] {logging_mixin.py:109} INFO - [2022-06-28 14:23:21,158] {dag.py:2937} INFO - Setting next_dagrun for example_subdag_operator.section-2 to None
[2022-06-28 14:23:21,161] {logging_mixin.py:109} INFO - [2022-06-28 14:23:21,161] {dag.py:2398} INFO - Sync 2 DAGs
[2022-06-28 14:23:21,167] {logging_mixin.py:109} INFO - [2022-06-28 14:23:21,167] {dag.py:2937} INFO - Setting next_dagrun for example_subdag_operator.section-1 to None
[2022-06-28 14:23:21,167] {logging_mixin.py:109} INFO - [2022-06-28 14:23:21,167] {dag.py:2937} INFO - Setting next_dagrun for example_subdag_operator.section-2 to None
[2022-06-28 14:23:21,172] {processor.py:171} INFO - Processing /home/airflow/.local/lib/python3.7/site-packages/airflow/example_dags/example_subdag_operator.py took 0.054 seconds
[2022-06-28 14:23:52,697] {processor.py:163} INFO - Started process (PID=1020) to work on /home/airflow/.local/lib/python3.7/site-packages/airflow/example_dags/example_subdag_operator.py
[2022-06-28 14:23:52,697] {processor.py:642} INFO - Processing file /home/airflow/.local/lib/python3.7/site-packages/airflow/example_dags/example_subdag_operator.py for tasks to queue
[2022-06-28 14:23:52,698] {logging_mixin.py:109} INFO - [2022-06-28 14:23:52,698] {dagbag.py:500} INFO - Filling up the DagBag from /home/airflow/.local/lib/python3.7/site-packages/airflow/example_dags/example_subdag_operator.py
[2022-06-28 14:23:52,718] {processor.py:652} INFO - DAG(s) dict_keys(['example_subdag_operator.section-1', 'example_subdag_operator.section-2', 'example_subdag_operator']) retrieved from /home/airflow/.local/lib/python3.7/site-packages/airflow/example_dags/example_subdag_operator.py
[2022-06-28 14:23:52,725] {logging_mixin.py:109} INFO - [2022-06-28 14:23:52,725] {dag.py:2398} INFO - Sync 3 DAGs
[2022-06-28 14:23:52,738] {logging_mixin.py:109} INFO - [2022-06-28 14:23:52,738] {dag.py:2937} INFO - Setting next_dagrun for example_subdag_operator to 2022-06-26T00:00:00+00:00
[2022-06-28 14:23:52,739] {logging_mixin.py:109} INFO - [2022-06-28 14:23:52,739] {dag.py:2937} INFO - Setting next_dagrun for example_subdag_operator.section-1 to None
[2022-06-28 14:23:52,739] {logging_mixin.py:109} INFO - [2022-06-28 14:23:52,739] {dag.py:2937} INFO - Setting next_dagrun for example_subdag_operator.section-2 to None
[2022-06-28 14:23:52,744] {logging_mixin.py:109} INFO - [2022-06-28 14:23:52,744] {dag.py:2398} INFO - Sync 2 DAGs
[2022-06-28 14:23:52,751] {logging_mixin.py:109} INFO - [2022-06-28 14:23:52,751] {dag.py:2937} INFO - Setting next_dagrun for example_subdag_operator.section-1 to None
[2022-06-28 14:23:52,752] {logging_mixin.py:109} INFO - [2022-06-28 14:23:52,752] {dag.py:2937} INFO - Setting next_dagrun for example_subdag_operator.section-2 to None
[2022-06-28 14:23:52,757] {processor.py:171} INFO - Processing /home/airflow/.local/lib/python3.7/site-packages/airflow/example_dags/example_subdag_operator.py took 0.062 seconds
[2022-06-28 16:24:48,940] {processor.py:163} INFO - Started process (PID=1091) to work on /home/airflow/.local/lib/python3.7/site-packages/airflow/example_dags/example_subdag_operator.py
[2022-06-28 16:24:48,941] {processor.py:642} INFO - Processing file /home/airflow/.local/lib/python3.7/site-packages/airflow/example_dags/example_subdag_operator.py for tasks to queue
[2022-06-28 16:24:48,942] {logging_mixin.py:109} INFO - [2022-06-28 16:24:48,942] {dagbag.py:500} INFO - Filling up the DagBag from /home/airflow/.local/lib/python3.7/site-packages/airflow/example_dags/example_subdag_operator.py
[2022-06-28 16:24:49,003] {processor.py:652} INFO - DAG(s) dict_keys(['example_subdag_operator.section-1', 'example_subdag_operator.section-2', 'example_subdag_operator']) retrieved from /home/airflow/.local/lib/python3.7/site-packages/airflow/example_dags/example_subdag_operator.py
[2022-06-28 16:24:49,013] {logging_mixin.py:109} INFO - [2022-06-28 16:24:49,013] {dag.py:2398} INFO - Sync 3 DAGs
[2022-06-28 16:24:49,029] {logging_mixin.py:109} INFO - [2022-06-28 16:24:49,029] {dag.py:2937} INFO - Setting next_dagrun for example_subdag_operator to 2022-06-26T00:00:00+00:00
[2022-06-28 16:24:49,029] {logging_mixin.py:109} INFO - [2022-06-28 16:24:49,029] {dag.py:2937} INFO - Setting next_dagrun for example_subdag_operator.section-1 to None
[2022-06-28 16:24:49,029] {logging_mixin.py:109} INFO - [2022-06-28 16:24:49,029] {dag.py:2937} INFO - Setting next_dagrun for example_subdag_operator.section-2 to None
[2022-06-28 16:24:49,035] {logging_mixin.py:109} INFO - [2022-06-28 16:24:49,035] {dag.py:2398} INFO - Sync 2 DAGs
[2022-06-28 16:24:49,044] {logging_mixin.py:109} INFO - [2022-06-28 16:24:49,044] {dag.py:2937} INFO - Setting next_dagrun for example_subdag_operator.section-1 to None
[2022-06-28 16:24:49,044] {logging_mixin.py:109} INFO - [2022-06-28 16:24:49,044] {dag.py:2937} INFO - Setting next_dagrun for example_subdag_operator.section-2 to None
[2022-06-28 16:24:49,071] {processor.py:171} INFO - Processing /home/airflow/.local/lib/python3.7/site-packages/airflow/example_dags/example_subdag_operator.py took 0.133 seconds
