[2022-06-28 14:16:42,586] {processor.py:163} INFO - Started process (PID=86) to work on /home/airflow/.local/lib/python3.7/site-packages/airflow/example_dags/example_kubernetes_executor.py
[2022-06-28 14:16:42,586] {processor.py:642} INFO - Processing file /home/airflow/.local/lib/python3.7/site-packages/airflow/example_dags/example_kubernetes_executor.py for tasks to queue
[2022-06-28 14:16:42,587] {logging_mixin.py:109} INFO - [2022-06-28 14:16:42,587] {dagbag.py:500} INFO - Filling up the DagBag from /home/airflow/.local/lib/python3.7/site-packages/airflow/example_dags/example_kubernetes_executor.py
[2022-06-28 14:16:42,607] {processor.py:652} INFO - DAG(s) dict_keys(['example_kubernetes_executor']) retrieved from /home/airflow/.local/lib/python3.7/site-packages/airflow/example_dags/example_kubernetes_executor.py
[2022-06-28 14:16:42,624] {logging_mixin.py:109} INFO - [2022-06-28 14:16:42,624] {dag.py:2398} INFO - Sync 1 DAGs
[2022-06-28 14:16:42,637] {logging_mixin.py:109} INFO - [2022-06-28 14:16:42,637] {dag.py:2937} INFO - Setting next_dagrun for example_kubernetes_executor to None
[2022-06-28 14:16:42,645] {processor.py:171} INFO - Processing /home/airflow/.local/lib/python3.7/site-packages/airflow/example_dags/example_kubernetes_executor.py took 0.061 seconds
[2022-06-28 14:17:12,735] {processor.py:163} INFO - Started process (PID=155) to work on /home/airflow/.local/lib/python3.7/site-packages/airflow/example_dags/example_kubernetes_executor.py
[2022-06-28 14:17:12,736] {processor.py:642} INFO - Processing file /home/airflow/.local/lib/python3.7/site-packages/airflow/example_dags/example_kubernetes_executor.py for tasks to queue
[2022-06-28 14:17:12,736] {logging_mixin.py:109} INFO - [2022-06-28 14:17:12,736] {dagbag.py:500} INFO - Filling up the DagBag from /home/airflow/.local/lib/python3.7/site-packages/airflow/example_dags/example_kubernetes_executor.py
[2022-06-28 14:17:12,750] {processor.py:652} INFO - DAG(s) dict_keys(['example_kubernetes_executor']) retrieved from /home/airflow/.local/lib/python3.7/site-packages/airflow/example_dags/example_kubernetes_executor.py
[2022-06-28 14:17:12,763] {logging_mixin.py:109} INFO - [2022-06-28 14:17:12,763] {dag.py:2398} INFO - Sync 1 DAGs
[2022-06-28 14:17:12,773] {logging_mixin.py:109} INFO - [2022-06-28 14:17:12,773] {dag.py:2937} INFO - Setting next_dagrun for example_kubernetes_executor to None
[2022-06-28 14:17:12,778] {processor.py:171} INFO - Processing /home/airflow/.local/lib/python3.7/site-packages/airflow/example_dags/example_kubernetes_executor.py took 0.044 seconds
[2022-06-28 14:17:43,604] {processor.py:163} INFO - Started process (PID=225) to work on /home/airflow/.local/lib/python3.7/site-packages/airflow/example_dags/example_kubernetes_executor.py
[2022-06-28 14:17:43,604] {processor.py:642} INFO - Processing file /home/airflow/.local/lib/python3.7/site-packages/airflow/example_dags/example_kubernetes_executor.py for tasks to queue
[2022-06-28 14:17:43,605] {logging_mixin.py:109} INFO - [2022-06-28 14:17:43,605] {dagbag.py:500} INFO - Filling up the DagBag from /home/airflow/.local/lib/python3.7/site-packages/airflow/example_dags/example_kubernetes_executor.py
[2022-06-28 14:17:43,619] {processor.py:652} INFO - DAG(s) dict_keys(['example_kubernetes_executor']) retrieved from /home/airflow/.local/lib/python3.7/site-packages/airflow/example_dags/example_kubernetes_executor.py
[2022-06-28 14:17:43,632] {logging_mixin.py:109} INFO - [2022-06-28 14:17:43,632] {dag.py:2398} INFO - Sync 1 DAGs
[2022-06-28 14:17:43,642] {logging_mixin.py:109} INFO - [2022-06-28 14:17:43,642] {dag.py:2937} INFO - Setting next_dagrun for example_kubernetes_executor to None
[2022-06-28 14:17:43,648] {processor.py:171} INFO - Processing /home/airflow/.local/lib/python3.7/site-packages/airflow/example_dags/example_kubernetes_executor.py took 0.046 seconds
[2022-06-28 14:18:14,397] {processor.py:163} INFO - Started process (PID=295) to work on /home/airflow/.local/lib/python3.7/site-packages/airflow/example_dags/example_kubernetes_executor.py
[2022-06-28 14:18:14,397] {processor.py:642} INFO - Processing file /home/airflow/.local/lib/python3.7/site-packages/airflow/example_dags/example_kubernetes_executor.py for tasks to queue
[2022-06-28 14:18:14,397] {logging_mixin.py:109} INFO - [2022-06-28 14:18:14,397] {dagbag.py:500} INFO - Filling up the DagBag from /home/airflow/.local/lib/python3.7/site-packages/airflow/example_dags/example_kubernetes_executor.py
[2022-06-28 14:18:14,409] {processor.py:652} INFO - DAG(s) dict_keys(['example_kubernetes_executor']) retrieved from /home/airflow/.local/lib/python3.7/site-packages/airflow/example_dags/example_kubernetes_executor.py
[2022-06-28 14:18:14,423] {logging_mixin.py:109} INFO - [2022-06-28 14:18:14,423] {dag.py:2398} INFO - Sync 1 DAGs
[2022-06-28 14:18:14,436] {logging_mixin.py:109} INFO - [2022-06-28 14:18:14,436] {dag.py:2937} INFO - Setting next_dagrun for example_kubernetes_executor to None
[2022-06-28 14:18:14,443] {processor.py:171} INFO - Processing /home/airflow/.local/lib/python3.7/site-packages/airflow/example_dags/example_kubernetes_executor.py took 0.048 seconds
[2022-06-28 14:18:45,076] {processor.py:163} INFO - Started process (PID=356) to work on /home/airflow/.local/lib/python3.7/site-packages/airflow/example_dags/example_kubernetes_executor.py
[2022-06-28 14:18:45,077] {processor.py:642} INFO - Processing file /home/airflow/.local/lib/python3.7/site-packages/airflow/example_dags/example_kubernetes_executor.py for tasks to queue
[2022-06-28 14:18:45,077] {logging_mixin.py:109} INFO - [2022-06-28 14:18:45,077] {dagbag.py:500} INFO - Filling up the DagBag from /home/airflow/.local/lib/python3.7/site-packages/airflow/example_dags/example_kubernetes_executor.py
[2022-06-28 14:18:45,090] {processor.py:652} INFO - DAG(s) dict_keys(['example_kubernetes_executor']) retrieved from /home/airflow/.local/lib/python3.7/site-packages/airflow/example_dags/example_kubernetes_executor.py
[2022-06-28 14:18:45,106] {logging_mixin.py:109} INFO - [2022-06-28 14:18:45,106] {dag.py:2398} INFO - Sync 1 DAGs
[2022-06-28 14:18:45,118] {logging_mixin.py:109} INFO - [2022-06-28 14:18:45,118] {dag.py:2937} INFO - Setting next_dagrun for example_kubernetes_executor to None
[2022-06-28 14:18:45,126] {processor.py:171} INFO - Processing /home/airflow/.local/lib/python3.7/site-packages/airflow/example_dags/example_kubernetes_executor.py took 0.051 seconds
[2022-06-28 14:19:15,806] {processor.py:163} INFO - Started process (PID=426) to work on /home/airflow/.local/lib/python3.7/site-packages/airflow/example_dags/example_kubernetes_executor.py
[2022-06-28 14:19:15,807] {processor.py:642} INFO - Processing file /home/airflow/.local/lib/python3.7/site-packages/airflow/example_dags/example_kubernetes_executor.py for tasks to queue
[2022-06-28 14:19:15,807] {logging_mixin.py:109} INFO - [2022-06-28 14:19:15,807] {dagbag.py:500} INFO - Filling up the DagBag from /home/airflow/.local/lib/python3.7/site-packages/airflow/example_dags/example_kubernetes_executor.py
[2022-06-28 14:19:15,821] {processor.py:652} INFO - DAG(s) dict_keys(['example_kubernetes_executor']) retrieved from /home/airflow/.local/lib/python3.7/site-packages/airflow/example_dags/example_kubernetes_executor.py
[2022-06-28 14:19:15,839] {logging_mixin.py:109} INFO - [2022-06-28 14:19:15,839] {dag.py:2398} INFO - Sync 1 DAGs
[2022-06-28 14:19:15,852] {logging_mixin.py:109} INFO - [2022-06-28 14:19:15,852] {dag.py:2937} INFO - Setting next_dagrun for example_kubernetes_executor to None
[2022-06-28 14:19:15,859] {processor.py:171} INFO - Processing /home/airflow/.local/lib/python3.7/site-packages/airflow/example_dags/example_kubernetes_executor.py took 0.055 seconds
[2022-06-28 14:19:46,562] {processor.py:163} INFO - Started process (PID=496) to work on /home/airflow/.local/lib/python3.7/site-packages/airflow/example_dags/example_kubernetes_executor.py
[2022-06-28 14:19:46,563] {processor.py:642} INFO - Processing file /home/airflow/.local/lib/python3.7/site-packages/airflow/example_dags/example_kubernetes_executor.py for tasks to queue
[2022-06-28 14:19:46,563] {logging_mixin.py:109} INFO - [2022-06-28 14:19:46,563] {dagbag.py:500} INFO - Filling up the DagBag from /home/airflow/.local/lib/python3.7/site-packages/airflow/example_dags/example_kubernetes_executor.py
[2022-06-28 14:19:46,577] {processor.py:652} INFO - DAG(s) dict_keys(['example_kubernetes_executor']) retrieved from /home/airflow/.local/lib/python3.7/site-packages/airflow/example_dags/example_kubernetes_executor.py
[2022-06-28 14:19:46,591] {logging_mixin.py:109} INFO - [2022-06-28 14:19:46,591] {dag.py:2398} INFO - Sync 1 DAGs
[2022-06-28 14:19:46,602] {logging_mixin.py:109} INFO - [2022-06-28 14:19:46,601] {dag.py:2937} INFO - Setting next_dagrun for example_kubernetes_executor to None
[2022-06-28 14:19:46,607] {processor.py:171} INFO - Processing /home/airflow/.local/lib/python3.7/site-packages/airflow/example_dags/example_kubernetes_executor.py took 0.046 seconds
[2022-06-28 14:20:17,369] {processor.py:163} INFO - Started process (PID=557) to work on /home/airflow/.local/lib/python3.7/site-packages/airflow/example_dags/example_kubernetes_executor.py
[2022-06-28 14:20:17,370] {processor.py:642} INFO - Processing file /home/airflow/.local/lib/python3.7/site-packages/airflow/example_dags/example_kubernetes_executor.py for tasks to queue
[2022-06-28 14:20:17,371] {logging_mixin.py:109} INFO - [2022-06-28 14:20:17,371] {dagbag.py:500} INFO - Filling up the DagBag from /home/airflow/.local/lib/python3.7/site-packages/airflow/example_dags/example_kubernetes_executor.py
[2022-06-28 14:20:17,389] {processor.py:652} INFO - DAG(s) dict_keys(['example_kubernetes_executor']) retrieved from /home/airflow/.local/lib/python3.7/site-packages/airflow/example_dags/example_kubernetes_executor.py
[2022-06-28 14:20:17,407] {logging_mixin.py:109} INFO - [2022-06-28 14:20:17,407] {dag.py:2398} INFO - Sync 1 DAGs
[2022-06-28 14:20:17,421] {logging_mixin.py:109} INFO - [2022-06-28 14:20:17,421] {dag.py:2937} INFO - Setting next_dagrun for example_kubernetes_executor to None
[2022-06-28 14:20:17,428] {processor.py:171} INFO - Processing /home/airflow/.local/lib/python3.7/site-packages/airflow/example_dags/example_kubernetes_executor.py took 0.061 seconds
[2022-06-28 14:20:48,135] {processor.py:163} INFO - Started process (PID=629) to work on /home/airflow/.local/lib/python3.7/site-packages/airflow/example_dags/example_kubernetes_executor.py
[2022-06-28 14:20:48,136] {processor.py:642} INFO - Processing file /home/airflow/.local/lib/python3.7/site-packages/airflow/example_dags/example_kubernetes_executor.py for tasks to queue
[2022-06-28 14:20:48,136] {logging_mixin.py:109} INFO - [2022-06-28 14:20:48,136] {dagbag.py:500} INFO - Filling up the DagBag from /home/airflow/.local/lib/python3.7/site-packages/airflow/example_dags/example_kubernetes_executor.py
[2022-06-28 14:20:48,150] {processor.py:652} INFO - DAG(s) dict_keys(['example_kubernetes_executor']) retrieved from /home/airflow/.local/lib/python3.7/site-packages/airflow/example_dags/example_kubernetes_executor.py
[2022-06-28 14:20:48,164] {logging_mixin.py:109} INFO - [2022-06-28 14:20:48,164] {dag.py:2398} INFO - Sync 1 DAGs
[2022-06-28 14:20:48,174] {logging_mixin.py:109} INFO - [2022-06-28 14:20:48,174] {dag.py:2937} INFO - Setting next_dagrun for example_kubernetes_executor to None
[2022-06-28 14:20:48,180] {processor.py:171} INFO - Processing /home/airflow/.local/lib/python3.7/site-packages/airflow/example_dags/example_kubernetes_executor.py took 0.046 seconds
[2022-06-28 14:21:18,812] {processor.py:163} INFO - Started process (PID=699) to work on /home/airflow/.local/lib/python3.7/site-packages/airflow/example_dags/example_kubernetes_executor.py
[2022-06-28 14:21:18,812] {processor.py:642} INFO - Processing file /home/airflow/.local/lib/python3.7/site-packages/airflow/example_dags/example_kubernetes_executor.py for tasks to queue
[2022-06-28 14:21:18,813] {logging_mixin.py:109} INFO - [2022-06-28 14:21:18,813] {dagbag.py:500} INFO - Filling up the DagBag from /home/airflow/.local/lib/python3.7/site-packages/airflow/example_dags/example_kubernetes_executor.py
[2022-06-28 14:21:18,825] {processor.py:652} INFO - DAG(s) dict_keys(['example_kubernetes_executor']) retrieved from /home/airflow/.local/lib/python3.7/site-packages/airflow/example_dags/example_kubernetes_executor.py
[2022-06-28 14:21:18,839] {logging_mixin.py:109} INFO - [2022-06-28 14:21:18,839] {dag.py:2398} INFO - Sync 1 DAGs
[2022-06-28 14:21:18,850] {logging_mixin.py:109} INFO - [2022-06-28 14:21:18,850] {dag.py:2937} INFO - Setting next_dagrun for example_kubernetes_executor to None
[2022-06-28 14:21:18,855] {processor.py:171} INFO - Processing /home/airflow/.local/lib/python3.7/site-packages/airflow/example_dags/example_kubernetes_executor.py took 0.046 seconds
[2022-06-28 14:21:49,761] {processor.py:163} INFO - Started process (PID=773) to work on /home/airflow/.local/lib/python3.7/site-packages/airflow/example_dags/example_kubernetes_executor.py
[2022-06-28 14:21:49,761] {processor.py:642} INFO - Processing file /home/airflow/.local/lib/python3.7/site-packages/airflow/example_dags/example_kubernetes_executor.py for tasks to queue
[2022-06-28 14:21:49,762] {logging_mixin.py:109} INFO - [2022-06-28 14:21:49,762] {dagbag.py:500} INFO - Filling up the DagBag from /home/airflow/.local/lib/python3.7/site-packages/airflow/example_dags/example_kubernetes_executor.py
[2022-06-28 14:21:49,779] {processor.py:652} INFO - DAG(s) dict_keys(['example_kubernetes_executor']) retrieved from /home/airflow/.local/lib/python3.7/site-packages/airflow/example_dags/example_kubernetes_executor.py
[2022-06-28 14:21:49,797] {logging_mixin.py:109} INFO - [2022-06-28 14:21:49,797] {dag.py:2398} INFO - Sync 1 DAGs
[2022-06-28 14:21:49,810] {logging_mixin.py:109} INFO - [2022-06-28 14:21:49,810] {dag.py:2937} INFO - Setting next_dagrun for example_kubernetes_executor to None
[2022-06-28 14:21:49,817] {processor.py:171} INFO - Processing /home/airflow/.local/lib/python3.7/site-packages/airflow/example_dags/example_kubernetes_executor.py took 0.058 seconds
[2022-06-28 14:22:20,540] {processor.py:163} INFO - Started process (PID=834) to work on /home/airflow/.local/lib/python3.7/site-packages/airflow/example_dags/example_kubernetes_executor.py
[2022-06-28 14:22:20,541] {processor.py:642} INFO - Processing file /home/airflow/.local/lib/python3.7/site-packages/airflow/example_dags/example_kubernetes_executor.py for tasks to queue
[2022-06-28 14:22:20,541] {logging_mixin.py:109} INFO - [2022-06-28 14:22:20,541] {dagbag.py:500} INFO - Filling up the DagBag from /home/airflow/.local/lib/python3.7/site-packages/airflow/example_dags/example_kubernetes_executor.py
[2022-06-28 14:22:20,554] {processor.py:652} INFO - DAG(s) dict_keys(['example_kubernetes_executor']) retrieved from /home/airflow/.local/lib/python3.7/site-packages/airflow/example_dags/example_kubernetes_executor.py
[2022-06-28 14:22:20,568] {logging_mixin.py:109} INFO - [2022-06-28 14:22:20,568] {dag.py:2398} INFO - Sync 1 DAGs
[2022-06-28 14:22:20,580] {logging_mixin.py:109} INFO - [2022-06-28 14:22:20,580] {dag.py:2937} INFO - Setting next_dagrun for example_kubernetes_executor to None
[2022-06-28 14:22:20,587] {processor.py:171} INFO - Processing /home/airflow/.local/lib/python3.7/site-packages/airflow/example_dags/example_kubernetes_executor.py took 0.048 seconds
[2022-06-28 14:22:51,317] {processor.py:163} INFO - Started process (PID=905) to work on /home/airflow/.local/lib/python3.7/site-packages/airflow/example_dags/example_kubernetes_executor.py
[2022-06-28 14:22:51,318] {processor.py:642} INFO - Processing file /home/airflow/.local/lib/python3.7/site-packages/airflow/example_dags/example_kubernetes_executor.py for tasks to queue
[2022-06-28 14:22:51,318] {logging_mixin.py:109} INFO - [2022-06-28 14:22:51,318] {dagbag.py:500} INFO - Filling up the DagBag from /home/airflow/.local/lib/python3.7/site-packages/airflow/example_dags/example_kubernetes_executor.py
[2022-06-28 14:22:51,330] {processor.py:652} INFO - DAG(s) dict_keys(['example_kubernetes_executor']) retrieved from /home/airflow/.local/lib/python3.7/site-packages/airflow/example_dags/example_kubernetes_executor.py
[2022-06-28 14:22:51,345] {logging_mixin.py:109} INFO - [2022-06-28 14:22:51,345] {dag.py:2398} INFO - Sync 1 DAGs
[2022-06-28 14:22:51,354] {logging_mixin.py:109} INFO - [2022-06-28 14:22:51,354] {dag.py:2937} INFO - Setting next_dagrun for example_kubernetes_executor to None
[2022-06-28 14:22:51,360] {processor.py:171} INFO - Processing /home/airflow/.local/lib/python3.7/site-packages/airflow/example_dags/example_kubernetes_executor.py took 0.045 seconds
[2022-06-28 14:23:22,048] {processor.py:163} INFO - Started process (PID=975) to work on /home/airflow/.local/lib/python3.7/site-packages/airflow/example_dags/example_kubernetes_executor.py
[2022-06-28 14:23:22,049] {processor.py:642} INFO - Processing file /home/airflow/.local/lib/python3.7/site-packages/airflow/example_dags/example_kubernetes_executor.py for tasks to queue
[2022-06-28 14:23:22,049] {logging_mixin.py:109} INFO - [2022-06-28 14:23:22,049] {dagbag.py:500} INFO - Filling up the DagBag from /home/airflow/.local/lib/python3.7/site-packages/airflow/example_dags/example_kubernetes_executor.py
[2022-06-28 14:23:22,067] {processor.py:652} INFO - DAG(s) dict_keys(['example_kubernetes_executor']) retrieved from /home/airflow/.local/lib/python3.7/site-packages/airflow/example_dags/example_kubernetes_executor.py
[2022-06-28 14:23:22,089] {logging_mixin.py:109} INFO - [2022-06-28 14:23:22,089] {dag.py:2398} INFO - Sync 1 DAGs
[2022-06-28 14:23:22,102] {logging_mixin.py:109} INFO - [2022-06-28 14:23:22,102] {dag.py:2937} INFO - Setting next_dagrun for example_kubernetes_executor to None
[2022-06-28 14:23:22,109] {processor.py:171} INFO - Processing /home/airflow/.local/lib/python3.7/site-packages/airflow/example_dags/example_kubernetes_executor.py took 0.064 seconds
[2022-06-28 14:23:53,551] {processor.py:163} INFO - Started process (PID=1037) to work on /home/airflow/.local/lib/python3.7/site-packages/airflow/example_dags/example_kubernetes_executor.py
[2022-06-28 14:23:53,552] {processor.py:642} INFO - Processing file /home/airflow/.local/lib/python3.7/site-packages/airflow/example_dags/example_kubernetes_executor.py for tasks to queue
[2022-06-28 14:23:53,552] {logging_mixin.py:109} INFO - [2022-06-28 14:23:53,552] {dagbag.py:500} INFO - Filling up the DagBag from /home/airflow/.local/lib/python3.7/site-packages/airflow/example_dags/example_kubernetes_executor.py
[2022-06-28 14:23:53,571] {processor.py:652} INFO - DAG(s) dict_keys(['example_kubernetes_executor']) retrieved from /home/airflow/.local/lib/python3.7/site-packages/airflow/example_dags/example_kubernetes_executor.py
[2022-06-28 14:23:53,589] {logging_mixin.py:109} INFO - [2022-06-28 14:23:53,589] {dag.py:2398} INFO - Sync 1 DAGs
[2022-06-28 14:23:53,602] {logging_mixin.py:109} INFO - [2022-06-28 14:23:53,602] {dag.py:2937} INFO - Setting next_dagrun for example_kubernetes_executor to None
[2022-06-28 14:23:53,610] {processor.py:171} INFO - Processing /home/airflow/.local/lib/python3.7/site-packages/airflow/example_dags/example_kubernetes_executor.py took 0.062 seconds
[2022-06-28 16:24:50,239] {processor.py:163} INFO - Started process (PID=1108) to work on /home/airflow/.local/lib/python3.7/site-packages/airflow/example_dags/example_kubernetes_executor.py
[2022-06-28 16:24:50,240] {processor.py:642} INFO - Processing file /home/airflow/.local/lib/python3.7/site-packages/airflow/example_dags/example_kubernetes_executor.py for tasks to queue
[2022-06-28 16:24:50,241] {logging_mixin.py:109} INFO - [2022-06-28 16:24:50,241] {dagbag.py:500} INFO - Filling up the DagBag from /home/airflow/.local/lib/python3.7/site-packages/airflow/example_dags/example_kubernetes_executor.py
[2022-06-28 16:24:50,260] {processor.py:652} INFO - DAG(s) dict_keys(['example_kubernetes_executor']) retrieved from /home/airflow/.local/lib/python3.7/site-packages/airflow/example_dags/example_kubernetes_executor.py
[2022-06-28 16:24:50,288] {logging_mixin.py:109} INFO - [2022-06-28 16:24:50,288] {dag.py:2398} INFO - Sync 1 DAGs
[2022-06-28 16:24:50,302] {logging_mixin.py:109} INFO - [2022-06-28 16:24:50,302] {dag.py:2937} INFO - Setting next_dagrun for example_kubernetes_executor to None
[2022-06-28 16:24:50,315] {processor.py:171} INFO - Processing /home/airflow/.local/lib/python3.7/site-packages/airflow/example_dags/example_kubernetes_executor.py took 0.078 seconds
