[2022-06-28 14:16:42,382] {processor.py:163} INFO - Started process (PID=82) to work on /home/airflow/.local/lib/python3.7/site-packages/airflow/example_dags/example_complex.py
[2022-06-28 14:16:42,382] {processor.py:642} INFO - Processing file /home/airflow/.local/lib/python3.7/site-packages/airflow/example_dags/example_complex.py for tasks to queue
[2022-06-28 14:16:42,383] {logging_mixin.py:109} INFO - [2022-06-28 14:16:42,383] {dagbag.py:500} INFO - Filling up the DagBag from /home/airflow/.local/lib/python3.7/site-packages/airflow/example_dags/example_complex.py
[2022-06-28 14:16:42,407] {processor.py:652} INFO - DAG(s) dict_keys(['example_complex']) retrieved from /home/airflow/.local/lib/python3.7/site-packages/airflow/example_dags/example_complex.py
[2022-06-28 14:16:42,428] {logging_mixin.py:109} INFO - [2022-06-28 14:16:42,428] {dag.py:2398} INFO - Sync 1 DAGs
[2022-06-28 14:16:42,442] {logging_mixin.py:109} INFO - [2022-06-28 14:16:42,442] {dag.py:2937} INFO - Setting next_dagrun for example_complex to None
[2022-06-28 14:16:42,451] {processor.py:171} INFO - Processing /home/airflow/.local/lib/python3.7/site-packages/airflow/example_dags/example_complex.py took 0.072 seconds
[2022-06-28 14:17:12,609] {processor.py:163} INFO - Started process (PID=151) to work on /home/airflow/.local/lib/python3.7/site-packages/airflow/example_dags/example_complex.py
[2022-06-28 14:17:12,609] {processor.py:642} INFO - Processing file /home/airflow/.local/lib/python3.7/site-packages/airflow/example_dags/example_complex.py for tasks to queue
[2022-06-28 14:17:12,610] {logging_mixin.py:109} INFO - [2022-06-28 14:17:12,610] {dagbag.py:500} INFO - Filling up the DagBag from /home/airflow/.local/lib/python3.7/site-packages/airflow/example_dags/example_complex.py
[2022-06-28 14:17:12,626] {processor.py:652} INFO - DAG(s) dict_keys(['example_complex']) retrieved from /home/airflow/.local/lib/python3.7/site-packages/airflow/example_dags/example_complex.py
[2022-06-28 14:17:12,641] {logging_mixin.py:109} INFO - [2022-06-28 14:17:12,641] {dag.py:2398} INFO - Sync 1 DAGs
[2022-06-28 14:17:12,652] {logging_mixin.py:109} INFO - [2022-06-28 14:17:12,651] {dag.py:2937} INFO - Setting next_dagrun for example_complex to None
[2022-06-28 14:17:12,658] {processor.py:171} INFO - Processing /home/airflow/.local/lib/python3.7/site-packages/airflow/example_dags/example_complex.py took 0.051 seconds
[2022-06-28 14:17:43,480] {processor.py:163} INFO - Started process (PID=221) to work on /home/airflow/.local/lib/python3.7/site-packages/airflow/example_dags/example_complex.py
[2022-06-28 14:17:43,481] {processor.py:642} INFO - Processing file /home/airflow/.local/lib/python3.7/site-packages/airflow/example_dags/example_complex.py for tasks to queue
[2022-06-28 14:17:43,481] {logging_mixin.py:109} INFO - [2022-06-28 14:17:43,481] {dagbag.py:500} INFO - Filling up the DagBag from /home/airflow/.local/lib/python3.7/site-packages/airflow/example_dags/example_complex.py
[2022-06-28 14:17:43,497] {processor.py:652} INFO - DAG(s) dict_keys(['example_complex']) retrieved from /home/airflow/.local/lib/python3.7/site-packages/airflow/example_dags/example_complex.py
[2022-06-28 14:17:43,513] {logging_mixin.py:109} INFO - [2022-06-28 14:17:43,513] {dag.py:2398} INFO - Sync 1 DAGs
[2022-06-28 14:17:43,525] {logging_mixin.py:109} INFO - [2022-06-28 14:17:43,525] {dag.py:2937} INFO - Setting next_dagrun for example_complex to None
[2022-06-28 14:17:43,532] {processor.py:171} INFO - Processing /home/airflow/.local/lib/python3.7/site-packages/airflow/example_dags/example_complex.py took 0.054 seconds
[2022-06-28 14:18:14,281] {processor.py:163} INFO - Started process (PID=291) to work on /home/airflow/.local/lib/python3.7/site-packages/airflow/example_dags/example_complex.py
[2022-06-28 14:18:14,281] {processor.py:642} INFO - Processing file /home/airflow/.local/lib/python3.7/site-packages/airflow/example_dags/example_complex.py for tasks to queue
[2022-06-28 14:18:14,282] {logging_mixin.py:109} INFO - [2022-06-28 14:18:14,282] {dagbag.py:500} INFO - Filling up the DagBag from /home/airflow/.local/lib/python3.7/site-packages/airflow/example_dags/example_complex.py
[2022-06-28 14:18:14,295] {processor.py:652} INFO - DAG(s) dict_keys(['example_complex']) retrieved from /home/airflow/.local/lib/python3.7/site-packages/airflow/example_dags/example_complex.py
[2022-06-28 14:18:14,316] {logging_mixin.py:109} INFO - [2022-06-28 14:18:14,315] {dag.py:2398} INFO - Sync 1 DAGs
[2022-06-28 14:18:14,327] {logging_mixin.py:109} INFO - [2022-06-28 14:18:14,327] {dag.py:2937} INFO - Setting next_dagrun for example_complex to None
[2022-06-28 14:18:14,333] {processor.py:171} INFO - Processing /home/airflow/.local/lib/python3.7/site-packages/airflow/example_dags/example_complex.py took 0.054 seconds
[2022-06-28 14:18:44,962] {processor.py:163} INFO - Started process (PID=352) to work on /home/airflow/.local/lib/python3.7/site-packages/airflow/example_dags/example_complex.py
[2022-06-28 14:18:44,963] {processor.py:642} INFO - Processing file /home/airflow/.local/lib/python3.7/site-packages/airflow/example_dags/example_complex.py for tasks to queue
[2022-06-28 14:18:44,963] {logging_mixin.py:109} INFO - [2022-06-28 14:18:44,963] {dagbag.py:500} INFO - Filling up the DagBag from /home/airflow/.local/lib/python3.7/site-packages/airflow/example_dags/example_complex.py
[2022-06-28 14:18:44,977] {processor.py:652} INFO - DAG(s) dict_keys(['example_complex']) retrieved from /home/airflow/.local/lib/python3.7/site-packages/airflow/example_dags/example_complex.py
[2022-06-28 14:18:44,993] {logging_mixin.py:109} INFO - [2022-06-28 14:18:44,993] {dag.py:2398} INFO - Sync 1 DAGs
[2022-06-28 14:18:45,004] {logging_mixin.py:109} INFO - [2022-06-28 14:18:45,004] {dag.py:2937} INFO - Setting next_dagrun for example_complex to None
[2022-06-28 14:18:45,011] {processor.py:171} INFO - Processing /home/airflow/.local/lib/python3.7/site-packages/airflow/example_dags/example_complex.py took 0.050 seconds
[2022-06-28 14:19:15,683] {processor.py:163} INFO - Started process (PID=422) to work on /home/airflow/.local/lib/python3.7/site-packages/airflow/example_dags/example_complex.py
[2022-06-28 14:19:15,684] {processor.py:642} INFO - Processing file /home/airflow/.local/lib/python3.7/site-packages/airflow/example_dags/example_complex.py for tasks to queue
[2022-06-28 14:19:15,684] {logging_mixin.py:109} INFO - [2022-06-28 14:19:15,684] {dagbag.py:500} INFO - Filling up the DagBag from /home/airflow/.local/lib/python3.7/site-packages/airflow/example_dags/example_complex.py
[2022-06-28 14:19:15,698] {processor.py:652} INFO - DAG(s) dict_keys(['example_complex']) retrieved from /home/airflow/.local/lib/python3.7/site-packages/airflow/example_dags/example_complex.py
[2022-06-28 14:19:15,714] {logging_mixin.py:109} INFO - [2022-06-28 14:19:15,714] {dag.py:2398} INFO - Sync 1 DAGs
[2022-06-28 14:19:15,724] {logging_mixin.py:109} INFO - [2022-06-28 14:19:15,724] {dag.py:2937} INFO - Setting next_dagrun for example_complex to None
[2022-06-28 14:19:15,730] {processor.py:171} INFO - Processing /home/airflow/.local/lib/python3.7/site-packages/airflow/example_dags/example_complex.py took 0.049 seconds
[2022-06-28 14:19:46,447] {processor.py:163} INFO - Started process (PID=492) to work on /home/airflow/.local/lib/python3.7/site-packages/airflow/example_dags/example_complex.py
[2022-06-28 14:19:46,447] {processor.py:642} INFO - Processing file /home/airflow/.local/lib/python3.7/site-packages/airflow/example_dags/example_complex.py for tasks to queue
[2022-06-28 14:19:46,447] {logging_mixin.py:109} INFO - [2022-06-28 14:19:46,447] {dagbag.py:500} INFO - Filling up the DagBag from /home/airflow/.local/lib/python3.7/site-packages/airflow/example_dags/example_complex.py
[2022-06-28 14:19:46,462] {processor.py:652} INFO - DAG(s) dict_keys(['example_complex']) retrieved from /home/airflow/.local/lib/python3.7/site-packages/airflow/example_dags/example_complex.py
[2022-06-28 14:19:46,478] {logging_mixin.py:109} INFO - [2022-06-28 14:19:46,478] {dag.py:2398} INFO - Sync 1 DAGs
[2022-06-28 14:19:46,489] {logging_mixin.py:109} INFO - [2022-06-28 14:19:46,489] {dag.py:2937} INFO - Setting next_dagrun for example_complex to None
[2022-06-28 14:19:46,496] {processor.py:171} INFO - Processing /home/airflow/.local/lib/python3.7/site-packages/airflow/example_dags/example_complex.py took 0.051 seconds
[2022-06-28 14:20:17,199] {processor.py:163} INFO - Started process (PID=553) to work on /home/airflow/.local/lib/python3.7/site-packages/airflow/example_dags/example_complex.py
[2022-06-28 14:20:17,200] {processor.py:642} INFO - Processing file /home/airflow/.local/lib/python3.7/site-packages/airflow/example_dags/example_complex.py for tasks to queue
[2022-06-28 14:20:17,200] {logging_mixin.py:109} INFO - [2022-06-28 14:20:17,200] {dagbag.py:500} INFO - Filling up the DagBag from /home/airflow/.local/lib/python3.7/site-packages/airflow/example_dags/example_complex.py
[2022-06-28 14:20:17,218] {processor.py:652} INFO - DAG(s) dict_keys(['example_complex']) retrieved from /home/airflow/.local/lib/python3.7/site-packages/airflow/example_dags/example_complex.py
[2022-06-28 14:20:17,234] {logging_mixin.py:109} INFO - [2022-06-28 14:20:17,234] {dag.py:2398} INFO - Sync 1 DAGs
[2022-06-28 14:20:17,246] {logging_mixin.py:109} INFO - [2022-06-28 14:20:17,246] {dag.py:2937} INFO - Setting next_dagrun for example_complex to None
[2022-06-28 14:20:17,254] {processor.py:171} INFO - Processing /home/airflow/.local/lib/python3.7/site-packages/airflow/example_dags/example_complex.py took 0.058 seconds
[2022-06-28 14:20:47,989] {processor.py:163} INFO - Started process (PID=625) to work on /home/airflow/.local/lib/python3.7/site-packages/airflow/example_dags/example_complex.py
[2022-06-28 14:20:47,991] {processor.py:642} INFO - Processing file /home/airflow/.local/lib/python3.7/site-packages/airflow/example_dags/example_complex.py for tasks to queue
[2022-06-28 14:20:47,991] {logging_mixin.py:109} INFO - [2022-06-28 14:20:47,991] {dagbag.py:500} INFO - Filling up the DagBag from /home/airflow/.local/lib/python3.7/site-packages/airflow/example_dags/example_complex.py
[2022-06-28 14:20:48,005] {processor.py:652} INFO - DAG(s) dict_keys(['example_complex']) retrieved from /home/airflow/.local/lib/python3.7/site-packages/airflow/example_dags/example_complex.py
[2022-06-28 14:20:48,024] {logging_mixin.py:109} INFO - [2022-06-28 14:20:48,024] {dag.py:2398} INFO - Sync 1 DAGs
[2022-06-28 14:20:48,037] {logging_mixin.py:109} INFO - [2022-06-28 14:20:48,036] {dag.py:2937} INFO - Setting next_dagrun for example_complex to None
[2022-06-28 14:20:48,044] {processor.py:171} INFO - Processing /home/airflow/.local/lib/python3.7/site-packages/airflow/example_dags/example_complex.py took 0.057 seconds
[2022-06-28 14:21:18,700] {processor.py:163} INFO - Started process (PID=695) to work on /home/airflow/.local/lib/python3.7/site-packages/airflow/example_dags/example_complex.py
[2022-06-28 14:21:18,701] {processor.py:642} INFO - Processing file /home/airflow/.local/lib/python3.7/site-packages/airflow/example_dags/example_complex.py for tasks to queue
[2022-06-28 14:21:18,701] {logging_mixin.py:109} INFO - [2022-06-28 14:21:18,701] {dagbag.py:500} INFO - Filling up the DagBag from /home/airflow/.local/lib/python3.7/site-packages/airflow/example_dags/example_complex.py
[2022-06-28 14:21:18,715] {processor.py:652} INFO - DAG(s) dict_keys(['example_complex']) retrieved from /home/airflow/.local/lib/python3.7/site-packages/airflow/example_dags/example_complex.py
[2022-06-28 14:21:18,730] {logging_mixin.py:109} INFO - [2022-06-28 14:21:18,730] {dag.py:2398} INFO - Sync 1 DAGs
[2022-06-28 14:21:18,740] {logging_mixin.py:109} INFO - [2022-06-28 14:21:18,740] {dag.py:2937} INFO - Setting next_dagrun for example_complex to None
[2022-06-28 14:21:18,746] {processor.py:171} INFO - Processing /home/airflow/.local/lib/python3.7/site-packages/airflow/example_dags/example_complex.py took 0.047 seconds
[2022-06-28 14:21:49,615] {processor.py:163} INFO - Started process (PID=769) to work on /home/airflow/.local/lib/python3.7/site-packages/airflow/example_dags/example_complex.py
[2022-06-28 14:21:49,615] {processor.py:642} INFO - Processing file /home/airflow/.local/lib/python3.7/site-packages/airflow/example_dags/example_complex.py for tasks to queue
[2022-06-28 14:21:49,616] {logging_mixin.py:109} INFO - [2022-06-28 14:21:49,616] {dagbag.py:500} INFO - Filling up the DagBag from /home/airflow/.local/lib/python3.7/site-packages/airflow/example_dags/example_complex.py
[2022-06-28 14:21:49,635] {processor.py:652} INFO - DAG(s) dict_keys(['example_complex']) retrieved from /home/airflow/.local/lib/python3.7/site-packages/airflow/example_dags/example_complex.py
[2022-06-28 14:21:49,656] {logging_mixin.py:109} INFO - [2022-06-28 14:21:49,655] {dag.py:2398} INFO - Sync 1 DAGs
[2022-06-28 14:21:49,670] {logging_mixin.py:109} INFO - [2022-06-28 14:21:49,670] {dag.py:2937} INFO - Setting next_dagrun for example_complex to None
[2022-06-28 14:21:49,678] {processor.py:171} INFO - Processing /home/airflow/.local/lib/python3.7/site-packages/airflow/example_dags/example_complex.py took 0.065 seconds
[2022-06-28 14:22:20,426] {processor.py:163} INFO - Started process (PID=830) to work on /home/airflow/.local/lib/python3.7/site-packages/airflow/example_dags/example_complex.py
[2022-06-28 14:22:20,427] {processor.py:642} INFO - Processing file /home/airflow/.local/lib/python3.7/site-packages/airflow/example_dags/example_complex.py for tasks to queue
[2022-06-28 14:22:20,427] {logging_mixin.py:109} INFO - [2022-06-28 14:22:20,427] {dagbag.py:500} INFO - Filling up the DagBag from /home/airflow/.local/lib/python3.7/site-packages/airflow/example_dags/example_complex.py
[2022-06-28 14:22:20,441] {processor.py:652} INFO - DAG(s) dict_keys(['example_complex']) retrieved from /home/airflow/.local/lib/python3.7/site-packages/airflow/example_dags/example_complex.py
[2022-06-28 14:22:20,458] {logging_mixin.py:109} INFO - [2022-06-28 14:22:20,458] {dag.py:2398} INFO - Sync 1 DAGs
[2022-06-28 14:22:20,468] {logging_mixin.py:109} INFO - [2022-06-28 14:22:20,468] {dag.py:2937} INFO - Setting next_dagrun for example_complex to None
[2022-06-28 14:22:20,475] {processor.py:171} INFO - Processing /home/airflow/.local/lib/python3.7/site-packages/airflow/example_dags/example_complex.py took 0.051 seconds
[2022-06-28 14:22:51,205] {processor.py:163} INFO - Started process (PID=901) to work on /home/airflow/.local/lib/python3.7/site-packages/airflow/example_dags/example_complex.py
[2022-06-28 14:22:51,206] {processor.py:642} INFO - Processing file /home/airflow/.local/lib/python3.7/site-packages/airflow/example_dags/example_complex.py for tasks to queue
[2022-06-28 14:22:51,206] {logging_mixin.py:109} INFO - [2022-06-28 14:22:51,206] {dagbag.py:500} INFO - Filling up the DagBag from /home/airflow/.local/lib/python3.7/site-packages/airflow/example_dags/example_complex.py
[2022-06-28 14:22:51,219] {processor.py:652} INFO - DAG(s) dict_keys(['example_complex']) retrieved from /home/airflow/.local/lib/python3.7/site-packages/airflow/example_dags/example_complex.py
[2022-06-28 14:22:51,234] {logging_mixin.py:109} INFO - [2022-06-28 14:22:51,234] {dag.py:2398} INFO - Sync 1 DAGs
[2022-06-28 14:22:51,246] {logging_mixin.py:109} INFO - [2022-06-28 14:22:51,246] {dag.py:2937} INFO - Setting next_dagrun for example_complex to None
[2022-06-28 14:22:51,252] {processor.py:171} INFO - Processing /home/airflow/.local/lib/python3.7/site-packages/airflow/example_dags/example_complex.py took 0.049 seconds
[2022-06-28 14:23:21,909] {processor.py:163} INFO - Started process (PID=971) to work on /home/airflow/.local/lib/python3.7/site-packages/airflow/example_dags/example_complex.py
[2022-06-28 14:23:21,910] {processor.py:642} INFO - Processing file /home/airflow/.local/lib/python3.7/site-packages/airflow/example_dags/example_complex.py for tasks to queue
[2022-06-28 14:23:21,910] {logging_mixin.py:109} INFO - [2022-06-28 14:23:21,910] {dagbag.py:500} INFO - Filling up the DagBag from /home/airflow/.local/lib/python3.7/site-packages/airflow/example_dags/example_complex.py
[2022-06-28 14:23:21,930] {processor.py:652} INFO - DAG(s) dict_keys(['example_complex']) retrieved from /home/airflow/.local/lib/python3.7/site-packages/airflow/example_dags/example_complex.py
[2022-06-28 14:23:21,951] {logging_mixin.py:109} INFO - [2022-06-28 14:23:21,951] {dag.py:2398} INFO - Sync 1 DAGs
[2022-06-28 14:23:21,963] {logging_mixin.py:109} INFO - [2022-06-28 14:23:21,963] {dag.py:2937} INFO - Setting next_dagrun for example_complex to None
[2022-06-28 14:23:21,969] {processor.py:171} INFO - Processing /home/airflow/.local/lib/python3.7/site-packages/airflow/example_dags/example_complex.py took 0.062 seconds
[2022-06-28 14:23:53,414] {processor.py:163} INFO - Started process (PID=1033) to work on /home/airflow/.local/lib/python3.7/site-packages/airflow/example_dags/example_complex.py
[2022-06-28 14:23:53,414] {processor.py:642} INFO - Processing file /home/airflow/.local/lib/python3.7/site-packages/airflow/example_dags/example_complex.py for tasks to queue
[2022-06-28 14:23:53,415] {logging_mixin.py:109} INFO - [2022-06-28 14:23:53,415] {dagbag.py:500} INFO - Filling up the DagBag from /home/airflow/.local/lib/python3.7/site-packages/airflow/example_dags/example_complex.py
[2022-06-28 14:23:53,429] {processor.py:652} INFO - DAG(s) dict_keys(['example_complex']) retrieved from /home/airflow/.local/lib/python3.7/site-packages/airflow/example_dags/example_complex.py
[2022-06-28 14:23:53,449] {logging_mixin.py:109} INFO - [2022-06-28 14:23:53,449] {dag.py:2398} INFO - Sync 1 DAGs
[2022-06-28 14:23:53,460] {logging_mixin.py:109} INFO - [2022-06-28 14:23:53,459] {dag.py:2937} INFO - Setting next_dagrun for example_complex to None
[2022-06-28 14:23:53,468] {processor.py:171} INFO - Processing /home/airflow/.local/lib/python3.7/site-packages/airflow/example_dags/example_complex.py took 0.056 seconds
[2022-06-28 16:24:50,079] {processor.py:163} INFO - Started process (PID=1104) to work on /home/airflow/.local/lib/python3.7/site-packages/airflow/example_dags/example_complex.py
[2022-06-28 16:24:50,080] {processor.py:642} INFO - Processing file /home/airflow/.local/lib/python3.7/site-packages/airflow/example_dags/example_complex.py for tasks to queue
[2022-06-28 16:24:50,080] {logging_mixin.py:109} INFO - [2022-06-28 16:24:50,080] {dagbag.py:500} INFO - Filling up the DagBag from /home/airflow/.local/lib/python3.7/site-packages/airflow/example_dags/example_complex.py
[2022-06-28 16:24:50,100] {processor.py:652} INFO - DAG(s) dict_keys(['example_complex']) retrieved from /home/airflow/.local/lib/python3.7/site-packages/airflow/example_dags/example_complex.py
[2022-06-28 16:24:50,124] {logging_mixin.py:109} INFO - [2022-06-28 16:24:50,123] {dag.py:2398} INFO - Sync 1 DAGs
[2022-06-28 16:24:50,139] {logging_mixin.py:109} INFO - [2022-06-28 16:24:50,138] {dag.py:2937} INFO - Setting next_dagrun for example_complex to None
[2022-06-28 16:24:50,148] {processor.py:171} INFO - Processing /home/airflow/.local/lib/python3.7/site-packages/airflow/example_dags/example_complex.py took 0.072 seconds
