[2022-06-28 14:16:40,239] {processor.py:163} INFO - Started process (PID=65) to work on /home/airflow/.local/lib/python3.7/site-packages/airflow/example_dags/example_time_delta_sensor_async.py
[2022-06-28 14:16:40,240] {processor.py:642} INFO - Processing file /home/airflow/.local/lib/python3.7/site-packages/airflow/example_dags/example_time_delta_sensor_async.py for tasks to queue
[2022-06-28 14:16:40,241] {logging_mixin.py:109} INFO - [2022-06-28 14:16:40,241] {dagbag.py:500} INFO - Filling up the DagBag from /home/airflow/.local/lib/python3.7/site-packages/airflow/example_dags/example_time_delta_sensor_async.py
[2022-06-28 14:16:40,308] {processor.py:652} INFO - DAG(s) dict_keys(['example_time_delta_sensor_async']) retrieved from /home/airflow/.local/lib/python3.7/site-packages/airflow/example_dags/example_time_delta_sensor_async.py
[2022-06-28 14:16:40,348] {logging_mixin.py:109} INFO - [2022-06-28 14:16:40,348] {dag.py:2398} INFO - Sync 1 DAGs
[2022-06-28 14:16:40,372] {logging_mixin.py:109} INFO - [2022-06-28 14:16:40,372] {dag.py:2937} INFO - Setting next_dagrun for example_time_delta_sensor_async to None
[2022-06-28 14:16:40,417] {processor.py:171} INFO - Processing /home/airflow/.local/lib/python3.7/site-packages/airflow/example_dags/example_time_delta_sensor_async.py took 0.180 seconds
[2022-06-28 14:17:10,530] {processor.py:163} INFO - Started process (PID=134) to work on /home/airflow/.local/lib/python3.7/site-packages/airflow/example_dags/example_time_delta_sensor_async.py
[2022-06-28 14:17:10,531] {processor.py:642} INFO - Processing file /home/airflow/.local/lib/python3.7/site-packages/airflow/example_dags/example_time_delta_sensor_async.py for tasks to queue
[2022-06-28 14:17:10,531] {logging_mixin.py:109} INFO - [2022-06-28 14:17:10,531] {dagbag.py:500} INFO - Filling up the DagBag from /home/airflow/.local/lib/python3.7/site-packages/airflow/example_dags/example_time_delta_sensor_async.py
[2022-06-28 14:17:10,541] {processor.py:652} INFO - DAG(s) dict_keys(['example_time_delta_sensor_async']) retrieved from /home/airflow/.local/lib/python3.7/site-packages/airflow/example_dags/example_time_delta_sensor_async.py
[2022-06-28 14:17:10,554] {logging_mixin.py:109} INFO - [2022-06-28 14:17:10,554] {dag.py:2398} INFO - Sync 1 DAGs
[2022-06-28 14:17:10,565] {logging_mixin.py:109} INFO - [2022-06-28 14:17:10,565] {dag.py:2937} INFO - Setting next_dagrun for example_time_delta_sensor_async to None
[2022-06-28 14:17:10,570] {processor.py:171} INFO - Processing /home/airflow/.local/lib/python3.7/site-packages/airflow/example_dags/example_time_delta_sensor_async.py took 0.042 seconds
[2022-06-28 14:17:41,606] {processor.py:163} INFO - Started process (PID=204) to work on /home/airflow/.local/lib/python3.7/site-packages/airflow/example_dags/example_time_delta_sensor_async.py
[2022-06-28 14:17:41,607] {processor.py:642} INFO - Processing file /home/airflow/.local/lib/python3.7/site-packages/airflow/example_dags/example_time_delta_sensor_async.py for tasks to queue
[2022-06-28 14:17:41,607] {logging_mixin.py:109} INFO - [2022-06-28 14:17:41,607] {dagbag.py:500} INFO - Filling up the DagBag from /home/airflow/.local/lib/python3.7/site-packages/airflow/example_dags/example_time_delta_sensor_async.py
[2022-06-28 14:17:41,621] {processor.py:652} INFO - DAG(s) dict_keys(['example_time_delta_sensor_async']) retrieved from /home/airflow/.local/lib/python3.7/site-packages/airflow/example_dags/example_time_delta_sensor_async.py
[2022-06-28 14:17:41,633] {logging_mixin.py:109} INFO - [2022-06-28 14:17:41,633] {dag.py:2398} INFO - Sync 1 DAGs
[2022-06-28 14:17:41,645] {logging_mixin.py:109} INFO - [2022-06-28 14:17:41,645] {dag.py:2937} INFO - Setting next_dagrun for example_time_delta_sensor_async to None
[2022-06-28 14:17:41,652] {processor.py:171} INFO - Processing /home/airflow/.local/lib/python3.7/site-packages/airflow/example_dags/example_time_delta_sensor_async.py took 0.048 seconds
[2022-06-28 14:18:12,416] {processor.py:163} INFO - Started process (PID=272) to work on /home/airflow/.local/lib/python3.7/site-packages/airflow/example_dags/example_time_delta_sensor_async.py
[2022-06-28 14:18:12,417] {processor.py:642} INFO - Processing file /home/airflow/.local/lib/python3.7/site-packages/airflow/example_dags/example_time_delta_sensor_async.py for tasks to queue
[2022-06-28 14:18:12,417] {logging_mixin.py:109} INFO - [2022-06-28 14:18:12,417] {dagbag.py:500} INFO - Filling up the DagBag from /home/airflow/.local/lib/python3.7/site-packages/airflow/example_dags/example_time_delta_sensor_async.py
[2022-06-28 14:18:12,428] {processor.py:652} INFO - DAG(s) dict_keys(['example_time_delta_sensor_async']) retrieved from /home/airflow/.local/lib/python3.7/site-packages/airflow/example_dags/example_time_delta_sensor_async.py
[2022-06-28 14:18:12,443] {logging_mixin.py:109} INFO - [2022-06-28 14:18:12,443] {dag.py:2398} INFO - Sync 1 DAGs
[2022-06-28 14:18:12,458] {logging_mixin.py:109} INFO - [2022-06-28 14:18:12,458] {dag.py:2937} INFO - Setting next_dagrun for example_time_delta_sensor_async to None
[2022-06-28 14:18:12,466] {processor.py:171} INFO - Processing /home/airflow/.local/lib/python3.7/site-packages/airflow/example_dags/example_time_delta_sensor_async.py took 0.052 seconds
[2022-06-28 14:18:43,155] {processor.py:163} INFO - Started process (PID=335) to work on /home/airflow/.local/lib/python3.7/site-packages/airflow/example_dags/example_time_delta_sensor_async.py
[2022-06-28 14:18:43,156] {processor.py:642} INFO - Processing file /home/airflow/.local/lib/python3.7/site-packages/airflow/example_dags/example_time_delta_sensor_async.py for tasks to queue
[2022-06-28 14:18:43,156] {logging_mixin.py:109} INFO - [2022-06-28 14:18:43,156] {dagbag.py:500} INFO - Filling up the DagBag from /home/airflow/.local/lib/python3.7/site-packages/airflow/example_dags/example_time_delta_sensor_async.py
[2022-06-28 14:18:43,164] {processor.py:652} INFO - DAG(s) dict_keys(['example_time_delta_sensor_async']) retrieved from /home/airflow/.local/lib/python3.7/site-packages/airflow/example_dags/example_time_delta_sensor_async.py
[2022-06-28 14:18:43,175] {logging_mixin.py:109} INFO - [2022-06-28 14:18:43,175] {dag.py:2398} INFO - Sync 1 DAGs
[2022-06-28 14:18:43,185] {logging_mixin.py:109} INFO - [2022-06-28 14:18:43,185] {dag.py:2937} INFO - Setting next_dagrun for example_time_delta_sensor_async to None
[2022-06-28 14:18:43,190] {processor.py:171} INFO - Processing /home/airflow/.local/lib/python3.7/site-packages/airflow/example_dags/example_time_delta_sensor_async.py took 0.036 seconds
[2022-06-28 14:19:13,822] {processor.py:163} INFO - Started process (PID=405) to work on /home/airflow/.local/lib/python3.7/site-packages/airflow/example_dags/example_time_delta_sensor_async.py
[2022-06-28 14:19:13,823] {processor.py:642} INFO - Processing file /home/airflow/.local/lib/python3.7/site-packages/airflow/example_dags/example_time_delta_sensor_async.py for tasks to queue
[2022-06-28 14:19:13,823] {logging_mixin.py:109} INFO - [2022-06-28 14:19:13,823] {dagbag.py:500} INFO - Filling up the DagBag from /home/airflow/.local/lib/python3.7/site-packages/airflow/example_dags/example_time_delta_sensor_async.py
[2022-06-28 14:19:13,831] {processor.py:652} INFO - DAG(s) dict_keys(['example_time_delta_sensor_async']) retrieved from /home/airflow/.local/lib/python3.7/site-packages/airflow/example_dags/example_time_delta_sensor_async.py
[2022-06-28 14:19:13,842] {logging_mixin.py:109} INFO - [2022-06-28 14:19:13,842] {dag.py:2398} INFO - Sync 1 DAGs
[2022-06-28 14:19:13,852] {logging_mixin.py:109} INFO - [2022-06-28 14:19:13,852] {dag.py:2937} INFO - Setting next_dagrun for example_time_delta_sensor_async to None
[2022-06-28 14:19:13,857] {processor.py:171} INFO - Processing /home/airflow/.local/lib/python3.7/site-packages/airflow/example_dags/example_time_delta_sensor_async.py took 0.037 seconds
[2022-06-28 14:19:44,594] {processor.py:163} INFO - Started process (PID=475) to work on /home/airflow/.local/lib/python3.7/site-packages/airflow/example_dags/example_time_delta_sensor_async.py
[2022-06-28 14:19:44,595] {processor.py:642} INFO - Processing file /home/airflow/.local/lib/python3.7/site-packages/airflow/example_dags/example_time_delta_sensor_async.py for tasks to queue
[2022-06-28 14:19:44,595] {logging_mixin.py:109} INFO - [2022-06-28 14:19:44,595] {dagbag.py:500} INFO - Filling up the DagBag from /home/airflow/.local/lib/python3.7/site-packages/airflow/example_dags/example_time_delta_sensor_async.py
[2022-06-28 14:19:44,604] {processor.py:652} INFO - DAG(s) dict_keys(['example_time_delta_sensor_async']) retrieved from /home/airflow/.local/lib/python3.7/site-packages/airflow/example_dags/example_time_delta_sensor_async.py
[2022-06-28 14:19:44,621] {logging_mixin.py:109} INFO - [2022-06-28 14:19:44,621] {dag.py:2398} INFO - Sync 1 DAGs
[2022-06-28 14:19:44,633] {logging_mixin.py:109} INFO - [2022-06-28 14:19:44,633] {dag.py:2937} INFO - Setting next_dagrun for example_time_delta_sensor_async to None
[2022-06-28 14:19:44,642] {processor.py:171} INFO - Processing /home/airflow/.local/lib/python3.7/site-packages/airflow/example_dags/example_time_delta_sensor_async.py took 0.050 seconds
[2022-06-28 14:20:15,364] {processor.py:163} INFO - Started process (PID=536) to work on /home/airflow/.local/lib/python3.7/site-packages/airflow/example_dags/example_time_delta_sensor_async.py
[2022-06-28 14:20:15,364] {processor.py:642} INFO - Processing file /home/airflow/.local/lib/python3.7/site-packages/airflow/example_dags/example_time_delta_sensor_async.py for tasks to queue
[2022-06-28 14:20:15,365] {logging_mixin.py:109} INFO - [2022-06-28 14:20:15,365] {dagbag.py:500} INFO - Filling up the DagBag from /home/airflow/.local/lib/python3.7/site-packages/airflow/example_dags/example_time_delta_sensor_async.py
[2022-06-28 14:20:15,373] {processor.py:652} INFO - DAG(s) dict_keys(['example_time_delta_sensor_async']) retrieved from /home/airflow/.local/lib/python3.7/site-packages/airflow/example_dags/example_time_delta_sensor_async.py
[2022-06-28 14:20:15,384] {logging_mixin.py:109} INFO - [2022-06-28 14:20:15,384] {dag.py:2398} INFO - Sync 1 DAGs
[2022-06-28 14:20:15,394] {logging_mixin.py:109} INFO - [2022-06-28 14:20:15,394] {dag.py:2937} INFO - Setting next_dagrun for example_time_delta_sensor_async to None
[2022-06-28 14:20:15,399] {processor.py:171} INFO - Processing /home/airflow/.local/lib/python3.7/site-packages/airflow/example_dags/example_time_delta_sensor_async.py took 0.037 seconds
[2022-06-28 14:20:46,168] {processor.py:163} INFO - Started process (PID=608) to work on /home/airflow/.local/lib/python3.7/site-packages/airflow/example_dags/example_time_delta_sensor_async.py
[2022-06-28 14:20:46,169] {processor.py:642} INFO - Processing file /home/airflow/.local/lib/python3.7/site-packages/airflow/example_dags/example_time_delta_sensor_async.py for tasks to queue
[2022-06-28 14:20:46,169] {logging_mixin.py:109} INFO - [2022-06-28 14:20:46,169] {dagbag.py:500} INFO - Filling up the DagBag from /home/airflow/.local/lib/python3.7/site-packages/airflow/example_dags/example_time_delta_sensor_async.py
[2022-06-28 14:20:46,177] {processor.py:652} INFO - DAG(s) dict_keys(['example_time_delta_sensor_async']) retrieved from /home/airflow/.local/lib/python3.7/site-packages/airflow/example_dags/example_time_delta_sensor_async.py
[2022-06-28 14:20:46,188] {logging_mixin.py:109} INFO - [2022-06-28 14:20:46,188] {dag.py:2398} INFO - Sync 1 DAGs
[2022-06-28 14:20:46,198] {logging_mixin.py:109} INFO - [2022-06-28 14:20:46,198] {dag.py:2937} INFO - Setting next_dagrun for example_time_delta_sensor_async to None
[2022-06-28 14:20:46,203] {processor.py:171} INFO - Processing /home/airflow/.local/lib/python3.7/site-packages/airflow/example_dags/example_time_delta_sensor_async.py took 0.036 seconds
[2022-06-28 14:21:16,857] {processor.py:163} INFO - Started process (PID=678) to work on /home/airflow/.local/lib/python3.7/site-packages/airflow/example_dags/example_time_delta_sensor_async.py
[2022-06-28 14:21:16,858] {processor.py:642} INFO - Processing file /home/airflow/.local/lib/python3.7/site-packages/airflow/example_dags/example_time_delta_sensor_async.py for tasks to queue
[2022-06-28 14:21:16,858] {logging_mixin.py:109} INFO - [2022-06-28 14:21:16,858] {dagbag.py:500} INFO - Filling up the DagBag from /home/airflow/.local/lib/python3.7/site-packages/airflow/example_dags/example_time_delta_sensor_async.py
[2022-06-28 14:21:16,866] {processor.py:652} INFO - DAG(s) dict_keys(['example_time_delta_sensor_async']) retrieved from /home/airflow/.local/lib/python3.7/site-packages/airflow/example_dags/example_time_delta_sensor_async.py
[2022-06-28 14:21:16,877] {logging_mixin.py:109} INFO - [2022-06-28 14:21:16,877] {dag.py:2398} INFO - Sync 1 DAGs
[2022-06-28 14:21:16,886] {logging_mixin.py:109} INFO - [2022-06-28 14:21:16,886] {dag.py:2937} INFO - Setting next_dagrun for example_time_delta_sensor_async to None
[2022-06-28 14:21:16,892] {processor.py:171} INFO - Processing /home/airflow/.local/lib/python3.7/site-packages/airflow/example_dags/example_time_delta_sensor_async.py took 0.036 seconds
[2022-06-28 14:21:47,603] {processor.py:163} INFO - Started process (PID=739) to work on /home/airflow/.local/lib/python3.7/site-packages/airflow/example_dags/example_time_delta_sensor_async.py
[2022-06-28 14:21:47,604] {processor.py:642} INFO - Processing file /home/airflow/.local/lib/python3.7/site-packages/airflow/example_dags/example_time_delta_sensor_async.py for tasks to queue
[2022-06-28 14:21:47,604] {logging_mixin.py:109} INFO - [2022-06-28 14:21:47,604] {dagbag.py:500} INFO - Filling up the DagBag from /home/airflow/.local/lib/python3.7/site-packages/airflow/example_dags/example_time_delta_sensor_async.py
[2022-06-28 14:21:47,612] {processor.py:652} INFO - DAG(s) dict_keys(['example_time_delta_sensor_async']) retrieved from /home/airflow/.local/lib/python3.7/site-packages/airflow/example_dags/example_time_delta_sensor_async.py
[2022-06-28 14:21:47,625] {logging_mixin.py:109} INFO - [2022-06-28 14:21:47,625] {dag.py:2398} INFO - Sync 1 DAGs
[2022-06-28 14:21:47,637] {logging_mixin.py:109} INFO - [2022-06-28 14:21:47,637] {dag.py:2937} INFO - Setting next_dagrun for example_time_delta_sensor_async to None
[2022-06-28 14:21:47,644] {processor.py:171} INFO - Processing /home/airflow/.local/lib/python3.7/site-packages/airflow/example_dags/example_time_delta_sensor_async.py took 0.042 seconds
[2022-06-28 14:22:18,599] {processor.py:163} INFO - Started process (PID=813) to work on /home/airflow/.local/lib/python3.7/site-packages/airflow/example_dags/example_time_delta_sensor_async.py
[2022-06-28 14:22:18,600] {processor.py:642} INFO - Processing file /home/airflow/.local/lib/python3.7/site-packages/airflow/example_dags/example_time_delta_sensor_async.py for tasks to queue
[2022-06-28 14:22:18,600] {logging_mixin.py:109} INFO - [2022-06-28 14:22:18,600] {dagbag.py:500} INFO - Filling up the DagBag from /home/airflow/.local/lib/python3.7/site-packages/airflow/example_dags/example_time_delta_sensor_async.py
[2022-06-28 14:22:18,608] {processor.py:652} INFO - DAG(s) dict_keys(['example_time_delta_sensor_async']) retrieved from /home/airflow/.local/lib/python3.7/site-packages/airflow/example_dags/example_time_delta_sensor_async.py
[2022-06-28 14:22:18,619] {logging_mixin.py:109} INFO - [2022-06-28 14:22:18,619] {dag.py:2398} INFO - Sync 1 DAGs
[2022-06-28 14:22:18,629] {logging_mixin.py:109} INFO - [2022-06-28 14:22:18,629] {dag.py:2937} INFO - Setting next_dagrun for example_time_delta_sensor_async to None
[2022-06-28 14:22:18,634] {processor.py:171} INFO - Processing /home/airflow/.local/lib/python3.7/site-packages/airflow/example_dags/example_time_delta_sensor_async.py took 0.036 seconds
[2022-06-28 14:22:49,375] {processor.py:163} INFO - Started process (PID=884) to work on /home/airflow/.local/lib/python3.7/site-packages/airflow/example_dags/example_time_delta_sensor_async.py
[2022-06-28 14:22:49,376] {processor.py:642} INFO - Processing file /home/airflow/.local/lib/python3.7/site-packages/airflow/example_dags/example_time_delta_sensor_async.py for tasks to queue
[2022-06-28 14:22:49,376] {logging_mixin.py:109} INFO - [2022-06-28 14:22:49,376] {dagbag.py:500} INFO - Filling up the DagBag from /home/airflow/.local/lib/python3.7/site-packages/airflow/example_dags/example_time_delta_sensor_async.py
[2022-06-28 14:22:49,384] {processor.py:652} INFO - DAG(s) dict_keys(['example_time_delta_sensor_async']) retrieved from /home/airflow/.local/lib/python3.7/site-packages/airflow/example_dags/example_time_delta_sensor_async.py
[2022-06-28 14:22:49,395] {logging_mixin.py:109} INFO - [2022-06-28 14:22:49,395] {dag.py:2398} INFO - Sync 1 DAGs
[2022-06-28 14:22:49,405] {logging_mixin.py:109} INFO - [2022-06-28 14:22:49,405] {dag.py:2937} INFO - Setting next_dagrun for example_time_delta_sensor_async to None
[2022-06-28 14:22:49,410] {processor.py:171} INFO - Processing /home/airflow/.local/lib/python3.7/site-packages/airflow/example_dags/example_time_delta_sensor_async.py took 0.037 seconds
[2022-06-28 14:23:20,056] {processor.py:163} INFO - Started process (PID=945) to work on /home/airflow/.local/lib/python3.7/site-packages/airflow/example_dags/example_time_delta_sensor_async.py
[2022-06-28 14:23:20,057] {processor.py:642} INFO - Processing file /home/airflow/.local/lib/python3.7/site-packages/airflow/example_dags/example_time_delta_sensor_async.py for tasks to queue
[2022-06-28 14:23:20,057] {logging_mixin.py:109} INFO - [2022-06-28 14:23:20,057] {dagbag.py:500} INFO - Filling up the DagBag from /home/airflow/.local/lib/python3.7/site-packages/airflow/example_dags/example_time_delta_sensor_async.py
[2022-06-28 14:23:20,067] {processor.py:652} INFO - DAG(s) dict_keys(['example_time_delta_sensor_async']) retrieved from /home/airflow/.local/lib/python3.7/site-packages/airflow/example_dags/example_time_delta_sensor_async.py
[2022-06-28 14:23:20,079] {logging_mixin.py:109} INFO - [2022-06-28 14:23:20,079] {dag.py:2398} INFO - Sync 1 DAGs
[2022-06-28 14:23:20,089] {logging_mixin.py:109} INFO - [2022-06-28 14:23:20,089] {dag.py:2937} INFO - Setting next_dagrun for example_time_delta_sensor_async to None
[2022-06-28 14:23:20,094] {processor.py:171} INFO - Processing /home/airflow/.local/lib/python3.7/site-packages/airflow/example_dags/example_time_delta_sensor_async.py took 0.040 seconds
[2022-06-28 14:23:52,432] {processor.py:163} INFO - Started process (PID=1016) to work on /home/airflow/.local/lib/python3.7/site-packages/airflow/example_dags/example_time_delta_sensor_async.py
[2022-06-28 14:23:52,433] {processor.py:642} INFO - Processing file /home/airflow/.local/lib/python3.7/site-packages/airflow/example_dags/example_time_delta_sensor_async.py for tasks to queue
[2022-06-28 14:23:52,433] {logging_mixin.py:109} INFO - [2022-06-28 14:23:52,433] {dagbag.py:500} INFO - Filling up the DagBag from /home/airflow/.local/lib/python3.7/site-packages/airflow/example_dags/example_time_delta_sensor_async.py
[2022-06-28 14:23:52,442] {processor.py:652} INFO - DAG(s) dict_keys(['example_time_delta_sensor_async']) retrieved from /home/airflow/.local/lib/python3.7/site-packages/airflow/example_dags/example_time_delta_sensor_async.py
[2022-06-28 14:23:52,454] {logging_mixin.py:109} INFO - [2022-06-28 14:23:52,454] {dag.py:2398} INFO - Sync 1 DAGs
[2022-06-28 14:23:52,464] {logging_mixin.py:109} INFO - [2022-06-28 14:23:52,464] {dag.py:2937} INFO - Setting next_dagrun for example_time_delta_sensor_async to None
[2022-06-28 14:23:52,472] {processor.py:171} INFO - Processing /home/airflow/.local/lib/python3.7/site-packages/airflow/example_dags/example_time_delta_sensor_async.py took 0.042 seconds
[2022-06-28 16:24:48,457] {processor.py:163} INFO - Started process (PID=1087) to work on /home/airflow/.local/lib/python3.7/site-packages/airflow/example_dags/example_time_delta_sensor_async.py
[2022-06-28 16:24:48,469] {processor.py:642} INFO - Processing file /home/airflow/.local/lib/python3.7/site-packages/airflow/example_dags/example_time_delta_sensor_async.py for tasks to queue
[2022-06-28 16:24:48,469] {logging_mixin.py:109} INFO - [2022-06-28 16:24:48,469] {dagbag.py:500} INFO - Filling up the DagBag from /home/airflow/.local/lib/python3.7/site-packages/airflow/example_dags/example_time_delta_sensor_async.py
[2022-06-28 16:24:48,490] {processor.py:652} INFO - DAG(s) dict_keys(['example_time_delta_sensor_async']) retrieved from /home/airflow/.local/lib/python3.7/site-packages/airflow/example_dags/example_time_delta_sensor_async.py
[2022-06-28 16:24:48,555] {logging_mixin.py:109} INFO - [2022-06-28 16:24:48,555] {dag.py:2398} INFO - Sync 1 DAGs
[2022-06-28 16:24:48,572] {logging_mixin.py:109} INFO - [2022-06-28 16:24:48,571] {dag.py:2937} INFO - Setting next_dagrun for example_time_delta_sensor_async to None
[2022-06-28 16:24:48,626] {processor.py:171} INFO - Processing /home/airflow/.local/lib/python3.7/site-packages/airflow/example_dags/example_time_delta_sensor_async.py took 0.171 seconds
[2022-06-28 16:25:19,340] {processor.py:163} INFO - Started process (PID=1148) to work on /home/airflow/.local/lib/python3.7/site-packages/airflow/example_dags/example_time_delta_sensor_async.py
[2022-06-28 16:25:19,340] {processor.py:642} INFO - Processing file /home/airflow/.local/lib/python3.7/site-packages/airflow/example_dags/example_time_delta_sensor_async.py for tasks to queue
[2022-06-28 16:25:19,341] {logging_mixin.py:109} INFO - [2022-06-28 16:25:19,341] {dagbag.py:500} INFO - Filling up the DagBag from /home/airflow/.local/lib/python3.7/site-packages/airflow/example_dags/example_time_delta_sensor_async.py
[2022-06-28 16:25:19,349] {processor.py:652} INFO - DAG(s) dict_keys(['example_time_delta_sensor_async']) retrieved from /home/airflow/.local/lib/python3.7/site-packages/airflow/example_dags/example_time_delta_sensor_async.py
[2022-06-28 16:25:19,360] {logging_mixin.py:109} INFO - [2022-06-28 16:25:19,360] {dag.py:2398} INFO - Sync 1 DAGs
[2022-06-28 16:25:19,371] {logging_mixin.py:109} INFO - [2022-06-28 16:25:19,371] {dag.py:2937} INFO - Setting next_dagrun for example_time_delta_sensor_async to None
[2022-06-28 16:25:19,380] {processor.py:171} INFO - Processing /home/airflow/.local/lib/python3.7/site-packages/airflow/example_dags/example_time_delta_sensor_async.py took 0.042 seconds
