[2022-06-28 14:16:42,176] {processor.py:163} INFO - Started process (PID=77) to work on /home/airflow/.local/lib/python3.7/site-packages/airflow/example_dags/example_branch_datetime_operator.py
[2022-06-28 14:16:42,177] {processor.py:642} INFO - Processing file /home/airflow/.local/lib/python3.7/site-packages/airflow/example_dags/example_branch_datetime_operator.py for tasks to queue
[2022-06-28 14:16:42,177] {logging_mixin.py:109} INFO - [2022-06-28 14:16:42,177] {dagbag.py:500} INFO - Filling up the DagBag from /home/airflow/.local/lib/python3.7/site-packages/airflow/example_dags/example_branch_datetime_operator.py
[2022-06-28 14:16:42,193] {processor.py:652} INFO - DAG(s) dict_keys(['example_branch_datetime_operator_2']) retrieved from /home/airflow/.local/lib/python3.7/site-packages/airflow/example_dags/example_branch_datetime_operator.py
[2022-06-28 14:16:42,211] {logging_mixin.py:109} INFO - [2022-06-28 14:16:42,211] {dag.py:2398} INFO - Sync 1 DAGs
[2022-06-28 14:16:42,226] {logging_mixin.py:109} INFO - [2022-06-28 14:16:42,225] {dag.py:2937} INFO - Setting next_dagrun for example_branch_datetime_operator_2 to 2022-06-27 00:00:00+00:00
[2022-06-28 14:16:42,234] {processor.py:171} INFO - Processing /home/airflow/.local/lib/python3.7/site-packages/airflow/example_dags/example_branch_datetime_operator.py took 0.059 seconds
[2022-06-28 14:17:12,451] {processor.py:163} INFO - Started process (PID=146) to work on /home/airflow/.local/lib/python3.7/site-packages/airflow/example_dags/example_branch_datetime_operator.py
[2022-06-28 14:17:12,451] {processor.py:642} INFO - Processing file /home/airflow/.local/lib/python3.7/site-packages/airflow/example_dags/example_branch_datetime_operator.py for tasks to queue
[2022-06-28 14:17:12,452] {logging_mixin.py:109} INFO - [2022-06-28 14:17:12,452] {dagbag.py:500} INFO - Filling up the DagBag from /home/airflow/.local/lib/python3.7/site-packages/airflow/example_dags/example_branch_datetime_operator.py
[2022-06-28 14:17:12,463] {processor.py:652} INFO - DAG(s) dict_keys(['example_branch_datetime_operator_2']) retrieved from /home/airflow/.local/lib/python3.7/site-packages/airflow/example_dags/example_branch_datetime_operator.py
[2022-06-28 14:17:12,474] {logging_mixin.py:109} INFO - [2022-06-28 14:17:12,474] {dag.py:2398} INFO - Sync 1 DAGs
[2022-06-28 14:17:12,485] {logging_mixin.py:109} INFO - [2022-06-28 14:17:12,485] {dag.py:2937} INFO - Setting next_dagrun for example_branch_datetime_operator_2 to 2022-06-27 00:00:00+00:00
[2022-06-28 14:17:12,490] {processor.py:171} INFO - Processing /home/airflow/.local/lib/python3.7/site-packages/airflow/example_dags/example_branch_datetime_operator.py took 0.041 seconds
[2022-06-28 14:17:43,326] {processor.py:163} INFO - Started process (PID=216) to work on /home/airflow/.local/lib/python3.7/site-packages/airflow/example_dags/example_branch_datetime_operator.py
[2022-06-28 14:17:43,327] {processor.py:642} INFO - Processing file /home/airflow/.local/lib/python3.7/site-packages/airflow/example_dags/example_branch_datetime_operator.py for tasks to queue
[2022-06-28 14:17:43,327] {logging_mixin.py:109} INFO - [2022-06-28 14:17:43,327] {dagbag.py:500} INFO - Filling up the DagBag from /home/airflow/.local/lib/python3.7/site-packages/airflow/example_dags/example_branch_datetime_operator.py
[2022-06-28 14:17:43,338] {processor.py:652} INFO - DAG(s) dict_keys(['example_branch_datetime_operator_2']) retrieved from /home/airflow/.local/lib/python3.7/site-packages/airflow/example_dags/example_branch_datetime_operator.py
[2022-06-28 14:17:43,350] {logging_mixin.py:109} INFO - [2022-06-28 14:17:43,350] {dag.py:2398} INFO - Sync 1 DAGs
[2022-06-28 14:17:43,365] {logging_mixin.py:109} INFO - [2022-06-28 14:17:43,365] {dag.py:2937} INFO - Setting next_dagrun for example_branch_datetime_operator_2 to 2022-06-27 00:00:00+00:00
[2022-06-28 14:17:43,372] {processor.py:171} INFO - Processing /home/airflow/.local/lib/python3.7/site-packages/airflow/example_dags/example_branch_datetime_operator.py took 0.048 seconds
[2022-06-28 14:18:14,148] {processor.py:163} INFO - Started process (PID=286) to work on /home/airflow/.local/lib/python3.7/site-packages/airflow/example_dags/example_branch_datetime_operator.py
[2022-06-28 14:18:14,149] {processor.py:642} INFO - Processing file /home/airflow/.local/lib/python3.7/site-packages/airflow/example_dags/example_branch_datetime_operator.py for tasks to queue
[2022-06-28 14:18:14,149] {logging_mixin.py:109} INFO - [2022-06-28 14:18:14,149] {dagbag.py:500} INFO - Filling up the DagBag from /home/airflow/.local/lib/python3.7/site-packages/airflow/example_dags/example_branch_datetime_operator.py
[2022-06-28 14:18:14,158] {processor.py:652} INFO - DAG(s) dict_keys(['example_branch_datetime_operator_2']) retrieved from /home/airflow/.local/lib/python3.7/site-packages/airflow/example_dags/example_branch_datetime_operator.py
[2022-06-28 14:18:14,170] {logging_mixin.py:109} INFO - [2022-06-28 14:18:14,170] {dag.py:2398} INFO - Sync 1 DAGs
[2022-06-28 14:18:14,182] {logging_mixin.py:109} INFO - [2022-06-28 14:18:14,182] {dag.py:2937} INFO - Setting next_dagrun for example_branch_datetime_operator_2 to 2022-06-27 00:00:00+00:00
[2022-06-28 14:18:14,188] {processor.py:171} INFO - Processing /home/airflow/.local/lib/python3.7/site-packages/airflow/example_dags/example_branch_datetime_operator.py took 0.041 seconds
[2022-06-28 14:18:44,840] {processor.py:163} INFO - Started process (PID=347) to work on /home/airflow/.local/lib/python3.7/site-packages/airflow/example_dags/example_branch_datetime_operator.py
[2022-06-28 14:18:44,840] {processor.py:642} INFO - Processing file /home/airflow/.local/lib/python3.7/site-packages/airflow/example_dags/example_branch_datetime_operator.py for tasks to queue
[2022-06-28 14:18:44,841] {logging_mixin.py:109} INFO - [2022-06-28 14:18:44,841] {dagbag.py:500} INFO - Filling up the DagBag from /home/airflow/.local/lib/python3.7/site-packages/airflow/example_dags/example_branch_datetime_operator.py
[2022-06-28 14:18:44,851] {processor.py:652} INFO - DAG(s) dict_keys(['example_branch_datetime_operator_2']) retrieved from /home/airflow/.local/lib/python3.7/site-packages/airflow/example_dags/example_branch_datetime_operator.py
[2022-06-28 14:18:44,863] {logging_mixin.py:109} INFO - [2022-06-28 14:18:44,863] {dag.py:2398} INFO - Sync 1 DAGs
[2022-06-28 14:18:44,875] {logging_mixin.py:109} INFO - [2022-06-28 14:18:44,875] {dag.py:2937} INFO - Setting next_dagrun for example_branch_datetime_operator_2 to 2022-06-27 00:00:00+00:00
[2022-06-28 14:18:44,880] {processor.py:171} INFO - Processing /home/airflow/.local/lib/python3.7/site-packages/airflow/example_dags/example_branch_datetime_operator.py took 0.042 seconds
[2022-06-28 14:19:15,538] {processor.py:163} INFO - Started process (PID=417) to work on /home/airflow/.local/lib/python3.7/site-packages/airflow/example_dags/example_branch_datetime_operator.py
[2022-06-28 14:19:15,538] {processor.py:642} INFO - Processing file /home/airflow/.local/lib/python3.7/site-packages/airflow/example_dags/example_branch_datetime_operator.py for tasks to queue
[2022-06-28 14:19:15,539] {logging_mixin.py:109} INFO - [2022-06-28 14:19:15,538] {dagbag.py:500} INFO - Filling up the DagBag from /home/airflow/.local/lib/python3.7/site-packages/airflow/example_dags/example_branch_datetime_operator.py
[2022-06-28 14:19:15,548] {processor.py:652} INFO - DAG(s) dict_keys(['example_branch_datetime_operator_2']) retrieved from /home/airflow/.local/lib/python3.7/site-packages/airflow/example_dags/example_branch_datetime_operator.py
[2022-06-28 14:19:15,559] {logging_mixin.py:109} INFO - [2022-06-28 14:19:15,559] {dag.py:2398} INFO - Sync 1 DAGs
[2022-06-28 14:19:15,572] {logging_mixin.py:109} INFO - [2022-06-28 14:19:15,572] {dag.py:2937} INFO - Setting next_dagrun for example_branch_datetime_operator_2 to 2022-06-27 00:00:00+00:00
[2022-06-28 14:19:15,578] {processor.py:171} INFO - Processing /home/airflow/.local/lib/python3.7/site-packages/airflow/example_dags/example_branch_datetime_operator.py took 0.042 seconds
[2022-06-28 14:19:46,318] {processor.py:163} INFO - Started process (PID=487) to work on /home/airflow/.local/lib/python3.7/site-packages/airflow/example_dags/example_branch_datetime_operator.py
[2022-06-28 14:19:46,319] {processor.py:642} INFO - Processing file /home/airflow/.local/lib/python3.7/site-packages/airflow/example_dags/example_branch_datetime_operator.py for tasks to queue
[2022-06-28 14:19:46,319] {logging_mixin.py:109} INFO - [2022-06-28 14:19:46,319] {dagbag.py:500} INFO - Filling up the DagBag from /home/airflow/.local/lib/python3.7/site-packages/airflow/example_dags/example_branch_datetime_operator.py
[2022-06-28 14:19:46,329] {processor.py:652} INFO - DAG(s) dict_keys(['example_branch_datetime_operator_2']) retrieved from /home/airflow/.local/lib/python3.7/site-packages/airflow/example_dags/example_branch_datetime_operator.py
[2022-06-28 14:19:46,340] {logging_mixin.py:109} INFO - [2022-06-28 14:19:46,340] {dag.py:2398} INFO - Sync 1 DAGs
[2022-06-28 14:19:46,352] {logging_mixin.py:109} INFO - [2022-06-28 14:19:46,352] {dag.py:2937} INFO - Setting next_dagrun for example_branch_datetime_operator_2 to 2022-06-27 00:00:00+00:00
[2022-06-28 14:19:46,358] {processor.py:171} INFO - Processing /home/airflow/.local/lib/python3.7/site-packages/airflow/example_dags/example_branch_datetime_operator.py took 0.041 seconds
[2022-06-28 14:20:17,049] {processor.py:163} INFO - Started process (PID=548) to work on /home/airflow/.local/lib/python3.7/site-packages/airflow/example_dags/example_branch_datetime_operator.py
[2022-06-28 14:20:17,049] {processor.py:642} INFO - Processing file /home/airflow/.local/lib/python3.7/site-packages/airflow/example_dags/example_branch_datetime_operator.py for tasks to queue
[2022-06-28 14:20:17,049] {logging_mixin.py:109} INFO - [2022-06-28 14:20:17,049] {dagbag.py:500} INFO - Filling up the DagBag from /home/airflow/.local/lib/python3.7/site-packages/airflow/example_dags/example_branch_datetime_operator.py
[2022-06-28 14:20:17,059] {processor.py:652} INFO - DAG(s) dict_keys(['example_branch_datetime_operator_2']) retrieved from /home/airflow/.local/lib/python3.7/site-packages/airflow/example_dags/example_branch_datetime_operator.py
[2022-06-28 14:20:17,070] {logging_mixin.py:109} INFO - [2022-06-28 14:20:17,070] {dag.py:2398} INFO - Sync 1 DAGs
[2022-06-28 14:20:17,084] {logging_mixin.py:109} INFO - [2022-06-28 14:20:17,084] {dag.py:2937} INFO - Setting next_dagrun for example_branch_datetime_operator_2 to 2022-06-27 00:00:00+00:00
[2022-06-28 14:20:17,090] {processor.py:171} INFO - Processing /home/airflow/.local/lib/python3.7/site-packages/airflow/example_dags/example_branch_datetime_operator.py took 0.043 seconds
[2022-06-28 14:20:47,864] {processor.py:163} INFO - Started process (PID=620) to work on /home/airflow/.local/lib/python3.7/site-packages/airflow/example_dags/example_branch_datetime_operator.py
[2022-06-28 14:20:47,864] {processor.py:642} INFO - Processing file /home/airflow/.local/lib/python3.7/site-packages/airflow/example_dags/example_branch_datetime_operator.py for tasks to queue
[2022-06-28 14:20:47,865] {logging_mixin.py:109} INFO - [2022-06-28 14:20:47,865] {dagbag.py:500} INFO - Filling up the DagBag from /home/airflow/.local/lib/python3.7/site-packages/airflow/example_dags/example_branch_datetime_operator.py
[2022-06-28 14:20:47,874] {processor.py:652} INFO - DAG(s) dict_keys(['example_branch_datetime_operator_2']) retrieved from /home/airflow/.local/lib/python3.7/site-packages/airflow/example_dags/example_branch_datetime_operator.py
[2022-06-28 14:20:47,886] {logging_mixin.py:109} INFO - [2022-06-28 14:20:47,886] {dag.py:2398} INFO - Sync 1 DAGs
[2022-06-28 14:20:47,898] {logging_mixin.py:109} INFO - [2022-06-28 14:20:47,898] {dag.py:2937} INFO - Setting next_dagrun for example_branch_datetime_operator_2 to 2022-06-27 00:00:00+00:00
[2022-06-28 14:20:47,903] {processor.py:171} INFO - Processing /home/airflow/.local/lib/python3.7/site-packages/airflow/example_dags/example_branch_datetime_operator.py took 0.041 seconds
[2022-06-28 14:21:18,537] {processor.py:163} INFO - Started process (PID=690) to work on /home/airflow/.local/lib/python3.7/site-packages/airflow/example_dags/example_branch_datetime_operator.py
[2022-06-28 14:21:18,537] {processor.py:642} INFO - Processing file /home/airflow/.local/lib/python3.7/site-packages/airflow/example_dags/example_branch_datetime_operator.py for tasks to queue
[2022-06-28 14:21:18,538] {logging_mixin.py:109} INFO - [2022-06-28 14:21:18,538] {dagbag.py:500} INFO - Filling up the DagBag from /home/airflow/.local/lib/python3.7/site-packages/airflow/example_dags/example_branch_datetime_operator.py
[2022-06-28 14:21:18,547] {processor.py:652} INFO - DAG(s) dict_keys(['example_branch_datetime_operator_2']) retrieved from /home/airflow/.local/lib/python3.7/site-packages/airflow/example_dags/example_branch_datetime_operator.py
[2022-06-28 14:21:18,559] {logging_mixin.py:109} INFO - [2022-06-28 14:21:18,559] {dag.py:2398} INFO - Sync 1 DAGs
[2022-06-28 14:21:18,573] {logging_mixin.py:109} INFO - [2022-06-28 14:21:18,573] {dag.py:2937} INFO - Setting next_dagrun for example_branch_datetime_operator_2 to 2022-06-27 00:00:00+00:00
[2022-06-28 14:21:18,580] {processor.py:171} INFO - Processing /home/airflow/.local/lib/python3.7/site-packages/airflow/example_dags/example_branch_datetime_operator.py took 0.045 seconds
[2022-06-28 14:21:49,427] {processor.py:163} INFO - Started process (PID=762) to work on /home/airflow/.local/lib/python3.7/site-packages/airflow/example_dags/example_branch_datetime_operator.py
[2022-06-28 14:21:49,428] {processor.py:642} INFO - Processing file /home/airflow/.local/lib/python3.7/site-packages/airflow/example_dags/example_branch_datetime_operator.py for tasks to queue
[2022-06-28 14:21:49,428] {logging_mixin.py:109} INFO - [2022-06-28 14:21:49,428] {dagbag.py:500} INFO - Filling up the DagBag from /home/airflow/.local/lib/python3.7/site-packages/airflow/example_dags/example_branch_datetime_operator.py
[2022-06-28 14:21:49,440] {processor.py:652} INFO - DAG(s) dict_keys(['example_branch_datetime_operator_2']) retrieved from /home/airflow/.local/lib/python3.7/site-packages/airflow/example_dags/example_branch_datetime_operator.py
[2022-06-28 14:21:49,452] {logging_mixin.py:109} INFO - [2022-06-28 14:21:49,452] {dag.py:2398} INFO - Sync 1 DAGs
[2022-06-28 14:21:49,465] {logging_mixin.py:109} INFO - [2022-06-28 14:21:49,465] {dag.py:2937} INFO - Setting next_dagrun for example_branch_datetime_operator_2 to 2022-06-27 00:00:00+00:00
[2022-06-28 14:21:49,473] {processor.py:171} INFO - Processing /home/airflow/.local/lib/python3.7/site-packages/airflow/example_dags/example_branch_datetime_operator.py took 0.047 seconds
[2022-06-28 14:22:20,295] {processor.py:163} INFO - Started process (PID=825) to work on /home/airflow/.local/lib/python3.7/site-packages/airflow/example_dags/example_branch_datetime_operator.py
[2022-06-28 14:22:20,296] {processor.py:642} INFO - Processing file /home/airflow/.local/lib/python3.7/site-packages/airflow/example_dags/example_branch_datetime_operator.py for tasks to queue
[2022-06-28 14:22:20,296] {logging_mixin.py:109} INFO - [2022-06-28 14:22:20,296] {dagbag.py:500} INFO - Filling up the DagBag from /home/airflow/.local/lib/python3.7/site-packages/airflow/example_dags/example_branch_datetime_operator.py
[2022-06-28 14:22:20,306] {processor.py:652} INFO - DAG(s) dict_keys(['example_branch_datetime_operator_2']) retrieved from /home/airflow/.local/lib/python3.7/site-packages/airflow/example_dags/example_branch_datetime_operator.py
[2022-06-28 14:22:20,318] {logging_mixin.py:109} INFO - [2022-06-28 14:22:20,318] {dag.py:2398} INFO - Sync 1 DAGs
[2022-06-28 14:22:20,329] {logging_mixin.py:109} INFO - [2022-06-28 14:22:20,329] {dag.py:2937} INFO - Setting next_dagrun for example_branch_datetime_operator_2 to 2022-06-27 00:00:00+00:00
[2022-06-28 14:22:20,335] {processor.py:171} INFO - Processing /home/airflow/.local/lib/python3.7/site-packages/airflow/example_dags/example_branch_datetime_operator.py took 0.041 seconds
[2022-06-28 14:22:51,075] {processor.py:163} INFO - Started process (PID=896) to work on /home/airflow/.local/lib/python3.7/site-packages/airflow/example_dags/example_branch_datetime_operator.py
[2022-06-28 14:22:51,075] {processor.py:642} INFO - Processing file /home/airflow/.local/lib/python3.7/site-packages/airflow/example_dags/example_branch_datetime_operator.py for tasks to queue
[2022-06-28 14:22:51,076] {logging_mixin.py:109} INFO - [2022-06-28 14:22:51,076] {dagbag.py:500} INFO - Filling up the DagBag from /home/airflow/.local/lib/python3.7/site-packages/airflow/example_dags/example_branch_datetime_operator.py
[2022-06-28 14:22:51,085] {processor.py:652} INFO - DAG(s) dict_keys(['example_branch_datetime_operator_2']) retrieved from /home/airflow/.local/lib/python3.7/site-packages/airflow/example_dags/example_branch_datetime_operator.py
[2022-06-28 14:22:51,098] {logging_mixin.py:109} INFO - [2022-06-28 14:22:51,098] {dag.py:2398} INFO - Sync 1 DAGs
[2022-06-28 14:22:51,114] {logging_mixin.py:109} INFO - [2022-06-28 14:22:51,114] {dag.py:2937} INFO - Setting next_dagrun for example_branch_datetime_operator_2 to 2022-06-27 00:00:00+00:00
[2022-06-28 14:22:51,121] {processor.py:171} INFO - Processing /home/airflow/.local/lib/python3.7/site-packages/airflow/example_dags/example_branch_datetime_operator.py took 0.048 seconds
[2022-06-28 14:23:21,735] {processor.py:163} INFO - Started process (PID=966) to work on /home/airflow/.local/lib/python3.7/site-packages/airflow/example_dags/example_branch_datetime_operator.py
[2022-06-28 14:23:21,736] {processor.py:642} INFO - Processing file /home/airflow/.local/lib/python3.7/site-packages/airflow/example_dags/example_branch_datetime_operator.py for tasks to queue
[2022-06-28 14:23:21,736] {logging_mixin.py:109} INFO - [2022-06-28 14:23:21,736] {dagbag.py:500} INFO - Filling up the DagBag from /home/airflow/.local/lib/python3.7/site-packages/airflow/example_dags/example_branch_datetime_operator.py
[2022-06-28 14:23:21,749] {processor.py:652} INFO - DAG(s) dict_keys(['example_branch_datetime_operator_2']) retrieved from /home/airflow/.local/lib/python3.7/site-packages/airflow/example_dags/example_branch_datetime_operator.py
[2022-06-28 14:23:21,764] {logging_mixin.py:109} INFO - [2022-06-28 14:23:21,764] {dag.py:2398} INFO - Sync 1 DAGs
[2022-06-28 14:23:21,781] {logging_mixin.py:109} INFO - [2022-06-28 14:23:21,781] {dag.py:2937} INFO - Setting next_dagrun for example_branch_datetime_operator_2 to 2022-06-27 00:00:00+00:00
[2022-06-28 14:23:21,789] {processor.py:171} INFO - Processing /home/airflow/.local/lib/python3.7/site-packages/airflow/example_dags/example_branch_datetime_operator.py took 0.056 seconds
[2022-06-28 14:23:53,248] {processor.py:163} INFO - Started process (PID=1028) to work on /home/airflow/.local/lib/python3.7/site-packages/airflow/example_dags/example_branch_datetime_operator.py
[2022-06-28 14:23:53,249] {processor.py:642} INFO - Processing file /home/airflow/.local/lib/python3.7/site-packages/airflow/example_dags/example_branch_datetime_operator.py for tasks to queue
[2022-06-28 14:23:53,249] {logging_mixin.py:109} INFO - [2022-06-28 14:23:53,249] {dagbag.py:500} INFO - Filling up the DagBag from /home/airflow/.local/lib/python3.7/site-packages/airflow/example_dags/example_branch_datetime_operator.py
[2022-06-28 14:23:53,260] {processor.py:652} INFO - DAG(s) dict_keys(['example_branch_datetime_operator_2']) retrieved from /home/airflow/.local/lib/python3.7/site-packages/airflow/example_dags/example_branch_datetime_operator.py
[2022-06-28 14:23:53,275] {logging_mixin.py:109} INFO - [2022-06-28 14:23:53,275] {dag.py:2398} INFO - Sync 1 DAGs
[2022-06-28 14:23:53,289] {logging_mixin.py:109} INFO - [2022-06-28 14:23:53,289] {dag.py:2937} INFO - Setting next_dagrun for example_branch_datetime_operator_2 to 2022-06-27 00:00:00+00:00
[2022-06-28 14:23:53,295] {processor.py:171} INFO - Processing /home/airflow/.local/lib/python3.7/site-packages/airflow/example_dags/example_branch_datetime_operator.py took 0.049 seconds
[2022-06-28 16:24:49,878] {processor.py:163} INFO - Started process (PID=1099) to work on /home/airflow/.local/lib/python3.7/site-packages/airflow/example_dags/example_branch_datetime_operator.py
[2022-06-28 16:24:49,879] {processor.py:642} INFO - Processing file /home/airflow/.local/lib/python3.7/site-packages/airflow/example_dags/example_branch_datetime_operator.py for tasks to queue
[2022-06-28 16:24:49,879] {logging_mixin.py:109} INFO - [2022-06-28 16:24:49,879] {dagbag.py:500} INFO - Filling up the DagBag from /home/airflow/.local/lib/python3.7/site-packages/airflow/example_dags/example_branch_datetime_operator.py
[2022-06-28 16:24:49,892] {processor.py:652} INFO - DAG(s) dict_keys(['example_branch_datetime_operator_2']) retrieved from /home/airflow/.local/lib/python3.7/site-packages/airflow/example_dags/example_branch_datetime_operator.py
[2022-06-28 16:24:49,908] {logging_mixin.py:109} INFO - [2022-06-28 16:24:49,908] {dag.py:2398} INFO - Sync 1 DAGs
[2022-06-28 16:24:49,926] {logging_mixin.py:109} INFO - [2022-06-28 16:24:49,926] {dag.py:2937} INFO - Setting next_dagrun for example_branch_datetime_operator_2 to 2022-06-27 00:00:00+00:00
[2022-06-28 16:24:49,934] {processor.py:171} INFO - Processing /home/airflow/.local/lib/python3.7/site-packages/airflow/example_dags/example_branch_datetime_operator.py took 0.058 seconds
