[2022-06-28 14:16:40,926] {processor.py:163} INFO - Started process (PID=70) to work on /home/airflow/.local/lib/python3.7/site-packages/airflow/example_dags/example_task_group_decorator.py
[2022-06-28 14:16:40,927] {processor.py:642} INFO - Processing file /home/airflow/.local/lib/python3.7/site-packages/airflow/example_dags/example_task_group_decorator.py for tasks to queue
[2022-06-28 14:16:40,928] {logging_mixin.py:109} INFO - [2022-06-28 14:16:40,928] {dagbag.py:500} INFO - Filling up the DagBag from /home/airflow/.local/lib/python3.7/site-packages/airflow/example_dags/example_task_group_decorator.py
[2022-06-28 14:16:40,963] {processor.py:652} INFO - DAG(s) dict_keys(['example_task_group_decorator']) retrieved from /home/airflow/.local/lib/python3.7/site-packages/airflow/example_dags/example_task_group_decorator.py
[2022-06-28 14:16:41,410] {logging_mixin.py:109} INFO - [2022-06-28 14:16:41,410] {dag.py:2398} INFO - Sync 1 DAGs
[2022-06-28 14:16:41,449] {logging_mixin.py:109} INFO - [2022-06-28 14:16:41,449] {dag.py:2937} INFO - Setting next_dagrun for example_task_group_decorator to 2022-06-27T14:16:41.449411+00:00
[2022-06-28 14:16:41,471] {processor.py:171} INFO - Processing /home/airflow/.local/lib/python3.7/site-packages/airflow/example_dags/example_task_group_decorator.py took 0.547 seconds
[2022-06-28 14:17:11,826] {processor.py:163} INFO - Started process (PID=139) to work on /home/airflow/.local/lib/python3.7/site-packages/airflow/example_dags/example_task_group_decorator.py
[2022-06-28 14:17:11,827] {processor.py:642} INFO - Processing file /home/airflow/.local/lib/python3.7/site-packages/airflow/example_dags/example_task_group_decorator.py for tasks to queue
[2022-06-28 14:17:11,827] {logging_mixin.py:109} INFO - [2022-06-28 14:17:11,827] {dagbag.py:500} INFO - Filling up the DagBag from /home/airflow/.local/lib/python3.7/site-packages/airflow/example_dags/example_task_group_decorator.py
[2022-06-28 14:17:11,845] {processor.py:652} INFO - DAG(s) dict_keys(['example_task_group_decorator']) retrieved from /home/airflow/.local/lib/python3.7/site-packages/airflow/example_dags/example_task_group_decorator.py
[2022-06-28 14:17:12,044] {logging_mixin.py:109} INFO - [2022-06-28 14:17:12,044] {dag.py:2398} INFO - Sync 1 DAGs
[2022-06-28 14:17:12,055] {logging_mixin.py:109} INFO - [2022-06-28 14:17:12,055] {dag.py:2937} INFO - Setting next_dagrun for example_task_group_decorator to 2022-06-27T14:17:12.055495+00:00
[2022-06-28 14:17:12,064] {processor.py:171} INFO - Processing /home/airflow/.local/lib/python3.7/site-packages/airflow/example_dags/example_task_group_decorator.py took 0.240 seconds
[2022-06-28 14:17:42,779] {processor.py:163} INFO - Started process (PID=209) to work on /home/airflow/.local/lib/python3.7/site-packages/airflow/example_dags/example_task_group_decorator.py
[2022-06-28 14:17:42,780] {processor.py:642} INFO - Processing file /home/airflow/.local/lib/python3.7/site-packages/airflow/example_dags/example_task_group_decorator.py for tasks to queue
[2022-06-28 14:17:42,780] {logging_mixin.py:109} INFO - [2022-06-28 14:17:42,780] {dagbag.py:500} INFO - Filling up the DagBag from /home/airflow/.local/lib/python3.7/site-packages/airflow/example_dags/example_task_group_decorator.py
[2022-06-28 14:17:42,805] {processor.py:652} INFO - DAG(s) dict_keys(['example_task_group_decorator']) retrieved from /home/airflow/.local/lib/python3.7/site-packages/airflow/example_dags/example_task_group_decorator.py
[2022-06-28 14:17:43,006] {logging_mixin.py:109} INFO - [2022-06-28 14:17:43,006] {dag.py:2398} INFO - Sync 1 DAGs
[2022-06-28 14:17:43,015] {logging_mixin.py:109} INFO - [2022-06-28 14:17:43,015] {dag.py:2937} INFO - Setting next_dagrun for example_task_group_decorator to 2022-06-27T14:17:43.015383+00:00
[2022-06-28 14:17:43,023] {processor.py:171} INFO - Processing /home/airflow/.local/lib/python3.7/site-packages/airflow/example_dags/example_task_group_decorator.py took 0.246 seconds
[2022-06-28 14:18:13,617] {processor.py:163} INFO - Started process (PID=279) to work on /home/airflow/.local/lib/python3.7/site-packages/airflow/example_dags/example_task_group_decorator.py
[2022-06-28 14:18:13,618] {processor.py:642} INFO - Processing file /home/airflow/.local/lib/python3.7/site-packages/airflow/example_dags/example_task_group_decorator.py for tasks to queue
[2022-06-28 14:18:13,618] {logging_mixin.py:109} INFO - [2022-06-28 14:18:13,618] {dagbag.py:500} INFO - Filling up the DagBag from /home/airflow/.local/lib/python3.7/site-packages/airflow/example_dags/example_task_group_decorator.py
[2022-06-28 14:18:13,636] {processor.py:652} INFO - DAG(s) dict_keys(['example_task_group_decorator']) retrieved from /home/airflow/.local/lib/python3.7/site-packages/airflow/example_dags/example_task_group_decorator.py
[2022-06-28 14:18:13,831] {logging_mixin.py:109} INFO - [2022-06-28 14:18:13,831] {dag.py:2398} INFO - Sync 1 DAGs
[2022-06-28 14:18:13,841] {logging_mixin.py:109} INFO - [2022-06-28 14:18:13,841] {dag.py:2937} INFO - Setting next_dagrun for example_task_group_decorator to 2022-06-27T14:18:13.841400+00:00
[2022-06-28 14:18:13,848] {processor.py:171} INFO - Processing /home/airflow/.local/lib/python3.7/site-packages/airflow/example_dags/example_task_group_decorator.py took 0.233 seconds
[2022-06-28 14:18:44,321] {processor.py:163} INFO - Started process (PID=340) to work on /home/airflow/.local/lib/python3.7/site-packages/airflow/example_dags/example_task_group_decorator.py
[2022-06-28 14:18:44,321] {processor.py:642} INFO - Processing file /home/airflow/.local/lib/python3.7/site-packages/airflow/example_dags/example_task_group_decorator.py for tasks to queue
[2022-06-28 14:18:44,321] {logging_mixin.py:109} INFO - [2022-06-28 14:18:44,321] {dagbag.py:500} INFO - Filling up the DagBag from /home/airflow/.local/lib/python3.7/site-packages/airflow/example_dags/example_task_group_decorator.py
[2022-06-28 14:18:44,338] {processor.py:652} INFO - DAG(s) dict_keys(['example_task_group_decorator']) retrieved from /home/airflow/.local/lib/python3.7/site-packages/airflow/example_dags/example_task_group_decorator.py
[2022-06-28 14:18:44,530] {logging_mixin.py:109} INFO - [2022-06-28 14:18:44,530] {dag.py:2398} INFO - Sync 1 DAGs
[2022-06-28 14:18:44,539] {logging_mixin.py:109} INFO - [2022-06-28 14:18:44,539] {dag.py:2937} INFO - Setting next_dagrun for example_task_group_decorator to 2022-06-27T14:18:44.539454+00:00
[2022-06-28 14:18:44,546] {processor.py:171} INFO - Processing /home/airflow/.local/lib/python3.7/site-packages/airflow/example_dags/example_task_group_decorator.py took 0.227 seconds
[2022-06-28 14:19:14,985] {processor.py:163} INFO - Started process (PID=410) to work on /home/airflow/.local/lib/python3.7/site-packages/airflow/example_dags/example_task_group_decorator.py
[2022-06-28 14:19:14,986] {processor.py:642} INFO - Processing file /home/airflow/.local/lib/python3.7/site-packages/airflow/example_dags/example_task_group_decorator.py for tasks to queue
[2022-06-28 14:19:14,986] {logging_mixin.py:109} INFO - [2022-06-28 14:19:14,986] {dagbag.py:500} INFO - Filling up the DagBag from /home/airflow/.local/lib/python3.7/site-packages/airflow/example_dags/example_task_group_decorator.py
[2022-06-28 14:19:15,007] {processor.py:652} INFO - DAG(s) dict_keys(['example_task_group_decorator']) retrieved from /home/airflow/.local/lib/python3.7/site-packages/airflow/example_dags/example_task_group_decorator.py
[2022-06-28 14:19:15,205] {logging_mixin.py:109} INFO - [2022-06-28 14:19:15,205] {dag.py:2398} INFO - Sync 1 DAGs
[2022-06-28 14:19:15,214] {logging_mixin.py:109} INFO - [2022-06-28 14:19:15,214] {dag.py:2937} INFO - Setting next_dagrun for example_task_group_decorator to 2022-06-27T14:19:15.214562+00:00
[2022-06-28 14:19:15,222] {processor.py:171} INFO - Processing /home/airflow/.local/lib/python3.7/site-packages/airflow/example_dags/example_task_group_decorator.py took 0.238 seconds
[2022-06-28 14:19:45,804] {processor.py:163} INFO - Started process (PID=480) to work on /home/airflow/.local/lib/python3.7/site-packages/airflow/example_dags/example_task_group_decorator.py
[2022-06-28 14:19:45,805] {processor.py:642} INFO - Processing file /home/airflow/.local/lib/python3.7/site-packages/airflow/example_dags/example_task_group_decorator.py for tasks to queue
[2022-06-28 14:19:45,805] {logging_mixin.py:109} INFO - [2022-06-28 14:19:45,805] {dagbag.py:500} INFO - Filling up the DagBag from /home/airflow/.local/lib/python3.7/site-packages/airflow/example_dags/example_task_group_decorator.py
[2022-06-28 14:19:45,822] {processor.py:652} INFO - DAG(s) dict_keys(['example_task_group_decorator']) retrieved from /home/airflow/.local/lib/python3.7/site-packages/airflow/example_dags/example_task_group_decorator.py
[2022-06-28 14:19:46,008] {logging_mixin.py:109} INFO - [2022-06-28 14:19:46,008] {dag.py:2398} INFO - Sync 1 DAGs
[2022-06-28 14:19:46,017] {logging_mixin.py:109} INFO - [2022-06-28 14:19:46,017] {dag.py:2937} INFO - Setting next_dagrun for example_task_group_decorator to 2022-06-27T14:19:46.017085+00:00
[2022-06-28 14:19:46,024] {processor.py:171} INFO - Processing /home/airflow/.local/lib/python3.7/site-packages/airflow/example_dags/example_task_group_decorator.py took 0.221 seconds
[2022-06-28 14:20:16,536] {processor.py:163} INFO - Started process (PID=541) to work on /home/airflow/.local/lib/python3.7/site-packages/airflow/example_dags/example_task_group_decorator.py
[2022-06-28 14:20:16,537] {processor.py:642} INFO - Processing file /home/airflow/.local/lib/python3.7/site-packages/airflow/example_dags/example_task_group_decorator.py for tasks to queue
[2022-06-28 14:20:16,537] {logging_mixin.py:109} INFO - [2022-06-28 14:20:16,537] {dagbag.py:500} INFO - Filling up the DagBag from /home/airflow/.local/lib/python3.7/site-packages/airflow/example_dags/example_task_group_decorator.py
[2022-06-28 14:20:16,554] {processor.py:652} INFO - DAG(s) dict_keys(['example_task_group_decorator']) retrieved from /home/airflow/.local/lib/python3.7/site-packages/airflow/example_dags/example_task_group_decorator.py
[2022-06-28 14:20:16,738] {logging_mixin.py:109} INFO - [2022-06-28 14:20:16,738] {dag.py:2398} INFO - Sync 1 DAGs
[2022-06-28 14:20:16,746] {logging_mixin.py:109} INFO - [2022-06-28 14:20:16,746] {dag.py:2937} INFO - Setting next_dagrun for example_task_group_decorator to 2022-06-27T14:20:16.746760+00:00
[2022-06-28 14:20:16,753] {processor.py:171} INFO - Processing /home/airflow/.local/lib/python3.7/site-packages/airflow/example_dags/example_task_group_decorator.py took 0.219 seconds
[2022-06-28 14:20:47,338] {processor.py:163} INFO - Started process (PID=613) to work on /home/airflow/.local/lib/python3.7/site-packages/airflow/example_dags/example_task_group_decorator.py
[2022-06-28 14:20:47,338] {processor.py:642} INFO - Processing file /home/airflow/.local/lib/python3.7/site-packages/airflow/example_dags/example_task_group_decorator.py for tasks to queue
[2022-06-28 14:20:47,339] {logging_mixin.py:109} INFO - [2022-06-28 14:20:47,339] {dagbag.py:500} INFO - Filling up the DagBag from /home/airflow/.local/lib/python3.7/site-packages/airflow/example_dags/example_task_group_decorator.py
[2022-06-28 14:20:47,355] {processor.py:652} INFO - DAG(s) dict_keys(['example_task_group_decorator']) retrieved from /home/airflow/.local/lib/python3.7/site-packages/airflow/example_dags/example_task_group_decorator.py
[2022-06-28 14:20:47,545] {logging_mixin.py:109} INFO - [2022-06-28 14:20:47,545] {dag.py:2398} INFO - Sync 1 DAGs
[2022-06-28 14:20:47,554] {logging_mixin.py:109} INFO - [2022-06-28 14:20:47,554] {dag.py:2937} INFO - Setting next_dagrun for example_task_group_decorator to 2022-06-27T14:20:47.554311+00:00
[2022-06-28 14:20:47,561] {processor.py:171} INFO - Processing /home/airflow/.local/lib/python3.7/site-packages/airflow/example_dags/example_task_group_decorator.py took 0.225 seconds
[2022-06-28 14:21:18,023] {processor.py:163} INFO - Started process (PID=683) to work on /home/airflow/.local/lib/python3.7/site-packages/airflow/example_dags/example_task_group_decorator.py
[2022-06-28 14:21:18,023] {processor.py:642} INFO - Processing file /home/airflow/.local/lib/python3.7/site-packages/airflow/example_dags/example_task_group_decorator.py for tasks to queue
[2022-06-28 14:21:18,024] {logging_mixin.py:109} INFO - [2022-06-28 14:21:18,024] {dagbag.py:500} INFO - Filling up the DagBag from /home/airflow/.local/lib/python3.7/site-packages/airflow/example_dags/example_task_group_decorator.py
[2022-06-28 14:21:18,040] {processor.py:652} INFO - DAG(s) dict_keys(['example_task_group_decorator']) retrieved from /home/airflow/.local/lib/python3.7/site-packages/airflow/example_dags/example_task_group_decorator.py
[2022-06-28 14:21:18,227] {logging_mixin.py:109} INFO - [2022-06-28 14:21:18,227] {dag.py:2398} INFO - Sync 1 DAGs
[2022-06-28 14:21:18,235] {logging_mixin.py:109} INFO - [2022-06-28 14:21:18,235] {dag.py:2937} INFO - Setting next_dagrun for example_task_group_decorator to 2022-06-27T14:21:18.235468+00:00
[2022-06-28 14:21:18,242] {processor.py:171} INFO - Processing /home/airflow/.local/lib/python3.7/site-packages/airflow/example_dags/example_task_group_decorator.py took 0.221 seconds
[2022-06-28 14:21:48,779] {processor.py:163} INFO - Started process (PID=744) to work on /home/airflow/.local/lib/python3.7/site-packages/airflow/example_dags/example_task_group_decorator.py
[2022-06-28 14:21:48,780] {processor.py:642} INFO - Processing file /home/airflow/.local/lib/python3.7/site-packages/airflow/example_dags/example_task_group_decorator.py for tasks to queue
[2022-06-28 14:21:48,781] {logging_mixin.py:109} INFO - [2022-06-28 14:21:48,780] {dagbag.py:500} INFO - Filling up the DagBag from /home/airflow/.local/lib/python3.7/site-packages/airflow/example_dags/example_task_group_decorator.py
[2022-06-28 14:21:48,798] {processor.py:652} INFO - DAG(s) dict_keys(['example_task_group_decorator']) retrieved from /home/airflow/.local/lib/python3.7/site-packages/airflow/example_dags/example_task_group_decorator.py
[2022-06-28 14:21:49,005] {logging_mixin.py:109} INFO - [2022-06-28 14:21:49,005] {dag.py:2398} INFO - Sync 1 DAGs
[2022-06-28 14:21:49,014] {logging_mixin.py:109} INFO - [2022-06-28 14:21:49,014] {dag.py:2937} INFO - Setting next_dagrun for example_task_group_decorator to 2022-06-27T14:21:49.014094+00:00
[2022-06-28 14:21:49,020] {processor.py:171} INFO - Processing /home/airflow/.local/lib/python3.7/site-packages/airflow/example_dags/example_task_group_decorator.py took 0.243 seconds
[2022-06-28 14:22:19,777] {processor.py:163} INFO - Started process (PID=818) to work on /home/airflow/.local/lib/python3.7/site-packages/airflow/example_dags/example_task_group_decorator.py
[2022-06-28 14:22:19,777] {processor.py:642} INFO - Processing file /home/airflow/.local/lib/python3.7/site-packages/airflow/example_dags/example_task_group_decorator.py for tasks to queue
[2022-06-28 14:22:19,778] {logging_mixin.py:109} INFO - [2022-06-28 14:22:19,778] {dagbag.py:500} INFO - Filling up the DagBag from /home/airflow/.local/lib/python3.7/site-packages/airflow/example_dags/example_task_group_decorator.py
[2022-06-28 14:22:19,794] {processor.py:652} INFO - DAG(s) dict_keys(['example_task_group_decorator']) retrieved from /home/airflow/.local/lib/python3.7/site-packages/airflow/example_dags/example_task_group_decorator.py
[2022-06-28 14:22:19,986] {logging_mixin.py:109} INFO - [2022-06-28 14:22:19,986] {dag.py:2398} INFO - Sync 1 DAGs
[2022-06-28 14:22:19,994] {logging_mixin.py:109} INFO - [2022-06-28 14:22:19,994] {dag.py:2937} INFO - Setting next_dagrun for example_task_group_decorator to 2022-06-27T14:22:19.994547+00:00
[2022-06-28 14:22:20,001] {processor.py:171} INFO - Processing /home/airflow/.local/lib/python3.7/site-packages/airflow/example_dags/example_task_group_decorator.py took 0.226 seconds
[2022-06-28 14:22:50,550] {processor.py:163} INFO - Started process (PID=889) to work on /home/airflow/.local/lib/python3.7/site-packages/airflow/example_dags/example_task_group_decorator.py
[2022-06-28 14:22:50,551] {processor.py:642} INFO - Processing file /home/airflow/.local/lib/python3.7/site-packages/airflow/example_dags/example_task_group_decorator.py for tasks to queue
[2022-06-28 14:22:50,551] {logging_mixin.py:109} INFO - [2022-06-28 14:22:50,551] {dagbag.py:500} INFO - Filling up the DagBag from /home/airflow/.local/lib/python3.7/site-packages/airflow/example_dags/example_task_group_decorator.py
[2022-06-28 14:22:50,567] {processor.py:652} INFO - DAG(s) dict_keys(['example_task_group_decorator']) retrieved from /home/airflow/.local/lib/python3.7/site-packages/airflow/example_dags/example_task_group_decorator.py
[2022-06-28 14:22:50,753] {logging_mixin.py:109} INFO - [2022-06-28 14:22:50,753] {dag.py:2398} INFO - Sync 1 DAGs
[2022-06-28 14:22:50,762] {logging_mixin.py:109} INFO - [2022-06-28 14:22:50,762] {dag.py:2937} INFO - Setting next_dagrun for example_task_group_decorator to 2022-06-27T14:22:50.761953+00:00
[2022-06-28 14:22:50,771] {processor.py:171} INFO - Processing /home/airflow/.local/lib/python3.7/site-packages/airflow/example_dags/example_task_group_decorator.py took 0.223 seconds
[2022-06-28 14:23:21,183] {processor.py:163} INFO - Started process (PID=957) to work on /home/airflow/.local/lib/python3.7/site-packages/airflow/example_dags/example_task_group_decorator.py
[2022-06-28 14:23:21,184] {processor.py:642} INFO - Processing file /home/airflow/.local/lib/python3.7/site-packages/airflow/example_dags/example_task_group_decorator.py for tasks to queue
[2022-06-28 14:23:21,184] {logging_mixin.py:109} INFO - [2022-06-28 14:23:21,184] {dagbag.py:500} INFO - Filling up the DagBag from /home/airflow/.local/lib/python3.7/site-packages/airflow/example_dags/example_task_group_decorator.py
[2022-06-28 14:23:21,201] {processor.py:652} INFO - DAG(s) dict_keys(['example_task_group_decorator']) retrieved from /home/airflow/.local/lib/python3.7/site-packages/airflow/example_dags/example_task_group_decorator.py
[2022-06-28 14:23:21,409] {logging_mixin.py:109} INFO - [2022-06-28 14:23:21,409] {dag.py:2398} INFO - Sync 1 DAGs
[2022-06-28 14:23:21,418] {logging_mixin.py:109} INFO - [2022-06-28 14:23:21,417] {dag.py:2937} INFO - Setting next_dagrun for example_task_group_decorator to 2022-06-27T14:23:21.417817+00:00
[2022-06-28 14:23:21,425] {processor.py:171} INFO - Processing /home/airflow/.local/lib/python3.7/site-packages/airflow/example_dags/example_task_group_decorator.py took 0.243 seconds
[2022-06-28 14:23:52,740] {processor.py:163} INFO - Started process (PID=1021) to work on /home/airflow/.local/lib/python3.7/site-packages/airflow/example_dags/example_task_group_decorator.py
[2022-06-28 14:23:52,740] {processor.py:642} INFO - Processing file /home/airflow/.local/lib/python3.7/site-packages/airflow/example_dags/example_task_group_decorator.py for tasks to queue
[2022-06-28 14:23:52,741] {logging_mixin.py:109} INFO - [2022-06-28 14:23:52,741] {dagbag.py:500} INFO - Filling up the DagBag from /home/airflow/.local/lib/python3.7/site-packages/airflow/example_dags/example_task_group_decorator.py
[2022-06-28 14:23:52,758] {processor.py:652} INFO - DAG(s) dict_keys(['example_task_group_decorator']) retrieved from /home/airflow/.local/lib/python3.7/site-packages/airflow/example_dags/example_task_group_decorator.py
[2022-06-28 14:23:52,996] {logging_mixin.py:109} INFO - [2022-06-28 14:23:52,996] {dag.py:2398} INFO - Sync 1 DAGs
[2022-06-28 14:23:53,005] {logging_mixin.py:109} INFO - [2022-06-28 14:23:53,005] {dag.py:2937} INFO - Setting next_dagrun for example_task_group_decorator to 2022-06-27T14:23:53.005350+00:00
[2022-06-28 14:23:53,012] {processor.py:171} INFO - Processing /home/airflow/.local/lib/python3.7/site-packages/airflow/example_dags/example_task_group_decorator.py took 0.274 seconds
[2022-06-28 16:24:49,097] {processor.py:163} INFO - Started process (PID=1092) to work on /home/airflow/.local/lib/python3.7/site-packages/airflow/example_dags/example_task_group_decorator.py
[2022-06-28 16:24:49,098] {processor.py:642} INFO - Processing file /home/airflow/.local/lib/python3.7/site-packages/airflow/example_dags/example_task_group_decorator.py for tasks to queue
[2022-06-28 16:24:49,098] {logging_mixin.py:109} INFO - [2022-06-28 16:24:49,098] {dagbag.py:500} INFO - Filling up the DagBag from /home/airflow/.local/lib/python3.7/site-packages/airflow/example_dags/example_task_group_decorator.py
[2022-06-28 16:24:49,156] {processor.py:652} INFO - DAG(s) dict_keys(['example_task_group_decorator']) retrieved from /home/airflow/.local/lib/python3.7/site-packages/airflow/example_dags/example_task_group_decorator.py
[2022-06-28 16:24:49,452] {logging_mixin.py:109} INFO - [2022-06-28 16:24:49,452] {dag.py:2398} INFO - Sync 1 DAGs
[2022-06-28 16:24:49,467] {logging_mixin.py:109} INFO - [2022-06-28 16:24:49,467] {dag.py:2937} INFO - Setting next_dagrun for example_task_group_decorator to 2022-06-27T16:24:49.467343+00:00
[2022-06-28 16:24:49,481] {processor.py:171} INFO - Processing /home/airflow/.local/lib/python3.7/site-packages/airflow/example_dags/example_task_group_decorator.py took 0.392 seconds
