[2022-06-28 14:16:42,234] {processor.py:163} INFO - Started process (PID=78) to work on /home/airflow/.local/lib/python3.7/site-packages/airflow/example_dags/example_branch_day_of_week_operator.py
[2022-06-28 14:16:42,235] {processor.py:642} INFO - Processing file /home/airflow/.local/lib/python3.7/site-packages/airflow/example_dags/example_branch_day_of_week_operator.py for tasks to queue
[2022-06-28 14:16:42,236] {logging_mixin.py:109} INFO - [2022-06-28 14:16:42,236] {dagbag.py:500} INFO - Filling up the DagBag from /home/airflow/.local/lib/python3.7/site-packages/airflow/example_dags/example_branch_day_of_week_operator.py
[2022-06-28 14:16:42,258] {processor.py:652} INFO - DAG(s) dict_keys(['example_weekday_branch_operator']) retrieved from /home/airflow/.local/lib/python3.7/site-packages/airflow/example_dags/example_branch_day_of_week_operator.py
[2022-06-28 14:16:42,275] {logging_mixin.py:109} INFO - [2022-06-28 14:16:42,275] {dag.py:2398} INFO - Sync 1 DAGs
[2022-06-28 14:16:42,295] {logging_mixin.py:109} INFO - [2022-06-28 14:16:42,294] {dag.py:2937} INFO - Setting next_dagrun for example_weekday_branch_operator to 2022-06-27 00:00:00+00:00
[2022-06-28 14:16:42,303] {processor.py:171} INFO - Processing /home/airflow/.local/lib/python3.7/site-packages/airflow/example_dags/example_branch_day_of_week_operator.py took 0.071 seconds
[2022-06-28 14:17:12,502] {processor.py:163} INFO - Started process (PID=147) to work on /home/airflow/.local/lib/python3.7/site-packages/airflow/example_dags/example_branch_day_of_week_operator.py
[2022-06-28 14:17:12,502] {processor.py:642} INFO - Processing file /home/airflow/.local/lib/python3.7/site-packages/airflow/example_dags/example_branch_day_of_week_operator.py for tasks to queue
[2022-06-28 14:17:12,503] {logging_mixin.py:109} INFO - [2022-06-28 14:17:12,503] {dagbag.py:500} INFO - Filling up the DagBag from /home/airflow/.local/lib/python3.7/site-packages/airflow/example_dags/example_branch_day_of_week_operator.py
[2022-06-28 14:17:12,515] {processor.py:652} INFO - DAG(s) dict_keys(['example_weekday_branch_operator']) retrieved from /home/airflow/.local/lib/python3.7/site-packages/airflow/example_dags/example_branch_day_of_week_operator.py
[2022-06-28 14:17:12,526] {logging_mixin.py:109} INFO - [2022-06-28 14:17:12,526] {dag.py:2398} INFO - Sync 1 DAGs
[2022-06-28 14:17:12,537] {logging_mixin.py:109} INFO - [2022-06-28 14:17:12,537] {dag.py:2937} INFO - Setting next_dagrun for example_weekday_branch_operator to 2022-06-27 00:00:00+00:00
[2022-06-28 14:17:12,542] {processor.py:171} INFO - Processing /home/airflow/.local/lib/python3.7/site-packages/airflow/example_dags/example_branch_day_of_week_operator.py took 0.042 seconds
[2022-06-28 14:17:43,372] {processor.py:163} INFO - Started process (PID=217) to work on /home/airflow/.local/lib/python3.7/site-packages/airflow/example_dags/example_branch_day_of_week_operator.py
[2022-06-28 14:17:43,372] {processor.py:642} INFO - Processing file /home/airflow/.local/lib/python3.7/site-packages/airflow/example_dags/example_branch_day_of_week_operator.py for tasks to queue
[2022-06-28 14:17:43,373] {logging_mixin.py:109} INFO - [2022-06-28 14:17:43,373] {dagbag.py:500} INFO - Filling up the DagBag from /home/airflow/.local/lib/python3.7/site-packages/airflow/example_dags/example_branch_day_of_week_operator.py
[2022-06-28 14:17:43,384] {processor.py:652} INFO - DAG(s) dict_keys(['example_weekday_branch_operator']) retrieved from /home/airflow/.local/lib/python3.7/site-packages/airflow/example_dags/example_branch_day_of_week_operator.py
[2022-06-28 14:17:43,396] {logging_mixin.py:109} INFO - [2022-06-28 14:17:43,396] {dag.py:2398} INFO - Sync 1 DAGs
[2022-06-28 14:17:43,407] {logging_mixin.py:109} INFO - [2022-06-28 14:17:43,407] {dag.py:2937} INFO - Setting next_dagrun for example_weekday_branch_operator to 2022-06-27 00:00:00+00:00
[2022-06-28 14:17:43,413] {processor.py:171} INFO - Processing /home/airflow/.local/lib/python3.7/site-packages/airflow/example_dags/example_branch_day_of_week_operator.py took 0.044 seconds
[2022-06-28 14:18:14,183] {processor.py:163} INFO - Started process (PID=287) to work on /home/airflow/.local/lib/python3.7/site-packages/airflow/example_dags/example_branch_day_of_week_operator.py
[2022-06-28 14:18:14,183] {processor.py:642} INFO - Processing file /home/airflow/.local/lib/python3.7/site-packages/airflow/example_dags/example_branch_day_of_week_operator.py for tasks to queue
[2022-06-28 14:18:14,183] {logging_mixin.py:109} INFO - [2022-06-28 14:18:14,183] {dagbag.py:500} INFO - Filling up the DagBag from /home/airflow/.local/lib/python3.7/site-packages/airflow/example_dags/example_branch_day_of_week_operator.py
[2022-06-28 14:18:14,193] {processor.py:652} INFO - DAG(s) dict_keys(['example_weekday_branch_operator']) retrieved from /home/airflow/.local/lib/python3.7/site-packages/airflow/example_dags/example_branch_day_of_week_operator.py
[2022-06-28 14:18:14,204] {logging_mixin.py:109} INFO - [2022-06-28 14:18:14,204] {dag.py:2398} INFO - Sync 1 DAGs
[2022-06-28 14:18:14,215] {logging_mixin.py:109} INFO - [2022-06-28 14:18:14,215] {dag.py:2937} INFO - Setting next_dagrun for example_weekday_branch_operator to 2022-06-27 00:00:00+00:00
[2022-06-28 14:18:14,221] {processor.py:171} INFO - Processing /home/airflow/.local/lib/python3.7/site-packages/airflow/example_dags/example_branch_day_of_week_operator.py took 0.040 seconds
[2022-06-28 14:18:44,861] {processor.py:163} INFO - Started process (PID=348) to work on /home/airflow/.local/lib/python3.7/site-packages/airflow/example_dags/example_branch_day_of_week_operator.py
[2022-06-28 14:18:44,862] {processor.py:642} INFO - Processing file /home/airflow/.local/lib/python3.7/site-packages/airflow/example_dags/example_branch_day_of_week_operator.py for tasks to queue
[2022-06-28 14:18:44,862] {logging_mixin.py:109} INFO - [2022-06-28 14:18:44,862] {dagbag.py:500} INFO - Filling up the DagBag from /home/airflow/.local/lib/python3.7/site-packages/airflow/example_dags/example_branch_day_of_week_operator.py
[2022-06-28 14:18:44,872] {processor.py:652} INFO - DAG(s) dict_keys(['example_weekday_branch_operator']) retrieved from /home/airflow/.local/lib/python3.7/site-packages/airflow/example_dags/example_branch_day_of_week_operator.py
[2022-06-28 14:18:44,883] {logging_mixin.py:109} INFO - [2022-06-28 14:18:44,883] {dag.py:2398} INFO - Sync 1 DAGs
[2022-06-28 14:18:44,896] {logging_mixin.py:109} INFO - [2022-06-28 14:18:44,896] {dag.py:2937} INFO - Setting next_dagrun for example_weekday_branch_operator to 2022-06-27 00:00:00+00:00
[2022-06-28 14:18:44,902] {processor.py:171} INFO - Processing /home/airflow/.local/lib/python3.7/site-packages/airflow/example_dags/example_branch_day_of_week_operator.py took 0.042 seconds
[2022-06-28 14:19:15,570] {processor.py:163} INFO - Started process (PID=418) to work on /home/airflow/.local/lib/python3.7/site-packages/airflow/example_dags/example_branch_day_of_week_operator.py
[2022-06-28 14:19:15,571] {processor.py:642} INFO - Processing file /home/airflow/.local/lib/python3.7/site-packages/airflow/example_dags/example_branch_day_of_week_operator.py for tasks to queue
[2022-06-28 14:19:15,571] {logging_mixin.py:109} INFO - [2022-06-28 14:19:15,571] {dagbag.py:500} INFO - Filling up the DagBag from /home/airflow/.local/lib/python3.7/site-packages/airflow/example_dags/example_branch_day_of_week_operator.py
[2022-06-28 14:19:15,581] {processor.py:652} INFO - DAG(s) dict_keys(['example_weekday_branch_operator']) retrieved from /home/airflow/.local/lib/python3.7/site-packages/airflow/example_dags/example_branch_day_of_week_operator.py
[2022-06-28 14:19:15,593] {logging_mixin.py:109} INFO - [2022-06-28 14:19:15,593] {dag.py:2398} INFO - Sync 1 DAGs
[2022-06-28 14:19:15,604] {logging_mixin.py:109} INFO - [2022-06-28 14:19:15,604] {dag.py:2937} INFO - Setting next_dagrun for example_weekday_branch_operator to 2022-06-27 00:00:00+00:00
[2022-06-28 14:19:15,612] {processor.py:171} INFO - Processing /home/airflow/.local/lib/python3.7/site-packages/airflow/example_dags/example_branch_day_of_week_operator.py took 0.043 seconds
[2022-06-28 14:19:46,348] {processor.py:163} INFO - Started process (PID=488) to work on /home/airflow/.local/lib/python3.7/site-packages/airflow/example_dags/example_branch_day_of_week_operator.py
[2022-06-28 14:19:46,348] {processor.py:642} INFO - Processing file /home/airflow/.local/lib/python3.7/site-packages/airflow/example_dags/example_branch_day_of_week_operator.py for tasks to queue
[2022-06-28 14:19:46,348] {logging_mixin.py:109} INFO - [2022-06-28 14:19:46,348] {dagbag.py:500} INFO - Filling up the DagBag from /home/airflow/.local/lib/python3.7/site-packages/airflow/example_dags/example_branch_day_of_week_operator.py
[2022-06-28 14:19:46,358] {processor.py:652} INFO - DAG(s) dict_keys(['example_weekday_branch_operator']) retrieved from /home/airflow/.local/lib/python3.7/site-packages/airflow/example_dags/example_branch_day_of_week_operator.py
[2022-06-28 14:19:46,370] {logging_mixin.py:109} INFO - [2022-06-28 14:19:46,370] {dag.py:2398} INFO - Sync 1 DAGs
[2022-06-28 14:19:46,381] {logging_mixin.py:109} INFO - [2022-06-28 14:19:46,381] {dag.py:2937} INFO - Setting next_dagrun for example_weekday_branch_operator to 2022-06-27 00:00:00+00:00
[2022-06-28 14:19:46,386] {processor.py:171} INFO - Processing /home/airflow/.local/lib/python3.7/site-packages/airflow/example_dags/example_branch_day_of_week_operator.py took 0.041 seconds
[2022-06-28 14:20:17,088] {processor.py:163} INFO - Started process (PID=549) to work on /home/airflow/.local/lib/python3.7/site-packages/airflow/example_dags/example_branch_day_of_week_operator.py
[2022-06-28 14:20:17,089] {processor.py:642} INFO - Processing file /home/airflow/.local/lib/python3.7/site-packages/airflow/example_dags/example_branch_day_of_week_operator.py for tasks to queue
[2022-06-28 14:20:17,089] {logging_mixin.py:109} INFO - [2022-06-28 14:20:17,089] {dagbag.py:500} INFO - Filling up the DagBag from /home/airflow/.local/lib/python3.7/site-packages/airflow/example_dags/example_branch_day_of_week_operator.py
[2022-06-28 14:20:17,100] {processor.py:652} INFO - DAG(s) dict_keys(['example_weekday_branch_operator']) retrieved from /home/airflow/.local/lib/python3.7/site-packages/airflow/example_dags/example_branch_day_of_week_operator.py
[2022-06-28 14:20:17,112] {logging_mixin.py:109} INFO - [2022-06-28 14:20:17,112] {dag.py:2398} INFO - Sync 1 DAGs
[2022-06-28 14:20:17,123] {logging_mixin.py:109} INFO - [2022-06-28 14:20:17,123] {dag.py:2937} INFO - Setting next_dagrun for example_weekday_branch_operator to 2022-06-27 00:00:00+00:00
[2022-06-28 14:20:17,128] {processor.py:171} INFO - Processing /home/airflow/.local/lib/python3.7/site-packages/airflow/example_dags/example_branch_day_of_week_operator.py took 0.042 seconds
[2022-06-28 14:20:47,885] {processor.py:163} INFO - Started process (PID=621) to work on /home/airflow/.local/lib/python3.7/site-packages/airflow/example_dags/example_branch_day_of_week_operator.py
[2022-06-28 14:20:47,885] {processor.py:642} INFO - Processing file /home/airflow/.local/lib/python3.7/site-packages/airflow/example_dags/example_branch_day_of_week_operator.py for tasks to queue
[2022-06-28 14:20:47,886] {logging_mixin.py:109} INFO - [2022-06-28 14:20:47,885] {dagbag.py:500} INFO - Filling up the DagBag from /home/airflow/.local/lib/python3.7/site-packages/airflow/example_dags/example_branch_day_of_week_operator.py
[2022-06-28 14:20:47,895] {processor.py:652} INFO - DAG(s) dict_keys(['example_weekday_branch_operator']) retrieved from /home/airflow/.local/lib/python3.7/site-packages/airflow/example_dags/example_branch_day_of_week_operator.py
[2022-06-28 14:20:47,908] {logging_mixin.py:109} INFO - [2022-06-28 14:20:47,908] {dag.py:2398} INFO - Sync 1 DAGs
[2022-06-28 14:20:47,919] {logging_mixin.py:109} INFO - [2022-06-28 14:20:47,919] {dag.py:2937} INFO - Setting next_dagrun for example_weekday_branch_operator to 2022-06-27 00:00:00+00:00
[2022-06-28 14:20:47,925] {processor.py:171} INFO - Processing /home/airflow/.local/lib/python3.7/site-packages/airflow/example_dags/example_branch_day_of_week_operator.py took 0.042 seconds
[2022-06-28 14:21:18,570] {processor.py:163} INFO - Started process (PID=691) to work on /home/airflow/.local/lib/python3.7/site-packages/airflow/example_dags/example_branch_day_of_week_operator.py
[2022-06-28 14:21:18,570] {processor.py:642} INFO - Processing file /home/airflow/.local/lib/python3.7/site-packages/airflow/example_dags/example_branch_day_of_week_operator.py for tasks to queue
[2022-06-28 14:21:18,571] {logging_mixin.py:109} INFO - [2022-06-28 14:21:18,571] {dagbag.py:500} INFO - Filling up the DagBag from /home/airflow/.local/lib/python3.7/site-packages/airflow/example_dags/example_branch_day_of_week_operator.py
[2022-06-28 14:21:18,580] {processor.py:652} INFO - DAG(s) dict_keys(['example_weekday_branch_operator']) retrieved from /home/airflow/.local/lib/python3.7/site-packages/airflow/example_dags/example_branch_day_of_week_operator.py
[2022-06-28 14:21:18,591] {logging_mixin.py:109} INFO - [2022-06-28 14:21:18,591] {dag.py:2398} INFO - Sync 1 DAGs
[2022-06-28 14:21:18,607] {logging_mixin.py:109} INFO - [2022-06-28 14:21:18,607] {dag.py:2937} INFO - Setting next_dagrun for example_weekday_branch_operator to 2022-06-27 00:00:00+00:00
[2022-06-28 14:21:18,613] {processor.py:171} INFO - Processing /home/airflow/.local/lib/python3.7/site-packages/airflow/example_dags/example_branch_day_of_week_operator.py took 0.045 seconds
[2022-06-28 14:21:49,480] {processor.py:163} INFO - Started process (PID=765) to work on /home/airflow/.local/lib/python3.7/site-packages/airflow/example_dags/example_branch_day_of_week_operator.py
[2022-06-28 14:21:49,480] {processor.py:642} INFO - Processing file /home/airflow/.local/lib/python3.7/site-packages/airflow/example_dags/example_branch_day_of_week_operator.py for tasks to queue
[2022-06-28 14:21:49,481] {logging_mixin.py:109} INFO - [2022-06-28 14:21:49,481] {dagbag.py:500} INFO - Filling up the DagBag from /home/airflow/.local/lib/python3.7/site-packages/airflow/example_dags/example_branch_day_of_week_operator.py
[2022-06-28 14:21:49,494] {processor.py:652} INFO - DAG(s) dict_keys(['example_weekday_branch_operator']) retrieved from /home/airflow/.local/lib/python3.7/site-packages/airflow/example_dags/example_branch_day_of_week_operator.py
[2022-06-28 14:21:49,509] {logging_mixin.py:109} INFO - [2022-06-28 14:21:49,509] {dag.py:2398} INFO - Sync 1 DAGs
[2022-06-28 14:21:49,525] {logging_mixin.py:109} INFO - [2022-06-28 14:21:49,525] {dag.py:2937} INFO - Setting next_dagrun for example_weekday_branch_operator to 2022-06-27 00:00:00+00:00
[2022-06-28 14:21:49,535] {processor.py:171} INFO - Processing /home/airflow/.local/lib/python3.7/site-packages/airflow/example_dags/example_branch_day_of_week_operator.py took 0.057 seconds
[2022-06-28 14:22:20,326] {processor.py:163} INFO - Started process (PID=826) to work on /home/airflow/.local/lib/python3.7/site-packages/airflow/example_dags/example_branch_day_of_week_operator.py
[2022-06-28 14:22:20,326] {processor.py:642} INFO - Processing file /home/airflow/.local/lib/python3.7/site-packages/airflow/example_dags/example_branch_day_of_week_operator.py for tasks to queue
[2022-06-28 14:22:20,327] {logging_mixin.py:109} INFO - [2022-06-28 14:22:20,326] {dagbag.py:500} INFO - Filling up the DagBag from /home/airflow/.local/lib/python3.7/site-packages/airflow/example_dags/example_branch_day_of_week_operator.py
[2022-06-28 14:22:20,336] {processor.py:652} INFO - DAG(s) dict_keys(['example_weekday_branch_operator']) retrieved from /home/airflow/.local/lib/python3.7/site-packages/airflow/example_dags/example_branch_day_of_week_operator.py
[2022-06-28 14:22:20,348] {logging_mixin.py:109} INFO - [2022-06-28 14:22:20,348] {dag.py:2398} INFO - Sync 1 DAGs
[2022-06-28 14:22:20,360] {logging_mixin.py:109} INFO - [2022-06-28 14:22:20,360] {dag.py:2937} INFO - Setting next_dagrun for example_weekday_branch_operator to 2022-06-27 00:00:00+00:00
[2022-06-28 14:22:20,365] {processor.py:171} INFO - Processing /home/airflow/.local/lib/python3.7/site-packages/airflow/example_dags/example_branch_day_of_week_operator.py took 0.041 seconds
[2022-06-28 14:22:51,098] {processor.py:163} INFO - Started process (PID=897) to work on /home/airflow/.local/lib/python3.7/site-packages/airflow/example_dags/example_branch_day_of_week_operator.py
[2022-06-28 14:22:51,099] {processor.py:642} INFO - Processing file /home/airflow/.local/lib/python3.7/site-packages/airflow/example_dags/example_branch_day_of_week_operator.py for tasks to queue
[2022-06-28 14:22:51,100] {logging_mixin.py:109} INFO - [2022-06-28 14:22:51,099] {dagbag.py:500} INFO - Filling up the DagBag from /home/airflow/.local/lib/python3.7/site-packages/airflow/example_dags/example_branch_day_of_week_operator.py
[2022-06-28 14:22:51,112] {processor.py:652} INFO - DAG(s) dict_keys(['example_weekday_branch_operator']) retrieved from /home/airflow/.local/lib/python3.7/site-packages/airflow/example_dags/example_branch_day_of_week_operator.py
[2022-06-28 14:22:51,125] {logging_mixin.py:109} INFO - [2022-06-28 14:22:51,125] {dag.py:2398} INFO - Sync 1 DAGs
[2022-06-28 14:22:51,138] {logging_mixin.py:109} INFO - [2022-06-28 14:22:51,138] {dag.py:2937} INFO - Setting next_dagrun for example_weekday_branch_operator to 2022-06-27 00:00:00+00:00
[2022-06-28 14:22:51,144] {processor.py:171} INFO - Processing /home/airflow/.local/lib/python3.7/site-packages/airflow/example_dags/example_branch_day_of_week_operator.py took 0.048 seconds
[2022-06-28 14:23:21,781] {processor.py:163} INFO - Started process (PID=967) to work on /home/airflow/.local/lib/python3.7/site-packages/airflow/example_dags/example_branch_day_of_week_operator.py
[2022-06-28 14:23:21,782] {processor.py:642} INFO - Processing file /home/airflow/.local/lib/python3.7/site-packages/airflow/example_dags/example_branch_day_of_week_operator.py for tasks to queue
[2022-06-28 14:23:21,782] {logging_mixin.py:109} INFO - [2022-06-28 14:23:21,782] {dagbag.py:500} INFO - Filling up the DagBag from /home/airflow/.local/lib/python3.7/site-packages/airflow/example_dags/example_branch_day_of_week_operator.py
[2022-06-28 14:23:21,796] {processor.py:652} INFO - DAG(s) dict_keys(['example_weekday_branch_operator']) retrieved from /home/airflow/.local/lib/python3.7/site-packages/airflow/example_dags/example_branch_day_of_week_operator.py
[2022-06-28 14:23:21,812] {logging_mixin.py:109} INFO - [2022-06-28 14:23:21,812] {dag.py:2398} INFO - Sync 1 DAGs
[2022-06-28 14:23:21,827] {logging_mixin.py:109} INFO - [2022-06-28 14:23:21,827] {dag.py:2937} INFO - Setting next_dagrun for example_weekday_branch_operator to 2022-06-27 00:00:00+00:00
[2022-06-28 14:23:21,834] {processor.py:171} INFO - Processing /home/airflow/.local/lib/python3.7/site-packages/airflow/example_dags/example_branch_day_of_week_operator.py took 0.055 seconds
[2022-06-28 14:23:53,307] {processor.py:163} INFO - Started process (PID=1029) to work on /home/airflow/.local/lib/python3.7/site-packages/airflow/example_dags/example_branch_day_of_week_operator.py
[2022-06-28 14:23:53,308] {processor.py:642} INFO - Processing file /home/airflow/.local/lib/python3.7/site-packages/airflow/example_dags/example_branch_day_of_week_operator.py for tasks to queue
[2022-06-28 14:23:53,309] {logging_mixin.py:109} INFO - [2022-06-28 14:23:53,309] {dagbag.py:500} INFO - Filling up the DagBag from /home/airflow/.local/lib/python3.7/site-packages/airflow/example_dags/example_branch_day_of_week_operator.py
[2022-06-28 14:23:53,319] {processor.py:652} INFO - DAG(s) dict_keys(['example_weekday_branch_operator']) retrieved from /home/airflow/.local/lib/python3.7/site-packages/airflow/example_dags/example_branch_day_of_week_operator.py
[2022-06-28 14:23:53,332] {logging_mixin.py:109} INFO - [2022-06-28 14:23:53,331] {dag.py:2398} INFO - Sync 1 DAGs
[2022-06-28 14:23:53,343] {logging_mixin.py:109} INFO - [2022-06-28 14:23:53,343] {dag.py:2937} INFO - Setting next_dagrun for example_weekday_branch_operator to 2022-06-27 00:00:00+00:00
[2022-06-28 14:23:53,349] {processor.py:171} INFO - Processing /home/airflow/.local/lib/python3.7/site-packages/airflow/example_dags/example_branch_day_of_week_operator.py took 0.043 seconds
[2022-06-28 16:24:49,935] {processor.py:163} INFO - Started process (PID=1100) to work on /home/airflow/.local/lib/python3.7/site-packages/airflow/example_dags/example_branch_day_of_week_operator.py
[2022-06-28 16:24:49,936] {processor.py:642} INFO - Processing file /home/airflow/.local/lib/python3.7/site-packages/airflow/example_dags/example_branch_day_of_week_operator.py for tasks to queue
[2022-06-28 16:24:49,937] {logging_mixin.py:109} INFO - [2022-06-28 16:24:49,937] {dagbag.py:500} INFO - Filling up the DagBag from /home/airflow/.local/lib/python3.7/site-packages/airflow/example_dags/example_branch_day_of_week_operator.py
[2022-06-28 16:24:49,952] {processor.py:652} INFO - DAG(s) dict_keys(['example_weekday_branch_operator']) retrieved from /home/airflow/.local/lib/python3.7/site-packages/airflow/example_dags/example_branch_day_of_week_operator.py
[2022-06-28 16:24:49,970] {logging_mixin.py:109} INFO - [2022-06-28 16:24:49,970] {dag.py:2398} INFO - Sync 1 DAGs
[2022-06-28 16:24:49,984] {logging_mixin.py:109} INFO - [2022-06-28 16:24:49,984] {dag.py:2937} INFO - Setting next_dagrun for example_weekday_branch_operator to 2022-06-27 00:00:00+00:00
[2022-06-28 16:24:49,990] {processor.py:171} INFO - Processing /home/airflow/.local/lib/python3.7/site-packages/airflow/example_dags/example_branch_day_of_week_operator.py took 0.057 seconds
