[2022-06-28 14:16:39,172] {processor.py:163} INFO - Started process (PID=59) to work on /home/airflow/.local/lib/python3.7/site-packages/airflow/example_dags/example_xcomargs.py
[2022-06-28 14:16:39,172] {processor.py:642} INFO - Processing file /home/airflow/.local/lib/python3.7/site-packages/airflow/example_dags/example_xcomargs.py for tasks to queue
[2022-06-28 14:16:39,173] {logging_mixin.py:109} INFO - [2022-06-28 14:16:39,173] {dagbag.py:500} INFO - Filling up the DagBag from /home/airflow/.local/lib/python3.7/site-packages/airflow/example_dags/example_xcomargs.py
[2022-06-28 14:16:39,199] {processor.py:652} INFO - DAG(s) dict_keys(['example_xcom_args', 'example_xcom_args_with_operators']) retrieved from /home/airflow/.local/lib/python3.7/site-packages/airflow/example_dags/example_xcomargs.py
[2022-06-28 14:16:40,063] {logging_mixin.py:109} INFO - [2022-06-28 14:16:40,063] {dag.py:2398} INFO - Sync 2 DAGs
[2022-06-28 14:16:40,079] {logging_mixin.py:109} INFO - [2022-06-28 14:16:40,079] {dag.py:2937} INFO - Setting next_dagrun for example_xcom_args to None
[2022-06-28 14:16:40,079] {logging_mixin.py:109} INFO - [2022-06-28 14:16:40,079] {dag.py:2937} INFO - Setting next_dagrun for example_xcom_args_with_operators to None
[2022-06-28 14:16:40,093] {processor.py:171} INFO - Processing /home/airflow/.local/lib/python3.7/site-packages/airflow/example_dags/example_xcomargs.py took 0.929 seconds
[2022-06-28 14:17:10,299] {processor.py:163} INFO - Started process (PID=130) to work on /home/airflow/.local/lib/python3.7/site-packages/airflow/example_dags/example_xcomargs.py
[2022-06-28 14:17:10,300] {processor.py:642} INFO - Processing file /home/airflow/.local/lib/python3.7/site-packages/airflow/example_dags/example_xcomargs.py for tasks to queue
[2022-06-28 14:17:10,300] {logging_mixin.py:109} INFO - [2022-06-28 14:17:10,300] {dagbag.py:500} INFO - Filling up the DagBag from /home/airflow/.local/lib/python3.7/site-packages/airflow/example_dags/example_xcomargs.py
[2022-06-28 14:17:10,314] {processor.py:652} INFO - DAG(s) dict_keys(['example_xcom_args', 'example_xcom_args_with_operators']) retrieved from /home/airflow/.local/lib/python3.7/site-packages/airflow/example_dags/example_xcomargs.py
[2022-06-28 14:17:10,499] {logging_mixin.py:109} INFO - [2022-06-28 14:17:10,499] {dag.py:2398} INFO - Sync 2 DAGs
[2022-06-28 14:17:10,507] {logging_mixin.py:109} INFO - [2022-06-28 14:17:10,507] {dag.py:2937} INFO - Setting next_dagrun for example_xcom_args to None
[2022-06-28 14:17:10,508] {logging_mixin.py:109} INFO - [2022-06-28 14:17:10,508] {dag.py:2937} INFO - Setting next_dagrun for example_xcom_args_with_operators to None
[2022-06-28 14:17:10,514] {processor.py:171} INFO - Processing /home/airflow/.local/lib/python3.7/site-packages/airflow/example_dags/example_xcomargs.py took 0.217 seconds
[2022-06-28 14:17:41,079] {processor.py:163} INFO - Started process (PID=192) to work on /home/airflow/.local/lib/python3.7/site-packages/airflow/example_dags/example_xcomargs.py
[2022-06-28 14:17:41,079] {processor.py:642} INFO - Processing file /home/airflow/.local/lib/python3.7/site-packages/airflow/example_dags/example_xcomargs.py for tasks to queue
[2022-06-28 14:17:41,080] {logging_mixin.py:109} INFO - [2022-06-28 14:17:41,080] {dagbag.py:500} INFO - Filling up the DagBag from /home/airflow/.local/lib/python3.7/site-packages/airflow/example_dags/example_xcomargs.py
[2022-06-28 14:17:41,097] {processor.py:652} INFO - DAG(s) dict_keys(['example_xcom_args', 'example_xcom_args_with_operators']) retrieved from /home/airflow/.local/lib/python3.7/site-packages/airflow/example_dags/example_xcomargs.py
[2022-06-28 14:17:41,330] {logging_mixin.py:109} INFO - [2022-06-28 14:17:41,329] {dag.py:2398} INFO - Sync 2 DAGs
[2022-06-28 14:17:41,339] {logging_mixin.py:109} INFO - [2022-06-28 14:17:41,338] {dag.py:2937} INFO - Setting next_dagrun for example_xcom_args to None
[2022-06-28 14:17:41,339] {logging_mixin.py:109} INFO - [2022-06-28 14:17:41,339] {dag.py:2937} INFO - Setting next_dagrun for example_xcom_args_with_operators to None
[2022-06-28 14:17:41,346] {processor.py:171} INFO - Processing /home/airflow/.local/lib/python3.7/site-packages/airflow/example_dags/example_xcomargs.py took 0.269 seconds
[2022-06-28 14:18:11,936] {processor.py:163} INFO - Started process (PID=253) to work on /home/airflow/.local/lib/python3.7/site-packages/airflow/example_dags/example_xcomargs.py
[2022-06-28 14:18:11,936] {processor.py:642} INFO - Processing file /home/airflow/.local/lib/python3.7/site-packages/airflow/example_dags/example_xcomargs.py for tasks to queue
[2022-06-28 14:18:11,937] {logging_mixin.py:109} INFO - [2022-06-28 14:18:11,936] {dagbag.py:500} INFO - Filling up the DagBag from /home/airflow/.local/lib/python3.7/site-packages/airflow/example_dags/example_xcomargs.py
[2022-06-28 14:18:11,951] {processor.py:652} INFO - DAG(s) dict_keys(['example_xcom_args', 'example_xcom_args_with_operators']) retrieved from /home/airflow/.local/lib/python3.7/site-packages/airflow/example_dags/example_xcomargs.py
[2022-06-28 14:18:12,172] {logging_mixin.py:109} INFO - [2022-06-28 14:18:12,172] {dag.py:2398} INFO - Sync 2 DAGs
[2022-06-28 14:18:12,184] {logging_mixin.py:109} INFO - [2022-06-28 14:18:12,184] {dag.py:2937} INFO - Setting next_dagrun for example_xcom_args to None
[2022-06-28 14:18:12,184] {logging_mixin.py:109} INFO - [2022-06-28 14:18:12,184] {dag.py:2937} INFO - Setting next_dagrun for example_xcom_args_with_operators to None
[2022-06-28 14:18:12,190] {processor.py:171} INFO - Processing /home/airflow/.local/lib/python3.7/site-packages/airflow/example_dags/example_xcomargs.py took 0.257 seconds
[2022-06-28 14:18:42,712] {processor.py:163} INFO - Started process (PID=323) to work on /home/airflow/.local/lib/python3.7/site-packages/airflow/example_dags/example_xcomargs.py
[2022-06-28 14:18:42,713] {processor.py:642} INFO - Processing file /home/airflow/.local/lib/python3.7/site-packages/airflow/example_dags/example_xcomargs.py for tasks to queue
[2022-06-28 14:18:42,713] {logging_mixin.py:109} INFO - [2022-06-28 14:18:42,713] {dagbag.py:500} INFO - Filling up the DagBag from /home/airflow/.local/lib/python3.7/site-packages/airflow/example_dags/example_xcomargs.py
[2022-06-28 14:18:42,728] {processor.py:652} INFO - DAG(s) dict_keys(['example_xcom_args', 'example_xcom_args_with_operators']) retrieved from /home/airflow/.local/lib/python3.7/site-packages/airflow/example_dags/example_xcomargs.py
[2022-06-28 14:18:42,936] {logging_mixin.py:109} INFO - [2022-06-28 14:18:42,936] {dag.py:2398} INFO - Sync 2 DAGs
[2022-06-28 14:18:42,945] {logging_mixin.py:109} INFO - [2022-06-28 14:18:42,945] {dag.py:2937} INFO - Setting next_dagrun for example_xcom_args to None
[2022-06-28 14:18:42,946] {logging_mixin.py:109} INFO - [2022-06-28 14:18:42,946] {dag.py:2937} INFO - Setting next_dagrun for example_xcom_args_with_operators to None
[2022-06-28 14:18:42,953] {processor.py:171} INFO - Processing /home/airflow/.local/lib/python3.7/site-packages/airflow/example_dags/example_xcomargs.py took 0.243 seconds
[2022-06-28 14:19:13,380] {processor.py:163} INFO - Started process (PID=393) to work on /home/airflow/.local/lib/python3.7/site-packages/airflow/example_dags/example_xcomargs.py
[2022-06-28 14:19:13,380] {processor.py:642} INFO - Processing file /home/airflow/.local/lib/python3.7/site-packages/airflow/example_dags/example_xcomargs.py for tasks to queue
[2022-06-28 14:19:13,381] {logging_mixin.py:109} INFO - [2022-06-28 14:19:13,380] {dagbag.py:500} INFO - Filling up the DagBag from /home/airflow/.local/lib/python3.7/site-packages/airflow/example_dags/example_xcomargs.py
[2022-06-28 14:19:13,395] {processor.py:652} INFO - DAG(s) dict_keys(['example_xcom_args', 'example_xcom_args_with_operators']) retrieved from /home/airflow/.local/lib/python3.7/site-packages/airflow/example_dags/example_xcomargs.py
[2022-06-28 14:19:13,603] {logging_mixin.py:109} INFO - [2022-06-28 14:19:13,603] {dag.py:2398} INFO - Sync 2 DAGs
[2022-06-28 14:19:13,612] {logging_mixin.py:109} INFO - [2022-06-28 14:19:13,612] {dag.py:2937} INFO - Setting next_dagrun for example_xcom_args to None
[2022-06-28 14:19:13,612] {logging_mixin.py:109} INFO - [2022-06-28 14:19:13,612] {dag.py:2937} INFO - Setting next_dagrun for example_xcom_args_with_operators to None
[2022-06-28 14:19:13,619] {processor.py:171} INFO - Processing /home/airflow/.local/lib/python3.7/site-packages/airflow/example_dags/example_xcomargs.py took 0.242 seconds
[2022-06-28 14:19:44,125] {processor.py:163} INFO - Started process (PID=463) to work on /home/airflow/.local/lib/python3.7/site-packages/airflow/example_dags/example_xcomargs.py
[2022-06-28 14:19:44,126] {processor.py:642} INFO - Processing file /home/airflow/.local/lib/python3.7/site-packages/airflow/example_dags/example_xcomargs.py for tasks to queue
[2022-06-28 14:19:44,126] {logging_mixin.py:109} INFO - [2022-06-28 14:19:44,126] {dagbag.py:500} INFO - Filling up the DagBag from /home/airflow/.local/lib/python3.7/site-packages/airflow/example_dags/example_xcomargs.py
[2022-06-28 14:19:44,141] {processor.py:652} INFO - DAG(s) dict_keys(['example_xcom_args', 'example_xcom_args_with_operators']) retrieved from /home/airflow/.local/lib/python3.7/site-packages/airflow/example_dags/example_xcomargs.py
[2022-06-28 14:19:44,414] {logging_mixin.py:109} INFO - [2022-06-28 14:19:44,414] {dag.py:2398} INFO - Sync 2 DAGs
[2022-06-28 14:19:44,425] {logging_mixin.py:109} INFO - [2022-06-28 14:19:44,425] {dag.py:2937} INFO - Setting next_dagrun for example_xcom_args to None
[2022-06-28 14:19:44,425] {logging_mixin.py:109} INFO - [2022-06-28 14:19:44,425] {dag.py:2937} INFO - Setting next_dagrun for example_xcom_args_with_operators to None
[2022-06-28 14:19:44,434] {processor.py:171} INFO - Processing /home/airflow/.local/lib/python3.7/site-packages/airflow/example_dags/example_xcomargs.py took 0.310 seconds
[2022-06-28 14:20:14,869] {processor.py:163} INFO - Started process (PID=524) to work on /home/airflow/.local/lib/python3.7/site-packages/airflow/example_dags/example_xcomargs.py
[2022-06-28 14:20:14,872] {processor.py:642} INFO - Processing file /home/airflow/.local/lib/python3.7/site-packages/airflow/example_dags/example_xcomargs.py for tasks to queue
[2022-06-28 14:20:14,873] {logging_mixin.py:109} INFO - [2022-06-28 14:20:14,872] {dagbag.py:500} INFO - Filling up the DagBag from /home/airflow/.local/lib/python3.7/site-packages/airflow/example_dags/example_xcomargs.py
[2022-06-28 14:20:14,887] {processor.py:652} INFO - DAG(s) dict_keys(['example_xcom_args', 'example_xcom_args_with_operators']) retrieved from /home/airflow/.local/lib/python3.7/site-packages/airflow/example_dags/example_xcomargs.py
[2022-06-28 14:20:15,101] {logging_mixin.py:109} INFO - [2022-06-28 14:20:15,101] {dag.py:2398} INFO - Sync 2 DAGs
[2022-06-28 14:20:15,111] {logging_mixin.py:109} INFO - [2022-06-28 14:20:15,110] {dag.py:2937} INFO - Setting next_dagrun for example_xcom_args to None
[2022-06-28 14:20:15,111] {logging_mixin.py:109} INFO - [2022-06-28 14:20:15,111] {dag.py:2937} INFO - Setting next_dagrun for example_xcom_args_with_operators to None
[2022-06-28 14:20:15,118] {processor.py:171} INFO - Processing /home/airflow/.local/lib/python3.7/site-packages/airflow/example_dags/example_xcomargs.py took 0.250 seconds
[2022-06-28 14:20:45,717] {processor.py:163} INFO - Started process (PID=596) to work on /home/airflow/.local/lib/python3.7/site-packages/airflow/example_dags/example_xcomargs.py
[2022-06-28 14:20:45,718] {processor.py:642} INFO - Processing file /home/airflow/.local/lib/python3.7/site-packages/airflow/example_dags/example_xcomargs.py for tasks to queue
[2022-06-28 14:20:45,718] {logging_mixin.py:109} INFO - [2022-06-28 14:20:45,718] {dagbag.py:500} INFO - Filling up the DagBag from /home/airflow/.local/lib/python3.7/site-packages/airflow/example_dags/example_xcomargs.py
[2022-06-28 14:20:45,735] {processor.py:652} INFO - DAG(s) dict_keys(['example_xcom_args', 'example_xcom_args_with_operators']) retrieved from /home/airflow/.local/lib/python3.7/site-packages/airflow/example_dags/example_xcomargs.py
[2022-06-28 14:20:45,943] {logging_mixin.py:109} INFO - [2022-06-28 14:20:45,943] {dag.py:2398} INFO - Sync 2 DAGs
[2022-06-28 14:20:45,952] {logging_mixin.py:109} INFO - [2022-06-28 14:20:45,952] {dag.py:2937} INFO - Setting next_dagrun for example_xcom_args to None
[2022-06-28 14:20:45,952] {logging_mixin.py:109} INFO - [2022-06-28 14:20:45,952] {dag.py:2937} INFO - Setting next_dagrun for example_xcom_args_with_operators to None
[2022-06-28 14:20:45,959] {processor.py:171} INFO - Processing /home/airflow/.local/lib/python3.7/site-packages/airflow/example_dags/example_xcomargs.py took 0.244 seconds
[2022-06-28 14:21:16,407] {processor.py:163} INFO - Started process (PID=666) to work on /home/airflow/.local/lib/python3.7/site-packages/airflow/example_dags/example_xcomargs.py
[2022-06-28 14:21:16,408] {processor.py:642} INFO - Processing file /home/airflow/.local/lib/python3.7/site-packages/airflow/example_dags/example_xcomargs.py for tasks to queue
[2022-06-28 14:21:16,408] {logging_mixin.py:109} INFO - [2022-06-28 14:21:16,408] {dagbag.py:500} INFO - Filling up the DagBag from /home/airflow/.local/lib/python3.7/site-packages/airflow/example_dags/example_xcomargs.py
[2022-06-28 14:21:16,426] {processor.py:652} INFO - DAG(s) dict_keys(['example_xcom_args', 'example_xcom_args_with_operators']) retrieved from /home/airflow/.local/lib/python3.7/site-packages/airflow/example_dags/example_xcomargs.py
[2022-06-28 14:21:16,633] {logging_mixin.py:109} INFO - [2022-06-28 14:21:16,633] {dag.py:2398} INFO - Sync 2 DAGs
[2022-06-28 14:21:16,642] {logging_mixin.py:109} INFO - [2022-06-28 14:21:16,642] {dag.py:2937} INFO - Setting next_dagrun for example_xcom_args to None
[2022-06-28 14:21:16,642] {logging_mixin.py:109} INFO - [2022-06-28 14:21:16,642] {dag.py:2937} INFO - Setting next_dagrun for example_xcom_args_with_operators to None
[2022-06-28 14:21:16,650] {processor.py:171} INFO - Processing /home/airflow/.local/lib/python3.7/site-packages/airflow/example_dags/example_xcomargs.py took 0.246 seconds
[2022-06-28 14:21:47,150] {processor.py:163} INFO - Started process (PID=727) to work on /home/airflow/.local/lib/python3.7/site-packages/airflow/example_dags/example_xcomargs.py
[2022-06-28 14:21:47,153] {processor.py:642} INFO - Processing file /home/airflow/.local/lib/python3.7/site-packages/airflow/example_dags/example_xcomargs.py for tasks to queue
[2022-06-28 14:21:47,153] {logging_mixin.py:109} INFO - [2022-06-28 14:21:47,153] {dagbag.py:500} INFO - Filling up the DagBag from /home/airflow/.local/lib/python3.7/site-packages/airflow/example_dags/example_xcomargs.py
[2022-06-28 14:21:47,167] {processor.py:652} INFO - DAG(s) dict_keys(['example_xcom_args', 'example_xcom_args_with_operators']) retrieved from /home/airflow/.local/lib/python3.7/site-packages/airflow/example_dags/example_xcomargs.py
[2022-06-28 14:21:47,381] {logging_mixin.py:109} INFO - [2022-06-28 14:21:47,381] {dag.py:2398} INFO - Sync 2 DAGs
[2022-06-28 14:21:47,389] {logging_mixin.py:109} INFO - [2022-06-28 14:21:47,389] {dag.py:2937} INFO - Setting next_dagrun for example_xcom_args to None
[2022-06-28 14:21:47,390] {logging_mixin.py:109} INFO - [2022-06-28 14:21:47,390] {dag.py:2937} INFO - Setting next_dagrun for example_xcom_args_with_operators to None
[2022-06-28 14:21:47,397] {processor.py:171} INFO - Processing /home/airflow/.local/lib/python3.7/site-packages/airflow/example_dags/example_xcomargs.py took 0.249 seconds
[2022-06-28 14:22:18,152] {processor.py:163} INFO - Started process (PID=801) to work on /home/airflow/.local/lib/python3.7/site-packages/airflow/example_dags/example_xcomargs.py
[2022-06-28 14:22:18,155] {processor.py:642} INFO - Processing file /home/airflow/.local/lib/python3.7/site-packages/airflow/example_dags/example_xcomargs.py for tasks to queue
[2022-06-28 14:22:18,156] {logging_mixin.py:109} INFO - [2022-06-28 14:22:18,156] {dagbag.py:500} INFO - Filling up the DagBag from /home/airflow/.local/lib/python3.7/site-packages/airflow/example_dags/example_xcomargs.py
[2022-06-28 14:22:18,172] {processor.py:652} INFO - DAG(s) dict_keys(['example_xcom_args', 'example_xcom_args_with_operators']) retrieved from /home/airflow/.local/lib/python3.7/site-packages/airflow/example_dags/example_xcomargs.py
[2022-06-28 14:22:18,381] {logging_mixin.py:109} INFO - [2022-06-28 14:22:18,381] {dag.py:2398} INFO - Sync 2 DAGs
[2022-06-28 14:22:18,390] {logging_mixin.py:109} INFO - [2022-06-28 14:22:18,390] {dag.py:2937} INFO - Setting next_dagrun for example_xcom_args to None
[2022-06-28 14:22:18,390] {logging_mixin.py:109} INFO - [2022-06-28 14:22:18,390] {dag.py:2937} INFO - Setting next_dagrun for example_xcom_args_with_operators to None
[2022-06-28 14:22:18,397] {processor.py:171} INFO - Processing /home/airflow/.local/lib/python3.7/site-packages/airflow/example_dags/example_xcomargs.py took 0.248 seconds
[2022-06-28 14:22:48,879] {processor.py:163} INFO - Started process (PID=872) to work on /home/airflow/.local/lib/python3.7/site-packages/airflow/example_dags/example_xcomargs.py
[2022-06-28 14:22:48,883] {processor.py:642} INFO - Processing file /home/airflow/.local/lib/python3.7/site-packages/airflow/example_dags/example_xcomargs.py for tasks to queue
[2022-06-28 14:22:48,883] {logging_mixin.py:109} INFO - [2022-06-28 14:22:48,883] {dagbag.py:500} INFO - Filling up the DagBag from /home/airflow/.local/lib/python3.7/site-packages/airflow/example_dags/example_xcomargs.py
[2022-06-28 14:22:48,899] {processor.py:652} INFO - DAG(s) dict_keys(['example_xcom_args', 'example_xcom_args_with_operators']) retrieved from /home/airflow/.local/lib/python3.7/site-packages/airflow/example_dags/example_xcomargs.py
[2022-06-28 14:22:49,111] {logging_mixin.py:109} INFO - [2022-06-28 14:22:49,111] {dag.py:2398} INFO - Sync 2 DAGs
[2022-06-28 14:22:49,120] {logging_mixin.py:109} INFO - [2022-06-28 14:22:49,120] {dag.py:2937} INFO - Setting next_dagrun for example_xcom_args to None
[2022-06-28 14:22:49,120] {logging_mixin.py:109} INFO - [2022-06-28 14:22:49,120] {dag.py:2937} INFO - Setting next_dagrun for example_xcom_args_with_operators to None
[2022-06-28 14:22:49,127] {processor.py:171} INFO - Processing /home/airflow/.local/lib/python3.7/site-packages/airflow/example_dags/example_xcomargs.py took 0.250 seconds
[2022-06-28 14:23:19,638] {processor.py:163} INFO - Started process (PID=933) to work on /home/airflow/.local/lib/python3.7/site-packages/airflow/example_dags/example_xcomargs.py
[2022-06-28 14:23:19,639] {processor.py:642} INFO - Processing file /home/airflow/.local/lib/python3.7/site-packages/airflow/example_dags/example_xcomargs.py for tasks to queue
[2022-06-28 14:23:19,640] {logging_mixin.py:109} INFO - [2022-06-28 14:23:19,640] {dagbag.py:500} INFO - Filling up the DagBag from /home/airflow/.local/lib/python3.7/site-packages/airflow/example_dags/example_xcomargs.py
[2022-06-28 14:23:19,654] {processor.py:652} INFO - DAG(s) dict_keys(['example_xcom_args', 'example_xcom_args_with_operators']) retrieved from /home/airflow/.local/lib/python3.7/site-packages/airflow/example_dags/example_xcomargs.py
[2022-06-28 14:23:19,671] {logging_mixin.py:109} INFO - [2022-06-28 14:23:19,671] {dag.py:2398} INFO - Sync 2 DAGs
[2022-06-28 14:23:19,683] {logging_mixin.py:109} INFO - [2022-06-28 14:23:19,683] {dag.py:2937} INFO - Setting next_dagrun for example_xcom_args to None
[2022-06-28 14:23:19,683] {logging_mixin.py:109} INFO - [2022-06-28 14:23:19,683] {dag.py:2937} INFO - Setting next_dagrun for example_xcom_args_with_operators to None
[2022-06-28 14:23:19,690] {processor.py:171} INFO - Processing /home/airflow/.local/lib/python3.7/site-packages/airflow/example_dags/example_xcomargs.py took 0.053 seconds
[2022-06-28 14:23:52,073] {processor.py:163} INFO - Started process (PID=1011) to work on /home/airflow/.local/lib/python3.7/site-packages/airflow/example_dags/example_xcomargs.py
[2022-06-28 14:23:52,074] {processor.py:642} INFO - Processing file /home/airflow/.local/lib/python3.7/site-packages/airflow/example_dags/example_xcomargs.py for tasks to queue
[2022-06-28 14:23:52,075] {logging_mixin.py:109} INFO - [2022-06-28 14:23:52,075] {dagbag.py:500} INFO - Filling up the DagBag from /home/airflow/.local/lib/python3.7/site-packages/airflow/example_dags/example_xcomargs.py
[2022-06-28 14:23:52,089] {processor.py:652} INFO - DAG(s) dict_keys(['example_xcom_args', 'example_xcom_args_with_operators']) retrieved from /home/airflow/.local/lib/python3.7/site-packages/airflow/example_dags/example_xcomargs.py
[2022-06-28 14:23:52,293] {logging_mixin.py:109} INFO - [2022-06-28 14:23:52,293] {dag.py:2398} INFO - Sync 2 DAGs
[2022-06-28 14:23:52,305] {logging_mixin.py:109} INFO - [2022-06-28 14:23:52,305] {dag.py:2937} INFO - Setting next_dagrun for example_xcom_args to None
[2022-06-28 14:23:52,305] {logging_mixin.py:109} INFO - [2022-06-28 14:23:52,305] {dag.py:2937} INFO - Setting next_dagrun for example_xcom_args_with_operators to None
[2022-06-28 14:23:52,314] {processor.py:171} INFO - Processing /home/airflow/.local/lib/python3.7/site-packages/airflow/example_dags/example_xcomargs.py took 0.242 seconds
[2022-06-28 16:24:47,585] {processor.py:163} INFO - Started process (PID=1083) to work on /home/airflow/.local/lib/python3.7/site-packages/airflow/example_dags/example_xcomargs.py
[2022-06-28 16:24:47,590] {processor.py:642} INFO - Processing file /home/airflow/.local/lib/python3.7/site-packages/airflow/example_dags/example_xcomargs.py for tasks to queue
[2022-06-28 16:24:47,590] {logging_mixin.py:109} INFO - [2022-06-28 16:24:47,590] {dagbag.py:500} INFO - Filling up the DagBag from /home/airflow/.local/lib/python3.7/site-packages/airflow/example_dags/example_xcomargs.py
[2022-06-28 16:24:47,615] {processor.py:652} INFO - DAG(s) dict_keys(['example_xcom_args', 'example_xcom_args_with_operators']) retrieved from /home/airflow/.local/lib/python3.7/site-packages/airflow/example_dags/example_xcomargs.py
[2022-06-28 16:24:48,253] {logging_mixin.py:109} INFO - [2022-06-28 16:24:48,253] {dag.py:2398} INFO - Sync 2 DAGs
[2022-06-28 16:24:48,349] {logging_mixin.py:109} INFO - [2022-06-28 16:24:48,349] {dag.py:2937} INFO - Setting next_dagrun for example_xcom_args to None
[2022-06-28 16:24:48,349] {logging_mixin.py:109} INFO - [2022-06-28 16:24:48,349] {dag.py:2937} INFO - Setting next_dagrun for example_xcom_args_with_operators to None
[2022-06-28 16:24:48,428] {processor.py:171} INFO - Processing /home/airflow/.local/lib/python3.7/site-packages/airflow/example_dags/example_xcomargs.py took 0.845 seconds
[2022-06-28 16:25:19,000] {processor.py:163} INFO - Started process (PID=1145) to work on /home/airflow/.local/lib/python3.7/site-packages/airflow/example_dags/example_xcomargs.py
[2022-06-28 16:25:19,001] {processor.py:642} INFO - Processing file /home/airflow/.local/lib/python3.7/site-packages/airflow/example_dags/example_xcomargs.py for tasks to queue
[2022-06-28 16:25:19,002] {logging_mixin.py:109} INFO - [2022-06-28 16:25:19,002] {dagbag.py:500} INFO - Filling up the DagBag from /home/airflow/.local/lib/python3.7/site-packages/airflow/example_dags/example_xcomargs.py
[2022-06-28 16:25:19,027] {processor.py:652} INFO - DAG(s) dict_keys(['example_xcom_args', 'example_xcom_args_with_operators']) retrieved from /home/airflow/.local/lib/python3.7/site-packages/airflow/example_dags/example_xcomargs.py
[2022-06-28 16:25:19,289] {logging_mixin.py:109} INFO - [2022-06-28 16:25:19,289] {dag.py:2398} INFO - Sync 2 DAGs
[2022-06-28 16:25:19,301] {logging_mixin.py:109} INFO - [2022-06-28 16:25:19,301] {dag.py:2937} INFO - Setting next_dagrun for example_xcom_args to None
[2022-06-28 16:25:19,301] {logging_mixin.py:109} INFO - [2022-06-28 16:25:19,301] {dag.py:2937} INFO - Setting next_dagrun for example_xcom_args_with_operators to None
[2022-06-28 16:25:19,307] {processor.py:171} INFO - Processing /home/airflow/.local/lib/python3.7/site-packages/airflow/example_dags/example_xcomargs.py took 0.310 seconds
