[2022-06-28 14:16:42,160] {processor.py:163} INFO - Started process (PID=76) to work on /home/airflow/.local/lib/python3.7/site-packages/airflow/example_dags/example_skip_dag.py
[2022-06-28 14:16:42,161] {processor.py:642} INFO - Processing file /home/airflow/.local/lib/python3.7/site-packages/airflow/example_dags/example_skip_dag.py for tasks to queue
[2022-06-28 14:16:42,161] {logging_mixin.py:109} INFO - [2022-06-28 14:16:42,161] {dagbag.py:500} INFO - Filling up the DagBag from /home/airflow/.local/lib/python3.7/site-packages/airflow/example_dags/example_skip_dag.py
[2022-06-28 14:16:42,177] {processor.py:652} INFO - DAG(s) dict_keys(['example_skip_dag']) retrieved from /home/airflow/.local/lib/python3.7/site-packages/airflow/example_dags/example_skip_dag.py
[2022-06-28 14:16:42,195] {logging_mixin.py:109} INFO - [2022-06-28 14:16:42,195] {dag.py:2398} INFO - Sync 1 DAGs
[2022-06-28 14:16:42,210] {logging_mixin.py:109} INFO - [2022-06-28 14:16:42,210] {dag.py:2937} INFO - Setting next_dagrun for example_skip_dag to 2022-06-27T14:16:42.210309+00:00
[2022-06-28 14:16:42,218] {processor.py:171} INFO - Processing /home/airflow/.local/lib/python3.7/site-packages/airflow/example_dags/example_skip_dag.py took 0.061 seconds
[2022-06-28 14:17:12,397] {processor.py:163} INFO - Started process (PID=145) to work on /home/airflow/.local/lib/python3.7/site-packages/airflow/example_dags/example_skip_dag.py
[2022-06-28 14:17:12,398] {processor.py:642} INFO - Processing file /home/airflow/.local/lib/python3.7/site-packages/airflow/example_dags/example_skip_dag.py for tasks to queue
[2022-06-28 14:17:12,398] {logging_mixin.py:109} INFO - [2022-06-28 14:17:12,398] {dagbag.py:500} INFO - Filling up the DagBag from /home/airflow/.local/lib/python3.7/site-packages/airflow/example_dags/example_skip_dag.py
[2022-06-28 14:17:12,413] {processor.py:652} INFO - DAG(s) dict_keys(['example_skip_dag']) retrieved from /home/airflow/.local/lib/python3.7/site-packages/airflow/example_dags/example_skip_dag.py
[2022-06-28 14:17:12,425] {logging_mixin.py:109} INFO - [2022-06-28 14:17:12,425] {dag.py:2398} INFO - Sync 1 DAGs
[2022-06-28 14:17:12,435] {logging_mixin.py:109} INFO - [2022-06-28 14:17:12,435] {dag.py:2937} INFO - Setting next_dagrun for example_skip_dag to 2022-06-27T14:17:12.435465+00:00
[2022-06-28 14:17:12,440] {processor.py:171} INFO - Processing /home/airflow/.local/lib/python3.7/site-packages/airflow/example_dags/example_skip_dag.py took 0.045 seconds
[2022-06-28 14:17:43,321] {processor.py:163} INFO - Started process (PID=215) to work on /home/airflow/.local/lib/python3.7/site-packages/airflow/example_dags/example_skip_dag.py
[2022-06-28 14:17:43,322] {processor.py:642} INFO - Processing file /home/airflow/.local/lib/python3.7/site-packages/airflow/example_dags/example_skip_dag.py for tasks to queue
[2022-06-28 14:17:43,322] {logging_mixin.py:109} INFO - [2022-06-28 14:17:43,322] {dagbag.py:500} INFO - Filling up the DagBag from /home/airflow/.local/lib/python3.7/site-packages/airflow/example_dags/example_skip_dag.py
[2022-06-28 14:17:43,332] {processor.py:652} INFO - DAG(s) dict_keys(['example_skip_dag']) retrieved from /home/airflow/.local/lib/python3.7/site-packages/airflow/example_dags/example_skip_dag.py
[2022-06-28 14:17:43,345] {logging_mixin.py:109} INFO - [2022-06-28 14:17:43,345] {dag.py:2398} INFO - Sync 1 DAGs
[2022-06-28 14:17:43,355] {logging_mixin.py:109} INFO - [2022-06-28 14:17:43,355] {dag.py:2937} INFO - Setting next_dagrun for example_skip_dag to 2022-06-27T14:17:43.355129+00:00
[2022-06-28 14:17:43,361] {processor.py:171} INFO - Processing /home/airflow/.local/lib/python3.7/site-packages/airflow/example_dags/example_skip_dag.py took 0.041 seconds
[2022-06-28 14:18:14,134] {processor.py:163} INFO - Started process (PID=285) to work on /home/airflow/.local/lib/python3.7/site-packages/airflow/example_dags/example_skip_dag.py
[2022-06-28 14:18:14,135] {processor.py:642} INFO - Processing file /home/airflow/.local/lib/python3.7/site-packages/airflow/example_dags/example_skip_dag.py for tasks to queue
[2022-06-28 14:18:14,135] {logging_mixin.py:109} INFO - [2022-06-28 14:18:14,135] {dagbag.py:500} INFO - Filling up the DagBag from /home/airflow/.local/lib/python3.7/site-packages/airflow/example_dags/example_skip_dag.py
[2022-06-28 14:18:14,144] {processor.py:652} INFO - DAG(s) dict_keys(['example_skip_dag']) retrieved from /home/airflow/.local/lib/python3.7/site-packages/airflow/example_dags/example_skip_dag.py
[2022-06-28 14:18:14,156] {logging_mixin.py:109} INFO - [2022-06-28 14:18:14,156] {dag.py:2398} INFO - Sync 1 DAGs
[2022-06-28 14:18:14,166] {logging_mixin.py:109} INFO - [2022-06-28 14:18:14,166] {dag.py:2937} INFO - Setting next_dagrun for example_skip_dag to 2022-06-27T14:18:14.166424+00:00
[2022-06-28 14:18:14,172] {processor.py:171} INFO - Processing /home/airflow/.local/lib/python3.7/site-packages/airflow/example_dags/example_skip_dag.py took 0.039 seconds
[2022-06-28 14:18:44,811] {processor.py:163} INFO - Started process (PID=346) to work on /home/airflow/.local/lib/python3.7/site-packages/airflow/example_dags/example_skip_dag.py
[2022-06-28 14:18:44,812] {processor.py:642} INFO - Processing file /home/airflow/.local/lib/python3.7/site-packages/airflow/example_dags/example_skip_dag.py for tasks to queue
[2022-06-28 14:18:44,812] {logging_mixin.py:109} INFO - [2022-06-28 14:18:44,812] {dagbag.py:500} INFO - Filling up the DagBag from /home/airflow/.local/lib/python3.7/site-packages/airflow/example_dags/example_skip_dag.py
[2022-06-28 14:18:44,821] {processor.py:652} INFO - DAG(s) dict_keys(['example_skip_dag']) retrieved from /home/airflow/.local/lib/python3.7/site-packages/airflow/example_dags/example_skip_dag.py
[2022-06-28 14:18:44,833] {logging_mixin.py:109} INFO - [2022-06-28 14:18:44,833] {dag.py:2398} INFO - Sync 1 DAGs
[2022-06-28 14:18:44,844] {logging_mixin.py:109} INFO - [2022-06-28 14:18:44,844] {dag.py:2937} INFO - Setting next_dagrun for example_skip_dag to 2022-06-27T14:18:44.843964+00:00
[2022-06-28 14:18:44,850] {processor.py:171} INFO - Processing /home/airflow/.local/lib/python3.7/site-packages/airflow/example_dags/example_skip_dag.py took 0.040 seconds
[2022-06-28 14:19:15,520] {processor.py:163} INFO - Started process (PID=416) to work on /home/airflow/.local/lib/python3.7/site-packages/airflow/example_dags/example_skip_dag.py
[2022-06-28 14:19:15,521] {processor.py:642} INFO - Processing file /home/airflow/.local/lib/python3.7/site-packages/airflow/example_dags/example_skip_dag.py for tasks to queue
[2022-06-28 14:19:15,521] {logging_mixin.py:109} INFO - [2022-06-28 14:19:15,521] {dagbag.py:500} INFO - Filling up the DagBag from /home/airflow/.local/lib/python3.7/site-packages/airflow/example_dags/example_skip_dag.py
[2022-06-28 14:19:15,530] {processor.py:652} INFO - DAG(s) dict_keys(['example_skip_dag']) retrieved from /home/airflow/.local/lib/python3.7/site-packages/airflow/example_dags/example_skip_dag.py
[2022-06-28 14:19:15,543] {logging_mixin.py:109} INFO - [2022-06-28 14:19:15,543] {dag.py:2398} INFO - Sync 1 DAGs
[2022-06-28 14:19:15,553] {logging_mixin.py:109} INFO - [2022-06-28 14:19:15,553] {dag.py:2937} INFO - Setting next_dagrun for example_skip_dag to 2022-06-27T14:19:15.553179+00:00
[2022-06-28 14:19:15,558] {processor.py:171} INFO - Processing /home/airflow/.local/lib/python3.7/site-packages/airflow/example_dags/example_skip_dag.py took 0.040 seconds
[2022-06-28 14:19:46,299] {processor.py:163} INFO - Started process (PID=486) to work on /home/airflow/.local/lib/python3.7/site-packages/airflow/example_dags/example_skip_dag.py
[2022-06-28 14:19:46,300] {processor.py:642} INFO - Processing file /home/airflow/.local/lib/python3.7/site-packages/airflow/example_dags/example_skip_dag.py for tasks to queue
[2022-06-28 14:19:46,300] {logging_mixin.py:109} INFO - [2022-06-28 14:19:46,300] {dagbag.py:500} INFO - Filling up the DagBag from /home/airflow/.local/lib/python3.7/site-packages/airflow/example_dags/example_skip_dag.py
[2022-06-28 14:19:46,309] {processor.py:652} INFO - DAG(s) dict_keys(['example_skip_dag']) retrieved from /home/airflow/.local/lib/python3.7/site-packages/airflow/example_dags/example_skip_dag.py
[2022-06-28 14:19:46,321] {logging_mixin.py:109} INFO - [2022-06-28 14:19:46,321] {dag.py:2398} INFO - Sync 1 DAGs
[2022-06-28 14:19:46,331] {logging_mixin.py:109} INFO - [2022-06-28 14:19:46,331] {dag.py:2937} INFO - Setting next_dagrun for example_skip_dag to 2022-06-27T14:19:46.331183+00:00
[2022-06-28 14:19:46,336] {processor.py:171} INFO - Processing /home/airflow/.local/lib/python3.7/site-packages/airflow/example_dags/example_skip_dag.py took 0.039 seconds
[2022-06-28 14:20:17,038] {processor.py:163} INFO - Started process (PID=547) to work on /home/airflow/.local/lib/python3.7/site-packages/airflow/example_dags/example_skip_dag.py
[2022-06-28 14:20:17,039] {processor.py:642} INFO - Processing file /home/airflow/.local/lib/python3.7/site-packages/airflow/example_dags/example_skip_dag.py for tasks to queue
[2022-06-28 14:20:17,039] {logging_mixin.py:109} INFO - [2022-06-28 14:20:17,039] {dagbag.py:500} INFO - Filling up the DagBag from /home/airflow/.local/lib/python3.7/site-packages/airflow/example_dags/example_skip_dag.py
[2022-06-28 14:20:17,049] {processor.py:652} INFO - DAG(s) dict_keys(['example_skip_dag']) retrieved from /home/airflow/.local/lib/python3.7/site-packages/airflow/example_dags/example_skip_dag.py
[2022-06-28 14:20:17,061] {logging_mixin.py:109} INFO - [2022-06-28 14:20:17,061] {dag.py:2398} INFO - Sync 1 DAGs
[2022-06-28 14:20:17,071] {logging_mixin.py:109} INFO - [2022-06-28 14:20:17,071] {dag.py:2937} INFO - Setting next_dagrun for example_skip_dag to 2022-06-27T14:20:17.071145+00:00
[2022-06-28 14:20:17,076] {processor.py:171} INFO - Processing /home/airflow/.local/lib/python3.7/site-packages/airflow/example_dags/example_skip_dag.py took 0.040 seconds
[2022-06-28 14:20:47,834] {processor.py:163} INFO - Started process (PID=619) to work on /home/airflow/.local/lib/python3.7/site-packages/airflow/example_dags/example_skip_dag.py
[2022-06-28 14:20:47,835] {processor.py:642} INFO - Processing file /home/airflow/.local/lib/python3.7/site-packages/airflow/example_dags/example_skip_dag.py for tasks to queue
[2022-06-28 14:20:47,835] {logging_mixin.py:109} INFO - [2022-06-28 14:20:47,835] {dagbag.py:500} INFO - Filling up the DagBag from /home/airflow/.local/lib/python3.7/site-packages/airflow/example_dags/example_skip_dag.py
[2022-06-28 14:20:47,844] {processor.py:652} INFO - DAG(s) dict_keys(['example_skip_dag']) retrieved from /home/airflow/.local/lib/python3.7/site-packages/airflow/example_dags/example_skip_dag.py
[2022-06-28 14:20:47,856] {logging_mixin.py:109} INFO - [2022-06-28 14:20:47,856] {dag.py:2398} INFO - Sync 1 DAGs
[2022-06-28 14:20:47,868] {logging_mixin.py:109} INFO - [2022-06-28 14:20:47,868] {dag.py:2937} INFO - Setting next_dagrun for example_skip_dag to 2022-06-27T14:20:47.868303+00:00
[2022-06-28 14:20:47,873] {processor.py:171} INFO - Processing /home/airflow/.local/lib/python3.7/site-packages/airflow/example_dags/example_skip_dag.py took 0.041 seconds
[2022-06-28 14:21:18,521] {processor.py:163} INFO - Started process (PID=689) to work on /home/airflow/.local/lib/python3.7/site-packages/airflow/example_dags/example_skip_dag.py
[2022-06-28 14:21:18,521] {processor.py:642} INFO - Processing file /home/airflow/.local/lib/python3.7/site-packages/airflow/example_dags/example_skip_dag.py for tasks to queue
[2022-06-28 14:21:18,522] {logging_mixin.py:109} INFO - [2022-06-28 14:21:18,522] {dagbag.py:500} INFO - Filling up the DagBag from /home/airflow/.local/lib/python3.7/site-packages/airflow/example_dags/example_skip_dag.py
[2022-06-28 14:21:18,530] {processor.py:652} INFO - DAG(s) dict_keys(['example_skip_dag']) retrieved from /home/airflow/.local/lib/python3.7/site-packages/airflow/example_dags/example_skip_dag.py
[2022-06-28 14:21:18,542] {logging_mixin.py:109} INFO - [2022-06-28 14:21:18,542] {dag.py:2398} INFO - Sync 1 DAGs
[2022-06-28 14:21:18,552] {logging_mixin.py:109} INFO - [2022-06-28 14:21:18,552] {dag.py:2937} INFO - Setting next_dagrun for example_skip_dag to 2022-06-27T14:21:18.552723+00:00
[2022-06-28 14:21:18,558] {processor.py:171} INFO - Processing /home/airflow/.local/lib/python3.7/site-packages/airflow/example_dags/example_skip_dag.py took 0.039 seconds
[2022-06-28 14:21:49,409] {processor.py:163} INFO - Started process (PID=761) to work on /home/airflow/.local/lib/python3.7/site-packages/airflow/example_dags/example_skip_dag.py
[2022-06-28 14:21:49,410] {processor.py:642} INFO - Processing file /home/airflow/.local/lib/python3.7/site-packages/airflow/example_dags/example_skip_dag.py for tasks to queue
[2022-06-28 14:21:49,410] {logging_mixin.py:109} INFO - [2022-06-28 14:21:49,410] {dagbag.py:500} INFO - Filling up the DagBag from /home/airflow/.local/lib/python3.7/site-packages/airflow/example_dags/example_skip_dag.py
[2022-06-28 14:21:49,422] {processor.py:652} INFO - DAG(s) dict_keys(['example_skip_dag']) retrieved from /home/airflow/.local/lib/python3.7/site-packages/airflow/example_dags/example_skip_dag.py
[2022-06-28 14:21:49,444] {logging_mixin.py:109} INFO - [2022-06-28 14:21:49,444] {dag.py:2398} INFO - Sync 1 DAGs
[2022-06-28 14:21:49,459] {logging_mixin.py:109} INFO - [2022-06-28 14:21:49,459] {dag.py:2937} INFO - Setting next_dagrun for example_skip_dag to 2022-06-27T14:21:49.458934+00:00
[2022-06-28 14:21:49,466] {processor.py:171} INFO - Processing /home/airflow/.local/lib/python3.7/site-packages/airflow/example_dags/example_skip_dag.py took 0.060 seconds
[2022-06-28 14:22:20,277] {processor.py:163} INFO - Started process (PID=824) to work on /home/airflow/.local/lib/python3.7/site-packages/airflow/example_dags/example_skip_dag.py
[2022-06-28 14:22:20,277] {processor.py:642} INFO - Processing file /home/airflow/.local/lib/python3.7/site-packages/airflow/example_dags/example_skip_dag.py for tasks to queue
[2022-06-28 14:22:20,278] {logging_mixin.py:109} INFO - [2022-06-28 14:22:20,277] {dagbag.py:500} INFO - Filling up the DagBag from /home/airflow/.local/lib/python3.7/site-packages/airflow/example_dags/example_skip_dag.py
[2022-06-28 14:22:20,286] {processor.py:652} INFO - DAG(s) dict_keys(['example_skip_dag']) retrieved from /home/airflow/.local/lib/python3.7/site-packages/airflow/example_dags/example_skip_dag.py
[2022-06-28 14:22:20,299] {logging_mixin.py:109} INFO - [2022-06-28 14:22:20,299] {dag.py:2398} INFO - Sync 1 DAGs
[2022-06-28 14:22:20,309] {logging_mixin.py:109} INFO - [2022-06-28 14:22:20,309] {dag.py:2937} INFO - Setting next_dagrun for example_skip_dag to 2022-06-27T14:22:20.309669+00:00
[2022-06-28 14:22:20,315] {processor.py:171} INFO - Processing /home/airflow/.local/lib/python3.7/site-packages/airflow/example_dags/example_skip_dag.py took 0.040 seconds
[2022-06-28 14:22:51,042] {processor.py:163} INFO - Started process (PID=895) to work on /home/airflow/.local/lib/python3.7/site-packages/airflow/example_dags/example_skip_dag.py
[2022-06-28 14:22:51,043] {processor.py:642} INFO - Processing file /home/airflow/.local/lib/python3.7/site-packages/airflow/example_dags/example_skip_dag.py for tasks to queue
[2022-06-28 14:22:51,043] {logging_mixin.py:109} INFO - [2022-06-28 14:22:51,043] {dagbag.py:500} INFO - Filling up the DagBag from /home/airflow/.local/lib/python3.7/site-packages/airflow/example_dags/example_skip_dag.py
[2022-06-28 14:22:51,052] {processor.py:652} INFO - DAG(s) dict_keys(['example_skip_dag']) retrieved from /home/airflow/.local/lib/python3.7/site-packages/airflow/example_dags/example_skip_dag.py
[2022-06-28 14:22:51,066] {logging_mixin.py:109} INFO - [2022-06-28 14:22:51,066] {dag.py:2398} INFO - Sync 1 DAGs
[2022-06-28 14:22:51,080] {logging_mixin.py:109} INFO - [2022-06-28 14:22:51,080] {dag.py:2937} INFO - Setting next_dagrun for example_skip_dag to 2022-06-27T14:22:51.080027+00:00
[2022-06-28 14:22:51,085] {processor.py:171} INFO - Processing /home/airflow/.local/lib/python3.7/site-packages/airflow/example_dags/example_skip_dag.py took 0.045 seconds
[2022-06-28 14:23:21,728] {processor.py:163} INFO - Started process (PID=965) to work on /home/airflow/.local/lib/python3.7/site-packages/airflow/example_dags/example_skip_dag.py
[2022-06-28 14:23:21,728] {processor.py:642} INFO - Processing file /home/airflow/.local/lib/python3.7/site-packages/airflow/example_dags/example_skip_dag.py for tasks to queue
[2022-06-28 14:23:21,729] {logging_mixin.py:109} INFO - [2022-06-28 14:23:21,729] {dagbag.py:500} INFO - Filling up the DagBag from /home/airflow/.local/lib/python3.7/site-packages/airflow/example_dags/example_skip_dag.py
[2022-06-28 14:23:21,738] {processor.py:652} INFO - DAG(s) dict_keys(['example_skip_dag']) retrieved from /home/airflow/.local/lib/python3.7/site-packages/airflow/example_dags/example_skip_dag.py
[2022-06-28 14:23:21,750] {logging_mixin.py:109} INFO - [2022-06-28 14:23:21,750] {dag.py:2398} INFO - Sync 1 DAGs
[2022-06-28 14:23:21,763] {logging_mixin.py:109} INFO - [2022-06-28 14:23:21,763] {dag.py:2937} INFO - Setting next_dagrun for example_skip_dag to 2022-06-27T14:23:21.762840+00:00
[2022-06-28 14:23:21,769] {processor.py:171} INFO - Processing /home/airflow/.local/lib/python3.7/site-packages/airflow/example_dags/example_skip_dag.py took 0.043 seconds
[2022-06-28 14:23:53,187] {processor.py:163} INFO - Started process (PID=1027) to work on /home/airflow/.local/lib/python3.7/site-packages/airflow/example_dags/example_skip_dag.py
[2022-06-28 14:23:53,187] {processor.py:642} INFO - Processing file /home/airflow/.local/lib/python3.7/site-packages/airflow/example_dags/example_skip_dag.py for tasks to queue
[2022-06-28 14:23:53,188] {logging_mixin.py:109} INFO - [2022-06-28 14:23:53,188] {dagbag.py:500} INFO - Filling up the DagBag from /home/airflow/.local/lib/python3.7/site-packages/airflow/example_dags/example_skip_dag.py
[2022-06-28 14:23:53,196] {processor.py:652} INFO - DAG(s) dict_keys(['example_skip_dag']) retrieved from /home/airflow/.local/lib/python3.7/site-packages/airflow/example_dags/example_skip_dag.py
[2022-06-28 14:23:53,212] {logging_mixin.py:109} INFO - [2022-06-28 14:23:53,212] {dag.py:2398} INFO - Sync 1 DAGs
[2022-06-28 14:23:53,227] {logging_mixin.py:109} INFO - [2022-06-28 14:23:53,227] {dag.py:2937} INFO - Setting next_dagrun for example_skip_dag to 2022-06-27T14:23:53.227610+00:00
[2022-06-28 14:23:53,235] {processor.py:171} INFO - Processing /home/airflow/.local/lib/python3.7/site-packages/airflow/example_dags/example_skip_dag.py took 0.050 seconds
[2022-06-28 16:24:49,813] {processor.py:163} INFO - Started process (PID=1098) to work on /home/airflow/.local/lib/python3.7/site-packages/airflow/example_dags/example_skip_dag.py
[2022-06-28 16:24:49,814] {processor.py:642} INFO - Processing file /home/airflow/.local/lib/python3.7/site-packages/airflow/example_dags/example_skip_dag.py for tasks to queue
[2022-06-28 16:24:49,815] {logging_mixin.py:109} INFO - [2022-06-28 16:24:49,815] {dagbag.py:500} INFO - Filling up the DagBag from /home/airflow/.local/lib/python3.7/site-packages/airflow/example_dags/example_skip_dag.py
[2022-06-28 16:24:49,827] {processor.py:652} INFO - DAG(s) dict_keys(['example_skip_dag']) retrieved from /home/airflow/.local/lib/python3.7/site-packages/airflow/example_dags/example_skip_dag.py
[2022-06-28 16:24:49,844] {logging_mixin.py:109} INFO - [2022-06-28 16:24:49,844] {dag.py:2398} INFO - Sync 1 DAGs
[2022-06-28 16:24:49,856] {logging_mixin.py:109} INFO - [2022-06-28 16:24:49,856] {dag.py:2937} INFO - Setting next_dagrun for example_skip_dag to 2022-06-27T16:24:49.855844+00:00
[2022-06-28 16:24:49,863] {processor.py:171} INFO - Processing /home/airflow/.local/lib/python3.7/site-packages/airflow/example_dags/example_skip_dag.py took 0.053 seconds
