[2022-06-28 14:16:40,026] {processor.py:163} INFO - Started process (PID=63) to work on /home/airflow/.local/lib/python3.7/site-packages/airflow/example_dags/example_xcom.py
[2022-06-28 14:16:40,027] {processor.py:642} INFO - Processing file /home/airflow/.local/lib/python3.7/site-packages/airflow/example_dags/example_xcom.py for tasks to queue
[2022-06-28 14:16:40,027] {logging_mixin.py:109} INFO - [2022-06-28 14:16:40,027] {dagbag.py:500} INFO - Filling up the DagBag from /home/airflow/.local/lib/python3.7/site-packages/airflow/example_dags/example_xcom.py
[2022-06-28 14:16:40,049] {processor.py:652} INFO - DAG(s) dict_keys(['example_xcom']) retrieved from /home/airflow/.local/lib/python3.7/site-packages/airflow/example_dags/example_xcom.py
[2022-06-28 14:16:40,444] {logging_mixin.py:109} INFO - [2022-06-28 14:16:40,444] {dag.py:2398} INFO - Sync 1 DAGs
[2022-06-28 14:16:40,461] {logging_mixin.py:109} INFO - [2022-06-28 14:16:40,461] {dag.py:2937} INFO - Setting next_dagrun for example_xcom to 2021-01-01T00:00:00+00:00
[2022-06-28 14:16:40,483] {processor.py:171} INFO - Processing /home/airflow/.local/lib/python3.7/site-packages/airflow/example_dags/example_xcom.py took 0.460 seconds
[2022-06-28 14:17:10,527] {processor.py:163} INFO - Started process (PID=133) to work on /home/airflow/.local/lib/python3.7/site-packages/airflow/example_dags/example_xcom.py
[2022-06-28 14:17:10,528] {processor.py:642} INFO - Processing file /home/airflow/.local/lib/python3.7/site-packages/airflow/example_dags/example_xcom.py for tasks to queue
[2022-06-28 14:17:10,528] {logging_mixin.py:109} INFO - [2022-06-28 14:17:10,528] {dagbag.py:500} INFO - Filling up the DagBag from /home/airflow/.local/lib/python3.7/site-packages/airflow/example_dags/example_xcom.py
[2022-06-28 14:17:10,542] {processor.py:652} INFO - DAG(s) dict_keys(['example_xcom']) retrieved from /home/airflow/.local/lib/python3.7/site-packages/airflow/example_dags/example_xcom.py
[2022-06-28 14:17:10,726] {logging_mixin.py:109} INFO - [2022-06-28 14:17:10,726] {dag.py:2398} INFO - Sync 1 DAGs
[2022-06-28 14:17:10,734] {logging_mixin.py:109} INFO - [2022-06-28 14:17:10,734] {dag.py:2937} INFO - Setting next_dagrun for example_xcom to 2021-01-01T00:00:00+00:00
[2022-06-28 14:17:10,740] {processor.py:171} INFO - Processing /home/airflow/.local/lib/python3.7/site-packages/airflow/example_dags/example_xcom.py took 0.215 seconds
[2022-06-28 14:17:41,408] {processor.py:163} INFO - Started process (PID=202) to work on /home/airflow/.local/lib/python3.7/site-packages/airflow/example_dags/example_xcom.py
[2022-06-28 14:17:41,409] {processor.py:642} INFO - Processing file /home/airflow/.local/lib/python3.7/site-packages/airflow/example_dags/example_xcom.py for tasks to queue
[2022-06-28 14:17:41,409] {logging_mixin.py:109} INFO - [2022-06-28 14:17:41,409] {dagbag.py:500} INFO - Filling up the DagBag from /home/airflow/.local/lib/python3.7/site-packages/airflow/example_dags/example_xcom.py
[2022-06-28 14:17:41,423] {processor.py:652} INFO - DAG(s) dict_keys(['example_xcom']) retrieved from /home/airflow/.local/lib/python3.7/site-packages/airflow/example_dags/example_xcom.py
[2022-06-28 14:17:41,625] {logging_mixin.py:109} INFO - [2022-06-28 14:17:41,625] {dag.py:2398} INFO - Sync 1 DAGs
[2022-06-28 14:17:41,634] {logging_mixin.py:109} INFO - [2022-06-28 14:17:41,634] {dag.py:2937} INFO - Setting next_dagrun for example_xcom to 2021-01-01T00:00:00+00:00
[2022-06-28 14:17:41,641] {processor.py:171} INFO - Processing /home/airflow/.local/lib/python3.7/site-packages/airflow/example_dags/example_xcom.py took 0.235 seconds
[2022-06-28 14:18:12,260] {processor.py:163} INFO - Started process (PID=269) to work on /home/airflow/.local/lib/python3.7/site-packages/airflow/example_dags/example_xcom.py
[2022-06-28 14:18:12,261] {processor.py:642} INFO - Processing file /home/airflow/.local/lib/python3.7/site-packages/airflow/example_dags/example_xcom.py for tasks to queue
[2022-06-28 14:18:12,261] {logging_mixin.py:109} INFO - [2022-06-28 14:18:12,261] {dagbag.py:500} INFO - Filling up the DagBag from /home/airflow/.local/lib/python3.7/site-packages/airflow/example_dags/example_xcom.py
[2022-06-28 14:18:12,274] {processor.py:652} INFO - DAG(s) dict_keys(['example_xcom']) retrieved from /home/airflow/.local/lib/python3.7/site-packages/airflow/example_dags/example_xcom.py
[2022-06-28 14:18:12,501] {logging_mixin.py:109} INFO - [2022-06-28 14:18:12,501] {dag.py:2398} INFO - Sync 1 DAGs
[2022-06-28 14:18:12,512] {logging_mixin.py:109} INFO - [2022-06-28 14:18:12,511] {dag.py:2937} INFO - Setting next_dagrun for example_xcom to 2021-01-01T00:00:00+00:00
[2022-06-28 14:18:12,518] {processor.py:171} INFO - Processing /home/airflow/.local/lib/python3.7/site-packages/airflow/example_dags/example_xcom.py took 0.260 seconds
[2022-06-28 14:18:43,010] {processor.py:163} INFO - Started process (PID=333) to work on /home/airflow/.local/lib/python3.7/site-packages/airflow/example_dags/example_xcom.py
[2022-06-28 14:18:43,010] {processor.py:642} INFO - Processing file /home/airflow/.local/lib/python3.7/site-packages/airflow/example_dags/example_xcom.py for tasks to queue
[2022-06-28 14:18:43,011] {logging_mixin.py:109} INFO - [2022-06-28 14:18:43,011] {dagbag.py:500} INFO - Filling up the DagBag from /home/airflow/.local/lib/python3.7/site-packages/airflow/example_dags/example_xcom.py
[2022-06-28 14:18:43,022] {processor.py:652} INFO - DAG(s) dict_keys(['example_xcom']) retrieved from /home/airflow/.local/lib/python3.7/site-packages/airflow/example_dags/example_xcom.py
[2022-06-28 14:18:43,212] {logging_mixin.py:109} INFO - [2022-06-28 14:18:43,211] {dag.py:2398} INFO - Sync 1 DAGs
[2022-06-28 14:18:43,220] {logging_mixin.py:109} INFO - [2022-06-28 14:18:43,220] {dag.py:2937} INFO - Setting next_dagrun for example_xcom to 2021-01-01T00:00:00+00:00
[2022-06-28 14:18:43,227] {processor.py:171} INFO - Processing /home/airflow/.local/lib/python3.7/site-packages/airflow/example_dags/example_xcom.py took 0.218 seconds
[2022-06-28 14:19:13,676] {processor.py:163} INFO - Started process (PID=403) to work on /home/airflow/.local/lib/python3.7/site-packages/airflow/example_dags/example_xcom.py
[2022-06-28 14:19:13,676] {processor.py:642} INFO - Processing file /home/airflow/.local/lib/python3.7/site-packages/airflow/example_dags/example_xcom.py for tasks to queue
[2022-06-28 14:19:13,677] {logging_mixin.py:109} INFO - [2022-06-28 14:19:13,676] {dagbag.py:500} INFO - Filling up the DagBag from /home/airflow/.local/lib/python3.7/site-packages/airflow/example_dags/example_xcom.py
[2022-06-28 14:19:13,688] {processor.py:652} INFO - DAG(s) dict_keys(['example_xcom']) retrieved from /home/airflow/.local/lib/python3.7/site-packages/airflow/example_dags/example_xcom.py
[2022-06-28 14:19:13,874] {logging_mixin.py:109} INFO - [2022-06-28 14:19:13,874] {dag.py:2398} INFO - Sync 1 DAGs
[2022-06-28 14:19:13,883] {logging_mixin.py:109} INFO - [2022-06-28 14:19:13,883] {dag.py:2937} INFO - Setting next_dagrun for example_xcom to 2021-01-01T00:00:00+00:00
[2022-06-28 14:19:13,889] {processor.py:171} INFO - Processing /home/airflow/.local/lib/python3.7/site-packages/airflow/example_dags/example_xcom.py took 0.215 seconds
[2022-06-28 14:19:44,495] {processor.py:163} INFO - Started process (PID=473) to work on /home/airflow/.local/lib/python3.7/site-packages/airflow/example_dags/example_xcom.py
[2022-06-28 14:19:44,495] {processor.py:642} INFO - Processing file /home/airflow/.local/lib/python3.7/site-packages/airflow/example_dags/example_xcom.py for tasks to queue
[2022-06-28 14:19:44,495] {logging_mixin.py:109} INFO - [2022-06-28 14:19:44,495] {dagbag.py:500} INFO - Filling up the DagBag from /home/airflow/.local/lib/python3.7/site-packages/airflow/example_dags/example_xcom.py
[2022-06-28 14:19:44,508] {processor.py:652} INFO - DAG(s) dict_keys(['example_xcom']) retrieved from /home/airflow/.local/lib/python3.7/site-packages/airflow/example_dags/example_xcom.py
[2022-06-28 14:19:44,706] {logging_mixin.py:109} INFO - [2022-06-28 14:19:44,705] {dag.py:2398} INFO - Sync 1 DAGs
[2022-06-28 14:19:44,715] {logging_mixin.py:109} INFO - [2022-06-28 14:19:44,715] {dag.py:2937} INFO - Setting next_dagrun for example_xcom to 2021-01-01T00:00:00+00:00
[2022-06-28 14:19:44,721] {processor.py:171} INFO - Processing /home/airflow/.local/lib/python3.7/site-packages/airflow/example_dags/example_xcom.py took 0.228 seconds
[2022-06-28 14:20:15,176] {processor.py:163} INFO - Started process (PID=534) to work on /home/airflow/.local/lib/python3.7/site-packages/airflow/example_dags/example_xcom.py
[2022-06-28 14:20:15,176] {processor.py:642} INFO - Processing file /home/airflow/.local/lib/python3.7/site-packages/airflow/example_dags/example_xcom.py for tasks to queue
[2022-06-28 14:20:15,176] {logging_mixin.py:109} INFO - [2022-06-28 14:20:15,176] {dagbag.py:500} INFO - Filling up the DagBag from /home/airflow/.local/lib/python3.7/site-packages/airflow/example_dags/example_xcom.py
[2022-06-28 14:20:15,189] {processor.py:652} INFO - DAG(s) dict_keys(['example_xcom']) retrieved from /home/airflow/.local/lib/python3.7/site-packages/airflow/example_dags/example_xcom.py
[2022-06-28 14:20:15,383] {logging_mixin.py:109} INFO - [2022-06-28 14:20:15,383] {dag.py:2398} INFO - Sync 1 DAGs
[2022-06-28 14:20:15,391] {logging_mixin.py:109} INFO - [2022-06-28 14:20:15,391] {dag.py:2937} INFO - Setting next_dagrun for example_xcom to 2021-01-01T00:00:00+00:00
[2022-06-28 14:20:15,398] {processor.py:171} INFO - Processing /home/airflow/.local/lib/python3.7/site-packages/airflow/example_dags/example_xcom.py took 0.225 seconds
[2022-06-28 14:20:46,017] {processor.py:163} INFO - Started process (PID=606) to work on /home/airflow/.local/lib/python3.7/site-packages/airflow/example_dags/example_xcom.py
[2022-06-28 14:20:46,017] {processor.py:642} INFO - Processing file /home/airflow/.local/lib/python3.7/site-packages/airflow/example_dags/example_xcom.py for tasks to queue
[2022-06-28 14:20:46,018] {logging_mixin.py:109} INFO - [2022-06-28 14:20:46,017] {dagbag.py:500} INFO - Filling up the DagBag from /home/airflow/.local/lib/python3.7/site-packages/airflow/example_dags/example_xcom.py
[2022-06-28 14:20:46,029] {processor.py:652} INFO - DAG(s) dict_keys(['example_xcom']) retrieved from /home/airflow/.local/lib/python3.7/site-packages/airflow/example_dags/example_xcom.py
[2022-06-28 14:20:46,215] {logging_mixin.py:109} INFO - [2022-06-28 14:20:46,215] {dag.py:2398} INFO - Sync 1 DAGs
[2022-06-28 14:20:46,224] {logging_mixin.py:109} INFO - [2022-06-28 14:20:46,224] {dag.py:2937} INFO - Setting next_dagrun for example_xcom to 2021-01-01T00:00:00+00:00
[2022-06-28 14:20:46,230] {processor.py:171} INFO - Processing /home/airflow/.local/lib/python3.7/site-packages/airflow/example_dags/example_xcom.py took 0.215 seconds
[2022-06-28 14:21:16,706] {processor.py:163} INFO - Started process (PID=676) to work on /home/airflow/.local/lib/python3.7/site-packages/airflow/example_dags/example_xcom.py
[2022-06-28 14:21:16,707] {processor.py:642} INFO - Processing file /home/airflow/.local/lib/python3.7/site-packages/airflow/example_dags/example_xcom.py for tasks to queue
[2022-06-28 14:21:16,707] {logging_mixin.py:109} INFO - [2022-06-28 14:21:16,707] {dagbag.py:500} INFO - Filling up the DagBag from /home/airflow/.local/lib/python3.7/site-packages/airflow/example_dags/example_xcom.py
[2022-06-28 14:21:16,718] {processor.py:652} INFO - DAG(s) dict_keys(['example_xcom']) retrieved from /home/airflow/.local/lib/python3.7/site-packages/airflow/example_dags/example_xcom.py
[2022-06-28 14:21:16,904] {logging_mixin.py:109} INFO - [2022-06-28 14:21:16,904] {dag.py:2398} INFO - Sync 1 DAGs
[2022-06-28 14:21:16,913] {logging_mixin.py:109} INFO - [2022-06-28 14:21:16,913] {dag.py:2937} INFO - Setting next_dagrun for example_xcom to 2021-01-01T00:00:00+00:00
[2022-06-28 14:21:16,920] {processor.py:171} INFO - Processing /home/airflow/.local/lib/python3.7/site-packages/airflow/example_dags/example_xcom.py took 0.215 seconds
[2022-06-28 14:21:47,455] {processor.py:163} INFO - Started process (PID=737) to work on /home/airflow/.local/lib/python3.7/site-packages/airflow/example_dags/example_xcom.py
[2022-06-28 14:21:47,455] {processor.py:642} INFO - Processing file /home/airflow/.local/lib/python3.7/site-packages/airflow/example_dags/example_xcom.py for tasks to queue
[2022-06-28 14:21:47,456] {logging_mixin.py:109} INFO - [2022-06-28 14:21:47,456] {dagbag.py:500} INFO - Filling up the DagBag from /home/airflow/.local/lib/python3.7/site-packages/airflow/example_dags/example_xcom.py
[2022-06-28 14:21:47,467] {processor.py:652} INFO - DAG(s) dict_keys(['example_xcom']) retrieved from /home/airflow/.local/lib/python3.7/site-packages/airflow/example_dags/example_xcom.py
[2022-06-28 14:21:47,664] {logging_mixin.py:109} INFO - [2022-06-28 14:21:47,664] {dag.py:2398} INFO - Sync 1 DAGs
[2022-06-28 14:21:47,673] {logging_mixin.py:109} INFO - [2022-06-28 14:21:47,673] {dag.py:2937} INFO - Setting next_dagrun for example_xcom to 2021-01-01T00:00:00+00:00
[2022-06-28 14:21:47,680] {processor.py:171} INFO - Processing /home/airflow/.local/lib/python3.7/site-packages/airflow/example_dags/example_xcom.py took 0.227 seconds
[2022-06-28 14:22:18,454] {processor.py:163} INFO - Started process (PID=811) to work on /home/airflow/.local/lib/python3.7/site-packages/airflow/example_dags/example_xcom.py
[2022-06-28 14:22:18,454] {processor.py:642} INFO - Processing file /home/airflow/.local/lib/python3.7/site-packages/airflow/example_dags/example_xcom.py for tasks to queue
[2022-06-28 14:22:18,455] {logging_mixin.py:109} INFO - [2022-06-28 14:22:18,455] {dagbag.py:500} INFO - Filling up the DagBag from /home/airflow/.local/lib/python3.7/site-packages/airflow/example_dags/example_xcom.py
[2022-06-28 14:22:18,466] {processor.py:652} INFO - DAG(s) dict_keys(['example_xcom']) retrieved from /home/airflow/.local/lib/python3.7/site-packages/airflow/example_dags/example_xcom.py
[2022-06-28 14:22:18,653] {logging_mixin.py:109} INFO - [2022-06-28 14:22:18,653] {dag.py:2398} INFO - Sync 1 DAGs
[2022-06-28 14:22:18,662] {logging_mixin.py:109} INFO - [2022-06-28 14:22:18,662] {dag.py:2937} INFO - Setting next_dagrun for example_xcom to 2021-01-01T00:00:00+00:00
[2022-06-28 14:22:18,669] {processor.py:171} INFO - Processing /home/airflow/.local/lib/python3.7/site-packages/airflow/example_dags/example_xcom.py took 0.217 seconds
[2022-06-28 14:22:49,195] {processor.py:163} INFO - Started process (PID=882) to work on /home/airflow/.local/lib/python3.7/site-packages/airflow/example_dags/example_xcom.py
[2022-06-28 14:22:49,196] {processor.py:642} INFO - Processing file /home/airflow/.local/lib/python3.7/site-packages/airflow/example_dags/example_xcom.py for tasks to queue
[2022-06-28 14:22:49,196] {logging_mixin.py:109} INFO - [2022-06-28 14:22:49,196] {dagbag.py:500} INFO - Filling up the DagBag from /home/airflow/.local/lib/python3.7/site-packages/airflow/example_dags/example_xcom.py
[2022-06-28 14:22:49,209] {processor.py:652} INFO - DAG(s) dict_keys(['example_xcom']) retrieved from /home/airflow/.local/lib/python3.7/site-packages/airflow/example_dags/example_xcom.py
[2022-06-28 14:22:49,405] {logging_mixin.py:109} INFO - [2022-06-28 14:22:49,405] {dag.py:2398} INFO - Sync 1 DAGs
[2022-06-28 14:22:49,414] {logging_mixin.py:109} INFO - [2022-06-28 14:22:49,414] {dag.py:2937} INFO - Setting next_dagrun for example_xcom to 2021-01-01T00:00:00+00:00
[2022-06-28 14:22:49,423] {processor.py:171} INFO - Processing /home/airflow/.local/lib/python3.7/site-packages/airflow/example_dags/example_xcom.py took 0.229 seconds
[2022-06-28 14:23:19,790] {processor.py:163} INFO - Started process (PID=942) to work on /home/airflow/.local/lib/python3.7/site-packages/airflow/example_dags/example_xcom.py
[2022-06-28 14:23:19,791] {processor.py:642} INFO - Processing file /home/airflow/.local/lib/python3.7/site-packages/airflow/example_dags/example_xcom.py for tasks to queue
[2022-06-28 14:23:19,791] {logging_mixin.py:109} INFO - [2022-06-28 14:23:19,791] {dagbag.py:500} INFO - Filling up the DagBag from /home/airflow/.local/lib/python3.7/site-packages/airflow/example_dags/example_xcom.py
[2022-06-28 14:23:19,803] {processor.py:652} INFO - DAG(s) dict_keys(['example_xcom']) retrieved from /home/airflow/.local/lib/python3.7/site-packages/airflow/example_dags/example_xcom.py
[2022-06-28 14:23:19,982] {logging_mixin.py:109} INFO - [2022-06-28 14:23:19,982] {dag.py:2398} INFO - Sync 1 DAGs
[2022-06-28 14:23:19,990] {logging_mixin.py:109} INFO - [2022-06-28 14:23:19,990] {dag.py:2937} INFO - Setting next_dagrun for example_xcom to 2021-01-01T00:00:00+00:00
[2022-06-28 14:23:19,997] {processor.py:171} INFO - Processing /home/airflow/.local/lib/python3.7/site-packages/airflow/example_dags/example_xcom.py took 0.209 seconds
[2022-06-28 14:23:52,351] {processor.py:163} INFO - Started process (PID=1014) to work on /home/airflow/.local/lib/python3.7/site-packages/airflow/example_dags/example_xcom.py
[2022-06-28 14:23:52,352] {processor.py:642} INFO - Processing file /home/airflow/.local/lib/python3.7/site-packages/airflow/example_dags/example_xcom.py for tasks to queue
[2022-06-28 14:23:52,352] {logging_mixin.py:109} INFO - [2022-06-28 14:23:52,352] {dagbag.py:500} INFO - Filling up the DagBag from /home/airflow/.local/lib/python3.7/site-packages/airflow/example_dags/example_xcom.py
[2022-06-28 14:23:52,364] {processor.py:652} INFO - DAG(s) dict_keys(['example_xcom']) retrieved from /home/airflow/.local/lib/python3.7/site-packages/airflow/example_dags/example_xcom.py
[2022-06-28 14:23:52,560] {logging_mixin.py:109} INFO - [2022-06-28 14:23:52,560] {dag.py:2398} INFO - Sync 1 DAGs
[2022-06-28 14:23:52,570] {logging_mixin.py:109} INFO - [2022-06-28 14:23:52,570] {dag.py:2937} INFO - Setting next_dagrun for example_xcom to 2021-01-01T00:00:00+00:00
[2022-06-28 14:23:52,577] {processor.py:171} INFO - Processing /home/airflow/.local/lib/python3.7/site-packages/airflow/example_dags/example_xcom.py took 0.227 seconds
[2022-06-28 16:24:47,804] {processor.py:163} INFO - Started process (PID=1085) to work on /home/airflow/.local/lib/python3.7/site-packages/airflow/example_dags/example_xcom.py
[2022-06-28 16:24:47,805] {processor.py:642} INFO - Processing file /home/airflow/.local/lib/python3.7/site-packages/airflow/example_dags/example_xcom.py for tasks to queue
[2022-06-28 16:24:47,806] {logging_mixin.py:109} INFO - [2022-06-28 16:24:47,806] {dagbag.py:500} INFO - Filling up the DagBag from /home/airflow/.local/lib/python3.7/site-packages/airflow/example_dags/example_xcom.py
[2022-06-28 16:24:47,845] {processor.py:652} INFO - DAG(s) dict_keys(['example_xcom']) retrieved from /home/airflow/.local/lib/python3.7/site-packages/airflow/example_dags/example_xcom.py
[2022-06-28 16:24:48,332] {logging_mixin.py:109} INFO - [2022-06-28 16:24:48,332] {dag.py:2398} INFO - Sync 1 DAGs
[2022-06-28 16:24:48,398] {logging_mixin.py:109} INFO - [2022-06-28 16:24:48,398] {dag.py:2937} INFO - Setting next_dagrun for example_xcom to 2021-01-01T00:00:00+00:00
[2022-06-28 16:24:48,431] {processor.py:171} INFO - Processing /home/airflow/.local/lib/python3.7/site-packages/airflow/example_dags/example_xcom.py took 0.629 seconds
[2022-06-28 16:25:18,998] {processor.py:163} INFO - Started process (PID=1146) to work on /home/airflow/.local/lib/python3.7/site-packages/airflow/example_dags/example_xcom.py
[2022-06-28 16:25:18,999] {processor.py:642} INFO - Processing file /home/airflow/.local/lib/python3.7/site-packages/airflow/example_dags/example_xcom.py for tasks to queue
[2022-06-28 16:25:19,000] {logging_mixin.py:109} INFO - [2022-06-28 16:25:19,000] {dagbag.py:500} INFO - Filling up the DagBag from /home/airflow/.local/lib/python3.7/site-packages/airflow/example_dags/example_xcom.py
[2022-06-28 16:25:19,018] {processor.py:652} INFO - DAG(s) dict_keys(['example_xcom']) retrieved from /home/airflow/.local/lib/python3.7/site-packages/airflow/example_dags/example_xcom.py
[2022-06-28 16:25:19,307] {logging_mixin.py:109} INFO - [2022-06-28 16:25:19,307] {dag.py:2398} INFO - Sync 1 DAGs
[2022-06-28 16:25:19,317] {logging_mixin.py:109} INFO - [2022-06-28 16:25:19,317] {dag.py:2937} INFO - Setting next_dagrun for example_xcom to 2021-01-01T00:00:00+00:00
[2022-06-28 16:25:19,324] {processor.py:171} INFO - Processing /home/airflow/.local/lib/python3.7/site-packages/airflow/example_dags/example_xcom.py took 0.329 seconds
