[2022-06-28 14:16:41,509] {processor.py:163} INFO - Started process (PID=72) to work on /home/airflow/.local/lib/python3.7/site-packages/airflow/example_dags/example_nested_branch_dag.py
[2022-06-28 14:16:41,510] {processor.py:642} INFO - Processing file /home/airflow/.local/lib/python3.7/site-packages/airflow/example_dags/example_nested_branch_dag.py for tasks to queue
[2022-06-28 14:16:41,515] {logging_mixin.py:109} INFO - [2022-06-28 14:16:41,515] {dagbag.py:500} INFO - Filling up the DagBag from /home/airflow/.local/lib/python3.7/site-packages/airflow/example_dags/example_nested_branch_dag.py
[2022-06-28 14:16:41,578] {processor.py:652} INFO - DAG(s) dict_keys(['example_nested_branch_dag']) retrieved from /home/airflow/.local/lib/python3.7/site-packages/airflow/example_dags/example_nested_branch_dag.py
[2022-06-28 14:16:41,602] {logging_mixin.py:109} INFO - [2022-06-28 14:16:41,602] {dag.py:2398} INFO - Sync 1 DAGs
[2022-06-28 14:16:41,624] {logging_mixin.py:109} INFO - [2022-06-28 14:16:41,624] {dag.py:2937} INFO - Setting next_dagrun for example_nested_branch_dag to 2022-06-27 00:00:00+00:00
[2022-06-28 14:16:41,649] {processor.py:171} INFO - Processing /home/airflow/.local/lib/python3.7/site-packages/airflow/example_dags/example_nested_branch_dag.py took 0.143 seconds
[2022-06-28 14:17:11,989] {processor.py:163} INFO - Started process (PID=140) to work on /home/airflow/.local/lib/python3.7/site-packages/airflow/example_dags/example_nested_branch_dag.py
[2022-06-28 14:17:11,989] {processor.py:642} INFO - Processing file /home/airflow/.local/lib/python3.7/site-packages/airflow/example_dags/example_nested_branch_dag.py for tasks to queue
[2022-06-28 14:17:11,990] {logging_mixin.py:109} INFO - [2022-06-28 14:17:11,990] {dagbag.py:500} INFO - Filling up the DagBag from /home/airflow/.local/lib/python3.7/site-packages/airflow/example_dags/example_nested_branch_dag.py
[2022-06-28 14:17:12,002] {processor.py:652} INFO - DAG(s) dict_keys(['example_nested_branch_dag']) retrieved from /home/airflow/.local/lib/python3.7/site-packages/airflow/example_dags/example_nested_branch_dag.py
[2022-06-28 14:17:12,020] {logging_mixin.py:109} INFO - [2022-06-28 14:17:12,020] {dag.py:2398} INFO - Sync 1 DAGs
[2022-06-28 14:17:12,040] {logging_mixin.py:109} INFO - [2022-06-28 14:17:12,040] {dag.py:2937} INFO - Setting next_dagrun for example_nested_branch_dag to 2022-06-27 00:00:00+00:00
[2022-06-28 14:17:12,048] {processor.py:171} INFO - Processing /home/airflow/.local/lib/python3.7/site-packages/airflow/example_dags/example_nested_branch_dag.py took 0.061 seconds
[2022-06-28 14:17:43,035] {processor.py:163} INFO - Started process (PID=211) to work on /home/airflow/.local/lib/python3.7/site-packages/airflow/example_dags/example_nested_branch_dag.py
[2022-06-28 14:17:43,036] {processor.py:642} INFO - Processing file /home/airflow/.local/lib/python3.7/site-packages/airflow/example_dags/example_nested_branch_dag.py for tasks to queue
[2022-06-28 14:17:43,036] {logging_mixin.py:109} INFO - [2022-06-28 14:17:43,036] {dagbag.py:500} INFO - Filling up the DagBag from /home/airflow/.local/lib/python3.7/site-packages/airflow/example_dags/example_nested_branch_dag.py
[2022-06-28 14:17:43,048] {processor.py:652} INFO - DAG(s) dict_keys(['example_nested_branch_dag']) retrieved from /home/airflow/.local/lib/python3.7/site-packages/airflow/example_dags/example_nested_branch_dag.py
[2022-06-28 14:17:43,060] {logging_mixin.py:109} INFO - [2022-06-28 14:17:43,060] {dag.py:2398} INFO - Sync 1 DAGs
[2022-06-28 14:17:43,071] {logging_mixin.py:109} INFO - [2022-06-28 14:17:43,071] {dag.py:2937} INFO - Setting next_dagrun for example_nested_branch_dag to 2022-06-27 00:00:00+00:00
[2022-06-28 14:17:43,076] {processor.py:171} INFO - Processing /home/airflow/.local/lib/python3.7/site-packages/airflow/example_dags/example_nested_branch_dag.py took 0.042 seconds
[2022-06-28 14:18:13,862] {processor.py:163} INFO - Started process (PID=281) to work on /home/airflow/.local/lib/python3.7/site-packages/airflow/example_dags/example_nested_branch_dag.py
[2022-06-28 14:18:13,862] {processor.py:642} INFO - Processing file /home/airflow/.local/lib/python3.7/site-packages/airflow/example_dags/example_nested_branch_dag.py for tasks to queue
[2022-06-28 14:18:13,863] {logging_mixin.py:109} INFO - [2022-06-28 14:18:13,863] {dagbag.py:500} INFO - Filling up the DagBag from /home/airflow/.local/lib/python3.7/site-packages/airflow/example_dags/example_nested_branch_dag.py
[2022-06-28 14:18:13,873] {processor.py:652} INFO - DAG(s) dict_keys(['example_nested_branch_dag']) retrieved from /home/airflow/.local/lib/python3.7/site-packages/airflow/example_dags/example_nested_branch_dag.py
[2022-06-28 14:18:13,886] {logging_mixin.py:109} INFO - [2022-06-28 14:18:13,886] {dag.py:2398} INFO - Sync 1 DAGs
[2022-06-28 14:18:13,898] {logging_mixin.py:109} INFO - [2022-06-28 14:18:13,897] {dag.py:2937} INFO - Setting next_dagrun for example_nested_branch_dag to 2022-06-27 00:00:00+00:00
[2022-06-28 14:18:13,904] {processor.py:171} INFO - Processing /home/airflow/.local/lib/python3.7/site-packages/airflow/example_dags/example_nested_branch_dag.py took 0.044 seconds
[2022-06-28 14:18:44,558] {processor.py:163} INFO - Started process (PID=342) to work on /home/airflow/.local/lib/python3.7/site-packages/airflow/example_dags/example_nested_branch_dag.py
[2022-06-28 14:18:44,559] {processor.py:642} INFO - Processing file /home/airflow/.local/lib/python3.7/site-packages/airflow/example_dags/example_nested_branch_dag.py for tasks to queue
[2022-06-28 14:18:44,559] {logging_mixin.py:109} INFO - [2022-06-28 14:18:44,559] {dagbag.py:500} INFO - Filling up the DagBag from /home/airflow/.local/lib/python3.7/site-packages/airflow/example_dags/example_nested_branch_dag.py
[2022-06-28 14:18:44,570] {processor.py:652} INFO - DAG(s) dict_keys(['example_nested_branch_dag']) retrieved from /home/airflow/.local/lib/python3.7/site-packages/airflow/example_dags/example_nested_branch_dag.py
[2022-06-28 14:18:44,582] {logging_mixin.py:109} INFO - [2022-06-28 14:18:44,582] {dag.py:2398} INFO - Sync 1 DAGs
[2022-06-28 14:18:44,593] {logging_mixin.py:109} INFO - [2022-06-28 14:18:44,593] {dag.py:2937} INFO - Setting next_dagrun for example_nested_branch_dag to 2022-06-27 00:00:00+00:00
[2022-06-28 14:18:44,599] {processor.py:171} INFO - Processing /home/airflow/.local/lib/python3.7/site-packages/airflow/example_dags/example_nested_branch_dag.py took 0.042 seconds
[2022-06-28 14:19:15,234] {processor.py:163} INFO - Started process (PID=412) to work on /home/airflow/.local/lib/python3.7/site-packages/airflow/example_dags/example_nested_branch_dag.py
[2022-06-28 14:19:15,235] {processor.py:642} INFO - Processing file /home/airflow/.local/lib/python3.7/site-packages/airflow/example_dags/example_nested_branch_dag.py for tasks to queue
[2022-06-28 14:19:15,235] {logging_mixin.py:109} INFO - [2022-06-28 14:19:15,235] {dagbag.py:500} INFO - Filling up the DagBag from /home/airflow/.local/lib/python3.7/site-packages/airflow/example_dags/example_nested_branch_dag.py
[2022-06-28 14:19:15,245] {processor.py:652} INFO - DAG(s) dict_keys(['example_nested_branch_dag']) retrieved from /home/airflow/.local/lib/python3.7/site-packages/airflow/example_dags/example_nested_branch_dag.py
[2022-06-28 14:19:15,259] {logging_mixin.py:109} INFO - [2022-06-28 14:19:15,259] {dag.py:2398} INFO - Sync 1 DAGs
[2022-06-28 14:19:15,274] {logging_mixin.py:109} INFO - [2022-06-28 14:19:15,274] {dag.py:2937} INFO - Setting next_dagrun for example_nested_branch_dag to 2022-06-27 00:00:00+00:00
[2022-06-28 14:19:15,280] {processor.py:171} INFO - Processing /home/airflow/.local/lib/python3.7/site-packages/airflow/example_dags/example_nested_branch_dag.py took 0.048 seconds
[2022-06-28 14:19:46,037] {processor.py:163} INFO - Started process (PID=482) to work on /home/airflow/.local/lib/python3.7/site-packages/airflow/example_dags/example_nested_branch_dag.py
[2022-06-28 14:19:46,038] {processor.py:642} INFO - Processing file /home/airflow/.local/lib/python3.7/site-packages/airflow/example_dags/example_nested_branch_dag.py for tasks to queue
[2022-06-28 14:19:46,038] {logging_mixin.py:109} INFO - [2022-06-28 14:19:46,038] {dagbag.py:500} INFO - Filling up the DagBag from /home/airflow/.local/lib/python3.7/site-packages/airflow/example_dags/example_nested_branch_dag.py
[2022-06-28 14:19:46,048] {processor.py:652} INFO - DAG(s) dict_keys(['example_nested_branch_dag']) retrieved from /home/airflow/.local/lib/python3.7/site-packages/airflow/example_dags/example_nested_branch_dag.py
[2022-06-28 14:19:46,061] {logging_mixin.py:109} INFO - [2022-06-28 14:19:46,061] {dag.py:2398} INFO - Sync 1 DAGs
[2022-06-28 14:19:46,072] {logging_mixin.py:109} INFO - [2022-06-28 14:19:46,072] {dag.py:2937} INFO - Setting next_dagrun for example_nested_branch_dag to 2022-06-27 00:00:00+00:00
[2022-06-28 14:19:46,078] {processor.py:171} INFO - Processing /home/airflow/.local/lib/python3.7/site-packages/airflow/example_dags/example_nested_branch_dag.py took 0.043 seconds
[2022-06-28 14:20:16,766] {processor.py:163} INFO - Started process (PID=543) to work on /home/airflow/.local/lib/python3.7/site-packages/airflow/example_dags/example_nested_branch_dag.py
[2022-06-28 14:20:16,767] {processor.py:642} INFO - Processing file /home/airflow/.local/lib/python3.7/site-packages/airflow/example_dags/example_nested_branch_dag.py for tasks to queue
[2022-06-28 14:20:16,767] {logging_mixin.py:109} INFO - [2022-06-28 14:20:16,767] {dagbag.py:500} INFO - Filling up the DagBag from /home/airflow/.local/lib/python3.7/site-packages/airflow/example_dags/example_nested_branch_dag.py
[2022-06-28 14:20:16,777] {processor.py:652} INFO - DAG(s) dict_keys(['example_nested_branch_dag']) retrieved from /home/airflow/.local/lib/python3.7/site-packages/airflow/example_dags/example_nested_branch_dag.py
[2022-06-28 14:20:16,791] {logging_mixin.py:109} INFO - [2022-06-28 14:20:16,791] {dag.py:2398} INFO - Sync 1 DAGs
[2022-06-28 14:20:16,806] {logging_mixin.py:109} INFO - [2022-06-28 14:20:16,806] {dag.py:2937} INFO - Setting next_dagrun for example_nested_branch_dag to 2022-06-27 00:00:00+00:00
[2022-06-28 14:20:16,813] {processor.py:171} INFO - Processing /home/airflow/.local/lib/python3.7/site-packages/airflow/example_dags/example_nested_branch_dag.py took 0.049 seconds
[2022-06-28 14:20:47,574] {processor.py:163} INFO - Started process (PID=615) to work on /home/airflow/.local/lib/python3.7/site-packages/airflow/example_dags/example_nested_branch_dag.py
[2022-06-28 14:20:47,575] {processor.py:642} INFO - Processing file /home/airflow/.local/lib/python3.7/site-packages/airflow/example_dags/example_nested_branch_dag.py for tasks to queue
[2022-06-28 14:20:47,575] {logging_mixin.py:109} INFO - [2022-06-28 14:20:47,575] {dagbag.py:500} INFO - Filling up the DagBag from /home/airflow/.local/lib/python3.7/site-packages/airflow/example_dags/example_nested_branch_dag.py
[2022-06-28 14:20:47,585] {processor.py:652} INFO - DAG(s) dict_keys(['example_nested_branch_dag']) retrieved from /home/airflow/.local/lib/python3.7/site-packages/airflow/example_dags/example_nested_branch_dag.py
[2022-06-28 14:20:47,598] {logging_mixin.py:109} INFO - [2022-06-28 14:20:47,598] {dag.py:2398} INFO - Sync 1 DAGs
[2022-06-28 14:20:47,609] {logging_mixin.py:109} INFO - [2022-06-28 14:20:47,609] {dag.py:2937} INFO - Setting next_dagrun for example_nested_branch_dag to 2022-06-27 00:00:00+00:00
[2022-06-28 14:20:47,615] {processor.py:171} INFO - Processing /home/airflow/.local/lib/python3.7/site-packages/airflow/example_dags/example_nested_branch_dag.py took 0.042 seconds
[2022-06-28 14:21:18,255] {processor.py:163} INFO - Started process (PID=685) to work on /home/airflow/.local/lib/python3.7/site-packages/airflow/example_dags/example_nested_branch_dag.py
[2022-06-28 14:21:18,255] {processor.py:642} INFO - Processing file /home/airflow/.local/lib/python3.7/site-packages/airflow/example_dags/example_nested_branch_dag.py for tasks to queue
[2022-06-28 14:21:18,256] {logging_mixin.py:109} INFO - [2022-06-28 14:21:18,256] {dagbag.py:500} INFO - Filling up the DagBag from /home/airflow/.local/lib/python3.7/site-packages/airflow/example_dags/example_nested_branch_dag.py
[2022-06-28 14:21:18,266] {processor.py:652} INFO - DAG(s) dict_keys(['example_nested_branch_dag']) retrieved from /home/airflow/.local/lib/python3.7/site-packages/airflow/example_dags/example_nested_branch_dag.py
[2022-06-28 14:21:18,278] {logging_mixin.py:109} INFO - [2022-06-28 14:21:18,278] {dag.py:2398} INFO - Sync 1 DAGs
[2022-06-28 14:21:18,289] {logging_mixin.py:109} INFO - [2022-06-28 14:21:18,289] {dag.py:2937} INFO - Setting next_dagrun for example_nested_branch_dag to 2022-06-27 00:00:00+00:00
[2022-06-28 14:21:18,295] {processor.py:171} INFO - Processing /home/airflow/.local/lib/python3.7/site-packages/airflow/example_dags/example_nested_branch_dag.py took 0.042 seconds
[2022-06-28 14:21:49,034] {processor.py:163} INFO - Started process (PID=746) to work on /home/airflow/.local/lib/python3.7/site-packages/airflow/example_dags/example_nested_branch_dag.py
[2022-06-28 14:21:49,034] {processor.py:642} INFO - Processing file /home/airflow/.local/lib/python3.7/site-packages/airflow/example_dags/example_nested_branch_dag.py for tasks to queue
[2022-06-28 14:21:49,035] {logging_mixin.py:109} INFO - [2022-06-28 14:21:49,035] {dagbag.py:500} INFO - Filling up the DagBag from /home/airflow/.local/lib/python3.7/site-packages/airflow/example_dags/example_nested_branch_dag.py
[2022-06-28 14:21:49,045] {processor.py:652} INFO - DAG(s) dict_keys(['example_nested_branch_dag']) retrieved from /home/airflow/.local/lib/python3.7/site-packages/airflow/example_dags/example_nested_branch_dag.py
[2022-06-28 14:21:49,057] {logging_mixin.py:109} INFO - [2022-06-28 14:21:49,057] {dag.py:2398} INFO - Sync 1 DAGs
[2022-06-28 14:21:49,069] {logging_mixin.py:109} INFO - [2022-06-28 14:21:49,069] {dag.py:2937} INFO - Setting next_dagrun for example_nested_branch_dag to 2022-06-27 00:00:00+00:00
[2022-06-28 14:21:49,075] {processor.py:171} INFO - Processing /home/airflow/.local/lib/python3.7/site-packages/airflow/example_dags/example_nested_branch_dag.py took 0.043 seconds
[2022-06-28 14:22:20,014] {processor.py:163} INFO - Started process (PID=820) to work on /home/airflow/.local/lib/python3.7/site-packages/airflow/example_dags/example_nested_branch_dag.py
[2022-06-28 14:22:20,015] {processor.py:642} INFO - Processing file /home/airflow/.local/lib/python3.7/site-packages/airflow/example_dags/example_nested_branch_dag.py for tasks to queue
[2022-06-28 14:22:20,015] {logging_mixin.py:109} INFO - [2022-06-28 14:22:20,015] {dagbag.py:500} INFO - Filling up the DagBag from /home/airflow/.local/lib/python3.7/site-packages/airflow/example_dags/example_nested_branch_dag.py
[2022-06-28 14:22:20,025] {processor.py:652} INFO - DAG(s) dict_keys(['example_nested_branch_dag']) retrieved from /home/airflow/.local/lib/python3.7/site-packages/airflow/example_dags/example_nested_branch_dag.py
[2022-06-28 14:22:20,037] {logging_mixin.py:109} INFO - [2022-06-28 14:22:20,037] {dag.py:2398} INFO - Sync 1 DAGs
[2022-06-28 14:22:20,049] {logging_mixin.py:109} INFO - [2022-06-28 14:22:20,049] {dag.py:2937} INFO - Setting next_dagrun for example_nested_branch_dag to 2022-06-27 00:00:00+00:00
[2022-06-28 14:22:20,055] {processor.py:171} INFO - Processing /home/airflow/.local/lib/python3.7/site-packages/airflow/example_dags/example_nested_branch_dag.py took 0.043 seconds
[2022-06-28 14:22:50,786] {processor.py:163} INFO - Started process (PID=891) to work on /home/airflow/.local/lib/python3.7/site-packages/airflow/example_dags/example_nested_branch_dag.py
[2022-06-28 14:22:50,786] {processor.py:642} INFO - Processing file /home/airflow/.local/lib/python3.7/site-packages/airflow/example_dags/example_nested_branch_dag.py for tasks to queue
[2022-06-28 14:22:50,787] {logging_mixin.py:109} INFO - [2022-06-28 14:22:50,787] {dagbag.py:500} INFO - Filling up the DagBag from /home/airflow/.local/lib/python3.7/site-packages/airflow/example_dags/example_nested_branch_dag.py
[2022-06-28 14:22:50,797] {processor.py:652} INFO - DAG(s) dict_keys(['example_nested_branch_dag']) retrieved from /home/airflow/.local/lib/python3.7/site-packages/airflow/example_dags/example_nested_branch_dag.py
[2022-06-28 14:22:50,809] {logging_mixin.py:109} INFO - [2022-06-28 14:22:50,809] {dag.py:2398} INFO - Sync 1 DAGs
[2022-06-28 14:22:50,821] {logging_mixin.py:109} INFO - [2022-06-28 14:22:50,821] {dag.py:2937} INFO - Setting next_dagrun for example_nested_branch_dag to 2022-06-27 00:00:00+00:00
[2022-06-28 14:22:50,827] {processor.py:171} INFO - Processing /home/airflow/.local/lib/python3.7/site-packages/airflow/example_dags/example_nested_branch_dag.py took 0.043 seconds
[2022-06-28 14:23:21,438] {processor.py:163} INFO - Started process (PID=961) to work on /home/airflow/.local/lib/python3.7/site-packages/airflow/example_dags/example_nested_branch_dag.py
[2022-06-28 14:23:21,439] {processor.py:642} INFO - Processing file /home/airflow/.local/lib/python3.7/site-packages/airflow/example_dags/example_nested_branch_dag.py for tasks to queue
[2022-06-28 14:23:21,439] {logging_mixin.py:109} INFO - [2022-06-28 14:23:21,439] {dagbag.py:500} INFO - Filling up the DagBag from /home/airflow/.local/lib/python3.7/site-packages/airflow/example_dags/example_nested_branch_dag.py
[2022-06-28 14:23:21,450] {processor.py:652} INFO - DAG(s) dict_keys(['example_nested_branch_dag']) retrieved from /home/airflow/.local/lib/python3.7/site-packages/airflow/example_dags/example_nested_branch_dag.py
[2022-06-28 14:23:21,462] {logging_mixin.py:109} INFO - [2022-06-28 14:23:21,462] {dag.py:2398} INFO - Sync 1 DAGs
[2022-06-28 14:23:21,474] {logging_mixin.py:109} INFO - [2022-06-28 14:23:21,474] {dag.py:2937} INFO - Setting next_dagrun for example_nested_branch_dag to 2022-06-27 00:00:00+00:00
[2022-06-28 14:23:21,481] {processor.py:171} INFO - Processing /home/airflow/.local/lib/python3.7/site-packages/airflow/example_dags/example_nested_branch_dag.py took 0.044 seconds
[2022-06-28 14:23:53,025] {processor.py:163} INFO - Started process (PID=1023) to work on /home/airflow/.local/lib/python3.7/site-packages/airflow/example_dags/example_nested_branch_dag.py
[2022-06-28 14:23:53,026] {processor.py:642} INFO - Processing file /home/airflow/.local/lib/python3.7/site-packages/airflow/example_dags/example_nested_branch_dag.py for tasks to queue
[2022-06-28 14:23:53,026] {logging_mixin.py:109} INFO - [2022-06-28 14:23:53,026] {dagbag.py:500} INFO - Filling up the DagBag from /home/airflow/.local/lib/python3.7/site-packages/airflow/example_dags/example_nested_branch_dag.py
[2022-06-28 14:23:53,037] {processor.py:652} INFO - DAG(s) dict_keys(['example_nested_branch_dag']) retrieved from /home/airflow/.local/lib/python3.7/site-packages/airflow/example_dags/example_nested_branch_dag.py
[2022-06-28 14:23:53,049] {logging_mixin.py:109} INFO - [2022-06-28 14:23:53,049] {dag.py:2398} INFO - Sync 1 DAGs
[2022-06-28 14:23:53,062] {logging_mixin.py:109} INFO - [2022-06-28 14:23:53,062] {dag.py:2937} INFO - Setting next_dagrun for example_nested_branch_dag to 2022-06-27 00:00:00+00:00
[2022-06-28 14:23:53,068] {processor.py:171} INFO - Processing /home/airflow/.local/lib/python3.7/site-packages/airflow/example_dags/example_nested_branch_dag.py took 0.044 seconds
[2022-06-28 16:24:49,500] {processor.py:163} INFO - Started process (PID=1094) to work on /home/airflow/.local/lib/python3.7/site-packages/airflow/example_dags/example_nested_branch_dag.py
[2022-06-28 16:24:49,501] {processor.py:642} INFO - Processing file /home/airflow/.local/lib/python3.7/site-packages/airflow/example_dags/example_nested_branch_dag.py for tasks to queue
[2022-06-28 16:24:49,502] {logging_mixin.py:109} INFO - [2022-06-28 16:24:49,501] {dagbag.py:500} INFO - Filling up the DagBag from /home/airflow/.local/lib/python3.7/site-packages/airflow/example_dags/example_nested_branch_dag.py
[2022-06-28 16:24:49,517] {processor.py:652} INFO - DAG(s) dict_keys(['example_nested_branch_dag']) retrieved from /home/airflow/.local/lib/python3.7/site-packages/airflow/example_dags/example_nested_branch_dag.py
[2022-06-28 16:24:49,539] {logging_mixin.py:109} INFO - [2022-06-28 16:24:49,539] {dag.py:2398} INFO - Sync 1 DAGs
[2022-06-28 16:24:49,556] {logging_mixin.py:109} INFO - [2022-06-28 16:24:49,556] {dag.py:2937} INFO - Setting next_dagrun for example_nested_branch_dag to 2022-06-27 00:00:00+00:00
[2022-06-28 16:24:49,564] {processor.py:171} INFO - Processing /home/airflow/.local/lib/python3.7/site-packages/airflow/example_dags/example_nested_branch_dag.py took 0.066 seconds
