[2022-06-28 14:16:41,670] {processor.py:163} INFO - Started process (PID=73) to work on /home/airflow/.local/lib/python3.7/site-packages/airflow/example_dags/example_dag_decorator.py
[2022-06-28 14:16:41,671] {processor.py:642} INFO - Processing file /home/airflow/.local/lib/python3.7/site-packages/airflow/example_dags/example_dag_decorator.py for tasks to queue
[2022-06-28 14:16:41,671] {logging_mixin.py:109} INFO - [2022-06-28 14:16:41,671] {dagbag.py:500} INFO - Filling up the DagBag from /home/airflow/.local/lib/python3.7/site-packages/airflow/example_dags/example_dag_decorator.py
[2022-06-28 14:16:41,762] {processor.py:652} INFO - DAG(s) dict_keys(['example_dag_decorator']) retrieved from /home/airflow/.local/lib/python3.7/site-packages/airflow/example_dags/example_dag_decorator.py
[2022-06-28 14:16:42,110] {logging_mixin.py:109} INFO - [2022-06-28 14:16:42,109] {dag.py:2398} INFO - Sync 1 DAGs
[2022-06-28 14:16:42,125] {logging_mixin.py:109} INFO - [2022-06-28 14:16:42,125] {dag.py:2937} INFO - Setting next_dagrun for example_dag_decorator to None
[2022-06-28 14:16:42,139] {processor.py:171} INFO - Processing /home/airflow/.local/lib/python3.7/site-packages/airflow/example_dags/example_dag_decorator.py took 0.471 seconds
[2022-06-28 14:17:12,279] {processor.py:163} INFO - Started process (PID=142) to work on /home/airflow/.local/lib/python3.7/site-packages/airflow/example_dags/example_dag_decorator.py
[2022-06-28 14:17:12,280] {processor.py:642} INFO - Processing file /home/airflow/.local/lib/python3.7/site-packages/airflow/example_dags/example_dag_decorator.py for tasks to queue
[2022-06-28 14:17:12,280] {logging_mixin.py:109} INFO - [2022-06-28 14:17:12,280] {dagbag.py:500} INFO - Filling up the DagBag from /home/airflow/.local/lib/python3.7/site-packages/airflow/example_dags/example_dag_decorator.py
[2022-06-28 14:17:12,297] {processor.py:652} INFO - DAG(s) dict_keys(['example_dag_decorator']) retrieved from /home/airflow/.local/lib/python3.7/site-packages/airflow/example_dags/example_dag_decorator.py
[2022-06-28 14:17:12,492] {logging_mixin.py:109} INFO - [2022-06-28 14:17:12,492] {dag.py:2398} INFO - Sync 1 DAGs
[2022-06-28 14:17:12,502] {logging_mixin.py:109} INFO - [2022-06-28 14:17:12,502] {dag.py:2937} INFO - Setting next_dagrun for example_dag_decorator to None
[2022-06-28 14:17:12,508] {processor.py:171} INFO - Processing /home/airflow/.local/lib/python3.7/site-packages/airflow/example_dags/example_dag_decorator.py took 0.231 seconds
[2022-06-28 14:17:43,088] {processor.py:163} INFO - Started process (PID=212) to work on /home/airflow/.local/lib/python3.7/site-packages/airflow/example_dags/example_dag_decorator.py
[2022-06-28 14:17:43,088] {processor.py:642} INFO - Processing file /home/airflow/.local/lib/python3.7/site-packages/airflow/example_dags/example_dag_decorator.py for tasks to queue
[2022-06-28 14:17:43,089] {logging_mixin.py:109} INFO - [2022-06-28 14:17:43,089] {dagbag.py:500} INFO - Filling up the DagBag from /home/airflow/.local/lib/python3.7/site-packages/airflow/example_dags/example_dag_decorator.py
[2022-06-28 14:17:43,105] {processor.py:652} INFO - DAG(s) dict_keys(['example_dag_decorator']) retrieved from /home/airflow/.local/lib/python3.7/site-packages/airflow/example_dags/example_dag_decorator.py
[2022-06-28 14:17:43,291] {logging_mixin.py:109} INFO - [2022-06-28 14:17:43,291] {dag.py:2398} INFO - Sync 1 DAGs
[2022-06-28 14:17:43,301] {logging_mixin.py:109} INFO - [2022-06-28 14:17:43,301] {dag.py:2937} INFO - Setting next_dagrun for example_dag_decorator to None
[2022-06-28 14:17:43,307] {processor.py:171} INFO - Processing /home/airflow/.local/lib/python3.7/site-packages/airflow/example_dags/example_dag_decorator.py took 0.221 seconds
[2022-06-28 14:18:13,916] {processor.py:163} INFO - Started process (PID=282) to work on /home/airflow/.local/lib/python3.7/site-packages/airflow/example_dags/example_dag_decorator.py
[2022-06-28 14:18:13,916] {processor.py:642} INFO - Processing file /home/airflow/.local/lib/python3.7/site-packages/airflow/example_dags/example_dag_decorator.py for tasks to queue
[2022-06-28 14:18:13,917] {logging_mixin.py:109} INFO - [2022-06-28 14:18:13,916] {dagbag.py:500} INFO - Filling up the DagBag from /home/airflow/.local/lib/python3.7/site-packages/airflow/example_dags/example_dag_decorator.py
[2022-06-28 14:18:13,930] {processor.py:652} INFO - DAG(s) dict_keys(['example_dag_decorator']) retrieved from /home/airflow/.local/lib/python3.7/site-packages/airflow/example_dags/example_dag_decorator.py
[2022-06-28 14:18:14,120] {logging_mixin.py:109} INFO - [2022-06-28 14:18:14,120] {dag.py:2398} INFO - Sync 1 DAGs
[2022-06-28 14:18:14,129] {logging_mixin.py:109} INFO - [2022-06-28 14:18:14,128] {dag.py:2937} INFO - Setting next_dagrun for example_dag_decorator to None
[2022-06-28 14:18:14,135] {processor.py:171} INFO - Processing /home/airflow/.local/lib/python3.7/site-packages/airflow/example_dags/example_dag_decorator.py took 0.221 seconds
[2022-06-28 14:18:44,611] {processor.py:163} INFO - Started process (PID=343) to work on /home/airflow/.local/lib/python3.7/site-packages/airflow/example_dags/example_dag_decorator.py
[2022-06-28 14:18:44,612] {processor.py:642} INFO - Processing file /home/airflow/.local/lib/python3.7/site-packages/airflow/example_dags/example_dag_decorator.py for tasks to queue
[2022-06-28 14:18:44,612] {logging_mixin.py:109} INFO - [2022-06-28 14:18:44,612] {dagbag.py:500} INFO - Filling up the DagBag from /home/airflow/.local/lib/python3.7/site-packages/airflow/example_dags/example_dag_decorator.py
[2022-06-28 14:18:44,626] {processor.py:652} INFO - DAG(s) dict_keys(['example_dag_decorator']) retrieved from /home/airflow/.local/lib/python3.7/site-packages/airflow/example_dags/example_dag_decorator.py
[2022-06-28 14:18:44,811] {logging_mixin.py:109} INFO - [2022-06-28 14:18:44,811] {dag.py:2398} INFO - Sync 1 DAGs
[2022-06-28 14:18:44,820] {logging_mixin.py:109} INFO - [2022-06-28 14:18:44,820] {dag.py:2937} INFO - Setting next_dagrun for example_dag_decorator to None
[2022-06-28 14:18:44,826] {processor.py:171} INFO - Processing /home/airflow/.local/lib/python3.7/site-packages/airflow/example_dags/example_dag_decorator.py took 0.217 seconds
[2022-06-28 14:19:15,291] {processor.py:163} INFO - Started process (PID=413) to work on /home/airflow/.local/lib/python3.7/site-packages/airflow/example_dags/example_dag_decorator.py
[2022-06-28 14:19:15,291] {processor.py:642} INFO - Processing file /home/airflow/.local/lib/python3.7/site-packages/airflow/example_dags/example_dag_decorator.py for tasks to queue
[2022-06-28 14:19:15,292] {logging_mixin.py:109} INFO - [2022-06-28 14:19:15,292] {dagbag.py:500} INFO - Filling up the DagBag from /home/airflow/.local/lib/python3.7/site-packages/airflow/example_dags/example_dag_decorator.py
[2022-06-28 14:19:15,305] {processor.py:652} INFO - DAG(s) dict_keys(['example_dag_decorator']) retrieved from /home/airflow/.local/lib/python3.7/site-packages/airflow/example_dags/example_dag_decorator.py
[2022-06-28 14:19:15,501] {logging_mixin.py:109} INFO - [2022-06-28 14:19:15,501] {dag.py:2398} INFO - Sync 1 DAGs
[2022-06-28 14:19:15,514] {logging_mixin.py:109} INFO - [2022-06-28 14:19:15,514] {dag.py:2937} INFO - Setting next_dagrun for example_dag_decorator to None
[2022-06-28 14:19:15,522] {processor.py:171} INFO - Processing /home/airflow/.local/lib/python3.7/site-packages/airflow/example_dags/example_dag_decorator.py took 0.233 seconds
[2022-06-28 14:19:46,090] {processor.py:163} INFO - Started process (PID=483) to work on /home/airflow/.local/lib/python3.7/site-packages/airflow/example_dags/example_dag_decorator.py
[2022-06-28 14:19:46,091] {processor.py:642} INFO - Processing file /home/airflow/.local/lib/python3.7/site-packages/airflow/example_dags/example_dag_decorator.py for tasks to queue
[2022-06-28 14:19:46,091] {logging_mixin.py:109} INFO - [2022-06-28 14:19:46,091] {dagbag.py:500} INFO - Filling up the DagBag from /home/airflow/.local/lib/python3.7/site-packages/airflow/example_dags/example_dag_decorator.py
[2022-06-28 14:19:46,105] {processor.py:652} INFO - DAG(s) dict_keys(['example_dag_decorator']) retrieved from /home/airflow/.local/lib/python3.7/site-packages/airflow/example_dags/example_dag_decorator.py
[2022-06-28 14:19:46,290] {logging_mixin.py:109} INFO - [2022-06-28 14:19:46,290] {dag.py:2398} INFO - Sync 1 DAGs
[2022-06-28 14:19:46,299] {logging_mixin.py:109} INFO - [2022-06-28 14:19:46,299] {dag.py:2937} INFO - Setting next_dagrun for example_dag_decorator to None
[2022-06-28 14:19:46,305] {processor.py:171} INFO - Processing /home/airflow/.local/lib/python3.7/site-packages/airflow/example_dags/example_dag_decorator.py took 0.216 seconds
[2022-06-28 14:20:16,825] {processor.py:163} INFO - Started process (PID=544) to work on /home/airflow/.local/lib/python3.7/site-packages/airflow/example_dags/example_dag_decorator.py
[2022-06-28 14:20:16,825] {processor.py:642} INFO - Processing file /home/airflow/.local/lib/python3.7/site-packages/airflow/example_dags/example_dag_decorator.py for tasks to queue
[2022-06-28 14:20:16,826] {logging_mixin.py:109} INFO - [2022-06-28 14:20:16,826] {dagbag.py:500} INFO - Filling up the DagBag from /home/airflow/.local/lib/python3.7/site-packages/airflow/example_dags/example_dag_decorator.py
[2022-06-28 14:20:16,839] {processor.py:652} INFO - DAG(s) dict_keys(['example_dag_decorator']) retrieved from /home/airflow/.local/lib/python3.7/site-packages/airflow/example_dags/example_dag_decorator.py
[2022-06-28 14:20:17,021] {logging_mixin.py:109} INFO - [2022-06-28 14:20:17,021] {dag.py:2398} INFO - Sync 1 DAGs
[2022-06-28 14:20:17,029] {logging_mixin.py:109} INFO - [2022-06-28 14:20:17,029] {dag.py:2937} INFO - Setting next_dagrun for example_dag_decorator to None
[2022-06-28 14:20:17,035] {processor.py:171} INFO - Processing /home/airflow/.local/lib/python3.7/site-packages/airflow/example_dags/example_dag_decorator.py took 0.212 seconds
[2022-06-28 14:20:47,627] {processor.py:163} INFO - Started process (PID=616) to work on /home/airflow/.local/lib/python3.7/site-packages/airflow/example_dags/example_dag_decorator.py
[2022-06-28 14:20:47,627] {processor.py:642} INFO - Processing file /home/airflow/.local/lib/python3.7/site-packages/airflow/example_dags/example_dag_decorator.py for tasks to queue
[2022-06-28 14:20:47,628] {logging_mixin.py:109} INFO - [2022-06-28 14:20:47,628] {dagbag.py:500} INFO - Filling up the DagBag from /home/airflow/.local/lib/python3.7/site-packages/airflow/example_dags/example_dag_decorator.py
[2022-06-28 14:20:47,642] {processor.py:652} INFO - DAG(s) dict_keys(['example_dag_decorator']) retrieved from /home/airflow/.local/lib/python3.7/site-packages/airflow/example_dags/example_dag_decorator.py
[2022-06-28 14:20:47,836] {logging_mixin.py:109} INFO - [2022-06-28 14:20:47,836] {dag.py:2398} INFO - Sync 1 DAGs
[2022-06-28 14:20:47,844] {logging_mixin.py:109} INFO - [2022-06-28 14:20:47,844] {dag.py:2937} INFO - Setting next_dagrun for example_dag_decorator to None
[2022-06-28 14:20:47,851] {processor.py:171} INFO - Processing /home/airflow/.local/lib/python3.7/site-packages/airflow/example_dags/example_dag_decorator.py took 0.226 seconds
[2022-06-28 14:21:18,307] {processor.py:163} INFO - Started process (PID=686) to work on /home/airflow/.local/lib/python3.7/site-packages/airflow/example_dags/example_dag_decorator.py
[2022-06-28 14:21:18,308] {processor.py:642} INFO - Processing file /home/airflow/.local/lib/python3.7/site-packages/airflow/example_dags/example_dag_decorator.py for tasks to queue
[2022-06-28 14:21:18,308] {logging_mixin.py:109} INFO - [2022-06-28 14:21:18,308] {dagbag.py:500} INFO - Filling up the DagBag from /home/airflow/.local/lib/python3.7/site-packages/airflow/example_dags/example_dag_decorator.py
[2022-06-28 14:21:18,322] {processor.py:652} INFO - DAG(s) dict_keys(['example_dag_decorator']) retrieved from /home/airflow/.local/lib/python3.7/site-packages/airflow/example_dags/example_dag_decorator.py
[2022-06-28 14:21:18,508] {logging_mixin.py:109} INFO - [2022-06-28 14:21:18,508] {dag.py:2398} INFO - Sync 1 DAGs
[2022-06-28 14:21:18,518] {logging_mixin.py:109} INFO - [2022-06-28 14:21:18,518] {dag.py:2937} INFO - Setting next_dagrun for example_dag_decorator to None
[2022-06-28 14:21:18,524] {processor.py:171} INFO - Processing /home/airflow/.local/lib/python3.7/site-packages/airflow/example_dags/example_dag_decorator.py took 0.219 seconds
[2022-06-28 14:21:49,086] {processor.py:163} INFO - Started process (PID=747) to work on /home/airflow/.local/lib/python3.7/site-packages/airflow/example_dags/example_dag_decorator.py
[2022-06-28 14:21:49,087] {processor.py:642} INFO - Processing file /home/airflow/.local/lib/python3.7/site-packages/airflow/example_dags/example_dag_decorator.py for tasks to queue
[2022-06-28 14:21:49,087] {logging_mixin.py:109} INFO - [2022-06-28 14:21:49,087] {dagbag.py:500} INFO - Filling up the DagBag from /home/airflow/.local/lib/python3.7/site-packages/airflow/example_dags/example_dag_decorator.py
[2022-06-28 14:21:49,102] {processor.py:652} INFO - DAG(s) dict_keys(['example_dag_decorator']) retrieved from /home/airflow/.local/lib/python3.7/site-packages/airflow/example_dags/example_dag_decorator.py
[2022-06-28 14:21:49,370] {logging_mixin.py:109} INFO - [2022-06-28 14:21:49,370] {dag.py:2398} INFO - Sync 1 DAGs
[2022-06-28 14:21:49,383] {logging_mixin.py:109} INFO - [2022-06-28 14:21:49,383] {dag.py:2937} INFO - Setting next_dagrun for example_dag_decorator to None
[2022-06-28 14:21:49,392] {processor.py:171} INFO - Processing /home/airflow/.local/lib/python3.7/site-packages/airflow/example_dags/example_dag_decorator.py took 0.307 seconds
[2022-06-28 14:22:20,067] {processor.py:163} INFO - Started process (PID=821) to work on /home/airflow/.local/lib/python3.7/site-packages/airflow/example_dags/example_dag_decorator.py
[2022-06-28 14:22:20,068] {processor.py:642} INFO - Processing file /home/airflow/.local/lib/python3.7/site-packages/airflow/example_dags/example_dag_decorator.py for tasks to queue
[2022-06-28 14:22:20,068] {logging_mixin.py:109} INFO - [2022-06-28 14:22:20,068] {dagbag.py:500} INFO - Filling up the DagBag from /home/airflow/.local/lib/python3.7/site-packages/airflow/example_dags/example_dag_decorator.py
[2022-06-28 14:22:20,082] {processor.py:652} INFO - DAG(s) dict_keys(['example_dag_decorator']) retrieved from /home/airflow/.local/lib/python3.7/site-packages/airflow/example_dags/example_dag_decorator.py
[2022-06-28 14:22:20,265] {logging_mixin.py:109} INFO - [2022-06-28 14:22:20,265] {dag.py:2398} INFO - Sync 1 DAGs
[2022-06-28 14:22:20,275] {logging_mixin.py:109} INFO - [2022-06-28 14:22:20,275] {dag.py:2937} INFO - Setting next_dagrun for example_dag_decorator to None
[2022-06-28 14:22:20,281] {processor.py:171} INFO - Processing /home/airflow/.local/lib/python3.7/site-packages/airflow/example_dags/example_dag_decorator.py took 0.216 seconds
[2022-06-28 14:22:50,839] {processor.py:163} INFO - Started process (PID=892) to work on /home/airflow/.local/lib/python3.7/site-packages/airflow/example_dags/example_dag_decorator.py
[2022-06-28 14:22:50,840] {processor.py:642} INFO - Processing file /home/airflow/.local/lib/python3.7/site-packages/airflow/example_dags/example_dag_decorator.py for tasks to queue
[2022-06-28 14:22:50,840] {logging_mixin.py:109} INFO - [2022-06-28 14:22:50,840] {dagbag.py:500} INFO - Filling up the DagBag from /home/airflow/.local/lib/python3.7/site-packages/airflow/example_dags/example_dag_decorator.py
[2022-06-28 14:22:50,854] {processor.py:652} INFO - DAG(s) dict_keys(['example_dag_decorator']) retrieved from /home/airflow/.local/lib/python3.7/site-packages/airflow/example_dags/example_dag_decorator.py
[2022-06-28 14:22:51,042] {logging_mixin.py:109} INFO - [2022-06-28 14:22:51,042] {dag.py:2398} INFO - Sync 1 DAGs
[2022-06-28 14:22:51,052] {logging_mixin.py:109} INFO - [2022-06-28 14:22:51,052] {dag.py:2937} INFO - Setting next_dagrun for example_dag_decorator to None
[2022-06-28 14:22:51,060] {processor.py:171} INFO - Processing /home/airflow/.local/lib/python3.7/site-packages/airflow/example_dags/example_dag_decorator.py took 0.222 seconds
[2022-06-28 14:23:21,493] {processor.py:163} INFO - Started process (PID=962) to work on /home/airflow/.local/lib/python3.7/site-packages/airflow/example_dags/example_dag_decorator.py
[2022-06-28 14:23:21,494] {processor.py:642} INFO - Processing file /home/airflow/.local/lib/python3.7/site-packages/airflow/example_dags/example_dag_decorator.py for tasks to queue
[2022-06-28 14:23:21,494] {logging_mixin.py:109} INFO - [2022-06-28 14:23:21,494] {dagbag.py:500} INFO - Filling up the DagBag from /home/airflow/.local/lib/python3.7/site-packages/airflow/example_dags/example_dag_decorator.py
[2022-06-28 14:23:21,509] {processor.py:652} INFO - DAG(s) dict_keys(['example_dag_decorator']) retrieved from /home/airflow/.local/lib/python3.7/site-packages/airflow/example_dags/example_dag_decorator.py
[2022-06-28 14:23:21,700] {logging_mixin.py:109} INFO - [2022-06-28 14:23:21,699] {dag.py:2398} INFO - Sync 1 DAGs
[2022-06-28 14:23:21,709] {logging_mixin.py:109} INFO - [2022-06-28 14:23:21,709] {dag.py:2937} INFO - Setting next_dagrun for example_dag_decorator to None
[2022-06-28 14:23:21,716] {processor.py:171} INFO - Processing /home/airflow/.local/lib/python3.7/site-packages/airflow/example_dags/example_dag_decorator.py took 0.225 seconds
[2022-06-28 14:23:53,064] {processor.py:163} INFO - Started process (PID=1024) to work on /home/airflow/.local/lib/python3.7/site-packages/airflow/example_dags/example_dag_decorator.py
[2022-06-28 14:23:53,065] {processor.py:642} INFO - Processing file /home/airflow/.local/lib/python3.7/site-packages/airflow/example_dags/example_dag_decorator.py for tasks to queue
[2022-06-28 14:23:53,065] {logging_mixin.py:109} INFO - [2022-06-28 14:23:53,065] {dagbag.py:500} INFO - Filling up the DagBag from /home/airflow/.local/lib/python3.7/site-packages/airflow/example_dags/example_dag_decorator.py
[2022-06-28 14:23:53,080] {processor.py:652} INFO - DAG(s) dict_keys(['example_dag_decorator']) retrieved from /home/airflow/.local/lib/python3.7/site-packages/airflow/example_dags/example_dag_decorator.py
[2022-06-28 14:23:53,283] {logging_mixin.py:109} INFO - [2022-06-28 14:23:53,283] {dag.py:2398} INFO - Sync 1 DAGs
[2022-06-28 14:23:53,293] {logging_mixin.py:109} INFO - [2022-06-28 14:23:53,293] {dag.py:2937} INFO - Setting next_dagrun for example_dag_decorator to None
[2022-06-28 14:23:53,301] {processor.py:171} INFO - Processing /home/airflow/.local/lib/python3.7/site-packages/airflow/example_dags/example_dag_decorator.py took 0.238 seconds
[2022-06-28 16:24:49,566] {processor.py:163} INFO - Started process (PID=1095) to work on /home/airflow/.local/lib/python3.7/site-packages/airflow/example_dags/example_dag_decorator.py
[2022-06-28 16:24:49,567] {processor.py:642} INFO - Processing file /home/airflow/.local/lib/python3.7/site-packages/airflow/example_dags/example_dag_decorator.py for tasks to queue
[2022-06-28 16:24:49,567] {logging_mixin.py:109} INFO - [2022-06-28 16:24:49,567] {dagbag.py:500} INFO - Filling up the DagBag from /home/airflow/.local/lib/python3.7/site-packages/airflow/example_dags/example_dag_decorator.py
[2022-06-28 16:24:49,589] {processor.py:652} INFO - DAG(s) dict_keys(['example_dag_decorator']) retrieved from /home/airflow/.local/lib/python3.7/site-packages/airflow/example_dags/example_dag_decorator.py
[2022-06-28 16:24:49,891] {logging_mixin.py:109} INFO - [2022-06-28 16:24:49,891] {dag.py:2398} INFO - Sync 1 DAGs
[2022-06-28 16:24:49,906] {logging_mixin.py:109} INFO - [2022-06-28 16:24:49,906] {dag.py:2937} INFO - Setting next_dagrun for example_dag_decorator to None
[2022-06-28 16:24:49,916] {processor.py:171} INFO - Processing /home/airflow/.local/lib/python3.7/site-packages/airflow/example_dags/example_dag_decorator.py took 0.353 seconds
