[2022-06-28 14:16:42,315] {processor.py:163} INFO - Started process (PID=80) to work on /home/airflow/.local/lib/python3.7/site-packages/airflow/example_dags/example_latest_only.py
[2022-06-28 14:16:42,316] {processor.py:642} INFO - Processing file /home/airflow/.local/lib/python3.7/site-packages/airflow/example_dags/example_latest_only.py for tasks to queue
[2022-06-28 14:16:42,316] {logging_mixin.py:109} INFO - [2022-06-28 14:16:42,316] {dagbag.py:500} INFO - Filling up the DagBag from /home/airflow/.local/lib/python3.7/site-packages/airflow/example_dags/example_latest_only.py
[2022-06-28 14:16:42,328] {processor.py:652} INFO - DAG(s) dict_keys(['latest_only']) retrieved from /home/airflow/.local/lib/python3.7/site-packages/airflow/example_dags/example_latest_only.py
[2022-06-28 14:16:42,342] {logging_mixin.py:109} INFO - [2022-06-28 14:16:42,342] {dag.py:2398} INFO - Sync 1 DAGs
[2022-06-28 14:16:42,355] {logging_mixin.py:109} INFO - [2022-06-28 14:16:42,355] {dag.py:2937} INFO - Setting next_dagrun for latest_only to 2022-06-28T10:16:42.355275+00:00
[2022-06-28 14:16:42,364] {processor.py:171} INFO - Processing /home/airflow/.local/lib/python3.7/site-packages/airflow/example_dags/example_latest_only.py took 0.050 seconds
[2022-06-28 14:17:12,553] {processor.py:163} INFO - Started process (PID=149) to work on /home/airflow/.local/lib/python3.7/site-packages/airflow/example_dags/example_latest_only.py
[2022-06-28 14:17:12,554] {processor.py:642} INFO - Processing file /home/airflow/.local/lib/python3.7/site-packages/airflow/example_dags/example_latest_only.py for tasks to queue
[2022-06-28 14:17:12,554] {logging_mixin.py:109} INFO - [2022-06-28 14:17:12,554] {dagbag.py:500} INFO - Filling up the DagBag from /home/airflow/.local/lib/python3.7/site-packages/airflow/example_dags/example_latest_only.py
[2022-06-28 14:17:12,564] {processor.py:652} INFO - DAG(s) dict_keys(['latest_only']) retrieved from /home/airflow/.local/lib/python3.7/site-packages/airflow/example_dags/example_latest_only.py
[2022-06-28 14:17:12,577] {logging_mixin.py:109} INFO - [2022-06-28 14:17:12,577] {dag.py:2398} INFO - Sync 1 DAGs
[2022-06-28 14:17:12,590] {logging_mixin.py:109} INFO - [2022-06-28 14:17:12,590] {dag.py:2937} INFO - Setting next_dagrun for latest_only to 2022-06-28T10:17:12.590611+00:00
[2022-06-28 14:17:12,597] {processor.py:171} INFO - Processing /home/airflow/.local/lib/python3.7/site-packages/airflow/example_dags/example_latest_only.py took 0.046 seconds
[2022-06-28 14:17:43,424] {processor.py:163} INFO - Started process (PID=219) to work on /home/airflow/.local/lib/python3.7/site-packages/airflow/example_dags/example_latest_only.py
[2022-06-28 14:17:43,425] {processor.py:642} INFO - Processing file /home/airflow/.local/lib/python3.7/site-packages/airflow/example_dags/example_latest_only.py for tasks to queue
[2022-06-28 14:17:43,425] {logging_mixin.py:109} INFO - [2022-06-28 14:17:43,425] {dagbag.py:500} INFO - Filling up the DagBag from /home/airflow/.local/lib/python3.7/site-packages/airflow/example_dags/example_latest_only.py
[2022-06-28 14:17:43,435] {processor.py:652} INFO - DAG(s) dict_keys(['latest_only']) retrieved from /home/airflow/.local/lib/python3.7/site-packages/airflow/example_dags/example_latest_only.py
[2022-06-28 14:17:43,449] {logging_mixin.py:109} INFO - [2022-06-28 14:17:43,449] {dag.py:2398} INFO - Sync 1 DAGs
[2022-06-28 14:17:43,462] {logging_mixin.py:109} INFO - [2022-06-28 14:17:43,462] {dag.py:2937} INFO - Setting next_dagrun for latest_only to 2022-06-28T10:17:43.461991+00:00
[2022-06-28 14:17:43,468] {processor.py:171} INFO - Processing /home/airflow/.local/lib/python3.7/site-packages/airflow/example_dags/example_latest_only.py took 0.046 seconds
[2022-06-28 14:18:14,232] {processor.py:163} INFO - Started process (PID=289) to work on /home/airflow/.local/lib/python3.7/site-packages/airflow/example_dags/example_latest_only.py
[2022-06-28 14:18:14,233] {processor.py:642} INFO - Processing file /home/airflow/.local/lib/python3.7/site-packages/airflow/example_dags/example_latest_only.py for tasks to queue
[2022-06-28 14:18:14,233] {logging_mixin.py:109} INFO - [2022-06-28 14:18:14,233] {dagbag.py:500} INFO - Filling up the DagBag from /home/airflow/.local/lib/python3.7/site-packages/airflow/example_dags/example_latest_only.py
[2022-06-28 14:18:14,241] {processor.py:652} INFO - DAG(s) dict_keys(['latest_only']) retrieved from /home/airflow/.local/lib/python3.7/site-packages/airflow/example_dags/example_latest_only.py
[2022-06-28 14:18:14,253] {logging_mixin.py:109} INFO - [2022-06-28 14:18:14,253] {dag.py:2398} INFO - Sync 1 DAGs
[2022-06-28 14:18:14,263] {logging_mixin.py:109} INFO - [2022-06-28 14:18:14,263] {dag.py:2937} INFO - Setting next_dagrun for latest_only to 2022-06-28T10:18:14.263436+00:00
[2022-06-28 14:18:14,269] {processor.py:171} INFO - Processing /home/airflow/.local/lib/python3.7/site-packages/airflow/example_dags/example_latest_only.py took 0.038 seconds
[2022-06-28 14:18:44,913] {processor.py:163} INFO - Started process (PID=350) to work on /home/airflow/.local/lib/python3.7/site-packages/airflow/example_dags/example_latest_only.py
[2022-06-28 14:18:44,914] {processor.py:642} INFO - Processing file /home/airflow/.local/lib/python3.7/site-packages/airflow/example_dags/example_latest_only.py for tasks to queue
[2022-06-28 14:18:44,914] {logging_mixin.py:109} INFO - [2022-06-28 14:18:44,914] {dagbag.py:500} INFO - Filling up the DagBag from /home/airflow/.local/lib/python3.7/site-packages/airflow/example_dags/example_latest_only.py
[2022-06-28 14:18:44,922] {processor.py:652} INFO - DAG(s) dict_keys(['latest_only']) retrieved from /home/airflow/.local/lib/python3.7/site-packages/airflow/example_dags/example_latest_only.py
[2022-06-28 14:18:44,934] {logging_mixin.py:109} INFO - [2022-06-28 14:18:44,933] {dag.py:2398} INFO - Sync 1 DAGs
[2022-06-28 14:18:44,944] {logging_mixin.py:109} INFO - [2022-06-28 14:18:44,944] {dag.py:2937} INFO - Setting next_dagrun for latest_only to 2022-06-28T10:18:44.944225+00:00
[2022-06-28 14:18:44,951] {processor.py:171} INFO - Processing /home/airflow/.local/lib/python3.7/site-packages/airflow/example_dags/example_latest_only.py took 0.040 seconds
[2022-06-28 14:19:15,625] {processor.py:163} INFO - Started process (PID=420) to work on /home/airflow/.local/lib/python3.7/site-packages/airflow/example_dags/example_latest_only.py
[2022-06-28 14:19:15,625] {processor.py:642} INFO - Processing file /home/airflow/.local/lib/python3.7/site-packages/airflow/example_dags/example_latest_only.py for tasks to queue
[2022-06-28 14:19:15,626] {logging_mixin.py:109} INFO - [2022-06-28 14:19:15,626] {dagbag.py:500} INFO - Filling up the DagBag from /home/airflow/.local/lib/python3.7/site-packages/airflow/example_dags/example_latest_only.py
[2022-06-28 14:19:15,634] {processor.py:652} INFO - DAG(s) dict_keys(['latest_only']) retrieved from /home/airflow/.local/lib/python3.7/site-packages/airflow/example_dags/example_latest_only.py
[2022-06-28 14:19:15,649] {logging_mixin.py:109} INFO - [2022-06-28 14:19:15,649] {dag.py:2398} INFO - Sync 1 DAGs
[2022-06-28 14:19:15,663] {logging_mixin.py:109} INFO - [2022-06-28 14:19:15,663] {dag.py:2937} INFO - Setting next_dagrun for latest_only to 2022-06-28T10:19:15.663294+00:00
[2022-06-28 14:19:15,670] {processor.py:171} INFO - Processing /home/airflow/.local/lib/python3.7/site-packages/airflow/example_dags/example_latest_only.py took 0.048 seconds
[2022-06-28 14:19:46,397] {processor.py:163} INFO - Started process (PID=490) to work on /home/airflow/.local/lib/python3.7/site-packages/airflow/example_dags/example_latest_only.py
[2022-06-28 14:19:46,398] {processor.py:642} INFO - Processing file /home/airflow/.local/lib/python3.7/site-packages/airflow/example_dags/example_latest_only.py for tasks to queue
[2022-06-28 14:19:46,398] {logging_mixin.py:109} INFO - [2022-06-28 14:19:46,398] {dagbag.py:500} INFO - Filling up the DagBag from /home/airflow/.local/lib/python3.7/site-packages/airflow/example_dags/example_latest_only.py
[2022-06-28 14:19:46,406] {processor.py:652} INFO - DAG(s) dict_keys(['latest_only']) retrieved from /home/airflow/.local/lib/python3.7/site-packages/airflow/example_dags/example_latest_only.py
[2022-06-28 14:19:46,418] {logging_mixin.py:109} INFO - [2022-06-28 14:19:46,418] {dag.py:2398} INFO - Sync 1 DAGs
[2022-06-28 14:19:46,429] {logging_mixin.py:109} INFO - [2022-06-28 14:19:46,429] {dag.py:2937} INFO - Setting next_dagrun for latest_only to 2022-06-28T10:19:46.429221+00:00
[2022-06-28 14:19:46,435] {processor.py:171} INFO - Processing /home/airflow/.local/lib/python3.7/site-packages/airflow/example_dags/example_latest_only.py took 0.039 seconds
[2022-06-28 14:20:17,140] {processor.py:163} INFO - Started process (PID=551) to work on /home/airflow/.local/lib/python3.7/site-packages/airflow/example_dags/example_latest_only.py
[2022-06-28 14:20:17,140] {processor.py:642} INFO - Processing file /home/airflow/.local/lib/python3.7/site-packages/airflow/example_dags/example_latest_only.py for tasks to queue
[2022-06-28 14:20:17,141] {logging_mixin.py:109} INFO - [2022-06-28 14:20:17,141] {dagbag.py:500} INFO - Filling up the DagBag from /home/airflow/.local/lib/python3.7/site-packages/airflow/example_dags/example_latest_only.py
[2022-06-28 14:20:17,150] {processor.py:652} INFO - DAG(s) dict_keys(['latest_only']) retrieved from /home/airflow/.local/lib/python3.7/site-packages/airflow/example_dags/example_latest_only.py
[2022-06-28 14:20:17,163] {logging_mixin.py:109} INFO - [2022-06-28 14:20:17,163] {dag.py:2398} INFO - Sync 1 DAGs
[2022-06-28 14:20:17,179] {logging_mixin.py:109} INFO - [2022-06-28 14:20:17,179] {dag.py:2937} INFO - Setting next_dagrun for latest_only to 2022-06-28T10:20:17.178896+00:00
[2022-06-28 14:20:17,186] {processor.py:171} INFO - Processing /home/airflow/.local/lib/python3.7/site-packages/airflow/example_dags/example_latest_only.py took 0.048 seconds
[2022-06-28 14:20:47,936] {processor.py:163} INFO - Started process (PID=623) to work on /home/airflow/.local/lib/python3.7/site-packages/airflow/example_dags/example_latest_only.py
[2022-06-28 14:20:47,937] {processor.py:642} INFO - Processing file /home/airflow/.local/lib/python3.7/site-packages/airflow/example_dags/example_latest_only.py for tasks to queue
[2022-06-28 14:20:47,938] {logging_mixin.py:109} INFO - [2022-06-28 14:20:47,938] {dagbag.py:500} INFO - Filling up the DagBag from /home/airflow/.local/lib/python3.7/site-packages/airflow/example_dags/example_latest_only.py
[2022-06-28 14:20:47,949] {processor.py:652} INFO - DAG(s) dict_keys(['latest_only']) retrieved from /home/airflow/.local/lib/python3.7/site-packages/airflow/example_dags/example_latest_only.py
[2022-06-28 14:20:47,960] {logging_mixin.py:109} INFO - [2022-06-28 14:20:47,960] {dag.py:2398} INFO - Sync 1 DAGs
[2022-06-28 14:20:47,971] {logging_mixin.py:109} INFO - [2022-06-28 14:20:47,971] {dag.py:2937} INFO - Setting next_dagrun for latest_only to 2022-06-28T10:20:47.970918+00:00
[2022-06-28 14:20:47,977] {processor.py:171} INFO - Processing /home/airflow/.local/lib/python3.7/site-packages/airflow/example_dags/example_latest_only.py took 0.042 seconds
[2022-06-28 14:21:18,650] {processor.py:163} INFO - Started process (PID=693) to work on /home/airflow/.local/lib/python3.7/site-packages/airflow/example_dags/example_latest_only.py
[2022-06-28 14:21:18,651] {processor.py:642} INFO - Processing file /home/airflow/.local/lib/python3.7/site-packages/airflow/example_dags/example_latest_only.py for tasks to queue
[2022-06-28 14:21:18,651] {logging_mixin.py:109} INFO - [2022-06-28 14:21:18,651] {dagbag.py:500} INFO - Filling up the DagBag from /home/airflow/.local/lib/python3.7/site-packages/airflow/example_dags/example_latest_only.py
[2022-06-28 14:21:18,661] {processor.py:652} INFO - DAG(s) dict_keys(['latest_only']) retrieved from /home/airflow/.local/lib/python3.7/site-packages/airflow/example_dags/example_latest_only.py
[2022-06-28 14:21:18,673] {logging_mixin.py:109} INFO - [2022-06-28 14:21:18,672] {dag.py:2398} INFO - Sync 1 DAGs
[2022-06-28 14:21:18,684] {logging_mixin.py:109} INFO - [2022-06-28 14:21:18,683] {dag.py:2937} INFO - Setting next_dagrun for latest_only to 2022-06-28T10:21:18.683801+00:00
[2022-06-28 14:21:18,689] {processor.py:171} INFO - Processing /home/airflow/.local/lib/python3.7/site-packages/airflow/example_dags/example_latest_only.py took 0.041 seconds
[2022-06-28 14:21:49,549] {processor.py:163} INFO - Started process (PID=767) to work on /home/airflow/.local/lib/python3.7/site-packages/airflow/example_dags/example_latest_only.py
[2022-06-28 14:21:49,550] {processor.py:642} INFO - Processing file /home/airflow/.local/lib/python3.7/site-packages/airflow/example_dags/example_latest_only.py for tasks to queue
[2022-06-28 14:21:49,550] {logging_mixin.py:109} INFO - [2022-06-28 14:21:49,550] {dagbag.py:500} INFO - Filling up the DagBag from /home/airflow/.local/lib/python3.7/site-packages/airflow/example_dags/example_latest_only.py
[2022-06-28 14:21:49,561] {processor.py:652} INFO - DAG(s) dict_keys(['latest_only']) retrieved from /home/airflow/.local/lib/python3.7/site-packages/airflow/example_dags/example_latest_only.py
[2022-06-28 14:21:49,577] {logging_mixin.py:109} INFO - [2022-06-28 14:21:49,577] {dag.py:2398} INFO - Sync 1 DAGs
[2022-06-28 14:21:49,592] {logging_mixin.py:109} INFO - [2022-06-28 14:21:49,592] {dag.py:2937} INFO - Setting next_dagrun for latest_only to 2022-06-28T10:21:49.592299+00:00
[2022-06-28 14:21:49,600] {processor.py:171} INFO - Processing /home/airflow/.local/lib/python3.7/site-packages/airflow/example_dags/example_latest_only.py took 0.053 seconds
[2022-06-28 14:22:20,376] {processor.py:163} INFO - Started process (PID=828) to work on /home/airflow/.local/lib/python3.7/site-packages/airflow/example_dags/example_latest_only.py
[2022-06-28 14:22:20,377] {processor.py:642} INFO - Processing file /home/airflow/.local/lib/python3.7/site-packages/airflow/example_dags/example_latest_only.py for tasks to queue
[2022-06-28 14:22:20,377] {logging_mixin.py:109} INFO - [2022-06-28 14:22:20,377] {dagbag.py:500} INFO - Filling up the DagBag from /home/airflow/.local/lib/python3.7/site-packages/airflow/example_dags/example_latest_only.py
[2022-06-28 14:22:20,386] {processor.py:652} INFO - DAG(s) dict_keys(['latest_only']) retrieved from /home/airflow/.local/lib/python3.7/site-packages/airflow/example_dags/example_latest_only.py
[2022-06-28 14:22:20,398] {logging_mixin.py:109} INFO - [2022-06-28 14:22:20,398] {dag.py:2398} INFO - Sync 1 DAGs
[2022-06-28 14:22:20,409] {logging_mixin.py:109} INFO - [2022-06-28 14:22:20,409] {dag.py:2937} INFO - Setting next_dagrun for latest_only to 2022-06-28T10:22:20.409159+00:00
[2022-06-28 14:22:20,415] {processor.py:171} INFO - Processing /home/airflow/.local/lib/python3.7/site-packages/airflow/example_dags/example_latest_only.py took 0.040 seconds
[2022-06-28 14:22:51,155] {processor.py:163} INFO - Started process (PID=899) to work on /home/airflow/.local/lib/python3.7/site-packages/airflow/example_dags/example_latest_only.py
[2022-06-28 14:22:51,156] {processor.py:642} INFO - Processing file /home/airflow/.local/lib/python3.7/site-packages/airflow/example_dags/example_latest_only.py for tasks to queue
[2022-06-28 14:22:51,156] {logging_mixin.py:109} INFO - [2022-06-28 14:22:51,156] {dagbag.py:500} INFO - Filling up the DagBag from /home/airflow/.local/lib/python3.7/site-packages/airflow/example_dags/example_latest_only.py
[2022-06-28 14:22:51,165] {processor.py:652} INFO - DAG(s) dict_keys(['latest_only']) retrieved from /home/airflow/.local/lib/python3.7/site-packages/airflow/example_dags/example_latest_only.py
[2022-06-28 14:22:51,177] {logging_mixin.py:109} INFO - [2022-06-28 14:22:51,177] {dag.py:2398} INFO - Sync 1 DAGs
[2022-06-28 14:22:51,188] {logging_mixin.py:109} INFO - [2022-06-28 14:22:51,188] {dag.py:2937} INFO - Setting next_dagrun for latest_only to 2022-06-28T10:22:51.188226+00:00
[2022-06-28 14:22:51,193] {processor.py:171} INFO - Processing /home/airflow/.local/lib/python3.7/site-packages/airflow/example_dags/example_latest_only.py took 0.040 seconds
[2022-06-28 14:23:21,846] {processor.py:163} INFO - Started process (PID=969) to work on /home/airflow/.local/lib/python3.7/site-packages/airflow/example_dags/example_latest_only.py
[2022-06-28 14:23:21,847] {processor.py:642} INFO - Processing file /home/airflow/.local/lib/python3.7/site-packages/airflow/example_dags/example_latest_only.py for tasks to queue
[2022-06-28 14:23:21,847] {logging_mixin.py:109} INFO - [2022-06-28 14:23:21,847] {dagbag.py:500} INFO - Filling up the DagBag from /home/airflow/.local/lib/python3.7/site-packages/airflow/example_dags/example_latest_only.py
[2022-06-28 14:23:21,856] {processor.py:652} INFO - DAG(s) dict_keys(['latest_only']) retrieved from /home/airflow/.local/lib/python3.7/site-packages/airflow/example_dags/example_latest_only.py
[2022-06-28 14:23:21,871] {logging_mixin.py:109} INFO - [2022-06-28 14:23:21,871] {dag.py:2398} INFO - Sync 1 DAGs
[2022-06-28 14:23:21,886] {logging_mixin.py:109} INFO - [2022-06-28 14:23:21,886] {dag.py:2937} INFO - Setting next_dagrun for latest_only to 2022-06-28T10:23:21.886478+00:00
[2022-06-28 14:23:21,894] {processor.py:171} INFO - Processing /home/airflow/.local/lib/python3.7/site-packages/airflow/example_dags/example_latest_only.py took 0.050 seconds
[2022-06-28 14:23:53,361] {processor.py:163} INFO - Started process (PID=1031) to work on /home/airflow/.local/lib/python3.7/site-packages/airflow/example_dags/example_latest_only.py
[2022-06-28 14:23:53,362] {processor.py:642} INFO - Processing file /home/airflow/.local/lib/python3.7/site-packages/airflow/example_dags/example_latest_only.py for tasks to queue
[2022-06-28 14:23:53,362] {logging_mixin.py:109} INFO - [2022-06-28 14:23:53,362] {dagbag.py:500} INFO - Filling up the DagBag from /home/airflow/.local/lib/python3.7/site-packages/airflow/example_dags/example_latest_only.py
[2022-06-28 14:23:53,371] {processor.py:652} INFO - DAG(s) dict_keys(['latest_only']) retrieved from /home/airflow/.local/lib/python3.7/site-packages/airflow/example_dags/example_latest_only.py
[2022-06-28 14:23:53,383] {logging_mixin.py:109} INFO - [2022-06-28 14:23:53,383] {dag.py:2398} INFO - Sync 1 DAGs
[2022-06-28 14:23:53,395] {logging_mixin.py:109} INFO - [2022-06-28 14:23:53,395] {dag.py:2937} INFO - Setting next_dagrun for latest_only to 2022-06-28T10:23:53.394850+00:00
[2022-06-28 14:23:53,402] {processor.py:171} INFO - Processing /home/airflow/.local/lib/python3.7/site-packages/airflow/example_dags/example_latest_only.py took 0.042 seconds
[2022-06-28 16:24:50,006] {processor.py:163} INFO - Started process (PID=1102) to work on /home/airflow/.local/lib/python3.7/site-packages/airflow/example_dags/example_latest_only.py
[2022-06-28 16:24:50,007] {processor.py:642} INFO - Processing file /home/airflow/.local/lib/python3.7/site-packages/airflow/example_dags/example_latest_only.py for tasks to queue
[2022-06-28 16:24:50,008] {logging_mixin.py:109} INFO - [2022-06-28 16:24:50,007] {dagbag.py:500} INFO - Filling up the DagBag from /home/airflow/.local/lib/python3.7/site-packages/airflow/example_dags/example_latest_only.py
[2022-06-28 16:24:50,020] {processor.py:652} INFO - DAG(s) dict_keys(['latest_only']) retrieved from /home/airflow/.local/lib/python3.7/site-packages/airflow/example_dags/example_latest_only.py
[2022-06-28 16:24:50,040] {logging_mixin.py:109} INFO - [2022-06-28 16:24:50,039] {dag.py:2398} INFO - Sync 1 DAGs
[2022-06-28 16:24:50,057] {logging_mixin.py:109} INFO - [2022-06-28 16:24:50,057] {dag.py:2937} INFO - Setting next_dagrun for latest_only to 2022-06-28T12:24:50.056783+00:00
[2022-06-28 16:24:50,064] {processor.py:171} INFO - Processing /home/airflow/.local/lib/python3.7/site-packages/airflow/example_dags/example_latest_only.py took 0.060 seconds
