[2022-06-28 14:16:39,815] {processor.py:163} INFO - Started process (PID=62) to work on /home/airflow/.local/lib/python3.7/site-packages/airflow/example_dags/tutorial_etl_dag.py
[2022-06-28 14:16:39,816] {processor.py:642} INFO - Processing file /home/airflow/.local/lib/python3.7/site-packages/airflow/example_dags/tutorial_etl_dag.py for tasks to queue
[2022-06-28 14:16:39,817] {logging_mixin.py:109} INFO - [2022-06-28 14:16:39,817] {dagbag.py:500} INFO - Filling up the DagBag from /home/airflow/.local/lib/python3.7/site-packages/airflow/example_dags/tutorial_etl_dag.py
[2022-06-28 14:16:39,847] {processor.py:652} INFO - DAG(s) dict_keys(['tutorial_etl_dag']) retrieved from /home/airflow/.local/lib/python3.7/site-packages/airflow/example_dags/tutorial_etl_dag.py
[2022-06-28 14:16:39,915] {logging_mixin.py:109} INFO - [2022-06-28 14:16:39,915] {dag.py:2398} INFO - Sync 1 DAGs
[2022-06-28 14:16:39,982] {logging_mixin.py:109} INFO - [2022-06-28 14:16:39,982] {dag.py:2937} INFO - Setting next_dagrun for tutorial_etl_dag to None
[2022-06-28 14:16:40,003] {processor.py:171} INFO - Processing /home/airflow/.local/lib/python3.7/site-packages/airflow/example_dags/tutorial_etl_dag.py took 0.189 seconds
[2022-06-28 14:17:10,302] {processor.py:163} INFO - Started process (PID=131) to work on /home/airflow/.local/lib/python3.7/site-packages/airflow/example_dags/tutorial_etl_dag.py
[2022-06-28 14:17:10,302] {processor.py:642} INFO - Processing file /home/airflow/.local/lib/python3.7/site-packages/airflow/example_dags/tutorial_etl_dag.py for tasks to queue
[2022-06-28 14:17:10,303] {logging_mixin.py:109} INFO - [2022-06-28 14:17:10,303] {dagbag.py:500} INFO - Filling up the DagBag from /home/airflow/.local/lib/python3.7/site-packages/airflow/example_dags/tutorial_etl_dag.py
[2022-06-28 14:17:10,313] {processor.py:652} INFO - DAG(s) dict_keys(['tutorial_etl_dag']) retrieved from /home/airflow/.local/lib/python3.7/site-packages/airflow/example_dags/tutorial_etl_dag.py
[2022-06-28 14:17:10,325] {logging_mixin.py:109} INFO - [2022-06-28 14:17:10,325] {dag.py:2398} INFO - Sync 1 DAGs
[2022-06-28 14:17:10,335] {logging_mixin.py:109} INFO - [2022-06-28 14:17:10,335] {dag.py:2937} INFO - Setting next_dagrun for tutorial_etl_dag to None
[2022-06-28 14:17:10,340] {processor.py:171} INFO - Processing /home/airflow/.local/lib/python3.7/site-packages/airflow/example_dags/tutorial_etl_dag.py took 0.040 seconds
[2022-06-28 14:17:41,359] {processor.py:163} INFO - Started process (PID=201) to work on /home/airflow/.local/lib/python3.7/site-packages/airflow/example_dags/tutorial_etl_dag.py
[2022-06-28 14:17:41,360] {processor.py:642} INFO - Processing file /home/airflow/.local/lib/python3.7/site-packages/airflow/example_dags/tutorial_etl_dag.py for tasks to queue
[2022-06-28 14:17:41,360] {logging_mixin.py:109} INFO - [2022-06-28 14:17:41,360] {dagbag.py:500} INFO - Filling up the DagBag from /home/airflow/.local/lib/python3.7/site-packages/airflow/example_dags/tutorial_etl_dag.py
[2022-06-28 14:17:41,371] {processor.py:652} INFO - DAG(s) dict_keys(['tutorial_etl_dag']) retrieved from /home/airflow/.local/lib/python3.7/site-packages/airflow/example_dags/tutorial_etl_dag.py
[2022-06-28 14:17:41,382] {logging_mixin.py:109} INFO - [2022-06-28 14:17:41,382] {dag.py:2398} INFO - Sync 1 DAGs
[2022-06-28 14:17:41,392] {logging_mixin.py:109} INFO - [2022-06-28 14:17:41,392] {dag.py:2937} INFO - Setting next_dagrun for tutorial_etl_dag to None
[2022-06-28 14:17:41,398] {processor.py:171} INFO - Processing /home/airflow/.local/lib/python3.7/site-packages/airflow/example_dags/tutorial_etl_dag.py took 0.040 seconds
[2022-06-28 14:18:12,204] {processor.py:163} INFO - Started process (PID=262) to work on /home/airflow/.local/lib/python3.7/site-packages/airflow/example_dags/tutorial_etl_dag.py
[2022-06-28 14:18:12,205] {processor.py:642} INFO - Processing file /home/airflow/.local/lib/python3.7/site-packages/airflow/example_dags/tutorial_etl_dag.py for tasks to queue
[2022-06-28 14:18:12,205] {logging_mixin.py:109} INFO - [2022-06-28 14:18:12,205] {dagbag.py:500} INFO - Filling up the DagBag from /home/airflow/.local/lib/python3.7/site-packages/airflow/example_dags/tutorial_etl_dag.py
[2022-06-28 14:18:12,218] {processor.py:652} INFO - DAG(s) dict_keys(['tutorial_etl_dag']) retrieved from /home/airflow/.local/lib/python3.7/site-packages/airflow/example_dags/tutorial_etl_dag.py
[2022-06-28 14:18:12,231] {logging_mixin.py:109} INFO - [2022-06-28 14:18:12,231] {dag.py:2398} INFO - Sync 1 DAGs
[2022-06-28 14:18:12,242] {logging_mixin.py:109} INFO - [2022-06-28 14:18:12,242] {dag.py:2937} INFO - Setting next_dagrun for tutorial_etl_dag to None
[2022-06-28 14:18:12,247] {processor.py:171} INFO - Processing /home/airflow/.local/lib/python3.7/site-packages/airflow/example_dags/tutorial_etl_dag.py took 0.045 seconds
[2022-06-28 14:18:42,965] {processor.py:163} INFO - Started process (PID=332) to work on /home/airflow/.local/lib/python3.7/site-packages/airflow/example_dags/tutorial_etl_dag.py
[2022-06-28 14:18:42,965] {processor.py:642} INFO - Processing file /home/airflow/.local/lib/python3.7/site-packages/airflow/example_dags/tutorial_etl_dag.py for tasks to queue
[2022-06-28 14:18:42,965] {logging_mixin.py:109} INFO - [2022-06-28 14:18:42,965] {dagbag.py:500} INFO - Filling up the DagBag from /home/airflow/.local/lib/python3.7/site-packages/airflow/example_dags/tutorial_etl_dag.py
[2022-06-28 14:18:42,973] {processor.py:652} INFO - DAG(s) dict_keys(['tutorial_etl_dag']) retrieved from /home/airflow/.local/lib/python3.7/site-packages/airflow/example_dags/tutorial_etl_dag.py
[2022-06-28 14:18:42,984] {logging_mixin.py:109} INFO - [2022-06-28 14:18:42,984] {dag.py:2398} INFO - Sync 1 DAGs
[2022-06-28 14:18:42,994] {logging_mixin.py:109} INFO - [2022-06-28 14:18:42,994] {dag.py:2937} INFO - Setting next_dagrun for tutorial_etl_dag to None
[2022-06-28 14:18:42,999] {processor.py:171} INFO - Processing /home/airflow/.local/lib/python3.7/site-packages/airflow/example_dags/tutorial_etl_dag.py took 0.036 seconds
[2022-06-28 14:19:13,631] {processor.py:163} INFO - Started process (PID=402) to work on /home/airflow/.local/lib/python3.7/site-packages/airflow/example_dags/tutorial_etl_dag.py
[2022-06-28 14:19:13,631] {processor.py:642} INFO - Processing file /home/airflow/.local/lib/python3.7/site-packages/airflow/example_dags/tutorial_etl_dag.py for tasks to queue
[2022-06-28 14:19:13,631] {logging_mixin.py:109} INFO - [2022-06-28 14:19:13,631] {dagbag.py:500} INFO - Filling up the DagBag from /home/airflow/.local/lib/python3.7/site-packages/airflow/example_dags/tutorial_etl_dag.py
[2022-06-28 14:19:13,639] {processor.py:652} INFO - DAG(s) dict_keys(['tutorial_etl_dag']) retrieved from /home/airflow/.local/lib/python3.7/site-packages/airflow/example_dags/tutorial_etl_dag.py
[2022-06-28 14:19:13,650] {logging_mixin.py:109} INFO - [2022-06-28 14:19:13,650] {dag.py:2398} INFO - Sync 1 DAGs
[2022-06-28 14:19:13,659] {logging_mixin.py:109} INFO - [2022-06-28 14:19:13,659] {dag.py:2937} INFO - Setting next_dagrun for tutorial_etl_dag to None
[2022-06-28 14:19:13,665] {processor.py:171} INFO - Processing /home/airflow/.local/lib/python3.7/site-packages/airflow/example_dags/tutorial_etl_dag.py took 0.036 seconds
[2022-06-28 14:19:44,447] {processor.py:163} INFO - Started process (PID=472) to work on /home/airflow/.local/lib/python3.7/site-packages/airflow/example_dags/tutorial_etl_dag.py
[2022-06-28 14:19:44,448] {processor.py:642} INFO - Processing file /home/airflow/.local/lib/python3.7/site-packages/airflow/example_dags/tutorial_etl_dag.py for tasks to queue
[2022-06-28 14:19:44,448] {logging_mixin.py:109} INFO - [2022-06-28 14:19:44,448] {dagbag.py:500} INFO - Filling up the DagBag from /home/airflow/.local/lib/python3.7/site-packages/airflow/example_dags/tutorial_etl_dag.py
[2022-06-28 14:19:44,458] {processor.py:652} INFO - DAG(s) dict_keys(['tutorial_etl_dag']) retrieved from /home/airflow/.local/lib/python3.7/site-packages/airflow/example_dags/tutorial_etl_dag.py
[2022-06-28 14:19:44,469] {logging_mixin.py:109} INFO - [2022-06-28 14:19:44,469] {dag.py:2398} INFO - Sync 1 DAGs
[2022-06-28 14:19:44,479] {logging_mixin.py:109} INFO - [2022-06-28 14:19:44,479] {dag.py:2937} INFO - Setting next_dagrun for tutorial_etl_dag to None
[2022-06-28 14:19:44,484] {processor.py:171} INFO - Processing /home/airflow/.local/lib/python3.7/site-packages/airflow/example_dags/tutorial_etl_dag.py took 0.038 seconds
[2022-06-28 14:20:15,130] {processor.py:163} INFO - Started process (PID=533) to work on /home/airflow/.local/lib/python3.7/site-packages/airflow/example_dags/tutorial_etl_dag.py
[2022-06-28 14:20:15,130] {processor.py:642} INFO - Processing file /home/airflow/.local/lib/python3.7/site-packages/airflow/example_dags/tutorial_etl_dag.py for tasks to queue
[2022-06-28 14:20:15,131] {logging_mixin.py:109} INFO - [2022-06-28 14:20:15,131] {dagbag.py:500} INFO - Filling up the DagBag from /home/airflow/.local/lib/python3.7/site-packages/airflow/example_dags/tutorial_etl_dag.py
[2022-06-28 14:20:15,139] {processor.py:652} INFO - DAG(s) dict_keys(['tutorial_etl_dag']) retrieved from /home/airflow/.local/lib/python3.7/site-packages/airflow/example_dags/tutorial_etl_dag.py
[2022-06-28 14:20:15,149] {logging_mixin.py:109} INFO - [2022-06-28 14:20:15,149] {dag.py:2398} INFO - Sync 1 DAGs
[2022-06-28 14:20:15,159] {logging_mixin.py:109} INFO - [2022-06-28 14:20:15,159] {dag.py:2937} INFO - Setting next_dagrun for tutorial_etl_dag to None
[2022-06-28 14:20:15,165] {processor.py:171} INFO - Processing /home/airflow/.local/lib/python3.7/site-packages/airflow/example_dags/tutorial_etl_dag.py took 0.036 seconds
[2022-06-28 14:20:45,972] {processor.py:163} INFO - Started process (PID=605) to work on /home/airflow/.local/lib/python3.7/site-packages/airflow/example_dags/tutorial_etl_dag.py
[2022-06-28 14:20:45,972] {processor.py:642} INFO - Processing file /home/airflow/.local/lib/python3.7/site-packages/airflow/example_dags/tutorial_etl_dag.py for tasks to queue
[2022-06-28 14:20:45,972] {logging_mixin.py:109} INFO - [2022-06-28 14:20:45,972] {dagbag.py:500} INFO - Filling up the DagBag from /home/airflow/.local/lib/python3.7/site-packages/airflow/example_dags/tutorial_etl_dag.py
[2022-06-28 14:20:45,981] {processor.py:652} INFO - DAG(s) dict_keys(['tutorial_etl_dag']) retrieved from /home/airflow/.local/lib/python3.7/site-packages/airflow/example_dags/tutorial_etl_dag.py
[2022-06-28 14:20:45,992] {logging_mixin.py:109} INFO - [2022-06-28 14:20:45,992] {dag.py:2398} INFO - Sync 1 DAGs
[2022-06-28 14:20:46,001] {logging_mixin.py:109} INFO - [2022-06-28 14:20:46,001] {dag.py:2937} INFO - Setting next_dagrun for tutorial_etl_dag to None
[2022-06-28 14:20:46,006] {processor.py:171} INFO - Processing /home/airflow/.local/lib/python3.7/site-packages/airflow/example_dags/tutorial_etl_dag.py took 0.036 seconds
[2022-06-28 14:21:16,661] {processor.py:163} INFO - Started process (PID=675) to work on /home/airflow/.local/lib/python3.7/site-packages/airflow/example_dags/tutorial_etl_dag.py
[2022-06-28 14:21:16,662] {processor.py:642} INFO - Processing file /home/airflow/.local/lib/python3.7/site-packages/airflow/example_dags/tutorial_etl_dag.py for tasks to queue
[2022-06-28 14:21:16,662] {logging_mixin.py:109} INFO - [2022-06-28 14:21:16,662] {dagbag.py:500} INFO - Filling up the DagBag from /home/airflow/.local/lib/python3.7/site-packages/airflow/example_dags/tutorial_etl_dag.py
[2022-06-28 14:21:16,670] {processor.py:652} INFO - DAG(s) dict_keys(['tutorial_etl_dag']) retrieved from /home/airflow/.local/lib/python3.7/site-packages/airflow/example_dags/tutorial_etl_dag.py
[2022-06-28 14:21:16,681] {logging_mixin.py:109} INFO - [2022-06-28 14:21:16,681] {dag.py:2398} INFO - Sync 1 DAGs
[2022-06-28 14:21:16,690] {logging_mixin.py:109} INFO - [2022-06-28 14:21:16,690] {dag.py:2937} INFO - Setting next_dagrun for tutorial_etl_dag to None
[2022-06-28 14:21:16,695] {processor.py:171} INFO - Processing /home/airflow/.local/lib/python3.7/site-packages/airflow/example_dags/tutorial_etl_dag.py took 0.035 seconds
[2022-06-28 14:21:47,409] {processor.py:163} INFO - Started process (PID=736) to work on /home/airflow/.local/lib/python3.7/site-packages/airflow/example_dags/tutorial_etl_dag.py
[2022-06-28 14:21:47,410] {processor.py:642} INFO - Processing file /home/airflow/.local/lib/python3.7/site-packages/airflow/example_dags/tutorial_etl_dag.py for tasks to queue
[2022-06-28 14:21:47,410] {logging_mixin.py:109} INFO - [2022-06-28 14:21:47,410] {dagbag.py:500} INFO - Filling up the DagBag from /home/airflow/.local/lib/python3.7/site-packages/airflow/example_dags/tutorial_etl_dag.py
[2022-06-28 14:21:47,418] {processor.py:652} INFO - DAG(s) dict_keys(['tutorial_etl_dag']) retrieved from /home/airflow/.local/lib/python3.7/site-packages/airflow/example_dags/tutorial_etl_dag.py
[2022-06-28 14:21:47,429] {logging_mixin.py:109} INFO - [2022-06-28 14:21:47,429] {dag.py:2398} INFO - Sync 1 DAGs
[2022-06-28 14:21:47,439] {logging_mixin.py:109} INFO - [2022-06-28 14:21:47,439] {dag.py:2937} INFO - Setting next_dagrun for tutorial_etl_dag to None
[2022-06-28 14:21:47,444] {processor.py:171} INFO - Processing /home/airflow/.local/lib/python3.7/site-packages/airflow/example_dags/tutorial_etl_dag.py took 0.036 seconds
[2022-06-28 14:22:18,409] {processor.py:163} INFO - Started process (PID=810) to work on /home/airflow/.local/lib/python3.7/site-packages/airflow/example_dags/tutorial_etl_dag.py
[2022-06-28 14:22:18,409] {processor.py:642} INFO - Processing file /home/airflow/.local/lib/python3.7/site-packages/airflow/example_dags/tutorial_etl_dag.py for tasks to queue
[2022-06-28 14:22:18,409] {logging_mixin.py:109} INFO - [2022-06-28 14:22:18,409] {dagbag.py:500} INFO - Filling up the DagBag from /home/airflow/.local/lib/python3.7/site-packages/airflow/example_dags/tutorial_etl_dag.py
[2022-06-28 14:22:18,418] {processor.py:652} INFO - DAG(s) dict_keys(['tutorial_etl_dag']) retrieved from /home/airflow/.local/lib/python3.7/site-packages/airflow/example_dags/tutorial_etl_dag.py
[2022-06-28 14:22:18,428] {logging_mixin.py:109} INFO - [2022-06-28 14:22:18,428] {dag.py:2398} INFO - Sync 1 DAGs
[2022-06-28 14:22:18,438] {logging_mixin.py:109} INFO - [2022-06-28 14:22:18,438] {dag.py:2937} INFO - Setting next_dagrun for tutorial_etl_dag to None
[2022-06-28 14:22:18,443] {processor.py:171} INFO - Processing /home/airflow/.local/lib/python3.7/site-packages/airflow/example_dags/tutorial_etl_dag.py took 0.036 seconds
[2022-06-28 14:22:49,141] {processor.py:163} INFO - Started process (PID=881) to work on /home/airflow/.local/lib/python3.7/site-packages/airflow/example_dags/tutorial_etl_dag.py
[2022-06-28 14:22:49,141] {processor.py:642} INFO - Processing file /home/airflow/.local/lib/python3.7/site-packages/airflow/example_dags/tutorial_etl_dag.py for tasks to queue
[2022-06-28 14:22:49,142] {logging_mixin.py:109} INFO - [2022-06-28 14:22:49,142] {dagbag.py:500} INFO - Filling up the DagBag from /home/airflow/.local/lib/python3.7/site-packages/airflow/example_dags/tutorial_etl_dag.py
[2022-06-28 14:22:49,150] {processor.py:652} INFO - DAG(s) dict_keys(['tutorial_etl_dag']) retrieved from /home/airflow/.local/lib/python3.7/site-packages/airflow/example_dags/tutorial_etl_dag.py
[2022-06-28 14:22:49,163] {logging_mixin.py:109} INFO - [2022-06-28 14:22:49,163] {dag.py:2398} INFO - Sync 1 DAGs
[2022-06-28 14:22:49,176] {logging_mixin.py:109} INFO - [2022-06-28 14:22:49,176] {dag.py:2937} INFO - Setting next_dagrun for tutorial_etl_dag to None
[2022-06-28 14:22:49,183] {processor.py:171} INFO - Processing /home/airflow/.local/lib/python3.7/site-packages/airflow/example_dags/tutorial_etl_dag.py took 0.044 seconds
[2022-06-28 14:23:19,714] {processor.py:163} INFO - Started process (PID=941) to work on /home/airflow/.local/lib/python3.7/site-packages/airflow/example_dags/tutorial_etl_dag.py
[2022-06-28 14:23:19,717] {processor.py:642} INFO - Processing file /home/airflow/.local/lib/python3.7/site-packages/airflow/example_dags/tutorial_etl_dag.py for tasks to queue
[2022-06-28 14:23:19,717] {logging_mixin.py:109} INFO - [2022-06-28 14:23:19,717] {dagbag.py:500} INFO - Filling up the DagBag from /home/airflow/.local/lib/python3.7/site-packages/airflow/example_dags/tutorial_etl_dag.py
[2022-06-28 14:23:19,738] {processor.py:652} INFO - DAG(s) dict_keys(['tutorial_etl_dag']) retrieved from /home/airflow/.local/lib/python3.7/site-packages/airflow/example_dags/tutorial_etl_dag.py
[2022-06-28 14:23:19,759] {logging_mixin.py:109} INFO - [2022-06-28 14:23:19,758] {dag.py:2398} INFO - Sync 1 DAGs
[2022-06-28 14:23:19,772] {logging_mixin.py:109} INFO - [2022-06-28 14:23:19,772] {dag.py:2937} INFO - Setting next_dagrun for tutorial_etl_dag to None
[2022-06-28 14:23:19,779] {processor.py:171} INFO - Processing /home/airflow/.local/lib/python3.7/site-packages/airflow/example_dags/tutorial_etl_dag.py took 0.067 seconds
[2022-06-28 14:23:52,327] {processor.py:163} INFO - Started process (PID=1013) to work on /home/airflow/.local/lib/python3.7/site-packages/airflow/example_dags/tutorial_etl_dag.py
[2022-06-28 14:23:52,328] {processor.py:642} INFO - Processing file /home/airflow/.local/lib/python3.7/site-packages/airflow/example_dags/tutorial_etl_dag.py for tasks to queue
[2022-06-28 14:23:52,328] {logging_mixin.py:109} INFO - [2022-06-28 14:23:52,328] {dagbag.py:500} INFO - Filling up the DagBag from /home/airflow/.local/lib/python3.7/site-packages/airflow/example_dags/tutorial_etl_dag.py
[2022-06-28 14:23:52,338] {processor.py:652} INFO - DAG(s) dict_keys(['tutorial_etl_dag']) retrieved from /home/airflow/.local/lib/python3.7/site-packages/airflow/example_dags/tutorial_etl_dag.py
[2022-06-28 14:23:52,349] {logging_mixin.py:109} INFO - [2022-06-28 14:23:52,349] {dag.py:2398} INFO - Sync 1 DAGs
[2022-06-28 14:23:52,359] {logging_mixin.py:109} INFO - [2022-06-28 14:23:52,359] {dag.py:2937} INFO - Setting next_dagrun for tutorial_etl_dag to None
[2022-06-28 14:23:52,365] {processor.py:171} INFO - Processing /home/airflow/.local/lib/python3.7/site-packages/airflow/example_dags/tutorial_etl_dag.py took 0.039 seconds
[2022-06-28 16:24:47,627] {processor.py:163} INFO - Started process (PID=1084) to work on /home/airflow/.local/lib/python3.7/site-packages/airflow/example_dags/tutorial_etl_dag.py
[2022-06-28 16:24:47,628] {processor.py:642} INFO - Processing file /home/airflow/.local/lib/python3.7/site-packages/airflow/example_dags/tutorial_etl_dag.py for tasks to queue
[2022-06-28 16:24:47,629] {logging_mixin.py:109} INFO - [2022-06-28 16:24:47,629] {dagbag.py:500} INFO - Filling up the DagBag from /home/airflow/.local/lib/python3.7/site-packages/airflow/example_dags/tutorial_etl_dag.py
[2022-06-28 16:24:47,660] {processor.py:652} INFO - DAG(s) dict_keys(['tutorial_etl_dag']) retrieved from /home/airflow/.local/lib/python3.7/site-packages/airflow/example_dags/tutorial_etl_dag.py
[2022-06-28 16:24:47,734] {logging_mixin.py:109} INFO - [2022-06-28 16:24:47,733] {dag.py:2398} INFO - Sync 1 DAGs
[2022-06-28 16:24:47,756] {logging_mixin.py:109} INFO - [2022-06-28 16:24:47,755] {dag.py:2937} INFO - Setting next_dagrun for tutorial_etl_dag to None
[2022-06-28 16:24:47,776] {processor.py:171} INFO - Processing /home/airflow/.local/lib/python3.7/site-packages/airflow/example_dags/tutorial_etl_dag.py took 0.152 seconds
[2022-06-28 16:25:17,981] {processor.py:163} INFO - Started process (PID=1144) to work on /home/airflow/.local/lib/python3.7/site-packages/airflow/example_dags/tutorial_etl_dag.py
[2022-06-28 16:25:17,981] {processor.py:642} INFO - Processing file /home/airflow/.local/lib/python3.7/site-packages/airflow/example_dags/tutorial_etl_dag.py for tasks to queue
[2022-06-28 16:25:17,982] {logging_mixin.py:109} INFO - [2022-06-28 16:25:17,982] {dagbag.py:500} INFO - Filling up the DagBag from /home/airflow/.local/lib/python3.7/site-packages/airflow/example_dags/tutorial_etl_dag.py
[2022-06-28 16:25:17,990] {processor.py:652} INFO - DAG(s) dict_keys(['tutorial_etl_dag']) retrieved from /home/airflow/.local/lib/python3.7/site-packages/airflow/example_dags/tutorial_etl_dag.py
[2022-06-28 16:25:18,002] {logging_mixin.py:109} INFO - [2022-06-28 16:25:18,002] {dag.py:2398} INFO - Sync 1 DAGs
[2022-06-28 16:25:18,014] {logging_mixin.py:109} INFO - [2022-06-28 16:25:18,014] {dag.py:2937} INFO - Setting next_dagrun for tutorial_etl_dag to None
[2022-06-28 16:25:18,020] {processor.py:171} INFO - Processing /home/airflow/.local/lib/python3.7/site-packages/airflow/example_dags/tutorial_etl_dag.py took 0.041 seconds
