[2022-07-08 05:22:51,009] {taskinstance.py:1043} INFO - Dependencies all met for <TaskInstance: example_complex.lookup_entry_result manual__2022-07-08T05:22:46.156602+00:00 [queued]>
[2022-07-08 05:22:51,022] {taskinstance.py:1043} INFO - Dependencies all met for <TaskInstance: example_complex.lookup_entry_result manual__2022-07-08T05:22:46.156602+00:00 [queued]>
[2022-07-08 05:22:51,022] {taskinstance.py:1249} INFO - 
--------------------------------------------------------------------------------
[2022-07-08 05:22:51,022] {taskinstance.py:1250} INFO - Starting attempt 1 of 1
[2022-07-08 05:22:51,022] {taskinstance.py:1251} INFO - 
--------------------------------------------------------------------------------
[2022-07-08 05:22:51,038] {taskinstance.py:1270} INFO - Executing <Task(BashOperator): lookup_entry_result> on 2022-07-08 05:22:46.156602+00:00
[2022-07-08 05:22:51,046] {standard_task_runner.py:52} INFO - Started process 2375 to run task
[2022-07-08 05:22:51,061] {standard_task_runner.py:79} INFO - Running: ['***', 'tasks', 'run', 'example_complex', 'lookup_entry_result', 'manual__2022-07-08T05:22:46.156602+00:00', '--job-id', '58', '--raw', '--subdir', 'DAGS_FOLDER/complex_task.py', '--cfg-path', '/tmp/tmp4u6hz_7g', '--error-file', '/tmp/tmp2t_4n_c0']
[2022-07-08 05:22:51,063] {standard_task_runner.py:80} INFO - Job 58: Subtask lookup_entry_result
[2022-07-08 05:22:51,181] {logging_mixin.py:109} INFO - Running <TaskInstance: example_complex.lookup_entry_result manual__2022-07-08T05:22:46.156602+00:00 [running]> on host 6a15fbc57503
[2022-07-08 05:22:51,283] {taskinstance.py:1448} INFO - Exporting the following env vars:
AIRFLOW_CTX_DAG_OWNER=***
AIRFLOW_CTX_DAG_ID=example_complex
AIRFLOW_CTX_TASK_ID=lookup_entry_result
AIRFLOW_CTX_EXECUTION_DATE=2022-07-08T05:22:46.156602+00:00
AIRFLOW_CTX_DAG_RUN_ID=manual__2022-07-08T05:22:46.156602+00:00
[2022-07-08 05:22:51,284] {subprocess.py:62} INFO - Tmp dir root location: 
 /tmp
[2022-07-08 05:22:51,285] {subprocess.py:74} INFO - Running command: ['bash', '-c', 'echo lookup_entry_result']
[2022-07-08 05:22:51,309] {subprocess.py:85} INFO - Output:
[2022-07-08 05:22:51,312] {subprocess.py:89} INFO - lookup_entry_result
[2022-07-08 05:22:51,313] {subprocess.py:93} INFO - Command exited with return code 0
[2022-07-08 05:22:51,364] {taskinstance.py:1288} INFO - Marking task as SUCCESS. dag_id=example_complex, task_id=lookup_entry_result, execution_date=20220708T052246, start_date=20220708T052251, end_date=20220708T052251
[2022-07-08 05:22:51,390] {local_task_job.py:154} INFO - Task exited with return code 0
[2022-07-08 05:22:51,422] {local_task_job.py:264} INFO - 0 downstream tasks scheduled from follow-on schedule check
