[2022-07-08 13:40:28,209] {taskinstance.py:1043} INFO - Dependencies all met for <TaskInstance: example_complex.lookup_entry_result manual__2022-07-08T13:40:23.747219+00:00 [queued]>
[2022-07-08 13:40:28,218] {taskinstance.py:1043} INFO - Dependencies all met for <TaskInstance: example_complex.lookup_entry_result manual__2022-07-08T13:40:23.747219+00:00 [queued]>
[2022-07-08 13:40:28,218] {taskinstance.py:1249} INFO - 
--------------------------------------------------------------------------------
[2022-07-08 13:40:28,218] {taskinstance.py:1250} INFO - Starting attempt 1 of 1
[2022-07-08 13:40:28,218] {taskinstance.py:1251} INFO - 
--------------------------------------------------------------------------------
[2022-07-08 13:40:28,227] {taskinstance.py:1270} INFO - Executing <Task(BashOperator): lookup_entry_result> on 2022-07-08 13:40:23.747219+00:00
[2022-07-08 13:40:28,232] {standard_task_runner.py:52} INFO - Started process 820 to run task
[2022-07-08 13:40:28,235] {standard_task_runner.py:79} INFO - Running: ['***', 'tasks', 'run', 'example_complex', 'lookup_entry_result', 'manual__2022-07-08T13:40:23.747219+00:00', '--job-id', '29', '--raw', '--subdir', '/home/***/.local/lib/python3.7/site-packages/***/example_dags/example_complex.py', '--cfg-path', '/tmp/tmp9m1ita4o', '--error-file', '/tmp/tmpg2njz05_']
[2022-07-08 13:40:28,235] {standard_task_runner.py:80} INFO - Job 29: Subtask lookup_entry_result
[2022-07-08 13:40:28,274] {logging_mixin.py:109} INFO - Running <TaskInstance: example_complex.lookup_entry_result manual__2022-07-08T13:40:23.747219+00:00 [running]> on host 18ea9465fe18
[2022-07-08 13:40:28,313] {taskinstance.py:1448} INFO - Exporting the following env vars:
AIRFLOW_CTX_DAG_OWNER=***
AIRFLOW_CTX_DAG_ID=example_complex
AIRFLOW_CTX_TASK_ID=lookup_entry_result
AIRFLOW_CTX_EXECUTION_DATE=2022-07-08T13:40:23.747219+00:00
AIRFLOW_CTX_DAG_RUN_ID=manual__2022-07-08T13:40:23.747219+00:00
[2022-07-08 13:40:28,314] {subprocess.py:62} INFO - Tmp dir root location: 
 /tmp
[2022-07-08 13:40:28,314] {subprocess.py:74} INFO - Running command: ['bash', '-c', 'echo lookup_entry_result']
[2022-07-08 13:40:28,327] {subprocess.py:85} INFO - Output:
[2022-07-08 13:40:28,329] {subprocess.py:89} INFO - lookup_entry_result
[2022-07-08 13:40:28,329] {subprocess.py:93} INFO - Command exited with return code 0
[2022-07-08 13:40:28,351] {taskinstance.py:1288} INFO - Marking task as SUCCESS. dag_id=example_complex, task_id=lookup_entry_result, execution_date=20220708T134023, start_date=20220708T134028, end_date=20220708T134028
[2022-07-08 13:40:28,368] {local_task_job.py:154} INFO - Task exited with return code 0
[2022-07-08 13:40:28,421] {local_task_job.py:264} INFO - 0 downstream tasks scheduled from follow-on schedule check
