[2022-07-12 05:17:33,320] {taskinstance.py:1043} INFO - Dependencies all met for <TaskInstance: example_complex.search_catalog_result manual__2022-07-12T05:17:25.362660+00:00 [queued]>
[2022-07-12 05:17:33,327] {taskinstance.py:1043} INFO - Dependencies all met for <TaskInstance: example_complex.search_catalog_result manual__2022-07-12T05:17:25.362660+00:00 [queued]>
[2022-07-12 05:17:33,327] {taskinstance.py:1249} INFO - 
--------------------------------------------------------------------------------
[2022-07-12 05:17:33,327] {taskinstance.py:1250} INFO - Starting attempt 1 of 1
[2022-07-12 05:17:33,327] {taskinstance.py:1251} INFO - 
--------------------------------------------------------------------------------
[2022-07-12 05:17:33,334] {taskinstance.py:1270} INFO - Executing <Task(BashOperator): search_catalog_result> on 2022-07-12 05:17:25.362660+00:00
[2022-07-12 05:17:33,339] {standard_task_runner.py:52} INFO - Started process 196 to run task
[2022-07-12 05:17:33,341] {standard_task_runner.py:79} INFO - Running: ['***', 'tasks', 'run', 'example_complex', 'search_catalog_result', 'manual__2022-07-12T05:17:25.362660+00:00', '--job-id', '34', '--raw', '--subdir', '/home/***/.local/lib/python3.7/site-packages/***/example_dags/example_complex.py', '--cfg-path', '/tmp/tmp98vd_uys', '--error-file', '/tmp/tmpjt2pdlay']
[2022-07-12 05:17:33,341] {standard_task_runner.py:80} INFO - Job 34: Subtask search_catalog_result
[2022-07-12 05:17:33,373] {logging_mixin.py:109} INFO - Running <TaskInstance: example_complex.search_catalog_result manual__2022-07-12T05:17:25.362660+00:00 [running]> on host 4b3cd1d754ba
[2022-07-12 05:17:33,409] {taskinstance.py:1448} INFO - Exporting the following env vars:
AIRFLOW_CTX_DAG_OWNER=***
AIRFLOW_CTX_DAG_ID=example_complex
AIRFLOW_CTX_TASK_ID=search_catalog_result
AIRFLOW_CTX_EXECUTION_DATE=2022-07-12T05:17:25.362660+00:00
AIRFLOW_CTX_DAG_RUN_ID=manual__2022-07-12T05:17:25.362660+00:00
[2022-07-12 05:17:33,410] {subprocess.py:62} INFO - Tmp dir root location: 
 /tmp
[2022-07-12 05:17:33,410] {subprocess.py:74} INFO - Running command: ['bash', '-c', 'echo search_catalog_result']
[2022-07-12 05:17:33,420] {subprocess.py:85} INFO - Output:
[2022-07-12 05:17:33,422] {subprocess.py:89} INFO - search_catalog_result
[2022-07-12 05:17:33,423] {subprocess.py:93} INFO - Command exited with return code 0
[2022-07-12 05:17:33,440] {taskinstance.py:1288} INFO - Marking task as SUCCESS. dag_id=example_complex, task_id=search_catalog_result, execution_date=20220712T051725, start_date=20220712T051733, end_date=20220712T051733
[2022-07-12 05:17:33,473] {local_task_job.py:154} INFO - Task exited with return code 0
[2022-07-12 05:17:33,494] {local_task_job.py:264} INFO - 0 downstream tasks scheduled from follow-on schedule check
