[2022-07-13 11:30:33,983] {taskinstance.py:1043} INFO - Dependencies all met for <TaskInstance: demos.demo manual__2022-07-13T11:30:33.759279+00:00 [queued]>
[2022-07-13 11:30:33,990] {taskinstance.py:1043} INFO - Dependencies all met for <TaskInstance: demos.demo manual__2022-07-13T11:30:33.759279+00:00 [queued]>
[2022-07-13 11:30:33,990] {taskinstance.py:1249} INFO - 
--------------------------------------------------------------------------------
[2022-07-13 11:30:33,990] {taskinstance.py:1250} INFO - Starting attempt 1 of 1
[2022-07-13 11:30:33,990] {taskinstance.py:1251} INFO - 
--------------------------------------------------------------------------------
[2022-07-13 11:30:33,997] {taskinstance.py:1270} INFO - Executing <Task(HelloOperator): demo> on 2022-07-13 11:30:33.759279+00:00
[2022-07-13 11:30:34,002] {standard_task_runner.py:52} INFO - Started process 4908 to run task
[2022-07-13 11:30:34,004] {standard_task_runner.py:79} INFO - Running: ['***', 'tasks', 'run', 'demos', 'demo', 'manual__2022-07-13T11:30:33.759279+00:00', '--job-id', '17', '--raw', '--subdir', 'DAGS_FOLDER/dag_hello.py', '--cfg-path', '/tmp/tmpu9z_jzns', '--error-file', '/tmp/tmp6tqlel7r']
[2022-07-13 11:30:34,004] {standard_task_runner.py:80} INFO - Job 17: Subtask demo
[2022-07-13 11:30:34,041] {logging_mixin.py:109} INFO - Running <TaskInstance: demos.demo manual__2022-07-13T11:30:33.759279+00:00 [running]> on host 6e07f662a6b4
[2022-07-13 11:30:34,073] {taskinstance.py:1448} INFO - Exporting the following env vars:
AIRFLOW_CTX_DAG_EMAIL=thankiruchit007@gmail.com
AIRFLOW_CTX_DAG_OWNER=***
AIRFLOW_CTX_DAG_ID=demos
AIRFLOW_CTX_TASK_ID=demo
AIRFLOW_CTX_EXECUTION_DATE=2022-07-13T11:30:33.759279+00:00
AIRFLOW_CTX_DAG_RUN_ID=manual__2022-07-13T11:30:33.759279+00:00
[2022-07-13 11:30:34,074] {logging_mixin.py:109} INFO - Hello Ruchit
[2022-07-13 11:30:34,089] {taskinstance.py:1288} INFO - Marking task as SUCCESS. dag_id=demos, task_id=demo, execution_date=20220713T113033, start_date=20220713T113033, end_date=20220713T113034
[2022-07-13 11:30:34,136] {local_task_job.py:154} INFO - Task exited with return code 0
[2022-07-13 11:30:34,178] {local_task_job.py:264} INFO - 0 downstream tasks scheduled from follow-on schedule check
