[2022-06-27 06:36:46,637] {taskinstance.py:1043} INFO - Dependencies all met for <TaskInstance: first_airflow_dag.get_datetime manual__2022-06-27T06:36:45.343059+00:00 [queued]>
[2022-06-27 06:36:46,644] {taskinstance.py:1043} INFO - Dependencies all met for <TaskInstance: first_airflow_dag.get_datetime manual__2022-06-27T06:36:45.343059+00:00 [queued]>
[2022-06-27 06:36:46,644] {taskinstance.py:1249} INFO - 
--------------------------------------------------------------------------------
[2022-06-27 06:36:46,644] {taskinstance.py:1250} INFO - Starting attempt 1 of 1
[2022-06-27 06:36:46,644] {taskinstance.py:1251} INFO - 
--------------------------------------------------------------------------------
[2022-06-27 06:36:46,650] {taskinstance.py:1270} INFO - Executing <Task(BashOperator): get_datetime> on 2022-06-27 06:36:45.343059+00:00
[2022-06-27 06:36:46,655] {standard_task_runner.py:52} INFO - Started process 766 to run task
[2022-06-27 06:36:46,657] {standard_task_runner.py:79} INFO - Running: ['***', 'tasks', 'run', 'first_***_dag', 'get_datetime', 'manual__2022-06-27T06:36:45.343059+00:00', '--job-id', '38', '--raw', '--subdir', 'DAGS_FOLDER/firstdemo.py', '--cfg-path', '/tmp/tmpqv409eaw', '--error-file', '/tmp/tmp6hzq6szk']
[2022-06-27 06:36:46,658] {standard_task_runner.py:80} INFO - Job 38: Subtask get_datetime
[2022-06-27 06:36:46,697] {logging_mixin.py:109} INFO - Running <TaskInstance: first_***_dag.get_datetime manual__2022-06-27T06:36:45.343059+00:00 [running]> on host 818d02ed7c36
[2022-06-27 06:36:46,737] {taskinstance.py:1448} INFO - Exporting the following env vars:
AIRFLOW_CTX_DAG_OWNER=***
AIRFLOW_CTX_DAG_ID=first_***_dag
AIRFLOW_CTX_TASK_ID=get_datetime
AIRFLOW_CTX_EXECUTION_DATE=2022-06-27T06:36:45.343059+00:00
AIRFLOW_CTX_DAG_RUN_ID=manual__2022-06-27T06:36:45.343059+00:00
[2022-06-27 06:36:46,738] {subprocess.py:62} INFO - Tmp dir root location: 
 /tmp
[2022-06-27 06:36:46,739] {subprocess.py:74} INFO - Running command: ['bash', '-c', 'date']
[2022-06-27 06:36:46,749] {subprocess.py:85} INFO - Output:
[2022-06-27 06:36:46,751] {subprocess.py:89} INFO - Mon Jun 27 06:36:46 UTC 2022
[2022-06-27 06:36:46,752] {subprocess.py:93} INFO - Command exited with return code 0
[2022-06-27 06:36:46,769] {taskinstance.py:1288} INFO - Marking task as SUCCESS. dag_id=first_***_dag, task_id=get_datetime, execution_date=20220627T063645, start_date=20220627T063646, end_date=20220627T063646
[2022-06-27 06:36:46,789] {local_task_job.py:154} INFO - Task exited with return code 0
[2022-06-27 06:36:46,807] {local_task_job.py:264} INFO - 0 downstream tasks scheduled from follow-on schedule check
