[2022-07-08 05:22:49,393] {taskinstance.py:1043} INFO - Dependencies all met for <TaskInstance: example_complex.update_entry manual__2022-07-08T05:22:46.156602+00:00 [queued]>
[2022-07-08 05:22:49,402] {taskinstance.py:1043} INFO - Dependencies all met for <TaskInstance: example_complex.update_entry manual__2022-07-08T05:22:46.156602+00:00 [queued]>
[2022-07-08 05:22:49,402] {taskinstance.py:1249} INFO - 
--------------------------------------------------------------------------------
[2022-07-08 05:22:49,402] {taskinstance.py:1250} INFO - Starting attempt 1 of 1
[2022-07-08 05:22:49,402] {taskinstance.py:1251} INFO - 
--------------------------------------------------------------------------------
[2022-07-08 05:22:49,410] {taskinstance.py:1270} INFO - Executing <Task(BashOperator): update_entry> on 2022-07-08 05:22:46.156602+00:00
[2022-07-08 05:22:49,415] {standard_task_runner.py:52} INFO - Started process 2340 to run task
[2022-07-08 05:22:49,417] {standard_task_runner.py:79} INFO - Running: ['***', 'tasks', 'run', 'example_complex', 'update_entry', 'manual__2022-07-08T05:22:46.156602+00:00', '--job-id', '52', '--raw', '--subdir', 'DAGS_FOLDER/complex_task.py', '--cfg-path', '/tmp/tmpe066ua25', '--error-file', '/tmp/tmpv4sgn4gp']
[2022-07-08 05:22:49,418] {standard_task_runner.py:80} INFO - Job 52: Subtask update_entry
[2022-07-08 05:22:49,464] {logging_mixin.py:109} INFO - Running <TaskInstance: example_complex.update_entry manual__2022-07-08T05:22:46.156602+00:00 [running]> on host 6a15fbc57503
[2022-07-08 05:22:49,531] {taskinstance.py:1448} INFO - Exporting the following env vars:
AIRFLOW_CTX_DAG_OWNER=***
AIRFLOW_CTX_DAG_ID=example_complex
AIRFLOW_CTX_TASK_ID=update_entry
AIRFLOW_CTX_EXECUTION_DATE=2022-07-08T05:22:46.156602+00:00
AIRFLOW_CTX_DAG_RUN_ID=manual__2022-07-08T05:22:46.156602+00:00
[2022-07-08 05:22:49,533] {subprocess.py:62} INFO - Tmp dir root location: 
 /tmp
[2022-07-08 05:22:49,534] {subprocess.py:74} INFO - Running command: ['bash', '-c', 'echo update_entry']
[2022-07-08 05:22:49,552] {subprocess.py:85} INFO - Output:
[2022-07-08 05:22:49,554] {subprocess.py:89} INFO - update_entry
[2022-07-08 05:22:49,555] {subprocess.py:93} INFO - Command exited with return code 0
[2022-07-08 05:22:49,582] {taskinstance.py:1288} INFO - Marking task as SUCCESS. dag_id=example_complex, task_id=update_entry, execution_date=20220708T052246, start_date=20220708T052249, end_date=20220708T052249
[2022-07-08 05:22:49,629] {local_task_job.py:154} INFO - Task exited with return code 0
[2022-07-08 05:22:49,672] {local_task_job.py:264} INFO - 0 downstream tasks scheduled from follow-on schedule check
