[2022-07-01 06:30:59,578] {taskinstance.py:1043} INFO - Dependencies all met for <TaskInstance: my_dag.training_model_B manual__2022-07-01T06:30:59.044886+00:00 [queued]>
[2022-07-01 06:30:59,587] {taskinstance.py:1043} INFO - Dependencies all met for <TaskInstance: my_dag.training_model_B manual__2022-07-01T06:30:59.044886+00:00 [queued]>
[2022-07-01 06:30:59,587] {taskinstance.py:1249} INFO - 
--------------------------------------------------------------------------------
[2022-07-01 06:30:59,587] {taskinstance.py:1250} INFO - Starting attempt 1 of 1
[2022-07-01 06:30:59,587] {taskinstance.py:1251} INFO - 
--------------------------------------------------------------------------------
[2022-07-01 06:30:59,595] {taskinstance.py:1270} INFO - Executing <Task(PythonOperator): training_model_B> on 2022-07-01 06:30:59.044886+00:00
[2022-07-01 06:30:59,599] {standard_task_runner.py:52} INFO - Started process 9714 to run task
[2022-07-01 06:30:59,603] {standard_task_runner.py:79} INFO - Running: ['***', 'tasks', 'run', 'my_dag', 'training_model_B', 'manual__2022-07-01T06:30:59.044886+00:00', '--job-id', '41', '--raw', '--subdir', 'DAGS_FOLDER/second_1.py', '--cfg-path', '/tmp/tmpmv90heyc', '--error-file', '/tmp/tmpaxr1atbc']
[2022-07-01 06:30:59,603] {standard_task_runner.py:80} INFO - Job 41: Subtask training_model_B
[2022-07-01 06:30:59,641] {logging_mixin.py:109} INFO - Running <TaskInstance: my_dag.training_model_B manual__2022-07-01T06:30:59.044886+00:00 [running]> on host cb1ba423fa3f
[2022-07-01 06:30:59,680] {taskinstance.py:1448} INFO - Exporting the following env vars:
AIRFLOW_CTX_DAG_OWNER=***
AIRFLOW_CTX_DAG_ID=my_dag
AIRFLOW_CTX_TASK_ID=training_model_B
AIRFLOW_CTX_EXECUTION_DATE=2022-07-01T06:30:59.044886+00:00
AIRFLOW_CTX_DAG_RUN_ID=manual__2022-07-01T06:30:59.044886+00:00
[2022-07-01 06:30:59,680] {python.py:175} INFO - Done. Returned value was: 3
[2022-07-01 06:30:59,703] {taskinstance.py:1288} INFO - Marking task as SUCCESS. dag_id=my_dag, task_id=training_model_B, execution_date=20220701T063059, start_date=20220701T063059, end_date=20220701T063059
[2022-07-01 06:30:59,734] {local_task_job.py:154} INFO - Task exited with return code 0
[2022-07-01 06:30:59,763] {local_task_job.py:264} INFO - 1 downstream tasks scheduled from follow-on schedule check
