[2022-06-30 10:07:28,030] {taskinstance.py:1043} INFO - Dependencies all met for <TaskInstance: example_bash_operator.also_run_this scheduled__2022-06-29T00:00:00+00:00 [queued]>
[2022-06-30 10:07:28,039] {taskinstance.py:1043} INFO - Dependencies all met for <TaskInstance: example_bash_operator.also_run_this scheduled__2022-06-29T00:00:00+00:00 [queued]>
[2022-06-30 10:07:28,039] {taskinstance.py:1249} INFO - 
--------------------------------------------------------------------------------
[2022-06-30 10:07:28,039] {taskinstance.py:1250} INFO - Starting attempt 1 of 1
[2022-06-30 10:07:28,039] {taskinstance.py:1251} INFO - 
--------------------------------------------------------------------------------
[2022-06-30 10:07:28,048] {taskinstance.py:1270} INFO - Executing <Task(BashOperator): also_run_this> on 2022-06-29 00:00:00+00:00
[2022-06-30 10:07:28,051] {standard_task_runner.py:52} INFO - Started process 5944 to run task
[2022-06-30 10:07:28,054] {standard_task_runner.py:79} INFO - Running: ['***', 'tasks', 'run', 'example_bash_operator', 'also_run_this', 'scheduled__2022-06-29T00:00:00+00:00', '--job-id', '10', '--raw', '--subdir', '/home/***/.local/lib/python3.7/site-packages/***/example_dags/example_bash_operator.py', '--cfg-path', '/tmp/tmpkr0ewgu4', '--error-file', '/tmp/tmpoqdhlhwx']
[2022-06-30 10:07:28,054] {standard_task_runner.py:80} INFO - Job 10: Subtask also_run_this
[2022-06-30 10:07:28,099] {logging_mixin.py:109} INFO - Running <TaskInstance: example_bash_operator.also_run_this scheduled__2022-06-29T00:00:00+00:00 [running]> on host cb1ba423fa3f
[2022-06-30 10:07:28,138] {taskinstance.py:1448} INFO - Exporting the following env vars:
AIRFLOW_CTX_DAG_OWNER=***
AIRFLOW_CTX_DAG_ID=example_bash_operator
AIRFLOW_CTX_TASK_ID=also_run_this
AIRFLOW_CTX_EXECUTION_DATE=2022-06-29T00:00:00+00:00
AIRFLOW_CTX_DAG_RUN_ID=scheduled__2022-06-29T00:00:00+00:00
[2022-06-30 10:07:28,138] {subprocess.py:62} INFO - Tmp dir root location: 
 /tmp
[2022-06-30 10:07:28,139] {subprocess.py:74} INFO - Running command: ['bash', '-c', 'echo "run_id=scheduled__2022-06-29T00:00:00+00:00 | dag_run=<DagRun example_bash_operator @ 2022-06-29 00:00:00+00:00: scheduled__2022-06-29T00:00:00+00:00, externally triggered: False>"']
[2022-06-30 10:07:28,147] {subprocess.py:85} INFO - Output:
[2022-06-30 10:07:28,148] {subprocess.py:89} INFO - run_id=scheduled__2022-06-29T00:00:00+00:00 | dag_run=<DagRun example_bash_operator @ 2022-06-29 00:00:00+00:00: scheduled__2022-06-29T00:00:00+00:00, externally triggered: False>
[2022-06-30 10:07:28,149] {subprocess.py:93} INFO - Command exited with return code 0
[2022-06-30 10:07:28,166] {taskinstance.py:1288} INFO - Marking task as SUCCESS. dag_id=example_bash_operator, task_id=also_run_this, execution_date=20220629T000000, start_date=20220630T100728, end_date=20220630T100728
[2022-06-30 10:07:28,185] {local_task_job.py:154} INFO - Task exited with return code 0
[2022-06-30 10:07:28,238] {local_task_job.py:264} INFO - 0 downstream tasks scheduled from follow-on schedule check
