[2022-06-26 07:41:41,071] {taskinstance.py:1043} INFO - Dependencies all met for <TaskInstance: tutorial_taskflow_api_etl_virtualenv.transform manual__2022-06-26T07:41:35.711569+00:00 [queued]>
[2022-06-26 07:41:41,080] {taskinstance.py:1043} INFO - Dependencies all met for <TaskInstance: tutorial_taskflow_api_etl_virtualenv.transform manual__2022-06-26T07:41:35.711569+00:00 [queued]>
[2022-06-26 07:41:41,080] {taskinstance.py:1249} INFO - 
--------------------------------------------------------------------------------
[2022-06-26 07:41:41,080] {taskinstance.py:1250} INFO - Starting attempt 1 of 1
[2022-06-26 07:41:41,080] {taskinstance.py:1251} INFO - 
--------------------------------------------------------------------------------
[2022-06-26 07:41:41,087] {taskinstance.py:1270} INFO - Executing <Task(_PythonDecoratedOperator): transform> on 2022-06-26 07:41:35.711569+00:00
[2022-06-26 07:41:41,090] {standard_task_runner.py:52} INFO - Started process 357 to run task
[2022-06-26 07:41:41,092] {standard_task_runner.py:79} INFO - Running: ['***', 'tasks', 'run', 'tutorial_taskflow_api_etl_virtualenv', 'transform', 'manual__2022-06-26T07:41:35.711569+00:00', '--job-id', '14', '--raw', '--subdir', '/home/***/.local/lib/python3.7/site-packages/***/example_dags/tutorial_taskflow_api_etl_virtualenv.py', '--cfg-path', '/tmp/tmpcqun5_3n', '--error-file', '/tmp/tmphx_56xv4']
[2022-06-26 07:41:41,092] {standard_task_runner.py:80} INFO - Job 14: Subtask transform
[2022-06-26 07:41:41,120] {logging_mixin.py:109} INFO - Running <TaskInstance: tutorial_taskflow_api_etl_virtualenv.transform manual__2022-06-26T07:41:35.711569+00:00 [running]> on host 818d02ed7c36
[2022-06-26 07:41:41,155] {taskinstance.py:1448} INFO - Exporting the following env vars:
AIRFLOW_CTX_DAG_OWNER=***
AIRFLOW_CTX_DAG_ID=tutorial_taskflow_api_etl_virtualenv
AIRFLOW_CTX_TASK_ID=transform
AIRFLOW_CTX_EXECUTION_DATE=2022-06-26T07:41:35.711569+00:00
AIRFLOW_CTX_DAG_RUN_ID=manual__2022-06-26T07:41:35.711569+00:00
[2022-06-26 07:41:41,156] {python.py:175} INFO - Done. Returned value was: {'total_order_value': 1236.7}
[2022-06-26 07:41:41,173] {taskinstance.py:1288} INFO - Marking task as SUCCESS. dag_id=tutorial_taskflow_api_etl_virtualenv, task_id=transform, execution_date=20220626T074135, start_date=20220626T074141, end_date=20220626T074141
[2022-06-26 07:41:41,183] {local_task_job.py:154} INFO - Task exited with return code 0
[2022-06-26 07:41:41,202] {local_task_job.py:264} INFO - 1 downstream tasks scheduled from follow-on schedule check
