[2022-07-12 05:17:27,305] {taskinstance.py:1043} INFO - Dependencies all met for <TaskInstance: example_complex.create_entry_gcs manual__2022-07-12T05:17:25.362660+00:00 [queued]>
[2022-07-12 05:17:27,315] {taskinstance.py:1043} INFO - Dependencies all met for <TaskInstance: example_complex.create_entry_gcs manual__2022-07-12T05:17:25.362660+00:00 [queued]>
[2022-07-12 05:17:27,316] {taskinstance.py:1249} INFO - 
--------------------------------------------------------------------------------
[2022-07-12 05:17:27,316] {taskinstance.py:1250} INFO - Starting attempt 1 of 1
[2022-07-12 05:17:27,316] {taskinstance.py:1251} INFO - 
--------------------------------------------------------------------------------
[2022-07-12 05:17:27,327] {taskinstance.py:1270} INFO - Executing <Task(BashOperator): create_entry_gcs> on 2022-07-12 05:17:25.362660+00:00
[2022-07-12 05:17:27,333] {standard_task_runner.py:52} INFO - Started process 98 to run task
[2022-07-12 05:17:27,336] {standard_task_runner.py:79} INFO - Running: ['***', 'tasks', 'run', 'example_complex', 'create_entry_gcs', 'manual__2022-07-12T05:17:25.362660+00:00', '--job-id', '4', '--raw', '--subdir', 'DAGS_FOLDER/complex_task.py', '--cfg-path', '/tmp/tmp6_lw5qrw', '--error-file', '/tmp/tmpvf255qkx']
[2022-07-12 05:17:27,336] {standard_task_runner.py:80} INFO - Job 4: Subtask create_entry_gcs
[2022-07-12 05:17:27,391] {logging_mixin.py:109} INFO - Running <TaskInstance: example_complex.create_entry_gcs manual__2022-07-12T05:17:25.362660+00:00 [running]> on host 4b3cd1d754ba
[2022-07-12 05:17:27,437] {taskinstance.py:1448} INFO - Exporting the following env vars:
AIRFLOW_CTX_DAG_OWNER=***
AIRFLOW_CTX_DAG_ID=example_complex
AIRFLOW_CTX_TASK_ID=create_entry_gcs
AIRFLOW_CTX_EXECUTION_DATE=2022-07-12T05:17:25.362660+00:00
AIRFLOW_CTX_DAG_RUN_ID=manual__2022-07-12T05:17:25.362660+00:00
[2022-07-12 05:17:27,439] {subprocess.py:62} INFO - Tmp dir root location: 
 /tmp
[2022-07-12 05:17:27,439] {subprocess.py:74} INFO - Running command: ['bash', '-c', 'echo create_entry_gcs']
[2022-07-12 05:17:27,451] {subprocess.py:85} INFO - Output:
[2022-07-12 05:17:27,452] {subprocess.py:89} INFO - create_entry_gcs
[2022-07-12 05:17:27,452] {subprocess.py:93} INFO - Command exited with return code 0
[2022-07-12 05:17:27,484] {taskinstance.py:1288} INFO - Marking task as SUCCESS. dag_id=example_complex, task_id=create_entry_gcs, execution_date=20220712T051725, start_date=20220712T051727, end_date=20220712T051727
[2022-07-12 05:17:27,507] {local_task_job.py:154} INFO - Task exited with return code 0
[2022-07-12 05:17:27,560] {local_task_job.py:264} INFO - 6 downstream tasks scheduled from follow-on schedule check
