[2022-07-11 08:34:34,071] {taskinstance.py:1043} INFO - Dependencies all met for <TaskInstance: example_complex.delete_tag manual__2022-07-11T08:34:25.102423+00:00 [queued]>
[2022-07-11 08:34:34,084] {taskinstance.py:1043} INFO - Dependencies all met for <TaskInstance: example_complex.delete_tag manual__2022-07-11T08:34:25.102423+00:00 [queued]>
[2022-07-11 08:34:34,084] {taskinstance.py:1249} INFO - 
--------------------------------------------------------------------------------
[2022-07-11 08:34:34,084] {taskinstance.py:1250} INFO - Starting attempt 1 of 1
[2022-07-11 08:34:34,084] {taskinstance.py:1251} INFO - 
--------------------------------------------------------------------------------
[2022-07-11 08:34:34,096] {taskinstance.py:1270} INFO - Executing <Task(BashOperator): delete_tag> on 2022-07-11 08:34:25.102423+00:00
[2022-07-11 08:34:34,104] {standard_task_runner.py:52} INFO - Started process 3756 to run task
[2022-07-11 08:34:34,107] {standard_task_runner.py:79} INFO - Running: ['***', 'tasks', 'run', 'example_complex', 'delete_tag', 'manual__2022-07-11T08:34:25.102423+00:00', '--job-id', '34', '--raw', '--subdir', '/home/***/.local/lib/python3.7/site-packages/***/example_dags/example_complex.py', '--cfg-path', '/tmp/tmpx_4ta_lz', '--error-file', '/tmp/tmpow924mcx']
[2022-07-11 08:34:34,108] {standard_task_runner.py:80} INFO - Job 34: Subtask delete_tag
[2022-07-11 08:34:34,169] {logging_mixin.py:109} INFO - Running <TaskInstance: example_complex.delete_tag manual__2022-07-11T08:34:25.102423+00:00 [running]> on host 1f92e2add508
[2022-07-11 08:34:34,216] {taskinstance.py:1448} INFO - Exporting the following env vars:
AIRFLOW_CTX_DAG_OWNER=***
AIRFLOW_CTX_DAG_ID=example_complex
AIRFLOW_CTX_TASK_ID=delete_tag
AIRFLOW_CTX_EXECUTION_DATE=2022-07-11T08:34:25.102423+00:00
AIRFLOW_CTX_DAG_RUN_ID=manual__2022-07-11T08:34:25.102423+00:00
[2022-07-11 08:34:34,217] {subprocess.py:62} INFO - Tmp dir root location: 
 /tmp
[2022-07-11 08:34:34,217] {subprocess.py:74} INFO - Running command: ['bash', '-c', 'echo delete_tag']
[2022-07-11 08:34:34,228] {subprocess.py:85} INFO - Output:
[2022-07-11 08:34:34,230] {subprocess.py:89} INFO - delete_tag
[2022-07-11 08:34:34,231] {subprocess.py:93} INFO - Command exited with return code 0
[2022-07-11 08:34:34,253] {taskinstance.py:1288} INFO - Marking task as SUCCESS. dag_id=example_complex, task_id=delete_tag, execution_date=20220711T083425, start_date=20220711T083434, end_date=20220711T083434
[2022-07-11 08:34:34,285] {local_task_job.py:154} INFO - Task exited with return code 0
[2022-07-11 08:34:34,332] {local_task_job.py:264} INFO - 1 downstream tasks scheduled from follow-on schedule check
