[2022-07-08 05:12:54,318] {taskinstance.py:1043} INFO - Dependencies all met for <TaskInstance: example_complex.get_entry_group manual__2022-07-08T05:12:51.766586+00:00 [queued]>
[2022-07-08 05:12:54,337] {taskinstance.py:1043} INFO - Dependencies all met for <TaskInstance: example_complex.get_entry_group manual__2022-07-08T05:12:51.766586+00:00 [queued]>
[2022-07-08 05:12:54,338] {taskinstance.py:1249} INFO - 
--------------------------------------------------------------------------------
[2022-07-08 05:12:54,338] {taskinstance.py:1250} INFO - Starting attempt 1 of 1
[2022-07-08 05:12:54,339] {taskinstance.py:1251} INFO - 
--------------------------------------------------------------------------------
[2022-07-08 05:12:54,360] {taskinstance.py:1270} INFO - Executing <Task(BashOperator): get_entry_group> on 2022-07-08 05:12:51.766586+00:00
[2022-07-08 05:12:54,364] {standard_task_runner.py:52} INFO - Started process 1756 to run task
[2022-07-08 05:12:54,367] {standard_task_runner.py:79} INFO - Running: ['***', 'tasks', 'run', 'example_complex', 'get_entry_group', 'manual__2022-07-08T05:12:51.766586+00:00', '--job-id', '10', '--raw', '--subdir', '/home/***/.local/lib/python3.7/site-packages/***/example_dags/example_complex.py', '--cfg-path', '/tmp/tmpsd3unnc_', '--error-file', '/tmp/tmpxadhtsmw']
[2022-07-08 05:12:54,367] {standard_task_runner.py:80} INFO - Job 10: Subtask get_entry_group
[2022-07-08 05:12:54,435] {logging_mixin.py:109} INFO - Running <TaskInstance: example_complex.get_entry_group manual__2022-07-08T05:12:51.766586+00:00 [running]> on host 6a15fbc57503
[2022-07-08 05:12:54,539] {taskinstance.py:1448} INFO - Exporting the following env vars:
AIRFLOW_CTX_DAG_OWNER=***
AIRFLOW_CTX_DAG_ID=example_complex
AIRFLOW_CTX_TASK_ID=get_entry_group
AIRFLOW_CTX_EXECUTION_DATE=2022-07-08T05:12:51.766586+00:00
AIRFLOW_CTX_DAG_RUN_ID=manual__2022-07-08T05:12:51.766586+00:00
[2022-07-08 05:12:54,539] {subprocess.py:62} INFO - Tmp dir root location: 
 /tmp
[2022-07-08 05:12:54,540] {subprocess.py:74} INFO - Running command: ['bash', '-c', 'echo get_entry_group']
[2022-07-08 05:12:54,552] {subprocess.py:85} INFO - Output:
[2022-07-08 05:12:54,553] {subprocess.py:89} INFO - get_entry_group
[2022-07-08 05:12:54,553] {subprocess.py:93} INFO - Command exited with return code 0
[2022-07-08 05:12:54,583] {taskinstance.py:1288} INFO - Marking task as SUCCESS. dag_id=example_complex, task_id=get_entry_group, execution_date=20220708T051251, start_date=20220708T051254, end_date=20220708T051254
[2022-07-08 05:12:54,621] {local_task_job.py:154} INFO - Task exited with return code 0
[2022-07-08 05:12:54,656] {local_task_job.py:264} INFO - 1 downstream tasks scheduled from follow-on schedule check
