[2022-07-08 05:23:03,911] {taskinstance.py:1043} INFO - Dependencies all met for <TaskInstance: example_complex.delete_tag manual__2022-07-08T05:22:51.064014+00:00 [queued]>
[2022-07-08 05:23:03,922] {taskinstance.py:1043} INFO - Dependencies all met for <TaskInstance: example_complex.delete_tag manual__2022-07-08T05:22:51.064014+00:00 [queued]>
[2022-07-08 05:23:03,922] {taskinstance.py:1249} INFO - 
--------------------------------------------------------------------------------
[2022-07-08 05:23:03,922] {taskinstance.py:1250} INFO - Starting attempt 1 of 1
[2022-07-08 05:23:03,922] {taskinstance.py:1251} INFO - 
--------------------------------------------------------------------------------
[2022-07-08 05:23:03,931] {taskinstance.py:1270} INFO - Executing <Task(BashOperator): delete_tag> on 2022-07-08 05:22:51.064014+00:00
[2022-07-08 05:23:03,935] {standard_task_runner.py:52} INFO - Started process 2632 to run task
[2022-07-08 05:23:03,937] {standard_task_runner.py:79} INFO - Running: ['***', 'tasks', 'run', 'example_complex', 'delete_tag', 'manual__2022-07-08T05:22:51.064014+00:00', '--job-id', '144', '--raw', '--subdir', 'DAGS_FOLDER/complex_task.py', '--cfg-path', '/tmp/tmpiabfqs52', '--error-file', '/tmp/tmpz9l1kzez']
[2022-07-08 05:23:03,938] {standard_task_runner.py:80} INFO - Job 144: Subtask delete_tag
[2022-07-08 05:23:03,984] {logging_mixin.py:109} INFO - Running <TaskInstance: example_complex.delete_tag manual__2022-07-08T05:22:51.064014+00:00 [running]> on host 6a15fbc57503
[2022-07-08 05:23:04,078] {taskinstance.py:1448} INFO - Exporting the following env vars:
AIRFLOW_CTX_DAG_OWNER=***
AIRFLOW_CTX_DAG_ID=example_complex
AIRFLOW_CTX_TASK_ID=delete_tag
AIRFLOW_CTX_EXECUTION_DATE=2022-07-08T05:22:51.064014+00:00
AIRFLOW_CTX_DAG_RUN_ID=manual__2022-07-08T05:22:51.064014+00:00
[2022-07-08 05:23:04,079] {subprocess.py:62} INFO - Tmp dir root location: 
 /tmp
[2022-07-08 05:23:04,079] {subprocess.py:74} INFO - Running command: ['bash', '-c', 'echo delete_tag']
[2022-07-08 05:23:04,089] {subprocess.py:85} INFO - Output:
[2022-07-08 05:23:04,090] {subprocess.py:89} INFO - delete_tag
[2022-07-08 05:23:04,091] {subprocess.py:93} INFO - Command exited with return code 0
[2022-07-08 05:23:04,112] {taskinstance.py:1288} INFO - Marking task as SUCCESS. dag_id=example_complex, task_id=delete_tag, execution_date=20220708T052251, start_date=20220708T052303, end_date=20220708T052304
[2022-07-08 05:23:04,150] {local_task_job.py:154} INFO - Task exited with return code 0
[2022-07-08 05:23:04,179] {local_task_job.py:264} INFO - 1 downstream tasks scheduled from follow-on schedule check
