[2022-06-27 08:50:01,136] {taskinstance.py:1043} INFO - Dependencies all met for <TaskInstance: first_airflow_dag.get_datetime scheduled__2022-06-27T08:49:00+00:00 [queued]>
[2022-06-27 08:50:01,143] {taskinstance.py:1043} INFO - Dependencies all met for <TaskInstance: first_airflow_dag.get_datetime scheduled__2022-06-27T08:49:00+00:00 [queued]>
[2022-06-27 08:50:01,143] {taskinstance.py:1249} INFO - 
--------------------------------------------------------------------------------
[2022-06-27 08:50:01,143] {taskinstance.py:1250} INFO - Starting attempt 1 of 1
[2022-06-27 08:50:01,143] {taskinstance.py:1251} INFO - 
--------------------------------------------------------------------------------
[2022-06-27 08:50:01,150] {taskinstance.py:1270} INFO - Executing <Task(BashOperator): get_datetime> on 2022-06-27 08:49:00+00:00
[2022-06-27 08:50:01,155] {standard_task_runner.py:52} INFO - Started process 6268 to run task
[2022-06-27 08:50:01,157] {standard_task_runner.py:79} INFO - Running: ['***', 'tasks', 'run', 'first_***_dag', 'get_datetime', 'scheduled__2022-06-27T08:49:00+00:00', '--job-id', '183', '--raw', '--subdir', 'DAGS_FOLDER/firstdemo.py', '--cfg-path', '/tmp/tmpllilmwtj', '--error-file', '/tmp/tmp8o5glfer']
[2022-06-27 08:50:01,158] {standard_task_runner.py:80} INFO - Job 183: Subtask get_datetime
[2022-06-27 08:50:01,191] {logging_mixin.py:109} INFO - Running <TaskInstance: first_***_dag.get_datetime scheduled__2022-06-27T08:49:00+00:00 [running]> on host f32f6d4577d5
[2022-06-27 08:50:01,232] {taskinstance.py:1448} INFO - Exporting the following env vars:
AIRFLOW_CTX_DAG_OWNER=***
AIRFLOW_CTX_DAG_ID=first_***_dag
AIRFLOW_CTX_TASK_ID=get_datetime
AIRFLOW_CTX_EXECUTION_DATE=2022-06-27T08:49:00+00:00
AIRFLOW_CTX_DAG_RUN_ID=scheduled__2022-06-27T08:49:00+00:00
[2022-06-27 08:50:01,233] {subprocess.py:62} INFO - Tmp dir root location: 
 /tmp
[2022-06-27 08:50:01,234] {subprocess.py:74} INFO - Running command: ['bash', '-c', 'date']
[2022-06-27 08:50:01,244] {subprocess.py:85} INFO - Output:
[2022-06-27 08:50:01,246] {subprocess.py:89} INFO - Mon Jun 27 08:50:01 UTC 2022
[2022-06-27 08:50:01,246] {subprocess.py:93} INFO - Command exited with return code 0
[2022-06-27 08:50:01,262] {taskinstance.py:1288} INFO - Marking task as SUCCESS. dag_id=first_***_dag, task_id=get_datetime, execution_date=20220627T084900, start_date=20220627T085001, end_date=20220627T085001
[2022-06-27 08:50:01,289] {local_task_job.py:154} INFO - Task exited with return code 0
[2022-06-27 08:50:01,307] {local_task_job.py:264} INFO - 0 downstream tasks scheduled from follow-on schedule check
