[2022-07-08 13:40:31,960] {taskinstance.py:1043} INFO - Dependencies all met for <TaskInstance: example_complex.list_tags_result manual__2022-07-08T13:40:23.747219+00:00 [queued]>
[2022-07-08 13:40:31,968] {taskinstance.py:1043} INFO - Dependencies all met for <TaskInstance: example_complex.list_tags_result manual__2022-07-08T13:40:23.747219+00:00 [queued]>
[2022-07-08 13:40:31,968] {taskinstance.py:1249} INFO - 
--------------------------------------------------------------------------------
[2022-07-08 13:40:31,968] {taskinstance.py:1250} INFO - Starting attempt 1 of 1
[2022-07-08 13:40:31,968] {taskinstance.py:1251} INFO - 
--------------------------------------------------------------------------------
[2022-07-08 13:40:31,975] {taskinstance.py:1270} INFO - Executing <Task(BashOperator): list_tags_result> on 2022-07-08 13:40:23.747219+00:00
[2022-07-08 13:40:31,979] {standard_task_runner.py:52} INFO - Started process 868 to run task
[2022-07-08 13:40:31,982] {standard_task_runner.py:79} INFO - Running: ['***', 'tasks', 'run', 'example_complex', 'list_tags_result', 'manual__2022-07-08T13:40:23.747219+00:00', '--job-id', '45', '--raw', '--subdir', 'DAGS_FOLDER/complex_task.py', '--cfg-path', '/tmp/tmpefk5h4eu', '--error-file', '/tmp/tmp7z178ep8']
[2022-07-08 13:40:31,982] {standard_task_runner.py:80} INFO - Job 45: Subtask list_tags_result
[2022-07-08 13:40:32,014] {logging_mixin.py:109} INFO - Running <TaskInstance: example_complex.list_tags_result manual__2022-07-08T13:40:23.747219+00:00 [running]> on host 18ea9465fe18
[2022-07-08 13:40:32,049] {taskinstance.py:1448} INFO - Exporting the following env vars:
AIRFLOW_CTX_DAG_OWNER=***
AIRFLOW_CTX_DAG_ID=example_complex
AIRFLOW_CTX_TASK_ID=list_tags_result
AIRFLOW_CTX_EXECUTION_DATE=2022-07-08T13:40:23.747219+00:00
AIRFLOW_CTX_DAG_RUN_ID=manual__2022-07-08T13:40:23.747219+00:00
[2022-07-08 13:40:32,050] {subprocess.py:62} INFO - Tmp dir root location: 
 /tmp
[2022-07-08 13:40:32,051] {subprocess.py:74} INFO - Running command: ['bash', '-c', 'echo list_tags_result']
[2022-07-08 13:40:32,060] {subprocess.py:85} INFO - Output:
[2022-07-08 13:40:32,061] {subprocess.py:89} INFO - list_tags_result
[2022-07-08 13:40:32,061] {subprocess.py:93} INFO - Command exited with return code 0
[2022-07-08 13:40:32,078] {taskinstance.py:1288} INFO - Marking task as SUCCESS. dag_id=example_complex, task_id=list_tags_result, execution_date=20220708T134023, start_date=20220708T134031, end_date=20220708T134032
[2022-07-08 13:40:32,113] {local_task_job.py:154} INFO - Task exited with return code 0
[2022-07-08 13:40:32,136] {local_task_job.py:264} INFO - 0 downstream tasks scheduled from follow-on schedule check
