[2022-07-14 13:28:50,353] {processor.py:163} INFO - Started process (PID=46046) to work on /opt/airflow/dags/backfill_example.py
[2022-07-14 13:28:50,354] {processor.py:642} INFO - Processing file /opt/airflow/dags/backfill_example.py for tasks to queue
[2022-07-14 13:28:50,355] {logging_mixin.py:109} INFO - [2022-07-14 13:28:50,355] {dagbag.py:500} INFO - Filling up the DagBag from /opt/airflow/dags/backfill_example.py
[2022-07-14 13:28:50,366] {processor.py:652} INFO - DAG(s) dict_keys(['backfill']) retrieved from /opt/airflow/dags/backfill_example.py
[2022-07-14 13:28:51,728] {logging_mixin.py:109} INFO - [2022-07-14 13:28:51,728] {manager.py:496} INFO - Created Permission View: can read on DAG:backfill
[2022-07-14 13:28:51,733] {logging_mixin.py:109} INFO - [2022-07-14 13:28:51,733] {manager.py:496} INFO - Created Permission View: can edit on DAG:backfill
[2022-07-14 13:28:51,734] {logging_mixin.py:109} INFO - [2022-07-14 13:28:51,733] {dag.py:2398} INFO - Sync 1 DAGs
[2022-07-14 13:28:51,739] {logging_mixin.py:109} INFO - [2022-07-14 13:28:51,738] {dag.py:2417} INFO - Creating ORM DAG for backfill
[2022-07-14 13:28:51,745] {logging_mixin.py:109} INFO - [2022-07-14 13:28:51,745] {dag.py:2937} INFO - Setting next_dagrun for backfill to 2022-07-13 00:00:00+00:00
[2022-07-14 13:28:51,750] {processor.py:171} INFO - Processing /opt/airflow/dags/backfill_example.py took 1.398 seconds
[2022-07-14 13:29:21,816] {processor.py:163} INFO - Started process (PID=46147) to work on /opt/airflow/dags/backfill_example.py
[2022-07-14 13:29:21,816] {processor.py:642} INFO - Processing file /opt/airflow/dags/backfill_example.py for tasks to queue
[2022-07-14 13:29:21,817] {logging_mixin.py:109} INFO - [2022-07-14 13:29:21,816] {dagbag.py:500} INFO - Filling up the DagBag from /opt/airflow/dags/backfill_example.py
[2022-07-14 13:29:21,829] {processor.py:652} INFO - DAG(s) dict_keys(['backfill']) retrieved from /opt/airflow/dags/backfill_example.py
[2022-07-14 13:29:21,845] {logging_mixin.py:109} INFO - [2022-07-14 13:29:21,844] {dag.py:2398} INFO - Sync 1 DAGs
[2022-07-14 13:29:21,857] {logging_mixin.py:109} INFO - [2022-07-14 13:29:21,857] {dag.py:2937} INFO - Setting next_dagrun for backfill to 2022-07-13 00:00:00+00:00
[2022-07-14 13:29:21,863] {processor.py:171} INFO - Processing /opt/airflow/dags/backfill_example.py took 0.049 seconds
[2022-07-14 13:29:51,923] {processor.py:163} INFO - Started process (PID=46232) to work on /opt/airflow/dags/backfill_example.py
[2022-07-14 13:29:51,924] {processor.py:642} INFO - Processing file /opt/airflow/dags/backfill_example.py for tasks to queue
[2022-07-14 13:29:51,924] {logging_mixin.py:109} INFO - [2022-07-14 13:29:51,924] {dagbag.py:500} INFO - Filling up the DagBag from /opt/airflow/dags/backfill_example.py
[2022-07-14 13:29:51,935] {processor.py:652} INFO - DAG(s) dict_keys(['backfill']) retrieved from /opt/airflow/dags/backfill_example.py
[2022-07-14 13:29:51,949] {logging_mixin.py:109} INFO - [2022-07-14 13:29:51,949] {dag.py:2398} INFO - Sync 1 DAGs
[2022-07-14 13:29:51,961] {logging_mixin.py:109} INFO - [2022-07-14 13:29:51,961] {dag.py:2937} INFO - Setting next_dagrun for backfill to 2022-07-13 00:00:00+00:00
[2022-07-14 13:29:51,969] {processor.py:171} INFO - Processing /opt/airflow/dags/backfill_example.py took 0.047 seconds
[2022-07-14 13:30:22,129] {processor.py:163} INFO - Started process (PID=46306) to work on /opt/airflow/dags/backfill_example.py
[2022-07-14 13:30:22,130] {processor.py:642} INFO - Processing file /opt/airflow/dags/backfill_example.py for tasks to queue
[2022-07-14 13:30:22,130] {logging_mixin.py:109} INFO - [2022-07-14 13:30:22,130] {dagbag.py:500} INFO - Filling up the DagBag from /opt/airflow/dags/backfill_example.py
[2022-07-14 13:30:22,141] {processor.py:652} INFO - DAG(s) dict_keys(['backfill']) retrieved from /opt/airflow/dags/backfill_example.py
[2022-07-14 13:30:22,152] {logging_mixin.py:109} INFO - [2022-07-14 13:30:22,152] {dag.py:2398} INFO - Sync 1 DAGs
[2022-07-14 13:30:22,166] {logging_mixin.py:109} INFO - [2022-07-14 13:30:22,166] {dag.py:2937} INFO - Setting next_dagrun for backfill to 2022-07-13 00:00:00+00:00
[2022-07-14 13:30:22,173] {processor.py:171} INFO - Processing /opt/airflow/dags/backfill_example.py took 0.046 seconds
[2022-07-14 13:30:52,339] {processor.py:163} INFO - Started process (PID=46390) to work on /opt/airflow/dags/backfill_example.py
[2022-07-14 13:30:52,339] {processor.py:642} INFO - Processing file /opt/airflow/dags/backfill_example.py for tasks to queue
[2022-07-14 13:30:52,340] {logging_mixin.py:109} INFO - [2022-07-14 13:30:52,340] {dagbag.py:500} INFO - Filling up the DagBag from /opt/airflow/dags/backfill_example.py
[2022-07-14 13:30:52,350] {processor.py:652} INFO - DAG(s) dict_keys(['backfill']) retrieved from /opt/airflow/dags/backfill_example.py
[2022-07-14 13:30:52,364] {logging_mixin.py:109} INFO - [2022-07-14 13:30:52,364] {dag.py:2398} INFO - Sync 1 DAGs
[2022-07-14 13:30:52,377] {logging_mixin.py:109} INFO - [2022-07-14 13:30:52,377] {dag.py:2937} INFO - Setting next_dagrun for backfill to 2022-07-13 00:00:00+00:00
[2022-07-14 13:30:52,382] {processor.py:171} INFO - Processing /opt/airflow/dags/backfill_example.py took 0.045 seconds
[2022-07-14 13:31:22,442] {processor.py:163} INFO - Started process (PID=46473) to work on /opt/airflow/dags/backfill_example.py
[2022-07-14 13:31:22,442] {processor.py:642} INFO - Processing file /opt/airflow/dags/backfill_example.py for tasks to queue
[2022-07-14 13:31:22,443] {logging_mixin.py:109} INFO - [2022-07-14 13:31:22,443] {dagbag.py:500} INFO - Filling up the DagBag from /opt/airflow/dags/backfill_example.py
[2022-07-14 13:31:22,452] {processor.py:652} INFO - DAG(s) dict_keys(['backfill']) retrieved from /opt/airflow/dags/backfill_example.py
[2022-07-14 13:31:22,465] {logging_mixin.py:109} INFO - [2022-07-14 13:31:22,464] {dag.py:2398} INFO - Sync 1 DAGs
[2022-07-14 13:31:22,479] {logging_mixin.py:109} INFO - [2022-07-14 13:31:22,479] {dag.py:2937} INFO - Setting next_dagrun for backfill to 2022-07-13 00:00:00+00:00
[2022-07-14 13:31:22,485] {processor.py:171} INFO - Processing /opt/airflow/dags/backfill_example.py took 0.045 seconds
[2022-07-14 13:31:52,773] {processor.py:163} INFO - Started process (PID=46547) to work on /opt/airflow/dags/backfill_example.py
[2022-07-14 13:31:52,774] {processor.py:642} INFO - Processing file /opt/airflow/dags/backfill_example.py for tasks to queue
[2022-07-14 13:31:52,774] {logging_mixin.py:109} INFO - [2022-07-14 13:31:52,774] {dagbag.py:500} INFO - Filling up the DagBag from /opt/airflow/dags/backfill_example.py
[2022-07-14 13:31:52,792] {processor.py:652} INFO - DAG(s) dict_keys(['backfill']) retrieved from /opt/airflow/dags/backfill_example.py
[2022-07-14 13:31:52,809] {logging_mixin.py:109} INFO - [2022-07-14 13:31:52,809] {dag.py:2398} INFO - Sync 1 DAGs
[2022-07-14 13:31:52,826] {logging_mixin.py:109} INFO - [2022-07-14 13:31:52,826] {dag.py:2937} INFO - Setting next_dagrun for backfill to 2022-07-13 00:00:00+00:00
[2022-07-14 13:31:52,834] {processor.py:171} INFO - Processing /opt/airflow/dags/backfill_example.py took 0.062 seconds
[2022-07-14 13:32:22,941] {processor.py:163} INFO - Started process (PID=46630) to work on /opt/airflow/dags/backfill_example.py
[2022-07-14 13:32:22,942] {processor.py:642} INFO - Processing file /opt/airflow/dags/backfill_example.py for tasks to queue
[2022-07-14 13:32:22,942] {logging_mixin.py:109} INFO - [2022-07-14 13:32:22,942] {dagbag.py:500} INFO - Filling up the DagBag from /opt/airflow/dags/backfill_example.py
[2022-07-14 13:32:22,953] {processor.py:652} INFO - DAG(s) dict_keys(['backfill']) retrieved from /opt/airflow/dags/backfill_example.py
[2022-07-14 13:32:22,969] {logging_mixin.py:109} INFO - [2022-07-14 13:32:22,969] {dag.py:2398} INFO - Sync 1 DAGs
[2022-07-14 13:32:22,983] {logging_mixin.py:109} INFO - [2022-07-14 13:32:22,983] {dag.py:2937} INFO - Setting next_dagrun for backfill to 2022-07-13 00:00:00+00:00
[2022-07-14 13:32:22,991] {processor.py:171} INFO - Processing /opt/airflow/dags/backfill_example.py took 0.051 seconds
[2022-07-14 13:32:53,261] {processor.py:163} INFO - Started process (PID=46704) to work on /opt/airflow/dags/backfill_example.py
[2022-07-14 13:32:53,262] {processor.py:642} INFO - Processing file /opt/airflow/dags/backfill_example.py for tasks to queue
[2022-07-14 13:32:53,262] {logging_mixin.py:109} INFO - [2022-07-14 13:32:53,262] {dagbag.py:500} INFO - Filling up the DagBag from /opt/airflow/dags/backfill_example.py
[2022-07-14 13:32:53,276] {processor.py:652} INFO - DAG(s) dict_keys(['backfill']) retrieved from /opt/airflow/dags/backfill_example.py
[2022-07-14 13:32:53,292] {logging_mixin.py:109} INFO - [2022-07-14 13:32:53,292] {dag.py:2398} INFO - Sync 1 DAGs
[2022-07-14 13:32:53,310] {logging_mixin.py:109} INFO - [2022-07-14 13:32:53,310] {dag.py:2937} INFO - Setting next_dagrun for backfill to 2022-07-13 00:00:00+00:00
[2022-07-14 13:32:53,321] {processor.py:171} INFO - Processing /opt/airflow/dags/backfill_example.py took 0.062 seconds
[2022-07-14 13:33:23,531] {processor.py:163} INFO - Started process (PID=46789) to work on /opt/airflow/dags/backfill_example.py
[2022-07-14 13:33:23,532] {processor.py:642} INFO - Processing file /opt/airflow/dags/backfill_example.py for tasks to queue
[2022-07-14 13:33:23,532] {logging_mixin.py:109} INFO - [2022-07-14 13:33:23,532] {dagbag.py:500} INFO - Filling up the DagBag from /opt/airflow/dags/backfill_example.py
[2022-07-14 13:33:23,542] {processor.py:652} INFO - DAG(s) dict_keys(['backfill']) retrieved from /opt/airflow/dags/backfill_example.py
[2022-07-14 13:33:23,557] {logging_mixin.py:109} INFO - [2022-07-14 13:33:23,556] {dag.py:2398} INFO - Sync 1 DAGs
[2022-07-14 13:33:23,573] {logging_mixin.py:109} INFO - [2022-07-14 13:33:23,573] {dag.py:2937} INFO - Setting next_dagrun for backfill to 2022-07-13 00:00:00+00:00
[2022-07-14 13:33:23,579] {processor.py:171} INFO - Processing /opt/airflow/dags/backfill_example.py took 0.050 seconds
[2022-07-14 13:33:53,832] {processor.py:163} INFO - Started process (PID=46873) to work on /opt/airflow/dags/backfill_example.py
[2022-07-14 13:33:53,833] {processor.py:642} INFO - Processing file /opt/airflow/dags/backfill_example.py for tasks to queue
[2022-07-14 13:33:53,833] {logging_mixin.py:109} INFO - [2022-07-14 13:33:53,833] {dagbag.py:500} INFO - Filling up the DagBag from /opt/airflow/dags/backfill_example.py
[2022-07-14 13:33:53,842] {processor.py:652} INFO - DAG(s) dict_keys(['backfill']) retrieved from /opt/airflow/dags/backfill_example.py
[2022-07-14 13:33:53,854] {logging_mixin.py:109} INFO - [2022-07-14 13:33:53,854] {dag.py:2398} INFO - Sync 1 DAGs
[2022-07-14 13:33:53,867] {logging_mixin.py:109} INFO - [2022-07-14 13:33:53,867] {dag.py:2937} INFO - Setting next_dagrun for backfill to 2022-07-13 00:00:00+00:00
[2022-07-14 13:33:53,872] {processor.py:171} INFO - Processing /opt/airflow/dags/backfill_example.py took 0.042 seconds
[2022-07-14 13:34:24,690] {processor.py:163} INFO - Started process (PID=46947) to work on /opt/airflow/dags/backfill_example.py
[2022-07-14 13:34:24,691] {processor.py:642} INFO - Processing file /opt/airflow/dags/backfill_example.py for tasks to queue
[2022-07-14 13:34:24,692] {logging_mixin.py:109} INFO - [2022-07-14 13:34:24,692] {dagbag.py:500} INFO - Filling up the DagBag from /opt/airflow/dags/backfill_example.py
[2022-07-14 13:34:24,704] {processor.py:652} INFO - DAG(s) dict_keys(['backfill']) retrieved from /opt/airflow/dags/backfill_example.py
[2022-07-14 13:34:24,722] {logging_mixin.py:109} INFO - [2022-07-14 13:34:24,722] {dag.py:2398} INFO - Sync 1 DAGs
[2022-07-14 13:34:24,738] {logging_mixin.py:109} INFO - [2022-07-14 13:34:24,738] {dag.py:2937} INFO - Setting next_dagrun for backfill to 2022-07-13 00:00:00+00:00
[2022-07-14 13:34:24,744] {processor.py:171} INFO - Processing /opt/airflow/dags/backfill_example.py took 0.056 seconds
[2022-07-14 13:34:54,853] {processor.py:163} INFO - Started process (PID=47031) to work on /opt/airflow/dags/backfill_example.py
[2022-07-14 13:34:54,853] {processor.py:642} INFO - Processing file /opt/airflow/dags/backfill_example.py for tasks to queue
[2022-07-14 13:34:54,854] {logging_mixin.py:109} INFO - [2022-07-14 13:34:54,854] {dagbag.py:500} INFO - Filling up the DagBag from /opt/airflow/dags/backfill_example.py
[2022-07-14 13:34:54,865] {processor.py:652} INFO - DAG(s) dict_keys(['backfill']) retrieved from /opt/airflow/dags/backfill_example.py
[2022-07-14 13:34:54,885] {logging_mixin.py:109} INFO - [2022-07-14 13:34:54,884] {dag.py:2398} INFO - Sync 1 DAGs
[2022-07-14 13:34:54,905] {logging_mixin.py:109} INFO - [2022-07-14 13:34:54,905] {dag.py:2937} INFO - Setting next_dagrun for backfill to 2022-07-13 00:00:00+00:00
[2022-07-14 13:34:54,915] {processor.py:171} INFO - Processing /opt/airflow/dags/backfill_example.py took 0.064 seconds
[2022-07-14 13:35:24,990] {processor.py:163} INFO - Started process (PID=47114) to work on /opt/airflow/dags/backfill_example.py
[2022-07-14 13:35:24,991] {processor.py:642} INFO - Processing file /opt/airflow/dags/backfill_example.py for tasks to queue
[2022-07-14 13:35:24,991] {logging_mixin.py:109} INFO - [2022-07-14 13:35:24,991] {dagbag.py:500} INFO - Filling up the DagBag from /opt/airflow/dags/backfill_example.py
[2022-07-14 13:35:25,003] {processor.py:652} INFO - DAG(s) dict_keys(['backfill']) retrieved from /opt/airflow/dags/backfill_example.py
[2022-07-14 13:35:25,016] {logging_mixin.py:109} INFO - [2022-07-14 13:35:25,016] {dag.py:2398} INFO - Sync 1 DAGs
[2022-07-14 13:35:25,038] {logging_mixin.py:109} INFO - [2022-07-14 13:35:25,038] {dag.py:2937} INFO - Setting next_dagrun for backfill to 2022-07-13 00:00:00+00:00
[2022-07-14 13:35:25,049] {processor.py:171} INFO - Processing /opt/airflow/dags/backfill_example.py took 0.062 seconds
[2022-07-14 13:35:56,038] {processor.py:163} INFO - Started process (PID=47188) to work on /opt/airflow/dags/backfill_example.py
[2022-07-14 13:35:56,039] {processor.py:642} INFO - Processing file /opt/airflow/dags/backfill_example.py for tasks to queue
[2022-07-14 13:35:56,039] {logging_mixin.py:109} INFO - [2022-07-14 13:35:56,039] {dagbag.py:500} INFO - Filling up the DagBag from /opt/airflow/dags/backfill_example.py
[2022-07-14 13:35:56,049] {processor.py:652} INFO - DAG(s) dict_keys(['backfill']) retrieved from /opt/airflow/dags/backfill_example.py
[2022-07-14 13:35:56,060] {logging_mixin.py:109} INFO - [2022-07-14 13:35:56,060] {dag.py:2398} INFO - Sync 1 DAGs
[2022-07-14 13:35:56,071] {logging_mixin.py:109} INFO - [2022-07-14 13:35:56,071] {dag.py:2937} INFO - Setting next_dagrun for backfill to 2022-07-13 00:00:00+00:00
[2022-07-14 13:35:56,076] {processor.py:171} INFO - Processing /opt/airflow/dags/backfill_example.py took 0.040 seconds
[2022-07-14 13:36:26,111] {processor.py:163} INFO - Started process (PID=47272) to work on /opt/airflow/dags/backfill_example.py
[2022-07-14 13:36:26,112] {processor.py:642} INFO - Processing file /opt/airflow/dags/backfill_example.py for tasks to queue
[2022-07-14 13:36:26,112] {logging_mixin.py:109} INFO - [2022-07-14 13:36:26,112] {dagbag.py:500} INFO - Filling up the DagBag from /opt/airflow/dags/backfill_example.py
[2022-07-14 13:36:26,122] {processor.py:652} INFO - DAG(s) dict_keys(['backfill']) retrieved from /opt/airflow/dags/backfill_example.py
[2022-07-14 13:36:26,137] {logging_mixin.py:109} INFO - [2022-07-14 13:36:26,137] {dag.py:2398} INFO - Sync 1 DAGs
[2022-07-14 13:36:26,155] {logging_mixin.py:109} INFO - [2022-07-14 13:36:26,155] {dag.py:2937} INFO - Setting next_dagrun for backfill to 2022-07-13 00:00:00+00:00
[2022-07-14 13:36:26,161] {processor.py:171} INFO - Processing /opt/airflow/dags/backfill_example.py took 0.052 seconds
[2022-07-14 13:36:56,485] {processor.py:163} INFO - Started process (PID=47346) to work on /opt/airflow/dags/backfill_example.py
[2022-07-14 13:36:56,486] {processor.py:642} INFO - Processing file /opt/airflow/dags/backfill_example.py for tasks to queue
[2022-07-14 13:36:56,486] {logging_mixin.py:109} INFO - [2022-07-14 13:36:56,486] {dagbag.py:500} INFO - Filling up the DagBag from /opt/airflow/dags/backfill_example.py
[2022-07-14 13:36:56,495] {processor.py:652} INFO - DAG(s) dict_keys(['backfill']) retrieved from /opt/airflow/dags/backfill_example.py
[2022-07-14 13:36:56,507] {logging_mixin.py:109} INFO - [2022-07-14 13:36:56,507] {dag.py:2398} INFO - Sync 1 DAGs
[2022-07-14 13:36:56,519] {logging_mixin.py:109} INFO - [2022-07-14 13:36:56,519] {dag.py:2937} INFO - Setting next_dagrun for backfill to 2022-07-13 00:00:00+00:00
[2022-07-14 13:36:56,524] {processor.py:171} INFO - Processing /opt/airflow/dags/backfill_example.py took 0.041 seconds
[2022-07-14 13:37:27,114] {processor.py:163} INFO - Started process (PID=47429) to work on /opt/airflow/dags/backfill_example.py
[2022-07-14 13:37:27,115] {processor.py:642} INFO - Processing file /opt/airflow/dags/backfill_example.py for tasks to queue
[2022-07-14 13:37:27,115] {logging_mixin.py:109} INFO - [2022-07-14 13:37:27,115] {dagbag.py:500} INFO - Filling up the DagBag from /opt/airflow/dags/backfill_example.py
[2022-07-14 13:37:27,125] {processor.py:652} INFO - DAG(s) dict_keys(['backfill']) retrieved from /opt/airflow/dags/backfill_example.py
[2022-07-14 13:37:27,139] {logging_mixin.py:109} INFO - [2022-07-14 13:37:27,139] {dag.py:2398} INFO - Sync 1 DAGs
[2022-07-14 13:37:27,152] {logging_mixin.py:109} INFO - [2022-07-14 13:37:27,152] {dag.py:2937} INFO - Setting next_dagrun for backfill to 2022-07-13 00:00:00+00:00
[2022-07-14 13:37:27,158] {processor.py:171} INFO - Processing /opt/airflow/dags/backfill_example.py took 0.046 seconds
[2022-07-14 13:37:57,330] {processor.py:163} INFO - Started process (PID=47511) to work on /opt/airflow/dags/backfill_example.py
[2022-07-14 13:37:57,330] {processor.py:642} INFO - Processing file /opt/airflow/dags/backfill_example.py for tasks to queue
[2022-07-14 13:37:57,331] {logging_mixin.py:109} INFO - [2022-07-14 13:37:57,331] {dagbag.py:500} INFO - Filling up the DagBag from /opt/airflow/dags/backfill_example.py
[2022-07-14 13:37:57,345] {processor.py:652} INFO - DAG(s) dict_keys(['backfill']) retrieved from /opt/airflow/dags/backfill_example.py
[2022-07-14 13:37:57,360] {logging_mixin.py:109} INFO - [2022-07-14 13:37:57,360] {dag.py:2398} INFO - Sync 1 DAGs
[2022-07-14 13:37:57,378] {logging_mixin.py:109} INFO - [2022-07-14 13:37:57,378] {dag.py:2937} INFO - Setting next_dagrun for backfill to 2022-07-13 00:00:00+00:00
[2022-07-14 13:37:57,384] {processor.py:171} INFO - Processing /opt/airflow/dags/backfill_example.py took 0.057 seconds
[2022-07-14 13:38:27,457] {processor.py:163} INFO - Started process (PID=47588) to work on /opt/airflow/dags/backfill_example.py
[2022-07-14 13:38:27,460] {processor.py:642} INFO - Processing file /opt/airflow/dags/backfill_example.py for tasks to queue
[2022-07-14 13:38:27,461] {logging_mixin.py:109} INFO - [2022-07-14 13:38:27,461] {dagbag.py:500} INFO - Filling up the DagBag from /opt/airflow/dags/backfill_example.py
[2022-07-14 13:38:27,475] {processor.py:652} INFO - DAG(s) dict_keys(['backfill']) retrieved from /opt/airflow/dags/backfill_example.py
[2022-07-14 13:38:27,486] {logging_mixin.py:109} INFO - [2022-07-14 13:38:27,486] {dag.py:2398} INFO - Sync 1 DAGs
[2022-07-14 13:38:27,498] {logging_mixin.py:109} INFO - [2022-07-14 13:38:27,498] {dag.py:2937} INFO - Setting next_dagrun for backfill to 2022-07-13 00:00:00+00:00
[2022-07-14 13:38:27,503] {processor.py:171} INFO - Processing /opt/airflow/dags/backfill_example.py took 0.051 seconds
[2022-07-14 13:38:57,635] {processor.py:163} INFO - Started process (PID=47672) to work on /opt/airflow/dags/backfill_example.py
[2022-07-14 13:38:57,637] {processor.py:642} INFO - Processing file /opt/airflow/dags/backfill_example.py for tasks to queue
[2022-07-14 13:38:57,637] {logging_mixin.py:109} INFO - [2022-07-14 13:38:57,637] {dagbag.py:500} INFO - Filling up the DagBag from /opt/airflow/dags/backfill_example.py
[2022-07-14 13:38:57,648] {processor.py:652} INFO - DAG(s) dict_keys(['backfill']) retrieved from /opt/airflow/dags/backfill_example.py
[2022-07-14 13:38:57,660] {logging_mixin.py:109} INFO - [2022-07-14 13:38:57,660] {dag.py:2398} INFO - Sync 1 DAGs
[2022-07-14 13:38:57,671] {logging_mixin.py:109} INFO - [2022-07-14 13:38:57,671] {dag.py:2937} INFO - Setting next_dagrun for backfill to 2022-07-13 00:00:00+00:00
[2022-07-14 13:38:57,675] {processor.py:171} INFO - Processing /opt/airflow/dags/backfill_example.py took 0.043 seconds
[2022-07-14 13:39:27,773] {processor.py:163} INFO - Started process (PID=47746) to work on /opt/airflow/dags/backfill_example.py
[2022-07-14 13:39:27,774] {processor.py:642} INFO - Processing file /opt/airflow/dags/backfill_example.py for tasks to queue
[2022-07-14 13:39:27,774] {logging_mixin.py:109} INFO - [2022-07-14 13:39:27,774] {dagbag.py:500} INFO - Filling up the DagBag from /opt/airflow/dags/backfill_example.py
[2022-07-14 13:39:27,785] {processor.py:652} INFO - DAG(s) dict_keys(['backfill']) retrieved from /opt/airflow/dags/backfill_example.py
[2022-07-14 13:39:27,801] {logging_mixin.py:109} INFO - [2022-07-14 13:39:27,801] {dag.py:2398} INFO - Sync 1 DAGs
[2022-07-14 13:39:27,814] {logging_mixin.py:109} INFO - [2022-07-14 13:39:27,814] {dag.py:2937} INFO - Setting next_dagrun for backfill to 2022-07-13 00:00:00+00:00
[2022-07-14 13:39:27,820] {processor.py:171} INFO - Processing /opt/airflow/dags/backfill_example.py took 0.049 seconds
[2022-07-14 13:39:58,238] {processor.py:163} INFO - Started process (PID=47829) to work on /opt/airflow/dags/backfill_example.py
[2022-07-14 13:39:58,240] {processor.py:642} INFO - Processing file /opt/airflow/dags/backfill_example.py for tasks to queue
[2022-07-14 13:39:58,240] {logging_mixin.py:109} INFO - [2022-07-14 13:39:58,240] {dagbag.py:500} INFO - Filling up the DagBag from /opt/airflow/dags/backfill_example.py
[2022-07-14 13:39:58,251] {processor.py:652} INFO - DAG(s) dict_keys(['backfill']) retrieved from /opt/airflow/dags/backfill_example.py
[2022-07-14 13:39:58,263] {logging_mixin.py:109} INFO - [2022-07-14 13:39:58,263] {dag.py:2398} INFO - Sync 1 DAGs
[2022-07-14 13:39:58,274] {logging_mixin.py:109} INFO - [2022-07-14 13:39:58,274] {dag.py:2937} INFO - Setting next_dagrun for backfill to 2022-07-13 00:00:00+00:00
[2022-07-14 13:39:58,279] {processor.py:171} INFO - Processing /opt/airflow/dags/backfill_example.py took 0.043 seconds
[2022-07-14 13:40:28,360] {processor.py:163} INFO - Started process (PID=47903) to work on /opt/airflow/dags/backfill_example.py
[2022-07-14 13:40:28,361] {processor.py:642} INFO - Processing file /opt/airflow/dags/backfill_example.py for tasks to queue
[2022-07-14 13:40:28,362] {logging_mixin.py:109} INFO - [2022-07-14 13:40:28,361] {dagbag.py:500} INFO - Filling up the DagBag from /opt/airflow/dags/backfill_example.py
[2022-07-14 13:40:28,372] {processor.py:652} INFO - DAG(s) dict_keys(['backfill']) retrieved from /opt/airflow/dags/backfill_example.py
[2022-07-14 13:40:28,386] {logging_mixin.py:109} INFO - [2022-07-14 13:40:28,385] {dag.py:2398} INFO - Sync 1 DAGs
[2022-07-14 13:40:28,400] {logging_mixin.py:109} INFO - [2022-07-14 13:40:28,400] {dag.py:2937} INFO - Setting next_dagrun for backfill to 2022-07-13 00:00:00+00:00
[2022-07-14 13:40:28,409] {processor.py:171} INFO - Processing /opt/airflow/dags/backfill_example.py took 0.050 seconds
[2022-07-14 13:40:58,600] {processor.py:163} INFO - Started process (PID=47987) to work on /opt/airflow/dags/backfill_example.py
[2022-07-14 13:40:58,602] {processor.py:642} INFO - Processing file /opt/airflow/dags/backfill_example.py for tasks to queue
[2022-07-14 13:40:58,602] {logging_mixin.py:109} INFO - [2022-07-14 13:40:58,602] {dagbag.py:500} INFO - Filling up the DagBag from /opt/airflow/dags/backfill_example.py
[2022-07-14 13:40:58,615] {processor.py:652} INFO - DAG(s) dict_keys(['backfill']) retrieved from /opt/airflow/dags/backfill_example.py
[2022-07-14 13:40:58,632] {logging_mixin.py:109} INFO - [2022-07-14 13:40:58,632] {dag.py:2398} INFO - Sync 1 DAGs
[2022-07-14 13:40:58,652] {logging_mixin.py:109} INFO - [2022-07-14 13:40:58,652] {dag.py:2937} INFO - Setting next_dagrun for backfill to 2022-07-13 00:00:00+00:00
[2022-07-14 13:40:58,659] {processor.py:171} INFO - Processing /opt/airflow/dags/backfill_example.py took 0.061 seconds
[2022-07-14 13:41:28,877] {processor.py:163} INFO - Started process (PID=48072) to work on /opt/airflow/dags/backfill_example.py
[2022-07-14 13:41:28,878] {processor.py:642} INFO - Processing file /opt/airflow/dags/backfill_example.py for tasks to queue
[2022-07-14 13:41:28,878] {logging_mixin.py:109} INFO - [2022-07-14 13:41:28,878] {dagbag.py:500} INFO - Filling up the DagBag from /opt/airflow/dags/backfill_example.py
[2022-07-14 13:41:28,892] {processor.py:652} INFO - DAG(s) dict_keys(['backfill']) retrieved from /opt/airflow/dags/backfill_example.py
[2022-07-14 13:41:28,906] {logging_mixin.py:109} INFO - [2022-07-14 13:41:28,906] {dag.py:2398} INFO - Sync 1 DAGs
[2022-07-14 13:41:28,921] {logging_mixin.py:109} INFO - [2022-07-14 13:41:28,921] {dag.py:2937} INFO - Setting next_dagrun for backfill to 2022-07-13 00:00:00+00:00
[2022-07-14 13:41:28,929] {processor.py:171} INFO - Processing /opt/airflow/dags/backfill_example.py took 0.053 seconds
[2022-07-14 13:41:59,336] {processor.py:163} INFO - Started process (PID=48148) to work on /opt/airflow/dags/backfill_example.py
[2022-07-14 13:41:59,337] {processor.py:642} INFO - Processing file /opt/airflow/dags/backfill_example.py for tasks to queue
[2022-07-14 13:41:59,337] {logging_mixin.py:109} INFO - [2022-07-14 13:41:59,337] {dagbag.py:500} INFO - Filling up the DagBag from /opt/airflow/dags/backfill_example.py
[2022-07-14 13:41:59,346] {processor.py:652} INFO - DAG(s) dict_keys(['backfill']) retrieved from /opt/airflow/dags/backfill_example.py
[2022-07-14 13:41:59,359] {logging_mixin.py:109} INFO - [2022-07-14 13:41:59,359] {dag.py:2398} INFO - Sync 1 DAGs
[2022-07-14 13:41:59,371] {logging_mixin.py:109} INFO - [2022-07-14 13:41:59,371] {dag.py:2937} INFO - Setting next_dagrun for backfill to 2022-07-13 00:00:00+00:00
[2022-07-14 13:41:59,376] {processor.py:171} INFO - Processing /opt/airflow/dags/backfill_example.py took 0.042 seconds
[2022-07-14 13:42:29,822] {processor.py:163} INFO - Started process (PID=48231) to work on /opt/airflow/dags/backfill_example.py
[2022-07-14 13:42:29,823] {processor.py:642} INFO - Processing file /opt/airflow/dags/backfill_example.py for tasks to queue
[2022-07-14 13:42:29,823] {logging_mixin.py:109} INFO - [2022-07-14 13:42:29,823] {dagbag.py:500} INFO - Filling up the DagBag from /opt/airflow/dags/backfill_example.py
[2022-07-14 13:42:29,832] {processor.py:652} INFO - DAG(s) dict_keys(['backfill']) retrieved from /opt/airflow/dags/backfill_example.py
[2022-07-14 13:42:29,845] {logging_mixin.py:109} INFO - [2022-07-14 13:42:29,845] {dag.py:2398} INFO - Sync 1 DAGs
[2022-07-14 13:42:29,857] {logging_mixin.py:109} INFO - [2022-07-14 13:42:29,857] {dag.py:2937} INFO - Setting next_dagrun for backfill to 2022-07-13 00:00:00+00:00
[2022-07-14 13:42:29,865] {processor.py:171} INFO - Processing /opt/airflow/dags/backfill_example.py took 0.044 seconds
[2022-07-14 13:43:00,015] {processor.py:163} INFO - Started process (PID=48305) to work on /opt/airflow/dags/backfill_example.py
[2022-07-14 13:43:00,017] {processor.py:642} INFO - Processing file /opt/airflow/dags/backfill_example.py for tasks to queue
[2022-07-14 13:43:00,018] {logging_mixin.py:109} INFO - [2022-07-14 13:43:00,018] {dagbag.py:500} INFO - Filling up the DagBag from /opt/airflow/dags/backfill_example.py
[2022-07-14 13:43:00,030] {processor.py:652} INFO - DAG(s) dict_keys(['backfill']) retrieved from /opt/airflow/dags/backfill_example.py
[2022-07-14 13:43:00,044] {logging_mixin.py:109} INFO - [2022-07-14 13:43:00,043] {dag.py:2398} INFO - Sync 1 DAGs
[2022-07-14 13:43:00,058] {logging_mixin.py:109} INFO - [2022-07-14 13:43:00,058] {dag.py:2937} INFO - Setting next_dagrun for backfill to 2022-07-13 00:00:00+00:00
[2022-07-14 13:43:00,063] {processor.py:171} INFO - Processing /opt/airflow/dags/backfill_example.py took 0.051 seconds
[2022-07-14 13:43:30,290] {processor.py:163} INFO - Started process (PID=48390) to work on /opt/airflow/dags/backfill_example.py
[2022-07-14 13:43:30,290] {processor.py:642} INFO - Processing file /opt/airflow/dags/backfill_example.py for tasks to queue
[2022-07-14 13:43:30,291] {logging_mixin.py:109} INFO - [2022-07-14 13:43:30,290] {dagbag.py:500} INFO - Filling up the DagBag from /opt/airflow/dags/backfill_example.py
[2022-07-14 13:43:30,300] {processor.py:652} INFO - DAG(s) dict_keys(['backfill']) retrieved from /opt/airflow/dags/backfill_example.py
[2022-07-14 13:43:30,312] {logging_mixin.py:109} INFO - [2022-07-14 13:43:30,312] {dag.py:2398} INFO - Sync 1 DAGs
[2022-07-14 13:43:30,325] {logging_mixin.py:109} INFO - [2022-07-14 13:43:30,325] {dag.py:2937} INFO - Setting next_dagrun for backfill to 2022-07-13 00:00:00+00:00
[2022-07-14 13:43:30,331] {processor.py:171} INFO - Processing /opt/airflow/dags/backfill_example.py took 0.044 seconds
[2022-07-14 13:44:00,585] {processor.py:163} INFO - Started process (PID=48464) to work on /opt/airflow/dags/backfill_example.py
[2022-07-14 13:44:00,585] {processor.py:642} INFO - Processing file /opt/airflow/dags/backfill_example.py for tasks to queue
[2022-07-14 13:44:00,586] {logging_mixin.py:109} INFO - [2022-07-14 13:44:00,586] {dagbag.py:500} INFO - Filling up the DagBag from /opt/airflow/dags/backfill_example.py
[2022-07-14 13:44:00,595] {processor.py:652} INFO - DAG(s) dict_keys(['backfill']) retrieved from /opt/airflow/dags/backfill_example.py
[2022-07-14 13:44:00,616] {logging_mixin.py:109} INFO - [2022-07-14 13:44:00,616] {dag.py:2398} INFO - Sync 1 DAGs
[2022-07-14 13:44:00,649] {logging_mixin.py:109} INFO - [2022-07-14 13:44:00,649] {dag.py:2937} INFO - Setting next_dagrun for backfill to 2022-07-13 00:00:00+00:00
[2022-07-14 13:44:00,658] {processor.py:171} INFO - Processing /opt/airflow/dags/backfill_example.py took 0.076 seconds
[2022-07-14 13:44:30,775] {processor.py:163} INFO - Started process (PID=48549) to work on /opt/airflow/dags/backfill_example.py
[2022-07-14 13:44:30,777] {processor.py:642} INFO - Processing file /opt/airflow/dags/backfill_example.py for tasks to queue
[2022-07-14 13:44:30,778] {logging_mixin.py:109} INFO - [2022-07-14 13:44:30,778] {dagbag.py:500} INFO - Filling up the DagBag from /opt/airflow/dags/backfill_example.py
[2022-07-14 13:44:30,791] {processor.py:652} INFO - DAG(s) dict_keys(['backfill']) retrieved from /opt/airflow/dags/backfill_example.py
[2022-07-14 13:44:30,804] {logging_mixin.py:109} INFO - [2022-07-14 13:44:30,803] {dag.py:2398} INFO - Sync 1 DAGs
[2022-07-14 13:44:30,816] {logging_mixin.py:109} INFO - [2022-07-14 13:44:30,816] {dag.py:2937} INFO - Setting next_dagrun for backfill to 2022-07-13 00:00:00+00:00
[2022-07-14 13:44:30,821] {processor.py:171} INFO - Processing /opt/airflow/dags/backfill_example.py took 0.050 seconds
[2022-07-14 13:45:01,065] {processor.py:163} INFO - Started process (PID=48633) to work on /opt/airflow/dags/backfill_example.py
[2022-07-14 13:45:01,065] {processor.py:642} INFO - Processing file /opt/airflow/dags/backfill_example.py for tasks to queue
[2022-07-14 13:45:01,066] {logging_mixin.py:109} INFO - [2022-07-14 13:45:01,066] {dagbag.py:500} INFO - Filling up the DagBag from /opt/airflow/dags/backfill_example.py
[2022-07-14 13:45:01,077] {processor.py:652} INFO - DAG(s) dict_keys(['backfill']) retrieved from /opt/airflow/dags/backfill_example.py
[2022-07-14 13:45:01,094] {logging_mixin.py:109} INFO - [2022-07-14 13:45:01,094] {dag.py:2398} INFO - Sync 1 DAGs
[2022-07-14 13:45:01,110] {logging_mixin.py:109} INFO - [2022-07-14 13:45:01,110] {dag.py:2937} INFO - Setting next_dagrun for backfill to 2022-07-13 00:00:00+00:00
[2022-07-14 13:45:01,116] {processor.py:171} INFO - Processing /opt/airflow/dags/backfill_example.py took 0.053 seconds
[2022-07-14 13:45:31,532] {processor.py:163} INFO - Started process (PID=48707) to work on /opt/airflow/dags/backfill_example.py
[2022-07-14 13:45:31,533] {processor.py:642} INFO - Processing file /opt/airflow/dags/backfill_example.py for tasks to queue
[2022-07-14 13:45:31,533] {logging_mixin.py:109} INFO - [2022-07-14 13:45:31,533] {dagbag.py:500} INFO - Filling up the DagBag from /opt/airflow/dags/backfill_example.py
[2022-07-14 13:45:31,543] {processor.py:652} INFO - DAG(s) dict_keys(['backfill']) retrieved from /opt/airflow/dags/backfill_example.py
[2022-07-14 13:45:31,554] {logging_mixin.py:109} INFO - [2022-07-14 13:45:31,554] {dag.py:2398} INFO - Sync 1 DAGs
[2022-07-14 13:45:31,565] {logging_mixin.py:109} INFO - [2022-07-14 13:45:31,565] {dag.py:2937} INFO - Setting next_dagrun for backfill to 2022-07-13 00:00:00+00:00
[2022-07-14 13:45:31,570] {processor.py:171} INFO - Processing /opt/airflow/dags/backfill_example.py took 0.039 seconds
[2022-07-14 13:46:01,700] {processor.py:163} INFO - Started process (PID=48791) to work on /opt/airflow/dags/backfill_example.py
[2022-07-14 13:46:01,702] {processor.py:642} INFO - Processing file /opt/airflow/dags/backfill_example.py for tasks to queue
[2022-07-14 13:46:01,702] {logging_mixin.py:109} INFO - [2022-07-14 13:46:01,702] {dagbag.py:500} INFO - Filling up the DagBag from /opt/airflow/dags/backfill_example.py
[2022-07-14 13:46:01,712] {processor.py:652} INFO - DAG(s) dict_keys(['backfill']) retrieved from /opt/airflow/dags/backfill_example.py
[2022-07-14 13:46:01,726] {logging_mixin.py:109} INFO - [2022-07-14 13:46:01,726] {dag.py:2398} INFO - Sync 1 DAGs
[2022-07-14 13:46:01,741] {logging_mixin.py:109} INFO - [2022-07-14 13:46:01,741] {dag.py:2937} INFO - Setting next_dagrun for backfill to 2022-07-13 00:00:00+00:00
[2022-07-14 13:46:01,748] {processor.py:171} INFO - Processing /opt/airflow/dags/backfill_example.py took 0.051 seconds
[2022-07-14 13:46:31,816] {processor.py:163} INFO - Started process (PID=48865) to work on /opt/airflow/dags/backfill_example.py
[2022-07-14 13:46:31,816] {processor.py:642} INFO - Processing file /opt/airflow/dags/backfill_example.py for tasks to queue
[2022-07-14 13:46:31,817] {logging_mixin.py:109} INFO - [2022-07-14 13:46:31,817] {dagbag.py:500} INFO - Filling up the DagBag from /opt/airflow/dags/backfill_example.py
[2022-07-14 13:46:31,826] {processor.py:652} INFO - DAG(s) dict_keys(['backfill']) retrieved from /opt/airflow/dags/backfill_example.py
[2022-07-14 13:46:31,839] {logging_mixin.py:109} INFO - [2022-07-14 13:46:31,839] {dag.py:2398} INFO - Sync 1 DAGs
[2022-07-14 13:46:31,852] {logging_mixin.py:109} INFO - [2022-07-14 13:46:31,851] {dag.py:2937} INFO - Setting next_dagrun for backfill to 2022-07-13 00:00:00+00:00
[2022-07-14 13:46:31,858] {processor.py:171} INFO - Processing /opt/airflow/dags/backfill_example.py took 0.044 seconds
[2022-07-14 13:47:02,065] {processor.py:163} INFO - Started process (PID=48949) to work on /opt/airflow/dags/backfill_example.py
[2022-07-14 13:47:02,066] {processor.py:642} INFO - Processing file /opt/airflow/dags/backfill_example.py for tasks to queue
[2022-07-14 13:47:02,066] {logging_mixin.py:109} INFO - [2022-07-14 13:47:02,066] {dagbag.py:500} INFO - Filling up the DagBag from /opt/airflow/dags/backfill_example.py
[2022-07-14 13:47:02,076] {processor.py:652} INFO - DAG(s) dict_keys(['backfill']) retrieved from /opt/airflow/dags/backfill_example.py
[2022-07-14 13:47:02,088] {logging_mixin.py:109} INFO - [2022-07-14 13:47:02,088] {dag.py:2398} INFO - Sync 1 DAGs
[2022-07-14 13:47:02,101] {logging_mixin.py:109} INFO - [2022-07-14 13:47:02,101] {dag.py:2937} INFO - Setting next_dagrun for backfill to 2022-07-13 00:00:00+00:00
[2022-07-14 13:47:02,108] {processor.py:171} INFO - Processing /opt/airflow/dags/backfill_example.py took 0.044 seconds
[2022-07-14 13:47:32,404] {processor.py:163} INFO - Started process (PID=49032) to work on /opt/airflow/dags/backfill_example.py
[2022-07-14 13:47:32,405] {processor.py:642} INFO - Processing file /opt/airflow/dags/backfill_example.py for tasks to queue
[2022-07-14 13:47:32,406] {logging_mixin.py:109} INFO - [2022-07-14 13:47:32,406] {dagbag.py:500} INFO - Filling up the DagBag from /opt/airflow/dags/backfill_example.py
[2022-07-14 13:47:32,433] {processor.py:652} INFO - DAG(s) dict_keys(['backfill']) retrieved from /opt/airflow/dags/backfill_example.py
[2022-07-14 13:47:32,453] {logging_mixin.py:109} INFO - [2022-07-14 13:47:32,453] {dag.py:2398} INFO - Sync 1 DAGs
[2022-07-14 13:47:32,470] {logging_mixin.py:109} INFO - [2022-07-14 13:47:32,470] {dag.py:2937} INFO - Setting next_dagrun for backfill to 2022-07-13 00:00:00+00:00
[2022-07-14 13:47:32,483] {processor.py:171} INFO - Processing /opt/airflow/dags/backfill_example.py took 0.081 seconds
[2022-07-14 13:48:02,722] {processor.py:163} INFO - Started process (PID=49111) to work on /opt/airflow/dags/backfill_example.py
[2022-07-14 13:48:02,723] {processor.py:642} INFO - Processing file /opt/airflow/dags/backfill_example.py for tasks to queue
[2022-07-14 13:48:02,723] {logging_mixin.py:109} INFO - [2022-07-14 13:48:02,723] {dagbag.py:500} INFO - Filling up the DagBag from /opt/airflow/dags/backfill_example.py
[2022-07-14 13:48:02,735] {processor.py:652} INFO - DAG(s) dict_keys(['backfill']) retrieved from /opt/airflow/dags/backfill_example.py
[2022-07-14 13:48:02,748] {logging_mixin.py:109} INFO - [2022-07-14 13:48:02,748] {dag.py:2398} INFO - Sync 1 DAGs
[2022-07-14 13:48:02,761] {logging_mixin.py:109} INFO - [2022-07-14 13:48:02,761] {dag.py:2937} INFO - Setting next_dagrun for backfill to 2022-07-13 00:00:00+00:00
[2022-07-14 13:48:02,766] {processor.py:171} INFO - Processing /opt/airflow/dags/backfill_example.py took 0.046 seconds
[2022-07-14 13:48:32,992] {processor.py:163} INFO - Started process (PID=49194) to work on /opt/airflow/dags/backfill_example.py
[2022-07-14 13:48:32,992] {processor.py:642} INFO - Processing file /opt/airflow/dags/backfill_example.py for tasks to queue
[2022-07-14 13:48:32,993] {logging_mixin.py:109} INFO - [2022-07-14 13:48:32,993] {dagbag.py:500} INFO - Filling up the DagBag from /opt/airflow/dags/backfill_example.py
[2022-07-14 13:48:33,002] {processor.py:652} INFO - DAG(s) dict_keys(['backfill']) retrieved from /opt/airflow/dags/backfill_example.py
[2022-07-14 13:48:33,013] {logging_mixin.py:109} INFO - [2022-07-14 13:48:33,013] {dag.py:2398} INFO - Sync 1 DAGs
[2022-07-14 13:48:33,025] {logging_mixin.py:109} INFO - [2022-07-14 13:48:33,025] {dag.py:2937} INFO - Setting next_dagrun for backfill to 2022-07-13 00:00:00+00:00
[2022-07-14 13:48:33,031] {processor.py:171} INFO - Processing /opt/airflow/dags/backfill_example.py took 0.041 seconds
[2022-07-14 13:49:03,212] {processor.py:163} INFO - Started process (PID=49268) to work on /opt/airflow/dags/backfill_example.py
[2022-07-14 13:49:03,213] {processor.py:642} INFO - Processing file /opt/airflow/dags/backfill_example.py for tasks to queue
[2022-07-14 13:49:03,214] {logging_mixin.py:109} INFO - [2022-07-14 13:49:03,214] {dagbag.py:500} INFO - Filling up the DagBag from /opt/airflow/dags/backfill_example.py
[2022-07-14 13:49:03,224] {processor.py:652} INFO - DAG(s) dict_keys(['backfill']) retrieved from /opt/airflow/dags/backfill_example.py
[2022-07-14 13:49:03,236] {logging_mixin.py:109} INFO - [2022-07-14 13:49:03,236] {dag.py:2398} INFO - Sync 1 DAGs
[2022-07-14 13:49:03,249] {logging_mixin.py:109} INFO - [2022-07-14 13:49:03,249] {dag.py:2937} INFO - Setting next_dagrun for backfill to 2022-07-13 00:00:00+00:00
[2022-07-14 13:49:03,254] {processor.py:171} INFO - Processing /opt/airflow/dags/backfill_example.py took 0.045 seconds
[2022-07-14 13:49:33,281] {processor.py:163} INFO - Started process (PID=49349) to work on /opt/airflow/dags/backfill_example.py
[2022-07-14 13:49:33,283] {processor.py:642} INFO - Processing file /opt/airflow/dags/backfill_example.py for tasks to queue
[2022-07-14 13:49:33,284] {logging_mixin.py:109} INFO - [2022-07-14 13:49:33,284] {dagbag.py:500} INFO - Filling up the DagBag from /opt/airflow/dags/backfill_example.py
[2022-07-14 13:49:33,299] {processor.py:652} INFO - DAG(s) dict_keys(['backfill']) retrieved from /opt/airflow/dags/backfill_example.py
[2022-07-14 13:49:33,312] {logging_mixin.py:109} INFO - [2022-07-14 13:49:33,312] {dag.py:2398} INFO - Sync 1 DAGs
[2022-07-14 13:49:33,324] {logging_mixin.py:109} INFO - [2022-07-14 13:49:33,324] {dag.py:2937} INFO - Setting next_dagrun for backfill to 2022-07-13 00:00:00+00:00
[2022-07-14 13:49:33,330] {processor.py:171} INFO - Processing /opt/airflow/dags/backfill_example.py took 0.054 seconds
