[2022-07-14 13:28:46,566] {processor.py:163} INFO - Started process (PID=46017) to work on /opt/airflow/dags/etl_demo.py
[2022-07-14 13:28:46,567] {processor.py:642} INFO - Processing file /opt/airflow/dags/etl_demo.py for tasks to queue
[2022-07-14 13:28:46,567] {logging_mixin.py:109} INFO - [2022-07-14 13:28:46,567] {dagbag.py:500} INFO - Filling up the DagBag from /opt/airflow/dags/etl_demo.py
[2022-07-14 13:28:46,576] {processor.py:652} INFO - DAG(s) dict_keys(['my_etl_example']) retrieved from /opt/airflow/dags/etl_demo.py
[2022-07-14 13:28:50,103] {logging_mixin.py:109} INFO - [2022-07-14 13:28:50,103] {manager.py:496} INFO - Created Permission View: can read on DAG:my_etl_example
[2022-07-14 13:28:50,109] {logging_mixin.py:109} INFO - [2022-07-14 13:28:50,108] {manager.py:496} INFO - Created Permission View: can edit on DAG:my_etl_example
[2022-07-14 13:28:50,109] {logging_mixin.py:109} INFO - [2022-07-14 13:28:50,109] {dag.py:2398} INFO - Sync 1 DAGs
[2022-07-14 13:28:50,114] {logging_mixin.py:109} INFO - [2022-07-14 13:28:50,114] {dag.py:2417} INFO - Creating ORM DAG for my_etl_example
[2022-07-14 13:28:50,122] {logging_mixin.py:109} INFO - [2022-07-14 13:28:50,122] {dag.py:2937} INFO - Setting next_dagrun for my_etl_example to None
[2022-07-14 13:28:50,133] {processor.py:171} INFO - Processing /opt/airflow/dags/etl_demo.py took 3.569 seconds
[2022-07-14 13:29:20,697] {processor.py:163} INFO - Started process (PID=46143) to work on /opt/airflow/dags/etl_demo.py
[2022-07-14 13:29:20,699] {processor.py:642} INFO - Processing file /opt/airflow/dags/etl_demo.py for tasks to queue
[2022-07-14 13:29:20,699] {logging_mixin.py:109} INFO - [2022-07-14 13:29:20,699] {dagbag.py:500} INFO - Filling up the DagBag from /opt/airflow/dags/etl_demo.py
[2022-07-14 13:29:20,709] {processor.py:652} INFO - DAG(s) dict_keys(['my_etl_example']) retrieved from /opt/airflow/dags/etl_demo.py
[2022-07-14 13:29:20,722] {logging_mixin.py:109} INFO - [2022-07-14 13:29:20,721] {dag.py:2398} INFO - Sync 1 DAGs
[2022-07-14 13:29:20,735] {logging_mixin.py:109} INFO - [2022-07-14 13:29:20,735] {dag.py:2937} INFO - Setting next_dagrun for my_etl_example to None
[2022-07-14 13:29:20,742] {processor.py:171} INFO - Processing /opt/airflow/dags/etl_demo.py took 0.047 seconds
[2022-07-14 13:29:50,759] {processor.py:163} INFO - Started process (PID=46227) to work on /opt/airflow/dags/etl_demo.py
[2022-07-14 13:29:50,760] {processor.py:642} INFO - Processing file /opt/airflow/dags/etl_demo.py for tasks to queue
[2022-07-14 13:29:50,761] {logging_mixin.py:109} INFO - [2022-07-14 13:29:50,761] {dagbag.py:500} INFO - Filling up the DagBag from /opt/airflow/dags/etl_demo.py
[2022-07-14 13:29:50,773] {processor.py:652} INFO - DAG(s) dict_keys(['my_etl_example']) retrieved from /opt/airflow/dags/etl_demo.py
[2022-07-14 13:29:50,784] {logging_mixin.py:109} INFO - [2022-07-14 13:29:50,784] {dag.py:2398} INFO - Sync 1 DAGs
[2022-07-14 13:29:50,793] {logging_mixin.py:109} INFO - [2022-07-14 13:29:50,793] {dag.py:2937} INFO - Setting next_dagrun for my_etl_example to None
[2022-07-14 13:29:50,799] {processor.py:171} INFO - Processing /opt/airflow/dags/etl_demo.py took 0.043 seconds
[2022-07-14 13:30:21,032] {processor.py:163} INFO - Started process (PID=46301) to work on /opt/airflow/dags/etl_demo.py
[2022-07-14 13:30:21,033] {processor.py:642} INFO - Processing file /opt/airflow/dags/etl_demo.py for tasks to queue
[2022-07-14 13:30:21,033] {logging_mixin.py:109} INFO - [2022-07-14 13:30:21,033] {dagbag.py:500} INFO - Filling up the DagBag from /opt/airflow/dags/etl_demo.py
[2022-07-14 13:30:21,045] {processor.py:652} INFO - DAG(s) dict_keys(['my_etl_example']) retrieved from /opt/airflow/dags/etl_demo.py
[2022-07-14 13:30:21,060] {logging_mixin.py:109} INFO - [2022-07-14 13:30:21,060] {dag.py:2398} INFO - Sync 1 DAGs
[2022-07-14 13:30:21,074] {logging_mixin.py:109} INFO - [2022-07-14 13:30:21,074] {dag.py:2937} INFO - Setting next_dagrun for my_etl_example to None
[2022-07-14 13:30:21,079] {processor.py:171} INFO - Processing /opt/airflow/dags/etl_demo.py took 0.051 seconds
[2022-07-14 13:30:51,248] {processor.py:163} INFO - Started process (PID=46385) to work on /opt/airflow/dags/etl_demo.py
[2022-07-14 13:30:51,250] {processor.py:642} INFO - Processing file /opt/airflow/dags/etl_demo.py for tasks to queue
[2022-07-14 13:30:51,250] {logging_mixin.py:109} INFO - [2022-07-14 13:30:51,250] {dagbag.py:500} INFO - Filling up the DagBag from /opt/airflow/dags/etl_demo.py
[2022-07-14 13:30:51,260] {processor.py:652} INFO - DAG(s) dict_keys(['my_etl_example']) retrieved from /opt/airflow/dags/etl_demo.py
[2022-07-14 13:30:51,272] {logging_mixin.py:109} INFO - [2022-07-14 13:30:51,272] {dag.py:2398} INFO - Sync 1 DAGs
[2022-07-14 13:30:51,281] {logging_mixin.py:109} INFO - [2022-07-14 13:30:51,281] {dag.py:2937} INFO - Setting next_dagrun for my_etl_example to None
[2022-07-14 13:30:51,287] {processor.py:171} INFO - Processing /opt/airflow/dags/etl_demo.py took 0.042 seconds
[2022-07-14 13:31:21,345] {processor.py:163} INFO - Started process (PID=46468) to work on /opt/airflow/dags/etl_demo.py
[2022-07-14 13:31:21,347] {processor.py:642} INFO - Processing file /opt/airflow/dags/etl_demo.py for tasks to queue
[2022-07-14 13:31:21,347] {logging_mixin.py:109} INFO - [2022-07-14 13:31:21,347] {dagbag.py:500} INFO - Filling up the DagBag from /opt/airflow/dags/etl_demo.py
[2022-07-14 13:31:21,356] {processor.py:652} INFO - DAG(s) dict_keys(['my_etl_example']) retrieved from /opt/airflow/dags/etl_demo.py
[2022-07-14 13:31:21,369] {logging_mixin.py:109} INFO - [2022-07-14 13:31:21,369] {dag.py:2398} INFO - Sync 1 DAGs
[2022-07-14 13:31:21,382] {logging_mixin.py:109} INFO - [2022-07-14 13:31:21,382] {dag.py:2937} INFO - Setting next_dagrun for my_etl_example to None
[2022-07-14 13:31:21,388] {processor.py:171} INFO - Processing /opt/airflow/dags/etl_demo.py took 0.045 seconds
[2022-07-14 13:31:51,644] {processor.py:163} INFO - Started process (PID=46542) to work on /opt/airflow/dags/etl_demo.py
[2022-07-14 13:31:51,646] {processor.py:642} INFO - Processing file /opt/airflow/dags/etl_demo.py for tasks to queue
[2022-07-14 13:31:51,647] {logging_mixin.py:109} INFO - [2022-07-14 13:31:51,647] {dagbag.py:500} INFO - Filling up the DagBag from /opt/airflow/dags/etl_demo.py
[2022-07-14 13:31:51,658] {processor.py:652} INFO - DAG(s) dict_keys(['my_etl_example']) retrieved from /opt/airflow/dags/etl_demo.py
[2022-07-14 13:31:51,669] {logging_mixin.py:109} INFO - [2022-07-14 13:31:51,669] {dag.py:2398} INFO - Sync 1 DAGs
[2022-07-14 13:31:51,679] {logging_mixin.py:109} INFO - [2022-07-14 13:31:51,679] {dag.py:2937} INFO - Setting next_dagrun for my_etl_example to None
[2022-07-14 13:31:51,684] {processor.py:171} INFO - Processing /opt/airflow/dags/etl_demo.py took 0.044 seconds
[2022-07-14 13:32:21,851] {processor.py:163} INFO - Started process (PID=46625) to work on /opt/airflow/dags/etl_demo.py
[2022-07-14 13:32:21,852] {processor.py:642} INFO - Processing file /opt/airflow/dags/etl_demo.py for tasks to queue
[2022-07-14 13:32:21,853] {logging_mixin.py:109} INFO - [2022-07-14 13:32:21,853] {dagbag.py:500} INFO - Filling up the DagBag from /opt/airflow/dags/etl_demo.py
[2022-07-14 13:32:21,862] {processor.py:652} INFO - DAG(s) dict_keys(['my_etl_example']) retrieved from /opt/airflow/dags/etl_demo.py
[2022-07-14 13:32:21,874] {logging_mixin.py:109} INFO - [2022-07-14 13:32:21,874] {dag.py:2398} INFO - Sync 1 DAGs
[2022-07-14 13:32:21,885] {logging_mixin.py:109} INFO - [2022-07-14 13:32:21,885] {dag.py:2937} INFO - Setting next_dagrun for my_etl_example to None
[2022-07-14 13:32:21,891] {processor.py:171} INFO - Processing /opt/airflow/dags/etl_demo.py took 0.042 seconds
[2022-07-14 13:32:52,143] {processor.py:163} INFO - Started process (PID=46699) to work on /opt/airflow/dags/etl_demo.py
[2022-07-14 13:32:52,143] {processor.py:642} INFO - Processing file /opt/airflow/dags/etl_demo.py for tasks to queue
[2022-07-14 13:32:52,144] {logging_mixin.py:109} INFO - [2022-07-14 13:32:52,144] {dagbag.py:500} INFO - Filling up the DagBag from /opt/airflow/dags/etl_demo.py
[2022-07-14 13:32:52,154] {processor.py:652} INFO - DAG(s) dict_keys(['my_etl_example']) retrieved from /opt/airflow/dags/etl_demo.py
[2022-07-14 13:32:52,167] {logging_mixin.py:109} INFO - [2022-07-14 13:32:52,167] {dag.py:2398} INFO - Sync 1 DAGs
[2022-07-14 13:32:52,180] {logging_mixin.py:109} INFO - [2022-07-14 13:32:52,179] {dag.py:2937} INFO - Setting next_dagrun for my_etl_example to None
[2022-07-14 13:32:52,189] {processor.py:171} INFO - Processing /opt/airflow/dags/etl_demo.py took 0.048 seconds
[2022-07-14 13:33:22,444] {processor.py:163} INFO - Started process (PID=46784) to work on /opt/airflow/dags/etl_demo.py
[2022-07-14 13:33:22,445] {processor.py:642} INFO - Processing file /opt/airflow/dags/etl_demo.py for tasks to queue
[2022-07-14 13:33:22,446] {logging_mixin.py:109} INFO - [2022-07-14 13:33:22,446] {dagbag.py:500} INFO - Filling up the DagBag from /opt/airflow/dags/etl_demo.py
[2022-07-14 13:33:22,456] {processor.py:652} INFO - DAG(s) dict_keys(['my_etl_example']) retrieved from /opt/airflow/dags/etl_demo.py
[2022-07-14 13:33:22,468] {logging_mixin.py:109} INFO - [2022-07-14 13:33:22,467] {dag.py:2398} INFO - Sync 1 DAGs
[2022-07-14 13:33:22,478] {logging_mixin.py:109} INFO - [2022-07-14 13:33:22,478] {dag.py:2937} INFO - Setting next_dagrun for my_etl_example to None
[2022-07-14 13:33:22,484] {processor.py:171} INFO - Processing /opt/airflow/dags/etl_demo.py took 0.043 seconds
[2022-07-14 13:33:52,734] {processor.py:163} INFO - Started process (PID=46868) to work on /opt/airflow/dags/etl_demo.py
[2022-07-14 13:33:52,735] {processor.py:642} INFO - Processing file /opt/airflow/dags/etl_demo.py for tasks to queue
[2022-07-14 13:33:52,736] {logging_mixin.py:109} INFO - [2022-07-14 13:33:52,736] {dagbag.py:500} INFO - Filling up the DagBag from /opt/airflow/dags/etl_demo.py
[2022-07-14 13:33:52,748] {processor.py:652} INFO - DAG(s) dict_keys(['my_etl_example']) retrieved from /opt/airflow/dags/etl_demo.py
[2022-07-14 13:33:52,763] {logging_mixin.py:109} INFO - [2022-07-14 13:33:52,763] {dag.py:2398} INFO - Sync 1 DAGs
[2022-07-14 13:33:52,777] {logging_mixin.py:109} INFO - [2022-07-14 13:33:52,777] {dag.py:2937} INFO - Setting next_dagrun for my_etl_example to None
[2022-07-14 13:33:52,786] {processor.py:171} INFO - Processing /opt/airflow/dags/etl_demo.py took 0.055 seconds
[2022-07-14 13:34:23,591] {processor.py:163} INFO - Started process (PID=46942) to work on /opt/airflow/dags/etl_demo.py
[2022-07-14 13:34:23,597] {processor.py:642} INFO - Processing file /opt/airflow/dags/etl_demo.py for tasks to queue
[2022-07-14 13:34:23,598] {logging_mixin.py:109} INFO - [2022-07-14 13:34:23,598] {dagbag.py:500} INFO - Filling up the DagBag from /opt/airflow/dags/etl_demo.py
[2022-07-14 13:34:23,606] {processor.py:652} INFO - DAG(s) dict_keys(['my_etl_example']) retrieved from /opt/airflow/dags/etl_demo.py
[2022-07-14 13:34:23,618] {logging_mixin.py:109} INFO - [2022-07-14 13:34:23,618] {dag.py:2398} INFO - Sync 1 DAGs
[2022-07-14 13:34:23,631] {logging_mixin.py:109} INFO - [2022-07-14 13:34:23,631] {dag.py:2937} INFO - Setting next_dagrun for my_etl_example to None
[2022-07-14 13:34:23,637] {processor.py:171} INFO - Processing /opt/airflow/dags/etl_demo.py took 0.048 seconds
[2022-07-14 13:34:53,739] {processor.py:163} INFO - Started process (PID=47026) to work on /opt/airflow/dags/etl_demo.py
[2022-07-14 13:34:53,741] {processor.py:642} INFO - Processing file /opt/airflow/dags/etl_demo.py for tasks to queue
[2022-07-14 13:34:53,741] {logging_mixin.py:109} INFO - [2022-07-14 13:34:53,741] {dagbag.py:500} INFO - Filling up the DagBag from /opt/airflow/dags/etl_demo.py
[2022-07-14 13:34:53,752] {processor.py:652} INFO - DAG(s) dict_keys(['my_etl_example']) retrieved from /opt/airflow/dags/etl_demo.py
[2022-07-14 13:34:53,765] {logging_mixin.py:109} INFO - [2022-07-14 13:34:53,765] {dag.py:2398} INFO - Sync 1 DAGs
[2022-07-14 13:34:53,776] {logging_mixin.py:109} INFO - [2022-07-14 13:34:53,775] {dag.py:2937} INFO - Setting next_dagrun for my_etl_example to None
[2022-07-14 13:34:53,781] {processor.py:171} INFO - Processing /opt/airflow/dags/etl_demo.py took 0.045 seconds
[2022-07-14 13:35:23,862] {processor.py:163} INFO - Started process (PID=47100) to work on /opt/airflow/dags/etl_demo.py
[2022-07-14 13:35:23,869] {processor.py:642} INFO - Processing file /opt/airflow/dags/etl_demo.py for tasks to queue
[2022-07-14 13:35:23,869] {logging_mixin.py:109} INFO - [2022-07-14 13:35:23,869] {dagbag.py:500} INFO - Filling up the DagBag from /opt/airflow/dags/etl_demo.py
[2022-07-14 13:35:23,877] {processor.py:652} INFO - DAG(s) dict_keys(['my_etl_example']) retrieved from /opt/airflow/dags/etl_demo.py
[2022-07-14 13:35:23,889] {logging_mixin.py:109} INFO - [2022-07-14 13:35:23,889] {dag.py:2398} INFO - Sync 1 DAGs
[2022-07-14 13:35:23,899] {logging_mixin.py:109} INFO - [2022-07-14 13:35:23,899] {dag.py:2937} INFO - Setting next_dagrun for my_etl_example to None
[2022-07-14 13:35:23,904] {processor.py:171} INFO - Processing /opt/airflow/dags/etl_demo.py took 0.044 seconds
[2022-07-14 13:35:53,934] {processor.py:163} INFO - Started process (PID=47183) to work on /opt/airflow/dags/etl_demo.py
[2022-07-14 13:35:53,936] {processor.py:642} INFO - Processing file /opt/airflow/dags/etl_demo.py for tasks to queue
[2022-07-14 13:35:53,936] {logging_mixin.py:109} INFO - [2022-07-14 13:35:53,936] {dagbag.py:500} INFO - Filling up the DagBag from /opt/airflow/dags/etl_demo.py
[2022-07-14 13:35:53,948] {processor.py:652} INFO - DAG(s) dict_keys(['my_etl_example']) retrieved from /opt/airflow/dags/etl_demo.py
[2022-07-14 13:35:53,962] {logging_mixin.py:109} INFO - [2022-07-14 13:35:53,962] {dag.py:2398} INFO - Sync 1 DAGs
[2022-07-14 13:35:53,972] {logging_mixin.py:109} INFO - [2022-07-14 13:35:53,972] {dag.py:2937} INFO - Setting next_dagrun for my_etl_example to None
[2022-07-14 13:35:53,978] {processor.py:171} INFO - Processing /opt/airflow/dags/etl_demo.py took 0.048 seconds
[2022-07-14 13:36:23,999] {processor.py:163} INFO - Started process (PID=47267) to work on /opt/airflow/dags/etl_demo.py
[2022-07-14 13:36:24,001] {processor.py:642} INFO - Processing file /opt/airflow/dags/etl_demo.py for tasks to queue
[2022-07-14 13:36:24,002] {logging_mixin.py:109} INFO - [2022-07-14 13:36:24,002] {dagbag.py:500} INFO - Filling up the DagBag from /opt/airflow/dags/etl_demo.py
[2022-07-14 13:36:24,013] {processor.py:652} INFO - DAG(s) dict_keys(['my_etl_example']) retrieved from /opt/airflow/dags/etl_demo.py
[2022-07-14 13:36:24,028] {logging_mixin.py:109} INFO - [2022-07-14 13:36:24,028] {dag.py:2398} INFO - Sync 1 DAGs
[2022-07-14 13:36:24,040] {logging_mixin.py:109} INFO - [2022-07-14 13:36:24,040] {dag.py:2937} INFO - Setting next_dagrun for my_etl_example to None
[2022-07-14 13:36:24,046] {processor.py:171} INFO - Processing /opt/airflow/dags/etl_demo.py took 0.050 seconds
[2022-07-14 13:36:54,381] {processor.py:163} INFO - Started process (PID=47341) to work on /opt/airflow/dags/etl_demo.py
[2022-07-14 13:36:54,383] {processor.py:642} INFO - Processing file /opt/airflow/dags/etl_demo.py for tasks to queue
[2022-07-14 13:36:54,384] {logging_mixin.py:109} INFO - [2022-07-14 13:36:54,384] {dagbag.py:500} INFO - Filling up the DagBag from /opt/airflow/dags/etl_demo.py
[2022-07-14 13:36:54,397] {processor.py:652} INFO - DAG(s) dict_keys(['my_etl_example']) retrieved from /opt/airflow/dags/etl_demo.py
[2022-07-14 13:36:54,410] {logging_mixin.py:109} INFO - [2022-07-14 13:36:54,410] {dag.py:2398} INFO - Sync 1 DAGs
[2022-07-14 13:36:54,420] {logging_mixin.py:109} INFO - [2022-07-14 13:36:54,420] {dag.py:2937} INFO - Setting next_dagrun for my_etl_example to None
[2022-07-14 13:36:54,426] {processor.py:171} INFO - Processing /opt/airflow/dags/etl_demo.py took 0.048 seconds
[2022-07-14 13:37:25,002] {processor.py:163} INFO - Started process (PID=47424) to work on /opt/airflow/dags/etl_demo.py
[2022-07-14 13:37:25,003] {processor.py:642} INFO - Processing file /opt/airflow/dags/etl_demo.py for tasks to queue
[2022-07-14 13:37:25,004] {logging_mixin.py:109} INFO - [2022-07-14 13:37:25,004] {dagbag.py:500} INFO - Filling up the DagBag from /opt/airflow/dags/etl_demo.py
[2022-07-14 13:37:25,013] {processor.py:652} INFO - DAG(s) dict_keys(['my_etl_example']) retrieved from /opt/airflow/dags/etl_demo.py
[2022-07-14 13:37:25,026] {logging_mixin.py:109} INFO - [2022-07-14 13:37:25,026] {dag.py:2398} INFO - Sync 1 DAGs
[2022-07-14 13:37:25,037] {logging_mixin.py:109} INFO - [2022-07-14 13:37:25,037] {dag.py:2937} INFO - Setting next_dagrun for my_etl_example to None
[2022-07-14 13:37:25,044] {processor.py:171} INFO - Processing /opt/airflow/dags/etl_demo.py took 0.043 seconds
[2022-07-14 13:37:55,235] {processor.py:163} INFO - Started process (PID=47498) to work on /opt/airflow/dags/etl_demo.py
[2022-07-14 13:37:55,237] {processor.py:642} INFO - Processing file /opt/airflow/dags/etl_demo.py for tasks to queue
[2022-07-14 13:37:55,237] {logging_mixin.py:109} INFO - [2022-07-14 13:37:55,237] {dagbag.py:500} INFO - Filling up the DagBag from /opt/airflow/dags/etl_demo.py
[2022-07-14 13:37:55,248] {processor.py:652} INFO - DAG(s) dict_keys(['my_etl_example']) retrieved from /opt/airflow/dags/etl_demo.py
[2022-07-14 13:37:55,259] {logging_mixin.py:109} INFO - [2022-07-14 13:37:55,259] {dag.py:2398} INFO - Sync 1 DAGs
[2022-07-14 13:37:55,270] {logging_mixin.py:109} INFO - [2022-07-14 13:37:55,270] {dag.py:2937} INFO - Setting next_dagrun for my_etl_example to None
[2022-07-14 13:37:55,275] {processor.py:171} INFO - Processing /opt/airflow/dags/etl_demo.py took 0.043 seconds
[2022-07-14 13:38:25,361] {processor.py:163} INFO - Started process (PID=47584) to work on /opt/airflow/dags/etl_demo.py
[2022-07-14 13:38:25,363] {processor.py:642} INFO - Processing file /opt/airflow/dags/etl_demo.py for tasks to queue
[2022-07-14 13:38:25,363] {logging_mixin.py:109} INFO - [2022-07-14 13:38:25,363] {dagbag.py:500} INFO - Filling up the DagBag from /opt/airflow/dags/etl_demo.py
[2022-07-14 13:38:25,372] {processor.py:652} INFO - DAG(s) dict_keys(['my_etl_example']) retrieved from /opt/airflow/dags/etl_demo.py
[2022-07-14 13:38:25,384] {logging_mixin.py:109} INFO - [2022-07-14 13:38:25,383] {dag.py:2398} INFO - Sync 1 DAGs
[2022-07-14 13:38:25,395] {logging_mixin.py:109} INFO - [2022-07-14 13:38:25,395] {dag.py:2937} INFO - Setting next_dagrun for my_etl_example to None
[2022-07-14 13:38:25,400] {processor.py:171} INFO - Processing /opt/airflow/dags/etl_demo.py took 0.040 seconds
[2022-07-14 13:38:55,538] {processor.py:163} INFO - Started process (PID=47658) to work on /opt/airflow/dags/etl_demo.py
[2022-07-14 13:38:55,539] {processor.py:642} INFO - Processing file /opt/airflow/dags/etl_demo.py for tasks to queue
[2022-07-14 13:38:55,540] {logging_mixin.py:109} INFO - [2022-07-14 13:38:55,540] {dagbag.py:500} INFO - Filling up the DagBag from /opt/airflow/dags/etl_demo.py
[2022-07-14 13:38:55,549] {processor.py:652} INFO - DAG(s) dict_keys(['my_etl_example']) retrieved from /opt/airflow/dags/etl_demo.py
[2022-07-14 13:38:55,563] {logging_mixin.py:109} INFO - [2022-07-14 13:38:55,563] {dag.py:2398} INFO - Sync 1 DAGs
[2022-07-14 13:38:55,573] {logging_mixin.py:109} INFO - [2022-07-14 13:38:55,573] {dag.py:2937} INFO - Setting next_dagrun for my_etl_example to None
[2022-07-14 13:38:55,579] {processor.py:171} INFO - Processing /opt/airflow/dags/etl_demo.py took 0.042 seconds
[2022-07-14 13:39:25,698] {processor.py:163} INFO - Started process (PID=47741) to work on /opt/airflow/dags/etl_demo.py
[2022-07-14 13:39:25,700] {processor.py:642} INFO - Processing file /opt/airflow/dags/etl_demo.py for tasks to queue
[2022-07-14 13:39:25,700] {logging_mixin.py:109} INFO - [2022-07-14 13:39:25,700] {dagbag.py:500} INFO - Filling up the DagBag from /opt/airflow/dags/etl_demo.py
[2022-07-14 13:39:25,715] {processor.py:652} INFO - DAG(s) dict_keys(['my_etl_example']) retrieved from /opt/airflow/dags/etl_demo.py
[2022-07-14 13:39:25,736] {logging_mixin.py:109} INFO - [2022-07-14 13:39:25,736] {dag.py:2398} INFO - Sync 1 DAGs
[2022-07-14 13:39:25,751] {logging_mixin.py:109} INFO - [2022-07-14 13:39:25,751] {dag.py:2937} INFO - Setting next_dagrun for my_etl_example to None
[2022-07-14 13:39:25,758] {processor.py:171} INFO - Processing /opt/airflow/dags/etl_demo.py took 0.062 seconds
[2022-07-14 13:39:56,143] {processor.py:163} INFO - Started process (PID=47824) to work on /opt/airflow/dags/etl_demo.py
[2022-07-14 13:39:56,146] {processor.py:642} INFO - Processing file /opt/airflow/dags/etl_demo.py for tasks to queue
[2022-07-14 13:39:56,147] {logging_mixin.py:109} INFO - [2022-07-14 13:39:56,146] {dagbag.py:500} INFO - Filling up the DagBag from /opt/airflow/dags/etl_demo.py
[2022-07-14 13:39:56,161] {processor.py:652} INFO - DAG(s) dict_keys(['my_etl_example']) retrieved from /opt/airflow/dags/etl_demo.py
[2022-07-14 13:39:56,175] {logging_mixin.py:109} INFO - [2022-07-14 13:39:56,175] {dag.py:2398} INFO - Sync 1 DAGs
[2022-07-14 13:39:56,185] {logging_mixin.py:109} INFO - [2022-07-14 13:39:56,184] {dag.py:2937} INFO - Setting next_dagrun for my_etl_example to None
[2022-07-14 13:39:56,192] {processor.py:171} INFO - Processing /opt/airflow/dags/etl_demo.py took 0.053 seconds
[2022-07-14 13:40:26,256] {processor.py:163} INFO - Started process (PID=47898) to work on /opt/airflow/dags/etl_demo.py
[2022-07-14 13:40:26,256] {processor.py:642} INFO - Processing file /opt/airflow/dags/etl_demo.py for tasks to queue
[2022-07-14 13:40:26,257] {logging_mixin.py:109} INFO - [2022-07-14 13:40:26,257] {dagbag.py:500} INFO - Filling up the DagBag from /opt/airflow/dags/etl_demo.py
[2022-07-14 13:40:26,267] {processor.py:652} INFO - DAG(s) dict_keys(['my_etl_example']) retrieved from /opt/airflow/dags/etl_demo.py
[2022-07-14 13:40:26,280] {logging_mixin.py:109} INFO - [2022-07-14 13:40:26,280] {dag.py:2398} INFO - Sync 1 DAGs
[2022-07-14 13:40:26,290] {logging_mixin.py:109} INFO - [2022-07-14 13:40:26,290] {dag.py:2937} INFO - Setting next_dagrun for my_etl_example to None
[2022-07-14 13:40:26,295] {processor.py:171} INFO - Processing /opt/airflow/dags/etl_demo.py took 0.041 seconds
[2022-07-14 13:40:56,477] {processor.py:163} INFO - Started process (PID=47982) to work on /opt/airflow/dags/etl_demo.py
[2022-07-14 13:40:56,479] {processor.py:642} INFO - Processing file /opt/airflow/dags/etl_demo.py for tasks to queue
[2022-07-14 13:40:56,480] {logging_mixin.py:109} INFO - [2022-07-14 13:40:56,480] {dagbag.py:500} INFO - Filling up the DagBag from /opt/airflow/dags/etl_demo.py
[2022-07-14 13:40:56,497] {processor.py:652} INFO - DAG(s) dict_keys(['my_etl_example']) retrieved from /opt/airflow/dags/etl_demo.py
[2022-07-14 13:40:56,522] {logging_mixin.py:109} INFO - [2022-07-14 13:40:56,522] {dag.py:2398} INFO - Sync 1 DAGs
[2022-07-14 13:40:56,539] {logging_mixin.py:109} INFO - [2022-07-14 13:40:56,539] {dag.py:2937} INFO - Setting next_dagrun for my_etl_example to None
[2022-07-14 13:40:56,547] {processor.py:171} INFO - Processing /opt/airflow/dags/etl_demo.py took 0.073 seconds
[2022-07-14 13:41:26,735] {processor.py:163} INFO - Started process (PID=48058) to work on /opt/airflow/dags/etl_demo.py
[2022-07-14 13:41:26,737] {processor.py:642} INFO - Processing file /opt/airflow/dags/etl_demo.py for tasks to queue
[2022-07-14 13:41:26,738] {logging_mixin.py:109} INFO - [2022-07-14 13:41:26,738] {dagbag.py:500} INFO - Filling up the DagBag from /opt/airflow/dags/etl_demo.py
[2022-07-14 13:41:26,755] {processor.py:652} INFO - DAG(s) dict_keys(['my_etl_example']) retrieved from /opt/airflow/dags/etl_demo.py
[2022-07-14 13:41:26,771] {logging_mixin.py:109} INFO - [2022-07-14 13:41:26,771] {dag.py:2398} INFO - Sync 1 DAGs
[2022-07-14 13:41:26,784] {logging_mixin.py:109} INFO - [2022-07-14 13:41:26,784] {dag.py:2937} INFO - Setting next_dagrun for my_etl_example to None
[2022-07-14 13:41:26,790] {processor.py:171} INFO - Processing /opt/airflow/dags/etl_demo.py took 0.058 seconds
[2022-07-14 13:41:57,224] {processor.py:163} INFO - Started process (PID=48143) to work on /opt/airflow/dags/etl_demo.py
[2022-07-14 13:41:57,231] {processor.py:642} INFO - Processing file /opt/airflow/dags/etl_demo.py for tasks to queue
[2022-07-14 13:41:57,231] {logging_mixin.py:109} INFO - [2022-07-14 13:41:57,231] {dagbag.py:500} INFO - Filling up the DagBag from /opt/airflow/dags/etl_demo.py
[2022-07-14 13:41:57,243] {processor.py:652} INFO - DAG(s) dict_keys(['my_etl_example']) retrieved from /opt/airflow/dags/etl_demo.py
[2022-07-14 13:41:57,257] {logging_mixin.py:109} INFO - [2022-07-14 13:41:57,257] {dag.py:2398} INFO - Sync 1 DAGs
[2022-07-14 13:41:57,268] {logging_mixin.py:109} INFO - [2022-07-14 13:41:57,268] {dag.py:2937} INFO - Setting next_dagrun for my_etl_example to None
[2022-07-14 13:41:57,275] {processor.py:171} INFO - Processing /opt/airflow/dags/etl_demo.py took 0.053 seconds
[2022-07-14 13:42:27,759] {processor.py:163} INFO - Started process (PID=48226) to work on /opt/airflow/dags/etl_demo.py
[2022-07-14 13:42:27,761] {processor.py:642} INFO - Processing file /opt/airflow/dags/etl_demo.py for tasks to queue
[2022-07-14 13:42:27,762] {logging_mixin.py:109} INFO - [2022-07-14 13:42:27,762] {dagbag.py:500} INFO - Filling up the DagBag from /opt/airflow/dags/etl_demo.py
[2022-07-14 13:42:27,772] {processor.py:652} INFO - DAG(s) dict_keys(['my_etl_example']) retrieved from /opt/airflow/dags/etl_demo.py
[2022-07-14 13:42:27,792] {logging_mixin.py:109} INFO - [2022-07-14 13:42:27,792] {dag.py:2398} INFO - Sync 1 DAGs
[2022-07-14 13:42:27,806] {logging_mixin.py:109} INFO - [2022-07-14 13:42:27,806] {dag.py:2937} INFO - Setting next_dagrun for my_etl_example to None
[2022-07-14 13:42:27,817] {processor.py:171} INFO - Processing /opt/airflow/dags/etl_demo.py took 0.060 seconds
[2022-07-14 13:42:57,917] {processor.py:163} INFO - Started process (PID=48301) to work on /opt/airflow/dags/etl_demo.py
[2022-07-14 13:42:57,918] {processor.py:642} INFO - Processing file /opt/airflow/dags/etl_demo.py for tasks to queue
[2022-07-14 13:42:57,919] {logging_mixin.py:109} INFO - [2022-07-14 13:42:57,919] {dagbag.py:500} INFO - Filling up the DagBag from /opt/airflow/dags/etl_demo.py
[2022-07-14 13:42:57,929] {processor.py:652} INFO - DAG(s) dict_keys(['my_etl_example']) retrieved from /opt/airflow/dags/etl_demo.py
[2022-07-14 13:42:57,940] {logging_mixin.py:109} INFO - [2022-07-14 13:42:57,940] {dag.py:2398} INFO - Sync 1 DAGs
[2022-07-14 13:42:57,950] {logging_mixin.py:109} INFO - [2022-07-14 13:42:57,950] {dag.py:2937} INFO - Setting next_dagrun for my_etl_example to None
[2022-07-14 13:42:57,955] {processor.py:171} INFO - Processing /opt/airflow/dags/etl_demo.py took 0.041 seconds
[2022-07-14 13:43:28,146] {processor.py:163} INFO - Started process (PID=48385) to work on /opt/airflow/dags/etl_demo.py
[2022-07-14 13:43:28,148] {processor.py:642} INFO - Processing file /opt/airflow/dags/etl_demo.py for tasks to queue
[2022-07-14 13:43:28,148] {logging_mixin.py:109} INFO - [2022-07-14 13:43:28,148] {dagbag.py:500} INFO - Filling up the DagBag from /opt/airflow/dags/etl_demo.py
[2022-07-14 13:43:28,159] {processor.py:652} INFO - DAG(s) dict_keys(['my_etl_example']) retrieved from /opt/airflow/dags/etl_demo.py
[2022-07-14 13:43:28,174] {logging_mixin.py:109} INFO - [2022-07-14 13:43:28,174] {dag.py:2398} INFO - Sync 1 DAGs
[2022-07-14 13:43:28,189] {logging_mixin.py:109} INFO - [2022-07-14 13:43:28,189] {dag.py:2937} INFO - Setting next_dagrun for my_etl_example to None
[2022-07-14 13:43:28,197] {processor.py:171} INFO - Processing /opt/airflow/dags/etl_demo.py took 0.053 seconds
[2022-07-14 13:43:58,486] {processor.py:163} INFO - Started process (PID=48459) to work on /opt/airflow/dags/etl_demo.py
[2022-07-14 13:43:58,486] {processor.py:642} INFO - Processing file /opt/airflow/dags/etl_demo.py for tasks to queue
[2022-07-14 13:43:58,487] {logging_mixin.py:109} INFO - [2022-07-14 13:43:58,487] {dagbag.py:500} INFO - Filling up the DagBag from /opt/airflow/dags/etl_demo.py
[2022-07-14 13:43:58,497] {processor.py:652} INFO - DAG(s) dict_keys(['my_etl_example']) retrieved from /opt/airflow/dags/etl_demo.py
[2022-07-14 13:43:58,508] {logging_mixin.py:109} INFO - [2022-07-14 13:43:58,508] {dag.py:2398} INFO - Sync 1 DAGs
[2022-07-14 13:43:58,519] {logging_mixin.py:109} INFO - [2022-07-14 13:43:58,519] {dag.py:2937} INFO - Setting next_dagrun for my_etl_example to None
[2022-07-14 13:43:58,524] {processor.py:171} INFO - Processing /opt/airflow/dags/etl_demo.py took 0.040 seconds
[2022-07-14 13:44:28,671] {processor.py:163} INFO - Started process (PID=48545) to work on /opt/airflow/dags/etl_demo.py
[2022-07-14 13:44:28,672] {processor.py:642} INFO - Processing file /opt/airflow/dags/etl_demo.py for tasks to queue
[2022-07-14 13:44:28,673] {logging_mixin.py:109} INFO - [2022-07-14 13:44:28,673] {dagbag.py:500} INFO - Filling up the DagBag from /opt/airflow/dags/etl_demo.py
[2022-07-14 13:44:28,682] {processor.py:652} INFO - DAG(s) dict_keys(['my_etl_example']) retrieved from /opt/airflow/dags/etl_demo.py
[2022-07-14 13:44:28,693] {logging_mixin.py:109} INFO - [2022-07-14 13:44:28,693] {dag.py:2398} INFO - Sync 1 DAGs
[2022-07-14 13:44:28,703] {logging_mixin.py:109} INFO - [2022-07-14 13:44:28,703] {dag.py:2937} INFO - Setting next_dagrun for my_etl_example to None
[2022-07-14 13:44:28,710] {processor.py:171} INFO - Processing /opt/airflow/dags/etl_demo.py took 0.041 seconds
[2022-07-14 13:44:58,933] {processor.py:163} INFO - Started process (PID=48619) to work on /opt/airflow/dags/etl_demo.py
[2022-07-14 13:44:58,934] {processor.py:642} INFO - Processing file /opt/airflow/dags/etl_demo.py for tasks to queue
[2022-07-14 13:44:58,935] {logging_mixin.py:109} INFO - [2022-07-14 13:44:58,935] {dagbag.py:500} INFO - Filling up the DagBag from /opt/airflow/dags/etl_demo.py
[2022-07-14 13:44:58,946] {processor.py:652} INFO - DAG(s) dict_keys(['my_etl_example']) retrieved from /opt/airflow/dags/etl_demo.py
[2022-07-14 13:44:58,986] {logging_mixin.py:109} INFO - [2022-07-14 13:44:58,986] {dag.py:2398} INFO - Sync 1 DAGs
[2022-07-14 13:44:59,002] {logging_mixin.py:109} INFO - [2022-07-14 13:44:59,002] {dag.py:2937} INFO - Setting next_dagrun for my_etl_example to None
[2022-07-14 13:44:59,010] {processor.py:171} INFO - Processing /opt/airflow/dags/etl_demo.py took 0.080 seconds
[2022-07-14 13:45:29,472] {processor.py:163} INFO - Started process (PID=48702) to work on /opt/airflow/dags/etl_demo.py
[2022-07-14 13:45:29,473] {processor.py:642} INFO - Processing file /opt/airflow/dags/etl_demo.py for tasks to queue
[2022-07-14 13:45:29,473] {logging_mixin.py:109} INFO - [2022-07-14 13:45:29,473] {dagbag.py:500} INFO - Filling up the DagBag from /opt/airflow/dags/etl_demo.py
[2022-07-14 13:45:29,483] {processor.py:652} INFO - DAG(s) dict_keys(['my_etl_example']) retrieved from /opt/airflow/dags/etl_demo.py
[2022-07-14 13:45:29,494] {logging_mixin.py:109} INFO - [2022-07-14 13:45:29,494] {dag.py:2398} INFO - Sync 1 DAGs
[2022-07-14 13:45:29,507] {logging_mixin.py:109} INFO - [2022-07-14 13:45:29,507] {dag.py:2937} INFO - Setting next_dagrun for my_etl_example to None
[2022-07-14 13:45:29,514] {processor.py:171} INFO - Processing /opt/airflow/dags/etl_demo.py took 0.044 seconds
[2022-07-14 13:45:59,596] {processor.py:163} INFO - Started process (PID=48787) to work on /opt/airflow/dags/etl_demo.py
[2022-07-14 13:45:59,598] {processor.py:642} INFO - Processing file /opt/airflow/dags/etl_demo.py for tasks to queue
[2022-07-14 13:45:59,599] {logging_mixin.py:109} INFO - [2022-07-14 13:45:59,599] {dagbag.py:500} INFO - Filling up the DagBag from /opt/airflow/dags/etl_demo.py
[2022-07-14 13:45:59,611] {processor.py:652} INFO - DAG(s) dict_keys(['my_etl_example']) retrieved from /opt/airflow/dags/etl_demo.py
[2022-07-14 13:45:59,636] {logging_mixin.py:109} INFO - [2022-07-14 13:45:59,636] {dag.py:2398} INFO - Sync 1 DAGs
[2022-07-14 13:45:59,651] {logging_mixin.py:109} INFO - [2022-07-14 13:45:59,651] {dag.py:2937} INFO - Setting next_dagrun for my_etl_example to None
[2022-07-14 13:45:59,660] {processor.py:171} INFO - Processing /opt/airflow/dags/etl_demo.py took 0.066 seconds
[2022-07-14 13:46:29,721] {processor.py:163} INFO - Started process (PID=48861) to work on /opt/airflow/dags/etl_demo.py
[2022-07-14 13:46:29,722] {processor.py:642} INFO - Processing file /opt/airflow/dags/etl_demo.py for tasks to queue
[2022-07-14 13:46:29,723] {logging_mixin.py:109} INFO - [2022-07-14 13:46:29,723] {dagbag.py:500} INFO - Filling up the DagBag from /opt/airflow/dags/etl_demo.py
[2022-07-14 13:46:29,735] {processor.py:652} INFO - DAG(s) dict_keys(['my_etl_example']) retrieved from /opt/airflow/dags/etl_demo.py
[2022-07-14 13:46:29,749] {logging_mixin.py:109} INFO - [2022-07-14 13:46:29,748] {dag.py:2398} INFO - Sync 1 DAGs
[2022-07-14 13:46:29,759] {logging_mixin.py:109} INFO - [2022-07-14 13:46:29,759] {dag.py:2937} INFO - Setting next_dagrun for my_etl_example to None
[2022-07-14 13:46:29,766] {processor.py:171} INFO - Processing /opt/airflow/dags/etl_demo.py took 0.048 seconds
[2022-07-14 13:46:59,956] {processor.py:163} INFO - Started process (PID=48944) to work on /opt/airflow/dags/etl_demo.py
[2022-07-14 13:46:59,957] {processor.py:642} INFO - Processing file /opt/airflow/dags/etl_demo.py for tasks to queue
[2022-07-14 13:46:59,957] {logging_mixin.py:109} INFO - [2022-07-14 13:46:59,957] {dagbag.py:500} INFO - Filling up the DagBag from /opt/airflow/dags/etl_demo.py
[2022-07-14 13:46:59,970] {processor.py:652} INFO - DAG(s) dict_keys(['my_etl_example']) retrieved from /opt/airflow/dags/etl_demo.py
[2022-07-14 13:46:59,983] {logging_mixin.py:109} INFO - [2022-07-14 13:46:59,983] {dag.py:2398} INFO - Sync 1 DAGs
[2022-07-14 13:46:59,995] {logging_mixin.py:109} INFO - [2022-07-14 13:46:59,994] {dag.py:2937} INFO - Setting next_dagrun for my_etl_example to None
[2022-07-14 13:47:00,001] {processor.py:171} INFO - Processing /opt/airflow/dags/etl_demo.py took 0.048 seconds
[2022-07-14 13:47:30,292] {processor.py:163} INFO - Started process (PID=49018) to work on /opt/airflow/dags/etl_demo.py
[2022-07-14 13:47:30,299] {processor.py:642} INFO - Processing file /opt/airflow/dags/etl_demo.py for tasks to queue
[2022-07-14 13:47:30,299] {logging_mixin.py:109} INFO - [2022-07-14 13:47:30,299] {dagbag.py:500} INFO - Filling up the DagBag from /opt/airflow/dags/etl_demo.py
[2022-07-14 13:47:30,308] {processor.py:652} INFO - DAG(s) dict_keys(['my_etl_example']) retrieved from /opt/airflow/dags/etl_demo.py
[2022-07-14 13:47:30,323] {logging_mixin.py:109} INFO - [2022-07-14 13:47:30,323] {dag.py:2398} INFO - Sync 1 DAGs
[2022-07-14 13:47:30,340] {logging_mixin.py:109} INFO - [2022-07-14 13:47:30,339] {dag.py:2937} INFO - Setting next_dagrun for my_etl_example to None
[2022-07-14 13:47:30,349] {processor.py:171} INFO - Processing /opt/airflow/dags/etl_demo.py took 0.059 seconds
[2022-07-14 13:48:00,619] {processor.py:163} INFO - Started process (PID=49106) to work on /opt/airflow/dags/etl_demo.py
[2022-07-14 13:48:00,620] {processor.py:642} INFO - Processing file /opt/airflow/dags/etl_demo.py for tasks to queue
[2022-07-14 13:48:00,621] {logging_mixin.py:109} INFO - [2022-07-14 13:48:00,621] {dagbag.py:500} INFO - Filling up the DagBag from /opt/airflow/dags/etl_demo.py
[2022-07-14 13:48:00,631] {processor.py:652} INFO - DAG(s) dict_keys(['my_etl_example']) retrieved from /opt/airflow/dags/etl_demo.py
[2022-07-14 13:48:00,645] {logging_mixin.py:109} INFO - [2022-07-14 13:48:00,645] {dag.py:2398} INFO - Sync 1 DAGs
[2022-07-14 13:48:00,657] {logging_mixin.py:109} INFO - [2022-07-14 13:48:00,657] {dag.py:2937} INFO - Setting next_dagrun for my_etl_example to None
[2022-07-14 13:48:00,664] {processor.py:171} INFO - Processing /opt/airflow/dags/etl_demo.py took 0.047 seconds
[2022-07-14 13:48:30,881] {processor.py:163} INFO - Started process (PID=49189) to work on /opt/airflow/dags/etl_demo.py
[2022-07-14 13:48:30,883] {processor.py:642} INFO - Processing file /opt/airflow/dags/etl_demo.py for tasks to queue
[2022-07-14 13:48:30,884] {logging_mixin.py:109} INFO - [2022-07-14 13:48:30,884] {dagbag.py:500} INFO - Filling up the DagBag from /opt/airflow/dags/etl_demo.py
[2022-07-14 13:48:30,899] {processor.py:652} INFO - DAG(s) dict_keys(['my_etl_example']) retrieved from /opt/airflow/dags/etl_demo.py
[2022-07-14 13:48:30,915] {logging_mixin.py:109} INFO - [2022-07-14 13:48:30,915] {dag.py:2398} INFO - Sync 1 DAGs
[2022-07-14 13:48:30,926] {logging_mixin.py:109} INFO - [2022-07-14 13:48:30,926] {dag.py:2937} INFO - Setting next_dagrun for my_etl_example to None
[2022-07-14 13:48:30,933] {processor.py:171} INFO - Processing /opt/airflow/dags/etl_demo.py took 0.053 seconds
[2022-07-14 13:49:01,103] {processor.py:163} INFO - Started process (PID=49263) to work on /opt/airflow/dags/etl_demo.py
[2022-07-14 13:49:01,105] {processor.py:642} INFO - Processing file /opt/airflow/dags/etl_demo.py for tasks to queue
[2022-07-14 13:49:01,105] {logging_mixin.py:109} INFO - [2022-07-14 13:49:01,105] {dagbag.py:500} INFO - Filling up the DagBag from /opt/airflow/dags/etl_demo.py
[2022-07-14 13:49:01,114] {processor.py:652} INFO - DAG(s) dict_keys(['my_etl_example']) retrieved from /opt/airflow/dags/etl_demo.py
[2022-07-14 13:49:01,127] {logging_mixin.py:109} INFO - [2022-07-14 13:49:01,127] {dag.py:2398} INFO - Sync 1 DAGs
[2022-07-14 13:49:01,137] {logging_mixin.py:109} INFO - [2022-07-14 13:49:01,137] {dag.py:2937} INFO - Setting next_dagrun for my_etl_example to None
[2022-07-14 13:49:01,144] {processor.py:171} INFO - Processing /opt/airflow/dags/etl_demo.py took 0.042 seconds
[2022-07-14 13:49:31,163] {processor.py:163} INFO - Started process (PID=49345) to work on /opt/airflow/dags/etl_demo.py
[2022-07-14 13:49:31,166] {processor.py:642} INFO - Processing file /opt/airflow/dags/etl_demo.py for tasks to queue
[2022-07-14 13:49:31,166] {logging_mixin.py:109} INFO - [2022-07-14 13:49:31,166] {dagbag.py:500} INFO - Filling up the DagBag from /opt/airflow/dags/etl_demo.py
[2022-07-14 13:49:31,177] {processor.py:652} INFO - DAG(s) dict_keys(['my_etl_example']) retrieved from /opt/airflow/dags/etl_demo.py
[2022-07-14 13:49:31,191] {logging_mixin.py:109} INFO - [2022-07-14 13:49:31,191] {dag.py:2398} INFO - Sync 1 DAGs
[2022-07-14 13:49:31,202] {logging_mixin.py:109} INFO - [2022-07-14 13:49:31,202] {dag.py:2937} INFO - Setting next_dagrun for my_etl_example to None
[2022-07-14 13:49:31,208] {processor.py:171} INFO - Processing /opt/airflow/dags/etl_demo.py took 0.048 seconds
