[2022-07-14 13:18:45,703] {processor.py:163} INFO - Started process (PID=44622) to work on /opt/airflow/dags/sla_demo.py
[2022-07-14 13:18:45,704] {processor.py:642} INFO - Processing file /opt/airflow/dags/sla_demo.py for tasks to queue
[2022-07-14 13:18:45,704] {logging_mixin.py:109} INFO - [2022-07-14 13:18:45,704] {dagbag.py:500} INFO - Filling up the DagBag from /opt/airflow/dags/sla_demo.py
[2022-07-14 13:18:45,716] {processor.py:652} INFO - DAG(s) dict_keys(['sla-dag']) retrieved from /opt/airflow/dags/sla_demo.py
[2022-07-14 13:18:45,905] {logging_mixin.py:109} INFO - [2022-07-14 13:18:45,905] {dag.py:2398} INFO - Sync 1 DAGs
[2022-07-14 13:18:45,922] {logging_mixin.py:109} INFO - [2022-07-14 13:18:45,922] {dag.py:2937} INFO - Setting next_dagrun for sla-dag to 2022-07-14T13:16:45.922456+00:00
[2022-07-14 13:18:45,937] {processor.py:171} INFO - Processing /opt/airflow/dags/sla_demo.py took 0.235 seconds
[2022-07-14 13:19:16,887] {processor.py:163} INFO - Started process (PID=44697) to work on /opt/airflow/dags/sla_demo.py
[2022-07-14 13:19:16,888] {processor.py:642} INFO - Processing file /opt/airflow/dags/sla_demo.py for tasks to queue
[2022-07-14 13:19:16,888] {logging_mixin.py:109} INFO - [2022-07-14 13:19:16,888] {dagbag.py:500} INFO - Filling up the DagBag from /opt/airflow/dags/sla_demo.py
[2022-07-14 13:19:16,898] {processor.py:652} INFO - DAG(s) dict_keys(['sla-dag']) retrieved from /opt/airflow/dags/sla_demo.py
[2022-07-14 13:19:16,910] {logging_mixin.py:109} INFO - [2022-07-14 13:19:16,910] {dag.py:2398} INFO - Sync 1 DAGs
[2022-07-14 13:19:16,919] {logging_mixin.py:109} INFO - [2022-07-14 13:19:16,919] {dag.py:2937} INFO - Setting next_dagrun for sla-dag to 2022-07-14T13:17:16.919370+00:00
[2022-07-14 13:19:16,924] {processor.py:171} INFO - Processing /opt/airflow/dags/sla_demo.py took 0.039 seconds
[2022-07-14 13:19:46,968] {processor.py:163} INFO - Started process (PID=44772) to work on /opt/airflow/dags/sla_demo.py
[2022-07-14 13:19:46,968] {processor.py:642} INFO - Processing file /opt/airflow/dags/sla_demo.py for tasks to queue
[2022-07-14 13:19:46,969] {logging_mixin.py:109} INFO - [2022-07-14 13:19:46,969] {dagbag.py:500} INFO - Filling up the DagBag from /opt/airflow/dags/sla_demo.py
[2022-07-14 13:19:46,979] {processor.py:652} INFO - DAG(s) dict_keys(['sla-dag']) retrieved from /opt/airflow/dags/sla_demo.py
[2022-07-14 13:19:46,992] {logging_mixin.py:109} INFO - [2022-07-14 13:19:46,992] {dag.py:2398} INFO - Sync 1 DAGs
[2022-07-14 13:19:47,004] {logging_mixin.py:109} INFO - [2022-07-14 13:19:47,004] {dag.py:2937} INFO - Setting next_dagrun for sla-dag to 2022-07-14T13:17:47.003973+00:00
[2022-07-14 13:19:47,009] {processor.py:171} INFO - Processing /opt/airflow/dags/sla_demo.py took 0.043 seconds
[2022-07-14 13:20:18,016] {processor.py:163} INFO - Started process (PID=44837) to work on /opt/airflow/dags/sla_demo.py
[2022-07-14 13:20:18,018] {processor.py:642} INFO - Processing file /opt/airflow/dags/sla_demo.py for tasks to queue
[2022-07-14 13:20:18,020] {logging_mixin.py:109} INFO - [2022-07-14 13:20:18,020] {dagbag.py:500} INFO - Filling up the DagBag from /opt/airflow/dags/sla_demo.py
[2022-07-14 13:20:18,032] {processor.py:652} INFO - DAG(s) dict_keys(['sla-dag']) retrieved from /opt/airflow/dags/sla_demo.py
[2022-07-14 13:20:18,045] {logging_mixin.py:109} INFO - [2022-07-14 13:20:18,045] {dag.py:2398} INFO - Sync 1 DAGs
[2022-07-14 13:20:18,057] {logging_mixin.py:109} INFO - [2022-07-14 13:20:18,057] {dag.py:2937} INFO - Setting next_dagrun for sla-dag to 2022-07-14T13:18:18.057583+00:00
[2022-07-14 13:20:18,063] {processor.py:171} INFO - Processing /opt/airflow/dags/sla_demo.py took 0.050 seconds
[2022-07-14 13:20:48,973] {processor.py:163} INFO - Started process (PID=44912) to work on /opt/airflow/dags/sla_demo.py
[2022-07-14 13:20:48,975] {processor.py:642} INFO - Processing file /opt/airflow/dags/sla_demo.py for tasks to queue
[2022-07-14 13:20:48,976] {logging_mixin.py:109} INFO - [2022-07-14 13:20:48,976] {dagbag.py:500} INFO - Filling up the DagBag from /opt/airflow/dags/sla_demo.py
[2022-07-14 13:20:48,989] {processor.py:652} INFO - DAG(s) dict_keys(['sla-dag']) retrieved from /opt/airflow/dags/sla_demo.py
[2022-07-14 13:20:49,001] {logging_mixin.py:109} INFO - [2022-07-14 13:20:49,001] {dag.py:2398} INFO - Sync 1 DAGs
[2022-07-14 13:20:49,011] {logging_mixin.py:109} INFO - [2022-07-14 13:20:49,011] {dag.py:2937} INFO - Setting next_dagrun for sla-dag to 2022-07-14T13:18:49.011590+00:00
[2022-07-14 13:20:49,016] {processor.py:171} INFO - Processing /opt/airflow/dags/sla_demo.py took 0.045 seconds
[2022-07-14 13:21:19,867] {processor.py:163} INFO - Started process (PID=44989) to work on /opt/airflow/dags/sla_demo.py
[2022-07-14 13:21:19,869] {processor.py:642} INFO - Processing file /opt/airflow/dags/sla_demo.py for tasks to queue
[2022-07-14 13:21:19,869] {logging_mixin.py:109} INFO - [2022-07-14 13:21:19,869] {dagbag.py:500} INFO - Filling up the DagBag from /opt/airflow/dags/sla_demo.py
[2022-07-14 13:21:19,878] {processor.py:652} INFO - DAG(s) dict_keys(['sla-dag']) retrieved from /opt/airflow/dags/sla_demo.py
[2022-07-14 13:21:19,890] {logging_mixin.py:109} INFO - [2022-07-14 13:21:19,890] {dag.py:2398} INFO - Sync 1 DAGs
[2022-07-14 13:21:19,903] {logging_mixin.py:109} INFO - [2022-07-14 13:21:19,903] {dag.py:2937} INFO - Setting next_dagrun for sla-dag to 2022-07-14T13:19:19.903161+00:00
[2022-07-14 13:21:19,908] {processor.py:171} INFO - Processing /opt/airflow/dags/sla_demo.py took 0.042 seconds
[2022-07-14 13:21:49,974] {processor.py:163} INFO - Started process (PID=45055) to work on /opt/airflow/dags/sla_demo.py
[2022-07-14 13:21:49,975] {processor.py:642} INFO - Processing file /opt/airflow/dags/sla_demo.py for tasks to queue
[2022-07-14 13:21:49,975] {logging_mixin.py:109} INFO - [2022-07-14 13:21:49,975] {dagbag.py:500} INFO - Filling up the DagBag from /opt/airflow/dags/sla_demo.py
[2022-07-14 13:21:49,987] {processor.py:652} INFO - DAG(s) dict_keys(['sla-dag']) retrieved from /opt/airflow/dags/sla_demo.py
[2022-07-14 13:21:50,000] {logging_mixin.py:109} INFO - [2022-07-14 13:21:50,000] {dag.py:2398} INFO - Sync 1 DAGs
[2022-07-14 13:21:50,015] {logging_mixin.py:109} INFO - [2022-07-14 13:21:50,015] {dag.py:2937} INFO - Setting next_dagrun for sla-dag to 2022-07-14T13:19:50.014780+00:00
[2022-07-14 13:21:50,021] {processor.py:171} INFO - Processing /opt/airflow/dags/sla_demo.py took 0.049 seconds
[2022-07-14 13:22:20,670] {processor.py:163} INFO - Started process (PID=45123) to work on /opt/airflow/dags/sla_demo.py
[2022-07-14 13:22:20,671] {processor.py:642} INFO - Processing file /opt/airflow/dags/sla_demo.py for tasks to queue
[2022-07-14 13:22:20,672] {logging_mixin.py:109} INFO - [2022-07-14 13:22:20,672] {dagbag.py:500} INFO - Filling up the DagBag from /opt/airflow/dags/sla_demo.py
[2022-07-14 13:22:20,682] {processor.py:652} INFO - DAG(s) dict_keys(['sla-dag']) retrieved from /opt/airflow/dags/sla_demo.py
[2022-07-14 13:22:20,695] {logging_mixin.py:109} INFO - [2022-07-14 13:22:20,695] {dag.py:2398} INFO - Sync 1 DAGs
[2022-07-14 13:22:20,706] {logging_mixin.py:109} INFO - [2022-07-14 13:22:20,706] {dag.py:2937} INFO - Setting next_dagrun for sla-dag to 2022-07-14T13:20:20.706286+00:00
[2022-07-14 13:22:20,713] {processor.py:171} INFO - Processing /opt/airflow/dags/sla_demo.py took 0.044 seconds
[2022-07-14 13:22:50,731] {processor.py:163} INFO - Started process (PID=45173) to work on /opt/airflow/dags/sla_demo.py
[2022-07-14 13:22:50,732] {processor.py:642} INFO - Processing file /opt/airflow/dags/sla_demo.py for tasks to queue
[2022-07-14 13:22:50,732] {logging_mixin.py:109} INFO - [2022-07-14 13:22:50,732] {dagbag.py:500} INFO - Filling up the DagBag from /opt/airflow/dags/sla_demo.py
[2022-07-14 13:22:50,742] {processor.py:652} INFO - DAG(s) dict_keys(['sla-dag']) retrieved from /opt/airflow/dags/sla_demo.py
[2022-07-14 13:22:50,754] {logging_mixin.py:109} INFO - [2022-07-14 13:22:50,754] {dag.py:2398} INFO - Sync 1 DAGs
[2022-07-14 13:22:50,767] {logging_mixin.py:109} INFO - [2022-07-14 13:22:50,767] {dag.py:2937} INFO - Setting next_dagrun for sla-dag to 2022-07-14T13:20:50.767399+00:00
[2022-07-14 13:22:50,773] {processor.py:171} INFO - Processing /opt/airflow/dags/sla_demo.py took 0.044 seconds
[2022-07-14 13:23:21,350] {processor.py:163} INFO - Started process (PID=45247) to work on /opt/airflow/dags/sla_demo.py
[2022-07-14 13:23:21,352] {processor.py:642} INFO - Processing file /opt/airflow/dags/sla_demo.py for tasks to queue
[2022-07-14 13:23:21,352] {logging_mixin.py:109} INFO - [2022-07-14 13:23:21,352] {dagbag.py:500} INFO - Filling up the DagBag from /opt/airflow/dags/sla_demo.py
[2022-07-14 13:23:21,363] {processor.py:652} INFO - DAG(s) dict_keys(['sla-dag']) retrieved from /opt/airflow/dags/sla_demo.py
[2022-07-14 13:23:21,375] {logging_mixin.py:109} INFO - [2022-07-14 13:23:21,374] {dag.py:2398} INFO - Sync 1 DAGs
[2022-07-14 13:23:21,385] {logging_mixin.py:109} INFO - [2022-07-14 13:23:21,385] {dag.py:2937} INFO - Setting next_dagrun for sla-dag to 2022-07-14T13:21:21.385440+00:00
[2022-07-14 13:23:21,391] {processor.py:171} INFO - Processing /opt/airflow/dags/sla_demo.py took 0.043 seconds
[2022-07-14 13:23:52,074] {processor.py:163} INFO - Started process (PID=45323) to work on /opt/airflow/dags/sla_demo.py
[2022-07-14 13:23:52,075] {processor.py:642} INFO - Processing file /opt/airflow/dags/sla_demo.py for tasks to queue
[2022-07-14 13:23:52,075] {logging_mixin.py:109} INFO - [2022-07-14 13:23:52,075] {dagbag.py:500} INFO - Filling up the DagBag from /opt/airflow/dags/sla_demo.py
[2022-07-14 13:23:52,085] {processor.py:652} INFO - DAG(s) dict_keys(['sla-dag']) retrieved from /opt/airflow/dags/sla_demo.py
[2022-07-14 13:23:52,098] {logging_mixin.py:109} INFO - [2022-07-14 13:23:52,098] {dag.py:2398} INFO - Sync 1 DAGs
[2022-07-14 13:23:52,111] {logging_mixin.py:109} INFO - [2022-07-14 13:23:52,111] {dag.py:2937} INFO - Setting next_dagrun for sla-dag to 2022-07-14T13:21:52.111378+00:00
[2022-07-14 13:23:52,117] {processor.py:171} INFO - Processing /opt/airflow/dags/sla_demo.py took 0.046 seconds
[2022-07-14 13:24:22,778] {processor.py:163} INFO - Started process (PID=45390) to work on /opt/airflow/dags/sla_demo.py
[2022-07-14 13:24:22,780] {processor.py:642} INFO - Processing file /opt/airflow/dags/sla_demo.py for tasks to queue
[2022-07-14 13:24:22,780] {logging_mixin.py:109} INFO - [2022-07-14 13:24:22,780] {dagbag.py:500} INFO - Filling up the DagBag from /opt/airflow/dags/sla_demo.py
[2022-07-14 13:24:22,791] {processor.py:652} INFO - DAG(s) dict_keys(['sla-dag']) retrieved from /opt/airflow/dags/sla_demo.py
[2022-07-14 13:24:22,806] {logging_mixin.py:109} INFO - [2022-07-14 13:24:22,806] {dag.py:2398} INFO - Sync 1 DAGs
[2022-07-14 13:24:22,820] {logging_mixin.py:109} INFO - [2022-07-14 13:24:22,820] {dag.py:2937} INFO - Setting next_dagrun for sla-dag to 2022-07-14T13:22:22.820292+00:00
[2022-07-14 13:24:22,826] {processor.py:171} INFO - Processing /opt/airflow/dags/sla_demo.py took 0.050 seconds
[2022-07-14 13:24:52,893] {processor.py:163} INFO - Started process (PID=45465) to work on /opt/airflow/dags/sla_demo.py
[2022-07-14 13:24:52,895] {processor.py:642} INFO - Processing file /opt/airflow/dags/sla_demo.py for tasks to queue
[2022-07-14 13:24:52,895] {logging_mixin.py:109} INFO - [2022-07-14 13:24:52,895] {dagbag.py:500} INFO - Filling up the DagBag from /opt/airflow/dags/sla_demo.py
[2022-07-14 13:24:52,907] {processor.py:652} INFO - DAG(s) dict_keys(['sla-dag']) retrieved from /opt/airflow/dags/sla_demo.py
[2022-07-14 13:24:52,919] {logging_mixin.py:109} INFO - [2022-07-14 13:24:52,919] {dag.py:2398} INFO - Sync 1 DAGs
[2022-07-14 13:24:52,930] {logging_mixin.py:109} INFO - [2022-07-14 13:24:52,930] {dag.py:2937} INFO - Setting next_dagrun for sla-dag to 2022-07-14T13:22:52.930195+00:00
[2022-07-14 13:24:52,935] {processor.py:171} INFO - Processing /opt/airflow/dags/sla_demo.py took 0.046 seconds
[2022-07-14 13:25:23,602] {processor.py:163} INFO - Started process (PID=45540) to work on /opt/airflow/dags/sla_demo.py
[2022-07-14 13:25:23,603] {processor.py:642} INFO - Processing file /opt/airflow/dags/sla_demo.py for tasks to queue
[2022-07-14 13:25:23,603] {logging_mixin.py:109} INFO - [2022-07-14 13:25:23,603] {dagbag.py:500} INFO - Filling up the DagBag from /opt/airflow/dags/sla_demo.py
[2022-07-14 13:25:23,612] {processor.py:652} INFO - DAG(s) dict_keys(['sla-dag']) retrieved from /opt/airflow/dags/sla_demo.py
[2022-07-14 13:25:23,624] {logging_mixin.py:109} INFO - [2022-07-14 13:25:23,624] {dag.py:2398} INFO - Sync 1 DAGs
[2022-07-14 13:25:23,635] {logging_mixin.py:109} INFO - [2022-07-14 13:25:23,634] {dag.py:2937} INFO - Setting next_dagrun for sla-dag to 2022-07-14T13:23:23.634842+00:00
[2022-07-14 13:25:23,641] {processor.py:171} INFO - Processing /opt/airflow/dags/sla_demo.py took 0.041 seconds
[2022-07-14 13:25:54,376] {processor.py:163} INFO - Started process (PID=45607) to work on /opt/airflow/dags/sla_demo.py
[2022-07-14 13:25:54,377] {processor.py:642} INFO - Processing file /opt/airflow/dags/sla_demo.py for tasks to queue
[2022-07-14 13:25:54,377] {logging_mixin.py:109} INFO - [2022-07-14 13:25:54,377] {dagbag.py:500} INFO - Filling up the DagBag from /opt/airflow/dags/sla_demo.py
[2022-07-14 13:25:54,387] {processor.py:652} INFO - DAG(s) dict_keys(['sla-dag']) retrieved from /opt/airflow/dags/sla_demo.py
[2022-07-14 13:25:54,399] {logging_mixin.py:109} INFO - [2022-07-14 13:25:54,398] {dag.py:2398} INFO - Sync 1 DAGs
[2022-07-14 13:25:54,409] {logging_mixin.py:109} INFO - [2022-07-14 13:25:54,409] {dag.py:2937} INFO - Setting next_dagrun for sla-dag to 2022-07-14T13:23:54.409472+00:00
[2022-07-14 13:25:54,414] {processor.py:171} INFO - Processing /opt/airflow/dags/sla_demo.py took 0.040 seconds
[2022-07-14 13:26:25,213] {processor.py:163} INFO - Started process (PID=45684) to work on /opt/airflow/dags/sla_demo.py
[2022-07-14 13:26:25,215] {processor.py:642} INFO - Processing file /opt/airflow/dags/sla_demo.py for tasks to queue
[2022-07-14 13:26:25,216] {logging_mixin.py:109} INFO - [2022-07-14 13:26:25,215] {dagbag.py:500} INFO - Filling up the DagBag from /opt/airflow/dags/sla_demo.py
[2022-07-14 13:26:25,227] {processor.py:652} INFO - DAG(s) dict_keys(['sla-dag']) retrieved from /opt/airflow/dags/sla_demo.py
[2022-07-14 13:26:25,240] {logging_mixin.py:109} INFO - [2022-07-14 13:26:25,240] {dag.py:2398} INFO - Sync 1 DAGs
[2022-07-14 13:26:25,251] {logging_mixin.py:109} INFO - [2022-07-14 13:26:25,251] {dag.py:2937} INFO - Setting next_dagrun for sla-dag to 2022-07-14T13:24:25.251222+00:00
[2022-07-14 13:26:25,256] {processor.py:171} INFO - Processing /opt/airflow/dags/sla_demo.py took 0.047 seconds
[2022-07-14 13:26:55,983] {processor.py:163} INFO - Started process (PID=45759) to work on /opt/airflow/dags/sla_demo.py
[2022-07-14 13:26:55,984] {processor.py:642} INFO - Processing file /opt/airflow/dags/sla_demo.py for tasks to queue
[2022-07-14 13:26:55,985] {logging_mixin.py:109} INFO - [2022-07-14 13:26:55,985] {dagbag.py:500} INFO - Filling up the DagBag from /opt/airflow/dags/sla_demo.py
[2022-07-14 13:26:55,995] {processor.py:652} INFO - DAG(s) dict_keys(['sla-dag']) retrieved from /opt/airflow/dags/sla_demo.py
[2022-07-14 13:26:56,008] {logging_mixin.py:109} INFO - [2022-07-14 13:26:56,007] {dag.py:2398} INFO - Sync 1 DAGs
[2022-07-14 13:26:56,017] {logging_mixin.py:109} INFO - [2022-07-14 13:26:56,017] {dag.py:2937} INFO - Setting next_dagrun for sla-dag to 2022-07-14T13:24:56.017331+00:00
[2022-07-14 13:26:56,022] {processor.py:171} INFO - Processing /opt/airflow/dags/sla_demo.py took 0.041 seconds
[2022-07-14 13:27:26,862] {processor.py:163} INFO - Started process (PID=45825) to work on /opt/airflow/dags/sla_demo.py
[2022-07-14 13:27:26,863] {processor.py:642} INFO - Processing file /opt/airflow/dags/sla_demo.py for tasks to queue
[2022-07-14 13:27:26,863] {logging_mixin.py:109} INFO - [2022-07-14 13:27:26,863] {dagbag.py:500} INFO - Filling up the DagBag from /opt/airflow/dags/sla_demo.py
[2022-07-14 13:27:26,876] {processor.py:652} INFO - DAG(s) dict_keys(['sla-dag']) retrieved from /opt/airflow/dags/sla_demo.py
[2022-07-14 13:27:26,888] {logging_mixin.py:109} INFO - [2022-07-14 13:27:26,888] {dag.py:2398} INFO - Sync 1 DAGs
[2022-07-14 13:27:26,898] {logging_mixin.py:109} INFO - [2022-07-14 13:27:26,898] {dag.py:2937} INFO - Setting next_dagrun for sla-dag to 2022-07-14T13:25:26.898093+00:00
[2022-07-14 13:27:26,902] {processor.py:171} INFO - Processing /opt/airflow/dags/sla_demo.py took 0.043 seconds
[2022-07-14 13:27:57,644] {processor.py:163} INFO - Started process (PID=45901) to work on /opt/airflow/dags/sla_demo.py
[2022-07-14 13:27:57,646] {processor.py:642} INFO - Processing file /opt/airflow/dags/sla_demo.py for tasks to queue
[2022-07-14 13:27:57,646] {logging_mixin.py:109} INFO - [2022-07-14 13:27:57,646] {dagbag.py:500} INFO - Filling up the DagBag from /opt/airflow/dags/sla_demo.py
[2022-07-14 13:27:57,657] {processor.py:652} INFO - DAG(s) dict_keys(['sla-dag']) retrieved from /opt/airflow/dags/sla_demo.py
[2022-07-14 13:27:57,669] {logging_mixin.py:109} INFO - [2022-07-14 13:27:57,669] {dag.py:2398} INFO - Sync 1 DAGs
[2022-07-14 13:27:57,680] {logging_mixin.py:109} INFO - [2022-07-14 13:27:57,680] {dag.py:2937} INFO - Setting next_dagrun for sla-dag to 2022-07-14T13:25:57.680271+00:00
[2022-07-14 13:27:57,685] {processor.py:171} INFO - Processing /opt/airflow/dags/sla_demo.py took 0.043 seconds
[2022-07-14 13:28:28,401] {processor.py:163} INFO - Started process (PID=45977) to work on /opt/airflow/dags/sla_demo.py
[2022-07-14 13:28:28,403] {processor.py:642} INFO - Processing file /opt/airflow/dags/sla_demo.py for tasks to queue
[2022-07-14 13:28:28,403] {logging_mixin.py:109} INFO - [2022-07-14 13:28:28,403] {dagbag.py:500} INFO - Filling up the DagBag from /opt/airflow/dags/sla_demo.py
[2022-07-14 13:28:28,417] {processor.py:652} INFO - DAG(s) dict_keys(['sla-dag']) retrieved from /opt/airflow/dags/sla_demo.py
[2022-07-14 13:28:28,430] {logging_mixin.py:109} INFO - [2022-07-14 13:28:28,430] {dag.py:2398} INFO - Sync 1 DAGs
[2022-07-14 13:28:28,442] {logging_mixin.py:109} INFO - [2022-07-14 13:28:28,442] {dag.py:2937} INFO - Setting next_dagrun for sla-dag to 2022-07-14T13:26:28.442256+00:00
[2022-07-14 13:28:28,447] {processor.py:171} INFO - Processing /opt/airflow/dags/sla_demo.py took 0.050 seconds
[2022-07-14 13:28:58,506] {processor.py:163} INFO - Started process (PID=46091) to work on /opt/airflow/dags/sla_demo.py
[2022-07-14 13:28:58,513] {processor.py:642} INFO - Processing file /opt/airflow/dags/sla_demo.py for tasks to queue
[2022-07-14 13:28:58,513] {logging_mixin.py:109} INFO - [2022-07-14 13:28:58,513] {dagbag.py:500} INFO - Filling up the DagBag from /opt/airflow/dags/sla_demo.py
[2022-07-14 13:28:58,522] {processor.py:652} INFO - DAG(s) dict_keys(['sla-dag']) retrieved from /opt/airflow/dags/sla_demo.py
[2022-07-14 13:28:58,536] {logging_mixin.py:109} INFO - [2022-07-14 13:28:58,536] {dag.py:2398} INFO - Sync 1 DAGs
[2022-07-14 13:28:58,547] {logging_mixin.py:109} INFO - [2022-07-14 13:28:58,547] {dag.py:2937} INFO - Setting next_dagrun for sla-dag to 2022-07-14T13:26:58.547442+00:00
[2022-07-14 13:28:58,552] {processor.py:171} INFO - Processing /opt/airflow/dags/sla_demo.py took 0.047 seconds
[2022-07-14 13:29:28,579] {processor.py:163} INFO - Started process (PID=46177) to work on /opt/airflow/dags/sla_demo.py
[2022-07-14 13:29:28,579] {processor.py:642} INFO - Processing file /opt/airflow/dags/sla_demo.py for tasks to queue
[2022-07-14 13:29:28,580] {logging_mixin.py:109} INFO - [2022-07-14 13:29:28,580] {dagbag.py:500} INFO - Filling up the DagBag from /opt/airflow/dags/sla_demo.py
[2022-07-14 13:29:28,590] {processor.py:652} INFO - DAG(s) dict_keys(['sla-dag']) retrieved from /opt/airflow/dags/sla_demo.py
[2022-07-14 13:29:28,602] {logging_mixin.py:109} INFO - [2022-07-14 13:29:28,602] {dag.py:2398} INFO - Sync 1 DAGs
[2022-07-14 13:29:28,613] {logging_mixin.py:109} INFO - [2022-07-14 13:29:28,613] {dag.py:2937} INFO - Setting next_dagrun for sla-dag to 2022-07-14T13:27:28.613135+00:00
[2022-07-14 13:29:28,619] {processor.py:171} INFO - Processing /opt/airflow/dags/sla_demo.py took 0.041 seconds
[2022-07-14 13:29:59,269] {processor.py:163} INFO - Started process (PID=46252) to work on /opt/airflow/dags/sla_demo.py
[2022-07-14 13:29:59,276] {processor.py:642} INFO - Processing file /opt/airflow/dags/sla_demo.py for tasks to queue
[2022-07-14 13:29:59,278] {logging_mixin.py:109} INFO - [2022-07-14 13:29:59,277] {dagbag.py:500} INFO - Filling up the DagBag from /opt/airflow/dags/sla_demo.py
[2022-07-14 13:29:59,291] {processor.py:652} INFO - DAG(s) dict_keys(['sla-dag']) retrieved from /opt/airflow/dags/sla_demo.py
[2022-07-14 13:29:59,307] {logging_mixin.py:109} INFO - [2022-07-14 13:29:59,306] {dag.py:2398} INFO - Sync 1 DAGs
[2022-07-14 13:29:59,322] {logging_mixin.py:109} INFO - [2022-07-14 13:29:59,322] {dag.py:2937} INFO - Setting next_dagrun for sla-dag to 2022-07-14T13:27:59.322560+00:00
[2022-07-14 13:29:59,329] {processor.py:171} INFO - Processing /opt/airflow/dags/sla_demo.py took 0.063 seconds
[2022-07-14 13:30:29,466] {processor.py:163} INFO - Started process (PID=46327) to work on /opt/airflow/dags/sla_demo.py
[2022-07-14 13:30:29,467] {processor.py:642} INFO - Processing file /opt/airflow/dags/sla_demo.py for tasks to queue
[2022-07-14 13:30:29,467] {logging_mixin.py:109} INFO - [2022-07-14 13:30:29,467] {dagbag.py:500} INFO - Filling up the DagBag from /opt/airflow/dags/sla_demo.py
[2022-07-14 13:30:29,477] {processor.py:652} INFO - DAG(s) dict_keys(['sla-dag']) retrieved from /opt/airflow/dags/sla_demo.py
[2022-07-14 13:30:29,488] {logging_mixin.py:109} INFO - [2022-07-14 13:30:29,488] {dag.py:2398} INFO - Sync 1 DAGs
[2022-07-14 13:30:29,498] {logging_mixin.py:109} INFO - [2022-07-14 13:30:29,498] {dag.py:2937} INFO - Setting next_dagrun for sla-dag to 2022-07-14T13:28:29.498148+00:00
[2022-07-14 13:30:29,503] {processor.py:171} INFO - Processing /opt/airflow/dags/sla_demo.py took 0.039 seconds
[2022-07-14 13:30:59,624] {processor.py:163} INFO - Started process (PID=46410) to work on /opt/airflow/dags/sla_demo.py
[2022-07-14 13:30:59,631] {processor.py:642} INFO - Processing file /opt/airflow/dags/sla_demo.py for tasks to queue
[2022-07-14 13:30:59,632] {logging_mixin.py:109} INFO - [2022-07-14 13:30:59,632] {dagbag.py:500} INFO - Filling up the DagBag from /opt/airflow/dags/sla_demo.py
[2022-07-14 13:30:59,642] {processor.py:652} INFO - DAG(s) dict_keys(['sla-dag']) retrieved from /opt/airflow/dags/sla_demo.py
[2022-07-14 13:30:59,654] {logging_mixin.py:109} INFO - [2022-07-14 13:30:59,654] {dag.py:2398} INFO - Sync 1 DAGs
[2022-07-14 13:30:59,664] {logging_mixin.py:109} INFO - [2022-07-14 13:30:59,664] {dag.py:2937} INFO - Setting next_dagrun for sla-dag to 2022-07-14T13:28:59.664721+00:00
[2022-07-14 13:30:59,669] {processor.py:171} INFO - Processing /opt/airflow/dags/sla_demo.py took 0.047 seconds
[2022-07-14 13:31:29,730] {processor.py:163} INFO - Started process (PID=46484) to work on /opt/airflow/dags/sla_demo.py
[2022-07-14 13:31:29,737] {processor.py:642} INFO - Processing file /opt/airflow/dags/sla_demo.py for tasks to queue
[2022-07-14 13:31:29,737] {logging_mixin.py:109} INFO - [2022-07-14 13:31:29,737] {dagbag.py:500} INFO - Filling up the DagBag from /opt/airflow/dags/sla_demo.py
[2022-07-14 13:31:29,750] {processor.py:652} INFO - DAG(s) dict_keys(['sla-dag']) retrieved from /opt/airflow/dags/sla_demo.py
[2022-07-14 13:31:29,762] {logging_mixin.py:109} INFO - [2022-07-14 13:31:29,762] {dag.py:2398} INFO - Sync 1 DAGs
[2022-07-14 13:31:29,772] {logging_mixin.py:109} INFO - [2022-07-14 13:31:29,772] {dag.py:2937} INFO - Setting next_dagrun for sla-dag to 2022-07-14T13:29:29.772241+00:00
[2022-07-14 13:31:29,777] {processor.py:171} INFO - Processing /opt/airflow/dags/sla_demo.py took 0.049 seconds
[2022-07-14 13:32:00,067] {processor.py:163} INFO - Started process (PID=46567) to work on /opt/airflow/dags/sla_demo.py
[2022-07-14 13:32:00,069] {processor.py:642} INFO - Processing file /opt/airflow/dags/sla_demo.py for tasks to queue
[2022-07-14 13:32:00,069] {logging_mixin.py:109} INFO - [2022-07-14 13:32:00,069] {dagbag.py:500} INFO - Filling up the DagBag from /opt/airflow/dags/sla_demo.py
[2022-07-14 13:32:00,081] {processor.py:652} INFO - DAG(s) dict_keys(['sla-dag']) retrieved from /opt/airflow/dags/sla_demo.py
[2022-07-14 13:32:00,093] {logging_mixin.py:109} INFO - [2022-07-14 13:32:00,093] {dag.py:2398} INFO - Sync 1 DAGs
[2022-07-14 13:32:00,105] {logging_mixin.py:109} INFO - [2022-07-14 13:32:00,105] {dag.py:2937} INFO - Setting next_dagrun for sla-dag to 2022-07-14T13:30:00.105068+00:00
[2022-07-14 13:32:00,111] {processor.py:171} INFO - Processing /opt/airflow/dags/sla_demo.py took 0.045 seconds
[2022-07-14 13:32:30,248] {processor.py:163} INFO - Started process (PID=46641) to work on /opt/airflow/dags/sla_demo.py
[2022-07-14 13:32:30,250] {processor.py:642} INFO - Processing file /opt/airflow/dags/sla_demo.py for tasks to queue
[2022-07-14 13:32:30,250] {logging_mixin.py:109} INFO - [2022-07-14 13:32:30,250] {dagbag.py:500} INFO - Filling up the DagBag from /opt/airflow/dags/sla_demo.py
[2022-07-14 13:32:30,262] {processor.py:652} INFO - DAG(s) dict_keys(['sla-dag']) retrieved from /opt/airflow/dags/sla_demo.py
[2022-07-14 13:32:30,278] {logging_mixin.py:109} INFO - [2022-07-14 13:32:30,278] {dag.py:2398} INFO - Sync 1 DAGs
[2022-07-14 13:32:30,301] {logging_mixin.py:109} INFO - [2022-07-14 13:32:30,301] {dag.py:2937} INFO - Setting next_dagrun for sla-dag to 2022-07-14T13:30:30.301085+00:00
[2022-07-14 13:32:30,311] {processor.py:171} INFO - Processing /opt/airflow/dags/sla_demo.py took 0.065 seconds
[2022-07-14 13:33:00,597] {processor.py:163} INFO - Started process (PID=46724) to work on /opt/airflow/dags/sla_demo.py
[2022-07-14 13:33:00,597] {processor.py:642} INFO - Processing file /opt/airflow/dags/sla_demo.py for tasks to queue
[2022-07-14 13:33:00,598] {logging_mixin.py:109} INFO - [2022-07-14 13:33:00,597] {dagbag.py:500} INFO - Filling up the DagBag from /opt/airflow/dags/sla_demo.py
[2022-07-14 13:33:00,608] {processor.py:652} INFO - DAG(s) dict_keys(['sla-dag']) retrieved from /opt/airflow/dags/sla_demo.py
[2022-07-14 13:33:00,620] {logging_mixin.py:109} INFO - [2022-07-14 13:33:00,620] {dag.py:2398} INFO - Sync 1 DAGs
[2022-07-14 13:33:00,630] {logging_mixin.py:109} INFO - [2022-07-14 13:33:00,630] {dag.py:2937} INFO - Setting next_dagrun for sla-dag to 2022-07-14T13:31:00.630575+00:00
[2022-07-14 13:33:00,635] {processor.py:171} INFO - Processing /opt/airflow/dags/sla_demo.py took 0.040 seconds
[2022-07-14 13:33:30,789] {processor.py:163} INFO - Started process (PID=46811) to work on /opt/airflow/dags/sla_demo.py
[2022-07-14 13:33:30,791] {processor.py:642} INFO - Processing file /opt/airflow/dags/sla_demo.py for tasks to queue
[2022-07-14 13:33:30,791] {logging_mixin.py:109} INFO - [2022-07-14 13:33:30,791] {dagbag.py:500} INFO - Filling up the DagBag from /opt/airflow/dags/sla_demo.py
[2022-07-14 13:33:30,800] {processor.py:652} INFO - DAG(s) dict_keys(['sla-dag']) retrieved from /opt/airflow/dags/sla_demo.py
[2022-07-14 13:33:30,812] {logging_mixin.py:109} INFO - [2022-07-14 13:33:30,812] {dag.py:2398} INFO - Sync 1 DAGs
[2022-07-14 13:33:30,823] {logging_mixin.py:109} INFO - [2022-07-14 13:33:30,823] {dag.py:2937} INFO - Setting next_dagrun for sla-dag to 2022-07-14T13:31:30.822927+00:00
[2022-07-14 13:33:30,830] {processor.py:171} INFO - Processing /opt/airflow/dags/sla_demo.py took 0.043 seconds
[2022-07-14 13:34:01,090] {processor.py:163} INFO - Started process (PID=46885) to work on /opt/airflow/dags/sla_demo.py
[2022-07-14 13:34:01,091] {processor.py:642} INFO - Processing file /opt/airflow/dags/sla_demo.py for tasks to queue
[2022-07-14 13:34:01,091] {logging_mixin.py:109} INFO - [2022-07-14 13:34:01,091] {dagbag.py:500} INFO - Filling up the DagBag from /opt/airflow/dags/sla_demo.py
[2022-07-14 13:34:01,101] {processor.py:652} INFO - DAG(s) dict_keys(['sla-dag']) retrieved from /opt/airflow/dags/sla_demo.py
[2022-07-14 13:34:01,112] {logging_mixin.py:109} INFO - [2022-07-14 13:34:01,112] {dag.py:2398} INFO - Sync 1 DAGs
[2022-07-14 13:34:01,122] {logging_mixin.py:109} INFO - [2022-07-14 13:34:01,122] {dag.py:2937} INFO - Setting next_dagrun for sla-dag to 2022-07-14T13:32:01.122458+00:00
[2022-07-14 13:34:01,127] {processor.py:171} INFO - Processing /opt/airflow/dags/sla_demo.py took 0.039 seconds
[2022-07-14 13:34:32,000] {processor.py:163} INFO - Started process (PID=46968) to work on /opt/airflow/dags/sla_demo.py
[2022-07-14 13:34:32,002] {processor.py:642} INFO - Processing file /opt/airflow/dags/sla_demo.py for tasks to queue
[2022-07-14 13:34:32,003] {logging_mixin.py:109} INFO - [2022-07-14 13:34:32,003] {dagbag.py:500} INFO - Filling up the DagBag from /opt/airflow/dags/sla_demo.py
[2022-07-14 13:34:32,014] {processor.py:652} INFO - DAG(s) dict_keys(['sla-dag']) retrieved from /opt/airflow/dags/sla_demo.py
[2022-07-14 13:34:32,026] {logging_mixin.py:109} INFO - [2022-07-14 13:34:32,026] {dag.py:2398} INFO - Sync 1 DAGs
[2022-07-14 13:34:32,036] {logging_mixin.py:109} INFO - [2022-07-14 13:34:32,036] {dag.py:2937} INFO - Setting next_dagrun for sla-dag to 2022-07-14T13:32:32.036015+00:00
[2022-07-14 13:34:32,043] {processor.py:171} INFO - Processing /opt/airflow/dags/sla_demo.py took 0.045 seconds
[2022-07-14 13:35:02,241] {processor.py:163} INFO - Started process (PID=47052) to work on /opt/airflow/dags/sla_demo.py
[2022-07-14 13:35:02,242] {processor.py:642} INFO - Processing file /opt/airflow/dags/sla_demo.py for tasks to queue
[2022-07-14 13:35:02,243] {logging_mixin.py:109} INFO - [2022-07-14 13:35:02,243] {dagbag.py:500} INFO - Filling up the DagBag from /opt/airflow/dags/sla_demo.py
[2022-07-14 13:35:02,253] {processor.py:652} INFO - DAG(s) dict_keys(['sla-dag']) retrieved from /opt/airflow/dags/sla_demo.py
[2022-07-14 13:35:02,267] {logging_mixin.py:109} INFO - [2022-07-14 13:35:02,267] {dag.py:2398} INFO - Sync 1 DAGs
[2022-07-14 13:35:02,278] {logging_mixin.py:109} INFO - [2022-07-14 13:35:02,278] {dag.py:2937} INFO - Setting next_dagrun for sla-dag to 2022-07-14T13:33:02.278638+00:00
[2022-07-14 13:35:02,287] {processor.py:171} INFO - Processing /opt/airflow/dags/sla_demo.py took 0.048 seconds
[2022-07-14 13:35:32,408] {processor.py:163} INFO - Started process (PID=47126) to work on /opt/airflow/dags/sla_demo.py
[2022-07-14 13:35:32,409] {processor.py:642} INFO - Processing file /opt/airflow/dags/sla_demo.py for tasks to queue
[2022-07-14 13:35:32,409] {logging_mixin.py:109} INFO - [2022-07-14 13:35:32,409] {dagbag.py:500} INFO - Filling up the DagBag from /opt/airflow/dags/sla_demo.py
[2022-07-14 13:35:32,418] {processor.py:652} INFO - DAG(s) dict_keys(['sla-dag']) retrieved from /opt/airflow/dags/sla_demo.py
[2022-07-14 13:35:32,429] {logging_mixin.py:109} INFO - [2022-07-14 13:35:32,428] {dag.py:2398} INFO - Sync 1 DAGs
[2022-07-14 13:35:32,438] {logging_mixin.py:109} INFO - [2022-07-14 13:35:32,438] {dag.py:2937} INFO - Setting next_dagrun for sla-dag to 2022-07-14T13:33:32.438224+00:00
[2022-07-14 13:35:32,443] {processor.py:171} INFO - Processing /opt/airflow/dags/sla_demo.py took 0.037 seconds
[2022-07-14 13:36:03,371] {processor.py:163} INFO - Started process (PID=47210) to work on /opt/airflow/dags/sla_demo.py
[2022-07-14 13:36:03,373] {processor.py:642} INFO - Processing file /opt/airflow/dags/sla_demo.py for tasks to queue
[2022-07-14 13:36:03,373] {logging_mixin.py:109} INFO - [2022-07-14 13:36:03,373] {dagbag.py:500} INFO - Filling up the DagBag from /opt/airflow/dags/sla_demo.py
[2022-07-14 13:36:03,384] {processor.py:652} INFO - DAG(s) dict_keys(['sla-dag']) retrieved from /opt/airflow/dags/sla_demo.py
[2022-07-14 13:36:03,395] {logging_mixin.py:109} INFO - [2022-07-14 13:36:03,395] {dag.py:2398} INFO - Sync 1 DAGs
[2022-07-14 13:36:03,405] {logging_mixin.py:109} INFO - [2022-07-14 13:36:03,405] {dag.py:2937} INFO - Setting next_dagrun for sla-dag to 2022-07-14T13:34:03.405098+00:00
[2022-07-14 13:36:03,409] {processor.py:171} INFO - Processing /opt/airflow/dags/sla_demo.py took 0.040 seconds
[2022-07-14 13:36:33,489] {processor.py:163} INFO - Started process (PID=47284) to work on /opt/airflow/dags/sla_demo.py
[2022-07-14 13:36:33,491] {processor.py:642} INFO - Processing file /opt/airflow/dags/sla_demo.py for tasks to queue
[2022-07-14 13:36:33,492] {logging_mixin.py:109} INFO - [2022-07-14 13:36:33,492] {dagbag.py:500} INFO - Filling up the DagBag from /opt/airflow/dags/sla_demo.py
[2022-07-14 13:36:33,505] {processor.py:652} INFO - DAG(s) dict_keys(['sla-dag']) retrieved from /opt/airflow/dags/sla_demo.py
[2022-07-14 13:36:33,519] {logging_mixin.py:109} INFO - [2022-07-14 13:36:33,519] {dag.py:2398} INFO - Sync 1 DAGs
[2022-07-14 13:36:33,531] {logging_mixin.py:109} INFO - [2022-07-14 13:36:33,531] {dag.py:2937} INFO - Setting next_dagrun for sla-dag to 2022-07-14T13:34:33.531033+00:00
[2022-07-14 13:36:33,536] {processor.py:171} INFO - Processing /opt/airflow/dags/sla_demo.py took 0.051 seconds
[2022-07-14 13:37:03,841] {processor.py:163} INFO - Started process (PID=47367) to work on /opt/airflow/dags/sla_demo.py
[2022-07-14 13:37:03,848] {processor.py:642} INFO - Processing file /opt/airflow/dags/sla_demo.py for tasks to queue
[2022-07-14 13:37:03,848] {logging_mixin.py:109} INFO - [2022-07-14 13:37:03,848] {dagbag.py:500} INFO - Filling up the DagBag from /opt/airflow/dags/sla_demo.py
[2022-07-14 13:37:03,859] {processor.py:652} INFO - DAG(s) dict_keys(['sla-dag']) retrieved from /opt/airflow/dags/sla_demo.py
[2022-07-14 13:37:03,873] {logging_mixin.py:109} INFO - [2022-07-14 13:37:03,873] {dag.py:2398} INFO - Sync 1 DAGs
[2022-07-14 13:37:03,889] {logging_mixin.py:109} INFO - [2022-07-14 13:37:03,889] {dag.py:2937} INFO - Setting next_dagrun for sla-dag to 2022-07-14T13:35:03.889392+00:00
[2022-07-14 13:37:03,897] {processor.py:171} INFO - Processing /opt/airflow/dags/sla_demo.py took 0.058 seconds
[2022-07-14 13:37:34,467] {processor.py:163} INFO - Started process (PID=47450) to work on /opt/airflow/dags/sla_demo.py
[2022-07-14 13:37:34,474] {processor.py:642} INFO - Processing file /opt/airflow/dags/sla_demo.py for tasks to queue
[2022-07-14 13:37:34,474] {logging_mixin.py:109} INFO - [2022-07-14 13:37:34,474] {dagbag.py:500} INFO - Filling up the DagBag from /opt/airflow/dags/sla_demo.py
[2022-07-14 13:37:34,488] {processor.py:652} INFO - DAG(s) dict_keys(['sla-dag']) retrieved from /opt/airflow/dags/sla_demo.py
[2022-07-14 13:37:34,503] {logging_mixin.py:109} INFO - [2022-07-14 13:37:34,503] {dag.py:2398} INFO - Sync 1 DAGs
[2022-07-14 13:37:34,517] {logging_mixin.py:109} INFO - [2022-07-14 13:37:34,517] {dag.py:2937} INFO - Setting next_dagrun for sla-dag to 2022-07-14T13:35:34.517576+00:00
[2022-07-14 13:37:34,525] {processor.py:171} INFO - Processing /opt/airflow/dags/sla_demo.py took 0.061 seconds
[2022-07-14 13:38:04,760] {processor.py:163} INFO - Started process (PID=47525) to work on /opt/airflow/dags/sla_demo.py
[2022-07-14 13:38:04,766] {processor.py:642} INFO - Processing file /opt/airflow/dags/sla_demo.py for tasks to queue
[2022-07-14 13:38:04,767] {logging_mixin.py:109} INFO - [2022-07-14 13:38:04,767] {dagbag.py:500} INFO - Filling up the DagBag from /opt/airflow/dags/sla_demo.py
[2022-07-14 13:38:04,778] {processor.py:652} INFO - DAG(s) dict_keys(['sla-dag']) retrieved from /opt/airflow/dags/sla_demo.py
[2022-07-14 13:38:04,790] {logging_mixin.py:109} INFO - [2022-07-14 13:38:04,790] {dag.py:2398} INFO - Sync 1 DAGs
[2022-07-14 13:38:04,800] {logging_mixin.py:109} INFO - [2022-07-14 13:38:04,800] {dag.py:2937} INFO - Setting next_dagrun for sla-dag to 2022-07-14T13:36:04.800137+00:00
[2022-07-14 13:38:04,804] {processor.py:171} INFO - Processing /opt/airflow/dags/sla_demo.py took 0.048 seconds
[2022-07-14 13:38:34,819] {processor.py:163} INFO - Started process (PID=47610) to work on /opt/airflow/dags/sla_demo.py
[2022-07-14 13:38:34,821] {processor.py:642} INFO - Processing file /opt/airflow/dags/sla_demo.py for tasks to queue
[2022-07-14 13:38:34,821] {logging_mixin.py:109} INFO - [2022-07-14 13:38:34,821] {dagbag.py:500} INFO - Filling up the DagBag from /opt/airflow/dags/sla_demo.py
[2022-07-14 13:38:34,832] {processor.py:652} INFO - DAG(s) dict_keys(['sla-dag']) retrieved from /opt/airflow/dags/sla_demo.py
[2022-07-14 13:38:34,846] {logging_mixin.py:109} INFO - [2022-07-14 13:38:34,845] {dag.py:2398} INFO - Sync 1 DAGs
[2022-07-14 13:38:34,856] {logging_mixin.py:109} INFO - [2022-07-14 13:38:34,856] {dag.py:2937} INFO - Setting next_dagrun for sla-dag to 2022-07-14T13:36:34.856150+00:00
[2022-07-14 13:38:34,861] {processor.py:171} INFO - Processing /opt/airflow/dags/sla_demo.py took 0.043 seconds
[2022-07-14 13:39:04,990] {processor.py:163} INFO - Started process (PID=47684) to work on /opt/airflow/dags/sla_demo.py
[2022-07-14 13:39:04,992] {processor.py:642} INFO - Processing file /opt/airflow/dags/sla_demo.py for tasks to queue
[2022-07-14 13:39:04,992] {logging_mixin.py:109} INFO - [2022-07-14 13:39:04,992] {dagbag.py:500} INFO - Filling up the DagBag from /opt/airflow/dags/sla_demo.py
[2022-07-14 13:39:05,005] {processor.py:652} INFO - DAG(s) dict_keys(['sla-dag']) retrieved from /opt/airflow/dags/sla_demo.py
[2022-07-14 13:39:05,017] {logging_mixin.py:109} INFO - [2022-07-14 13:39:05,017] {dag.py:2398} INFO - Sync 1 DAGs
[2022-07-14 13:39:05,028] {logging_mixin.py:109} INFO - [2022-07-14 13:39:05,028] {dag.py:2937} INFO - Setting next_dagrun for sla-dag to 2022-07-14T13:37:05.028655+00:00
[2022-07-14 13:39:05,034] {processor.py:171} INFO - Processing /opt/airflow/dags/sla_demo.py took 0.049 seconds
[2022-07-14 13:39:35,179] {processor.py:163} INFO - Started process (PID=47767) to work on /opt/airflow/dags/sla_demo.py
[2022-07-14 13:39:35,181] {processor.py:642} INFO - Processing file /opt/airflow/dags/sla_demo.py for tasks to queue
[2022-07-14 13:39:35,181] {logging_mixin.py:109} INFO - [2022-07-14 13:39:35,181] {dagbag.py:500} INFO - Filling up the DagBag from /opt/airflow/dags/sla_demo.py
[2022-07-14 13:39:35,194] {processor.py:652} INFO - DAG(s) dict_keys(['sla-dag']) retrieved from /opt/airflow/dags/sla_demo.py
[2022-07-14 13:39:35,211] {logging_mixin.py:109} INFO - [2022-07-14 13:39:35,211] {dag.py:2398} INFO - Sync 1 DAGs
[2022-07-14 13:39:35,224] {logging_mixin.py:109} INFO - [2022-07-14 13:39:35,223] {dag.py:2937} INFO - Setting next_dagrun for sla-dag to 2022-07-14T13:37:35.223403+00:00
[2022-07-14 13:39:35,229] {processor.py:171} INFO - Processing /opt/airflow/dags/sla_demo.py took 0.054 seconds
[2022-07-14 13:40:05,575] {processor.py:163} INFO - Started process (PID=47841) to work on /opt/airflow/dags/sla_demo.py
[2022-07-14 13:40:05,577] {processor.py:642} INFO - Processing file /opt/airflow/dags/sla_demo.py for tasks to queue
[2022-07-14 13:40:05,577] {logging_mixin.py:109} INFO - [2022-07-14 13:40:05,577] {dagbag.py:500} INFO - Filling up the DagBag from /opt/airflow/dags/sla_demo.py
[2022-07-14 13:40:05,591] {processor.py:652} INFO - DAG(s) dict_keys(['sla-dag']) retrieved from /opt/airflow/dags/sla_demo.py
[2022-07-14 13:40:05,605] {logging_mixin.py:109} INFO - [2022-07-14 13:40:05,605] {dag.py:2398} INFO - Sync 1 DAGs
[2022-07-14 13:40:05,618] {logging_mixin.py:109} INFO - [2022-07-14 13:40:05,618] {dag.py:2937} INFO - Setting next_dagrun for sla-dag to 2022-07-14T13:38:05.617974+00:00
[2022-07-14 13:40:05,624] {processor.py:171} INFO - Processing /opt/airflow/dags/sla_demo.py took 0.051 seconds
[2022-07-14 13:40:35,734] {processor.py:163} INFO - Started process (PID=47924) to work on /opt/airflow/dags/sla_demo.py
[2022-07-14 13:40:35,736] {processor.py:642} INFO - Processing file /opt/airflow/dags/sla_demo.py for tasks to queue
[2022-07-14 13:40:35,736] {logging_mixin.py:109} INFO - [2022-07-14 13:40:35,736] {dagbag.py:500} INFO - Filling up the DagBag from /opt/airflow/dags/sla_demo.py
[2022-07-14 13:40:35,748] {processor.py:652} INFO - DAG(s) dict_keys(['sla-dag']) retrieved from /opt/airflow/dags/sla_demo.py
[2022-07-14 13:40:35,760] {logging_mixin.py:109} INFO - [2022-07-14 13:40:35,760] {dag.py:2398} INFO - Sync 1 DAGs
[2022-07-14 13:40:35,771] {logging_mixin.py:109} INFO - [2022-07-14 13:40:35,770] {dag.py:2937} INFO - Setting next_dagrun for sla-dag to 2022-07-14T13:38:35.770798+00:00
[2022-07-14 13:40:35,776] {processor.py:171} INFO - Processing /opt/airflow/dags/sla_demo.py took 0.045 seconds
[2022-07-14 13:41:06,025] {processor.py:163} INFO - Started process (PID=48009) to work on /opt/airflow/dags/sla_demo.py
[2022-07-14 13:41:06,027] {processor.py:642} INFO - Processing file /opt/airflow/dags/sla_demo.py for tasks to queue
[2022-07-14 13:41:06,028] {logging_mixin.py:109} INFO - [2022-07-14 13:41:06,027] {dagbag.py:500} INFO - Filling up the DagBag from /opt/airflow/dags/sla_demo.py
[2022-07-14 13:41:06,042] {processor.py:652} INFO - DAG(s) dict_keys(['sla-dag']) retrieved from /opt/airflow/dags/sla_demo.py
[2022-07-14 13:41:06,058] {logging_mixin.py:109} INFO - [2022-07-14 13:41:06,058] {dag.py:2398} INFO - Sync 1 DAGs
[2022-07-14 13:41:06,068] {logging_mixin.py:109} INFO - [2022-07-14 13:41:06,068] {dag.py:2937} INFO - Setting next_dagrun for sla-dag to 2022-07-14T13:39:06.068464+00:00
[2022-07-14 13:41:06,073] {processor.py:171} INFO - Processing /opt/airflow/dags/sla_demo.py took 0.052 seconds
[2022-07-14 13:41:36,284] {processor.py:163} INFO - Started process (PID=48084) to work on /opt/airflow/dags/sla_demo.py
[2022-07-14 13:41:36,285] {processor.py:642} INFO - Processing file /opt/airflow/dags/sla_demo.py for tasks to queue
[2022-07-14 13:41:36,285] {logging_mixin.py:109} INFO - [2022-07-14 13:41:36,285] {dagbag.py:500} INFO - Filling up the DagBag from /opt/airflow/dags/sla_demo.py
[2022-07-14 13:41:36,297] {processor.py:652} INFO - DAG(s) dict_keys(['sla-dag']) retrieved from /opt/airflow/dags/sla_demo.py
[2022-07-14 13:41:36,310] {logging_mixin.py:109} INFO - [2022-07-14 13:41:36,310] {dag.py:2398} INFO - Sync 1 DAGs
[2022-07-14 13:41:36,320] {logging_mixin.py:109} INFO - [2022-07-14 13:41:36,320] {dag.py:2937} INFO - Setting next_dagrun for sla-dag to 2022-07-14T13:39:36.320575+00:00
[2022-07-14 13:41:36,326] {processor.py:171} INFO - Processing /opt/airflow/dags/sla_demo.py took 0.045 seconds
[2022-07-14 13:42:06,689] {processor.py:163} INFO - Started process (PID=48169) to work on /opt/airflow/dags/sla_demo.py
[2022-07-14 13:42:06,689] {processor.py:642} INFO - Processing file /opt/airflow/dags/sla_demo.py for tasks to queue
[2022-07-14 13:42:06,690] {logging_mixin.py:109} INFO - [2022-07-14 13:42:06,690] {dagbag.py:500} INFO - Filling up the DagBag from /opt/airflow/dags/sla_demo.py
[2022-07-14 13:42:06,701] {processor.py:652} INFO - DAG(s) dict_keys(['sla-dag']) retrieved from /opt/airflow/dags/sla_demo.py
[2022-07-14 13:42:06,714] {logging_mixin.py:109} INFO - [2022-07-14 13:42:06,714] {dag.py:2398} INFO - Sync 1 DAGs
[2022-07-14 13:42:06,725] {logging_mixin.py:109} INFO - [2022-07-14 13:42:06,725] {dag.py:2937} INFO - Setting next_dagrun for sla-dag to 2022-07-14T13:40:06.725473+00:00
[2022-07-14 13:42:06,730] {processor.py:171} INFO - Processing /opt/airflow/dags/sla_demo.py took 0.043 seconds
[2022-07-14 13:42:37,191] {processor.py:163} INFO - Started process (PID=48243) to work on /opt/airflow/dags/sla_demo.py
[2022-07-14 13:42:37,193] {processor.py:642} INFO - Processing file /opt/airflow/dags/sla_demo.py for tasks to queue
[2022-07-14 13:42:37,194] {logging_mixin.py:109} INFO - [2022-07-14 13:42:37,193] {dagbag.py:500} INFO - Filling up the DagBag from /opt/airflow/dags/sla_demo.py
[2022-07-14 13:42:37,208] {processor.py:652} INFO - DAG(s) dict_keys(['sla-dag']) retrieved from /opt/airflow/dags/sla_demo.py
[2022-07-14 13:42:37,221] {logging_mixin.py:109} INFO - [2022-07-14 13:42:37,221] {dag.py:2398} INFO - Sync 1 DAGs
[2022-07-14 13:42:37,232] {logging_mixin.py:109} INFO - [2022-07-14 13:42:37,231] {dag.py:2937} INFO - Setting next_dagrun for sla-dag to 2022-07-14T13:40:37.231708+00:00
[2022-07-14 13:42:37,238] {processor.py:171} INFO - Processing /opt/airflow/dags/sla_demo.py took 0.050 seconds
[2022-07-14 13:43:07,342] {processor.py:163} INFO - Started process (PID=48327) to work on /opt/airflow/dags/sla_demo.py
[2022-07-14 13:43:07,344] {processor.py:642} INFO - Processing file /opt/airflow/dags/sla_demo.py for tasks to queue
[2022-07-14 13:43:07,344] {logging_mixin.py:109} INFO - [2022-07-14 13:43:07,344] {dagbag.py:500} INFO - Filling up the DagBag from /opt/airflow/dags/sla_demo.py
[2022-07-14 13:43:07,355] {processor.py:652} INFO - DAG(s) dict_keys(['sla-dag']) retrieved from /opt/airflow/dags/sla_demo.py
[2022-07-14 13:43:07,366] {logging_mixin.py:109} INFO - [2022-07-14 13:43:07,366] {dag.py:2398} INFO - Sync 1 DAGs
[2022-07-14 13:43:07,379] {logging_mixin.py:109} INFO - [2022-07-14 13:43:07,379] {dag.py:2937} INFO - Setting next_dagrun for sla-dag to 2022-07-14T13:41:07.379137+00:00
[2022-07-14 13:43:07,385] {processor.py:171} INFO - Processing /opt/airflow/dags/sla_demo.py took 0.045 seconds
[2022-07-14 13:43:37,623] {processor.py:163} INFO - Started process (PID=48411) to work on /opt/airflow/dags/sla_demo.py
[2022-07-14 13:43:37,624] {processor.py:642} INFO - Processing file /opt/airflow/dags/sla_demo.py for tasks to queue
[2022-07-14 13:43:37,625] {logging_mixin.py:109} INFO - [2022-07-14 13:43:37,625] {dagbag.py:500} INFO - Filling up the DagBag from /opt/airflow/dags/sla_demo.py
[2022-07-14 13:43:37,635] {processor.py:652} INFO - DAG(s) dict_keys(['sla-dag']) retrieved from /opt/airflow/dags/sla_demo.py
[2022-07-14 13:43:37,649] {logging_mixin.py:109} INFO - [2022-07-14 13:43:37,649] {dag.py:2398} INFO - Sync 1 DAGs
[2022-07-14 13:43:37,662] {logging_mixin.py:109} INFO - [2022-07-14 13:43:37,662] {dag.py:2937} INFO - Setting next_dagrun for sla-dag to 2022-07-14T13:41:37.662198+00:00
[2022-07-14 13:43:37,668] {processor.py:171} INFO - Processing /opt/airflow/dags/sla_demo.py took 0.047 seconds
[2022-07-14 13:44:08,040] {processor.py:163} INFO - Started process (PID=48486) to work on /opt/airflow/dags/sla_demo.py
[2022-07-14 13:44:08,041] {processor.py:642} INFO - Processing file /opt/airflow/dags/sla_demo.py for tasks to queue
[2022-07-14 13:44:08,041] {logging_mixin.py:109} INFO - [2022-07-14 13:44:08,041] {dagbag.py:500} INFO - Filling up the DagBag from /opt/airflow/dags/sla_demo.py
[2022-07-14 13:44:08,052] {processor.py:652} INFO - DAG(s) dict_keys(['sla-dag']) retrieved from /opt/airflow/dags/sla_demo.py
[2022-07-14 13:44:08,064] {logging_mixin.py:109} INFO - [2022-07-14 13:44:08,063] {dag.py:2398} INFO - Sync 1 DAGs
[2022-07-14 13:44:08,074] {logging_mixin.py:109} INFO - [2022-07-14 13:44:08,074] {dag.py:2937} INFO - Setting next_dagrun for sla-dag to 2022-07-14T13:42:08.074043+00:00
[2022-07-14 13:44:08,078] {processor.py:171} INFO - Processing /opt/airflow/dags/sla_demo.py took 0.040 seconds
[2022-07-14 13:44:38,114] {processor.py:163} INFO - Started process (PID=48571) to work on /opt/airflow/dags/sla_demo.py
[2022-07-14 13:44:38,117] {processor.py:642} INFO - Processing file /opt/airflow/dags/sla_demo.py for tasks to queue
[2022-07-14 13:44:38,117] {logging_mixin.py:109} INFO - [2022-07-14 13:44:38,117] {dagbag.py:500} INFO - Filling up the DagBag from /opt/airflow/dags/sla_demo.py
[2022-07-14 13:44:38,130] {processor.py:652} INFO - DAG(s) dict_keys(['sla-dag']) retrieved from /opt/airflow/dags/sla_demo.py
[2022-07-14 13:44:38,144] {logging_mixin.py:109} INFO - [2022-07-14 13:44:38,144] {dag.py:2398} INFO - Sync 1 DAGs
[2022-07-14 13:44:38,156] {logging_mixin.py:109} INFO - [2022-07-14 13:44:38,156] {dag.py:2937} INFO - Setting next_dagrun for sla-dag to 2022-07-14T13:42:38.156005+00:00
[2022-07-14 13:44:38,161] {processor.py:171} INFO - Processing /opt/airflow/dags/sla_demo.py took 0.051 seconds
[2022-07-14 13:45:08,390] {processor.py:163} INFO - Started process (PID=48645) to work on /opt/airflow/dags/sla_demo.py
[2022-07-14 13:45:08,391] {processor.py:642} INFO - Processing file /opt/airflow/dags/sla_demo.py for tasks to queue
[2022-07-14 13:45:08,392] {logging_mixin.py:109} INFO - [2022-07-14 13:45:08,391] {dagbag.py:500} INFO - Filling up the DagBag from /opt/airflow/dags/sla_demo.py
[2022-07-14 13:45:08,402] {processor.py:652} INFO - DAG(s) dict_keys(['sla-dag']) retrieved from /opt/airflow/dags/sla_demo.py
[2022-07-14 13:45:08,416] {logging_mixin.py:109} INFO - [2022-07-14 13:45:08,416] {dag.py:2398} INFO - Sync 1 DAGs
[2022-07-14 13:45:08,432] {logging_mixin.py:109} INFO - [2022-07-14 13:45:08,432] {dag.py:2937} INFO - Setting next_dagrun for sla-dag to 2022-07-14T13:43:08.431841+00:00
[2022-07-14 13:45:08,438] {processor.py:171} INFO - Processing /opt/airflow/dags/sla_demo.py took 0.050 seconds
[2022-07-14 13:45:38,916] {processor.py:163} INFO - Started process (PID=48728) to work on /opt/airflow/dags/sla_demo.py
[2022-07-14 13:45:38,918] {processor.py:642} INFO - Processing file /opt/airflow/dags/sla_demo.py for tasks to queue
[2022-07-14 13:45:38,918] {logging_mixin.py:109} INFO - [2022-07-14 13:45:38,918] {dagbag.py:500} INFO - Filling up the DagBag from /opt/airflow/dags/sla_demo.py
[2022-07-14 13:45:38,929] {processor.py:652} INFO - DAG(s) dict_keys(['sla-dag']) retrieved from /opt/airflow/dags/sla_demo.py
[2022-07-14 13:45:38,945] {logging_mixin.py:109} INFO - [2022-07-14 13:45:38,945] {dag.py:2398} INFO - Sync 1 DAGs
[2022-07-14 13:45:38,957] {logging_mixin.py:109} INFO - [2022-07-14 13:45:38,957] {dag.py:2937} INFO - Setting next_dagrun for sla-dag to 2022-07-14T13:43:38.957025+00:00
[2022-07-14 13:45:38,962] {processor.py:171} INFO - Processing /opt/airflow/dags/sla_demo.py took 0.048 seconds
[2022-07-14 13:46:09,037] {processor.py:163} INFO - Started process (PID=48804) to work on /opt/airflow/dags/sla_demo.py
[2022-07-14 13:46:09,039] {processor.py:642} INFO - Processing file /opt/airflow/dags/sla_demo.py for tasks to queue
[2022-07-14 13:46:09,039] {logging_mixin.py:109} INFO - [2022-07-14 13:46:09,039] {dagbag.py:500} INFO - Filling up the DagBag from /opt/airflow/dags/sla_demo.py
[2022-07-14 13:46:09,049] {processor.py:652} INFO - DAG(s) dict_keys(['sla-dag']) retrieved from /opt/airflow/dags/sla_demo.py
[2022-07-14 13:46:09,061] {logging_mixin.py:109} INFO - [2022-07-14 13:46:09,061] {dag.py:2398} INFO - Sync 1 DAGs
[2022-07-14 13:46:09,073] {logging_mixin.py:109} INFO - [2022-07-14 13:46:09,073] {dag.py:2937} INFO - Setting next_dagrun for sla-dag to 2022-07-14T13:44:09.072896+00:00
[2022-07-14 13:46:09,078] {processor.py:171} INFO - Processing /opt/airflow/dags/sla_demo.py took 0.042 seconds
[2022-07-14 13:46:39,265] {processor.py:163} INFO - Started process (PID=48887) to work on /opt/airflow/dags/sla_demo.py
[2022-07-14 13:46:39,267] {processor.py:642} INFO - Processing file /opt/airflow/dags/sla_demo.py for tasks to queue
[2022-07-14 13:46:39,268] {logging_mixin.py:109} INFO - [2022-07-14 13:46:39,268] {dagbag.py:500} INFO - Filling up the DagBag from /opt/airflow/dags/sla_demo.py
[2022-07-14 13:46:39,285] {processor.py:652} INFO - DAG(s) dict_keys(['sla-dag']) retrieved from /opt/airflow/dags/sla_demo.py
[2022-07-14 13:46:39,298] {logging_mixin.py:109} INFO - [2022-07-14 13:46:39,298] {dag.py:2398} INFO - Sync 1 DAGs
[2022-07-14 13:46:39,308] {logging_mixin.py:109} INFO - [2022-07-14 13:46:39,308] {dag.py:2937} INFO - Setting next_dagrun for sla-dag to 2022-07-14T13:44:39.308034+00:00
[2022-07-14 13:46:39,314] {processor.py:171} INFO - Processing /opt/airflow/dags/sla_demo.py took 0.052 seconds
[2022-07-14 13:47:09,451] {processor.py:163} INFO - Started process (PID=48970) to work on /opt/airflow/dags/sla_demo.py
[2022-07-14 13:47:09,452] {processor.py:642} INFO - Processing file /opt/airflow/dags/sla_demo.py for tasks to queue
[2022-07-14 13:47:09,452] {logging_mixin.py:109} INFO - [2022-07-14 13:47:09,452] {dagbag.py:500} INFO - Filling up the DagBag from /opt/airflow/dags/sla_demo.py
[2022-07-14 13:47:09,464] {processor.py:652} INFO - DAG(s) dict_keys(['sla-dag']) retrieved from /opt/airflow/dags/sla_demo.py
[2022-07-14 13:47:09,479] {logging_mixin.py:109} INFO - [2022-07-14 13:47:09,479] {dag.py:2398} INFO - Sync 1 DAGs
[2022-07-14 13:47:09,491] {logging_mixin.py:109} INFO - [2022-07-14 13:47:09,491] {dag.py:2937} INFO - Setting next_dagrun for sla-dag to 2022-07-14T13:45:09.491031+00:00
[2022-07-14 13:47:09,499] {processor.py:171} INFO - Processing /opt/airflow/dags/sla_demo.py took 0.050 seconds
[2022-07-14 13:47:39,796] {processor.py:163} INFO - Started process (PID=49044) to work on /opt/airflow/dags/sla_demo.py
[2022-07-14 13:47:39,798] {processor.py:642} INFO - Processing file /opt/airflow/dags/sla_demo.py for tasks to queue
[2022-07-14 13:47:39,799] {logging_mixin.py:109} INFO - [2022-07-14 13:47:39,799] {dagbag.py:500} INFO - Filling up the DagBag from /opt/airflow/dags/sla_demo.py
[2022-07-14 13:47:39,810] {processor.py:652} INFO - DAG(s) dict_keys(['sla-dag']) retrieved from /opt/airflow/dags/sla_demo.py
[2022-07-14 13:47:39,823] {logging_mixin.py:109} INFO - [2022-07-14 13:47:39,823] {dag.py:2398} INFO - Sync 1 DAGs
[2022-07-14 13:47:39,833] {logging_mixin.py:109} INFO - [2022-07-14 13:47:39,833] {dag.py:2937} INFO - Setting next_dagrun for sla-dag to 2022-07-14T13:45:39.833716+00:00
[2022-07-14 13:47:39,838] {processor.py:171} INFO - Processing /opt/airflow/dags/sla_demo.py took 0.045 seconds
[2022-07-14 13:48:10,066] {processor.py:163} INFO - Started process (PID=49132) to work on /opt/airflow/dags/sla_demo.py
[2022-07-14 13:48:10,067] {processor.py:642} INFO - Processing file /opt/airflow/dags/sla_demo.py for tasks to queue
[2022-07-14 13:48:10,067] {logging_mixin.py:109} INFO - [2022-07-14 13:48:10,067] {dagbag.py:500} INFO - Filling up the DagBag from /opt/airflow/dags/sla_demo.py
[2022-07-14 13:48:10,078] {processor.py:652} INFO - DAG(s) dict_keys(['sla-dag']) retrieved from /opt/airflow/dags/sla_demo.py
[2022-07-14 13:48:10,090] {logging_mixin.py:109} INFO - [2022-07-14 13:48:10,090] {dag.py:2398} INFO - Sync 1 DAGs
[2022-07-14 13:48:10,101] {logging_mixin.py:109} INFO - [2022-07-14 13:48:10,101] {dag.py:2937} INFO - Setting next_dagrun for sla-dag to 2022-07-14T13:46:10.101464+00:00
[2022-07-14 13:48:10,106] {processor.py:171} INFO - Processing /opt/airflow/dags/sla_demo.py took 0.042 seconds
[2022-07-14 13:48:40,359] {processor.py:163} INFO - Started process (PID=49206) to work on /opt/airflow/dags/sla_demo.py
[2022-07-14 13:48:40,361] {processor.py:642} INFO - Processing file /opt/airflow/dags/sla_demo.py for tasks to queue
[2022-07-14 13:48:40,361] {logging_mixin.py:109} INFO - [2022-07-14 13:48:40,361] {dagbag.py:500} INFO - Filling up the DagBag from /opt/airflow/dags/sla_demo.py
[2022-07-14 13:48:40,372] {processor.py:652} INFO - DAG(s) dict_keys(['sla-dag']) retrieved from /opt/airflow/dags/sla_demo.py
[2022-07-14 13:48:40,385] {logging_mixin.py:109} INFO - [2022-07-14 13:48:40,385] {dag.py:2398} INFO - Sync 1 DAGs
[2022-07-14 13:48:40,397] {logging_mixin.py:109} INFO - [2022-07-14 13:48:40,397] {dag.py:2937} INFO - Setting next_dagrun for sla-dag to 2022-07-14T13:46:40.397212+00:00
[2022-07-14 13:48:40,401] {processor.py:171} INFO - Processing /opt/airflow/dags/sla_demo.py took 0.044 seconds
[2022-07-14 13:49:10,539] {processor.py:163} INFO - Started process (PID=49289) to work on /opt/airflow/dags/sla_demo.py
[2022-07-14 13:49:10,541] {processor.py:642} INFO - Processing file /opt/airflow/dags/sla_demo.py for tasks to queue
[2022-07-14 13:49:10,542] {logging_mixin.py:109} INFO - [2022-07-14 13:49:10,542] {dagbag.py:500} INFO - Filling up the DagBag from /opt/airflow/dags/sla_demo.py
[2022-07-14 13:49:10,551] {processor.py:652} INFO - DAG(s) dict_keys(['sla-dag']) retrieved from /opt/airflow/dags/sla_demo.py
[2022-07-14 13:49:10,565] {logging_mixin.py:109} INFO - [2022-07-14 13:49:10,565] {dag.py:2398} INFO - Sync 1 DAGs
[2022-07-14 13:49:10,576] {logging_mixin.py:109} INFO - [2022-07-14 13:49:10,576] {dag.py:2937} INFO - Setting next_dagrun for sla-dag to 2022-07-14T13:47:10.576306+00:00
[2022-07-14 13:49:10,581] {processor.py:171} INFO - Processing /opt/airflow/dags/sla_demo.py took 0.044 seconds
[2022-07-14 13:49:40,627] {processor.py:163} INFO - Started process (PID=49372) to work on /opt/airflow/dags/sla_demo.py
[2022-07-14 13:49:40,629] {processor.py:642} INFO - Processing file /opt/airflow/dags/sla_demo.py for tasks to queue
[2022-07-14 13:49:40,629] {logging_mixin.py:109} INFO - [2022-07-14 13:49:40,629] {dagbag.py:500} INFO - Filling up the DagBag from /opt/airflow/dags/sla_demo.py
[2022-07-14 13:49:40,641] {processor.py:652} INFO - DAG(s) dict_keys(['sla-dag']) retrieved from /opt/airflow/dags/sla_demo.py
[2022-07-14 13:49:40,660] {logging_mixin.py:109} INFO - [2022-07-14 13:49:40,659] {dag.py:2398} INFO - Sync 1 DAGs
[2022-07-14 13:49:40,677] {logging_mixin.py:109} INFO - [2022-07-14 13:49:40,677] {dag.py:2937} INFO - Setting next_dagrun for sla-dag to 2022-07-14T13:47:40.677491+00:00
[2022-07-14 13:49:40,685] {processor.py:171} INFO - Processing /opt/airflow/dags/sla_demo.py took 0.060 seconds
