[2022-07-13 05:09:02,106] {taskinstance.py:1043} INFO - Dependencies all met for <TaskInstance: xcom_dag.get_date scheduled__2022-07-12T00:00:00+00:00 [queued]>
[2022-07-13 05:09:02,112] {taskinstance.py:1043} INFO - Dependencies all met for <TaskInstance: xcom_dag.get_date scheduled__2022-07-12T00:00:00+00:00 [queued]>
[2022-07-13 05:09:02,112] {taskinstance.py:1249} INFO - 
--------------------------------------------------------------------------------
[2022-07-13 05:09:02,112] {taskinstance.py:1250} INFO - Starting attempt 1 of 1
[2022-07-13 05:09:02,113] {taskinstance.py:1251} INFO - 
--------------------------------------------------------------------------------
[2022-07-13 05:09:02,120] {taskinstance.py:1270} INFO - Executing <Task(PythonOperator): get_date> on 2022-07-12 00:00:00+00:00
[2022-07-13 05:09:02,123] {standard_task_runner.py:52} INFO - Started process 55 to run task
[2022-07-13 05:09:02,125] {standard_task_runner.py:79} INFO - Running: ['***', 'tasks', 'run', 'xcom_dag', 'get_date', 'scheduled__2022-07-12T00:00:00+00:00', '--job-id', '10', '--raw', '--subdir', 'DAGS_FOLDER/pythonoperator.py', '--cfg-path', '/tmp/tmp60n6bd2n', '--error-file', '/tmp/tmpuljleuzl']
[2022-07-13 05:09:02,125] {standard_task_runner.py:80} INFO - Job 10: Subtask get_date
[2022-07-13 05:09:02,167] {logging_mixin.py:109} INFO - Running <TaskInstance: xcom_dag.get_date scheduled__2022-07-12T00:00:00+00:00 [running]> on host fd5092ea7769
[2022-07-13 05:09:02,204] {taskinstance.py:1448} INFO - Exporting the following env vars:
AIRFLOW_CTX_DAG_OWNER=***
AIRFLOW_CTX_DAG_ID=xcom_dag
AIRFLOW_CTX_TASK_ID=get_date
AIRFLOW_CTX_EXECUTION_DATE=2022-07-12T00:00:00+00:00
AIRFLOW_CTX_DAG_RUN_ID=scheduled__2022-07-12T00:00:00+00:00
[2022-07-13 05:09:02,205] {python.py:175} INFO - Done. Returned value was: 2022-07-13 05:09:02.204978
[2022-07-13 05:09:02,220] {taskinstance.py:1288} INFO - Marking task as SUCCESS. dag_id=xcom_dag, task_id=get_date, execution_date=20220712T000000, start_date=20220713T050902, end_date=20220713T050902
[2022-07-13 05:09:02,257] {local_task_job.py:154} INFO - Task exited with return code 0
[2022-07-13 05:09:02,281] {local_task_job.py:264} INFO - 0 downstream tasks scheduled from follow-on schedule check
