[2022-07-08 05:13:00,935] {taskinstance.py:1043} INFO - Dependencies all met for <TaskInstance: example_complex.search_catalog manual__2022-07-08T05:12:51.766586+00:00 [queued]>
[2022-07-08 05:13:00,947] {taskinstance.py:1043} INFO - Dependencies all met for <TaskInstance: example_complex.search_catalog manual__2022-07-08T05:12:51.766586+00:00 [queued]>
[2022-07-08 05:13:00,947] {taskinstance.py:1249} INFO - 
--------------------------------------------------------------------------------
[2022-07-08 05:13:00,947] {taskinstance.py:1250} INFO - Starting attempt 1 of 1
[2022-07-08 05:13:00,947] {taskinstance.py:1251} INFO - 
--------------------------------------------------------------------------------
[2022-07-08 05:13:00,963] {taskinstance.py:1270} INFO - Executing <Task(BashOperator): search_catalog> on 2022-07-08 05:12:51.766586+00:00
[2022-07-08 05:13:00,969] {standard_task_runner.py:52} INFO - Started process 1828 to run task
[2022-07-08 05:13:00,972] {standard_task_runner.py:79} INFO - Running: ['***', 'tasks', 'run', 'example_complex', 'search_catalog', 'manual__2022-07-08T05:12:51.766586+00:00', '--job-id', '32', '--raw', '--subdir', '/home/***/.local/lib/python3.7/site-packages/***/example_dags/example_complex.py', '--cfg-path', '/tmp/tmp_z6c5sx5', '--error-file', '/tmp/tmp41_7npod']
[2022-07-08 05:13:00,972] {standard_task_runner.py:80} INFO - Job 32: Subtask search_catalog
[2022-07-08 05:13:01,033] {logging_mixin.py:109} INFO - Running <TaskInstance: example_complex.search_catalog manual__2022-07-08T05:12:51.766586+00:00 [running]> on host 6a15fbc57503
[2022-07-08 05:13:01,107] {taskinstance.py:1448} INFO - Exporting the following env vars:
AIRFLOW_CTX_DAG_OWNER=***
AIRFLOW_CTX_DAG_ID=example_complex
AIRFLOW_CTX_TASK_ID=search_catalog
AIRFLOW_CTX_EXECUTION_DATE=2022-07-08T05:12:51.766586+00:00
AIRFLOW_CTX_DAG_RUN_ID=manual__2022-07-08T05:12:51.766586+00:00
[2022-07-08 05:13:01,109] {subprocess.py:62} INFO - Tmp dir root location: 
 /tmp
[2022-07-08 05:13:01,110] {subprocess.py:74} INFO - Running command: ['bash', '-c', 'echo search_catalog']
[2022-07-08 05:13:01,130] {subprocess.py:85} INFO - Output:
[2022-07-08 05:13:01,132] {subprocess.py:89} INFO - search_catalog
[2022-07-08 05:13:01,132] {subprocess.py:93} INFO - Command exited with return code 0
[2022-07-08 05:13:01,180] {taskinstance.py:1288} INFO - Marking task as SUCCESS. dag_id=example_complex, task_id=search_catalog, execution_date=20220708T051251, start_date=20220708T051300, end_date=20220708T051301
[2022-07-08 05:13:01,230] {local_task_job.py:154} INFO - Task exited with return code 0
[2022-07-08 05:13:01,308] {local_task_job.py:264} INFO - 1 downstream tasks scheduled from follow-on schedule check
