[2022-06-27 08:13:01,182] {taskinstance.py:1043} INFO - Dependencies all met for <TaskInstance: first_airflow_dag.get_datetime scheduled__2022-06-27T08:12:00+00:00 [queued]>
[2022-06-27 08:13:01,187] {taskinstance.py:1043} INFO - Dependencies all met for <TaskInstance: first_airflow_dag.get_datetime scheduled__2022-06-27T08:12:00+00:00 [queued]>
[2022-06-27 08:13:01,187] {taskinstance.py:1249} INFO - 
--------------------------------------------------------------------------------
[2022-06-27 08:13:01,187] {taskinstance.py:1250} INFO - Starting attempt 1 of 1
[2022-06-27 08:13:01,187] {taskinstance.py:1251} INFO - 
--------------------------------------------------------------------------------
[2022-06-27 08:13:01,193] {taskinstance.py:1270} INFO - Executing <Task(BashOperator): get_datetime> on 2022-06-27 08:12:00+00:00
[2022-06-27 08:13:01,198] {standard_task_runner.py:52} INFO - Started process 4405 to run task
[2022-06-27 08:13:01,200] {standard_task_runner.py:79} INFO - Running: ['***', 'tasks', 'run', 'first_***_dag', 'get_datetime', 'scheduled__2022-06-27T08:12:00+00:00', '--job-id', '146', '--raw', '--subdir', 'DAGS_FOLDER/firstdemo.py', '--cfg-path', '/tmp/tmpr7jm1mzt', '--error-file', '/tmp/tmp2w297_wf']
[2022-06-27 08:13:01,201] {standard_task_runner.py:80} INFO - Job 146: Subtask get_datetime
[2022-06-27 08:13:01,236] {logging_mixin.py:109} INFO - Running <TaskInstance: first_***_dag.get_datetime scheduled__2022-06-27T08:12:00+00:00 [running]> on host f32f6d4577d5
[2022-06-27 08:13:01,268] {taskinstance.py:1448} INFO - Exporting the following env vars:
AIRFLOW_CTX_DAG_OWNER=***
AIRFLOW_CTX_DAG_ID=first_***_dag
AIRFLOW_CTX_TASK_ID=get_datetime
AIRFLOW_CTX_EXECUTION_DATE=2022-06-27T08:12:00+00:00
AIRFLOW_CTX_DAG_RUN_ID=scheduled__2022-06-27T08:12:00+00:00
[2022-06-27 08:13:01,268] {subprocess.py:62} INFO - Tmp dir root location: 
 /tmp
[2022-06-27 08:13:01,269] {subprocess.py:74} INFO - Running command: ['bash', '-c', 'date']
[2022-06-27 08:13:01,278] {subprocess.py:85} INFO - Output:
[2022-06-27 08:13:01,280] {subprocess.py:89} INFO - Mon Jun 27 08:13:01 UTC 2022
[2022-06-27 08:13:01,280] {subprocess.py:93} INFO - Command exited with return code 0
[2022-06-27 08:13:01,297] {taskinstance.py:1288} INFO - Marking task as SUCCESS. dag_id=first_***_dag, task_id=get_datetime, execution_date=20220627T081200, start_date=20220627T081301, end_date=20220627T081301
[2022-06-27 08:13:01,332] {local_task_job.py:154} INFO - Task exited with return code 0
[2022-06-27 08:13:01,351] {local_task_job.py:264} INFO - 0 downstream tasks scheduled from follow-on schedule check
