[2022-07-08 05:22:52,782] {taskinstance.py:1043} INFO - Dependencies all met for <TaskInstance: example_complex.lookup_entry manual__2022-07-08T05:22:48.487322+00:00 [queued]>
[2022-07-08 05:22:52,808] {taskinstance.py:1043} INFO - Dependencies all met for <TaskInstance: example_complex.lookup_entry manual__2022-07-08T05:22:48.487322+00:00 [queued]>
[2022-07-08 05:22:52,808] {taskinstance.py:1249} INFO - 
--------------------------------------------------------------------------------
[2022-07-08 05:22:52,811] {taskinstance.py:1250} INFO - Starting attempt 1 of 1
[2022-07-08 05:22:52,811] {taskinstance.py:1251} INFO - 
--------------------------------------------------------------------------------
[2022-07-08 05:22:52,841] {taskinstance.py:1270} INFO - Executing <Task(BashOperator): lookup_entry> on 2022-07-08 05:22:48.487322+00:00
[2022-07-08 05:22:52,846] {standard_task_runner.py:52} INFO - Started process 2409 to run task
[2022-07-08 05:22:52,850] {standard_task_runner.py:79} INFO - Running: ['***', 'tasks', 'run', 'example_complex', 'lookup_entry', 'manual__2022-07-08T05:22:48.487322+00:00', '--job-id', '68', '--raw', '--subdir', 'DAGS_FOLDER/complex_task.py', '--cfg-path', '/tmp/tmppseqkmry', '--error-file', '/tmp/tmp_2grpqu9']
[2022-07-08 05:22:52,850] {standard_task_runner.py:80} INFO - Job 68: Subtask lookup_entry
[2022-07-08 05:22:52,975] {logging_mixin.py:109} INFO - Running <TaskInstance: example_complex.lookup_entry manual__2022-07-08T05:22:48.487322+00:00 [running]> on host 6a15fbc57503
[2022-07-08 05:22:53,126] {taskinstance.py:1448} INFO - Exporting the following env vars:
AIRFLOW_CTX_DAG_OWNER=***
AIRFLOW_CTX_DAG_ID=example_complex
AIRFLOW_CTX_TASK_ID=lookup_entry
AIRFLOW_CTX_EXECUTION_DATE=2022-07-08T05:22:48.487322+00:00
AIRFLOW_CTX_DAG_RUN_ID=manual__2022-07-08T05:22:48.487322+00:00
[2022-07-08 05:22:53,127] {subprocess.py:62} INFO - Tmp dir root location: 
 /tmp
[2022-07-08 05:22:53,127] {subprocess.py:74} INFO - Running command: ['bash', '-c', 'echo lookup_entry']
[2022-07-08 05:22:53,144] {subprocess.py:85} INFO - Output:
[2022-07-08 05:22:53,145] {subprocess.py:89} INFO - lookup_entry
[2022-07-08 05:22:53,146] {subprocess.py:93} INFO - Command exited with return code 0
[2022-07-08 05:22:53,299] {taskinstance.py:1288} INFO - Marking task as SUCCESS. dag_id=example_complex, task_id=lookup_entry, execution_date=20220708T052248, start_date=20220708T052252, end_date=20220708T052253
[2022-07-08 05:22:53,366] {local_task_job.py:154} INFO - Task exited with return code 0
[2022-07-08 05:22:53,440] {local_task_job.py:264} INFO - 1 downstream tasks scheduled from follow-on schedule check
