[2022-07-08 05:23:00,849] {taskinstance.py:1043} INFO - Dependencies all met for <TaskInstance: example_complex.get_tag_template_result manual__2022-07-08T05:22:51.064014+00:00 [queued]>
[2022-07-08 05:23:00,860] {taskinstance.py:1043} INFO - Dependencies all met for <TaskInstance: example_complex.get_tag_template_result manual__2022-07-08T05:22:51.064014+00:00 [queued]>
[2022-07-08 05:23:00,860] {taskinstance.py:1249} INFO - 
--------------------------------------------------------------------------------
[2022-07-08 05:23:00,860] {taskinstance.py:1250} INFO - Starting attempt 1 of 1
[2022-07-08 05:23:00,860] {taskinstance.py:1251} INFO - 
--------------------------------------------------------------------------------
[2022-07-08 05:23:00,871] {taskinstance.py:1270} INFO - Executing <Task(BashOperator): get_tag_template_result> on 2022-07-08 05:22:51.064014+00:00
[2022-07-08 05:23:00,875] {standard_task_runner.py:52} INFO - Started process 2581 to run task
[2022-07-08 05:23:00,878] {standard_task_runner.py:79} INFO - Running: ['***', 'tasks', 'run', 'example_complex', 'get_tag_template_result', 'manual__2022-07-08T05:22:51.064014+00:00', '--job-id', '128', '--raw', '--subdir', 'DAGS_FOLDER/complex_task.py', '--cfg-path', '/tmp/tmp9c4wzj99', '--error-file', '/tmp/tmpfmrgrkvo']
[2022-07-08 05:23:00,878] {standard_task_runner.py:80} INFO - Job 128: Subtask get_tag_template_result
[2022-07-08 05:23:00,939] {logging_mixin.py:109} INFO - Running <TaskInstance: example_complex.get_tag_template_result manual__2022-07-08T05:22:51.064014+00:00 [running]> on host 6a15fbc57503
[2022-07-08 05:23:00,991] {taskinstance.py:1448} INFO - Exporting the following env vars:
AIRFLOW_CTX_DAG_OWNER=***
AIRFLOW_CTX_DAG_ID=example_complex
AIRFLOW_CTX_TASK_ID=get_tag_template_result
AIRFLOW_CTX_EXECUTION_DATE=2022-07-08T05:22:51.064014+00:00
AIRFLOW_CTX_DAG_RUN_ID=manual__2022-07-08T05:22:51.064014+00:00
[2022-07-08 05:23:00,993] {subprocess.py:62} INFO - Tmp dir root location: 
 /tmp
[2022-07-08 05:23:00,994] {subprocess.py:74} INFO - Running command: ['bash', '-c', 'echo get_tag_template_result']
[2022-07-08 05:23:01,014] {subprocess.py:85} INFO - Output:
[2022-07-08 05:23:01,015] {subprocess.py:89} INFO - get_tag_template_result
[2022-07-08 05:23:01,020] {subprocess.py:93} INFO - Command exited with return code 0
[2022-07-08 05:23:01,074] {taskinstance.py:1288} INFO - Marking task as SUCCESS. dag_id=example_complex, task_id=get_tag_template_result, execution_date=20220708T052251, start_date=20220708T052300, end_date=20220708T052301
[2022-07-08 05:23:01,137] {local_task_job.py:154} INFO - Task exited with return code 0
[2022-07-08 05:23:01,195] {local_task_job.py:264} INFO - 0 downstream tasks scheduled from follow-on schedule check
