[2022-07-08 05:22:59,643] {taskinstance.py:1043} INFO - Dependencies all met for <TaskInstance: example_complex.update_tag manual__2022-07-08T05:22:48.487322+00:00 [queued]>
[2022-07-08 05:22:59,659] {taskinstance.py:1043} INFO - Dependencies all met for <TaskInstance: example_complex.update_tag manual__2022-07-08T05:22:48.487322+00:00 [queued]>
[2022-07-08 05:22:59,660] {taskinstance.py:1249} INFO - 
--------------------------------------------------------------------------------
[2022-07-08 05:22:59,660] {taskinstance.py:1250} INFO - Starting attempt 1 of 1
[2022-07-08 05:22:59,660] {taskinstance.py:1251} INFO - 
--------------------------------------------------------------------------------
[2022-07-08 05:22:59,701] {taskinstance.py:1270} INFO - Executing <Task(BashOperator): update_tag> on 2022-07-08 05:22:48.487322+00:00
[2022-07-08 05:22:59,706] {standard_task_runner.py:52} INFO - Started process 2544 to run task
[2022-07-08 05:22:59,720] {standard_task_runner.py:79} INFO - Running: ['***', 'tasks', 'run', 'example_complex', 'update_tag', 'manual__2022-07-08T05:22:48.487322+00:00', '--job-id', '112', '--raw', '--subdir', 'DAGS_FOLDER/complex_task.py', '--cfg-path', '/tmp/tmptnah5_0h', '--error-file', '/tmp/tmpl1ya0n18']
[2022-07-08 05:22:59,720] {standard_task_runner.py:80} INFO - Job 112: Subtask update_tag
[2022-07-08 05:22:59,858] {logging_mixin.py:109} INFO - Running <TaskInstance: example_complex.update_tag manual__2022-07-08T05:22:48.487322+00:00 [running]> on host 6a15fbc57503
[2022-07-08 05:22:59,945] {taskinstance.py:1448} INFO - Exporting the following env vars:
AIRFLOW_CTX_DAG_OWNER=***
AIRFLOW_CTX_DAG_ID=example_complex
AIRFLOW_CTX_TASK_ID=update_tag
AIRFLOW_CTX_EXECUTION_DATE=2022-07-08T05:22:48.487322+00:00
AIRFLOW_CTX_DAG_RUN_ID=manual__2022-07-08T05:22:48.487322+00:00
[2022-07-08 05:22:59,947] {subprocess.py:62} INFO - Tmp dir root location: 
 /tmp
[2022-07-08 05:22:59,947] {subprocess.py:74} INFO - Running command: ['bash', '-c', 'echo update_tag']
[2022-07-08 05:22:59,969] {subprocess.py:85} INFO - Output:
[2022-07-08 05:22:59,971] {subprocess.py:89} INFO - update_tag
[2022-07-08 05:22:59,972] {subprocess.py:93} INFO - Command exited with return code 0
[2022-07-08 05:23:00,013] {taskinstance.py:1288} INFO - Marking task as SUCCESS. dag_id=example_complex, task_id=update_tag, execution_date=20220708T052248, start_date=20220708T052259, end_date=20220708T052300
[2022-07-08 05:23:00,049] {local_task_job.py:154} INFO - Task exited with return code 0
[2022-07-08 05:23:00,131] {local_task_job.py:264} INFO - 0 downstream tasks scheduled from follow-on schedule check
