[2022-07-08 05:22:55,657] {taskinstance.py:1043} INFO - Dependencies all met for <TaskInstance: example_complex.create_tag_result manual__2022-07-08T05:22:46.156602+00:00 [queued]>
[2022-07-08 05:22:55,695] {taskinstance.py:1043} INFO - Dependencies all met for <TaskInstance: example_complex.create_tag_result manual__2022-07-08T05:22:46.156602+00:00 [queued]>
[2022-07-08 05:22:55,695] {taskinstance.py:1249} INFO - 
--------------------------------------------------------------------------------
[2022-07-08 05:22:55,695] {taskinstance.py:1250} INFO - Starting attempt 1 of 1
[2022-07-08 05:22:55,695] {taskinstance.py:1251} INFO - 
--------------------------------------------------------------------------------
[2022-07-08 05:22:55,719] {taskinstance.py:1270} INFO - Executing <Task(BashOperator): create_tag_result> on 2022-07-08 05:22:46.156602+00:00
[2022-07-08 05:22:55,726] {standard_task_runner.py:52} INFO - Started process 2471 to run task
[2022-07-08 05:22:55,730] {standard_task_runner.py:79} INFO - Running: ['***', 'tasks', 'run', 'example_complex', 'create_tag_result', 'manual__2022-07-08T05:22:46.156602+00:00', '--job-id', '94', '--raw', '--subdir', 'DAGS_FOLDER/complex_task.py', '--cfg-path', '/tmp/tmpdbuzufim', '--error-file', '/tmp/tmp5wmtj2sx']
[2022-07-08 05:22:55,730] {standard_task_runner.py:80} INFO - Job 94: Subtask create_tag_result
[2022-07-08 05:22:55,870] {logging_mixin.py:109} INFO - Running <TaskInstance: example_complex.create_tag_result manual__2022-07-08T05:22:46.156602+00:00 [running]> on host 6a15fbc57503
[2022-07-08 05:22:55,937] {taskinstance.py:1448} INFO - Exporting the following env vars:
AIRFLOW_CTX_DAG_OWNER=***
AIRFLOW_CTX_DAG_ID=example_complex
AIRFLOW_CTX_TASK_ID=create_tag_result
AIRFLOW_CTX_EXECUTION_DATE=2022-07-08T05:22:46.156602+00:00
AIRFLOW_CTX_DAG_RUN_ID=manual__2022-07-08T05:22:46.156602+00:00
[2022-07-08 05:22:55,938] {subprocess.py:62} INFO - Tmp dir root location: 
 /tmp
[2022-07-08 05:22:55,939] {subprocess.py:74} INFO - Running command: ['bash', '-c', 'echo create_tag_result']
[2022-07-08 05:22:55,949] {subprocess.py:85} INFO - Output:
[2022-07-08 05:22:55,950] {subprocess.py:89} INFO - create_tag_result
[2022-07-08 05:22:55,951] {subprocess.py:93} INFO - Command exited with return code 0
[2022-07-08 05:22:56,006] {taskinstance.py:1288} INFO - Marking task as SUCCESS. dag_id=example_complex, task_id=create_tag_result, execution_date=20220708T052246, start_date=20220708T052255, end_date=20220708T052256
[2022-07-08 05:22:56,051] {local_task_job.py:154} INFO - Task exited with return code 0
[2022-07-08 05:22:56,103] {local_task_job.py:264} INFO - 0 downstream tasks scheduled from follow-on schedule check
