[2022-07-08 05:22:51,063] {taskinstance.py:1043} INFO - Dependencies all met for <TaskInstance: example_complex.create_entry_gcs manual__2022-07-08T05:22:48.487322+00:00 [queued]>
[2022-07-08 05:22:51,079] {taskinstance.py:1043} INFO - Dependencies all met for <TaskInstance: example_complex.create_entry_gcs manual__2022-07-08T05:22:48.487322+00:00 [queued]>
[2022-07-08 05:22:51,080] {taskinstance.py:1249} INFO - 
--------------------------------------------------------------------------------
[2022-07-08 05:22:51,080] {taskinstance.py:1250} INFO - Starting attempt 1 of 1
[2022-07-08 05:22:51,080] {taskinstance.py:1251} INFO - 
--------------------------------------------------------------------------------
[2022-07-08 05:22:51,105] {taskinstance.py:1270} INFO - Executing <Task(BashOperator): create_entry_gcs> on 2022-07-08 05:22:48.487322+00:00
[2022-07-08 05:22:51,112] {standard_task_runner.py:52} INFO - Started process 2378 to run task
[2022-07-08 05:22:51,120] {standard_task_runner.py:79} INFO - Running: ['***', 'tasks', 'run', 'example_complex', 'create_entry_gcs', 'manual__2022-07-08T05:22:48.487322+00:00', '--job-id', '65', '--raw', '--subdir', 'DAGS_FOLDER/complex_task.py', '--cfg-path', '/tmp/tmp14r0ip0g', '--error-file', '/tmp/tmpsj_p3jvy']
[2022-07-08 05:22:51,124] {standard_task_runner.py:80} INFO - Job 65: Subtask create_entry_gcs
[2022-07-08 05:22:51,222] {logging_mixin.py:109} INFO - Running <TaskInstance: example_complex.create_entry_gcs manual__2022-07-08T05:22:48.487322+00:00 [running]> on host 6a15fbc57503
[2022-07-08 05:22:51,320] {taskinstance.py:1448} INFO - Exporting the following env vars:
AIRFLOW_CTX_DAG_OWNER=***
AIRFLOW_CTX_DAG_ID=example_complex
AIRFLOW_CTX_TASK_ID=create_entry_gcs
AIRFLOW_CTX_EXECUTION_DATE=2022-07-08T05:22:48.487322+00:00
AIRFLOW_CTX_DAG_RUN_ID=manual__2022-07-08T05:22:48.487322+00:00
[2022-07-08 05:22:51,321] {subprocess.py:62} INFO - Tmp dir root location: 
 /tmp
[2022-07-08 05:22:51,322] {subprocess.py:74} INFO - Running command: ['bash', '-c', 'echo create_entry_gcs']
[2022-07-08 05:22:51,337] {subprocess.py:85} INFO - Output:
[2022-07-08 05:22:51,338] {subprocess.py:89} INFO - create_entry_gcs
[2022-07-08 05:22:51,339] {subprocess.py:93} INFO - Command exited with return code 0
[2022-07-08 05:22:51,400] {taskinstance.py:1288} INFO - Marking task as SUCCESS. dag_id=example_complex, task_id=create_entry_gcs, execution_date=20220708T052248, start_date=20220708T052251, end_date=20220708T052251
[2022-07-08 05:22:51,465] {local_task_job.py:154} INFO - Task exited with return code 0
[2022-07-08 05:22:51,538] {local_task_job.py:264} INFO - 6 downstream tasks scheduled from follow-on schedule check
