[2022-07-12 05:17:32,602] {taskinstance.py:1043} INFO - Dependencies all met for <TaskInstance: example_complex.list_tags manual__2022-07-12T05:17:25.362660+00:00 [queued]>
[2022-07-12 05:17:32,614] {taskinstance.py:1043} INFO - Dependencies all met for <TaskInstance: example_complex.list_tags manual__2022-07-12T05:17:25.362660+00:00 [queued]>
[2022-07-12 05:17:32,614] {taskinstance.py:1249} INFO - 
--------------------------------------------------------------------------------
[2022-07-12 05:17:32,614] {taskinstance.py:1250} INFO - Starting attempt 1 of 1
[2022-07-12 05:17:32,614] {taskinstance.py:1251} INFO - 
--------------------------------------------------------------------------------
[2022-07-12 05:17:32,631] {taskinstance.py:1270} INFO - Executing <Task(BashOperator): list_tags> on 2022-07-12 05:17:25.362660+00:00
[2022-07-12 05:17:32,639] {standard_task_runner.py:52} INFO - Started process 187 to run task
[2022-07-12 05:17:32,641] {standard_task_runner.py:79} INFO - Running: ['***', 'tasks', 'run', 'example_complex', 'list_tags', 'manual__2022-07-12T05:17:25.362660+00:00', '--job-id', '32', '--raw', '--subdir', '/home/***/.local/lib/python3.7/site-packages/***/example_dags/example_complex.py', '--cfg-path', '/tmp/tmpl7eylq5o', '--error-file', '/tmp/tmp_jnkiyr4']
[2022-07-12 05:17:32,642] {standard_task_runner.py:80} INFO - Job 32: Subtask list_tags
[2022-07-12 05:17:32,690] {logging_mixin.py:109} INFO - Running <TaskInstance: example_complex.list_tags manual__2022-07-12T05:17:25.362660+00:00 [running]> on host 4b3cd1d754ba
[2022-07-12 05:17:32,754] {taskinstance.py:1448} INFO - Exporting the following env vars:
AIRFLOW_CTX_DAG_OWNER=***
AIRFLOW_CTX_DAG_ID=example_complex
AIRFLOW_CTX_TASK_ID=list_tags
AIRFLOW_CTX_EXECUTION_DATE=2022-07-12T05:17:25.362660+00:00
AIRFLOW_CTX_DAG_RUN_ID=manual__2022-07-12T05:17:25.362660+00:00
[2022-07-12 05:17:32,755] {subprocess.py:62} INFO - Tmp dir root location: 
 /tmp
[2022-07-12 05:17:32,755] {subprocess.py:74} INFO - Running command: ['bash', '-c', 'echo list_tags']
[2022-07-12 05:17:32,767] {subprocess.py:85} INFO - Output:
[2022-07-12 05:17:32,768] {subprocess.py:89} INFO - list_tags
[2022-07-12 05:17:32,769] {subprocess.py:93} INFO - Command exited with return code 0
[2022-07-12 05:17:32,789] {taskinstance.py:1288} INFO - Marking task as SUCCESS. dag_id=example_complex, task_id=list_tags, execution_date=20220712T051725, start_date=20220712T051732, end_date=20220712T051732
[2022-07-12 05:17:32,815] {local_task_job.py:154} INFO - Task exited with return code 0
[2022-07-12 05:17:32,841] {local_task_job.py:264} INFO - 1 downstream tasks scheduled from follow-on schedule check
