[2022-07-08 05:22:55,490] {taskinstance.py:1043} INFO - Dependencies all met for <TaskInstance: example_complex.create_tag_result2 manual__2022-07-08T05:22:46.156602+00:00 [queued]>
[2022-07-08 05:22:55,539] {taskinstance.py:1043} INFO - Dependencies all met for <TaskInstance: example_complex.create_tag_result2 manual__2022-07-08T05:22:46.156602+00:00 [queued]>
[2022-07-08 05:22:55,540] {taskinstance.py:1249} INFO - 
--------------------------------------------------------------------------------
[2022-07-08 05:22:55,540] {taskinstance.py:1250} INFO - Starting attempt 1 of 1
[2022-07-08 05:22:55,540] {taskinstance.py:1251} INFO - 
--------------------------------------------------------------------------------
[2022-07-08 05:22:55,567] {taskinstance.py:1270} INFO - Executing <Task(BashOperator): create_tag_result2> on 2022-07-08 05:22:46.156602+00:00
[2022-07-08 05:22:55,574] {standard_task_runner.py:52} INFO - Started process 2464 to run task
[2022-07-08 05:22:55,582] {standard_task_runner.py:79} INFO - Running: ['***', 'tasks', 'run', 'example_complex', 'create_tag_result2', 'manual__2022-07-08T05:22:46.156602+00:00', '--job-id', '89', '--raw', '--subdir', 'DAGS_FOLDER/complex_task.py', '--cfg-path', '/tmp/tmpgx_5ez42', '--error-file', '/tmp/tmpggkrb6ud']
[2022-07-08 05:22:55,582] {standard_task_runner.py:80} INFO - Job 89: Subtask create_tag_result2
[2022-07-08 05:22:55,721] {logging_mixin.py:109} INFO - Running <TaskInstance: example_complex.create_tag_result2 manual__2022-07-08T05:22:46.156602+00:00 [running]> on host 6a15fbc57503
[2022-07-08 05:22:55,849] {taskinstance.py:1448} INFO - Exporting the following env vars:
AIRFLOW_CTX_DAG_OWNER=***
AIRFLOW_CTX_DAG_ID=example_complex
AIRFLOW_CTX_TASK_ID=create_tag_result2
AIRFLOW_CTX_EXECUTION_DATE=2022-07-08T05:22:46.156602+00:00
AIRFLOW_CTX_DAG_RUN_ID=manual__2022-07-08T05:22:46.156602+00:00
[2022-07-08 05:22:55,851] {subprocess.py:62} INFO - Tmp dir root location: 
 /tmp
[2022-07-08 05:22:55,852] {subprocess.py:74} INFO - Running command: ['bash', '-c', 'echo create_tag_result2']
[2022-07-08 05:22:55,863] {subprocess.py:85} INFO - Output:
[2022-07-08 05:22:55,866] {subprocess.py:89} INFO - create_tag_result2
[2022-07-08 05:22:55,866] {subprocess.py:93} INFO - Command exited with return code 0
[2022-07-08 05:22:55,935] {taskinstance.py:1288} INFO - Marking task as SUCCESS. dag_id=example_complex, task_id=create_tag_result2, execution_date=20220708T052246, start_date=20220708T052255, end_date=20220708T052255
[2022-07-08 05:22:55,982] {local_task_job.py:154} INFO - Task exited with return code 0
[2022-07-08 05:22:56,083] {local_task_job.py:264} INFO - 0 downstream tasks scheduled from follow-on schedule check
