[2022-07-11 08:34:36,708] {taskinstance.py:1043} INFO - Dependencies all met for <TaskInstance: example_complex.delete_entry_group manual__2022-07-11T08:34:25.102423+00:00 [queued]>
[2022-07-11 08:34:36,714] {taskinstance.py:1043} INFO - Dependencies all met for <TaskInstance: example_complex.delete_entry_group manual__2022-07-11T08:34:25.102423+00:00 [queued]>
[2022-07-11 08:34:36,714] {taskinstance.py:1249} INFO - 
--------------------------------------------------------------------------------
[2022-07-11 08:34:36,714] {taskinstance.py:1250} INFO - Starting attempt 1 of 1
[2022-07-11 08:34:36,714] {taskinstance.py:1251} INFO - 
--------------------------------------------------------------------------------
[2022-07-11 08:34:36,720] {taskinstance.py:1270} INFO - Executing <Task(BashOperator): delete_entry_group> on 2022-07-11 08:34:25.102423+00:00
[2022-07-11 08:34:36,724] {standard_task_runner.py:52} INFO - Started process 3768 to run task
[2022-07-11 08:34:36,726] {standard_task_runner.py:79} INFO - Running: ['***', 'tasks', 'run', 'example_complex', 'delete_entry_group', 'manual__2022-07-11T08:34:25.102423+00:00', '--job-id', '38', '--raw', '--subdir', '/home/***/.local/lib/python3.7/site-packages/***/example_dags/example_complex.py', '--cfg-path', '/tmp/tmp7xgxs_u2', '--error-file', '/tmp/tmpo7266nug']
[2022-07-11 08:34:36,726] {standard_task_runner.py:80} INFO - Job 38: Subtask delete_entry_group
[2022-07-11 08:34:36,755] {logging_mixin.py:109} INFO - Running <TaskInstance: example_complex.delete_entry_group manual__2022-07-11T08:34:25.102423+00:00 [running]> on host 1f92e2add508
[2022-07-11 08:34:36,783] {taskinstance.py:1448} INFO - Exporting the following env vars:
AIRFLOW_CTX_DAG_OWNER=***
AIRFLOW_CTX_DAG_ID=example_complex
AIRFLOW_CTX_TASK_ID=delete_entry_group
AIRFLOW_CTX_EXECUTION_DATE=2022-07-11T08:34:25.102423+00:00
AIRFLOW_CTX_DAG_RUN_ID=manual__2022-07-11T08:34:25.102423+00:00
[2022-07-11 08:34:36,784] {subprocess.py:62} INFO - Tmp dir root location: 
 /tmp
[2022-07-11 08:34:36,784] {subprocess.py:74} INFO - Running command: ['bash', '-c', 'echo delete_entry_group']
[2022-07-11 08:34:36,792] {subprocess.py:85} INFO - Output:
[2022-07-11 08:34:36,793] {subprocess.py:89} INFO - delete_entry_group
[2022-07-11 08:34:36,793] {subprocess.py:93} INFO - Command exited with return code 0
[2022-07-11 08:34:36,808] {taskinstance.py:1288} INFO - Marking task as SUCCESS. dag_id=example_complex, task_id=delete_entry_group, execution_date=20220711T083425, start_date=20220711T083436, end_date=20220711T083436
[2022-07-11 08:34:36,818] {local_task_job.py:154} INFO - Task exited with return code 0
[2022-07-11 08:34:36,839] {local_task_job.py:264} INFO - 1 downstream tasks scheduled from follow-on schedule check
