[2022-07-13 11:34:00,767] {taskinstance.py:1043} INFO - Dependencies all met for <TaskInstance: example_sla_dag.sleep_20 scheduled__2022-07-13T11:32:00+00:00 [queued]>
[2022-07-13 11:34:00,779] {taskinstance.py:1043} INFO - Dependencies all met for <TaskInstance: example_sla_dag.sleep_20 scheduled__2022-07-13T11:32:00+00:00 [queued]>
[2022-07-13 11:34:00,779] {taskinstance.py:1249} INFO - 
--------------------------------------------------------------------------------
[2022-07-13 11:34:00,780] {taskinstance.py:1250} INFO - Starting attempt 1 of 1
[2022-07-13 11:34:00,780] {taskinstance.py:1251} INFO - 
--------------------------------------------------------------------------------
[2022-07-13 11:34:00,789] {taskinstance.py:1270} INFO - Executing <Task(_PythonDecoratedOperator): sleep_20> on 2022-07-13 11:32:00+00:00
[2022-07-13 11:34:00,793] {standard_task_runner.py:52} INFO - Started process 5091 to run task
[2022-07-13 11:34:00,795] {standard_task_runner.py:79} INFO - Running: ['***', 'tasks', 'run', 'example_sla_dag', 'sleep_20', 'scheduled__2022-07-13T11:32:00+00:00', '--job-id', '25', '--raw', '--subdir', '/home/***/.local/lib/python3.7/site-packages/***/example_dags/example_sla_dag.py', '--cfg-path', '/tmp/tmpr21rpi41', '--error-file', '/tmp/tmp3z1pis4x']
[2022-07-13 11:34:00,796] {standard_task_runner.py:80} INFO - Job 25: Subtask sleep_20
[2022-07-13 11:34:00,833] {logging_mixin.py:109} INFO - Running <TaskInstance: example_sla_dag.sleep_20 scheduled__2022-07-13T11:32:00+00:00 [running]> on host 6e07f662a6b4
[2022-07-13 11:34:00,873] {taskinstance.py:1448} INFO - Exporting the following env vars:
AIRFLOW_CTX_DAG_EMAIL=email@example.com
AIRFLOW_CTX_DAG_OWNER=***
AIRFLOW_CTX_DAG_ID=example_sla_dag
AIRFLOW_CTX_TASK_ID=sleep_20
AIRFLOW_CTX_EXECUTION_DATE=2022-07-13T11:32:00+00:00
AIRFLOW_CTX_DAG_RUN_ID=scheduled__2022-07-13T11:32:00+00:00
[2022-07-13 11:34:20,890] {python.py:175} INFO - Done. Returned value was: None
[2022-07-13 11:34:20,898] {taskinstance.py:1288} INFO - Marking task as SUCCESS. dag_id=example_sla_dag, task_id=sleep_20, execution_date=20220713T113200, start_date=20220713T113400, end_date=20220713T113420
[2022-07-13 11:34:20,947] {local_task_job.py:154} INFO - Task exited with return code 0
[2022-07-13 11:34:20,966] {local_task_job.py:264} INFO - 1 downstream tasks scheduled from follow-on schedule check
