[2022-07-08 05:23:06,140] {taskinstance.py:1043} INFO - Dependencies all met for <TaskInstance: example_complex.delete_tag_template manual__2022-07-08T05:22:51.064014+00:00 [queued]>
[2022-07-08 05:23:06,151] {taskinstance.py:1043} INFO - Dependencies all met for <TaskInstance: example_complex.delete_tag_template manual__2022-07-08T05:22:51.064014+00:00 [queued]>
[2022-07-08 05:23:06,151] {taskinstance.py:1249} INFO - 
--------------------------------------------------------------------------------
[2022-07-08 05:23:06,151] {taskinstance.py:1250} INFO - Starting attempt 1 of 1
[2022-07-08 05:23:06,151] {taskinstance.py:1251} INFO - 
--------------------------------------------------------------------------------
[2022-07-08 05:23:06,161] {taskinstance.py:1270} INFO - Executing <Task(BashOperator): delete_tag_template> on 2022-07-08 05:22:51.064014+00:00
[2022-07-08 05:23:06,165] {standard_task_runner.py:52} INFO - Started process 2657 to run task
[2022-07-08 05:23:06,168] {standard_task_runner.py:79} INFO - Running: ['***', 'tasks', 'run', 'example_complex', 'delete_tag_template', 'manual__2022-07-08T05:22:51.064014+00:00', '--job-id', '151', '--raw', '--subdir', '/home/***/.local/lib/python3.7/site-packages/***/example_dags/example_complex.py', '--cfg-path', '/tmp/tmprnbgmmmf', '--error-file', '/tmp/tmpw6_hyff4']
[2022-07-08 05:23:06,168] {standard_task_runner.py:80} INFO - Job 151: Subtask delete_tag_template
[2022-07-08 05:23:06,205] {logging_mixin.py:109} INFO - Running <TaskInstance: example_complex.delete_tag_template manual__2022-07-08T05:22:51.064014+00:00 [running]> on host 6a15fbc57503
[2022-07-08 05:23:06,244] {taskinstance.py:1448} INFO - Exporting the following env vars:
AIRFLOW_CTX_DAG_OWNER=***
AIRFLOW_CTX_DAG_ID=example_complex
AIRFLOW_CTX_TASK_ID=delete_tag_template
AIRFLOW_CTX_EXECUTION_DATE=2022-07-08T05:22:51.064014+00:00
AIRFLOW_CTX_DAG_RUN_ID=manual__2022-07-08T05:22:51.064014+00:00
[2022-07-08 05:23:06,245] {subprocess.py:62} INFO - Tmp dir root location: 
 /tmp
[2022-07-08 05:23:06,246] {subprocess.py:74} INFO - Running command: ['bash', '-c', 'echo delete_tag_template']
[2022-07-08 05:23:06,253] {subprocess.py:85} INFO - Output:
[2022-07-08 05:23:06,254] {subprocess.py:89} INFO - delete_tag_template
[2022-07-08 05:23:06,254] {subprocess.py:93} INFO - Command exited with return code 0
[2022-07-08 05:23:06,269] {taskinstance.py:1288} INFO - Marking task as SUCCESS. dag_id=example_complex, task_id=delete_tag_template, execution_date=20220708T052251, start_date=20220708T052306, end_date=20220708T052306
[2022-07-08 05:23:06,300] {local_task_job.py:154} INFO - Task exited with return code 0
[2022-07-08 05:23:06,344] {local_task_job.py:264} INFO - 1 downstream tasks scheduled from follow-on schedule check
