[2022-07-10 12:44:54,375] {processor.py:163} INFO - Started process (PID=31) to work on /opt/airflow/dags/sql_demo.py
[2022-07-10 12:44:54,376] {processor.py:642} INFO - Processing file /opt/airflow/dags/sql_demo.py for tasks to queue
[2022-07-10 12:44:54,376] {logging_mixin.py:109} INFO - [2022-07-10 12:44:54,376] {dagbag.py:500} INFO - Filling up the DagBag from /opt/airflow/dags/sql_demo.py
[2022-07-10 12:44:54,857] {processor.py:652} INFO - DAG(s) dict_keys(['sql_demo']) retrieved from /opt/airflow/dags/sql_demo.py
[2022-07-10 12:44:54,916] {logging_mixin.py:109} INFO - [2022-07-10 12:44:54,915] {dag.py:2398} INFO - Sync 1 DAGs
[2022-07-10 12:44:54,929] {logging_mixin.py:109} INFO - [2022-07-10 12:44:54,929] {dag.py:2937} INFO - Setting next_dagrun for sql_demo to None
[2022-07-10 12:44:54,938] {processor.py:171} INFO - Processing /opt/airflow/dags/sql_demo.py took 0.565 seconds
[2022-07-10 12:45:25,004] {processor.py:163} INFO - Started process (PID=121) to work on /opt/airflow/dags/sql_demo.py
[2022-07-10 12:45:25,005] {processor.py:642} INFO - Processing file /opt/airflow/dags/sql_demo.py for tasks to queue
[2022-07-10 12:45:25,005] {logging_mixin.py:109} INFO - [2022-07-10 12:45:25,005] {dagbag.py:500} INFO - Filling up the DagBag from /opt/airflow/dags/sql_demo.py
[2022-07-10 12:45:25,243] {processor.py:652} INFO - DAG(s) dict_keys(['sql_demo']) retrieved from /opt/airflow/dags/sql_demo.py
[2022-07-10 12:45:25,255] {logging_mixin.py:109} INFO - [2022-07-10 12:45:25,255] {dag.py:2398} INFO - Sync 1 DAGs
[2022-07-10 12:45:25,268] {logging_mixin.py:109} INFO - [2022-07-10 12:45:25,268] {dag.py:2937} INFO - Setting next_dagrun for sql_demo to None
[2022-07-10 12:45:25,278] {processor.py:171} INFO - Processing /opt/airflow/dags/sql_demo.py took 0.275 seconds
[2022-07-10 12:45:55,854] {processor.py:163} INFO - Started process (PID=194) to work on /opt/airflow/dags/sql_demo.py
[2022-07-10 12:45:55,855] {processor.py:642} INFO - Processing file /opt/airflow/dags/sql_demo.py for tasks to queue
[2022-07-10 12:45:55,855] {logging_mixin.py:109} INFO - [2022-07-10 12:45:55,855] {dagbag.py:500} INFO - Filling up the DagBag from /opt/airflow/dags/sql_demo.py
[2022-07-10 12:45:56,130] {processor.py:652} INFO - DAG(s) dict_keys(['sql_demo']) retrieved from /opt/airflow/dags/sql_demo.py
[2022-07-10 12:45:56,152] {logging_mixin.py:109} INFO - [2022-07-10 12:45:56,152] {dag.py:2398} INFO - Sync 1 DAGs
[2022-07-10 12:45:56,179] {logging_mixin.py:109} INFO - [2022-07-10 12:45:56,179] {dag.py:2937} INFO - Setting next_dagrun for sql_demo to None
[2022-07-10 12:45:56,187] {processor.py:171} INFO - Processing /opt/airflow/dags/sql_demo.py took 0.335 seconds
[2022-07-10 12:46:27,024] {processor.py:163} INFO - Started process (PID=256) to work on /opt/airflow/dags/sql_demo.py
[2022-07-10 12:46:27,029] {processor.py:642} INFO - Processing file /opt/airflow/dags/sql_demo.py for tasks to queue
[2022-07-10 12:46:27,030] {logging_mixin.py:109} INFO - [2022-07-10 12:46:27,029] {dagbag.py:500} INFO - Filling up the DagBag from /opt/airflow/dags/sql_demo.py
[2022-07-10 12:46:27,268] {processor.py:652} INFO - DAG(s) dict_keys(['sql_demo']) retrieved from /opt/airflow/dags/sql_demo.py
[2022-07-10 12:46:27,280] {logging_mixin.py:109} INFO - [2022-07-10 12:46:27,280] {dag.py:2398} INFO - Sync 1 DAGs
[2022-07-10 12:46:27,292] {logging_mixin.py:109} INFO - [2022-07-10 12:46:27,292] {dag.py:2937} INFO - Setting next_dagrun for sql_demo to None
[2022-07-10 12:46:27,298] {processor.py:171} INFO - Processing /opt/airflow/dags/sql_demo.py took 0.275 seconds
[2022-07-10 12:46:57,760] {processor.py:163} INFO - Started process (PID=328) to work on /opt/airflow/dags/sql_demo.py
[2022-07-10 12:46:57,761] {processor.py:642} INFO - Processing file /opt/airflow/dags/sql_demo.py for tasks to queue
[2022-07-10 12:46:57,761] {logging_mixin.py:109} INFO - [2022-07-10 12:46:57,761] {dagbag.py:500} INFO - Filling up the DagBag from /opt/airflow/dags/sql_demo.py
[2022-07-10 12:46:58,007] {processor.py:652} INFO - DAG(s) dict_keys(['sql_demo']) retrieved from /opt/airflow/dags/sql_demo.py
[2022-07-10 12:46:58,035] {logging_mixin.py:109} INFO - [2022-07-10 12:46:58,035] {dag.py:2398} INFO - Sync 1 DAGs
[2022-07-10 12:46:58,047] {logging_mixin.py:109} INFO - [2022-07-10 12:46:58,047] {dag.py:2937} INFO - Setting next_dagrun for sql_demo to None
[2022-07-10 12:46:58,054] {processor.py:171} INFO - Processing /opt/airflow/dags/sql_demo.py took 0.295 seconds
[2022-07-10 12:47:28,431] {processor.py:163} INFO - Started process (PID=401) to work on /opt/airflow/dags/sql_demo.py
[2022-07-10 12:47:28,432] {processor.py:642} INFO - Processing file /opt/airflow/dags/sql_demo.py for tasks to queue
[2022-07-10 12:47:28,433] {logging_mixin.py:109} INFO - [2022-07-10 12:47:28,433] {dagbag.py:500} INFO - Filling up the DagBag from /opt/airflow/dags/sql_demo.py
[2022-07-10 12:47:28,671] {processor.py:652} INFO - DAG(s) dict_keys(['sql_demo']) retrieved from /opt/airflow/dags/sql_demo.py
[2022-07-10 12:47:28,683] {logging_mixin.py:109} INFO - [2022-07-10 12:47:28,682] {dag.py:2398} INFO - Sync 1 DAGs
[2022-07-10 12:47:28,696] {logging_mixin.py:109} INFO - [2022-07-10 12:47:28,695] {dag.py:2937} INFO - Setting next_dagrun for sql_demo to None
[2022-07-10 12:47:28,701] {processor.py:171} INFO - Processing /opt/airflow/dags/sql_demo.py took 0.274 seconds
[2022-07-10 12:47:59,243] {processor.py:163} INFO - Started process (PID=464) to work on /opt/airflow/dags/sql_demo.py
[2022-07-10 12:47:59,248] {processor.py:642} INFO - Processing file /opt/airflow/dags/sql_demo.py for tasks to queue
[2022-07-10 12:47:59,249] {logging_mixin.py:109} INFO - [2022-07-10 12:47:59,249] {dagbag.py:500} INFO - Filling up the DagBag from /opt/airflow/dags/sql_demo.py
[2022-07-10 12:47:59,494] {processor.py:652} INFO - DAG(s) dict_keys(['sql_demo']) retrieved from /opt/airflow/dags/sql_demo.py
[2022-07-10 12:47:59,507] {logging_mixin.py:109} INFO - [2022-07-10 12:47:59,507] {dag.py:2398} INFO - Sync 1 DAGs
[2022-07-10 12:47:59,518] {logging_mixin.py:109} INFO - [2022-07-10 12:47:59,518] {dag.py:2937} INFO - Setting next_dagrun for sql_demo to None
[2022-07-10 12:47:59,543] {processor.py:171} INFO - Processing /opt/airflow/dags/sql_demo.py took 0.302 seconds
[2022-07-10 12:48:30,164] {processor.py:163} INFO - Started process (PID=536) to work on /opt/airflow/dags/sql_demo.py
[2022-07-10 12:48:30,164] {processor.py:642} INFO - Processing file /opt/airflow/dags/sql_demo.py for tasks to queue
[2022-07-10 12:48:30,164] {logging_mixin.py:109} INFO - [2022-07-10 12:48:30,164] {dagbag.py:500} INFO - Filling up the DagBag from /opt/airflow/dags/sql_demo.py
[2022-07-10 12:48:30,410] {processor.py:652} INFO - DAG(s) dict_keys(['sql_demo']) retrieved from /opt/airflow/dags/sql_demo.py
[2022-07-10 12:48:30,422] {logging_mixin.py:109} INFO - [2022-07-10 12:48:30,422] {dag.py:2398} INFO - Sync 1 DAGs
[2022-07-10 12:48:30,434] {logging_mixin.py:109} INFO - [2022-07-10 12:48:30,434] {dag.py:2937} INFO - Setting next_dagrun for sql_demo to None
[2022-07-10 12:48:30,442] {processor.py:171} INFO - Processing /opt/airflow/dags/sql_demo.py took 0.280 seconds
[2022-07-10 12:49:00,869] {processor.py:163} INFO - Started process (PID=607) to work on /opt/airflow/dags/sql_demo.py
[2022-07-10 12:49:00,869] {processor.py:642} INFO - Processing file /opt/airflow/dags/sql_demo.py for tasks to queue
[2022-07-10 12:49:00,869] {logging_mixin.py:109} INFO - [2022-07-10 12:49:00,869] {dagbag.py:500} INFO - Filling up the DagBag from /opt/airflow/dags/sql_demo.py
[2022-07-10 12:49:01,128] {processor.py:652} INFO - DAG(s) dict_keys(['sql_demo']) retrieved from /opt/airflow/dags/sql_demo.py
[2022-07-10 12:49:01,140] {logging_mixin.py:109} INFO - [2022-07-10 12:49:01,140] {dag.py:2398} INFO - Sync 1 DAGs
[2022-07-10 12:49:01,151] {logging_mixin.py:109} INFO - [2022-07-10 12:49:01,151] {dag.py:2937} INFO - Setting next_dagrun for sql_demo to None
[2022-07-10 12:49:01,156] {processor.py:171} INFO - Processing /opt/airflow/dags/sql_demo.py took 0.289 seconds
[2022-07-10 12:49:31,676] {processor.py:163} INFO - Started process (PID=678) to work on /opt/airflow/dags/sql_demo.py
[2022-07-10 12:49:31,677] {processor.py:642} INFO - Processing file /opt/airflow/dags/sql_demo.py for tasks to queue
[2022-07-10 12:49:31,677] {logging_mixin.py:109} INFO - [2022-07-10 12:49:31,677] {dagbag.py:500} INFO - Filling up the DagBag from /opt/airflow/dags/sql_demo.py
[2022-07-10 12:49:31,933] {processor.py:652} INFO - DAG(s) dict_keys(['sql_demo']) retrieved from /opt/airflow/dags/sql_demo.py
[2022-07-10 12:49:31,960] {logging_mixin.py:109} INFO - [2022-07-10 12:49:31,960] {dag.py:2398} INFO - Sync 1 DAGs
[2022-07-10 12:49:31,980] {logging_mixin.py:109} INFO - [2022-07-10 12:49:31,980] {dag.py:2937} INFO - Setting next_dagrun for sql_demo to None
[2022-07-10 12:49:31,986] {processor.py:171} INFO - Processing /opt/airflow/dags/sql_demo.py took 0.311 seconds
[2022-07-10 12:50:02,573] {processor.py:163} INFO - Started process (PID=740) to work on /opt/airflow/dags/sql_demo.py
[2022-07-10 12:50:02,575] {processor.py:642} INFO - Processing file /opt/airflow/dags/sql_demo.py for tasks to queue
[2022-07-10 12:50:02,576] {logging_mixin.py:109} INFO - [2022-07-10 12:50:02,576] {dagbag.py:500} INFO - Filling up the DagBag from /opt/airflow/dags/sql_demo.py
[2022-07-10 12:50:02,846] {processor.py:652} INFO - DAG(s) dict_keys(['sql_demo']) retrieved from /opt/airflow/dags/sql_demo.py
[2022-07-10 12:50:02,863] {logging_mixin.py:109} INFO - [2022-07-10 12:50:02,862] {dag.py:2398} INFO - Sync 1 DAGs
[2022-07-10 12:50:02,873] {logging_mixin.py:109} INFO - [2022-07-10 12:50:02,873] {dag.py:2937} INFO - Setting next_dagrun for sql_demo to None
[2022-07-10 12:50:02,879] {processor.py:171} INFO - Processing /opt/airflow/dags/sql_demo.py took 0.310 seconds
[2022-07-10 12:50:33,233] {processor.py:163} INFO - Started process (PID=812) to work on /opt/airflow/dags/sql_demo.py
[2022-07-10 12:50:33,234] {processor.py:642} INFO - Processing file /opt/airflow/dags/sql_demo.py for tasks to queue
[2022-07-10 12:50:33,234] {logging_mixin.py:109} INFO - [2022-07-10 12:50:33,234] {dagbag.py:500} INFO - Filling up the DagBag from /opt/airflow/dags/sql_demo.py
[2022-07-10 12:50:33,468] {processor.py:652} INFO - DAG(s) dict_keys(['sql_demo']) retrieved from /opt/airflow/dags/sql_demo.py
[2022-07-10 12:50:33,480] {logging_mixin.py:109} INFO - [2022-07-10 12:50:33,479] {dag.py:2398} INFO - Sync 1 DAGs
[2022-07-10 12:50:33,491] {logging_mixin.py:109} INFO - [2022-07-10 12:50:33,491] {dag.py:2937} INFO - Setting next_dagrun for sql_demo to None
[2022-07-10 12:50:33,496] {processor.py:171} INFO - Processing /opt/airflow/dags/sql_demo.py took 0.265 seconds
[2022-07-10 12:51:03,942] {processor.py:163} INFO - Started process (PID=883) to work on /opt/airflow/dags/sql_demo.py
[2022-07-10 12:51:03,943] {processor.py:642} INFO - Processing file /opt/airflow/dags/sql_demo.py for tasks to queue
[2022-07-10 12:51:03,943] {logging_mixin.py:109} INFO - [2022-07-10 12:51:03,943] {dagbag.py:500} INFO - Filling up the DagBag from /opt/airflow/dags/sql_demo.py
[2022-07-10 12:51:04,210] {processor.py:652} INFO - DAG(s) dict_keys(['sql_demo']) retrieved from /opt/airflow/dags/sql_demo.py
[2022-07-10 12:51:04,226] {logging_mixin.py:109} INFO - [2022-07-10 12:51:04,226] {dag.py:2398} INFO - Sync 1 DAGs
[2022-07-10 12:51:04,248] {logging_mixin.py:109} INFO - [2022-07-10 12:51:04,248] {dag.py:2937} INFO - Setting next_dagrun for sql_demo to None
[2022-07-10 12:51:04,256] {processor.py:171} INFO - Processing /opt/airflow/dags/sql_demo.py took 0.316 seconds
[2022-07-10 12:51:34,736] {processor.py:163} INFO - Started process (PID=946) to work on /opt/airflow/dags/sql_demo.py
[2022-07-10 12:51:34,737] {processor.py:642} INFO - Processing file /opt/airflow/dags/sql_demo.py for tasks to queue
[2022-07-10 12:51:34,737] {logging_mixin.py:109} INFO - [2022-07-10 12:51:34,737] {dagbag.py:500} INFO - Filling up the DagBag from /opt/airflow/dags/sql_demo.py
[2022-07-10 12:51:34,974] {processor.py:652} INFO - DAG(s) dict_keys(['sql_demo']) retrieved from /opt/airflow/dags/sql_demo.py
[2022-07-10 12:51:34,985] {logging_mixin.py:109} INFO - [2022-07-10 12:51:34,985] {dag.py:2398} INFO - Sync 1 DAGs
[2022-07-10 12:51:35,001] {logging_mixin.py:109} INFO - [2022-07-10 12:51:35,001] {dag.py:2937} INFO - Setting next_dagrun for sql_demo to None
[2022-07-10 12:51:35,010] {processor.py:171} INFO - Processing /opt/airflow/dags/sql_demo.py took 0.275 seconds
[2022-07-10 12:52:05,327] {processor.py:163} INFO - Started process (PID=1017) to work on /opt/airflow/dags/sql_demo.py
[2022-07-10 12:52:05,327] {processor.py:642} INFO - Processing file /opt/airflow/dags/sql_demo.py for tasks to queue
[2022-07-10 12:52:05,328] {logging_mixin.py:109} INFO - [2022-07-10 12:52:05,328] {dagbag.py:500} INFO - Filling up the DagBag from /opt/airflow/dags/sql_demo.py
[2022-07-10 12:52:05,560] {processor.py:652} INFO - DAG(s) dict_keys(['sql_demo']) retrieved from /opt/airflow/dags/sql_demo.py
[2022-07-10 12:52:05,574] {logging_mixin.py:109} INFO - [2022-07-10 12:52:05,574] {dag.py:2398} INFO - Sync 1 DAGs
[2022-07-10 12:52:05,586] {logging_mixin.py:109} INFO - [2022-07-10 12:52:05,586] {dag.py:2937} INFO - Setting next_dagrun for sql_demo to None
[2022-07-10 12:52:05,591] {processor.py:171} INFO - Processing /opt/airflow/dags/sql_demo.py took 0.268 seconds
[2022-07-10 12:52:35,769] {processor.py:163} INFO - Started process (PID=1089) to work on /opt/airflow/dags/sql_demo.py
[2022-07-10 12:52:35,770] {processor.py:642} INFO - Processing file /opt/airflow/dags/sql_demo.py for tasks to queue
[2022-07-10 12:52:35,770] {logging_mixin.py:109} INFO - [2022-07-10 12:52:35,770] {dagbag.py:500} INFO - Filling up the DagBag from /opt/airflow/dags/sql_demo.py
[2022-07-10 12:52:36,008] {processor.py:652} INFO - DAG(s) dict_keys(['sql_demo']) retrieved from /opt/airflow/dags/sql_demo.py
[2022-07-10 12:52:36,020] {logging_mixin.py:109} INFO - [2022-07-10 12:52:36,020] {dag.py:2398} INFO - Sync 1 DAGs
[2022-07-10 12:52:36,031] {logging_mixin.py:109} INFO - [2022-07-10 12:52:36,031] {dag.py:2937} INFO - Setting next_dagrun for sql_demo to None
[2022-07-10 12:52:36,036] {processor.py:171} INFO - Processing /opt/airflow/dags/sql_demo.py took 0.271 seconds
[2022-07-10 12:53:06,484] {processor.py:163} INFO - Started process (PID=1152) to work on /opt/airflow/dags/sql_demo.py
[2022-07-10 12:53:06,486] {processor.py:642} INFO - Processing file /opt/airflow/dags/sql_demo.py for tasks to queue
[2022-07-10 12:53:06,487] {logging_mixin.py:109} INFO - [2022-07-10 12:53:06,487] {dagbag.py:500} INFO - Filling up the DagBag from /opt/airflow/dags/sql_demo.py
[2022-07-10 12:53:06,775] {processor.py:652} INFO - DAG(s) dict_keys(['sql_demo']) retrieved from /opt/airflow/dags/sql_demo.py
[2022-07-10 12:53:06,784] {logging_mixin.py:109} INFO - [2022-07-10 12:53:06,784] {dag.py:2398} INFO - Sync 1 DAGs
[2022-07-10 12:53:06,794] {logging_mixin.py:109} INFO - [2022-07-10 12:53:06,794] {dag.py:2937} INFO - Setting next_dagrun for sql_demo to None
[2022-07-10 12:53:06,799] {processor.py:171} INFO - Processing /opt/airflow/dags/sql_demo.py took 0.318 seconds
[2022-07-10 12:53:37,147] {processor.py:163} INFO - Started process (PID=1223) to work on /opt/airflow/dags/sql_demo.py
[2022-07-10 12:53:37,147] {processor.py:642} INFO - Processing file /opt/airflow/dags/sql_demo.py for tasks to queue
[2022-07-10 12:53:37,148] {logging_mixin.py:109} INFO - [2022-07-10 12:53:37,148] {dagbag.py:500} INFO - Filling up the DagBag from /opt/airflow/dags/sql_demo.py
[2022-07-10 12:53:37,424] {processor.py:652} INFO - DAG(s) dict_keys(['sql_demo']) retrieved from /opt/airflow/dags/sql_demo.py
[2022-07-10 12:53:37,435] {logging_mixin.py:109} INFO - [2022-07-10 12:53:37,435] {dag.py:2398} INFO - Sync 1 DAGs
[2022-07-10 12:53:37,445] {logging_mixin.py:109} INFO - [2022-07-10 12:53:37,445] {dag.py:2937} INFO - Setting next_dagrun for sql_demo to None
[2022-07-10 12:53:37,450] {processor.py:171} INFO - Processing /opt/airflow/dags/sql_demo.py took 0.305 seconds
[2022-07-10 12:54:07,909] {processor.py:163} INFO - Started process (PID=1294) to work on /opt/airflow/dags/sql_demo.py
[2022-07-10 12:54:07,911] {processor.py:642} INFO - Processing file /opt/airflow/dags/sql_demo.py for tasks to queue
[2022-07-10 12:54:07,911] {logging_mixin.py:109} INFO - [2022-07-10 12:54:07,911] {dagbag.py:500} INFO - Filling up the DagBag from /opt/airflow/dags/sql_demo.py
[2022-07-10 12:54:08,200] {processor.py:652} INFO - DAG(s) dict_keys(['sql_demo']) retrieved from /opt/airflow/dags/sql_demo.py
[2022-07-10 12:54:08,209] {logging_mixin.py:109} INFO - [2022-07-10 12:54:08,209] {dag.py:2398} INFO - Sync 1 DAGs
[2022-07-10 12:54:08,218] {logging_mixin.py:109} INFO - [2022-07-10 12:54:08,218] {dag.py:2937} INFO - Setting next_dagrun for sql_demo to None
[2022-07-10 12:54:08,225] {processor.py:171} INFO - Processing /opt/airflow/dags/sql_demo.py took 0.320 seconds
[2022-07-10 12:54:38,834] {processor.py:163} INFO - Started process (PID=1358) to work on /opt/airflow/dags/sql_demo.py
[2022-07-10 12:54:38,835] {processor.py:642} INFO - Processing file /opt/airflow/dags/sql_demo.py for tasks to queue
[2022-07-10 12:54:38,836] {logging_mixin.py:109} INFO - [2022-07-10 12:54:38,836] {dagbag.py:500} INFO - Filling up the DagBag from /opt/airflow/dags/sql_demo.py
[2022-07-10 12:54:39,143] {processor.py:652} INFO - DAG(s) dict_keys(['sql_demo']) retrieved from /opt/airflow/dags/sql_demo.py
[2022-07-10 12:54:39,155] {logging_mixin.py:109} INFO - [2022-07-10 12:54:39,154] {dag.py:2398} INFO - Sync 1 DAGs
[2022-07-10 12:54:39,165] {logging_mixin.py:109} INFO - [2022-07-10 12:54:39,165] {dag.py:2937} INFO - Setting next_dagrun for sql_demo to None
[2022-07-10 12:54:39,170] {processor.py:171} INFO - Processing /opt/airflow/dags/sql_demo.py took 0.338 seconds
[2022-07-10 12:55:09,684] {processor.py:163} INFO - Started process (PID=1430) to work on /opt/airflow/dags/sql_demo.py
[2022-07-10 12:55:09,685] {processor.py:642} INFO - Processing file /opt/airflow/dags/sql_demo.py for tasks to queue
[2022-07-10 12:55:09,685] {logging_mixin.py:109} INFO - [2022-07-10 12:55:09,685] {dagbag.py:500} INFO - Filling up the DagBag from /opt/airflow/dags/sql_demo.py
[2022-07-10 12:55:09,981] {processor.py:652} INFO - DAG(s) dict_keys(['sql_demo']) retrieved from /opt/airflow/dags/sql_demo.py
[2022-07-10 12:55:10,008] {logging_mixin.py:109} INFO - [2022-07-10 12:55:10,008] {dag.py:2398} INFO - Sync 1 DAGs
[2022-07-10 12:55:10,022] {logging_mixin.py:109} INFO - [2022-07-10 12:55:10,022] {dag.py:2937} INFO - Setting next_dagrun for sql_demo to None
[2022-07-10 12:55:10,029] {processor.py:171} INFO - Processing /opt/airflow/dags/sql_demo.py took 0.347 seconds
[2022-07-10 12:55:40,194] {processor.py:163} INFO - Started process (PID=1501) to work on /opt/airflow/dags/sql_demo.py
[2022-07-10 12:55:40,194] {processor.py:642} INFO - Processing file /opt/airflow/dags/sql_demo.py for tasks to queue
[2022-07-10 12:55:40,195] {logging_mixin.py:109} INFO - [2022-07-10 12:55:40,195] {dagbag.py:500} INFO - Filling up the DagBag from /opt/airflow/dags/sql_demo.py
[2022-07-10 12:55:40,445] {processor.py:652} INFO - DAG(s) dict_keys(['sql_demo']) retrieved from /opt/airflow/dags/sql_demo.py
[2022-07-10 12:55:40,456] {logging_mixin.py:109} INFO - [2022-07-10 12:55:40,455] {dag.py:2398} INFO - Sync 1 DAGs
[2022-07-10 12:55:40,468] {logging_mixin.py:109} INFO - [2022-07-10 12:55:40,468] {dag.py:2937} INFO - Setting next_dagrun for sql_demo to None
[2022-07-10 12:55:40,476] {processor.py:171} INFO - Processing /opt/airflow/dags/sql_demo.py took 0.284 seconds
[2022-07-10 12:56:11,035] {processor.py:163} INFO - Started process (PID=1563) to work on /opt/airflow/dags/sql_demo.py
[2022-07-10 12:56:11,036] {processor.py:642} INFO - Processing file /opt/airflow/dags/sql_demo.py for tasks to queue
[2022-07-10 12:56:11,036] {logging_mixin.py:109} INFO - [2022-07-10 12:56:11,036] {dagbag.py:500} INFO - Filling up the DagBag from /opt/airflow/dags/sql_demo.py
[2022-07-10 12:56:11,357] {processor.py:652} INFO - DAG(s) dict_keys(['sql_demo']) retrieved from /opt/airflow/dags/sql_demo.py
[2022-07-10 12:56:11,367] {logging_mixin.py:109} INFO - [2022-07-10 12:56:11,367] {dag.py:2398} INFO - Sync 1 DAGs
[2022-07-10 12:56:11,377] {logging_mixin.py:109} INFO - [2022-07-10 12:56:11,377] {dag.py:2937} INFO - Setting next_dagrun for sql_demo to None
[2022-07-10 12:56:11,383] {processor.py:171} INFO - Processing /opt/airflow/dags/sql_demo.py took 0.349 seconds
[2022-07-10 12:56:41,945] {processor.py:163} INFO - Started process (PID=1633) to work on /opt/airflow/dags/sql_demo.py
[2022-07-10 12:56:41,947] {processor.py:642} INFO - Processing file /opt/airflow/dags/sql_demo.py for tasks to queue
[2022-07-10 12:56:41,947] {logging_mixin.py:109} INFO - [2022-07-10 12:56:41,947] {dagbag.py:500} INFO - Filling up the DagBag from /opt/airflow/dags/sql_demo.py
[2022-07-10 12:56:42,209] {processor.py:652} INFO - DAG(s) dict_keys(['sql_demo']) retrieved from /opt/airflow/dags/sql_demo.py
[2022-07-10 12:56:42,233] {logging_mixin.py:109} INFO - [2022-07-10 12:56:42,232] {dag.py:2398} INFO - Sync 1 DAGs
[2022-07-10 12:56:42,251] {logging_mixin.py:109} INFO - [2022-07-10 12:56:42,251] {dag.py:2937} INFO - Setting next_dagrun for sql_demo to None
[2022-07-10 12:56:42,257] {processor.py:171} INFO - Processing /opt/airflow/dags/sql_demo.py took 0.317 seconds
[2022-07-10 12:57:12,792] {processor.py:163} INFO - Started process (PID=1705) to work on /opt/airflow/dags/sql_demo.py
[2022-07-10 12:57:12,793] {processor.py:642} INFO - Processing file /opt/airflow/dags/sql_demo.py for tasks to queue
[2022-07-10 12:57:12,793] {logging_mixin.py:109} INFO - [2022-07-10 12:57:12,793] {dagbag.py:500} INFO - Filling up the DagBag from /opt/airflow/dags/sql_demo.py
[2022-07-10 12:57:13,104] {processor.py:652} INFO - DAG(s) dict_keys(['sql_demo']) retrieved from /opt/airflow/dags/sql_demo.py
[2022-07-10 12:57:13,114] {logging_mixin.py:109} INFO - [2022-07-10 12:57:13,114] {dag.py:2398} INFO - Sync 1 DAGs
[2022-07-10 12:57:13,126] {logging_mixin.py:109} INFO - [2022-07-10 12:57:13,126] {dag.py:2937} INFO - Setting next_dagrun for sql_demo to None
[2022-07-10 12:57:13,133] {processor.py:171} INFO - Processing /opt/airflow/dags/sql_demo.py took 0.343 seconds
[2022-07-10 12:57:43,710] {processor.py:163} INFO - Started process (PID=1768) to work on /opt/airflow/dags/sql_demo.py
[2022-07-10 12:57:43,711] {processor.py:642} INFO - Processing file /opt/airflow/dags/sql_demo.py for tasks to queue
[2022-07-10 12:57:43,712] {logging_mixin.py:109} INFO - [2022-07-10 12:57:43,712] {dagbag.py:500} INFO - Filling up the DagBag from /opt/airflow/dags/sql_demo.py
[2022-07-10 12:57:44,034] {processor.py:652} INFO - DAG(s) dict_keys(['sql_demo']) retrieved from /opt/airflow/dags/sql_demo.py
[2022-07-10 12:57:44,045] {logging_mixin.py:109} INFO - [2022-07-10 12:57:44,045] {dag.py:2398} INFO - Sync 1 DAGs
[2022-07-10 12:57:44,055] {logging_mixin.py:109} INFO - [2022-07-10 12:57:44,055] {dag.py:2937} INFO - Setting next_dagrun for sql_demo to None
[2022-07-10 12:57:44,061] {processor.py:171} INFO - Processing /opt/airflow/dags/sql_demo.py took 0.354 seconds
[2022-07-10 12:58:14,106] {processor.py:163} INFO - Started process (PID=1842) to work on /opt/airflow/dags/sql_demo.py
[2022-07-10 12:58:14,106] {processor.py:642} INFO - Processing file /opt/airflow/dags/sql_demo.py for tasks to queue
[2022-07-10 12:58:14,106] {logging_mixin.py:109} INFO - [2022-07-10 12:58:14,106] {dagbag.py:500} INFO - Filling up the DagBag from /opt/airflow/dags/sql_demo.py
[2022-07-10 12:58:14,379] {processor.py:652} INFO - DAG(s) dict_keys(['sql_demo']) retrieved from /opt/airflow/dags/sql_demo.py
[2022-07-10 12:58:14,393] {logging_mixin.py:109} INFO - [2022-07-10 12:58:14,393] {dag.py:2398} INFO - Sync 1 DAGs
[2022-07-10 12:58:14,404] {logging_mixin.py:109} INFO - [2022-07-10 12:58:14,404] {dag.py:2937} INFO - Setting next_dagrun for sql_demo to None
[2022-07-10 12:58:14,409] {processor.py:171} INFO - Processing /opt/airflow/dags/sql_demo.py took 0.305 seconds
[2022-07-10 12:58:44,970] {processor.py:163} INFO - Started process (PID=1914) to work on /opt/airflow/dags/sql_demo.py
[2022-07-10 12:58:44,971] {processor.py:642} INFO - Processing file /opt/airflow/dags/sql_demo.py for tasks to queue
[2022-07-10 12:58:44,971] {logging_mixin.py:109} INFO - [2022-07-10 12:58:44,971] {dagbag.py:500} INFO - Filling up the DagBag from /opt/airflow/dags/sql_demo.py
[2022-07-10 12:58:45,217] {processor.py:652} INFO - DAG(s) dict_keys(['sql_demo']) retrieved from /opt/airflow/dags/sql_demo.py
[2022-07-10 12:58:45,228] {logging_mixin.py:109} INFO - [2022-07-10 12:58:45,228] {dag.py:2398} INFO - Sync 1 DAGs
[2022-07-10 12:58:45,245] {logging_mixin.py:109} INFO - [2022-07-10 12:58:45,245] {dag.py:2937} INFO - Setting next_dagrun for sql_demo to None
[2022-07-10 12:58:45,255] {processor.py:171} INFO - Processing /opt/airflow/dags/sql_demo.py took 0.286 seconds
[2022-07-10 12:59:15,805] {processor.py:163} INFO - Started process (PID=1976) to work on /opt/airflow/dags/sql_demo.py
[2022-07-10 12:59:15,808] {processor.py:642} INFO - Processing file /opt/airflow/dags/sql_demo.py for tasks to queue
[2022-07-10 12:59:15,809] {logging_mixin.py:109} INFO - [2022-07-10 12:59:15,809] {dagbag.py:500} INFO - Filling up the DagBag from /opt/airflow/dags/sql_demo.py
[2022-07-10 12:59:16,154] {processor.py:652} INFO - DAG(s) dict_keys(['sql_demo']) retrieved from /opt/airflow/dags/sql_demo.py
[2022-07-10 12:59:16,168] {logging_mixin.py:109} INFO - [2022-07-10 12:59:16,167] {dag.py:2398} INFO - Sync 1 DAGs
[2022-07-10 12:59:16,184] {logging_mixin.py:109} INFO - [2022-07-10 12:59:16,184] {dag.py:2937} INFO - Setting next_dagrun for sql_demo to None
[2022-07-10 12:59:16,198] {processor.py:171} INFO - Processing /opt/airflow/dags/sql_demo.py took 0.395 seconds
[2022-07-10 12:59:46,875] {processor.py:163} INFO - Started process (PID=2048) to work on /opt/airflow/dags/sql_demo.py
[2022-07-10 12:59:46,876] {processor.py:642} INFO - Processing file /opt/airflow/dags/sql_demo.py for tasks to queue
[2022-07-10 12:59:46,876] {logging_mixin.py:109} INFO - [2022-07-10 12:59:46,876] {dagbag.py:500} INFO - Filling up the DagBag from /opt/airflow/dags/sql_demo.py
[2022-07-10 12:59:47,109] {processor.py:652} INFO - DAG(s) dict_keys(['sql_demo']) retrieved from /opt/airflow/dags/sql_demo.py
[2022-07-10 12:59:47,120] {logging_mixin.py:109} INFO - [2022-07-10 12:59:47,120] {dag.py:2398} INFO - Sync 1 DAGs
[2022-07-10 12:59:47,135] {logging_mixin.py:109} INFO - [2022-07-10 12:59:47,135] {dag.py:2937} INFO - Setting next_dagrun for sql_demo to None
[2022-07-10 12:59:47,144] {processor.py:171} INFO - Processing /opt/airflow/dags/sql_demo.py took 0.273 seconds
[2022-07-10 13:00:17,646] {processor.py:163} INFO - Started process (PID=2119) to work on /opt/airflow/dags/sql_demo.py
[2022-07-10 13:00:17,648] {processor.py:642} INFO - Processing file /opt/airflow/dags/sql_demo.py for tasks to queue
[2022-07-10 13:00:17,648] {logging_mixin.py:109} INFO - [2022-07-10 13:00:17,648] {dagbag.py:500} INFO - Filling up the DagBag from /opt/airflow/dags/sql_demo.py
[2022-07-10 13:00:17,901] {processor.py:652} INFO - DAG(s) dict_keys(['sql_demo']) retrieved from /opt/airflow/dags/sql_demo.py
[2022-07-10 13:00:17,923] {logging_mixin.py:109} INFO - [2022-07-10 13:00:17,923] {dag.py:2398} INFO - Sync 1 DAGs
[2022-07-10 13:00:17,943] {logging_mixin.py:109} INFO - [2022-07-10 13:00:17,943] {dag.py:2937} INFO - Setting next_dagrun for sql_demo to None
[2022-07-10 13:00:17,948] {processor.py:171} INFO - Processing /opt/airflow/dags/sql_demo.py took 0.306 seconds
[2022-07-10 13:00:48,322] {processor.py:163} INFO - Started process (PID=2192) to work on /opt/airflow/dags/sql_demo.py
[2022-07-10 13:00:48,323] {processor.py:642} INFO - Processing file /opt/airflow/dags/sql_demo.py for tasks to queue
[2022-07-10 13:00:48,324] {logging_mixin.py:109} INFO - [2022-07-10 13:00:48,324] {dagbag.py:500} INFO - Filling up the DagBag from /opt/airflow/dags/sql_demo.py
[2022-07-10 13:00:48,618] {processor.py:652} INFO - DAG(s) dict_keys(['sql_demo']) retrieved from /opt/airflow/dags/sql_demo.py
[2022-07-10 13:00:48,632] {logging_mixin.py:109} INFO - [2022-07-10 13:00:48,631] {dag.py:2398} INFO - Sync 1 DAGs
[2022-07-10 13:00:48,646] {logging_mixin.py:109} INFO - [2022-07-10 13:00:48,646] {dag.py:2937} INFO - Setting next_dagrun for sql_demo to None
[2022-07-10 13:00:48,653] {processor.py:171} INFO - Processing /opt/airflow/dags/sql_demo.py took 0.333 seconds
[2022-07-10 13:01:19,229] {processor.py:163} INFO - Started process (PID=2254) to work on /opt/airflow/dags/sql_demo.py
[2022-07-10 13:01:19,232] {processor.py:642} INFO - Processing file /opt/airflow/dags/sql_demo.py for tasks to queue
[2022-07-10 13:01:19,233] {logging_mixin.py:109} INFO - [2022-07-10 13:01:19,233] {dagbag.py:500} INFO - Filling up the DagBag from /opt/airflow/dags/sql_demo.py
[2022-07-10 13:01:19,510] {processor.py:652} INFO - DAG(s) dict_keys(['sql_demo']) retrieved from /opt/airflow/dags/sql_demo.py
[2022-07-10 13:01:19,522] {logging_mixin.py:109} INFO - [2022-07-10 13:01:19,522] {dag.py:2398} INFO - Sync 1 DAGs
[2022-07-10 13:01:19,535] {logging_mixin.py:109} INFO - [2022-07-10 13:01:19,534] {dag.py:2937} INFO - Setting next_dagrun for sql_demo to None
[2022-07-10 13:01:19,539] {processor.py:171} INFO - Processing /opt/airflow/dags/sql_demo.py took 0.313 seconds
[2022-07-10 13:01:50,037] {processor.py:163} INFO - Started process (PID=2326) to work on /opt/airflow/dags/sql_demo.py
[2022-07-10 13:01:50,037] {processor.py:642} INFO - Processing file /opt/airflow/dags/sql_demo.py for tasks to queue
[2022-07-10 13:01:50,037] {logging_mixin.py:109} INFO - [2022-07-10 13:01:50,037] {dagbag.py:500} INFO - Filling up the DagBag from /opt/airflow/dags/sql_demo.py
[2022-07-10 13:01:50,274] {processor.py:652} INFO - DAG(s) dict_keys(['sql_demo']) retrieved from /opt/airflow/dags/sql_demo.py
[2022-07-10 13:01:50,288] {logging_mixin.py:109} INFO - [2022-07-10 13:01:50,287] {dag.py:2398} INFO - Sync 1 DAGs
[2022-07-10 13:01:50,309] {logging_mixin.py:109} INFO - [2022-07-10 13:01:50,309] {dag.py:2937} INFO - Setting next_dagrun for sql_demo to None
[2022-07-10 13:01:50,319] {processor.py:171} INFO - Processing /opt/airflow/dags/sql_demo.py took 0.284 seconds
[2022-07-10 13:02:20,861] {processor.py:163} INFO - Started process (PID=2398) to work on /opt/airflow/dags/sql_demo.py
[2022-07-10 13:02:20,862] {processor.py:642} INFO - Processing file /opt/airflow/dags/sql_demo.py for tasks to queue
[2022-07-10 13:02:20,862] {logging_mixin.py:109} INFO - [2022-07-10 13:02:20,862] {dagbag.py:500} INFO - Filling up the DagBag from /opt/airflow/dags/sql_demo.py
[2022-07-10 13:02:21,132] {processor.py:652} INFO - DAG(s) dict_keys(['sql_demo']) retrieved from /opt/airflow/dags/sql_demo.py
[2022-07-10 13:02:21,149] {logging_mixin.py:109} INFO - [2022-07-10 13:02:21,148] {dag.py:2398} INFO - Sync 1 DAGs
[2022-07-10 13:02:21,166] {logging_mixin.py:109} INFO - [2022-07-10 13:02:21,166] {dag.py:2937} INFO - Setting next_dagrun for sql_demo to None
[2022-07-10 13:02:21,171] {processor.py:171} INFO - Processing /opt/airflow/dags/sql_demo.py took 0.312 seconds
[2022-07-10 13:02:51,506] {processor.py:163} INFO - Started process (PID=2461) to work on /opt/airflow/dags/sql_demo.py
[2022-07-10 13:02:51,507] {processor.py:642} INFO - Processing file /opt/airflow/dags/sql_demo.py for tasks to queue
[2022-07-10 13:02:51,507] {logging_mixin.py:109} INFO - [2022-07-10 13:02:51,507] {dagbag.py:500} INFO - Filling up the DagBag from /opt/airflow/dags/sql_demo.py
[2022-07-10 13:02:51,753] {processor.py:652} INFO - DAG(s) dict_keys(['sql_demo']) retrieved from /opt/airflow/dags/sql_demo.py
[2022-07-10 13:02:51,765] {logging_mixin.py:109} INFO - [2022-07-10 13:02:51,764] {dag.py:2398} INFO - Sync 1 DAGs
[2022-07-10 13:02:51,777] {logging_mixin.py:109} INFO - [2022-07-10 13:02:51,777] {dag.py:2937} INFO - Setting next_dagrun for sql_demo to None
[2022-07-10 13:02:51,785] {processor.py:171} INFO - Processing /opt/airflow/dags/sql_demo.py took 0.280 seconds
[2022-07-10 13:03:22,374] {processor.py:163} INFO - Started process (PID=2532) to work on /opt/airflow/dags/sql_demo.py
[2022-07-10 13:03:22,377] {processor.py:642} INFO - Processing file /opt/airflow/dags/sql_demo.py for tasks to queue
[2022-07-10 13:03:22,378] {logging_mixin.py:109} INFO - [2022-07-10 13:03:22,378] {dagbag.py:500} INFO - Filling up the DagBag from /opt/airflow/dags/sql_demo.py
[2022-07-10 13:03:22,709] {processor.py:652} INFO - DAG(s) dict_keys(['sql_demo']) retrieved from /opt/airflow/dags/sql_demo.py
[2022-07-10 13:03:22,722] {logging_mixin.py:109} INFO - [2022-07-10 13:03:22,721] {dag.py:2398} INFO - Sync 1 DAGs
[2022-07-10 13:03:22,734] {logging_mixin.py:109} INFO - [2022-07-10 13:03:22,734] {dag.py:2937} INFO - Setting next_dagrun for sql_demo to None
[2022-07-10 13:03:22,741] {processor.py:171} INFO - Processing /opt/airflow/dags/sql_demo.py took 0.371 seconds
[2022-07-10 13:03:53,368] {processor.py:163} INFO - Started process (PID=2605) to work on /opt/airflow/dags/sql_demo.py
[2022-07-10 13:03:53,369] {processor.py:642} INFO - Processing file /opt/airflow/dags/sql_demo.py for tasks to queue
[2022-07-10 13:03:53,370] {logging_mixin.py:109} INFO - [2022-07-10 13:03:53,370] {dagbag.py:500} INFO - Filling up the DagBag from /opt/airflow/dags/sql_demo.py
[2022-07-10 13:03:53,629] {processor.py:652} INFO - DAG(s) dict_keys(['sql_demo']) retrieved from /opt/airflow/dags/sql_demo.py
[2022-07-10 13:03:53,651] {logging_mixin.py:109} INFO - [2022-07-10 13:03:53,651] {dag.py:2398} INFO - Sync 1 DAGs
[2022-07-10 13:03:53,670] {logging_mixin.py:109} INFO - [2022-07-10 13:03:53,670] {dag.py:2937} INFO - Setting next_dagrun for sql_demo to None
[2022-07-10 13:03:53,676] {processor.py:171} INFO - Processing /opt/airflow/dags/sql_demo.py took 0.311 seconds
[2022-07-10 13:04:24,272] {processor.py:163} INFO - Started process (PID=2667) to work on /opt/airflow/dags/sql_demo.py
[2022-07-10 13:04:24,277] {processor.py:642} INFO - Processing file /opt/airflow/dags/sql_demo.py for tasks to queue
[2022-07-10 13:04:24,278] {logging_mixin.py:109} INFO - [2022-07-10 13:04:24,278] {dagbag.py:500} INFO - Filling up the DagBag from /opt/airflow/dags/sql_demo.py
[2022-07-10 13:04:24,526] {processor.py:652} INFO - DAG(s) dict_keys(['sql_demo']) retrieved from /opt/airflow/dags/sql_demo.py
[2022-07-10 13:04:24,545] {logging_mixin.py:109} INFO - [2022-07-10 13:04:24,545] {dag.py:2398} INFO - Sync 1 DAGs
[2022-07-10 13:04:24,562] {logging_mixin.py:109} INFO - [2022-07-10 13:04:24,562] {dag.py:2937} INFO - Setting next_dagrun for sql_demo to None
[2022-07-10 13:04:24,568] {processor.py:171} INFO - Processing /opt/airflow/dags/sql_demo.py took 0.298 seconds
