[2022-06-27 07:23:38,857] {taskinstance.py:1043} INFO - Dependencies all met for <TaskInstance: my_dag.training_model_C scheduled__2022-06-26T00:00:00+00:00 [queued]>
[2022-06-27 07:23:38,868] {taskinstance.py:1043} INFO - Dependencies all met for <TaskInstance: my_dag.training_model_C scheduled__2022-06-26T00:00:00+00:00 [queued]>
[2022-06-27 07:23:38,868] {taskinstance.py:1249} INFO - 
--------------------------------------------------------------------------------
[2022-06-27 07:23:38,868] {taskinstance.py:1250} INFO - Starting attempt 1 of 1
[2022-06-27 07:23:38,868] {taskinstance.py:1251} INFO - 
--------------------------------------------------------------------------------
[2022-06-27 07:23:38,878] {taskinstance.py:1270} INFO - Executing <Task(PythonOperator): training_model_C> on 2022-06-26 00:00:00+00:00
[2022-06-27 07:23:38,884] {standard_task_runner.py:52} INFO - Started process 1893 to run task
[2022-06-27 07:23:38,887] {standard_task_runner.py:79} INFO - Running: ['***', 'tasks', 'run', 'my_dag', 'training_model_C', 'scheduled__2022-06-26T00:00:00+00:00', '--job-id', '82', '--raw', '--subdir', 'DAGS_FOLDER/second_1.py', '--cfg-path', '/tmp/tmpphyo_cub', '--error-file', '/tmp/tmpksq1ligq']
[2022-06-27 07:23:38,888] {standard_task_runner.py:80} INFO - Job 82: Subtask training_model_C
[2022-06-27 07:23:38,949] {logging_mixin.py:109} INFO - Running <TaskInstance: my_dag.training_model_C scheduled__2022-06-26T00:00:00+00:00 [running]> on host f32f6d4577d5
[2022-06-27 07:23:38,985] {taskinstance.py:1448} INFO - Exporting the following env vars:
AIRFLOW_CTX_DAG_OWNER=***
AIRFLOW_CTX_DAG_ID=my_dag
AIRFLOW_CTX_TASK_ID=training_model_C
AIRFLOW_CTX_EXECUTION_DATE=2022-06-26T00:00:00+00:00
AIRFLOW_CTX_DAG_RUN_ID=scheduled__2022-06-26T00:00:00+00:00
[2022-06-27 07:23:38,985] {python.py:175} INFO - Done. Returned value was: 5
[2022-06-27 07:23:39,003] {taskinstance.py:1288} INFO - Marking task as SUCCESS. dag_id=my_dag, task_id=training_model_C, execution_date=20220626T000000, start_date=20220627T072338, end_date=20220627T072339
[2022-06-27 07:23:39,023] {local_task_job.py:154} INFO - Task exited with return code 0
[2022-06-27 07:23:39,060] {local_task_job.py:264} INFO - 1 downstream tasks scheduled from follow-on schedule check
