[2022-07-11 08:34:43,670] {taskinstance.py:1043} INFO - Dependencies all met for <TaskInstance: my_dag.training_model_B manual__2022-07-11T08:34:42.534642+00:00 [queued]>
[2022-07-11 08:34:43,678] {taskinstance.py:1043} INFO - Dependencies all met for <TaskInstance: my_dag.training_model_B manual__2022-07-11T08:34:42.534642+00:00 [queued]>
[2022-07-11 08:34:43,678] {taskinstance.py:1249} INFO - 
--------------------------------------------------------------------------------
[2022-07-11 08:34:43,678] {taskinstance.py:1250} INFO - Starting attempt 1 of 1
[2022-07-11 08:34:43,678] {taskinstance.py:1251} INFO - 
--------------------------------------------------------------------------------
[2022-07-11 08:34:43,687] {taskinstance.py:1270} INFO - Executing <Task(PythonOperator): training_model_B> on 2022-07-11 08:34:42.534642+00:00
[2022-07-11 08:34:43,693] {standard_task_runner.py:52} INFO - Started process 3799 to run task
[2022-07-11 08:34:43,695] {standard_task_runner.py:79} INFO - Running: ['***', 'tasks', 'run', 'my_dag', 'training_model_B', 'manual__2022-07-11T08:34:42.534642+00:00', '--job-id', '46', '--raw', '--subdir', 'DAGS_FOLDER/model.py', '--cfg-path', '/tmp/tmpliu865fv', '--error-file', '/tmp/tmp7yvp4o1v']
[2022-07-11 08:34:43,696] {standard_task_runner.py:80} INFO - Job 46: Subtask training_model_B
[2022-07-11 08:34:43,735] {logging_mixin.py:109} INFO - Running <TaskInstance: my_dag.training_model_B manual__2022-07-11T08:34:42.534642+00:00 [running]> on host 1f92e2add508
[2022-07-11 08:34:43,778] {taskinstance.py:1448} INFO - Exporting the following env vars:
AIRFLOW_CTX_DAG_OWNER=***
AIRFLOW_CTX_DAG_ID=my_dag
AIRFLOW_CTX_TASK_ID=training_model_B
AIRFLOW_CTX_EXECUTION_DATE=2022-07-11T08:34:42.534642+00:00
AIRFLOW_CTX_DAG_RUN_ID=manual__2022-07-11T08:34:42.534642+00:00
[2022-07-11 08:34:43,779] {python.py:175} INFO - Done. Returned value was: 7
[2022-07-11 08:34:43,803] {taskinstance.py:1288} INFO - Marking task as SUCCESS. dag_id=my_dag, task_id=training_model_B, execution_date=20220711T083442, start_date=20220711T083443, end_date=20220711T083443
[2022-07-11 08:34:43,827] {local_task_job.py:154} INFO - Task exited with return code 0
[2022-07-11 08:34:43,859] {local_task_job.py:264} INFO - 0 downstream tasks scheduled from follow-on schedule check
