[2022-07-04 05:34:56,399] {taskinstance.py:1043} INFO - Dependencies all met for <TaskInstance: my_dag.training_model_C manual__2022-07-04T05:34:55.619101+00:00 [queued]>
[2022-07-04 05:34:56,406] {taskinstance.py:1043} INFO - Dependencies all met for <TaskInstance: my_dag.training_model_C manual__2022-07-04T05:34:55.619101+00:00 [queued]>
[2022-07-04 05:34:56,406] {taskinstance.py:1249} INFO - 
--------------------------------------------------------------------------------
[2022-07-04 05:34:56,406] {taskinstance.py:1250} INFO - Starting attempt 1 of 1
[2022-07-04 05:34:56,406] {taskinstance.py:1251} INFO - 
--------------------------------------------------------------------------------
[2022-07-04 05:34:56,415] {taskinstance.py:1270} INFO - Executing <Task(PythonOperator): training_model_C> on 2022-07-04 05:34:55.619101+00:00
[2022-07-04 05:34:56,419] {standard_task_runner.py:52} INFO - Started process 2117 to run task
[2022-07-04 05:34:56,421] {standard_task_runner.py:79} INFO - Running: ['***', 'tasks', 'run', 'my_dag', 'training_model_C', 'manual__2022-07-04T05:34:55.619101+00:00', '--job-id', '441', '--raw', '--subdir', 'DAGS_FOLDER/model.py', '--cfg-path', '/tmp/tmp98f7j7sm', '--error-file', '/tmp/tmpeg0awd3r']
[2022-07-04 05:34:56,421] {standard_task_runner.py:80} INFO - Job 441: Subtask training_model_C
[2022-07-04 05:34:56,465] {logging_mixin.py:109} INFO - Running <TaskInstance: my_dag.training_model_C manual__2022-07-04T05:34:55.619101+00:00 [running]> on host 1936d03cc531
[2022-07-04 05:34:56,510] {taskinstance.py:1448} INFO - Exporting the following env vars:
AIRFLOW_CTX_DAG_OWNER=***
AIRFLOW_CTX_DAG_ID=my_dag
AIRFLOW_CTX_TASK_ID=training_model_C
AIRFLOW_CTX_EXECUTION_DATE=2022-07-04T05:34:55.619101+00:00
AIRFLOW_CTX_DAG_RUN_ID=manual__2022-07-04T05:34:55.619101+00:00
[2022-07-04 05:34:56,511] {python.py:175} INFO - Done. Returned value was: 2
[2022-07-04 05:34:56,527] {taskinstance.py:1288} INFO - Marking task as SUCCESS. dag_id=my_dag, task_id=training_model_C, execution_date=20220704T053455, start_date=20220704T053456, end_date=20220704T053456
[2022-07-04 05:34:56,552] {local_task_job.py:154} INFO - Task exited with return code 0
[2022-07-04 05:34:56,577] {local_task_job.py:264} INFO - 0 downstream tasks scheduled from follow-on schedule check
