[2022-07-08 05:23:02,342] {taskinstance.py:1043} INFO - Dependencies all met for <TaskInstance: example_complex.delete_entry_group manual__2022-07-08T05:22:46.156602+00:00 [queued]>
[2022-07-08 05:23:02,352] {taskinstance.py:1043} INFO - Dependencies all met for <TaskInstance: example_complex.delete_entry_group manual__2022-07-08T05:22:46.156602+00:00 [queued]>
[2022-07-08 05:23:02,352] {taskinstance.py:1249} INFO - 
--------------------------------------------------------------------------------
[2022-07-08 05:23:02,352] {taskinstance.py:1250} INFO - Starting attempt 1 of 1
[2022-07-08 05:23:02,352] {taskinstance.py:1251} INFO - 
--------------------------------------------------------------------------------
[2022-07-08 05:23:02,363] {taskinstance.py:1270} INFO - Executing <Task(BashOperator): delete_entry_group> on 2022-07-08 05:22:46.156602+00:00
[2022-07-08 05:23:02,367] {standard_task_runner.py:52} INFO - Started process 2609 to run task
[2022-07-08 05:23:02,370] {standard_task_runner.py:79} INFO - Running: ['***', 'tasks', 'run', 'example_complex', 'delete_entry_group', 'manual__2022-07-08T05:22:46.156602+00:00', '--job-id', '138', '--raw', '--subdir', 'DAGS_FOLDER/complex_task.py', '--cfg-path', '/tmp/tmpqshig1qc', '--error-file', '/tmp/tmptz5m_jv1']
[2022-07-08 05:23:02,371] {standard_task_runner.py:80} INFO - Job 138: Subtask delete_entry_group
[2022-07-08 05:23:02,414] {logging_mixin.py:109} INFO - Running <TaskInstance: example_complex.delete_entry_group manual__2022-07-08T05:22:46.156602+00:00 [running]> on host 6a15fbc57503
[2022-07-08 05:23:02,508] {taskinstance.py:1448} INFO - Exporting the following env vars:
AIRFLOW_CTX_DAG_OWNER=***
AIRFLOW_CTX_DAG_ID=example_complex
AIRFLOW_CTX_TASK_ID=delete_entry_group
AIRFLOW_CTX_EXECUTION_DATE=2022-07-08T05:22:46.156602+00:00
AIRFLOW_CTX_DAG_RUN_ID=manual__2022-07-08T05:22:46.156602+00:00
[2022-07-08 05:23:02,511] {subprocess.py:62} INFO - Tmp dir root location: 
 /tmp
[2022-07-08 05:23:02,512] {subprocess.py:74} INFO - Running command: ['bash', '-c', 'echo delete_entry_group']
[2022-07-08 05:23:02,528] {subprocess.py:85} INFO - Output:
[2022-07-08 05:23:02,530] {subprocess.py:89} INFO - delete_entry_group
[2022-07-08 05:23:02,531] {subprocess.py:93} INFO - Command exited with return code 0
[2022-07-08 05:23:02,560] {taskinstance.py:1288} INFO - Marking task as SUCCESS. dag_id=example_complex, task_id=delete_entry_group, execution_date=20220708T052246, start_date=20220708T052302, end_date=20220708T052302
[2022-07-08 05:23:02,587] {local_task_job.py:154} INFO - Task exited with return code 0
[2022-07-08 05:23:02,628] {local_task_job.py:264} INFO - 1 downstream tasks scheduled from follow-on schedule check
