[2022-07-12 04:29:52,695] {taskinstance.py:1043} INFO - Dependencies all met for <TaskInstance: my_dag.choose_best_model scheduled__2022-07-11T00:00:00+00:00 [queued]>
[2022-07-12 04:29:52,712] {taskinstance.py:1043} INFO - Dependencies all met for <TaskInstance: my_dag.choose_best_model scheduled__2022-07-11T00:00:00+00:00 [queued]>
[2022-07-12 04:29:52,712] {taskinstance.py:1249} INFO - 
--------------------------------------------------------------------------------
[2022-07-12 04:29:52,712] {taskinstance.py:1250} INFO - Starting attempt 1 of 1
[2022-07-12 04:29:52,712] {taskinstance.py:1251} INFO - 
--------------------------------------------------------------------------------
[2022-07-12 04:29:52,728] {taskinstance.py:1270} INFO - Executing <Task(BranchPythonOperator): choose_best_model> on 2022-07-11 00:00:00+00:00
[2022-07-12 04:29:52,733] {standard_task_runner.py:52} INFO - Started process 70 to run task
[2022-07-12 04:29:52,736] {standard_task_runner.py:79} INFO - Running: ['***', 'tasks', 'run', 'my_dag', 'choose_best_model', 'scheduled__2022-07-11T00:00:00+00:00', '--job-id', '60', '--raw', '--subdir', 'DAGS_FOLDER/model.py', '--cfg-path', '/tmp/tmpkqgy7lnr', '--error-file', '/tmp/tmpo1w11ojj']
[2022-07-12 04:29:52,736] {standard_task_runner.py:80} INFO - Job 60: Subtask choose_best_model
[2022-07-12 04:29:52,812] {logging_mixin.py:109} INFO - Running <TaskInstance: my_dag.choose_best_model scheduled__2022-07-11T00:00:00+00:00 [running]> on host 1f92e2add508
[2022-07-12 04:29:52,880] {taskinstance.py:1448} INFO - Exporting the following env vars:
AIRFLOW_CTX_DAG_OWNER=***
AIRFLOW_CTX_DAG_ID=my_dag
AIRFLOW_CTX_TASK_ID=choose_best_model
AIRFLOW_CTX_EXECUTION_DATE=2022-07-11T00:00:00+00:00
AIRFLOW_CTX_DAG_RUN_ID=scheduled__2022-07-11T00:00:00+00:00
[2022-07-12 04:29:52,894] {python.py:175} INFO - Done. Returned value was: inaccurate
[2022-07-12 04:29:52,894] {skipmixin.py:140} INFO - Following branch inaccurate
[2022-07-12 04:29:52,895] {skipmixin.py:171} INFO - Skipping tasks ['accurate']
[2022-07-12 04:29:52,989] {taskinstance.py:1288} INFO - Marking task as SUCCESS. dag_id=my_dag, task_id=choose_best_model, execution_date=20220711T000000, start_date=20220712T042952, end_date=20220712T042952
[2022-07-12 04:29:53,034] {local_task_job.py:154} INFO - Task exited with return code 0
[2022-07-12 04:29:53,070] {local_task_job.py:264} INFO - 1 downstream tasks scheduled from follow-on schedule check
