[2022-07-08 05:12:57,922] {taskinstance.py:1043} INFO - Dependencies all met for <TaskInstance: example_complex.create_tag_template_result2 manual__2022-07-08T05:12:51.766586+00:00 [queued]>
[2022-07-08 05:12:57,949] {taskinstance.py:1043} INFO - Dependencies all met for <TaskInstance: example_complex.create_tag_template_result2 manual__2022-07-08T05:12:51.766586+00:00 [queued]>
[2022-07-08 05:12:57,949] {taskinstance.py:1249} INFO - 
--------------------------------------------------------------------------------
[2022-07-08 05:12:57,949] {taskinstance.py:1250} INFO - Starting attempt 1 of 1
[2022-07-08 05:12:57,950] {taskinstance.py:1251} INFO - 
--------------------------------------------------------------------------------
[2022-07-08 05:12:57,973] {taskinstance.py:1270} INFO - Executing <Task(BashOperator): create_tag_template_result2> on 2022-07-08 05:12:51.766586+00:00
[2022-07-08 05:12:57,982] {standard_task_runner.py:52} INFO - Started process 1795 to run task
[2022-07-08 05:12:57,989] {standard_task_runner.py:79} INFO - Running: ['***', 'tasks', 'run', 'example_complex', 'create_tag_template_result2', 'manual__2022-07-08T05:12:51.766586+00:00', '--job-id', '21', '--raw', '--subdir', '/home/***/.local/lib/python3.7/site-packages/***/example_dags/example_complex.py', '--cfg-path', '/tmp/tmpzlm0zrbw', '--error-file', '/tmp/tmpchqn0leu']
[2022-07-08 05:12:57,990] {standard_task_runner.py:80} INFO - Job 21: Subtask create_tag_template_result2
[2022-07-08 05:12:58,057] {logging_mixin.py:109} INFO - Running <TaskInstance: example_complex.create_tag_template_result2 manual__2022-07-08T05:12:51.766586+00:00 [running]> on host 6a15fbc57503
[2022-07-08 05:12:58,152] {taskinstance.py:1448} INFO - Exporting the following env vars:
AIRFLOW_CTX_DAG_OWNER=***
AIRFLOW_CTX_DAG_ID=example_complex
AIRFLOW_CTX_TASK_ID=create_tag_template_result2
AIRFLOW_CTX_EXECUTION_DATE=2022-07-08T05:12:51.766586+00:00
AIRFLOW_CTX_DAG_RUN_ID=manual__2022-07-08T05:12:51.766586+00:00
[2022-07-08 05:12:58,153] {subprocess.py:62} INFO - Tmp dir root location: 
 /tmp
[2022-07-08 05:12:58,153] {subprocess.py:74} INFO - Running command: ['bash', '-c', 'echo create_tag_template_result2']
[2022-07-08 05:12:58,171] {subprocess.py:85} INFO - Output:
[2022-07-08 05:12:58,173] {subprocess.py:89} INFO - create_tag_template_result2
[2022-07-08 05:12:58,173] {subprocess.py:93} INFO - Command exited with return code 0
[2022-07-08 05:12:58,266] {taskinstance.py:1288} INFO - Marking task as SUCCESS. dag_id=example_complex, task_id=create_tag_template_result2, execution_date=20220708T051251, start_date=20220708T051257, end_date=20220708T051258
[2022-07-08 05:12:58,334] {local_task_job.py:154} INFO - Task exited with return code 0
[2022-07-08 05:12:58,399] {local_task_job.py:264} INFO - 0 downstream tasks scheduled from follow-on schedule check
