[2022-07-08 13:37:58,696] {taskinstance.py:1043} INFO - Dependencies all met for <TaskInstance: my_dag.training_model_C manual__2022-07-08T13:37:58.003866+00:00 [queued]>
[2022-07-08 13:37:58,703] {taskinstance.py:1043} INFO - Dependencies all met for <TaskInstance: my_dag.training_model_C manual__2022-07-08T13:37:58.003866+00:00 [queued]>
[2022-07-08 13:37:58,704] {taskinstance.py:1249} INFO - 
--------------------------------------------------------------------------------
[2022-07-08 13:37:58,704] {taskinstance.py:1250} INFO - Starting attempt 1 of 1
[2022-07-08 13:37:58,704] {taskinstance.py:1251} INFO - 
--------------------------------------------------------------------------------
[2022-07-08 13:37:58,713] {taskinstance.py:1270} INFO - Executing <Task(PythonOperator): training_model_C> on 2022-07-08 13:37:58.003866+00:00
[2022-07-08 13:37:58,718] {standard_task_runner.py:52} INFO - Started process 649 to run task
[2022-07-08 13:37:58,720] {standard_task_runner.py:79} INFO - Running: ['***', 'tasks', 'run', 'my_dag', 'training_model_C', 'manual__2022-07-08T13:37:58.003866+00:00', '--job-id', '11', '--raw', '--subdir', 'DAGS_FOLDER/model.py', '--cfg-path', '/tmp/tmpi4qgg_fd', '--error-file', '/tmp/tmp3tm6mmc4']
[2022-07-08 13:37:58,720] {standard_task_runner.py:80} INFO - Job 11: Subtask training_model_C
[2022-07-08 13:37:58,757] {logging_mixin.py:109} INFO - Running <TaskInstance: my_dag.training_model_C manual__2022-07-08T13:37:58.003866+00:00 [running]> on host 18ea9465fe18
[2022-07-08 13:37:58,793] {taskinstance.py:1448} INFO - Exporting the following env vars:
AIRFLOW_CTX_DAG_OWNER=***
AIRFLOW_CTX_DAG_ID=my_dag
AIRFLOW_CTX_TASK_ID=training_model_C
AIRFLOW_CTX_EXECUTION_DATE=2022-07-08T13:37:58.003866+00:00
AIRFLOW_CTX_DAG_RUN_ID=manual__2022-07-08T13:37:58.003866+00:00
[2022-07-08 13:37:58,793] {python.py:175} INFO - Done. Returned value was: 2
[2022-07-08 13:37:58,806] {taskinstance.py:1288} INFO - Marking task as SUCCESS. dag_id=my_dag, task_id=training_model_C, execution_date=20220708T133758, start_date=20220708T133758, end_date=20220708T133758
[2022-07-08 13:37:58,852] {local_task_job.py:154} INFO - Task exited with return code 0
[2022-07-08 13:37:58,893] {local_task_job.py:264} INFO - 0 downstream tasks scheduled from follow-on schedule check
