[2022-07-11 08:34:32,796] {taskinstance.py:1043} INFO - Dependencies all met for <TaskInstance: example_complex.list_tags manual__2022-07-11T08:34:25.102423+00:00 [queued]>
[2022-07-11 08:34:32,807] {taskinstance.py:1043} INFO - Dependencies all met for <TaskInstance: example_complex.list_tags manual__2022-07-11T08:34:25.102423+00:00 [queued]>
[2022-07-11 08:34:32,807] {taskinstance.py:1249} INFO - 
--------------------------------------------------------------------------------
[2022-07-11 08:34:32,807] {taskinstance.py:1250} INFO - Starting attempt 1 of 1
[2022-07-11 08:34:32,807] {taskinstance.py:1251} INFO - 
--------------------------------------------------------------------------------
[2022-07-11 08:34:32,817] {taskinstance.py:1270} INFO - Executing <Task(BashOperator): list_tags> on 2022-07-11 08:34:25.102423+00:00
[2022-07-11 08:34:32,822] {standard_task_runner.py:52} INFO - Started process 3745 to run task
[2022-07-11 08:34:32,825] {standard_task_runner.py:79} INFO - Running: ['***', 'tasks', 'run', 'example_complex', 'list_tags', 'manual__2022-07-11T08:34:25.102423+00:00', '--job-id', '31', '--raw', '--subdir', '/home/***/.local/lib/python3.7/site-packages/***/example_dags/example_complex.py', '--cfg-path', '/tmp/tmp8cxqayo8', '--error-file', '/tmp/tmpo6bp2s2l']
[2022-07-11 08:34:32,825] {standard_task_runner.py:80} INFO - Job 31: Subtask list_tags
[2022-07-11 08:34:32,871] {logging_mixin.py:109} INFO - Running <TaskInstance: example_complex.list_tags manual__2022-07-11T08:34:25.102423+00:00 [running]> on host 1f92e2add508
[2022-07-11 08:34:32,974] {taskinstance.py:1448} INFO - Exporting the following env vars:
AIRFLOW_CTX_DAG_OWNER=***
AIRFLOW_CTX_DAG_ID=example_complex
AIRFLOW_CTX_TASK_ID=list_tags
AIRFLOW_CTX_EXECUTION_DATE=2022-07-11T08:34:25.102423+00:00
AIRFLOW_CTX_DAG_RUN_ID=manual__2022-07-11T08:34:25.102423+00:00
[2022-07-11 08:34:32,975] {subprocess.py:62} INFO - Tmp dir root location: 
 /tmp
[2022-07-11 08:34:32,976] {subprocess.py:74} INFO - Running command: ['bash', '-c', 'echo list_tags']
[2022-07-11 08:34:32,990] {subprocess.py:85} INFO - Output:
[2022-07-11 08:34:32,990] {subprocess.py:89} INFO - list_tags
[2022-07-11 08:34:32,991] {subprocess.py:93} INFO - Command exited with return code 0
[2022-07-11 08:34:33,014] {taskinstance.py:1288} INFO - Marking task as SUCCESS. dag_id=example_complex, task_id=list_tags, execution_date=20220711T083425, start_date=20220711T083432, end_date=20220711T083433
[2022-07-11 08:34:33,044] {local_task_job.py:154} INFO - Task exited with return code 0
[2022-07-11 08:34:33,081] {local_task_job.py:264} INFO - 1 downstream tasks scheduled from follow-on schedule check
