[2022-07-11 08:50:24,660] {taskinstance.py:1043} INFO - Dependencies all met for <TaskInstance: my_dag.training_model_B manual__2022-07-11T08:50:23.490084+00:00 [queued]>
[2022-07-11 08:50:24,672] {taskinstance.py:1043} INFO - Dependencies all met for <TaskInstance: my_dag.training_model_B manual__2022-07-11T08:50:23.490084+00:00 [queued]>
[2022-07-11 08:50:24,672] {taskinstance.py:1249} INFO - 
--------------------------------------------------------------------------------
[2022-07-11 08:50:24,672] {taskinstance.py:1250} INFO - Starting attempt 1 of 1
[2022-07-11 08:50:24,672] {taskinstance.py:1251} INFO - 
--------------------------------------------------------------------------------
[2022-07-11 08:50:24,684] {taskinstance.py:1270} INFO - Executing <Task(PythonOperator): training_model_B> on 2022-07-11 08:50:23.490084+00:00
[2022-07-11 08:50:24,689] {standard_task_runner.py:52} INFO - Started process 4533 to run task
[2022-07-11 08:50:24,692] {standard_task_runner.py:79} INFO - Running: ['***', 'tasks', 'run', 'my_dag', 'training_model_B', 'manual__2022-07-11T08:50:23.490084+00:00', '--job-id', '52', '--raw', '--subdir', 'DAGS_FOLDER/model.py', '--cfg-path', '/tmp/tmpoitzr_im', '--error-file', '/tmp/tmp091aevkd']
[2022-07-11 08:50:24,692] {standard_task_runner.py:80} INFO - Job 52: Subtask training_model_B
[2022-07-11 08:50:24,739] {logging_mixin.py:109} INFO - Running <TaskInstance: my_dag.training_model_B manual__2022-07-11T08:50:23.490084+00:00 [running]> on host 1f92e2add508
[2022-07-11 08:50:24,784] {taskinstance.py:1448} INFO - Exporting the following env vars:
AIRFLOW_CTX_DAG_OWNER=***
AIRFLOW_CTX_DAG_ID=my_dag
AIRFLOW_CTX_TASK_ID=training_model_B
AIRFLOW_CTX_EXECUTION_DATE=2022-07-11T08:50:23.490084+00:00
AIRFLOW_CTX_DAG_RUN_ID=manual__2022-07-11T08:50:23.490084+00:00
[2022-07-11 08:50:24,785] {python.py:175} INFO - Done. Returned value was: 5
[2022-07-11 08:50:24,802] {taskinstance.py:1288} INFO - Marking task as SUCCESS. dag_id=my_dag, task_id=training_model_B, execution_date=20220711T085023, start_date=20220711T085024, end_date=20220711T085024
[2022-07-11 08:50:24,823] {local_task_job.py:154} INFO - Task exited with return code 0
[2022-07-11 08:50:24,853] {local_task_job.py:264} INFO - 0 downstream tasks scheduled from follow-on schedule check
