[2022-07-08 05:13:03,251] {taskinstance.py:1043} INFO - Dependencies all met for <TaskInstance: example_complex.delete_tag_template_field manual__2022-07-08T05:12:51.766586+00:00 [queued]>
[2022-07-08 05:13:03,261] {taskinstance.py:1043} INFO - Dependencies all met for <TaskInstance: example_complex.delete_tag_template_field manual__2022-07-08T05:12:51.766586+00:00 [queued]>
[2022-07-08 05:13:03,261] {taskinstance.py:1249} INFO - 
--------------------------------------------------------------------------------
[2022-07-08 05:13:03,261] {taskinstance.py:1250} INFO - Starting attempt 1 of 1
[2022-07-08 05:13:03,261] {taskinstance.py:1251} INFO - 
--------------------------------------------------------------------------------
[2022-07-08 05:13:03,272] {taskinstance.py:1270} INFO - Executing <Task(BashOperator): delete_tag_template_field> on 2022-07-08 05:12:51.766586+00:00
[2022-07-08 05:13:03,277] {standard_task_runner.py:52} INFO - Started process 1848 to run task
[2022-07-08 05:13:03,280] {standard_task_runner.py:79} INFO - Running: ['***', 'tasks', 'run', 'example_complex', 'delete_tag_template_field', 'manual__2022-07-08T05:12:51.766586+00:00', '--job-id', '39', '--raw', '--subdir', '/home/***/.local/lib/python3.7/site-packages/***/example_dags/example_complex.py', '--cfg-path', '/tmp/tmpn2ecs7v1', '--error-file', '/tmp/tmpn7qmfzn8']
[2022-07-08 05:13:03,280] {standard_task_runner.py:80} INFO - Job 39: Subtask delete_tag_template_field
[2022-07-08 05:13:03,319] {logging_mixin.py:109} INFO - Running <TaskInstance: example_complex.delete_tag_template_field manual__2022-07-08T05:12:51.766586+00:00 [running]> on host 6a15fbc57503
[2022-07-08 05:13:03,356] {taskinstance.py:1448} INFO - Exporting the following env vars:
AIRFLOW_CTX_DAG_OWNER=***
AIRFLOW_CTX_DAG_ID=example_complex
AIRFLOW_CTX_TASK_ID=delete_tag_template_field
AIRFLOW_CTX_EXECUTION_DATE=2022-07-08T05:12:51.766586+00:00
AIRFLOW_CTX_DAG_RUN_ID=manual__2022-07-08T05:12:51.766586+00:00
[2022-07-08 05:13:03,357] {subprocess.py:62} INFO - Tmp dir root location: 
 /tmp
[2022-07-08 05:13:03,357] {subprocess.py:74} INFO - Running command: ['bash', '-c', 'echo delete_tag_template_field']
[2022-07-08 05:13:03,366] {subprocess.py:85} INFO - Output:
[2022-07-08 05:13:03,367] {subprocess.py:89} INFO - delete_tag_template_field
[2022-07-08 05:13:03,368] {subprocess.py:93} INFO - Command exited with return code 0
[2022-07-08 05:13:03,388] {taskinstance.py:1288} INFO - Marking task as SUCCESS. dag_id=example_complex, task_id=delete_tag_template_field, execution_date=20220708T051251, start_date=20220708T051303, end_date=20220708T051303
[2022-07-08 05:13:03,411] {local_task_job.py:154} INFO - Task exited with return code 0
[2022-07-08 05:13:03,442] {local_task_job.py:264} INFO - 1 downstream tasks scheduled from follow-on schedule check
