[2022-07-04 05:34:57,585] {taskinstance.py:1043} INFO - Dependencies all met for <TaskInstance: my_dag.choose_best_model manual__2022-07-04T05:34:55.619101+00:00 [queued]>
[2022-07-04 05:34:57,591] {taskinstance.py:1043} INFO - Dependencies all met for <TaskInstance: my_dag.choose_best_model manual__2022-07-04T05:34:55.619101+00:00 [queued]>
[2022-07-04 05:34:57,591] {taskinstance.py:1249} INFO - 
--------------------------------------------------------------------------------
[2022-07-04 05:34:57,591] {taskinstance.py:1250} INFO - Starting attempt 1 of 1
[2022-07-04 05:34:57,591] {taskinstance.py:1251} INFO - 
--------------------------------------------------------------------------------
[2022-07-04 05:34:57,598] {taskinstance.py:1270} INFO - Executing <Task(BranchPythonOperator): choose_best_model> on 2022-07-04 05:34:55.619101+00:00
[2022-07-04 05:34:57,601] {standard_task_runner.py:52} INFO - Started process 2121 to run task
[2022-07-04 05:34:57,603] {standard_task_runner.py:79} INFO - Running: ['***', 'tasks', 'run', 'my_dag', 'choose_best_model', 'manual__2022-07-04T05:34:55.619101+00:00', '--job-id', '444', '--raw', '--subdir', 'DAGS_FOLDER/model.py', '--cfg-path', '/tmp/tmp4p45prql', '--error-file', '/tmp/tmpt3xqer_p']
[2022-07-04 05:34:57,603] {standard_task_runner.py:80} INFO - Job 444: Subtask choose_best_model
[2022-07-04 05:34:57,636] {logging_mixin.py:109} INFO - Running <TaskInstance: my_dag.choose_best_model manual__2022-07-04T05:34:55.619101+00:00 [running]> on host 1936d03cc531
[2022-07-04 05:34:57,668] {taskinstance.py:1448} INFO - Exporting the following env vars:
AIRFLOW_CTX_DAG_OWNER=***
AIRFLOW_CTX_DAG_ID=my_dag
AIRFLOW_CTX_TASK_ID=choose_best_model
AIRFLOW_CTX_EXECUTION_DATE=2022-07-04T05:34:55.619101+00:00
AIRFLOW_CTX_DAG_RUN_ID=manual__2022-07-04T05:34:55.619101+00:00
[2022-07-04 05:34:57,674] {python.py:175} INFO - Done. Returned value was: inaccurate
[2022-07-04 05:34:57,674] {skipmixin.py:140} INFO - Following branch inaccurate
[2022-07-04 05:34:57,674] {skipmixin.py:171} INFO - Skipping tasks ['accurate']
[2022-07-04 05:34:57,697] {taskinstance.py:1288} INFO - Marking task as SUCCESS. dag_id=my_dag, task_id=choose_best_model, execution_date=20220704T053455, start_date=20220704T053457, end_date=20220704T053457
[2022-07-04 05:34:57,735] {local_task_job.py:154} INFO - Task exited with return code 0
[2022-07-04 05:34:57,758] {local_task_job.py:264} INFO - 1 downstream tasks scheduled from follow-on schedule check
