[2022-06-30 10:07:39,361] {taskinstance.py:1043} INFO - Dependencies all met for <TaskInstance: example_bash_operator.runme_2 manual__2022-06-30T10:07:37.985971+00:00 [queued]>
[2022-06-30 10:07:39,371] {taskinstance.py:1043} INFO - Dependencies all met for <TaskInstance: example_bash_operator.runme_2 manual__2022-06-30T10:07:37.985971+00:00 [queued]>
[2022-06-30 10:07:39,371] {taskinstance.py:1249} INFO - 
--------------------------------------------------------------------------------
[2022-06-30 10:07:39,371] {taskinstance.py:1250} INFO - Starting attempt 1 of 1
[2022-06-30 10:07:39,371] {taskinstance.py:1251} INFO - 
--------------------------------------------------------------------------------
[2022-06-30 10:07:39,383] {taskinstance.py:1270} INFO - Executing <Task(BashOperator): runme_2> on 2022-06-30 10:07:37.985971+00:00
[2022-06-30 10:07:39,387] {standard_task_runner.py:52} INFO - Started process 5972 to run task
[2022-06-30 10:07:39,390] {standard_task_runner.py:79} INFO - Running: ['***', 'tasks', 'run', 'example_bash_operator', 'runme_2', 'manual__2022-06-30T10:07:37.985971+00:00', '--job-id', '18', '--raw', '--subdir', '/home/***/.local/lib/python3.7/site-packages/***/example_dags/example_bash_operator.py', '--cfg-path', '/tmp/tmpe87m22xm', '--error-file', '/tmp/tmpf3naqeab']
[2022-06-30 10:07:39,390] {standard_task_runner.py:80} INFO - Job 18: Subtask runme_2
[2022-06-30 10:07:39,446] {logging_mixin.py:109} INFO - Running <TaskInstance: example_bash_operator.runme_2 manual__2022-06-30T10:07:37.985971+00:00 [running]> on host cb1ba423fa3f
[2022-06-30 10:07:39,490] {taskinstance.py:1448} INFO - Exporting the following env vars:
AIRFLOW_CTX_DAG_OWNER=***
AIRFLOW_CTX_DAG_ID=example_bash_operator
AIRFLOW_CTX_TASK_ID=runme_2
AIRFLOW_CTX_EXECUTION_DATE=2022-06-30T10:07:37.985971+00:00
AIRFLOW_CTX_DAG_RUN_ID=manual__2022-06-30T10:07:37.985971+00:00
[2022-06-30 10:07:39,491] {subprocess.py:62} INFO - Tmp dir root location: 
 /tmp
[2022-06-30 10:07:39,491] {subprocess.py:74} INFO - Running command: ['bash', '-c', 'echo "example_bash_operator__runme_2__20220630" && sleep 1']
[2022-06-30 10:07:39,500] {subprocess.py:85} INFO - Output:
[2022-06-30 10:07:39,501] {subprocess.py:89} INFO - example_bash_operator__runme_2__20220630
[2022-06-30 10:07:40,502] {subprocess.py:93} INFO - Command exited with return code 0
[2022-06-30 10:07:40,522] {taskinstance.py:1288} INFO - Marking task as SUCCESS. dag_id=example_bash_operator, task_id=runme_2, execution_date=20220630T100737, start_date=20220630T100739, end_date=20220630T100740
[2022-06-30 10:07:40,565] {local_task_job.py:154} INFO - Task exited with return code 0
[2022-06-30 10:07:40,588] {local_task_job.py:264} INFO - 0 downstream tasks scheduled from follow-on schedule check
