[2022-07-08 05:22:55,592] {taskinstance.py:1043} INFO - Dependencies all met for <TaskInstance: example_complex.create_tag_template_result manual__2022-07-08T05:22:48.487322+00:00 [queued]>
[2022-07-08 05:22:55,619] {taskinstance.py:1043} INFO - Dependencies all met for <TaskInstance: example_complex.create_tag_template_result manual__2022-07-08T05:22:48.487322+00:00 [queued]>
[2022-07-08 05:22:55,620] {taskinstance.py:1249} INFO - 
--------------------------------------------------------------------------------
[2022-07-08 05:22:55,620] {taskinstance.py:1250} INFO - Starting attempt 1 of 1
[2022-07-08 05:22:55,620] {taskinstance.py:1251} INFO - 
--------------------------------------------------------------------------------
[2022-07-08 05:22:55,645] {taskinstance.py:1270} INFO - Executing <Task(BashOperator): create_tag_template_result> on 2022-07-08 05:22:48.487322+00:00
[2022-07-08 05:22:55,653] {standard_task_runner.py:52} INFO - Started process 2468 to run task
[2022-07-08 05:22:55,656] {standard_task_runner.py:79} INFO - Running: ['***', 'tasks', 'run', 'example_complex', 'create_tag_template_result', 'manual__2022-07-08T05:22:48.487322+00:00', '--job-id', '93', '--raw', '--subdir', 'DAGS_FOLDER/complex_task.py', '--cfg-path', '/tmp/tmp78f0sqyf', '--error-file', '/tmp/tmpi3c73c4l']
[2022-07-08 05:22:55,656] {standard_task_runner.py:80} INFO - Job 93: Subtask create_tag_template_result
[2022-07-08 05:22:55,813] {logging_mixin.py:109} INFO - Running <TaskInstance: example_complex.create_tag_template_result manual__2022-07-08T05:22:48.487322+00:00 [running]> on host 6a15fbc57503
[2022-07-08 05:22:55,899] {taskinstance.py:1448} INFO - Exporting the following env vars:
AIRFLOW_CTX_DAG_OWNER=***
AIRFLOW_CTX_DAG_ID=example_complex
AIRFLOW_CTX_TASK_ID=create_tag_template_result
AIRFLOW_CTX_EXECUTION_DATE=2022-07-08T05:22:48.487322+00:00
AIRFLOW_CTX_DAG_RUN_ID=manual__2022-07-08T05:22:48.487322+00:00
[2022-07-08 05:22:55,900] {subprocess.py:62} INFO - Tmp dir root location: 
 /tmp
[2022-07-08 05:22:55,903] {subprocess.py:74} INFO - Running command: ['bash', '-c', 'echo create_tag_template_result']
[2022-07-08 05:22:55,919] {subprocess.py:85} INFO - Output:
[2022-07-08 05:22:55,919] {subprocess.py:89} INFO - create_tag_template_result
[2022-07-08 05:22:55,919] {subprocess.py:93} INFO - Command exited with return code 0
[2022-07-08 05:22:55,950] {taskinstance.py:1288} INFO - Marking task as SUCCESS. dag_id=example_complex, task_id=create_tag_template_result, execution_date=20220708T052248, start_date=20220708T052255, end_date=20220708T052255
[2022-07-08 05:22:55,968] {local_task_job.py:154} INFO - Task exited with return code 0
[2022-07-08 05:22:56,032] {local_task_job.py:264} INFO - 0 downstream tasks scheduled from follow-on schedule check
