[2022-07-08 05:22:59,935] {taskinstance.py:1043} INFO - Dependencies all met for <TaskInstance: example_complex.get_entry_result manual__2022-07-08T05:22:51.064014+00:00 [queued]>
[2022-07-08 05:22:59,955] {taskinstance.py:1043} INFO - Dependencies all met for <TaskInstance: example_complex.get_entry_result manual__2022-07-08T05:22:51.064014+00:00 [queued]>
[2022-07-08 05:22:59,955] {taskinstance.py:1249} INFO - 
--------------------------------------------------------------------------------
[2022-07-08 05:22:59,955] {taskinstance.py:1250} INFO - Starting attempt 1 of 1
[2022-07-08 05:22:59,955] {taskinstance.py:1251} INFO - 
--------------------------------------------------------------------------------
[2022-07-08 05:22:59,968] {taskinstance.py:1270} INFO - Executing <Task(BashOperator): get_entry_result> on 2022-07-08 05:22:51.064014+00:00
[2022-07-08 05:22:59,972] {standard_task_runner.py:52} INFO - Started process 2550 to run task
[2022-07-08 05:22:59,977] {standard_task_runner.py:79} INFO - Running: ['***', 'tasks', 'run', 'example_complex', 'get_entry_result', 'manual__2022-07-08T05:22:51.064014+00:00', '--job-id', '119', '--raw', '--subdir', 'DAGS_FOLDER/complex_task.py', '--cfg-path', '/tmp/tmpat57vtwa', '--error-file', '/tmp/tmp6g884aff']
[2022-07-08 05:22:59,978] {standard_task_runner.py:80} INFO - Job 119: Subtask get_entry_result
[2022-07-08 05:23:00,043] {logging_mixin.py:109} INFO - Running <TaskInstance: example_complex.get_entry_result manual__2022-07-08T05:22:51.064014+00:00 [running]> on host 6a15fbc57503
[2022-07-08 05:23:00,144] {taskinstance.py:1448} INFO - Exporting the following env vars:
AIRFLOW_CTX_DAG_OWNER=***
AIRFLOW_CTX_DAG_ID=example_complex
AIRFLOW_CTX_TASK_ID=get_entry_result
AIRFLOW_CTX_EXECUTION_DATE=2022-07-08T05:22:51.064014+00:00
AIRFLOW_CTX_DAG_RUN_ID=manual__2022-07-08T05:22:51.064014+00:00
[2022-07-08 05:23:00,145] {subprocess.py:62} INFO - Tmp dir root location: 
 /tmp
[2022-07-08 05:23:00,145] {subprocess.py:74} INFO - Running command: ['bash', '-c', 'echo get_entry_result']
[2022-07-08 05:23:00,162] {subprocess.py:85} INFO - Output:
[2022-07-08 05:23:00,164] {subprocess.py:89} INFO - get_entry_result
[2022-07-08 05:23:00,164] {subprocess.py:93} INFO - Command exited with return code 0
[2022-07-08 05:23:00,240] {taskinstance.py:1288} INFO - Marking task as SUCCESS. dag_id=example_complex, task_id=get_entry_result, execution_date=20220708T052251, start_date=20220708T052259, end_date=20220708T052300
[2022-07-08 05:23:00,268] {local_task_job.py:154} INFO - Task exited with return code 0
[2022-07-08 05:23:00,314] {local_task_job.py:264} INFO - 0 downstream tasks scheduled from follow-on schedule check
