[2022-07-01 04:37:01,639] {taskinstance.py:1043} INFO - Dependencies all met for <TaskInstance: my_dag.choose_best_model manual__2022-07-01T04:36:59.216671+00:00 [queued]>
[2022-07-01 04:37:01,647] {taskinstance.py:1043} INFO - Dependencies all met for <TaskInstance: my_dag.choose_best_model manual__2022-07-01T04:36:59.216671+00:00 [queued]>
[2022-07-01 04:37:01,647] {taskinstance.py:1249} INFO - 
--------------------------------------------------------------------------------
[2022-07-01 04:37:01,647] {taskinstance.py:1250} INFO - Starting attempt 1 of 1
[2022-07-01 04:37:01,647] {taskinstance.py:1251} INFO - 
--------------------------------------------------------------------------------
[2022-07-01 04:37:01,654] {taskinstance.py:1270} INFO - Executing <Task(BranchPythonOperator): choose_best_model> on 2022-07-01 04:36:59.216671+00:00
[2022-07-01 04:37:01,657] {standard_task_runner.py:52} INFO - Started process 4372 to run task
[2022-07-01 04:37:01,659] {standard_task_runner.py:79} INFO - Running: ['***', 'tasks', 'run', 'my_dag', 'choose_best_model', 'manual__2022-07-01T04:36:59.216671+00:00', '--job-id', '37', '--raw', '--subdir', 'DAGS_FOLDER/second_1.py', '--cfg-path', '/tmp/tmpd8w7rxiu', '--error-file', '/tmp/tmp3ioj9s85']
[2022-07-01 04:37:01,660] {standard_task_runner.py:80} INFO - Job 37: Subtask choose_best_model
[2022-07-01 04:37:01,690] {logging_mixin.py:109} INFO - Running <TaskInstance: my_dag.choose_best_model manual__2022-07-01T04:36:59.216671+00:00 [running]> on host cb1ba423fa3f
[2022-07-01 04:37:01,720] {taskinstance.py:1448} INFO - Exporting the following env vars:
AIRFLOW_CTX_DAG_OWNER=***
AIRFLOW_CTX_DAG_ID=my_dag
AIRFLOW_CTX_TASK_ID=choose_best_model
AIRFLOW_CTX_EXECUTION_DATE=2022-07-01T04:36:59.216671+00:00
AIRFLOW_CTX_DAG_RUN_ID=manual__2022-07-01T04:36:59.216671+00:00
[2022-07-01 04:37:01,725] {python.py:175} INFO - Done. Returned value was: accurate
[2022-07-01 04:37:01,725] {skipmixin.py:140} INFO - Following branch accurate
[2022-07-01 04:37:01,725] {skipmixin.py:171} INFO - Skipping tasks ['inaccurate']
[2022-07-01 04:37:01,748] {taskinstance.py:1288} INFO - Marking task as SUCCESS. dag_id=my_dag, task_id=choose_best_model, execution_date=20220701T043659, start_date=20220701T043701, end_date=20220701T043701
[2022-07-01 04:37:01,791] {local_task_job.py:154} INFO - Task exited with return code 0
[2022-07-01 04:37:01,821] {local_task_job.py:264} INFO - 1 downstream tasks scheduled from follow-on schedule check
