[2022-07-08 05:13:00,977] {taskinstance.py:1043} INFO - Dependencies all met for <TaskInstance: example_complex.rename_tag_template_field manual__2022-07-08T05:12:51.766586+00:00 [queued]>
[2022-07-08 05:13:00,989] {taskinstance.py:1043} INFO - Dependencies all met for <TaskInstance: example_complex.rename_tag_template_field manual__2022-07-08T05:12:51.766586+00:00 [queued]>
[2022-07-08 05:13:00,990] {taskinstance.py:1249} INFO - 
--------------------------------------------------------------------------------
[2022-07-08 05:13:00,990] {taskinstance.py:1250} INFO - Starting attempt 1 of 1
[2022-07-08 05:13:00,990] {taskinstance.py:1251} INFO - 
--------------------------------------------------------------------------------
[2022-07-08 05:13:01,003] {taskinstance.py:1270} INFO - Executing <Task(BashOperator): rename_tag_template_field> on 2022-07-08 05:12:51.766586+00:00
[2022-07-08 05:13:01,008] {standard_task_runner.py:52} INFO - Started process 1829 to run task
[2022-07-08 05:13:01,011] {standard_task_runner.py:79} INFO - Running: ['***', 'tasks', 'run', 'example_complex', 'rename_tag_template_field', 'manual__2022-07-08T05:12:51.766586+00:00', '--job-id', '34', '--raw', '--subdir', '/home/***/.local/lib/python3.7/site-packages/***/example_dags/example_complex.py', '--cfg-path', '/tmp/tmphlhbjcku', '--error-file', '/tmp/tmpy4x0o8ge']
[2022-07-08 05:13:01,012] {standard_task_runner.py:80} INFO - Job 34: Subtask rename_tag_template_field
[2022-07-08 05:13:01,080] {logging_mixin.py:109} INFO - Running <TaskInstance: example_complex.rename_tag_template_field manual__2022-07-08T05:12:51.766586+00:00 [running]> on host 6a15fbc57503
[2022-07-08 05:13:01,151] {taskinstance.py:1448} INFO - Exporting the following env vars:
AIRFLOW_CTX_DAG_OWNER=***
AIRFLOW_CTX_DAG_ID=example_complex
AIRFLOW_CTX_TASK_ID=rename_tag_template_field
AIRFLOW_CTX_EXECUTION_DATE=2022-07-08T05:12:51.766586+00:00
AIRFLOW_CTX_DAG_RUN_ID=manual__2022-07-08T05:12:51.766586+00:00
[2022-07-08 05:13:01,152] {subprocess.py:62} INFO - Tmp dir root location: 
 /tmp
[2022-07-08 05:13:01,153] {subprocess.py:74} INFO - Running command: ['bash', '-c', 'echo rename_tag_template_field']
[2022-07-08 05:13:01,168] {subprocess.py:85} INFO - Output:
[2022-07-08 05:13:01,169] {subprocess.py:89} INFO - rename_tag_template_field
[2022-07-08 05:13:01,169] {subprocess.py:93} INFO - Command exited with return code 0
[2022-07-08 05:13:01,196] {taskinstance.py:1288} INFO - Marking task as SUCCESS. dag_id=example_complex, task_id=rename_tag_template_field, execution_date=20220708T051251, start_date=20220708T051300, end_date=20220708T051301
[2022-07-08 05:13:01,222] {local_task_job.py:154} INFO - Task exited with return code 0
[2022-07-08 05:13:01,281] {local_task_job.py:264} INFO - 0 downstream tasks scheduled from follow-on schedule check
