[2022-06-24 16:07:04,884] {processor.py:163} INFO - Started process (PID=315) to work on /home/airflow/.local/lib/python3.7/site-packages/airflow/example_dags/example_trigger_controller_dag.py
[2022-06-24 16:07:04,884] {processor.py:642} INFO - Processing file /home/airflow/.local/lib/python3.7/site-packages/airflow/example_dags/example_trigger_controller_dag.py for tasks to queue
[2022-06-24 16:07:04,884] {logging_mixin.py:109} INFO - [2022-06-24 16:07:04,884] {dagbag.py:500} INFO - Filling up the DagBag from /home/airflow/.local/lib/python3.7/site-packages/airflow/example_dags/example_trigger_controller_dag.py
[2022-06-24 16:07:04,895] {processor.py:652} INFO - DAG(s) dict_keys(['example_trigger_controller_dag']) retrieved from /home/airflow/.local/lib/python3.7/site-packages/airflow/example_dags/example_trigger_controller_dag.py
[2022-06-24 16:07:06,057] {logging_mixin.py:109} INFO - [2022-06-24 16:07:06,057] {manager.py:496} INFO - Created Permission View: can edit on DAG:example_trigger_controller_dag
[2022-06-24 16:07:06,062] {logging_mixin.py:109} INFO - [2022-06-24 16:07:06,061] {manager.py:496} INFO - Created Permission View: can read on DAG:example_trigger_controller_dag
[2022-06-24 16:07:06,062] {logging_mixin.py:109} INFO - [2022-06-24 16:07:06,062] {dag.py:2398} INFO - Sync 1 DAGs
[2022-06-24 16:07:06,066] {logging_mixin.py:109} INFO - [2022-06-24 16:07:06,066] {dag.py:2417} INFO - Creating ORM DAG for example_trigger_controller_dag
[2022-06-24 16:07:06,070] {logging_mixin.py:109} INFO - [2022-06-24 16:07:06,070] {dag.py:2937} INFO - Setting next_dagrun for example_trigger_controller_dag to 2021-01-01T00:00:00+00:00
[2022-06-24 16:07:06,076] {processor.py:171} INFO - Processing /home/airflow/.local/lib/python3.7/site-packages/airflow/example_dags/example_trigger_controller_dag.py took 1.194 seconds
[2022-06-24 16:07:36,332] {processor.py:163} INFO - Started process (PID=384) to work on /home/airflow/.local/lib/python3.7/site-packages/airflow/example_dags/example_trigger_controller_dag.py
[2022-06-24 16:07:36,333] {processor.py:642} INFO - Processing file /home/airflow/.local/lib/python3.7/site-packages/airflow/example_dags/example_trigger_controller_dag.py for tasks to queue
[2022-06-24 16:07:36,333] {logging_mixin.py:109} INFO - [2022-06-24 16:07:36,333] {dagbag.py:500} INFO - Filling up the DagBag from /home/airflow/.local/lib/python3.7/site-packages/airflow/example_dags/example_trigger_controller_dag.py
[2022-06-24 16:07:36,343] {processor.py:652} INFO - DAG(s) dict_keys(['example_trigger_controller_dag']) retrieved from /home/airflow/.local/lib/python3.7/site-packages/airflow/example_dags/example_trigger_controller_dag.py
[2022-06-24 16:07:36,354] {logging_mixin.py:109} INFO - [2022-06-24 16:07:36,353] {dag.py:2398} INFO - Sync 1 DAGs
[2022-06-24 16:07:36,366] {logging_mixin.py:109} INFO - [2022-06-24 16:07:36,366] {dag.py:2937} INFO - Setting next_dagrun for example_trigger_controller_dag to 2021-01-01T00:00:00+00:00
[2022-06-24 16:07:36,372] {processor.py:171} INFO - Processing /home/airflow/.local/lib/python3.7/site-packages/airflow/example_dags/example_trigger_controller_dag.py took 0.041 seconds
[2022-06-24 16:08:06,588] {processor.py:163} INFO - Started process (PID=443) to work on /home/airflow/.local/lib/python3.7/site-packages/airflow/example_dags/example_trigger_controller_dag.py
[2022-06-24 16:08:06,589] {processor.py:642} INFO - Processing file /home/airflow/.local/lib/python3.7/site-packages/airflow/example_dags/example_trigger_controller_dag.py for tasks to queue
[2022-06-24 16:08:06,590] {logging_mixin.py:109} INFO - [2022-06-24 16:08:06,589] {dagbag.py:500} INFO - Filling up the DagBag from /home/airflow/.local/lib/python3.7/site-packages/airflow/example_dags/example_trigger_controller_dag.py
[2022-06-24 16:08:06,603] {processor.py:652} INFO - DAG(s) dict_keys(['example_trigger_controller_dag']) retrieved from /home/airflow/.local/lib/python3.7/site-packages/airflow/example_dags/example_trigger_controller_dag.py
[2022-06-24 16:08:06,617] {logging_mixin.py:109} INFO - [2022-06-24 16:08:06,616] {dag.py:2398} INFO - Sync 1 DAGs
[2022-06-24 16:08:06,632] {logging_mixin.py:109} INFO - [2022-06-24 16:08:06,632] {dag.py:2937} INFO - Setting next_dagrun for example_trigger_controller_dag to 2021-01-01T00:00:00+00:00
[2022-06-24 16:08:06,640] {processor.py:171} INFO - Processing /home/airflow/.local/lib/python3.7/site-packages/airflow/example_dags/example_trigger_controller_dag.py took 0.054 seconds
[2022-06-24 16:08:36,836] {processor.py:163} INFO - Started process (PID=493) to work on /home/airflow/.local/lib/python3.7/site-packages/airflow/example_dags/example_trigger_controller_dag.py
[2022-06-24 16:08:36,837] {processor.py:642} INFO - Processing file /home/airflow/.local/lib/python3.7/site-packages/airflow/example_dags/example_trigger_controller_dag.py for tasks to queue
[2022-06-24 16:08:36,837] {logging_mixin.py:109} INFO - [2022-06-24 16:08:36,837] {dagbag.py:500} INFO - Filling up the DagBag from /home/airflow/.local/lib/python3.7/site-packages/airflow/example_dags/example_trigger_controller_dag.py
[2022-06-24 16:08:36,845] {processor.py:652} INFO - DAG(s) dict_keys(['example_trigger_controller_dag']) retrieved from /home/airflow/.local/lib/python3.7/site-packages/airflow/example_dags/example_trigger_controller_dag.py
[2022-06-24 16:08:36,858] {logging_mixin.py:109} INFO - [2022-06-24 16:08:36,858] {dag.py:2398} INFO - Sync 1 DAGs
[2022-06-24 16:08:36,870] {logging_mixin.py:109} INFO - [2022-06-24 16:08:36,869] {dag.py:2937} INFO - Setting next_dagrun for example_trigger_controller_dag to 2021-01-01T00:00:00+00:00
[2022-06-24 16:08:36,876] {processor.py:171} INFO - Processing /home/airflow/.local/lib/python3.7/site-packages/airflow/example_dags/example_trigger_controller_dag.py took 0.041 seconds
[2022-06-24 16:09:07,098] {processor.py:163} INFO - Started process (PID=552) to work on /home/airflow/.local/lib/python3.7/site-packages/airflow/example_dags/example_trigger_controller_dag.py
[2022-06-24 16:09:07,099] {processor.py:642} INFO - Processing file /home/airflow/.local/lib/python3.7/site-packages/airflow/example_dags/example_trigger_controller_dag.py for tasks to queue
[2022-06-24 16:09:07,100] {logging_mixin.py:109} INFO - [2022-06-24 16:09:07,100] {dagbag.py:500} INFO - Filling up the DagBag from /home/airflow/.local/lib/python3.7/site-packages/airflow/example_dags/example_trigger_controller_dag.py
[2022-06-24 16:09:07,107] {processor.py:652} INFO - DAG(s) dict_keys(['example_trigger_controller_dag']) retrieved from /home/airflow/.local/lib/python3.7/site-packages/airflow/example_dags/example_trigger_controller_dag.py
[2022-06-24 16:09:07,118] {logging_mixin.py:109} INFO - [2022-06-24 16:09:07,118] {dag.py:2398} INFO - Sync 1 DAGs
[2022-06-24 16:09:07,128] {logging_mixin.py:109} INFO - [2022-06-24 16:09:07,127] {dag.py:2937} INFO - Setting next_dagrun for example_trigger_controller_dag to 2021-01-01T00:00:00+00:00
[2022-06-24 16:09:07,133] {processor.py:171} INFO - Processing /home/airflow/.local/lib/python3.7/site-packages/airflow/example_dags/example_trigger_controller_dag.py took 0.037 seconds
[2022-06-24 16:09:37,216] {processor.py:163} INFO - Started process (PID=602) to work on /home/airflow/.local/lib/python3.7/site-packages/airflow/example_dags/example_trigger_controller_dag.py
[2022-06-24 16:09:37,220] {processor.py:642} INFO - Processing file /home/airflow/.local/lib/python3.7/site-packages/airflow/example_dags/example_trigger_controller_dag.py for tasks to queue
[2022-06-24 16:09:37,221] {logging_mixin.py:109} INFO - [2022-06-24 16:09:37,221] {dagbag.py:500} INFO - Filling up the DagBag from /home/airflow/.local/lib/python3.7/site-packages/airflow/example_dags/example_trigger_controller_dag.py
[2022-06-24 16:09:37,228] {processor.py:652} INFO - DAG(s) dict_keys(['example_trigger_controller_dag']) retrieved from /home/airflow/.local/lib/python3.7/site-packages/airflow/example_dags/example_trigger_controller_dag.py
[2022-06-24 16:09:37,239] {logging_mixin.py:109} INFO - [2022-06-24 16:09:37,239] {dag.py:2398} INFO - Sync 1 DAGs
[2022-06-24 16:09:37,250] {logging_mixin.py:109} INFO - [2022-06-24 16:09:37,250] {dag.py:2937} INFO - Setting next_dagrun for example_trigger_controller_dag to 2021-01-01T00:00:00+00:00
[2022-06-24 16:09:37,256] {processor.py:171} INFO - Processing /home/airflow/.local/lib/python3.7/site-packages/airflow/example_dags/example_trigger_controller_dag.py took 0.042 seconds
[2022-06-24 16:10:07,483] {processor.py:163} INFO - Started process (PID=662) to work on /home/airflow/.local/lib/python3.7/site-packages/airflow/example_dags/example_trigger_controller_dag.py
[2022-06-24 16:10:07,483] {processor.py:642} INFO - Processing file /home/airflow/.local/lib/python3.7/site-packages/airflow/example_dags/example_trigger_controller_dag.py for tasks to queue
[2022-06-24 16:10:07,484] {logging_mixin.py:109} INFO - [2022-06-24 16:10:07,484] {dagbag.py:500} INFO - Filling up the DagBag from /home/airflow/.local/lib/python3.7/site-packages/airflow/example_dags/example_trigger_controller_dag.py
[2022-06-24 16:10:07,491] {processor.py:652} INFO - DAG(s) dict_keys(['example_trigger_controller_dag']) retrieved from /home/airflow/.local/lib/python3.7/site-packages/airflow/example_dags/example_trigger_controller_dag.py
[2022-06-24 16:10:07,504] {logging_mixin.py:109} INFO - [2022-06-24 16:10:07,504] {dag.py:2398} INFO - Sync 1 DAGs
[2022-06-24 16:10:07,518] {logging_mixin.py:109} INFO - [2022-06-24 16:10:07,518] {dag.py:2937} INFO - Setting next_dagrun for example_trigger_controller_dag to 2021-01-01T00:00:00+00:00
[2022-06-24 16:10:07,526] {processor.py:171} INFO - Processing /home/airflow/.local/lib/python3.7/site-packages/airflow/example_dags/example_trigger_controller_dag.py took 0.045 seconds
[2022-06-24 16:10:37,857] {processor.py:163} INFO - Started process (PID=721) to work on /home/airflow/.local/lib/python3.7/site-packages/airflow/example_dags/example_trigger_controller_dag.py
[2022-06-24 16:10:37,859] {processor.py:642} INFO - Processing file /home/airflow/.local/lib/python3.7/site-packages/airflow/example_dags/example_trigger_controller_dag.py for tasks to queue
[2022-06-24 16:10:37,859] {logging_mixin.py:109} INFO - [2022-06-24 16:10:37,859] {dagbag.py:500} INFO - Filling up the DagBag from /home/airflow/.local/lib/python3.7/site-packages/airflow/example_dags/example_trigger_controller_dag.py
[2022-06-24 16:10:37,870] {processor.py:652} INFO - DAG(s) dict_keys(['example_trigger_controller_dag']) retrieved from /home/airflow/.local/lib/python3.7/site-packages/airflow/example_dags/example_trigger_controller_dag.py
[2022-06-24 16:10:37,881] {logging_mixin.py:109} INFO - [2022-06-24 16:10:37,881] {dag.py:2398} INFO - Sync 1 DAGs
[2022-06-24 16:10:37,891] {logging_mixin.py:109} INFO - [2022-06-24 16:10:37,891] {dag.py:2937} INFO - Setting next_dagrun for example_trigger_controller_dag to 2021-01-01T00:00:00+00:00
[2022-06-24 16:10:37,897] {processor.py:171} INFO - Processing /home/airflow/.local/lib/python3.7/site-packages/airflow/example_dags/example_trigger_controller_dag.py took 0.043 seconds
[2022-06-24 16:11:08,131] {processor.py:163} INFO - Started process (PID=770) to work on /home/airflow/.local/lib/python3.7/site-packages/airflow/example_dags/example_trigger_controller_dag.py
[2022-06-24 16:11:08,131] {processor.py:642} INFO - Processing file /home/airflow/.local/lib/python3.7/site-packages/airflow/example_dags/example_trigger_controller_dag.py for tasks to queue
[2022-06-24 16:11:08,132] {logging_mixin.py:109} INFO - [2022-06-24 16:11:08,132] {dagbag.py:500} INFO - Filling up the DagBag from /home/airflow/.local/lib/python3.7/site-packages/airflow/example_dags/example_trigger_controller_dag.py
[2022-06-24 16:11:08,139] {processor.py:652} INFO - DAG(s) dict_keys(['example_trigger_controller_dag']) retrieved from /home/airflow/.local/lib/python3.7/site-packages/airflow/example_dags/example_trigger_controller_dag.py
[2022-06-24 16:11:08,150] {logging_mixin.py:109} INFO - [2022-06-24 16:11:08,150] {dag.py:2398} INFO - Sync 1 DAGs
[2022-06-24 16:11:08,160] {logging_mixin.py:109} INFO - [2022-06-24 16:11:08,160] {dag.py:2937} INFO - Setting next_dagrun for example_trigger_controller_dag to 2021-01-01T00:00:00+00:00
[2022-06-24 16:11:08,165] {processor.py:171} INFO - Processing /home/airflow/.local/lib/python3.7/site-packages/airflow/example_dags/example_trigger_controller_dag.py took 0.036 seconds
[2022-06-24 16:11:38,434] {processor.py:163} INFO - Started process (PID=830) to work on /home/airflow/.local/lib/python3.7/site-packages/airflow/example_dags/example_trigger_controller_dag.py
[2022-06-24 16:11:38,437] {processor.py:642} INFO - Processing file /home/airflow/.local/lib/python3.7/site-packages/airflow/example_dags/example_trigger_controller_dag.py for tasks to queue
[2022-06-24 16:11:38,437] {logging_mixin.py:109} INFO - [2022-06-24 16:11:38,437] {dagbag.py:500} INFO - Filling up the DagBag from /home/airflow/.local/lib/python3.7/site-packages/airflow/example_dags/example_trigger_controller_dag.py
[2022-06-24 16:11:38,446] {processor.py:652} INFO - DAG(s) dict_keys(['example_trigger_controller_dag']) retrieved from /home/airflow/.local/lib/python3.7/site-packages/airflow/example_dags/example_trigger_controller_dag.py
[2022-06-24 16:11:38,459] {logging_mixin.py:109} INFO - [2022-06-24 16:11:38,459] {dag.py:2398} INFO - Sync 1 DAGs
[2022-06-24 16:11:38,471] {logging_mixin.py:109} INFO - [2022-06-24 16:11:38,470] {dag.py:2937} INFO - Setting next_dagrun for example_trigger_controller_dag to 2021-01-01T00:00:00+00:00
[2022-06-24 16:11:38,477] {processor.py:171} INFO - Processing /home/airflow/.local/lib/python3.7/site-packages/airflow/example_dags/example_trigger_controller_dag.py took 0.045 seconds
[2022-06-24 16:12:08,692] {processor.py:163} INFO - Started process (PID=889) to work on /home/airflow/.local/lib/python3.7/site-packages/airflow/example_dags/example_trigger_controller_dag.py
[2022-06-24 16:12:08,692] {processor.py:642} INFO - Processing file /home/airflow/.local/lib/python3.7/site-packages/airflow/example_dags/example_trigger_controller_dag.py for tasks to queue
[2022-06-24 16:12:08,693] {logging_mixin.py:109} INFO - [2022-06-24 16:12:08,693] {dagbag.py:500} INFO - Filling up the DagBag from /home/airflow/.local/lib/python3.7/site-packages/airflow/example_dags/example_trigger_controller_dag.py
[2022-06-24 16:12:08,700] {processor.py:652} INFO - DAG(s) dict_keys(['example_trigger_controller_dag']) retrieved from /home/airflow/.local/lib/python3.7/site-packages/airflow/example_dags/example_trigger_controller_dag.py
[2022-06-24 16:12:08,711] {logging_mixin.py:109} INFO - [2022-06-24 16:12:08,711] {dag.py:2398} INFO - Sync 1 DAGs
[2022-06-24 16:12:08,722] {logging_mixin.py:109} INFO - [2022-06-24 16:12:08,722] {dag.py:2937} INFO - Setting next_dagrun for example_trigger_controller_dag to 2021-01-01T00:00:00+00:00
[2022-06-24 16:12:08,728] {processor.py:171} INFO - Processing /home/airflow/.local/lib/python3.7/site-packages/airflow/example_dags/example_trigger_controller_dag.py took 0.038 seconds
[2022-06-24 16:12:39,183] {processor.py:163} INFO - Started process (PID=940) to work on /home/airflow/.local/lib/python3.7/site-packages/airflow/example_dags/example_trigger_controller_dag.py
[2022-06-24 16:12:39,183] {processor.py:642} INFO - Processing file /home/airflow/.local/lib/python3.7/site-packages/airflow/example_dags/example_trigger_controller_dag.py for tasks to queue
[2022-06-24 16:12:39,184] {logging_mixin.py:109} INFO - [2022-06-24 16:12:39,184] {dagbag.py:500} INFO - Filling up the DagBag from /home/airflow/.local/lib/python3.7/site-packages/airflow/example_dags/example_trigger_controller_dag.py
[2022-06-24 16:12:39,191] {processor.py:652} INFO - DAG(s) dict_keys(['example_trigger_controller_dag']) retrieved from /home/airflow/.local/lib/python3.7/site-packages/airflow/example_dags/example_trigger_controller_dag.py
[2022-06-24 16:12:39,203] {logging_mixin.py:109} INFO - [2022-06-24 16:12:39,202] {dag.py:2398} INFO - Sync 1 DAGs
[2022-06-24 16:12:39,213] {logging_mixin.py:109} INFO - [2022-06-24 16:12:39,213] {dag.py:2937} INFO - Setting next_dagrun for example_trigger_controller_dag to 2021-01-01T00:00:00+00:00
[2022-06-24 16:12:39,218] {processor.py:171} INFO - Processing /home/airflow/.local/lib/python3.7/site-packages/airflow/example_dags/example_trigger_controller_dag.py took 0.038 seconds
[2022-06-24 16:13:10,147] {processor.py:163} INFO - Started process (PID=1000) to work on /home/airflow/.local/lib/python3.7/site-packages/airflow/example_dags/example_trigger_controller_dag.py
[2022-06-24 16:13:10,147] {processor.py:642} INFO - Processing file /home/airflow/.local/lib/python3.7/site-packages/airflow/example_dags/example_trigger_controller_dag.py for tasks to queue
[2022-06-24 16:13:10,148] {logging_mixin.py:109} INFO - [2022-06-24 16:13:10,148] {dagbag.py:500} INFO - Filling up the DagBag from /home/airflow/.local/lib/python3.7/site-packages/airflow/example_dags/example_trigger_controller_dag.py
[2022-06-24 16:13:10,155] {processor.py:652} INFO - DAG(s) dict_keys(['example_trigger_controller_dag']) retrieved from /home/airflow/.local/lib/python3.7/site-packages/airflow/example_dags/example_trigger_controller_dag.py
[2022-06-24 16:13:10,167] {logging_mixin.py:109} INFO - [2022-06-24 16:13:10,166] {dag.py:2398} INFO - Sync 1 DAGs
[2022-06-24 16:13:10,177] {logging_mixin.py:109} INFO - [2022-06-24 16:13:10,177] {dag.py:2937} INFO - Setting next_dagrun for example_trigger_controller_dag to 2021-01-01T00:00:00+00:00
[2022-06-24 16:13:10,182] {processor.py:171} INFO - Processing /home/airflow/.local/lib/python3.7/site-packages/airflow/example_dags/example_trigger_controller_dag.py took 0.038 seconds
[2022-06-24 16:13:40,541] {processor.py:163} INFO - Started process (PID=1060) to work on /home/airflow/.local/lib/python3.7/site-packages/airflow/example_dags/example_trigger_controller_dag.py
[2022-06-24 16:13:40,542] {processor.py:642} INFO - Processing file /home/airflow/.local/lib/python3.7/site-packages/airflow/example_dags/example_trigger_controller_dag.py for tasks to queue
[2022-06-24 16:13:40,542] {logging_mixin.py:109} INFO - [2022-06-24 16:13:40,542] {dagbag.py:500} INFO - Filling up the DagBag from /home/airflow/.local/lib/python3.7/site-packages/airflow/example_dags/example_trigger_controller_dag.py
[2022-06-24 16:13:40,551] {processor.py:652} INFO - DAG(s) dict_keys(['example_trigger_controller_dag']) retrieved from /home/airflow/.local/lib/python3.7/site-packages/airflow/example_dags/example_trigger_controller_dag.py
[2022-06-24 16:13:40,563] {logging_mixin.py:109} INFO - [2022-06-24 16:13:40,563] {dag.py:2398} INFO - Sync 1 DAGs
[2022-06-24 16:13:40,575] {logging_mixin.py:109} INFO - [2022-06-24 16:13:40,574] {dag.py:2937} INFO - Setting next_dagrun for example_trigger_controller_dag to 2021-01-01T00:00:00+00:00
[2022-06-24 16:13:40,581] {processor.py:171} INFO - Processing /home/airflow/.local/lib/python3.7/site-packages/airflow/example_dags/example_trigger_controller_dag.py took 0.041 seconds
[2022-06-24 16:14:10,913] {processor.py:163} INFO - Started process (PID=1110) to work on /home/airflow/.local/lib/python3.7/site-packages/airflow/example_dags/example_trigger_controller_dag.py
[2022-06-24 16:14:10,914] {processor.py:642} INFO - Processing file /home/airflow/.local/lib/python3.7/site-packages/airflow/example_dags/example_trigger_controller_dag.py for tasks to queue
[2022-06-24 16:14:10,915] {logging_mixin.py:109} INFO - [2022-06-24 16:14:10,915] {dagbag.py:500} INFO - Filling up the DagBag from /home/airflow/.local/lib/python3.7/site-packages/airflow/example_dags/example_trigger_controller_dag.py
[2022-06-24 16:14:10,925] {processor.py:652} INFO - DAG(s) dict_keys(['example_trigger_controller_dag']) retrieved from /home/airflow/.local/lib/python3.7/site-packages/airflow/example_dags/example_trigger_controller_dag.py
[2022-06-24 16:14:10,936] {logging_mixin.py:109} INFO - [2022-06-24 16:14:10,936] {dag.py:2398} INFO - Sync 1 DAGs
[2022-06-24 16:14:10,945] {logging_mixin.py:109} INFO - [2022-06-24 16:14:10,945] {dag.py:2937} INFO - Setting next_dagrun for example_trigger_controller_dag to 2021-01-01T00:00:00+00:00
[2022-06-24 16:14:10,951] {processor.py:171} INFO - Processing /home/airflow/.local/lib/python3.7/site-packages/airflow/example_dags/example_trigger_controller_dag.py took 0.039 seconds
[2022-06-24 16:14:41,315] {processor.py:163} INFO - Started process (PID=1170) to work on /home/airflow/.local/lib/python3.7/site-packages/airflow/example_dags/example_trigger_controller_dag.py
[2022-06-24 16:14:41,316] {processor.py:642} INFO - Processing file /home/airflow/.local/lib/python3.7/site-packages/airflow/example_dags/example_trigger_controller_dag.py for tasks to queue
[2022-06-24 16:14:41,317] {logging_mixin.py:109} INFO - [2022-06-24 16:14:41,317] {dagbag.py:500} INFO - Filling up the DagBag from /home/airflow/.local/lib/python3.7/site-packages/airflow/example_dags/example_trigger_controller_dag.py
[2022-06-24 16:14:41,326] {processor.py:652} INFO - DAG(s) dict_keys(['example_trigger_controller_dag']) retrieved from /home/airflow/.local/lib/python3.7/site-packages/airflow/example_dags/example_trigger_controller_dag.py
[2022-06-24 16:14:41,339] {logging_mixin.py:109} INFO - [2022-06-24 16:14:41,339] {dag.py:2398} INFO - Sync 1 DAGs
[2022-06-24 16:14:41,350] {logging_mixin.py:109} INFO - [2022-06-24 16:14:41,350] {dag.py:2937} INFO - Setting next_dagrun for example_trigger_controller_dag to 2021-01-01T00:00:00+00:00
[2022-06-24 16:14:41,357] {processor.py:171} INFO - Processing /home/airflow/.local/lib/python3.7/site-packages/airflow/example_dags/example_trigger_controller_dag.py took 0.044 seconds
[2022-06-24 16:15:30,358] {processor.py:163} INFO - Started process (PID=59) to work on /home/airflow/.local/lib/python3.7/site-packages/airflow/example_dags/example_trigger_controller_dag.py
[2022-06-24 16:15:30,359] {processor.py:642} INFO - Processing file /home/airflow/.local/lib/python3.7/site-packages/airflow/example_dags/example_trigger_controller_dag.py for tasks to queue
[2022-06-24 16:15:30,359] {logging_mixin.py:109} INFO - [2022-06-24 16:15:30,359] {dagbag.py:500} INFO - Filling up the DagBag from /home/airflow/.local/lib/python3.7/site-packages/airflow/example_dags/example_trigger_controller_dag.py
[2022-06-24 16:15:30,375] {processor.py:652} INFO - DAG(s) dict_keys(['example_trigger_controller_dag']) retrieved from /home/airflow/.local/lib/python3.7/site-packages/airflow/example_dags/example_trigger_controller_dag.py
[2022-06-24 16:15:30,390] {logging_mixin.py:109} INFO - [2022-06-24 16:15:30,389] {dag.py:2398} INFO - Sync 1 DAGs
[2022-06-24 16:15:30,404] {logging_mixin.py:109} INFO - [2022-06-24 16:15:30,404] {dag.py:2937} INFO - Setting next_dagrun for example_trigger_controller_dag to 2021-01-01T00:00:00+00:00
[2022-06-24 16:15:30,410] {processor.py:171} INFO - Processing /home/airflow/.local/lib/python3.7/site-packages/airflow/example_dags/example_trigger_controller_dag.py took 0.054 seconds
[2022-06-24 16:16:00,909] {processor.py:163} INFO - Started process (PID=121) to work on /home/airflow/.local/lib/python3.7/site-packages/airflow/example_dags/example_trigger_controller_dag.py
[2022-06-24 16:16:00,910] {processor.py:642} INFO - Processing file /home/airflow/.local/lib/python3.7/site-packages/airflow/example_dags/example_trigger_controller_dag.py for tasks to queue
[2022-06-24 16:16:00,910] {logging_mixin.py:109} INFO - [2022-06-24 16:16:00,910] {dagbag.py:500} INFO - Filling up the DagBag from /home/airflow/.local/lib/python3.7/site-packages/airflow/example_dags/example_trigger_controller_dag.py
[2022-06-24 16:16:00,920] {processor.py:652} INFO - DAG(s) dict_keys(['example_trigger_controller_dag']) retrieved from /home/airflow/.local/lib/python3.7/site-packages/airflow/example_dags/example_trigger_controller_dag.py
[2022-06-24 16:16:00,931] {logging_mixin.py:109} INFO - [2022-06-24 16:16:00,931] {dag.py:2398} INFO - Sync 1 DAGs
[2022-06-24 16:16:00,941] {logging_mixin.py:109} INFO - [2022-06-24 16:16:00,941] {dag.py:2937} INFO - Setting next_dagrun for example_trigger_controller_dag to 2021-01-01T00:00:00+00:00
[2022-06-24 16:16:00,946] {processor.py:171} INFO - Processing /home/airflow/.local/lib/python3.7/site-packages/airflow/example_dags/example_trigger_controller_dag.py took 0.038 seconds
[2022-06-24 16:16:31,428] {processor.py:163} INFO - Started process (PID=181) to work on /home/airflow/.local/lib/python3.7/site-packages/airflow/example_dags/example_trigger_controller_dag.py
[2022-06-24 16:16:31,429] {processor.py:642} INFO - Processing file /home/airflow/.local/lib/python3.7/site-packages/airflow/example_dags/example_trigger_controller_dag.py for tasks to queue
[2022-06-24 16:16:31,429] {logging_mixin.py:109} INFO - [2022-06-24 16:16:31,429] {dagbag.py:500} INFO - Filling up the DagBag from /home/airflow/.local/lib/python3.7/site-packages/airflow/example_dags/example_trigger_controller_dag.py
[2022-06-24 16:16:31,439] {processor.py:652} INFO - DAG(s) dict_keys(['example_trigger_controller_dag']) retrieved from /home/airflow/.local/lib/python3.7/site-packages/airflow/example_dags/example_trigger_controller_dag.py
[2022-06-24 16:16:31,452] {logging_mixin.py:109} INFO - [2022-06-24 16:16:31,452] {dag.py:2398} INFO - Sync 1 DAGs
[2022-06-24 16:16:31,463] {logging_mixin.py:109} INFO - [2022-06-24 16:16:31,463] {dag.py:2937} INFO - Setting next_dagrun for example_trigger_controller_dag to 2021-01-01T00:00:00+00:00
[2022-06-24 16:16:31,470] {processor.py:171} INFO - Processing /home/airflow/.local/lib/python3.7/site-packages/airflow/example_dags/example_trigger_controller_dag.py took 0.043 seconds
[2022-06-24 16:17:01,970] {processor.py:163} INFO - Started process (PID=231) to work on /home/airflow/.local/lib/python3.7/site-packages/airflow/example_dags/example_trigger_controller_dag.py
[2022-06-24 16:17:01,971] {processor.py:642} INFO - Processing file /home/airflow/.local/lib/python3.7/site-packages/airflow/example_dags/example_trigger_controller_dag.py for tasks to queue
[2022-06-24 16:17:01,971] {logging_mixin.py:109} INFO - [2022-06-24 16:17:01,971] {dagbag.py:500} INFO - Filling up the DagBag from /home/airflow/.local/lib/python3.7/site-packages/airflow/example_dags/example_trigger_controller_dag.py
[2022-06-24 16:17:01,979] {processor.py:652} INFO - DAG(s) dict_keys(['example_trigger_controller_dag']) retrieved from /home/airflow/.local/lib/python3.7/site-packages/airflow/example_dags/example_trigger_controller_dag.py
[2022-06-24 16:17:01,989] {logging_mixin.py:109} INFO - [2022-06-24 16:17:01,989] {dag.py:2398} INFO - Sync 1 DAGs
[2022-06-24 16:17:01,999] {logging_mixin.py:109} INFO - [2022-06-24 16:17:01,999] {dag.py:2937} INFO - Setting next_dagrun for example_trigger_controller_dag to 2021-01-01T00:00:00+00:00
[2022-06-24 16:17:02,003] {processor.py:171} INFO - Processing /home/airflow/.local/lib/python3.7/site-packages/airflow/example_dags/example_trigger_controller_dag.py took 0.035 seconds
[2022-06-24 16:17:32,560] {processor.py:163} INFO - Started process (PID=291) to work on /home/airflow/.local/lib/python3.7/site-packages/airflow/example_dags/example_trigger_controller_dag.py
[2022-06-24 16:17:32,560] {processor.py:642} INFO - Processing file /home/airflow/.local/lib/python3.7/site-packages/airflow/example_dags/example_trigger_controller_dag.py for tasks to queue
[2022-06-24 16:17:32,561] {logging_mixin.py:109} INFO - [2022-06-24 16:17:32,561] {dagbag.py:500} INFO - Filling up the DagBag from /home/airflow/.local/lib/python3.7/site-packages/airflow/example_dags/example_trigger_controller_dag.py
[2022-06-24 16:17:32,570] {processor.py:652} INFO - DAG(s) dict_keys(['example_trigger_controller_dag']) retrieved from /home/airflow/.local/lib/python3.7/site-packages/airflow/example_dags/example_trigger_controller_dag.py
[2022-06-24 16:17:32,584] {logging_mixin.py:109} INFO - [2022-06-24 16:17:32,584] {dag.py:2398} INFO - Sync 1 DAGs
[2022-06-24 16:17:32,595] {logging_mixin.py:109} INFO - [2022-06-24 16:17:32,595] {dag.py:2937} INFO - Setting next_dagrun for example_trigger_controller_dag to 2021-01-01T00:00:00+00:00
[2022-06-24 16:17:32,604] {processor.py:171} INFO - Processing /home/airflow/.local/lib/python3.7/site-packages/airflow/example_dags/example_trigger_controller_dag.py took 0.046 seconds
[2022-06-24 16:18:03,225] {processor.py:163} INFO - Started process (PID=350) to work on /home/airflow/.local/lib/python3.7/site-packages/airflow/example_dags/example_trigger_controller_dag.py
[2022-06-24 16:18:03,225] {processor.py:642} INFO - Processing file /home/airflow/.local/lib/python3.7/site-packages/airflow/example_dags/example_trigger_controller_dag.py for tasks to queue
[2022-06-24 16:18:03,226] {logging_mixin.py:109} INFO - [2022-06-24 16:18:03,226] {dagbag.py:500} INFO - Filling up the DagBag from /home/airflow/.local/lib/python3.7/site-packages/airflow/example_dags/example_trigger_controller_dag.py
[2022-06-24 16:18:03,237] {processor.py:652} INFO - DAG(s) dict_keys(['example_trigger_controller_dag']) retrieved from /home/airflow/.local/lib/python3.7/site-packages/airflow/example_dags/example_trigger_controller_dag.py
[2022-06-24 16:18:03,251] {logging_mixin.py:109} INFO - [2022-06-24 16:18:03,251] {dag.py:2398} INFO - Sync 1 DAGs
[2022-06-24 16:18:03,264] {logging_mixin.py:109} INFO - [2022-06-24 16:18:03,264] {dag.py:2937} INFO - Setting next_dagrun for example_trigger_controller_dag to 2021-01-01T00:00:00+00:00
[2022-06-24 16:18:03,272] {processor.py:171} INFO - Processing /home/airflow/.local/lib/python3.7/site-packages/airflow/example_dags/example_trigger_controller_dag.py took 0.049 seconds
[2022-06-24 16:18:34,159] {processor.py:163} INFO - Started process (PID=400) to work on /home/airflow/.local/lib/python3.7/site-packages/airflow/example_dags/example_trigger_controller_dag.py
[2022-06-24 16:18:34,161] {processor.py:642} INFO - Processing file /home/airflow/.local/lib/python3.7/site-packages/airflow/example_dags/example_trigger_controller_dag.py for tasks to queue
[2022-06-24 16:18:34,161] {logging_mixin.py:109} INFO - [2022-06-24 16:18:34,161] {dagbag.py:500} INFO - Filling up the DagBag from /home/airflow/.local/lib/python3.7/site-packages/airflow/example_dags/example_trigger_controller_dag.py
[2022-06-24 16:18:34,172] {processor.py:652} INFO - DAG(s) dict_keys(['example_trigger_controller_dag']) retrieved from /home/airflow/.local/lib/python3.7/site-packages/airflow/example_dags/example_trigger_controller_dag.py
[2022-06-24 16:18:34,205] {logging_mixin.py:109} INFO - [2022-06-24 16:18:34,204] {dag.py:2398} INFO - Sync 1 DAGs
[2022-06-24 16:18:34,221] {logging_mixin.py:109} INFO - [2022-06-24 16:18:34,221] {dag.py:2937} INFO - Setting next_dagrun for example_trigger_controller_dag to 2021-01-01T00:00:00+00:00
[2022-06-24 16:18:34,231] {processor.py:171} INFO - Processing /home/airflow/.local/lib/python3.7/site-packages/airflow/example_dags/example_trigger_controller_dag.py took 0.074 seconds
[2022-06-24 16:19:04,661] {processor.py:163} INFO - Started process (PID=459) to work on /home/airflow/.local/lib/python3.7/site-packages/airflow/example_dags/example_trigger_controller_dag.py
[2022-06-24 16:19:04,662] {processor.py:642} INFO - Processing file /home/airflow/.local/lib/python3.7/site-packages/airflow/example_dags/example_trigger_controller_dag.py for tasks to queue
[2022-06-24 16:19:04,663] {logging_mixin.py:109} INFO - [2022-06-24 16:19:04,663] {dagbag.py:500} INFO - Filling up the DagBag from /home/airflow/.local/lib/python3.7/site-packages/airflow/example_dags/example_trigger_controller_dag.py
[2022-06-24 16:19:04,671] {processor.py:652} INFO - DAG(s) dict_keys(['example_trigger_controller_dag']) retrieved from /home/airflow/.local/lib/python3.7/site-packages/airflow/example_dags/example_trigger_controller_dag.py
[2022-06-24 16:19:04,686] {logging_mixin.py:109} INFO - [2022-06-24 16:19:04,686] {dag.py:2398} INFO - Sync 1 DAGs
[2022-06-24 16:19:04,700] {logging_mixin.py:109} INFO - [2022-06-24 16:19:04,700] {dag.py:2937} INFO - Setting next_dagrun for example_trigger_controller_dag to 2021-01-01T00:00:00+00:00
[2022-06-24 16:19:04,707] {processor.py:171} INFO - Processing /home/airflow/.local/lib/python3.7/site-packages/airflow/example_dags/example_trigger_controller_dag.py took 0.048 seconds
[2022-06-24 16:19:35,173] {processor.py:163} INFO - Started process (PID=519) to work on /home/airflow/.local/lib/python3.7/site-packages/airflow/example_dags/example_trigger_controller_dag.py
[2022-06-24 16:19:35,174] {processor.py:642} INFO - Processing file /home/airflow/.local/lib/python3.7/site-packages/airflow/example_dags/example_trigger_controller_dag.py for tasks to queue
[2022-06-24 16:19:35,174] {logging_mixin.py:109} INFO - [2022-06-24 16:19:35,174] {dagbag.py:500} INFO - Filling up the DagBag from /home/airflow/.local/lib/python3.7/site-packages/airflow/example_dags/example_trigger_controller_dag.py
[2022-06-24 16:19:35,182] {processor.py:652} INFO - DAG(s) dict_keys(['example_trigger_controller_dag']) retrieved from /home/airflow/.local/lib/python3.7/site-packages/airflow/example_dags/example_trigger_controller_dag.py
[2022-06-24 16:19:35,193] {logging_mixin.py:109} INFO - [2022-06-24 16:19:35,193] {dag.py:2398} INFO - Sync 1 DAGs
[2022-06-24 16:19:35,204] {logging_mixin.py:109} INFO - [2022-06-24 16:19:35,204] {dag.py:2937} INFO - Setting next_dagrun for example_trigger_controller_dag to 2021-01-01T00:00:00+00:00
[2022-06-24 16:19:35,209] {processor.py:171} INFO - Processing /home/airflow/.local/lib/python3.7/site-packages/airflow/example_dags/example_trigger_controller_dag.py took 0.037 seconds
[2022-06-24 16:20:05,659] {processor.py:163} INFO - Started process (PID=568) to work on /home/airflow/.local/lib/python3.7/site-packages/airflow/example_dags/example_trigger_controller_dag.py
[2022-06-24 16:20:05,660] {processor.py:642} INFO - Processing file /home/airflow/.local/lib/python3.7/site-packages/airflow/example_dags/example_trigger_controller_dag.py for tasks to queue
[2022-06-24 16:20:05,660] {logging_mixin.py:109} INFO - [2022-06-24 16:20:05,660] {dagbag.py:500} INFO - Filling up the DagBag from /home/airflow/.local/lib/python3.7/site-packages/airflow/example_dags/example_trigger_controller_dag.py
[2022-06-24 16:20:05,668] {processor.py:652} INFO - DAG(s) dict_keys(['example_trigger_controller_dag']) retrieved from /home/airflow/.local/lib/python3.7/site-packages/airflow/example_dags/example_trigger_controller_dag.py
[2022-06-24 16:20:05,681] {logging_mixin.py:109} INFO - [2022-06-24 16:20:05,681] {dag.py:2398} INFO - Sync 1 DAGs
[2022-06-24 16:20:05,692] {logging_mixin.py:109} INFO - [2022-06-24 16:20:05,692] {dag.py:2937} INFO - Setting next_dagrun for example_trigger_controller_dag to 2021-01-01T00:00:00+00:00
[2022-06-24 16:20:05,697] {processor.py:171} INFO - Processing /home/airflow/.local/lib/python3.7/site-packages/airflow/example_dags/example_trigger_controller_dag.py took 0.040 seconds
[2022-06-24 16:20:36,201] {processor.py:163} INFO - Started process (PID=628) to work on /home/airflow/.local/lib/python3.7/site-packages/airflow/example_dags/example_trigger_controller_dag.py
[2022-06-24 16:20:36,202] {processor.py:642} INFO - Processing file /home/airflow/.local/lib/python3.7/site-packages/airflow/example_dags/example_trigger_controller_dag.py for tasks to queue
[2022-06-24 16:20:36,202] {logging_mixin.py:109} INFO - [2022-06-24 16:20:36,202] {dagbag.py:500} INFO - Filling up the DagBag from /home/airflow/.local/lib/python3.7/site-packages/airflow/example_dags/example_trigger_controller_dag.py
[2022-06-24 16:20:36,211] {processor.py:652} INFO - DAG(s) dict_keys(['example_trigger_controller_dag']) retrieved from /home/airflow/.local/lib/python3.7/site-packages/airflow/example_dags/example_trigger_controller_dag.py
[2022-06-24 16:20:36,224] {logging_mixin.py:109} INFO - [2022-06-24 16:20:36,224] {dag.py:2398} INFO - Sync 1 DAGs
[2022-06-24 16:20:36,235] {logging_mixin.py:109} INFO - [2022-06-24 16:20:36,235] {dag.py:2937} INFO - Setting next_dagrun for example_trigger_controller_dag to 2021-01-01T00:00:00+00:00
[2022-06-24 16:20:36,241] {processor.py:171} INFO - Processing /home/airflow/.local/lib/python3.7/site-packages/airflow/example_dags/example_trigger_controller_dag.py took 0.042 seconds
[2022-06-24 16:21:06,788] {processor.py:163} INFO - Started process (PID=687) to work on /home/airflow/.local/lib/python3.7/site-packages/airflow/example_dags/example_trigger_controller_dag.py
[2022-06-24 16:21:06,789] {processor.py:642} INFO - Processing file /home/airflow/.local/lib/python3.7/site-packages/airflow/example_dags/example_trigger_controller_dag.py for tasks to queue
[2022-06-24 16:21:06,789] {logging_mixin.py:109} INFO - [2022-06-24 16:21:06,789] {dagbag.py:500} INFO - Filling up the DagBag from /home/airflow/.local/lib/python3.7/site-packages/airflow/example_dags/example_trigger_controller_dag.py
[2022-06-24 16:21:06,797] {processor.py:652} INFO - DAG(s) dict_keys(['example_trigger_controller_dag']) retrieved from /home/airflow/.local/lib/python3.7/site-packages/airflow/example_dags/example_trigger_controller_dag.py
[2022-06-24 16:21:06,809] {logging_mixin.py:109} INFO - [2022-06-24 16:21:06,809] {dag.py:2398} INFO - Sync 1 DAGs
[2022-06-24 16:21:06,820] {logging_mixin.py:109} INFO - [2022-06-24 16:21:06,820] {dag.py:2937} INFO - Setting next_dagrun for example_trigger_controller_dag to 2021-01-01T00:00:00+00:00
[2022-06-24 16:21:06,831] {processor.py:171} INFO - Processing /home/airflow/.local/lib/python3.7/site-packages/airflow/example_dags/example_trigger_controller_dag.py took 0.044 seconds
[2022-06-24 16:21:37,297] {processor.py:163} INFO - Started process (PID=737) to work on /home/airflow/.local/lib/python3.7/site-packages/airflow/example_dags/example_trigger_controller_dag.py
[2022-06-24 16:21:37,297] {processor.py:642} INFO - Processing file /home/airflow/.local/lib/python3.7/site-packages/airflow/example_dags/example_trigger_controller_dag.py for tasks to queue
[2022-06-24 16:21:37,298] {logging_mixin.py:109} INFO - [2022-06-24 16:21:37,298] {dagbag.py:500} INFO - Filling up the DagBag from /home/airflow/.local/lib/python3.7/site-packages/airflow/example_dags/example_trigger_controller_dag.py
[2022-06-24 16:21:37,305] {processor.py:652} INFO - DAG(s) dict_keys(['example_trigger_controller_dag']) retrieved from /home/airflow/.local/lib/python3.7/site-packages/airflow/example_dags/example_trigger_controller_dag.py
[2022-06-24 16:21:37,316] {logging_mixin.py:109} INFO - [2022-06-24 16:21:37,316] {dag.py:2398} INFO - Sync 1 DAGs
[2022-06-24 16:21:37,326] {logging_mixin.py:109} INFO - [2022-06-24 16:21:37,326] {dag.py:2937} INFO - Setting next_dagrun for example_trigger_controller_dag to 2021-01-01T00:00:00+00:00
[2022-06-24 16:21:37,331] {processor.py:171} INFO - Processing /home/airflow/.local/lib/python3.7/site-packages/airflow/example_dags/example_trigger_controller_dag.py took 0.037 seconds
[2022-06-24 16:22:07,859] {processor.py:163} INFO - Started process (PID=797) to work on /home/airflow/.local/lib/python3.7/site-packages/airflow/example_dags/example_trigger_controller_dag.py
[2022-06-24 16:22:07,860] {processor.py:642} INFO - Processing file /home/airflow/.local/lib/python3.7/site-packages/airflow/example_dags/example_trigger_controller_dag.py for tasks to queue
[2022-06-24 16:22:07,861] {logging_mixin.py:109} INFO - [2022-06-24 16:22:07,861] {dagbag.py:500} INFO - Filling up the DagBag from /home/airflow/.local/lib/python3.7/site-packages/airflow/example_dags/example_trigger_controller_dag.py
[2022-06-24 16:22:07,870] {processor.py:652} INFO - DAG(s) dict_keys(['example_trigger_controller_dag']) retrieved from /home/airflow/.local/lib/python3.7/site-packages/airflow/example_dags/example_trigger_controller_dag.py
[2022-06-24 16:22:07,883] {logging_mixin.py:109} INFO - [2022-06-24 16:22:07,883] {dag.py:2398} INFO - Sync 1 DAGs
[2022-06-24 16:22:07,895] {logging_mixin.py:109} INFO - [2022-06-24 16:22:07,895] {dag.py:2937} INFO - Setting next_dagrun for example_trigger_controller_dag to 2021-01-01T00:00:00+00:00
[2022-06-24 16:22:07,900] {processor.py:171} INFO - Processing /home/airflow/.local/lib/python3.7/site-packages/airflow/example_dags/example_trigger_controller_dag.py took 0.044 seconds
[2022-06-24 16:22:38,332] {processor.py:163} INFO - Started process (PID=856) to work on /home/airflow/.local/lib/python3.7/site-packages/airflow/example_dags/example_trigger_controller_dag.py
[2022-06-24 16:22:38,333] {processor.py:642} INFO - Processing file /home/airflow/.local/lib/python3.7/site-packages/airflow/example_dags/example_trigger_controller_dag.py for tasks to queue
[2022-06-24 16:22:38,333] {logging_mixin.py:109} INFO - [2022-06-24 16:22:38,333] {dagbag.py:500} INFO - Filling up the DagBag from /home/airflow/.local/lib/python3.7/site-packages/airflow/example_dags/example_trigger_controller_dag.py
[2022-06-24 16:22:38,342] {processor.py:652} INFO - DAG(s) dict_keys(['example_trigger_controller_dag']) retrieved from /home/airflow/.local/lib/python3.7/site-packages/airflow/example_dags/example_trigger_controller_dag.py
[2022-06-24 16:22:38,354] {logging_mixin.py:109} INFO - [2022-06-24 16:22:38,354] {dag.py:2398} INFO - Sync 1 DAGs
[2022-06-24 16:22:38,365] {logging_mixin.py:109} INFO - [2022-06-24 16:22:38,365] {dag.py:2937} INFO - Setting next_dagrun for example_trigger_controller_dag to 2021-01-01T00:00:00+00:00
[2022-06-24 16:22:38,371] {processor.py:171} INFO - Processing /home/airflow/.local/lib/python3.7/site-packages/airflow/example_dags/example_trigger_controller_dag.py took 0.041 seconds
[2022-06-24 16:23:08,950] {processor.py:163} INFO - Started process (PID=906) to work on /home/airflow/.local/lib/python3.7/site-packages/airflow/example_dags/example_trigger_controller_dag.py
[2022-06-24 16:23:08,951] {processor.py:642} INFO - Processing file /home/airflow/.local/lib/python3.7/site-packages/airflow/example_dags/example_trigger_controller_dag.py for tasks to queue
[2022-06-24 16:23:08,951] {logging_mixin.py:109} INFO - [2022-06-24 16:23:08,951] {dagbag.py:500} INFO - Filling up the DagBag from /home/airflow/.local/lib/python3.7/site-packages/airflow/example_dags/example_trigger_controller_dag.py
[2022-06-24 16:23:08,959] {processor.py:652} INFO - DAG(s) dict_keys(['example_trigger_controller_dag']) retrieved from /home/airflow/.local/lib/python3.7/site-packages/airflow/example_dags/example_trigger_controller_dag.py
[2022-06-24 16:23:08,971] {logging_mixin.py:109} INFO - [2022-06-24 16:23:08,971] {dag.py:2398} INFO - Sync 1 DAGs
[2022-06-24 16:23:08,981] {logging_mixin.py:109} INFO - [2022-06-24 16:23:08,981] {dag.py:2937} INFO - Setting next_dagrun for example_trigger_controller_dag to 2021-01-01T00:00:00+00:00
[2022-06-24 16:23:08,987] {processor.py:171} INFO - Processing /home/airflow/.local/lib/python3.7/site-packages/airflow/example_dags/example_trigger_controller_dag.py took 0.038 seconds
[2022-06-24 16:23:39,383] {processor.py:163} INFO - Started process (PID=965) to work on /home/airflow/.local/lib/python3.7/site-packages/airflow/example_dags/example_trigger_controller_dag.py
[2022-06-24 16:23:39,383] {processor.py:642} INFO - Processing file /home/airflow/.local/lib/python3.7/site-packages/airflow/example_dags/example_trigger_controller_dag.py for tasks to queue
[2022-06-24 16:23:39,384] {logging_mixin.py:109} INFO - [2022-06-24 16:23:39,384] {dagbag.py:500} INFO - Filling up the DagBag from /home/airflow/.local/lib/python3.7/site-packages/airflow/example_dags/example_trigger_controller_dag.py
[2022-06-24 16:23:39,392] {processor.py:652} INFO - DAG(s) dict_keys(['example_trigger_controller_dag']) retrieved from /home/airflow/.local/lib/python3.7/site-packages/airflow/example_dags/example_trigger_controller_dag.py
[2022-06-24 16:23:39,403] {logging_mixin.py:109} INFO - [2022-06-24 16:23:39,403] {dag.py:2398} INFO - Sync 1 DAGs
[2022-06-24 16:23:39,412] {logging_mixin.py:109} INFO - [2022-06-24 16:23:39,412] {dag.py:2937} INFO - Setting next_dagrun for example_trigger_controller_dag to 2021-01-01T00:00:00+00:00
[2022-06-24 16:23:39,418] {processor.py:171} INFO - Processing /home/airflow/.local/lib/python3.7/site-packages/airflow/example_dags/example_trigger_controller_dag.py took 0.037 seconds
[2022-06-24 16:24:09,833] {processor.py:163} INFO - Started process (PID=1024) to work on /home/airflow/.local/lib/python3.7/site-packages/airflow/example_dags/example_trigger_controller_dag.py
[2022-06-24 16:24:09,834] {processor.py:642} INFO - Processing file /home/airflow/.local/lib/python3.7/site-packages/airflow/example_dags/example_trigger_controller_dag.py for tasks to queue
[2022-06-24 16:24:09,834] {logging_mixin.py:109} INFO - [2022-06-24 16:24:09,834] {dagbag.py:500} INFO - Filling up the DagBag from /home/airflow/.local/lib/python3.7/site-packages/airflow/example_dags/example_trigger_controller_dag.py
[2022-06-24 16:24:09,842] {processor.py:652} INFO - DAG(s) dict_keys(['example_trigger_controller_dag']) retrieved from /home/airflow/.local/lib/python3.7/site-packages/airflow/example_dags/example_trigger_controller_dag.py
[2022-06-24 16:24:09,853] {logging_mixin.py:109} INFO - [2022-06-24 16:24:09,853] {dag.py:2398} INFO - Sync 1 DAGs
[2022-06-24 16:24:09,864] {logging_mixin.py:109} INFO - [2022-06-24 16:24:09,863] {dag.py:2937} INFO - Setting next_dagrun for example_trigger_controller_dag to 2021-01-01T00:00:00+00:00
[2022-06-24 16:24:09,870] {processor.py:171} INFO - Processing /home/airflow/.local/lib/python3.7/site-packages/airflow/example_dags/example_trigger_controller_dag.py took 0.038 seconds
[2022-06-24 16:24:40,415] {processor.py:163} INFO - Started process (PID=1074) to work on /home/airflow/.local/lib/python3.7/site-packages/airflow/example_dags/example_trigger_controller_dag.py
[2022-06-24 16:24:40,416] {processor.py:642} INFO - Processing file /home/airflow/.local/lib/python3.7/site-packages/airflow/example_dags/example_trigger_controller_dag.py for tasks to queue
[2022-06-24 16:24:40,416] {logging_mixin.py:109} INFO - [2022-06-24 16:24:40,416] {dagbag.py:500} INFO - Filling up the DagBag from /home/airflow/.local/lib/python3.7/site-packages/airflow/example_dags/example_trigger_controller_dag.py
[2022-06-24 16:24:40,424] {processor.py:652} INFO - DAG(s) dict_keys(['example_trigger_controller_dag']) retrieved from /home/airflow/.local/lib/python3.7/site-packages/airflow/example_dags/example_trigger_controller_dag.py
[2022-06-24 16:24:40,437] {logging_mixin.py:109} INFO - [2022-06-24 16:24:40,437] {dag.py:2398} INFO - Sync 1 DAGs
[2022-06-24 16:24:40,450] {logging_mixin.py:109} INFO - [2022-06-24 16:24:40,450] {dag.py:2937} INFO - Setting next_dagrun for example_trigger_controller_dag to 2021-01-01T00:00:00+00:00
[2022-06-24 16:24:40,457] {processor.py:171} INFO - Processing /home/airflow/.local/lib/python3.7/site-packages/airflow/example_dags/example_trigger_controller_dag.py took 0.043 seconds
[2022-06-24 16:25:10,817] {processor.py:163} INFO - Started process (PID=1133) to work on /home/airflow/.local/lib/python3.7/site-packages/airflow/example_dags/example_trigger_controller_dag.py
[2022-06-24 16:25:10,818] {processor.py:642} INFO - Processing file /home/airflow/.local/lib/python3.7/site-packages/airflow/example_dags/example_trigger_controller_dag.py for tasks to queue
[2022-06-24 16:25:10,818] {logging_mixin.py:109} INFO - [2022-06-24 16:25:10,818] {dagbag.py:500} INFO - Filling up the DagBag from /home/airflow/.local/lib/python3.7/site-packages/airflow/example_dags/example_trigger_controller_dag.py
[2022-06-24 16:25:10,826] {processor.py:652} INFO - DAG(s) dict_keys(['example_trigger_controller_dag']) retrieved from /home/airflow/.local/lib/python3.7/site-packages/airflow/example_dags/example_trigger_controller_dag.py
[2022-06-24 16:25:10,837] {logging_mixin.py:109} INFO - [2022-06-24 16:25:10,837] {dag.py:2398} INFO - Sync 1 DAGs
[2022-06-24 16:25:10,848] {logging_mixin.py:109} INFO - [2022-06-24 16:25:10,848] {dag.py:2937} INFO - Setting next_dagrun for example_trigger_controller_dag to 2021-01-01T00:00:00+00:00
[2022-06-24 16:25:10,853] {processor.py:171} INFO - Processing /home/airflow/.local/lib/python3.7/site-packages/airflow/example_dags/example_trigger_controller_dag.py took 0.038 seconds
[2022-06-24 16:25:41,398] {processor.py:163} INFO - Started process (PID=1193) to work on /home/airflow/.local/lib/python3.7/site-packages/airflow/example_dags/example_trigger_controller_dag.py
[2022-06-24 16:25:41,399] {processor.py:642} INFO - Processing file /home/airflow/.local/lib/python3.7/site-packages/airflow/example_dags/example_trigger_controller_dag.py for tasks to queue
[2022-06-24 16:25:41,399] {logging_mixin.py:109} INFO - [2022-06-24 16:25:41,399] {dagbag.py:500} INFO - Filling up the DagBag from /home/airflow/.local/lib/python3.7/site-packages/airflow/example_dags/example_trigger_controller_dag.py
[2022-06-24 16:25:41,408] {processor.py:652} INFO - DAG(s) dict_keys(['example_trigger_controller_dag']) retrieved from /home/airflow/.local/lib/python3.7/site-packages/airflow/example_dags/example_trigger_controller_dag.py
[2022-06-24 16:25:41,422] {logging_mixin.py:109} INFO - [2022-06-24 16:25:41,422] {dag.py:2398} INFO - Sync 1 DAGs
[2022-06-24 16:25:41,433] {logging_mixin.py:109} INFO - [2022-06-24 16:25:41,433] {dag.py:2937} INFO - Setting next_dagrun for example_trigger_controller_dag to 2021-01-01T00:00:00+00:00
[2022-06-24 16:25:41,440] {processor.py:171} INFO - Processing /home/airflow/.local/lib/python3.7/site-packages/airflow/example_dags/example_trigger_controller_dag.py took 0.044 seconds
[2022-06-24 16:26:11,997] {processor.py:163} INFO - Started process (PID=1244) to work on /home/airflow/.local/lib/python3.7/site-packages/airflow/example_dags/example_trigger_controller_dag.py
[2022-06-24 16:26:11,998] {processor.py:642} INFO - Processing file /home/airflow/.local/lib/python3.7/site-packages/airflow/example_dags/example_trigger_controller_dag.py for tasks to queue
[2022-06-24 16:26:11,998] {logging_mixin.py:109} INFO - [2022-06-24 16:26:11,998] {dagbag.py:500} INFO - Filling up the DagBag from /home/airflow/.local/lib/python3.7/site-packages/airflow/example_dags/example_trigger_controller_dag.py
[2022-06-24 16:26:12,006] {processor.py:652} INFO - DAG(s) dict_keys(['example_trigger_controller_dag']) retrieved from /home/airflow/.local/lib/python3.7/site-packages/airflow/example_dags/example_trigger_controller_dag.py
[2022-06-24 16:26:12,018] {logging_mixin.py:109} INFO - [2022-06-24 16:26:12,018] {dag.py:2398} INFO - Sync 1 DAGs
[2022-06-24 16:26:12,028] {logging_mixin.py:109} INFO - [2022-06-24 16:26:12,028] {dag.py:2937} INFO - Setting next_dagrun for example_trigger_controller_dag to 2021-01-01T00:00:00+00:00
[2022-06-24 16:26:12,034] {processor.py:171} INFO - Processing /home/airflow/.local/lib/python3.7/site-packages/airflow/example_dags/example_trigger_controller_dag.py took 0.038 seconds
[2022-06-24 16:26:42,510] {processor.py:163} INFO - Started process (PID=1306) to work on /home/airflow/.local/lib/python3.7/site-packages/airflow/example_dags/example_trigger_controller_dag.py
[2022-06-24 16:26:42,511] {processor.py:642} INFO - Processing file /home/airflow/.local/lib/python3.7/site-packages/airflow/example_dags/example_trigger_controller_dag.py for tasks to queue
[2022-06-24 16:26:42,511] {logging_mixin.py:109} INFO - [2022-06-24 16:26:42,511] {dagbag.py:500} INFO - Filling up the DagBag from /home/airflow/.local/lib/python3.7/site-packages/airflow/example_dags/example_trigger_controller_dag.py
[2022-06-24 16:26:42,519] {processor.py:652} INFO - DAG(s) dict_keys(['example_trigger_controller_dag']) retrieved from /home/airflow/.local/lib/python3.7/site-packages/airflow/example_dags/example_trigger_controller_dag.py
[2022-06-24 16:26:42,530] {logging_mixin.py:109} INFO - [2022-06-24 16:26:42,529] {dag.py:2398} INFO - Sync 1 DAGs
[2022-06-24 16:26:42,539] {logging_mixin.py:109} INFO - [2022-06-24 16:26:42,539] {dag.py:2937} INFO - Setting next_dagrun for example_trigger_controller_dag to 2021-01-01T00:00:00+00:00
[2022-06-24 16:26:42,544] {processor.py:171} INFO - Processing /home/airflow/.local/lib/python3.7/site-packages/airflow/example_dags/example_trigger_controller_dag.py took 0.035 seconds
[2022-06-24 16:27:13,115] {processor.py:163} INFO - Started process (PID=1367) to work on /home/airflow/.local/lib/python3.7/site-packages/airflow/example_dags/example_trigger_controller_dag.py
[2022-06-24 16:27:13,115] {processor.py:642} INFO - Processing file /home/airflow/.local/lib/python3.7/site-packages/airflow/example_dags/example_trigger_controller_dag.py for tasks to queue
[2022-06-24 16:27:13,116] {logging_mixin.py:109} INFO - [2022-06-24 16:27:13,116] {dagbag.py:500} INFO - Filling up the DagBag from /home/airflow/.local/lib/python3.7/site-packages/airflow/example_dags/example_trigger_controller_dag.py
[2022-06-24 16:27:13,123] {processor.py:652} INFO - DAG(s) dict_keys(['example_trigger_controller_dag']) retrieved from /home/airflow/.local/lib/python3.7/site-packages/airflow/example_dags/example_trigger_controller_dag.py
[2022-06-24 16:27:13,135] {logging_mixin.py:109} INFO - [2022-06-24 16:27:13,135] {dag.py:2398} INFO - Sync 1 DAGs
[2022-06-24 16:27:13,145] {logging_mixin.py:109} INFO - [2022-06-24 16:27:13,145] {dag.py:2937} INFO - Setting next_dagrun for example_trigger_controller_dag to 2021-01-01T00:00:00+00:00
[2022-06-24 16:27:13,150] {processor.py:171} INFO - Processing /home/airflow/.local/lib/python3.7/site-packages/airflow/example_dags/example_trigger_controller_dag.py took 0.037 seconds
[2022-06-24 16:27:43,648] {processor.py:163} INFO - Started process (PID=1416) to work on /home/airflow/.local/lib/python3.7/site-packages/airflow/example_dags/example_trigger_controller_dag.py
[2022-06-24 16:27:43,648] {processor.py:642} INFO - Processing file /home/airflow/.local/lib/python3.7/site-packages/airflow/example_dags/example_trigger_controller_dag.py for tasks to queue
[2022-06-24 16:27:43,649] {logging_mixin.py:109} INFO - [2022-06-24 16:27:43,649] {dagbag.py:500} INFO - Filling up the DagBag from /home/airflow/.local/lib/python3.7/site-packages/airflow/example_dags/example_trigger_controller_dag.py
[2022-06-24 16:27:43,657] {processor.py:652} INFO - DAG(s) dict_keys(['example_trigger_controller_dag']) retrieved from /home/airflow/.local/lib/python3.7/site-packages/airflow/example_dags/example_trigger_controller_dag.py
[2022-06-24 16:27:43,670] {logging_mixin.py:109} INFO - [2022-06-24 16:27:43,669] {dag.py:2398} INFO - Sync 1 DAGs
[2022-06-24 16:27:43,680] {logging_mixin.py:109} INFO - [2022-06-24 16:27:43,680] {dag.py:2937} INFO - Setting next_dagrun for example_trigger_controller_dag to 2021-01-01T00:00:00+00:00
[2022-06-24 16:27:43,686] {processor.py:171} INFO - Processing /home/airflow/.local/lib/python3.7/site-packages/airflow/example_dags/example_trigger_controller_dag.py took 0.040 seconds
[2022-06-24 16:28:14,142] {processor.py:163} INFO - Started process (PID=1475) to work on /home/airflow/.local/lib/python3.7/site-packages/airflow/example_dags/example_trigger_controller_dag.py
[2022-06-24 16:28:14,143] {processor.py:642} INFO - Processing file /home/airflow/.local/lib/python3.7/site-packages/airflow/example_dags/example_trigger_controller_dag.py for tasks to queue
[2022-06-24 16:28:14,143] {logging_mixin.py:109} INFO - [2022-06-24 16:28:14,143] {dagbag.py:500} INFO - Filling up the DagBag from /home/airflow/.local/lib/python3.7/site-packages/airflow/example_dags/example_trigger_controller_dag.py
[2022-06-24 16:28:14,153] {processor.py:652} INFO - DAG(s) dict_keys(['example_trigger_controller_dag']) retrieved from /home/airflow/.local/lib/python3.7/site-packages/airflow/example_dags/example_trigger_controller_dag.py
[2022-06-24 16:28:14,167] {logging_mixin.py:109} INFO - [2022-06-24 16:28:14,167] {dag.py:2398} INFO - Sync 1 DAGs
[2022-06-24 16:28:14,179] {logging_mixin.py:109} INFO - [2022-06-24 16:28:14,179] {dag.py:2937} INFO - Setting next_dagrun for example_trigger_controller_dag to 2021-01-01T00:00:00+00:00
[2022-06-24 16:28:14,185] {processor.py:171} INFO - Processing /home/airflow/.local/lib/python3.7/site-packages/airflow/example_dags/example_trigger_controller_dag.py took 0.045 seconds
[2022-06-24 16:28:44,535] {processor.py:163} INFO - Started process (PID=1535) to work on /home/airflow/.local/lib/python3.7/site-packages/airflow/example_dags/example_trigger_controller_dag.py
[2022-06-24 16:28:44,535] {processor.py:642} INFO - Processing file /home/airflow/.local/lib/python3.7/site-packages/airflow/example_dags/example_trigger_controller_dag.py for tasks to queue
[2022-06-24 16:28:44,536] {logging_mixin.py:109} INFO - [2022-06-24 16:28:44,535] {dagbag.py:500} INFO - Filling up the DagBag from /home/airflow/.local/lib/python3.7/site-packages/airflow/example_dags/example_trigger_controller_dag.py
[2022-06-24 16:28:44,544] {processor.py:652} INFO - DAG(s) dict_keys(['example_trigger_controller_dag']) retrieved from /home/airflow/.local/lib/python3.7/site-packages/airflow/example_dags/example_trigger_controller_dag.py
[2022-06-24 16:28:44,556] {logging_mixin.py:109} INFO - [2022-06-24 16:28:44,556] {dag.py:2398} INFO - Sync 1 DAGs
[2022-06-24 16:28:44,566] {logging_mixin.py:109} INFO - [2022-06-24 16:28:44,566] {dag.py:2937} INFO - Setting next_dagrun for example_trigger_controller_dag to 2021-01-01T00:00:00+00:00
[2022-06-24 16:28:44,572] {processor.py:171} INFO - Processing /home/airflow/.local/lib/python3.7/site-packages/airflow/example_dags/example_trigger_controller_dag.py took 0.040 seconds
[2022-06-24 16:29:15,060] {processor.py:163} INFO - Started process (PID=1586) to work on /home/airflow/.local/lib/python3.7/site-packages/airflow/example_dags/example_trigger_controller_dag.py
[2022-06-24 16:29:15,061] {processor.py:642} INFO - Processing file /home/airflow/.local/lib/python3.7/site-packages/airflow/example_dags/example_trigger_controller_dag.py for tasks to queue
[2022-06-24 16:29:15,061] {logging_mixin.py:109} INFO - [2022-06-24 16:29:15,061] {dagbag.py:500} INFO - Filling up the DagBag from /home/airflow/.local/lib/python3.7/site-packages/airflow/example_dags/example_trigger_controller_dag.py
[2022-06-24 16:29:15,069] {processor.py:652} INFO - DAG(s) dict_keys(['example_trigger_controller_dag']) retrieved from /home/airflow/.local/lib/python3.7/site-packages/airflow/example_dags/example_trigger_controller_dag.py
[2022-06-24 16:29:15,081] {logging_mixin.py:109} INFO - [2022-06-24 16:29:15,081] {dag.py:2398} INFO - Sync 1 DAGs
[2022-06-24 16:29:15,090] {logging_mixin.py:109} INFO - [2022-06-24 16:29:15,090] {dag.py:2937} INFO - Setting next_dagrun for example_trigger_controller_dag to 2021-01-01T00:00:00+00:00
[2022-06-24 16:29:15,095] {processor.py:171} INFO - Processing /home/airflow/.local/lib/python3.7/site-packages/airflow/example_dags/example_trigger_controller_dag.py took 0.037 seconds
[2022-06-24 16:29:45,986] {processor.py:163} INFO - Started process (PID=1646) to work on /home/airflow/.local/lib/python3.7/site-packages/airflow/example_dags/example_trigger_controller_dag.py
[2022-06-24 16:29:45,987] {processor.py:642} INFO - Processing file /home/airflow/.local/lib/python3.7/site-packages/airflow/example_dags/example_trigger_controller_dag.py for tasks to queue
[2022-06-24 16:29:45,987] {logging_mixin.py:109} INFO - [2022-06-24 16:29:45,987] {dagbag.py:500} INFO - Filling up the DagBag from /home/airflow/.local/lib/python3.7/site-packages/airflow/example_dags/example_trigger_controller_dag.py
[2022-06-24 16:29:45,997] {processor.py:652} INFO - DAG(s) dict_keys(['example_trigger_controller_dag']) retrieved from /home/airflow/.local/lib/python3.7/site-packages/airflow/example_dags/example_trigger_controller_dag.py
[2022-06-24 16:29:46,009] {logging_mixin.py:109} INFO - [2022-06-24 16:29:46,009] {dag.py:2398} INFO - Sync 1 DAGs
[2022-06-24 16:29:46,021] {logging_mixin.py:109} INFO - [2022-06-24 16:29:46,021] {dag.py:2937} INFO - Setting next_dagrun for example_trigger_controller_dag to 2021-01-01T00:00:00+00:00
[2022-06-24 16:29:46,027] {processor.py:171} INFO - Processing /home/airflow/.local/lib/python3.7/site-packages/airflow/example_dags/example_trigger_controller_dag.py took 0.042 seconds
[2022-06-24 16:30:16,605] {processor.py:163} INFO - Started process (PID=1713) to work on /home/airflow/.local/lib/python3.7/site-packages/airflow/example_dags/example_trigger_controller_dag.py
[2022-06-24 16:30:16,606] {processor.py:642} INFO - Processing file /home/airflow/.local/lib/python3.7/site-packages/airflow/example_dags/example_trigger_controller_dag.py for tasks to queue
[2022-06-24 16:30:16,606] {logging_mixin.py:109} INFO - [2022-06-24 16:30:16,606] {dagbag.py:500} INFO - Filling up the DagBag from /home/airflow/.local/lib/python3.7/site-packages/airflow/example_dags/example_trigger_controller_dag.py
[2022-06-24 16:30:16,615] {processor.py:652} INFO - DAG(s) dict_keys(['example_trigger_controller_dag']) retrieved from /home/airflow/.local/lib/python3.7/site-packages/airflow/example_dags/example_trigger_controller_dag.py
[2022-06-24 16:30:16,628] {logging_mixin.py:109} INFO - [2022-06-24 16:30:16,628] {dag.py:2398} INFO - Sync 1 DAGs
[2022-06-24 16:30:16,640] {logging_mixin.py:109} INFO - [2022-06-24 16:30:16,640] {dag.py:2937} INFO - Setting next_dagrun for example_trigger_controller_dag to 2021-01-01T00:00:00+00:00
[2022-06-24 16:30:16,650] {processor.py:171} INFO - Processing /home/airflow/.local/lib/python3.7/site-packages/airflow/example_dags/example_trigger_controller_dag.py took 0.048 seconds
[2022-06-24 16:30:47,240] {processor.py:163} INFO - Started process (PID=1764) to work on /home/airflow/.local/lib/python3.7/site-packages/airflow/example_dags/example_trigger_controller_dag.py
[2022-06-24 16:30:47,241] {processor.py:642} INFO - Processing file /home/airflow/.local/lib/python3.7/site-packages/airflow/example_dags/example_trigger_controller_dag.py for tasks to queue
[2022-06-24 16:30:47,241] {logging_mixin.py:109} INFO - [2022-06-24 16:30:47,241] {dagbag.py:500} INFO - Filling up the DagBag from /home/airflow/.local/lib/python3.7/site-packages/airflow/example_dags/example_trigger_controller_dag.py
[2022-06-24 16:30:47,249] {processor.py:652} INFO - DAG(s) dict_keys(['example_trigger_controller_dag']) retrieved from /home/airflow/.local/lib/python3.7/site-packages/airflow/example_dags/example_trigger_controller_dag.py
[2022-06-24 16:30:47,260] {logging_mixin.py:109} INFO - [2022-06-24 16:30:47,260] {dag.py:2398} INFO - Sync 1 DAGs
[2022-06-24 16:30:47,270] {logging_mixin.py:109} INFO - [2022-06-24 16:30:47,270] {dag.py:2937} INFO - Setting next_dagrun for example_trigger_controller_dag to 2021-01-01T00:00:00+00:00
[2022-06-24 16:30:47,276] {processor.py:171} INFO - Processing /home/airflow/.local/lib/python3.7/site-packages/airflow/example_dags/example_trigger_controller_dag.py took 0.037 seconds
[2022-06-24 16:31:17,870] {processor.py:163} INFO - Started process (PID=1822) to work on /home/airflow/.local/lib/python3.7/site-packages/airflow/example_dags/example_trigger_controller_dag.py
[2022-06-24 16:31:17,871] {processor.py:642} INFO - Processing file /home/airflow/.local/lib/python3.7/site-packages/airflow/example_dags/example_trigger_controller_dag.py for tasks to queue
[2022-06-24 16:31:17,871] {logging_mixin.py:109} INFO - [2022-06-24 16:31:17,871] {dagbag.py:500} INFO - Filling up the DagBag from /home/airflow/.local/lib/python3.7/site-packages/airflow/example_dags/example_trigger_controller_dag.py
[2022-06-24 16:31:17,879] {processor.py:652} INFO - DAG(s) dict_keys(['example_trigger_controller_dag']) retrieved from /home/airflow/.local/lib/python3.7/site-packages/airflow/example_dags/example_trigger_controller_dag.py
[2022-06-24 16:31:17,891] {logging_mixin.py:109} INFO - [2022-06-24 16:31:17,891] {dag.py:2398} INFO - Sync 1 DAGs
[2022-06-24 16:31:17,903] {logging_mixin.py:109} INFO - [2022-06-24 16:31:17,903] {dag.py:2937} INFO - Setting next_dagrun for example_trigger_controller_dag to 2021-01-01T00:00:00+00:00
[2022-06-24 16:31:17,909] {processor.py:171} INFO - Processing /home/airflow/.local/lib/python3.7/site-packages/airflow/example_dags/example_trigger_controller_dag.py took 0.040 seconds
[2022-06-24 16:31:48,487] {processor.py:163} INFO - Started process (PID=1881) to work on /home/airflow/.local/lib/python3.7/site-packages/airflow/example_dags/example_trigger_controller_dag.py
[2022-06-24 16:31:48,488] {processor.py:642} INFO - Processing file /home/airflow/.local/lib/python3.7/site-packages/airflow/example_dags/example_trigger_controller_dag.py for tasks to queue
[2022-06-24 16:31:48,488] {logging_mixin.py:109} INFO - [2022-06-24 16:31:48,488] {dagbag.py:500} INFO - Filling up the DagBag from /home/airflow/.local/lib/python3.7/site-packages/airflow/example_dags/example_trigger_controller_dag.py
[2022-06-24 16:31:48,496] {processor.py:652} INFO - DAG(s) dict_keys(['example_trigger_controller_dag']) retrieved from /home/airflow/.local/lib/python3.7/site-packages/airflow/example_dags/example_trigger_controller_dag.py
[2022-06-24 16:31:48,510] {logging_mixin.py:109} INFO - [2022-06-24 16:31:48,510] {dag.py:2398} INFO - Sync 1 DAGs
[2022-06-24 16:31:48,520] {logging_mixin.py:109} INFO - [2022-06-24 16:31:48,520] {dag.py:2937} INFO - Setting next_dagrun for example_trigger_controller_dag to 2021-01-01T00:00:00+00:00
[2022-06-24 16:31:48,528] {processor.py:171} INFO - Processing /home/airflow/.local/lib/python3.7/site-packages/airflow/example_dags/example_trigger_controller_dag.py took 0.043 seconds
[2022-06-24 16:32:19,224] {processor.py:163} INFO - Started process (PID=1931) to work on /home/airflow/.local/lib/python3.7/site-packages/airflow/example_dags/example_trigger_controller_dag.py
[2022-06-24 16:32:19,224] {processor.py:642} INFO - Processing file /home/airflow/.local/lib/python3.7/site-packages/airflow/example_dags/example_trigger_controller_dag.py for tasks to queue
[2022-06-24 16:32:19,225] {logging_mixin.py:109} INFO - [2022-06-24 16:32:19,225] {dagbag.py:500} INFO - Filling up the DagBag from /home/airflow/.local/lib/python3.7/site-packages/airflow/example_dags/example_trigger_controller_dag.py
[2022-06-24 16:32:19,236] {processor.py:652} INFO - DAG(s) dict_keys(['example_trigger_controller_dag']) retrieved from /home/airflow/.local/lib/python3.7/site-packages/airflow/example_dags/example_trigger_controller_dag.py
[2022-06-24 16:32:19,249] {logging_mixin.py:109} INFO - [2022-06-24 16:32:19,249] {dag.py:2398} INFO - Sync 1 DAGs
[2022-06-24 16:32:19,260] {logging_mixin.py:109} INFO - [2022-06-24 16:32:19,260] {dag.py:2937} INFO - Setting next_dagrun for example_trigger_controller_dag to 2021-01-01T00:00:00+00:00
[2022-06-24 16:32:19,266] {processor.py:171} INFO - Processing /home/airflow/.local/lib/python3.7/site-packages/airflow/example_dags/example_trigger_controller_dag.py took 0.044 seconds
[2022-06-24 16:32:49,763] {processor.py:163} INFO - Started process (PID=1991) to work on /home/airflow/.local/lib/python3.7/site-packages/airflow/example_dags/example_trigger_controller_dag.py
[2022-06-24 16:32:49,763] {processor.py:642} INFO - Processing file /home/airflow/.local/lib/python3.7/site-packages/airflow/example_dags/example_trigger_controller_dag.py for tasks to queue
[2022-06-24 16:32:49,764] {logging_mixin.py:109} INFO - [2022-06-24 16:32:49,764] {dagbag.py:500} INFO - Filling up the DagBag from /home/airflow/.local/lib/python3.7/site-packages/airflow/example_dags/example_trigger_controller_dag.py
[2022-06-24 16:32:49,772] {processor.py:652} INFO - DAG(s) dict_keys(['example_trigger_controller_dag']) retrieved from /home/airflow/.local/lib/python3.7/site-packages/airflow/example_dags/example_trigger_controller_dag.py
[2022-06-24 16:32:49,784] {logging_mixin.py:109} INFO - [2022-06-24 16:32:49,784] {dag.py:2398} INFO - Sync 1 DAGs
[2022-06-24 16:32:49,794] {logging_mixin.py:109} INFO - [2022-06-24 16:32:49,794] {dag.py:2937} INFO - Setting next_dagrun for example_trigger_controller_dag to 2021-01-01T00:00:00+00:00
[2022-06-24 16:32:49,800] {processor.py:171} INFO - Processing /home/airflow/.local/lib/python3.7/site-packages/airflow/example_dags/example_trigger_controller_dag.py took 0.039 seconds
[2022-06-24 16:33:20,505] {processor.py:163} INFO - Started process (PID=2052) to work on /home/airflow/.local/lib/python3.7/site-packages/airflow/example_dags/example_trigger_controller_dag.py
[2022-06-24 16:33:20,506] {processor.py:642} INFO - Processing file /home/airflow/.local/lib/python3.7/site-packages/airflow/example_dags/example_trigger_controller_dag.py for tasks to queue
[2022-06-24 16:33:20,506] {logging_mixin.py:109} INFO - [2022-06-24 16:33:20,506] {dagbag.py:500} INFO - Filling up the DagBag from /home/airflow/.local/lib/python3.7/site-packages/airflow/example_dags/example_trigger_controller_dag.py
[2022-06-24 16:33:20,516] {processor.py:652} INFO - DAG(s) dict_keys(['example_trigger_controller_dag']) retrieved from /home/airflow/.local/lib/python3.7/site-packages/airflow/example_dags/example_trigger_controller_dag.py
[2022-06-24 16:33:20,530] {logging_mixin.py:109} INFO - [2022-06-24 16:33:20,530] {dag.py:2398} INFO - Sync 1 DAGs
[2022-06-24 16:33:20,542] {logging_mixin.py:109} INFO - [2022-06-24 16:33:20,542] {dag.py:2937} INFO - Setting next_dagrun for example_trigger_controller_dag to 2021-01-01T00:00:00+00:00
[2022-06-24 16:33:20,548] {processor.py:171} INFO - Processing /home/airflow/.local/lib/python3.7/site-packages/airflow/example_dags/example_trigger_controller_dag.py took 0.045 seconds
[2022-06-24 16:33:51,058] {processor.py:163} INFO - Started process (PID=2103) to work on /home/airflow/.local/lib/python3.7/site-packages/airflow/example_dags/example_trigger_controller_dag.py
[2022-06-24 16:33:51,058] {processor.py:642} INFO - Processing file /home/airflow/.local/lib/python3.7/site-packages/airflow/example_dags/example_trigger_controller_dag.py for tasks to queue
[2022-06-24 16:33:51,059] {logging_mixin.py:109} INFO - [2022-06-24 16:33:51,059] {dagbag.py:500} INFO - Filling up the DagBag from /home/airflow/.local/lib/python3.7/site-packages/airflow/example_dags/example_trigger_controller_dag.py
[2022-06-24 16:33:51,068] {processor.py:652} INFO - DAG(s) dict_keys(['example_trigger_controller_dag']) retrieved from /home/airflow/.local/lib/python3.7/site-packages/airflow/example_dags/example_trigger_controller_dag.py
[2022-06-24 16:33:51,082] {logging_mixin.py:109} INFO - [2022-06-24 16:33:51,082] {dag.py:2398} INFO - Sync 1 DAGs
[2022-06-24 16:33:51,095] {logging_mixin.py:109} INFO - [2022-06-24 16:33:51,095] {dag.py:2937} INFO - Setting next_dagrun for example_trigger_controller_dag to 2021-01-01T00:00:00+00:00
[2022-06-24 16:33:51,100] {processor.py:171} INFO - Processing /home/airflow/.local/lib/python3.7/site-packages/airflow/example_dags/example_trigger_controller_dag.py took 0.045 seconds
[2022-06-24 16:34:21,775] {processor.py:163} INFO - Started process (PID=2164) to work on /home/airflow/.local/lib/python3.7/site-packages/airflow/example_dags/example_trigger_controller_dag.py
[2022-06-24 16:34:21,785] {processor.py:642} INFO - Processing file /home/airflow/.local/lib/python3.7/site-packages/airflow/example_dags/example_trigger_controller_dag.py for tasks to queue
[2022-06-24 16:34:21,786] {logging_mixin.py:109} INFO - [2022-06-24 16:34:21,785] {dagbag.py:500} INFO - Filling up the DagBag from /home/airflow/.local/lib/python3.7/site-packages/airflow/example_dags/example_trigger_controller_dag.py
[2022-06-24 16:34:21,796] {processor.py:652} INFO - DAG(s) dict_keys(['example_trigger_controller_dag']) retrieved from /home/airflow/.local/lib/python3.7/site-packages/airflow/example_dags/example_trigger_controller_dag.py
[2022-06-24 16:34:21,808] {logging_mixin.py:109} INFO - [2022-06-24 16:34:21,808] {dag.py:2398} INFO - Sync 1 DAGs
[2022-06-24 16:34:21,817] {logging_mixin.py:109} INFO - [2022-06-24 16:34:21,817] {dag.py:2937} INFO - Setting next_dagrun for example_trigger_controller_dag to 2021-01-01T00:00:00+00:00
[2022-06-24 16:34:21,824] {processor.py:171} INFO - Processing /home/airflow/.local/lib/python3.7/site-packages/airflow/example_dags/example_trigger_controller_dag.py took 0.051 seconds
[2022-06-24 16:34:52,346] {processor.py:163} INFO - Started process (PID=2224) to work on /home/airflow/.local/lib/python3.7/site-packages/airflow/example_dags/example_trigger_controller_dag.py
[2022-06-24 16:34:52,347] {processor.py:642} INFO - Processing file /home/airflow/.local/lib/python3.7/site-packages/airflow/example_dags/example_trigger_controller_dag.py for tasks to queue
[2022-06-24 16:34:52,347] {logging_mixin.py:109} INFO - [2022-06-24 16:34:52,347] {dagbag.py:500} INFO - Filling up the DagBag from /home/airflow/.local/lib/python3.7/site-packages/airflow/example_dags/example_trigger_controller_dag.py
[2022-06-24 16:34:52,357] {processor.py:652} INFO - DAG(s) dict_keys(['example_trigger_controller_dag']) retrieved from /home/airflow/.local/lib/python3.7/site-packages/airflow/example_dags/example_trigger_controller_dag.py
[2022-06-24 16:34:52,371] {logging_mixin.py:109} INFO - [2022-06-24 16:34:52,371] {dag.py:2398} INFO - Sync 1 DAGs
[2022-06-24 16:34:52,383] {logging_mixin.py:109} INFO - [2022-06-24 16:34:52,383] {dag.py:2937} INFO - Setting next_dagrun for example_trigger_controller_dag to 2021-01-01T00:00:00+00:00
[2022-06-24 16:34:52,389] {processor.py:171} INFO - Processing /home/airflow/.local/lib/python3.7/site-packages/airflow/example_dags/example_trigger_controller_dag.py took 0.045 seconds
[2022-06-24 16:35:22,886] {processor.py:163} INFO - Started process (PID=2274) to work on /home/airflow/.local/lib/python3.7/site-packages/airflow/example_dags/example_trigger_controller_dag.py
[2022-06-24 16:35:22,887] {processor.py:642} INFO - Processing file /home/airflow/.local/lib/python3.7/site-packages/airflow/example_dags/example_trigger_controller_dag.py for tasks to queue
[2022-06-24 16:35:22,887] {logging_mixin.py:109} INFO - [2022-06-24 16:35:22,887] {dagbag.py:500} INFO - Filling up the DagBag from /home/airflow/.local/lib/python3.7/site-packages/airflow/example_dags/example_trigger_controller_dag.py
[2022-06-24 16:35:22,896] {processor.py:652} INFO - DAG(s) dict_keys(['example_trigger_controller_dag']) retrieved from /home/airflow/.local/lib/python3.7/site-packages/airflow/example_dags/example_trigger_controller_dag.py
[2022-06-24 16:35:22,912] {logging_mixin.py:109} INFO - [2022-06-24 16:35:22,912] {dag.py:2398} INFO - Sync 1 DAGs
[2022-06-24 16:35:22,923] {logging_mixin.py:109} INFO - [2022-06-24 16:35:22,923] {dag.py:2937} INFO - Setting next_dagrun for example_trigger_controller_dag to 2021-01-01T00:00:00+00:00
[2022-06-24 16:35:22,929] {processor.py:171} INFO - Processing /home/airflow/.local/lib/python3.7/site-packages/airflow/example_dags/example_trigger_controller_dag.py took 0.046 seconds
[2022-06-24 16:35:53,652] {processor.py:163} INFO - Started process (PID=2334) to work on /home/airflow/.local/lib/python3.7/site-packages/airflow/example_dags/example_trigger_controller_dag.py
[2022-06-24 16:35:53,653] {processor.py:642} INFO - Processing file /home/airflow/.local/lib/python3.7/site-packages/airflow/example_dags/example_trigger_controller_dag.py for tasks to queue
[2022-06-24 16:35:53,654] {logging_mixin.py:109} INFO - [2022-06-24 16:35:53,654] {dagbag.py:500} INFO - Filling up the DagBag from /home/airflow/.local/lib/python3.7/site-packages/airflow/example_dags/example_trigger_controller_dag.py
[2022-06-24 16:35:53,664] {processor.py:652} INFO - DAG(s) dict_keys(['example_trigger_controller_dag']) retrieved from /home/airflow/.local/lib/python3.7/site-packages/airflow/example_dags/example_trigger_controller_dag.py
[2022-06-24 16:35:53,681] {logging_mixin.py:109} INFO - [2022-06-24 16:35:53,681] {dag.py:2398} INFO - Sync 1 DAGs
[2022-06-24 16:35:53,697] {logging_mixin.py:109} INFO - [2022-06-24 16:35:53,696] {dag.py:2937} INFO - Setting next_dagrun for example_trigger_controller_dag to 2021-01-01T00:00:00+00:00
[2022-06-24 16:35:53,706] {processor.py:171} INFO - Processing /home/airflow/.local/lib/python3.7/site-packages/airflow/example_dags/example_trigger_controller_dag.py took 0.056 seconds
[2022-06-24 16:36:24,585] {processor.py:163} INFO - Started process (PID=2393) to work on /home/airflow/.local/lib/python3.7/site-packages/airflow/example_dags/example_trigger_controller_dag.py
[2022-06-24 16:36:24,586] {processor.py:642} INFO - Processing file /home/airflow/.local/lib/python3.7/site-packages/airflow/example_dags/example_trigger_controller_dag.py for tasks to queue
[2022-06-24 16:36:24,586] {logging_mixin.py:109} INFO - [2022-06-24 16:36:24,586] {dagbag.py:500} INFO - Filling up the DagBag from /home/airflow/.local/lib/python3.7/site-packages/airflow/example_dags/example_trigger_controller_dag.py
[2022-06-24 16:36:24,598] {processor.py:652} INFO - DAG(s) dict_keys(['example_trigger_controller_dag']) retrieved from /home/airflow/.local/lib/python3.7/site-packages/airflow/example_dags/example_trigger_controller_dag.py
[2022-06-24 16:36:24,612] {logging_mixin.py:109} INFO - [2022-06-24 16:36:24,612] {dag.py:2398} INFO - Sync 1 DAGs
[2022-06-24 16:36:24,623] {logging_mixin.py:109} INFO - [2022-06-24 16:36:24,623] {dag.py:2937} INFO - Setting next_dagrun for example_trigger_controller_dag to 2021-01-01T00:00:00+00:00
[2022-06-24 16:36:24,629] {processor.py:171} INFO - Processing /home/airflow/.local/lib/python3.7/site-packages/airflow/example_dags/example_trigger_controller_dag.py took 0.046 seconds
[2022-06-24 16:36:55,299] {processor.py:163} INFO - Started process (PID=2444) to work on /home/airflow/.local/lib/python3.7/site-packages/airflow/example_dags/example_trigger_controller_dag.py
[2022-06-24 16:36:55,300] {processor.py:642} INFO - Processing file /home/airflow/.local/lib/python3.7/site-packages/airflow/example_dags/example_trigger_controller_dag.py for tasks to queue
[2022-06-24 16:36:55,300] {logging_mixin.py:109} INFO - [2022-06-24 16:36:55,300] {dagbag.py:500} INFO - Filling up the DagBag from /home/airflow/.local/lib/python3.7/site-packages/airflow/example_dags/example_trigger_controller_dag.py
[2022-06-24 16:36:55,309] {processor.py:652} INFO - DAG(s) dict_keys(['example_trigger_controller_dag']) retrieved from /home/airflow/.local/lib/python3.7/site-packages/airflow/example_dags/example_trigger_controller_dag.py
[2022-06-24 16:36:55,323] {logging_mixin.py:109} INFO - [2022-06-24 16:36:55,323] {dag.py:2398} INFO - Sync 1 DAGs
[2022-06-24 16:36:55,334] {logging_mixin.py:109} INFO - [2022-06-24 16:36:55,334] {dag.py:2937} INFO - Setting next_dagrun for example_trigger_controller_dag to 2021-01-01T00:00:00+00:00
[2022-06-24 16:36:55,341] {processor.py:171} INFO - Processing /home/airflow/.local/lib/python3.7/site-packages/airflow/example_dags/example_trigger_controller_dag.py took 0.044 seconds
[2022-06-24 16:37:25,938] {processor.py:163} INFO - Started process (PID=2503) to work on /home/airflow/.local/lib/python3.7/site-packages/airflow/example_dags/example_trigger_controller_dag.py
[2022-06-24 16:37:25,938] {processor.py:642} INFO - Processing file /home/airflow/.local/lib/python3.7/site-packages/airflow/example_dags/example_trigger_controller_dag.py for tasks to queue
[2022-06-24 16:37:25,939] {logging_mixin.py:109} INFO - [2022-06-24 16:37:25,939] {dagbag.py:500} INFO - Filling up the DagBag from /home/airflow/.local/lib/python3.7/site-packages/airflow/example_dags/example_trigger_controller_dag.py
[2022-06-24 16:37:25,949] {processor.py:652} INFO - DAG(s) dict_keys(['example_trigger_controller_dag']) retrieved from /home/airflow/.local/lib/python3.7/site-packages/airflow/example_dags/example_trigger_controller_dag.py
[2022-06-24 16:37:25,969] {logging_mixin.py:109} INFO - [2022-06-24 16:37:25,969] {dag.py:2398} INFO - Sync 1 DAGs
[2022-06-24 16:37:25,980] {logging_mixin.py:109} INFO - [2022-06-24 16:37:25,980] {dag.py:2937} INFO - Setting next_dagrun for example_trigger_controller_dag to 2021-01-01T00:00:00+00:00
[2022-06-24 16:37:25,991] {processor.py:171} INFO - Processing /home/airflow/.local/lib/python3.7/site-packages/airflow/example_dags/example_trigger_controller_dag.py took 0.055 seconds
[2022-06-24 16:37:56,887] {processor.py:163} INFO - Started process (PID=2563) to work on /home/airflow/.local/lib/python3.7/site-packages/airflow/example_dags/example_trigger_controller_dag.py
[2022-06-24 16:37:56,888] {processor.py:642} INFO - Processing file /home/airflow/.local/lib/python3.7/site-packages/airflow/example_dags/example_trigger_controller_dag.py for tasks to queue
[2022-06-24 16:37:56,888] {logging_mixin.py:109} INFO - [2022-06-24 16:37:56,888] {dagbag.py:500} INFO - Filling up the DagBag from /home/airflow/.local/lib/python3.7/site-packages/airflow/example_dags/example_trigger_controller_dag.py
[2022-06-24 16:37:56,902] {processor.py:652} INFO - DAG(s) dict_keys(['example_trigger_controller_dag']) retrieved from /home/airflow/.local/lib/python3.7/site-packages/airflow/example_dags/example_trigger_controller_dag.py
[2022-06-24 16:37:56,921] {logging_mixin.py:109} INFO - [2022-06-24 16:37:56,920] {dag.py:2398} INFO - Sync 1 DAGs
[2022-06-24 16:37:56,937] {logging_mixin.py:109} INFO - [2022-06-24 16:37:56,937] {dag.py:2937} INFO - Setting next_dagrun for example_trigger_controller_dag to 2021-01-01T00:00:00+00:00
[2022-06-24 16:37:56,946] {processor.py:171} INFO - Processing /home/airflow/.local/lib/python3.7/site-packages/airflow/example_dags/example_trigger_controller_dag.py took 0.064 seconds
[2022-06-24 16:38:27,698] {processor.py:163} INFO - Started process (PID=2614) to work on /home/airflow/.local/lib/python3.7/site-packages/airflow/example_dags/example_trigger_controller_dag.py
[2022-06-24 16:38:27,699] {processor.py:642} INFO - Processing file /home/airflow/.local/lib/python3.7/site-packages/airflow/example_dags/example_trigger_controller_dag.py for tasks to queue
[2022-06-24 16:38:27,699] {logging_mixin.py:109} INFO - [2022-06-24 16:38:27,699] {dagbag.py:500} INFO - Filling up the DagBag from /home/airflow/.local/lib/python3.7/site-packages/airflow/example_dags/example_trigger_controller_dag.py
[2022-06-24 16:38:27,708] {processor.py:652} INFO - DAG(s) dict_keys(['example_trigger_controller_dag']) retrieved from /home/airflow/.local/lib/python3.7/site-packages/airflow/example_dags/example_trigger_controller_dag.py
[2022-06-24 16:38:27,724] {logging_mixin.py:109} INFO - [2022-06-24 16:38:27,724] {dag.py:2398} INFO - Sync 1 DAGs
[2022-06-24 16:38:27,738] {logging_mixin.py:109} INFO - [2022-06-24 16:38:27,737] {dag.py:2937} INFO - Setting next_dagrun for example_trigger_controller_dag to 2021-01-01T00:00:00+00:00
[2022-06-24 16:38:27,745] {processor.py:171} INFO - Processing /home/airflow/.local/lib/python3.7/site-packages/airflow/example_dags/example_trigger_controller_dag.py took 0.049 seconds
