[2022-06-24 16:06:57,517] {processor.py:163} INFO - Started process (PID=217) to work on /home/airflow/.local/lib/python3.7/site-packages/airflow/example_dags/example_sla_dag.py
[2022-06-24 16:06:57,518] {processor.py:642} INFO - Processing file /home/airflow/.local/lib/python3.7/site-packages/airflow/example_dags/example_sla_dag.py for tasks to queue
[2022-06-24 16:06:57,518] {logging_mixin.py:109} INFO - [2022-06-24 16:06:57,518] {dagbag.py:500} INFO - Filling up the DagBag from /home/airflow/.local/lib/python3.7/site-packages/airflow/example_dags/example_sla_dag.py
[2022-06-24 16:06:57,539] {processor.py:652} INFO - DAG(s) dict_keys(['example_sla_dag']) retrieved from /home/airflow/.local/lib/python3.7/site-packages/airflow/example_dags/example_sla_dag.py
[2022-06-24 16:06:58,948] {logging_mixin.py:109} INFO - [2022-06-24 16:06:58,948] {manager.py:496} INFO - Created Permission View: can edit on DAG:example_sla_dag
[2022-06-24 16:06:58,953] {logging_mixin.py:109} INFO - [2022-06-24 16:06:58,953] {manager.py:496} INFO - Created Permission View: can read on DAG:example_sla_dag
[2022-06-24 16:06:58,953] {logging_mixin.py:109} INFO - [2022-06-24 16:06:58,953] {dag.py:2398} INFO - Sync 1 DAGs
[2022-06-24 16:06:58,958] {logging_mixin.py:109} INFO - [2022-06-24 16:06:58,958] {dag.py:2417} INFO - Creating ORM DAG for example_sla_dag
[2022-06-24 16:06:58,966] {logging_mixin.py:109} INFO - [2022-06-24 16:06:58,966] {dag.py:2937} INFO - Setting next_dagrun for example_sla_dag to 2022-06-24T16:04:00+00:00
[2022-06-24 16:06:58,973] {processor.py:171} INFO - Processing /home/airflow/.local/lib/python3.7/site-packages/airflow/example_dags/example_sla_dag.py took 1.459 seconds
[2022-06-24 16:07:29,055] {processor.py:163} INFO - Started process (PID=364) to work on /home/airflow/.local/lib/python3.7/site-packages/airflow/example_dags/example_sla_dag.py
[2022-06-24 16:07:29,056] {processor.py:642} INFO - Processing file /home/airflow/.local/lib/python3.7/site-packages/airflow/example_dags/example_sla_dag.py for tasks to queue
[2022-06-24 16:07:29,056] {logging_mixin.py:109} INFO - [2022-06-24 16:07:29,056] {dagbag.py:500} INFO - Filling up the DagBag from /home/airflow/.local/lib/python3.7/site-packages/airflow/example_dags/example_sla_dag.py
[2022-06-24 16:07:29,071] {processor.py:652} INFO - DAG(s) dict_keys(['example_sla_dag']) retrieved from /home/airflow/.local/lib/python3.7/site-packages/airflow/example_dags/example_sla_dag.py
[2022-06-24 16:07:29,084] {logging_mixin.py:109} INFO - [2022-06-24 16:07:29,084] {dag.py:2398} INFO - Sync 1 DAGs
[2022-06-24 16:07:29,101] {logging_mixin.py:109} INFO - [2022-06-24 16:07:29,101] {dag.py:2937} INFO - Setting next_dagrun for example_sla_dag to 2022-06-24T16:04:00+00:00
[2022-06-24 16:07:29,108] {processor.py:171} INFO - Processing /home/airflow/.local/lib/python3.7/site-packages/airflow/example_dags/example_sla_dag.py took 0.056 seconds
[2022-06-24 16:07:59,287] {processor.py:163} INFO - Started process (PID=424) to work on /home/airflow/.local/lib/python3.7/site-packages/airflow/example_dags/example_sla_dag.py
[2022-06-24 16:07:59,287] {processor.py:642} INFO - Processing file /home/airflow/.local/lib/python3.7/site-packages/airflow/example_dags/example_sla_dag.py for tasks to queue
[2022-06-24 16:07:59,288] {logging_mixin.py:109} INFO - [2022-06-24 16:07:59,288] {dagbag.py:500} INFO - Filling up the DagBag from /home/airflow/.local/lib/python3.7/site-packages/airflow/example_dags/example_sla_dag.py
[2022-06-24 16:07:59,300] {processor.py:652} INFO - DAG(s) dict_keys(['example_sla_dag']) retrieved from /home/airflow/.local/lib/python3.7/site-packages/airflow/example_dags/example_sla_dag.py
[2022-06-24 16:07:59,312] {logging_mixin.py:109} INFO - [2022-06-24 16:07:59,312] {dag.py:2398} INFO - Sync 1 DAGs
[2022-06-24 16:07:59,325] {logging_mixin.py:109} INFO - [2022-06-24 16:07:59,325] {dag.py:2937} INFO - Setting next_dagrun for example_sla_dag to 2022-06-24T16:04:00+00:00
[2022-06-24 16:07:59,331] {processor.py:171} INFO - Processing /home/airflow/.local/lib/python3.7/site-packages/airflow/example_dags/example_sla_dag.py took 0.046 seconds
[2022-06-24 16:08:29,572] {processor.py:163} INFO - Started process (PID=483) to work on /home/airflow/.local/lib/python3.7/site-packages/airflow/example_dags/example_sla_dag.py
[2022-06-24 16:08:29,572] {processor.py:642} INFO - Processing file /home/airflow/.local/lib/python3.7/site-packages/airflow/example_dags/example_sla_dag.py for tasks to queue
[2022-06-24 16:08:29,572] {logging_mixin.py:109} INFO - [2022-06-24 16:08:29,572] {dagbag.py:500} INFO - Filling up the DagBag from /home/airflow/.local/lib/python3.7/site-packages/airflow/example_dags/example_sla_dag.py
[2022-06-24 16:08:29,584] {processor.py:652} INFO - DAG(s) dict_keys(['example_sla_dag']) retrieved from /home/airflow/.local/lib/python3.7/site-packages/airflow/example_dags/example_sla_dag.py
[2022-06-24 16:08:29,595] {logging_mixin.py:109} INFO - [2022-06-24 16:08:29,595] {dag.py:2398} INFO - Sync 1 DAGs
[2022-06-24 16:08:29,608] {logging_mixin.py:109} INFO - [2022-06-24 16:08:29,608] {dag.py:2937} INFO - Setting next_dagrun for example_sla_dag to 2022-06-24T16:06:00+00:00
[2022-06-24 16:08:29,614] {processor.py:171} INFO - Processing /home/airflow/.local/lib/python3.7/site-packages/airflow/example_dags/example_sla_dag.py took 0.044 seconds
[2022-06-24 16:08:59,836] {processor.py:163} INFO - Started process (PID=533) to work on /home/airflow/.local/lib/python3.7/site-packages/airflow/example_dags/example_sla_dag.py
[2022-06-24 16:08:59,837] {processor.py:642} INFO - Processing file /home/airflow/.local/lib/python3.7/site-packages/airflow/example_dags/example_sla_dag.py for tasks to queue
[2022-06-24 16:08:59,837] {logging_mixin.py:109} INFO - [2022-06-24 16:08:59,837] {dagbag.py:500} INFO - Filling up the DagBag from /home/airflow/.local/lib/python3.7/site-packages/airflow/example_dags/example_sla_dag.py
[2022-06-24 16:08:59,849] {processor.py:652} INFO - DAG(s) dict_keys(['example_sla_dag']) retrieved from /home/airflow/.local/lib/python3.7/site-packages/airflow/example_dags/example_sla_dag.py
[2022-06-24 16:08:59,860] {logging_mixin.py:109} INFO - [2022-06-24 16:08:59,860] {dag.py:2398} INFO - Sync 1 DAGs
[2022-06-24 16:08:59,874] {logging_mixin.py:109} INFO - [2022-06-24 16:08:59,874] {dag.py:2937} INFO - Setting next_dagrun for example_sla_dag to 2022-06-24T16:06:00+00:00
[2022-06-24 16:08:59,879] {processor.py:171} INFO - Processing /home/airflow/.local/lib/python3.7/site-packages/airflow/example_dags/example_sla_dag.py took 0.046 seconds
[2022-06-24 16:09:29,951] {processor.py:163} INFO - Started process (PID=592) to work on /home/airflow/.local/lib/python3.7/site-packages/airflow/example_dags/example_sla_dag.py
[2022-06-24 16:09:29,952] {processor.py:642} INFO - Processing file /home/airflow/.local/lib/python3.7/site-packages/airflow/example_dags/example_sla_dag.py for tasks to queue
[2022-06-24 16:09:29,952] {logging_mixin.py:109} INFO - [2022-06-24 16:09:29,952] {dagbag.py:500} INFO - Filling up the DagBag from /home/airflow/.local/lib/python3.7/site-packages/airflow/example_dags/example_sla_dag.py
[2022-06-24 16:09:29,964] {processor.py:652} INFO - DAG(s) dict_keys(['example_sla_dag']) retrieved from /home/airflow/.local/lib/python3.7/site-packages/airflow/example_dags/example_sla_dag.py
[2022-06-24 16:09:29,976] {logging_mixin.py:109} INFO - [2022-06-24 16:09:29,976] {dag.py:2398} INFO - Sync 1 DAGs
[2022-06-24 16:09:29,990] {logging_mixin.py:109} INFO - [2022-06-24 16:09:29,989] {dag.py:2937} INFO - Setting next_dagrun for example_sla_dag to 2022-06-24T16:06:00+00:00
[2022-06-24 16:09:29,997] {processor.py:171} INFO - Processing /home/airflow/.local/lib/python3.7/site-packages/airflow/example_dags/example_sla_dag.py took 0.047 seconds
[2022-06-24 16:10:00,199] {processor.py:163} INFO - Started process (PID=643) to work on /home/airflow/.local/lib/python3.7/site-packages/airflow/example_dags/example_sla_dag.py
[2022-06-24 16:10:00,200] {processor.py:642} INFO - Processing file /home/airflow/.local/lib/python3.7/site-packages/airflow/example_dags/example_sla_dag.py for tasks to queue
[2022-06-24 16:10:00,200] {logging_mixin.py:109} INFO - [2022-06-24 16:10:00,200] {dagbag.py:500} INFO - Filling up the DagBag from /home/airflow/.local/lib/python3.7/site-packages/airflow/example_dags/example_sla_dag.py
[2022-06-24 16:10:00,211] {processor.py:652} INFO - DAG(s) dict_keys(['example_sla_dag']) retrieved from /home/airflow/.local/lib/python3.7/site-packages/airflow/example_dags/example_sla_dag.py
[2022-06-24 16:10:00,223] {logging_mixin.py:109} INFO - [2022-06-24 16:10:00,222] {dag.py:2398} INFO - Sync 1 DAGs
[2022-06-24 16:10:00,235] {logging_mixin.py:109} INFO - [2022-06-24 16:10:00,235] {dag.py:2937} INFO - Setting next_dagrun for example_sla_dag to 2022-06-24T16:08:00+00:00
[2022-06-24 16:10:00,240] {processor.py:171} INFO - Processing /home/airflow/.local/lib/python3.7/site-packages/airflow/example_dags/example_sla_dag.py took 0.043 seconds
[2022-06-24 16:10:30,601] {processor.py:163} INFO - Started process (PID=702) to work on /home/airflow/.local/lib/python3.7/site-packages/airflow/example_dags/example_sla_dag.py
[2022-06-24 16:10:30,602] {processor.py:642} INFO - Processing file /home/airflow/.local/lib/python3.7/site-packages/airflow/example_dags/example_sla_dag.py for tasks to queue
[2022-06-24 16:10:30,602] {logging_mixin.py:109} INFO - [2022-06-24 16:10:30,602] {dagbag.py:500} INFO - Filling up the DagBag from /home/airflow/.local/lib/python3.7/site-packages/airflow/example_dags/example_sla_dag.py
[2022-06-24 16:10:30,613] {processor.py:652} INFO - DAG(s) dict_keys(['example_sla_dag']) retrieved from /home/airflow/.local/lib/python3.7/site-packages/airflow/example_dags/example_sla_dag.py
[2022-06-24 16:10:30,624] {logging_mixin.py:109} INFO - [2022-06-24 16:10:30,624] {dag.py:2398} INFO - Sync 1 DAGs
[2022-06-24 16:10:30,637] {logging_mixin.py:109} INFO - [2022-06-24 16:10:30,636] {dag.py:2937} INFO - Setting next_dagrun for example_sla_dag to 2022-06-24T16:08:00+00:00
[2022-06-24 16:10:30,642] {processor.py:171} INFO - Processing /home/airflow/.local/lib/python3.7/site-packages/airflow/example_dags/example_sla_dag.py took 0.042 seconds
[2022-06-24 16:11:00,869] {processor.py:163} INFO - Started process (PID=760) to work on /home/airflow/.local/lib/python3.7/site-packages/airflow/example_dags/example_sla_dag.py
[2022-06-24 16:11:00,870] {processor.py:642} INFO - Processing file /home/airflow/.local/lib/python3.7/site-packages/airflow/example_dags/example_sla_dag.py for tasks to queue
[2022-06-24 16:11:00,870] {logging_mixin.py:109} INFO - [2022-06-24 16:11:00,870] {dagbag.py:500} INFO - Filling up the DagBag from /home/airflow/.local/lib/python3.7/site-packages/airflow/example_dags/example_sla_dag.py
[2022-06-24 16:11:00,880] {processor.py:652} INFO - DAG(s) dict_keys(['example_sla_dag']) retrieved from /home/airflow/.local/lib/python3.7/site-packages/airflow/example_dags/example_sla_dag.py
[2022-06-24 16:11:00,893] {logging_mixin.py:109} INFO - [2022-06-24 16:11:00,893] {dag.py:2398} INFO - Sync 1 DAGs
[2022-06-24 16:11:00,907] {logging_mixin.py:109} INFO - [2022-06-24 16:11:00,907] {dag.py:2937} INFO - Setting next_dagrun for example_sla_dag to 2022-06-24T16:08:00+00:00
[2022-06-24 16:11:00,913] {processor.py:171} INFO - Processing /home/airflow/.local/lib/python3.7/site-packages/airflow/example_dags/example_sla_dag.py took 0.045 seconds
[2022-06-24 16:11:31,167] {processor.py:163} INFO - Started process (PID=811) to work on /home/airflow/.local/lib/python3.7/site-packages/airflow/example_dags/example_sla_dag.py
[2022-06-24 16:11:31,167] {processor.py:642} INFO - Processing file /home/airflow/.local/lib/python3.7/site-packages/airflow/example_dags/example_sla_dag.py for tasks to queue
[2022-06-24 16:11:31,168] {logging_mixin.py:109} INFO - [2022-06-24 16:11:31,167] {dagbag.py:500} INFO - Filling up the DagBag from /home/airflow/.local/lib/python3.7/site-packages/airflow/example_dags/example_sla_dag.py
[2022-06-24 16:11:31,178] {processor.py:652} INFO - DAG(s) dict_keys(['example_sla_dag']) retrieved from /home/airflow/.local/lib/python3.7/site-packages/airflow/example_dags/example_sla_dag.py
[2022-06-24 16:11:31,189] {logging_mixin.py:109} INFO - [2022-06-24 16:11:31,189] {dag.py:2398} INFO - Sync 1 DAGs
[2022-06-24 16:11:31,203] {logging_mixin.py:109} INFO - [2022-06-24 16:11:31,203] {dag.py:2937} INFO - Setting next_dagrun for example_sla_dag to 2022-06-24T16:08:00+00:00
[2022-06-24 16:11:31,209] {processor.py:171} INFO - Processing /home/airflow/.local/lib/python3.7/site-packages/airflow/example_dags/example_sla_dag.py took 0.044 seconds
[2022-06-24 16:12:01,448] {processor.py:163} INFO - Started process (PID=870) to work on /home/airflow/.local/lib/python3.7/site-packages/airflow/example_dags/example_sla_dag.py
[2022-06-24 16:12:01,449] {processor.py:642} INFO - Processing file /home/airflow/.local/lib/python3.7/site-packages/airflow/example_dags/example_sla_dag.py for tasks to queue
[2022-06-24 16:12:01,449] {logging_mixin.py:109} INFO - [2022-06-24 16:12:01,449] {dagbag.py:500} INFO - Filling up the DagBag from /home/airflow/.local/lib/python3.7/site-packages/airflow/example_dags/example_sla_dag.py
[2022-06-24 16:12:01,462] {processor.py:652} INFO - DAG(s) dict_keys(['example_sla_dag']) retrieved from /home/airflow/.local/lib/python3.7/site-packages/airflow/example_dags/example_sla_dag.py
[2022-06-24 16:12:01,474] {logging_mixin.py:109} INFO - [2022-06-24 16:12:01,474] {dag.py:2398} INFO - Sync 1 DAGs
[2022-06-24 16:12:01,487] {logging_mixin.py:109} INFO - [2022-06-24 16:12:01,487] {dag.py:2937} INFO - Setting next_dagrun for example_sla_dag to 2022-06-24T16:10:00+00:00
[2022-06-24 16:12:01,493] {processor.py:171} INFO - Processing /home/airflow/.local/lib/python3.7/site-packages/airflow/example_dags/example_sla_dag.py took 0.047 seconds
[2022-06-24 16:12:31,910] {processor.py:163} INFO - Started process (PID=930) to work on /home/airflow/.local/lib/python3.7/site-packages/airflow/example_dags/example_sla_dag.py
[2022-06-24 16:12:31,911] {processor.py:642} INFO - Processing file /home/airflow/.local/lib/python3.7/site-packages/airflow/example_dags/example_sla_dag.py for tasks to queue
[2022-06-24 16:12:31,912] {logging_mixin.py:109} INFO - [2022-06-24 16:12:31,912] {dagbag.py:500} INFO - Filling up the DagBag from /home/airflow/.local/lib/python3.7/site-packages/airflow/example_dags/example_sla_dag.py
[2022-06-24 16:12:31,925] {processor.py:652} INFO - DAG(s) dict_keys(['example_sla_dag']) retrieved from /home/airflow/.local/lib/python3.7/site-packages/airflow/example_dags/example_sla_dag.py
[2022-06-24 16:12:31,938] {logging_mixin.py:109} INFO - [2022-06-24 16:12:31,938] {dag.py:2398} INFO - Sync 1 DAGs
[2022-06-24 16:12:31,953] {logging_mixin.py:109} INFO - [2022-06-24 16:12:31,953] {dag.py:2937} INFO - Setting next_dagrun for example_sla_dag to 2022-06-24T16:10:00+00:00
[2022-06-24 16:12:31,958] {processor.py:171} INFO - Processing /home/airflow/.local/lib/python3.7/site-packages/airflow/example_dags/example_sla_dag.py took 0.050 seconds
[2022-06-24 16:13:02,931] {processor.py:163} INFO - Started process (PID=981) to work on /home/airflow/.local/lib/python3.7/site-packages/airflow/example_dags/example_sla_dag.py
[2022-06-24 16:13:02,935] {processor.py:642} INFO - Processing file /home/airflow/.local/lib/python3.7/site-packages/airflow/example_dags/example_sla_dag.py for tasks to queue
[2022-06-24 16:13:02,936] {logging_mixin.py:109} INFO - [2022-06-24 16:13:02,935] {dagbag.py:500} INFO - Filling up the DagBag from /home/airflow/.local/lib/python3.7/site-packages/airflow/example_dags/example_sla_dag.py
[2022-06-24 16:13:02,951] {processor.py:652} INFO - DAG(s) dict_keys(['example_sla_dag']) retrieved from /home/airflow/.local/lib/python3.7/site-packages/airflow/example_dags/example_sla_dag.py
[2022-06-24 16:13:02,962] {logging_mixin.py:109} INFO - [2022-06-24 16:13:02,962] {dag.py:2398} INFO - Sync 1 DAGs
[2022-06-24 16:13:02,975] {logging_mixin.py:109} INFO - [2022-06-24 16:13:02,975] {dag.py:2937} INFO - Setting next_dagrun for example_sla_dag to 2022-06-24T16:10:00+00:00
[2022-06-24 16:13:02,980] {processor.py:171} INFO - Processing /home/airflow/.local/lib/python3.7/site-packages/airflow/example_dags/example_sla_dag.py took 0.052 seconds
[2022-06-24 16:13:33,316] {processor.py:163} INFO - Started process (PID=1041) to work on /home/airflow/.local/lib/python3.7/site-packages/airflow/example_dags/example_sla_dag.py
[2022-06-24 16:13:33,316] {processor.py:642} INFO - Processing file /home/airflow/.local/lib/python3.7/site-packages/airflow/example_dags/example_sla_dag.py for tasks to queue
[2022-06-24 16:13:33,316] {logging_mixin.py:109} INFO - [2022-06-24 16:13:33,316] {dagbag.py:500} INFO - Filling up the DagBag from /home/airflow/.local/lib/python3.7/site-packages/airflow/example_dags/example_sla_dag.py
[2022-06-24 16:13:33,327] {processor.py:652} INFO - DAG(s) dict_keys(['example_sla_dag']) retrieved from /home/airflow/.local/lib/python3.7/site-packages/airflow/example_dags/example_sla_dag.py
[2022-06-24 16:13:33,338] {logging_mixin.py:109} INFO - [2022-06-24 16:13:33,338] {dag.py:2398} INFO - Sync 1 DAGs
[2022-06-24 16:13:33,350] {logging_mixin.py:109} INFO - [2022-06-24 16:13:33,350] {dag.py:2937} INFO - Setting next_dagrun for example_sla_dag to 2022-06-24T16:10:00+00:00
[2022-06-24 16:13:33,355] {processor.py:171} INFO - Processing /home/airflow/.local/lib/python3.7/site-packages/airflow/example_dags/example_sla_dag.py took 0.041 seconds
[2022-06-24 16:14:03,635] {processor.py:163} INFO - Started process (PID=1100) to work on /home/airflow/.local/lib/python3.7/site-packages/airflow/example_dags/example_sla_dag.py
[2022-06-24 16:14:03,635] {processor.py:642} INFO - Processing file /home/airflow/.local/lib/python3.7/site-packages/airflow/example_dags/example_sla_dag.py for tasks to queue
[2022-06-24 16:14:03,636] {logging_mixin.py:109} INFO - [2022-06-24 16:14:03,636] {dagbag.py:500} INFO - Filling up the DagBag from /home/airflow/.local/lib/python3.7/site-packages/airflow/example_dags/example_sla_dag.py
[2022-06-24 16:14:03,647] {processor.py:652} INFO - DAG(s) dict_keys(['example_sla_dag']) retrieved from /home/airflow/.local/lib/python3.7/site-packages/airflow/example_dags/example_sla_dag.py
[2022-06-24 16:14:03,658] {logging_mixin.py:109} INFO - [2022-06-24 16:14:03,658] {dag.py:2398} INFO - Sync 1 DAGs
[2022-06-24 16:14:03,671] {logging_mixin.py:109} INFO - [2022-06-24 16:14:03,671] {dag.py:2937} INFO - Setting next_dagrun for example_sla_dag to 2022-06-24T16:12:00+00:00
[2022-06-24 16:14:03,677] {processor.py:171} INFO - Processing /home/airflow/.local/lib/python3.7/site-packages/airflow/example_dags/example_sla_dag.py took 0.044 seconds
[2022-06-24 16:14:34,063] {processor.py:163} INFO - Started process (PID=1151) to work on /home/airflow/.local/lib/python3.7/site-packages/airflow/example_dags/example_sla_dag.py
[2022-06-24 16:14:34,064] {processor.py:642} INFO - Processing file /home/airflow/.local/lib/python3.7/site-packages/airflow/example_dags/example_sla_dag.py for tasks to queue
[2022-06-24 16:14:34,065] {logging_mixin.py:109} INFO - [2022-06-24 16:14:34,064] {dagbag.py:500} INFO - Filling up the DagBag from /home/airflow/.local/lib/python3.7/site-packages/airflow/example_dags/example_sla_dag.py
[2022-06-24 16:14:34,078] {processor.py:652} INFO - DAG(s) dict_keys(['example_sla_dag']) retrieved from /home/airflow/.local/lib/python3.7/site-packages/airflow/example_dags/example_sla_dag.py
[2022-06-24 16:14:34,090] {logging_mixin.py:109} INFO - [2022-06-24 16:14:34,090] {dag.py:2398} INFO - Sync 1 DAGs
[2022-06-24 16:14:34,103] {logging_mixin.py:109} INFO - [2022-06-24 16:14:34,103] {dag.py:2937} INFO - Setting next_dagrun for example_sla_dag to 2022-06-24T16:12:00+00:00
[2022-06-24 16:14:34,110] {processor.py:171} INFO - Processing /home/airflow/.local/lib/python3.7/site-packages/airflow/example_dags/example_sla_dag.py took 0.049 seconds
[2022-06-24 16:15:29,968] {processor.py:163} INFO - Started process (PID=49) to work on /home/airflow/.local/lib/python3.7/site-packages/airflow/example_dags/example_sla_dag.py
[2022-06-24 16:15:29,969] {processor.py:642} INFO - Processing file /home/airflow/.local/lib/python3.7/site-packages/airflow/example_dags/example_sla_dag.py for tasks to queue
[2022-06-24 16:15:29,969] {logging_mixin.py:109} INFO - [2022-06-24 16:15:29,969] {dagbag.py:500} INFO - Filling up the DagBag from /home/airflow/.local/lib/python3.7/site-packages/airflow/example_dags/example_sla_dag.py
[2022-06-24 16:15:29,988] {processor.py:652} INFO - DAG(s) dict_keys(['example_sla_dag']) retrieved from /home/airflow/.local/lib/python3.7/site-packages/airflow/example_dags/example_sla_dag.py
[2022-06-24 16:15:30,001] {logging_mixin.py:109} INFO - [2022-06-24 16:15:30,001] {dag.py:2398} INFO - Sync 1 DAGs
[2022-06-24 16:15:30,017] {logging_mixin.py:109} INFO - [2022-06-24 16:15:30,017] {dag.py:2937} INFO - Setting next_dagrun for example_sla_dag to 2022-06-24T16:12:00+00:00
[2022-06-24 16:15:30,025] {processor.py:171} INFO - Processing /home/airflow/.local/lib/python3.7/site-packages/airflow/example_dags/example_sla_dag.py took 0.060 seconds
[2022-06-24 16:16:00,628] {processor.py:163} INFO - Started process (PID=111) to work on /home/airflow/.local/lib/python3.7/site-packages/airflow/example_dags/example_sla_dag.py
[2022-06-24 16:16:00,628] {processor.py:642} INFO - Processing file /home/airflow/.local/lib/python3.7/site-packages/airflow/example_dags/example_sla_dag.py for tasks to queue
[2022-06-24 16:16:00,629] {logging_mixin.py:109} INFO - [2022-06-24 16:16:00,629] {dagbag.py:500} INFO - Filling up the DagBag from /home/airflow/.local/lib/python3.7/site-packages/airflow/example_dags/example_sla_dag.py
[2022-06-24 16:16:00,641] {processor.py:652} INFO - DAG(s) dict_keys(['example_sla_dag']) retrieved from /home/airflow/.local/lib/python3.7/site-packages/airflow/example_dags/example_sla_dag.py
[2022-06-24 16:16:00,652] {logging_mixin.py:109} INFO - [2022-06-24 16:16:00,652] {dag.py:2398} INFO - Sync 1 DAGs
[2022-06-24 16:16:00,666] {logging_mixin.py:109} INFO - [2022-06-24 16:16:00,666] {dag.py:2937} INFO - Setting next_dagrun for example_sla_dag to 2022-06-24T16:14:00+00:00
[2022-06-24 16:16:00,672] {processor.py:171} INFO - Processing /home/airflow/.local/lib/python3.7/site-packages/airflow/example_dags/example_sla_dag.py took 0.046 seconds
[2022-06-24 16:16:31,156] {processor.py:163} INFO - Started process (PID=171) to work on /home/airflow/.local/lib/python3.7/site-packages/airflow/example_dags/example_sla_dag.py
[2022-06-24 16:16:31,157] {processor.py:642} INFO - Processing file /home/airflow/.local/lib/python3.7/site-packages/airflow/example_dags/example_sla_dag.py for tasks to queue
[2022-06-24 16:16:31,157] {logging_mixin.py:109} INFO - [2022-06-24 16:16:31,157] {dagbag.py:500} INFO - Filling up the DagBag from /home/airflow/.local/lib/python3.7/site-packages/airflow/example_dags/example_sla_dag.py
[2022-06-24 16:16:31,170] {processor.py:652} INFO - DAG(s) dict_keys(['example_sla_dag']) retrieved from /home/airflow/.local/lib/python3.7/site-packages/airflow/example_dags/example_sla_dag.py
[2022-06-24 16:16:31,181] {logging_mixin.py:109} INFO - [2022-06-24 16:16:31,181] {dag.py:2398} INFO - Sync 1 DAGs
[2022-06-24 16:16:31,193] {logging_mixin.py:109} INFO - [2022-06-24 16:16:31,193] {dag.py:2937} INFO - Setting next_dagrun for example_sla_dag to 2022-06-24T16:14:00+00:00
[2022-06-24 16:16:31,198] {processor.py:171} INFO - Processing /home/airflow/.local/lib/python3.7/site-packages/airflow/example_dags/example_sla_dag.py took 0.044 seconds
[2022-06-24 16:17:01,628] {processor.py:163} INFO - Started process (PID=221) to work on /home/airflow/.local/lib/python3.7/site-packages/airflow/example_dags/example_sla_dag.py
[2022-06-24 16:17:01,628] {processor.py:642} INFO - Processing file /home/airflow/.local/lib/python3.7/site-packages/airflow/example_dags/example_sla_dag.py for tasks to queue
[2022-06-24 16:17:01,629] {logging_mixin.py:109} INFO - [2022-06-24 16:17:01,628] {dagbag.py:500} INFO - Filling up the DagBag from /home/airflow/.local/lib/python3.7/site-packages/airflow/example_dags/example_sla_dag.py
[2022-06-24 16:17:01,639] {processor.py:652} INFO - DAG(s) dict_keys(['example_sla_dag']) retrieved from /home/airflow/.local/lib/python3.7/site-packages/airflow/example_dags/example_sla_dag.py
[2022-06-24 16:17:01,651] {logging_mixin.py:109} INFO - [2022-06-24 16:17:01,651] {dag.py:2398} INFO - Sync 1 DAGs
[2022-06-24 16:17:01,665] {logging_mixin.py:109} INFO - [2022-06-24 16:17:01,665] {dag.py:2937} INFO - Setting next_dagrun for example_sla_dag to 2022-06-24T16:14:00+00:00
[2022-06-24 16:17:01,671] {processor.py:171} INFO - Processing /home/airflow/.local/lib/python3.7/site-packages/airflow/example_dags/example_sla_dag.py took 0.045 seconds
[2022-06-24 16:17:32,265] {processor.py:163} INFO - Started process (PID=281) to work on /home/airflow/.local/lib/python3.7/site-packages/airflow/example_dags/example_sla_dag.py
[2022-06-24 16:17:32,266] {processor.py:642} INFO - Processing file /home/airflow/.local/lib/python3.7/site-packages/airflow/example_dags/example_sla_dag.py for tasks to queue
[2022-06-24 16:17:32,266] {logging_mixin.py:109} INFO - [2022-06-24 16:17:32,266] {dagbag.py:500} INFO - Filling up the DagBag from /home/airflow/.local/lib/python3.7/site-packages/airflow/example_dags/example_sla_dag.py
[2022-06-24 16:17:32,279] {processor.py:652} INFO - DAG(s) dict_keys(['example_sla_dag']) retrieved from /home/airflow/.local/lib/python3.7/site-packages/airflow/example_dags/example_sla_dag.py
[2022-06-24 16:17:32,290] {logging_mixin.py:109} INFO - [2022-06-24 16:17:32,290] {dag.py:2398} INFO - Sync 1 DAGs
[2022-06-24 16:17:32,303] {logging_mixin.py:109} INFO - [2022-06-24 16:17:32,303] {dag.py:2937} INFO - Setting next_dagrun for example_sla_dag to 2022-06-24T16:14:00+00:00
[2022-06-24 16:17:32,307] {processor.py:171} INFO - Processing /home/airflow/.local/lib/python3.7/site-packages/airflow/example_dags/example_sla_dag.py took 0.044 seconds
[2022-06-24 16:18:02,884] {processor.py:163} INFO - Started process (PID=340) to work on /home/airflow/.local/lib/python3.7/site-packages/airflow/example_dags/example_sla_dag.py
[2022-06-24 16:18:02,885] {processor.py:642} INFO - Processing file /home/airflow/.local/lib/python3.7/site-packages/airflow/example_dags/example_sla_dag.py for tasks to queue
[2022-06-24 16:18:02,885] {logging_mixin.py:109} INFO - [2022-06-24 16:18:02,885] {dagbag.py:500} INFO - Filling up the DagBag from /home/airflow/.local/lib/python3.7/site-packages/airflow/example_dags/example_sla_dag.py
[2022-06-24 16:18:02,897] {processor.py:652} INFO - DAG(s) dict_keys(['example_sla_dag']) retrieved from /home/airflow/.local/lib/python3.7/site-packages/airflow/example_dags/example_sla_dag.py
[2022-06-24 16:18:02,909] {logging_mixin.py:109} INFO - [2022-06-24 16:18:02,909] {dag.py:2398} INFO - Sync 1 DAGs
[2022-06-24 16:18:02,921] {logging_mixin.py:109} INFO - [2022-06-24 16:18:02,921] {dag.py:2937} INFO - Setting next_dagrun for example_sla_dag to 2022-06-24T16:16:00+00:00
[2022-06-24 16:18:02,926] {processor.py:171} INFO - Processing /home/airflow/.local/lib/python3.7/site-packages/airflow/example_dags/example_sla_dag.py took 0.044 seconds
[2022-06-24 16:18:33,822] {processor.py:163} INFO - Started process (PID=390) to work on /home/airflow/.local/lib/python3.7/site-packages/airflow/example_dags/example_sla_dag.py
[2022-06-24 16:18:33,823] {processor.py:642} INFO - Processing file /home/airflow/.local/lib/python3.7/site-packages/airflow/example_dags/example_sla_dag.py for tasks to queue
[2022-06-24 16:18:33,823] {logging_mixin.py:109} INFO - [2022-06-24 16:18:33,823] {dagbag.py:500} INFO - Filling up the DagBag from /home/airflow/.local/lib/python3.7/site-packages/airflow/example_dags/example_sla_dag.py
[2022-06-24 16:18:33,835] {processor.py:652} INFO - DAG(s) dict_keys(['example_sla_dag']) retrieved from /home/airflow/.local/lib/python3.7/site-packages/airflow/example_dags/example_sla_dag.py
[2022-06-24 16:18:33,850] {logging_mixin.py:109} INFO - [2022-06-24 16:18:33,850] {dag.py:2398} INFO - Sync 1 DAGs
[2022-06-24 16:18:33,870] {logging_mixin.py:109} INFO - [2022-06-24 16:18:33,870] {dag.py:2937} INFO - Setting next_dagrun for example_sla_dag to 2022-06-24T16:16:00+00:00
[2022-06-24 16:18:33,877] {processor.py:171} INFO - Processing /home/airflow/.local/lib/python3.7/site-packages/airflow/example_dags/example_sla_dag.py took 0.057 seconds
[2022-06-24 16:19:04,330] {processor.py:163} INFO - Started process (PID=449) to work on /home/airflow/.local/lib/python3.7/site-packages/airflow/example_dags/example_sla_dag.py
[2022-06-24 16:19:04,330] {processor.py:642} INFO - Processing file /home/airflow/.local/lib/python3.7/site-packages/airflow/example_dags/example_sla_dag.py for tasks to queue
[2022-06-24 16:19:04,331] {logging_mixin.py:109} INFO - [2022-06-24 16:19:04,331] {dagbag.py:500} INFO - Filling up the DagBag from /home/airflow/.local/lib/python3.7/site-packages/airflow/example_dags/example_sla_dag.py
[2022-06-24 16:19:04,342] {processor.py:652} INFO - DAG(s) dict_keys(['example_sla_dag']) retrieved from /home/airflow/.local/lib/python3.7/site-packages/airflow/example_dags/example_sla_dag.py
[2022-06-24 16:19:04,355] {logging_mixin.py:109} INFO - [2022-06-24 16:19:04,355] {dag.py:2398} INFO - Sync 1 DAGs
[2022-06-24 16:19:04,367] {logging_mixin.py:109} INFO - [2022-06-24 16:19:04,367] {dag.py:2937} INFO - Setting next_dagrun for example_sla_dag to 2022-06-24T16:16:00+00:00
[2022-06-24 16:19:04,372] {processor.py:171} INFO - Processing /home/airflow/.local/lib/python3.7/site-packages/airflow/example_dags/example_sla_dag.py took 0.044 seconds
[2022-06-24 16:19:34,907] {processor.py:163} INFO - Started process (PID=509) to work on /home/airflow/.local/lib/python3.7/site-packages/airflow/example_dags/example_sla_dag.py
[2022-06-24 16:19:34,907] {processor.py:642} INFO - Processing file /home/airflow/.local/lib/python3.7/site-packages/airflow/example_dags/example_sla_dag.py for tasks to queue
[2022-06-24 16:19:34,908] {logging_mixin.py:109} INFO - [2022-06-24 16:19:34,908] {dagbag.py:500} INFO - Filling up the DagBag from /home/airflow/.local/lib/python3.7/site-packages/airflow/example_dags/example_sla_dag.py
[2022-06-24 16:19:34,919] {processor.py:652} INFO - DAG(s) dict_keys(['example_sla_dag']) retrieved from /home/airflow/.local/lib/python3.7/site-packages/airflow/example_dags/example_sla_dag.py
[2022-06-24 16:19:34,930] {logging_mixin.py:109} INFO - [2022-06-24 16:19:34,930] {dag.py:2398} INFO - Sync 1 DAGs
[2022-06-24 16:19:34,942] {logging_mixin.py:109} INFO - [2022-06-24 16:19:34,942] {dag.py:2937} INFO - Setting next_dagrun for example_sla_dag to 2022-06-24T16:16:00+00:00
[2022-06-24 16:19:34,949] {processor.py:171} INFO - Processing /home/airflow/.local/lib/python3.7/site-packages/airflow/example_dags/example_sla_dag.py took 0.044 seconds
[2022-06-24 16:20:05,393] {processor.py:163} INFO - Started process (PID=558) to work on /home/airflow/.local/lib/python3.7/site-packages/airflow/example_dags/example_sla_dag.py
[2022-06-24 16:20:05,394] {processor.py:642} INFO - Processing file /home/airflow/.local/lib/python3.7/site-packages/airflow/example_dags/example_sla_dag.py for tasks to queue
[2022-06-24 16:20:05,394] {logging_mixin.py:109} INFO - [2022-06-24 16:20:05,394] {dagbag.py:500} INFO - Filling up the DagBag from /home/airflow/.local/lib/python3.7/site-packages/airflow/example_dags/example_sla_dag.py
[2022-06-24 16:20:05,405] {processor.py:652} INFO - DAG(s) dict_keys(['example_sla_dag']) retrieved from /home/airflow/.local/lib/python3.7/site-packages/airflow/example_dags/example_sla_dag.py
[2022-06-24 16:20:05,418] {logging_mixin.py:109} INFO - [2022-06-24 16:20:05,418] {dag.py:2398} INFO - Sync 1 DAGs
[2022-06-24 16:20:05,431] {logging_mixin.py:109} INFO - [2022-06-24 16:20:05,431] {dag.py:2937} INFO - Setting next_dagrun for example_sla_dag to 2022-06-24T16:18:00+00:00
[2022-06-24 16:20:05,436] {processor.py:171} INFO - Processing /home/airflow/.local/lib/python3.7/site-packages/airflow/example_dags/example_sla_dag.py took 0.045 seconds
[2022-06-24 16:20:35,930] {processor.py:163} INFO - Started process (PID=618) to work on /home/airflow/.local/lib/python3.7/site-packages/airflow/example_dags/example_sla_dag.py
[2022-06-24 16:20:35,930] {processor.py:642} INFO - Processing file /home/airflow/.local/lib/python3.7/site-packages/airflow/example_dags/example_sla_dag.py for tasks to queue
[2022-06-24 16:20:35,931] {logging_mixin.py:109} INFO - [2022-06-24 16:20:35,931] {dagbag.py:500} INFO - Filling up the DagBag from /home/airflow/.local/lib/python3.7/site-packages/airflow/example_dags/example_sla_dag.py
[2022-06-24 16:20:35,942] {processor.py:652} INFO - DAG(s) dict_keys(['example_sla_dag']) retrieved from /home/airflow/.local/lib/python3.7/site-packages/airflow/example_dags/example_sla_dag.py
[2022-06-24 16:20:35,953] {logging_mixin.py:109} INFO - [2022-06-24 16:20:35,953] {dag.py:2398} INFO - Sync 1 DAGs
[2022-06-24 16:20:35,965] {logging_mixin.py:109} INFO - [2022-06-24 16:20:35,965] {dag.py:2937} INFO - Setting next_dagrun for example_sla_dag to 2022-06-24T16:18:00+00:00
[2022-06-24 16:20:35,970] {processor.py:171} INFO - Processing /home/airflow/.local/lib/python3.7/site-packages/airflow/example_dags/example_sla_dag.py took 0.042 seconds
[2022-06-24 16:21:06,484] {processor.py:163} INFO - Started process (PID=677) to work on /home/airflow/.local/lib/python3.7/site-packages/airflow/example_dags/example_sla_dag.py
[2022-06-24 16:21:06,485] {processor.py:642} INFO - Processing file /home/airflow/.local/lib/python3.7/site-packages/airflow/example_dags/example_sla_dag.py for tasks to queue
[2022-06-24 16:21:06,485] {logging_mixin.py:109} INFO - [2022-06-24 16:21:06,485] {dagbag.py:500} INFO - Filling up the DagBag from /home/airflow/.local/lib/python3.7/site-packages/airflow/example_dags/example_sla_dag.py
[2022-06-24 16:21:06,496] {processor.py:652} INFO - DAG(s) dict_keys(['example_sla_dag']) retrieved from /home/airflow/.local/lib/python3.7/site-packages/airflow/example_dags/example_sla_dag.py
[2022-06-24 16:21:06,507] {logging_mixin.py:109} INFO - [2022-06-24 16:21:06,507] {dag.py:2398} INFO - Sync 1 DAGs
[2022-06-24 16:21:06,524] {logging_mixin.py:109} INFO - [2022-06-24 16:21:06,524] {dag.py:2937} INFO - Setting next_dagrun for example_sla_dag to 2022-06-24T16:18:00+00:00
[2022-06-24 16:21:06,530] {processor.py:171} INFO - Processing /home/airflow/.local/lib/python3.7/site-packages/airflow/example_dags/example_sla_dag.py took 0.047 seconds
[2022-06-24 16:21:37,032] {processor.py:163} INFO - Started process (PID=727) to work on /home/airflow/.local/lib/python3.7/site-packages/airflow/example_dags/example_sla_dag.py
[2022-06-24 16:21:37,032] {processor.py:642} INFO - Processing file /home/airflow/.local/lib/python3.7/site-packages/airflow/example_dags/example_sla_dag.py for tasks to queue
[2022-06-24 16:21:37,033] {logging_mixin.py:109} INFO - [2022-06-24 16:21:37,033] {dagbag.py:500} INFO - Filling up the DagBag from /home/airflow/.local/lib/python3.7/site-packages/airflow/example_dags/example_sla_dag.py
[2022-06-24 16:21:37,044] {processor.py:652} INFO - DAG(s) dict_keys(['example_sla_dag']) retrieved from /home/airflow/.local/lib/python3.7/site-packages/airflow/example_dags/example_sla_dag.py
[2022-06-24 16:21:37,056] {logging_mixin.py:109} INFO - [2022-06-24 16:21:37,056] {dag.py:2398} INFO - Sync 1 DAGs
[2022-06-24 16:21:37,068] {logging_mixin.py:109} INFO - [2022-06-24 16:21:37,068] {dag.py:2937} INFO - Setting next_dagrun for example_sla_dag to 2022-06-24T16:18:00+00:00
[2022-06-24 16:21:37,073] {processor.py:171} INFO - Processing /home/airflow/.local/lib/python3.7/site-packages/airflow/example_dags/example_sla_dag.py took 0.043 seconds
[2022-06-24 16:22:07,560] {processor.py:163} INFO - Started process (PID=787) to work on /home/airflow/.local/lib/python3.7/site-packages/airflow/example_dags/example_sla_dag.py
[2022-06-24 16:22:07,560] {processor.py:642} INFO - Processing file /home/airflow/.local/lib/python3.7/site-packages/airflow/example_dags/example_sla_dag.py for tasks to queue
[2022-06-24 16:22:07,561] {logging_mixin.py:109} INFO - [2022-06-24 16:22:07,561] {dagbag.py:500} INFO - Filling up the DagBag from /home/airflow/.local/lib/python3.7/site-packages/airflow/example_dags/example_sla_dag.py
[2022-06-24 16:22:07,571] {processor.py:652} INFO - DAG(s) dict_keys(['example_sla_dag']) retrieved from /home/airflow/.local/lib/python3.7/site-packages/airflow/example_dags/example_sla_dag.py
[2022-06-24 16:22:07,583] {logging_mixin.py:109} INFO - [2022-06-24 16:22:07,583] {dag.py:2398} INFO - Sync 1 DAGs
[2022-06-24 16:22:07,599] {logging_mixin.py:109} INFO - [2022-06-24 16:22:07,599] {dag.py:2937} INFO - Setting next_dagrun for example_sla_dag to 2022-06-24T16:20:00+00:00
[2022-06-24 16:22:07,606] {processor.py:171} INFO - Processing /home/airflow/.local/lib/python3.7/site-packages/airflow/example_dags/example_sla_dag.py took 0.048 seconds
[2022-06-24 16:22:38,031] {processor.py:163} INFO - Started process (PID=846) to work on /home/airflow/.local/lib/python3.7/site-packages/airflow/example_dags/example_sla_dag.py
[2022-06-24 16:22:38,031] {processor.py:642} INFO - Processing file /home/airflow/.local/lib/python3.7/site-packages/airflow/example_dags/example_sla_dag.py for tasks to queue
[2022-06-24 16:22:38,031] {logging_mixin.py:109} INFO - [2022-06-24 16:22:38,031] {dagbag.py:500} INFO - Filling up the DagBag from /home/airflow/.local/lib/python3.7/site-packages/airflow/example_dags/example_sla_dag.py
[2022-06-24 16:22:38,042] {processor.py:652} INFO - DAG(s) dict_keys(['example_sla_dag']) retrieved from /home/airflow/.local/lib/python3.7/site-packages/airflow/example_dags/example_sla_dag.py
[2022-06-24 16:22:38,053] {logging_mixin.py:109} INFO - [2022-06-24 16:22:38,053] {dag.py:2398} INFO - Sync 1 DAGs
[2022-06-24 16:22:38,065] {logging_mixin.py:109} INFO - [2022-06-24 16:22:38,065] {dag.py:2937} INFO - Setting next_dagrun for example_sla_dag to 2022-06-24T16:20:00+00:00
[2022-06-24 16:22:38,070] {processor.py:171} INFO - Processing /home/airflow/.local/lib/python3.7/site-packages/airflow/example_dags/example_sla_dag.py took 0.041 seconds
[2022-06-24 16:23:08,621] {processor.py:163} INFO - Started process (PID=896) to work on /home/airflow/.local/lib/python3.7/site-packages/airflow/example_dags/example_sla_dag.py
[2022-06-24 16:23:08,622] {processor.py:642} INFO - Processing file /home/airflow/.local/lib/python3.7/site-packages/airflow/example_dags/example_sla_dag.py for tasks to queue
[2022-06-24 16:23:08,622] {logging_mixin.py:109} INFO - [2022-06-24 16:23:08,622] {dagbag.py:500} INFO - Filling up the DagBag from /home/airflow/.local/lib/python3.7/site-packages/airflow/example_dags/example_sla_dag.py
[2022-06-24 16:23:08,633] {processor.py:652} INFO - DAG(s) dict_keys(['example_sla_dag']) retrieved from /home/airflow/.local/lib/python3.7/site-packages/airflow/example_dags/example_sla_dag.py
[2022-06-24 16:23:08,644] {logging_mixin.py:109} INFO - [2022-06-24 16:23:08,644] {dag.py:2398} INFO - Sync 1 DAGs
[2022-06-24 16:23:08,656] {logging_mixin.py:109} INFO - [2022-06-24 16:23:08,656] {dag.py:2937} INFO - Setting next_dagrun for example_sla_dag to 2022-06-24T16:20:00+00:00
[2022-06-24 16:23:08,661] {processor.py:171} INFO - Processing /home/airflow/.local/lib/python3.7/site-packages/airflow/example_dags/example_sla_dag.py took 0.042 seconds
[2022-06-24 16:23:39,067] {processor.py:163} INFO - Started process (PID=955) to work on /home/airflow/.local/lib/python3.7/site-packages/airflow/example_dags/example_sla_dag.py
[2022-06-24 16:23:39,068] {processor.py:642} INFO - Processing file /home/airflow/.local/lib/python3.7/site-packages/airflow/example_dags/example_sla_dag.py for tasks to queue
[2022-06-24 16:23:39,068] {logging_mixin.py:109} INFO - [2022-06-24 16:23:39,068] {dagbag.py:500} INFO - Filling up the DagBag from /home/airflow/.local/lib/python3.7/site-packages/airflow/example_dags/example_sla_dag.py
[2022-06-24 16:23:39,079] {processor.py:652} INFO - DAG(s) dict_keys(['example_sla_dag']) retrieved from /home/airflow/.local/lib/python3.7/site-packages/airflow/example_dags/example_sla_dag.py
[2022-06-24 16:23:39,091] {logging_mixin.py:109} INFO - [2022-06-24 16:23:39,091] {dag.py:2398} INFO - Sync 1 DAGs
[2022-06-24 16:23:39,108] {logging_mixin.py:109} INFO - [2022-06-24 16:23:39,108] {dag.py:2937} INFO - Setting next_dagrun for example_sla_dag to 2022-06-24T16:20:00+00:00
[2022-06-24 16:23:39,115] {processor.py:171} INFO - Processing /home/airflow/.local/lib/python3.7/site-packages/airflow/example_dags/example_sla_dag.py took 0.049 seconds
[2022-06-24 16:24:09,560] {processor.py:163} INFO - Started process (PID=1014) to work on /home/airflow/.local/lib/python3.7/site-packages/airflow/example_dags/example_sla_dag.py
[2022-06-24 16:24:09,561] {processor.py:642} INFO - Processing file /home/airflow/.local/lib/python3.7/site-packages/airflow/example_dags/example_sla_dag.py for tasks to queue
[2022-06-24 16:24:09,561] {logging_mixin.py:109} INFO - [2022-06-24 16:24:09,561] {dagbag.py:500} INFO - Filling up the DagBag from /home/airflow/.local/lib/python3.7/site-packages/airflow/example_dags/example_sla_dag.py
[2022-06-24 16:24:09,572] {processor.py:652} INFO - DAG(s) dict_keys(['example_sla_dag']) retrieved from /home/airflow/.local/lib/python3.7/site-packages/airflow/example_dags/example_sla_dag.py
[2022-06-24 16:24:09,584] {logging_mixin.py:109} INFO - [2022-06-24 16:24:09,584] {dag.py:2398} INFO - Sync 1 DAGs
[2022-06-24 16:24:09,598] {logging_mixin.py:109} INFO - [2022-06-24 16:24:09,598] {dag.py:2937} INFO - Setting next_dagrun for example_sla_dag to 2022-06-24T16:22:00+00:00
[2022-06-24 16:24:09,604] {processor.py:171} INFO - Processing /home/airflow/.local/lib/python3.7/site-packages/airflow/example_dags/example_sla_dag.py took 0.045 seconds
[2022-06-24 16:24:40,128] {processor.py:163} INFO - Started process (PID=1064) to work on /home/airflow/.local/lib/python3.7/site-packages/airflow/example_dags/example_sla_dag.py
[2022-06-24 16:24:40,128] {processor.py:642} INFO - Processing file /home/airflow/.local/lib/python3.7/site-packages/airflow/example_dags/example_sla_dag.py for tasks to queue
[2022-06-24 16:24:40,129] {logging_mixin.py:109} INFO - [2022-06-24 16:24:40,128] {dagbag.py:500} INFO - Filling up the DagBag from /home/airflow/.local/lib/python3.7/site-packages/airflow/example_dags/example_sla_dag.py
[2022-06-24 16:24:40,139] {processor.py:652} INFO - DAG(s) dict_keys(['example_sla_dag']) retrieved from /home/airflow/.local/lib/python3.7/site-packages/airflow/example_dags/example_sla_dag.py
[2022-06-24 16:24:40,150] {logging_mixin.py:109} INFO - [2022-06-24 16:24:40,150] {dag.py:2398} INFO - Sync 1 DAGs
[2022-06-24 16:24:40,164] {logging_mixin.py:109} INFO - [2022-06-24 16:24:40,163] {dag.py:2937} INFO - Setting next_dagrun for example_sla_dag to 2022-06-24T16:22:00+00:00
[2022-06-24 16:24:40,171] {processor.py:171} INFO - Processing /home/airflow/.local/lib/python3.7/site-packages/airflow/example_dags/example_sla_dag.py took 0.045 seconds
[2022-06-24 16:25:10,455] {processor.py:163} INFO - Started process (PID=1123) to work on /home/airflow/.local/lib/python3.7/site-packages/airflow/example_dags/example_sla_dag.py
[2022-06-24 16:25:10,456] {processor.py:642} INFO - Processing file /home/airflow/.local/lib/python3.7/site-packages/airflow/example_dags/example_sla_dag.py for tasks to queue
[2022-06-24 16:25:10,456] {logging_mixin.py:109} INFO - [2022-06-24 16:25:10,456] {dagbag.py:500} INFO - Filling up the DagBag from /home/airflow/.local/lib/python3.7/site-packages/airflow/example_dags/example_sla_dag.py
[2022-06-24 16:25:10,467] {processor.py:652} INFO - DAG(s) dict_keys(['example_sla_dag']) retrieved from /home/airflow/.local/lib/python3.7/site-packages/airflow/example_dags/example_sla_dag.py
[2022-06-24 16:25:10,478] {logging_mixin.py:109} INFO - [2022-06-24 16:25:10,478] {dag.py:2398} INFO - Sync 1 DAGs
[2022-06-24 16:25:10,491] {logging_mixin.py:109} INFO - [2022-06-24 16:25:10,491] {dag.py:2937} INFO - Setting next_dagrun for example_sla_dag to 2022-06-24T16:22:00+00:00
[2022-06-24 16:25:10,496] {processor.py:171} INFO - Processing /home/airflow/.local/lib/python3.7/site-packages/airflow/example_dags/example_sla_dag.py took 0.042 seconds
[2022-06-24 16:25:40,965] {processor.py:163} INFO - Started process (PID=1182) to work on /home/airflow/.local/lib/python3.7/site-packages/airflow/example_dags/example_sla_dag.py
[2022-06-24 16:25:40,966] {processor.py:642} INFO - Processing file /home/airflow/.local/lib/python3.7/site-packages/airflow/example_dags/example_sla_dag.py for tasks to queue
[2022-06-24 16:25:40,966] {logging_mixin.py:109} INFO - [2022-06-24 16:25:40,966] {dagbag.py:500} INFO - Filling up the DagBag from /home/airflow/.local/lib/python3.7/site-packages/airflow/example_dags/example_sla_dag.py
[2022-06-24 16:25:40,977] {processor.py:652} INFO - DAG(s) dict_keys(['example_sla_dag']) retrieved from /home/airflow/.local/lib/python3.7/site-packages/airflow/example_dags/example_sla_dag.py
[2022-06-24 16:25:40,988] {logging_mixin.py:109} INFO - [2022-06-24 16:25:40,988] {dag.py:2398} INFO - Sync 1 DAGs
[2022-06-24 16:25:41,001] {logging_mixin.py:109} INFO - [2022-06-24 16:25:41,001] {dag.py:2937} INFO - Setting next_dagrun for example_sla_dag to 2022-06-24T16:22:00+00:00
[2022-06-24 16:25:41,006] {processor.py:171} INFO - Processing /home/airflow/.local/lib/python3.7/site-packages/airflow/example_dags/example_sla_dag.py took 0.043 seconds
[2022-06-24 16:26:11,567] {processor.py:163} INFO - Started process (PID=1234) to work on /home/airflow/.local/lib/python3.7/site-packages/airflow/example_dags/example_sla_dag.py
[2022-06-24 16:26:11,568] {processor.py:642} INFO - Processing file /home/airflow/.local/lib/python3.7/site-packages/airflow/example_dags/example_sla_dag.py for tasks to queue
[2022-06-24 16:26:11,568] {logging_mixin.py:109} INFO - [2022-06-24 16:26:11,568] {dagbag.py:500} INFO - Filling up the DagBag from /home/airflow/.local/lib/python3.7/site-packages/airflow/example_dags/example_sla_dag.py
[2022-06-24 16:26:11,578] {processor.py:652} INFO - DAG(s) dict_keys(['example_sla_dag']) retrieved from /home/airflow/.local/lib/python3.7/site-packages/airflow/example_dags/example_sla_dag.py
[2022-06-24 16:26:11,589] {logging_mixin.py:109} INFO - [2022-06-24 16:26:11,589] {dag.py:2398} INFO - Sync 1 DAGs
[2022-06-24 16:26:11,605] {logging_mixin.py:109} INFO - [2022-06-24 16:26:11,605] {dag.py:2937} INFO - Setting next_dagrun for example_sla_dag to 2022-06-24T16:24:00+00:00
[2022-06-24 16:26:11,612] {processor.py:171} INFO - Processing /home/airflow/.local/lib/python3.7/site-packages/airflow/example_dags/example_sla_dag.py took 0.046 seconds
[2022-06-24 16:26:42,122] {processor.py:163} INFO - Started process (PID=1295) to work on /home/airflow/.local/lib/python3.7/site-packages/airflow/example_dags/example_sla_dag.py
[2022-06-24 16:26:42,122] {processor.py:642} INFO - Processing file /home/airflow/.local/lib/python3.7/site-packages/airflow/example_dags/example_sla_dag.py for tasks to queue
[2022-06-24 16:26:42,123] {logging_mixin.py:109} INFO - [2022-06-24 16:26:42,123] {dagbag.py:500} INFO - Filling up the DagBag from /home/airflow/.local/lib/python3.7/site-packages/airflow/example_dags/example_sla_dag.py
[2022-06-24 16:26:42,133] {processor.py:652} INFO - DAG(s) dict_keys(['example_sla_dag']) retrieved from /home/airflow/.local/lib/python3.7/site-packages/airflow/example_dags/example_sla_dag.py
[2022-06-24 16:26:42,146] {logging_mixin.py:109} INFO - [2022-06-24 16:26:42,146] {dag.py:2398} INFO - Sync 1 DAGs
[2022-06-24 16:26:42,158] {logging_mixin.py:109} INFO - [2022-06-24 16:26:42,158] {dag.py:2937} INFO - Setting next_dagrun for example_sla_dag to 2022-06-24T16:24:00+00:00
[2022-06-24 16:26:42,163] {processor.py:171} INFO - Processing /home/airflow/.local/lib/python3.7/site-packages/airflow/example_dags/example_sla_dag.py took 0.044 seconds
[2022-06-24 16:27:12,723] {processor.py:163} INFO - Started process (PID=1356) to work on /home/airflow/.local/lib/python3.7/site-packages/airflow/example_dags/example_sla_dag.py
[2022-06-24 16:27:12,724] {processor.py:642} INFO - Processing file /home/airflow/.local/lib/python3.7/site-packages/airflow/example_dags/example_sla_dag.py for tasks to queue
[2022-06-24 16:27:12,724] {logging_mixin.py:109} INFO - [2022-06-24 16:27:12,724] {dagbag.py:500} INFO - Filling up the DagBag from /home/airflow/.local/lib/python3.7/site-packages/airflow/example_dags/example_sla_dag.py
[2022-06-24 16:27:12,739] {processor.py:652} INFO - DAG(s) dict_keys(['example_sla_dag']) retrieved from /home/airflow/.local/lib/python3.7/site-packages/airflow/example_dags/example_sla_dag.py
[2022-06-24 16:27:12,755] {logging_mixin.py:109} INFO - [2022-06-24 16:27:12,755] {dag.py:2398} INFO - Sync 1 DAGs
[2022-06-24 16:27:12,774] {logging_mixin.py:109} INFO - [2022-06-24 16:27:12,774] {dag.py:2937} INFO - Setting next_dagrun for example_sla_dag to 2022-06-24T16:24:00+00:00
[2022-06-24 16:27:12,781] {processor.py:171} INFO - Processing /home/airflow/.local/lib/python3.7/site-packages/airflow/example_dags/example_sla_dag.py took 0.060 seconds
[2022-06-24 16:27:43,219] {processor.py:163} INFO - Started process (PID=1405) to work on /home/airflow/.local/lib/python3.7/site-packages/airflow/example_dags/example_sla_dag.py
[2022-06-24 16:27:43,219] {processor.py:642} INFO - Processing file /home/airflow/.local/lib/python3.7/site-packages/airflow/example_dags/example_sla_dag.py for tasks to queue
[2022-06-24 16:27:43,220] {logging_mixin.py:109} INFO - [2022-06-24 16:27:43,220] {dagbag.py:500} INFO - Filling up the DagBag from /home/airflow/.local/lib/python3.7/site-packages/airflow/example_dags/example_sla_dag.py
[2022-06-24 16:27:43,230] {processor.py:652} INFO - DAG(s) dict_keys(['example_sla_dag']) retrieved from /home/airflow/.local/lib/python3.7/site-packages/airflow/example_dags/example_sla_dag.py
[2022-06-24 16:27:43,242] {logging_mixin.py:109} INFO - [2022-06-24 16:27:43,242] {dag.py:2398} INFO - Sync 1 DAGs
[2022-06-24 16:27:43,254] {logging_mixin.py:109} INFO - [2022-06-24 16:27:43,254] {dag.py:2937} INFO - Setting next_dagrun for example_sla_dag to 2022-06-24T16:24:00+00:00
[2022-06-24 16:27:43,260] {processor.py:171} INFO - Processing /home/airflow/.local/lib/python3.7/site-packages/airflow/example_dags/example_sla_dag.py took 0.042 seconds
[2022-06-24 16:28:13,828] {processor.py:163} INFO - Started process (PID=1465) to work on /home/airflow/.local/lib/python3.7/site-packages/airflow/example_dags/example_sla_dag.py
[2022-06-24 16:28:13,829] {processor.py:642} INFO - Processing file /home/airflow/.local/lib/python3.7/site-packages/airflow/example_dags/example_sla_dag.py for tasks to queue
[2022-06-24 16:28:13,829] {logging_mixin.py:109} INFO - [2022-06-24 16:28:13,829] {dagbag.py:500} INFO - Filling up the DagBag from /home/airflow/.local/lib/python3.7/site-packages/airflow/example_dags/example_sla_dag.py
[2022-06-24 16:28:13,840] {processor.py:652} INFO - DAG(s) dict_keys(['example_sla_dag']) retrieved from /home/airflow/.local/lib/python3.7/site-packages/airflow/example_dags/example_sla_dag.py
[2022-06-24 16:28:13,852] {logging_mixin.py:109} INFO - [2022-06-24 16:28:13,852] {dag.py:2398} INFO - Sync 1 DAGs
[2022-06-24 16:28:13,864] {logging_mixin.py:109} INFO - [2022-06-24 16:28:13,864] {dag.py:2937} INFO - Setting next_dagrun for example_sla_dag to 2022-06-24T16:26:00+00:00
[2022-06-24 16:28:13,869] {processor.py:171} INFO - Processing /home/airflow/.local/lib/python3.7/site-packages/airflow/example_dags/example_sla_dag.py took 0.042 seconds
[2022-06-24 16:28:44,155] {processor.py:163} INFO - Started process (PID=1525) to work on /home/airflow/.local/lib/python3.7/site-packages/airflow/example_dags/example_sla_dag.py
[2022-06-24 16:28:44,155] {processor.py:642} INFO - Processing file /home/airflow/.local/lib/python3.7/site-packages/airflow/example_dags/example_sla_dag.py for tasks to queue
[2022-06-24 16:28:44,156] {logging_mixin.py:109} INFO - [2022-06-24 16:28:44,156] {dagbag.py:500} INFO - Filling up the DagBag from /home/airflow/.local/lib/python3.7/site-packages/airflow/example_dags/example_sla_dag.py
[2022-06-24 16:28:44,167] {processor.py:652} INFO - DAG(s) dict_keys(['example_sla_dag']) retrieved from /home/airflow/.local/lib/python3.7/site-packages/airflow/example_dags/example_sla_dag.py
[2022-06-24 16:28:44,178] {logging_mixin.py:109} INFO - [2022-06-24 16:28:44,178] {dag.py:2398} INFO - Sync 1 DAGs
[2022-06-24 16:28:44,192] {logging_mixin.py:109} INFO - [2022-06-24 16:28:44,192] {dag.py:2937} INFO - Setting next_dagrun for example_sla_dag to 2022-06-24T16:26:00+00:00
[2022-06-24 16:28:44,197] {processor.py:171} INFO - Processing /home/airflow/.local/lib/python3.7/site-packages/airflow/example_dags/example_sla_dag.py took 0.044 seconds
[2022-06-24 16:29:14,644] {processor.py:163} INFO - Started process (PID=1575) to work on /home/airflow/.local/lib/python3.7/site-packages/airflow/example_dags/example_sla_dag.py
[2022-06-24 16:29:14,644] {processor.py:642} INFO - Processing file /home/airflow/.local/lib/python3.7/site-packages/airflow/example_dags/example_sla_dag.py for tasks to queue
[2022-06-24 16:29:14,645] {logging_mixin.py:109} INFO - [2022-06-24 16:29:14,645] {dagbag.py:500} INFO - Filling up the DagBag from /home/airflow/.local/lib/python3.7/site-packages/airflow/example_dags/example_sla_dag.py
[2022-06-24 16:29:14,656] {processor.py:652} INFO - DAG(s) dict_keys(['example_sla_dag']) retrieved from /home/airflow/.local/lib/python3.7/site-packages/airflow/example_dags/example_sla_dag.py
[2022-06-24 16:29:14,669] {logging_mixin.py:109} INFO - [2022-06-24 16:29:14,669] {dag.py:2398} INFO - Sync 1 DAGs
[2022-06-24 16:29:14,685] {logging_mixin.py:109} INFO - [2022-06-24 16:29:14,685] {dag.py:2937} INFO - Setting next_dagrun for example_sla_dag to 2022-06-24T16:26:00+00:00
[2022-06-24 16:29:14,691] {processor.py:171} INFO - Processing /home/airflow/.local/lib/python3.7/site-packages/airflow/example_dags/example_sla_dag.py took 0.049 seconds
[2022-06-24 16:29:45,401] {processor.py:163} INFO - Started process (PID=1635) to work on /home/airflow/.local/lib/python3.7/site-packages/airflow/example_dags/example_sla_dag.py
[2022-06-24 16:29:45,401] {processor.py:642} INFO - Processing file /home/airflow/.local/lib/python3.7/site-packages/airflow/example_dags/example_sla_dag.py for tasks to queue
[2022-06-24 16:29:45,402] {logging_mixin.py:109} INFO - [2022-06-24 16:29:45,402] {dagbag.py:500} INFO - Filling up the DagBag from /home/airflow/.local/lib/python3.7/site-packages/airflow/example_dags/example_sla_dag.py
[2022-06-24 16:29:45,414] {processor.py:652} INFO - DAG(s) dict_keys(['example_sla_dag']) retrieved from /home/airflow/.local/lib/python3.7/site-packages/airflow/example_dags/example_sla_dag.py
[2022-06-24 16:29:45,427] {logging_mixin.py:109} INFO - [2022-06-24 16:29:45,427] {dag.py:2398} INFO - Sync 1 DAGs
[2022-06-24 16:29:45,441] {logging_mixin.py:109} INFO - [2022-06-24 16:29:45,441] {dag.py:2937} INFO - Setting next_dagrun for example_sla_dag to 2022-06-24T16:26:00+00:00
[2022-06-24 16:29:45,449] {processor.py:171} INFO - Processing /home/airflow/.local/lib/python3.7/site-packages/airflow/example_dags/example_sla_dag.py took 0.050 seconds
[2022-06-24 16:30:16,274] {processor.py:163} INFO - Started process (PID=1703) to work on /home/airflow/.local/lib/python3.7/site-packages/airflow/example_dags/example_sla_dag.py
[2022-06-24 16:30:16,275] {processor.py:642} INFO - Processing file /home/airflow/.local/lib/python3.7/site-packages/airflow/example_dags/example_sla_dag.py for tasks to queue
[2022-06-24 16:30:16,275] {logging_mixin.py:109} INFO - [2022-06-24 16:30:16,275] {dagbag.py:500} INFO - Filling up the DagBag from /home/airflow/.local/lib/python3.7/site-packages/airflow/example_dags/example_sla_dag.py
[2022-06-24 16:30:16,287] {processor.py:652} INFO - DAG(s) dict_keys(['example_sla_dag']) retrieved from /home/airflow/.local/lib/python3.7/site-packages/airflow/example_dags/example_sla_dag.py
[2022-06-24 16:30:16,299] {logging_mixin.py:109} INFO - [2022-06-24 16:30:16,299] {dag.py:2398} INFO - Sync 1 DAGs
[2022-06-24 16:30:16,312] {logging_mixin.py:109} INFO - [2022-06-24 16:30:16,312] {dag.py:2937} INFO - Setting next_dagrun for example_sla_dag to 2022-06-24T16:28:00+00:00
[2022-06-24 16:30:16,317] {processor.py:171} INFO - Processing /home/airflow/.local/lib/python3.7/site-packages/airflow/example_dags/example_sla_dag.py took 0.045 seconds
[2022-06-24 16:30:46,901] {processor.py:163} INFO - Started process (PID=1754) to work on /home/airflow/.local/lib/python3.7/site-packages/airflow/example_dags/example_sla_dag.py
[2022-06-24 16:30:46,901] {processor.py:642} INFO - Processing file /home/airflow/.local/lib/python3.7/site-packages/airflow/example_dags/example_sla_dag.py for tasks to queue
[2022-06-24 16:30:46,902] {logging_mixin.py:109} INFO - [2022-06-24 16:30:46,902] {dagbag.py:500} INFO - Filling up the DagBag from /home/airflow/.local/lib/python3.7/site-packages/airflow/example_dags/example_sla_dag.py
[2022-06-24 16:30:46,913] {processor.py:652} INFO - DAG(s) dict_keys(['example_sla_dag']) retrieved from /home/airflow/.local/lib/python3.7/site-packages/airflow/example_dags/example_sla_dag.py
[2022-06-24 16:30:46,925] {logging_mixin.py:109} INFO - [2022-06-24 16:30:46,925] {dag.py:2398} INFO - Sync 1 DAGs
[2022-06-24 16:30:46,937] {logging_mixin.py:109} INFO - [2022-06-24 16:30:46,937] {dag.py:2937} INFO - Setting next_dagrun for example_sla_dag to 2022-06-24T16:28:00+00:00
[2022-06-24 16:30:46,943] {processor.py:171} INFO - Processing /home/airflow/.local/lib/python3.7/site-packages/airflow/example_dags/example_sla_dag.py took 0.044 seconds
[2022-06-24 16:31:17,569] {processor.py:163} INFO - Started process (PID=1812) to work on /home/airflow/.local/lib/python3.7/site-packages/airflow/example_dags/example_sla_dag.py
[2022-06-24 16:31:17,569] {processor.py:642} INFO - Processing file /home/airflow/.local/lib/python3.7/site-packages/airflow/example_dags/example_sla_dag.py for tasks to queue
[2022-06-24 16:31:17,570] {logging_mixin.py:109} INFO - [2022-06-24 16:31:17,570] {dagbag.py:500} INFO - Filling up the DagBag from /home/airflow/.local/lib/python3.7/site-packages/airflow/example_dags/example_sla_dag.py
[2022-06-24 16:31:17,582] {processor.py:652} INFO - DAG(s) dict_keys(['example_sla_dag']) retrieved from /home/airflow/.local/lib/python3.7/site-packages/airflow/example_dags/example_sla_dag.py
[2022-06-24 16:31:17,597] {logging_mixin.py:109} INFO - [2022-06-24 16:31:17,597] {dag.py:2398} INFO - Sync 1 DAGs
[2022-06-24 16:31:17,612] {logging_mixin.py:109} INFO - [2022-06-24 16:31:17,612] {dag.py:2937} INFO - Setting next_dagrun for example_sla_dag to 2022-06-24T16:28:00+00:00
[2022-06-24 16:31:17,619] {processor.py:171} INFO - Processing /home/airflow/.local/lib/python3.7/site-packages/airflow/example_dags/example_sla_dag.py took 0.052 seconds
[2022-06-24 16:31:48,209] {processor.py:163} INFO - Started process (PID=1871) to work on /home/airflow/.local/lib/python3.7/site-packages/airflow/example_dags/example_sla_dag.py
[2022-06-24 16:31:48,210] {processor.py:642} INFO - Processing file /home/airflow/.local/lib/python3.7/site-packages/airflow/example_dags/example_sla_dag.py for tasks to queue
[2022-06-24 16:31:48,210] {logging_mixin.py:109} INFO - [2022-06-24 16:31:48,210] {dagbag.py:500} INFO - Filling up the DagBag from /home/airflow/.local/lib/python3.7/site-packages/airflow/example_dags/example_sla_dag.py
[2022-06-24 16:31:48,221] {processor.py:652} INFO - DAG(s) dict_keys(['example_sla_dag']) retrieved from /home/airflow/.local/lib/python3.7/site-packages/airflow/example_dags/example_sla_dag.py
[2022-06-24 16:31:48,233] {logging_mixin.py:109} INFO - [2022-06-24 16:31:48,233] {dag.py:2398} INFO - Sync 1 DAGs
[2022-06-24 16:31:48,245] {logging_mixin.py:109} INFO - [2022-06-24 16:31:48,245] {dag.py:2937} INFO - Setting next_dagrun for example_sla_dag to 2022-06-24T16:28:00+00:00
[2022-06-24 16:31:48,250] {processor.py:171} INFO - Processing /home/airflow/.local/lib/python3.7/site-packages/airflow/example_dags/example_sla_dag.py took 0.043 seconds
[2022-06-24 16:32:18,863] {processor.py:163} INFO - Started process (PID=1921) to work on /home/airflow/.local/lib/python3.7/site-packages/airflow/example_dags/example_sla_dag.py
[2022-06-24 16:32:18,864] {processor.py:642} INFO - Processing file /home/airflow/.local/lib/python3.7/site-packages/airflow/example_dags/example_sla_dag.py for tasks to queue
[2022-06-24 16:32:18,864] {logging_mixin.py:109} INFO - [2022-06-24 16:32:18,864] {dagbag.py:500} INFO - Filling up the DagBag from /home/airflow/.local/lib/python3.7/site-packages/airflow/example_dags/example_sla_dag.py
[2022-06-24 16:32:18,875] {processor.py:652} INFO - DAG(s) dict_keys(['example_sla_dag']) retrieved from /home/airflow/.local/lib/python3.7/site-packages/airflow/example_dags/example_sla_dag.py
[2022-06-24 16:32:18,886] {logging_mixin.py:109} INFO - [2022-06-24 16:32:18,885] {dag.py:2398} INFO - Sync 1 DAGs
[2022-06-24 16:32:18,899] {logging_mixin.py:109} INFO - [2022-06-24 16:32:18,899] {dag.py:2937} INFO - Setting next_dagrun for example_sla_dag to 2022-06-24T16:30:00+00:00
[2022-06-24 16:32:18,904] {processor.py:171} INFO - Processing /home/airflow/.local/lib/python3.7/site-packages/airflow/example_dags/example_sla_dag.py took 0.043 seconds
[2022-06-24 16:32:49,480] {processor.py:163} INFO - Started process (PID=1981) to work on /home/airflow/.local/lib/python3.7/site-packages/airflow/example_dags/example_sla_dag.py
[2022-06-24 16:32:49,481] {processor.py:642} INFO - Processing file /home/airflow/.local/lib/python3.7/site-packages/airflow/example_dags/example_sla_dag.py for tasks to queue
[2022-06-24 16:32:49,481] {logging_mixin.py:109} INFO - [2022-06-24 16:32:49,481] {dagbag.py:500} INFO - Filling up the DagBag from /home/airflow/.local/lib/python3.7/site-packages/airflow/example_dags/example_sla_dag.py
[2022-06-24 16:32:49,492] {processor.py:652} INFO - DAG(s) dict_keys(['example_sla_dag']) retrieved from /home/airflow/.local/lib/python3.7/site-packages/airflow/example_dags/example_sla_dag.py
[2022-06-24 16:32:49,504] {logging_mixin.py:109} INFO - [2022-06-24 16:32:49,504] {dag.py:2398} INFO - Sync 1 DAGs
[2022-06-24 16:32:49,516] {logging_mixin.py:109} INFO - [2022-06-24 16:32:49,516] {dag.py:2937} INFO - Setting next_dagrun for example_sla_dag to 2022-06-24T16:30:00+00:00
[2022-06-24 16:32:49,521] {processor.py:171} INFO - Processing /home/airflow/.local/lib/python3.7/site-packages/airflow/example_dags/example_sla_dag.py took 0.043 seconds
[2022-06-24 16:33:20,144] {processor.py:163} INFO - Started process (PID=2042) to work on /home/airflow/.local/lib/python3.7/site-packages/airflow/example_dags/example_sla_dag.py
[2022-06-24 16:33:20,145] {processor.py:642} INFO - Processing file /home/airflow/.local/lib/python3.7/site-packages/airflow/example_dags/example_sla_dag.py for tasks to queue
[2022-06-24 16:33:20,145] {logging_mixin.py:109} INFO - [2022-06-24 16:33:20,145] {dagbag.py:500} INFO - Filling up the DagBag from /home/airflow/.local/lib/python3.7/site-packages/airflow/example_dags/example_sla_dag.py
[2022-06-24 16:33:20,157] {processor.py:652} INFO - DAG(s) dict_keys(['example_sla_dag']) retrieved from /home/airflow/.local/lib/python3.7/site-packages/airflow/example_dags/example_sla_dag.py
[2022-06-24 16:33:20,169] {logging_mixin.py:109} INFO - [2022-06-24 16:33:20,169] {dag.py:2398} INFO - Sync 1 DAGs
[2022-06-24 16:33:20,184] {logging_mixin.py:109} INFO - [2022-06-24 16:33:20,184] {dag.py:2937} INFO - Setting next_dagrun for example_sla_dag to 2022-06-24T16:30:00+00:00
[2022-06-24 16:33:20,191] {processor.py:171} INFO - Processing /home/airflow/.local/lib/python3.7/site-packages/airflow/example_dags/example_sla_dag.py took 0.049 seconds
[2022-06-24 16:33:50,653] {processor.py:163} INFO - Started process (PID=2093) to work on /home/airflow/.local/lib/python3.7/site-packages/airflow/example_dags/example_sla_dag.py
[2022-06-24 16:33:50,653] {processor.py:642} INFO - Processing file /home/airflow/.local/lib/python3.7/site-packages/airflow/example_dags/example_sla_dag.py for tasks to queue
[2022-06-24 16:33:50,654] {logging_mixin.py:109} INFO - [2022-06-24 16:33:50,654] {dagbag.py:500} INFO - Filling up the DagBag from /home/airflow/.local/lib/python3.7/site-packages/airflow/example_dags/example_sla_dag.py
[2022-06-24 16:33:50,668] {processor.py:652} INFO - DAG(s) dict_keys(['example_sla_dag']) retrieved from /home/airflow/.local/lib/python3.7/site-packages/airflow/example_dags/example_sla_dag.py
[2022-06-24 16:33:50,681] {logging_mixin.py:109} INFO - [2022-06-24 16:33:50,681] {dag.py:2398} INFO - Sync 1 DAGs
[2022-06-24 16:33:50,697] {logging_mixin.py:109} INFO - [2022-06-24 16:33:50,697] {dag.py:2937} INFO - Setting next_dagrun for example_sla_dag to 2022-06-24T16:30:00+00:00
[2022-06-24 16:33:50,704] {processor.py:171} INFO - Processing /home/airflow/.local/lib/python3.7/site-packages/airflow/example_dags/example_sla_dag.py took 0.053 seconds
[2022-06-24 16:34:21,449] {processor.py:163} INFO - Started process (PID=2154) to work on /home/airflow/.local/lib/python3.7/site-packages/airflow/example_dags/example_sla_dag.py
[2022-06-24 16:34:21,449] {processor.py:642} INFO - Processing file /home/airflow/.local/lib/python3.7/site-packages/airflow/example_dags/example_sla_dag.py for tasks to queue
[2022-06-24 16:34:21,449] {logging_mixin.py:109} INFO - [2022-06-24 16:34:21,449] {dagbag.py:500} INFO - Filling up the DagBag from /home/airflow/.local/lib/python3.7/site-packages/airflow/example_dags/example_sla_dag.py
[2022-06-24 16:34:21,460] {processor.py:652} INFO - DAG(s) dict_keys(['example_sla_dag']) retrieved from /home/airflow/.local/lib/python3.7/site-packages/airflow/example_dags/example_sla_dag.py
[2022-06-24 16:34:21,472] {logging_mixin.py:109} INFO - [2022-06-24 16:34:21,472] {dag.py:2398} INFO - Sync 1 DAGs
[2022-06-24 16:34:21,487] {logging_mixin.py:109} INFO - [2022-06-24 16:34:21,487] {dag.py:2937} INFO - Setting next_dagrun for example_sla_dag to 2022-06-24T16:32:00+00:00
[2022-06-24 16:34:21,493] {processor.py:171} INFO - Processing /home/airflow/.local/lib/python3.7/site-packages/airflow/example_dags/example_sla_dag.py took 0.046 seconds
[2022-06-24 16:34:52,017] {processor.py:163} INFO - Started process (PID=2214) to work on /home/airflow/.local/lib/python3.7/site-packages/airflow/example_dags/example_sla_dag.py
[2022-06-24 16:34:52,019] {processor.py:642} INFO - Processing file /home/airflow/.local/lib/python3.7/site-packages/airflow/example_dags/example_sla_dag.py for tasks to queue
[2022-06-24 16:34:52,019] {logging_mixin.py:109} INFO - [2022-06-24 16:34:52,019] {dagbag.py:500} INFO - Filling up the DagBag from /home/airflow/.local/lib/python3.7/site-packages/airflow/example_dags/example_sla_dag.py
[2022-06-24 16:34:52,033] {processor.py:652} INFO - DAG(s) dict_keys(['example_sla_dag']) retrieved from /home/airflow/.local/lib/python3.7/site-packages/airflow/example_dags/example_sla_dag.py
[2022-06-24 16:34:52,046] {logging_mixin.py:109} INFO - [2022-06-24 16:34:52,046] {dag.py:2398} INFO - Sync 1 DAGs
[2022-06-24 16:34:52,063] {logging_mixin.py:109} INFO - [2022-06-24 16:34:52,063] {dag.py:2937} INFO - Setting next_dagrun for example_sla_dag to 2022-06-24T16:32:00+00:00
[2022-06-24 16:34:52,072] {processor.py:171} INFO - Processing /home/airflow/.local/lib/python3.7/site-packages/airflow/example_dags/example_sla_dag.py took 0.057 seconds
[2022-06-24 16:35:22,589] {processor.py:163} INFO - Started process (PID=2264) to work on /home/airflow/.local/lib/python3.7/site-packages/airflow/example_dags/example_sla_dag.py
[2022-06-24 16:35:22,589] {processor.py:642} INFO - Processing file /home/airflow/.local/lib/python3.7/site-packages/airflow/example_dags/example_sla_dag.py for tasks to queue
[2022-06-24 16:35:22,590] {logging_mixin.py:109} INFO - [2022-06-24 16:35:22,590] {dagbag.py:500} INFO - Filling up the DagBag from /home/airflow/.local/lib/python3.7/site-packages/airflow/example_dags/example_sla_dag.py
[2022-06-24 16:35:22,600] {processor.py:652} INFO - DAG(s) dict_keys(['example_sla_dag']) retrieved from /home/airflow/.local/lib/python3.7/site-packages/airflow/example_dags/example_sla_dag.py
[2022-06-24 16:35:22,614] {logging_mixin.py:109} INFO - [2022-06-24 16:35:22,614] {dag.py:2398} INFO - Sync 1 DAGs
[2022-06-24 16:35:22,627] {logging_mixin.py:109} INFO - [2022-06-24 16:35:22,627] {dag.py:2937} INFO - Setting next_dagrun for example_sla_dag to 2022-06-24T16:32:00+00:00
[2022-06-24 16:35:22,632] {processor.py:171} INFO - Processing /home/airflow/.local/lib/python3.7/site-packages/airflow/example_dags/example_sla_dag.py took 0.045 seconds
[2022-06-24 16:35:53,232] {processor.py:163} INFO - Started process (PID=2324) to work on /home/airflow/.local/lib/python3.7/site-packages/airflow/example_dags/example_sla_dag.py
[2022-06-24 16:35:53,233] {processor.py:642} INFO - Processing file /home/airflow/.local/lib/python3.7/site-packages/airflow/example_dags/example_sla_dag.py for tasks to queue
[2022-06-24 16:35:53,233] {logging_mixin.py:109} INFO - [2022-06-24 16:35:53,233] {dagbag.py:500} INFO - Filling up the DagBag from /home/airflow/.local/lib/python3.7/site-packages/airflow/example_dags/example_sla_dag.py
[2022-06-24 16:35:53,245] {processor.py:652} INFO - DAG(s) dict_keys(['example_sla_dag']) retrieved from /home/airflow/.local/lib/python3.7/site-packages/airflow/example_dags/example_sla_dag.py
[2022-06-24 16:35:53,256] {logging_mixin.py:109} INFO - [2022-06-24 16:35:53,256] {dag.py:2398} INFO - Sync 1 DAGs
[2022-06-24 16:35:53,268] {logging_mixin.py:109} INFO - [2022-06-24 16:35:53,268] {dag.py:2937} INFO - Setting next_dagrun for example_sla_dag to 2022-06-24T16:32:00+00:00
[2022-06-24 16:35:53,273] {processor.py:171} INFO - Processing /home/airflow/.local/lib/python3.7/site-packages/airflow/example_dags/example_sla_dag.py took 0.043 seconds
[2022-06-24 16:36:24,125] {processor.py:163} INFO - Started process (PID=2383) to work on /home/airflow/.local/lib/python3.7/site-packages/airflow/example_dags/example_sla_dag.py
[2022-06-24 16:36:24,126] {processor.py:642} INFO - Processing file /home/airflow/.local/lib/python3.7/site-packages/airflow/example_dags/example_sla_dag.py for tasks to queue
[2022-06-24 16:36:24,127] {logging_mixin.py:109} INFO - [2022-06-24 16:36:24,127] {dagbag.py:500} INFO - Filling up the DagBag from /home/airflow/.local/lib/python3.7/site-packages/airflow/example_dags/example_sla_dag.py
[2022-06-24 16:36:24,140] {processor.py:652} INFO - DAG(s) dict_keys(['example_sla_dag']) retrieved from /home/airflow/.local/lib/python3.7/site-packages/airflow/example_dags/example_sla_dag.py
[2022-06-24 16:36:24,155] {logging_mixin.py:109} INFO - [2022-06-24 16:36:24,155] {dag.py:2398} INFO - Sync 1 DAGs
[2022-06-24 16:36:24,178] {logging_mixin.py:109} INFO - [2022-06-24 16:36:24,178] {dag.py:2937} INFO - Setting next_dagrun for example_sla_dag to 2022-06-24T16:34:00+00:00
[2022-06-24 16:36:24,186] {processor.py:171} INFO - Processing /home/airflow/.local/lib/python3.7/site-packages/airflow/example_dags/example_sla_dag.py took 0.063 seconds
[2022-06-24 16:36:55,017] {processor.py:163} INFO - Started process (PID=2434) to work on /home/airflow/.local/lib/python3.7/site-packages/airflow/example_dags/example_sla_dag.py
[2022-06-24 16:36:55,017] {processor.py:642} INFO - Processing file /home/airflow/.local/lib/python3.7/site-packages/airflow/example_dags/example_sla_dag.py for tasks to queue
[2022-06-24 16:36:55,018] {logging_mixin.py:109} INFO - [2022-06-24 16:36:55,018] {dagbag.py:500} INFO - Filling up the DagBag from /home/airflow/.local/lib/python3.7/site-packages/airflow/example_dags/example_sla_dag.py
[2022-06-24 16:36:55,029] {processor.py:652} INFO - DAG(s) dict_keys(['example_sla_dag']) retrieved from /home/airflow/.local/lib/python3.7/site-packages/airflow/example_dags/example_sla_dag.py
[2022-06-24 16:36:55,040] {logging_mixin.py:109} INFO - [2022-06-24 16:36:55,040] {dag.py:2398} INFO - Sync 1 DAGs
[2022-06-24 16:36:55,053] {logging_mixin.py:109} INFO - [2022-06-24 16:36:55,053] {dag.py:2937} INFO - Setting next_dagrun for example_sla_dag to 2022-06-24T16:34:00+00:00
[2022-06-24 16:36:55,060] {processor.py:171} INFO - Processing /home/airflow/.local/lib/python3.7/site-packages/airflow/example_dags/example_sla_dag.py took 0.045 seconds
[2022-06-24 16:37:25,567] {processor.py:163} INFO - Started process (PID=2493) to work on /home/airflow/.local/lib/python3.7/site-packages/airflow/example_dags/example_sla_dag.py
[2022-06-24 16:37:25,568] {processor.py:642} INFO - Processing file /home/airflow/.local/lib/python3.7/site-packages/airflow/example_dags/example_sla_dag.py for tasks to queue
[2022-06-24 16:37:25,568] {logging_mixin.py:109} INFO - [2022-06-24 16:37:25,568] {dagbag.py:500} INFO - Filling up the DagBag from /home/airflow/.local/lib/python3.7/site-packages/airflow/example_dags/example_sla_dag.py
[2022-06-24 16:37:25,586] {processor.py:652} INFO - DAG(s) dict_keys(['example_sla_dag']) retrieved from /home/airflow/.local/lib/python3.7/site-packages/airflow/example_dags/example_sla_dag.py
[2022-06-24 16:37:25,600] {logging_mixin.py:109} INFO - [2022-06-24 16:37:25,600] {dag.py:2398} INFO - Sync 1 DAGs
[2022-06-24 16:37:25,615] {logging_mixin.py:109} INFO - [2022-06-24 16:37:25,615] {dag.py:2937} INFO - Setting next_dagrun for example_sla_dag to 2022-06-24T16:34:00+00:00
[2022-06-24 16:37:25,621] {processor.py:171} INFO - Processing /home/airflow/.local/lib/python3.7/site-packages/airflow/example_dags/example_sla_dag.py took 0.056 seconds
[2022-06-24 16:37:56,459] {processor.py:163} INFO - Started process (PID=2553) to work on /home/airflow/.local/lib/python3.7/site-packages/airflow/example_dags/example_sla_dag.py
[2022-06-24 16:37:56,465] {processor.py:642} INFO - Processing file /home/airflow/.local/lib/python3.7/site-packages/airflow/example_dags/example_sla_dag.py for tasks to queue
[2022-06-24 16:37:56,465] {logging_mixin.py:109} INFO - [2022-06-24 16:37:56,465] {dagbag.py:500} INFO - Filling up the DagBag from /home/airflow/.local/lib/python3.7/site-packages/airflow/example_dags/example_sla_dag.py
[2022-06-24 16:37:56,493] {processor.py:652} INFO - DAG(s) dict_keys(['example_sla_dag']) retrieved from /home/airflow/.local/lib/python3.7/site-packages/airflow/example_dags/example_sla_dag.py
[2022-06-24 16:37:56,507] {logging_mixin.py:109} INFO - [2022-06-24 16:37:56,507] {dag.py:2398} INFO - Sync 1 DAGs
[2022-06-24 16:37:56,532] {logging_mixin.py:109} INFO - [2022-06-24 16:37:56,532] {dag.py:2937} INFO - Setting next_dagrun for example_sla_dag to 2022-06-24T16:34:00+00:00
[2022-06-24 16:37:56,538] {processor.py:171} INFO - Processing /home/airflow/.local/lib/python3.7/site-packages/airflow/example_dags/example_sla_dag.py took 0.090 seconds
[2022-06-24 16:38:27,345] {processor.py:163} INFO - Started process (PID=2604) to work on /home/airflow/.local/lib/python3.7/site-packages/airflow/example_dags/example_sla_dag.py
[2022-06-24 16:38:27,345] {processor.py:642} INFO - Processing file /home/airflow/.local/lib/python3.7/site-packages/airflow/example_dags/example_sla_dag.py for tasks to queue
[2022-06-24 16:38:27,346] {logging_mixin.py:109} INFO - [2022-06-24 16:38:27,346] {dagbag.py:500} INFO - Filling up the DagBag from /home/airflow/.local/lib/python3.7/site-packages/airflow/example_dags/example_sla_dag.py
[2022-06-24 16:38:27,358] {processor.py:652} INFO - DAG(s) dict_keys(['example_sla_dag']) retrieved from /home/airflow/.local/lib/python3.7/site-packages/airflow/example_dags/example_sla_dag.py
[2022-06-24 16:38:27,370] {logging_mixin.py:109} INFO - [2022-06-24 16:38:27,370] {dag.py:2398} INFO - Sync 1 DAGs
[2022-06-24 16:38:27,382] {logging_mixin.py:109} INFO - [2022-06-24 16:38:27,382] {dag.py:2937} INFO - Setting next_dagrun for example_sla_dag to 2022-06-24T16:36:00+00:00
[2022-06-24 16:38:27,388] {processor.py:171} INFO - Processing /home/airflow/.local/lib/python3.7/site-packages/airflow/example_dags/example_sla_dag.py took 0.045 seconds
