[2022-06-24 16:07:02,351] {processor.py:163} INFO - Started process (PID=279) to work on /home/airflow/.local/lib/python3.7/site-packages/airflow/example_dags/example_task_group.py
[2022-06-24 16:07:02,351] {processor.py:642} INFO - Processing file /home/airflow/.local/lib/python3.7/site-packages/airflow/example_dags/example_task_group.py for tasks to queue
[2022-06-24 16:07:02,352] {logging_mixin.py:109} INFO - [2022-06-24 16:07:02,351] {dagbag.py:500} INFO - Filling up the DagBag from /home/airflow/.local/lib/python3.7/site-packages/airflow/example_dags/example_task_group.py
[2022-06-24 16:07:02,364] {processor.py:652} INFO - DAG(s) dict_keys(['example_task_group']) retrieved from /home/airflow/.local/lib/python3.7/site-packages/airflow/example_dags/example_task_group.py
[2022-06-24 16:07:03,588] {logging_mixin.py:109} INFO - [2022-06-24 16:07:03,588] {manager.py:496} INFO - Created Permission View: can edit on DAG:example_task_group
[2022-06-24 16:07:03,594] {logging_mixin.py:109} INFO - [2022-06-24 16:07:03,594] {manager.py:496} INFO - Created Permission View: can read on DAG:example_task_group
[2022-06-24 16:07:03,594] {logging_mixin.py:109} INFO - [2022-06-24 16:07:03,594] {dag.py:2398} INFO - Sync 1 DAGs
[2022-06-24 16:07:03,599] {logging_mixin.py:109} INFO - [2022-06-24 16:07:03,599] {dag.py:2417} INFO - Creating ORM DAG for example_task_group
[2022-06-24 16:07:03,604] {logging_mixin.py:109} INFO - [2022-06-24 16:07:03,604] {dag.py:2937} INFO - Setting next_dagrun for example_task_group to 2022-06-23T16:07:03.604314+00:00
[2022-06-24 16:07:03,611] {processor.py:171} INFO - Processing /home/airflow/.local/lib/python3.7/site-packages/airflow/example_dags/example_task_group.py took 1.262 seconds
[2022-06-24 16:07:34,259] {processor.py:163} INFO - Started process (PID=380) to work on /home/airflow/.local/lib/python3.7/site-packages/airflow/example_dags/example_task_group.py
[2022-06-24 16:07:34,261] {processor.py:642} INFO - Processing file /home/airflow/.local/lib/python3.7/site-packages/airflow/example_dags/example_task_group.py for tasks to queue
[2022-06-24 16:07:34,261] {logging_mixin.py:109} INFO - [2022-06-24 16:07:34,261] {dagbag.py:500} INFO - Filling up the DagBag from /home/airflow/.local/lib/python3.7/site-packages/airflow/example_dags/example_task_group.py
[2022-06-24 16:07:34,272] {processor.py:652} INFO - DAG(s) dict_keys(['example_task_group']) retrieved from /home/airflow/.local/lib/python3.7/site-packages/airflow/example_dags/example_task_group.py
[2022-06-24 16:07:34,285] {logging_mixin.py:109} INFO - [2022-06-24 16:07:34,284] {dag.py:2398} INFO - Sync 1 DAGs
[2022-06-24 16:07:34,294] {logging_mixin.py:109} INFO - [2022-06-24 16:07:34,294] {dag.py:2937} INFO - Setting next_dagrun for example_task_group to 2022-06-23T16:07:34.294459+00:00
[2022-06-24 16:07:34,299] {processor.py:171} INFO - Processing /home/airflow/.local/lib/python3.7/site-packages/airflow/example_dags/example_task_group.py took 0.042 seconds
[2022-06-24 16:08:04,507] {processor.py:163} INFO - Started process (PID=430) to work on /home/airflow/.local/lib/python3.7/site-packages/airflow/example_dags/example_task_group.py
[2022-06-24 16:08:04,508] {processor.py:642} INFO - Processing file /home/airflow/.local/lib/python3.7/site-packages/airflow/example_dags/example_task_group.py for tasks to queue
[2022-06-24 16:08:04,508] {logging_mixin.py:109} INFO - [2022-06-24 16:08:04,508] {dagbag.py:500} INFO - Filling up the DagBag from /home/airflow/.local/lib/python3.7/site-packages/airflow/example_dags/example_task_group.py
[2022-06-24 16:08:04,520] {processor.py:652} INFO - DAG(s) dict_keys(['example_task_group']) retrieved from /home/airflow/.local/lib/python3.7/site-packages/airflow/example_dags/example_task_group.py
[2022-06-24 16:08:04,533] {logging_mixin.py:109} INFO - [2022-06-24 16:08:04,533] {dag.py:2398} INFO - Sync 1 DAGs
[2022-06-24 16:08:04,544] {logging_mixin.py:109} INFO - [2022-06-24 16:08:04,543] {dag.py:2937} INFO - Setting next_dagrun for example_task_group to 2022-06-23T16:08:04.543752+00:00
[2022-06-24 16:08:04,549] {processor.py:171} INFO - Processing /home/airflow/.local/lib/python3.7/site-packages/airflow/example_dags/example_task_group.py took 0.045 seconds
[2022-06-24 16:08:34,765] {processor.py:163} INFO - Started process (PID=489) to work on /home/airflow/.local/lib/python3.7/site-packages/airflow/example_dags/example_task_group.py
[2022-06-24 16:08:34,766] {processor.py:642} INFO - Processing file /home/airflow/.local/lib/python3.7/site-packages/airflow/example_dags/example_task_group.py for tasks to queue
[2022-06-24 16:08:34,766] {logging_mixin.py:109} INFO - [2022-06-24 16:08:34,766] {dagbag.py:500} INFO - Filling up the DagBag from /home/airflow/.local/lib/python3.7/site-packages/airflow/example_dags/example_task_group.py
[2022-06-24 16:08:34,778] {processor.py:652} INFO - DAG(s) dict_keys(['example_task_group']) retrieved from /home/airflow/.local/lib/python3.7/site-packages/airflow/example_dags/example_task_group.py
[2022-06-24 16:08:34,791] {logging_mixin.py:109} INFO - [2022-06-24 16:08:34,791] {dag.py:2398} INFO - Sync 1 DAGs
[2022-06-24 16:08:34,802] {logging_mixin.py:109} INFO - [2022-06-24 16:08:34,801] {dag.py:2937} INFO - Setting next_dagrun for example_task_group to 2022-06-23T16:08:34.801763+00:00
[2022-06-24 16:08:34,808] {processor.py:171} INFO - Processing /home/airflow/.local/lib/python3.7/site-packages/airflow/example_dags/example_task_group.py took 0.045 seconds
[2022-06-24 16:09:05,012] {processor.py:163} INFO - Started process (PID=548) to work on /home/airflow/.local/lib/python3.7/site-packages/airflow/example_dags/example_task_group.py
[2022-06-24 16:09:05,012] {processor.py:642} INFO - Processing file /home/airflow/.local/lib/python3.7/site-packages/airflow/example_dags/example_task_group.py for tasks to queue
[2022-06-24 16:09:05,013] {logging_mixin.py:109} INFO - [2022-06-24 16:09:05,013] {dagbag.py:500} INFO - Filling up the DagBag from /home/airflow/.local/lib/python3.7/site-packages/airflow/example_dags/example_task_group.py
[2022-06-24 16:09:05,022] {processor.py:652} INFO - DAG(s) dict_keys(['example_task_group']) retrieved from /home/airflow/.local/lib/python3.7/site-packages/airflow/example_dags/example_task_group.py
[2022-06-24 16:09:05,037] {logging_mixin.py:109} INFO - [2022-06-24 16:09:05,037] {dag.py:2398} INFO - Sync 1 DAGs
[2022-06-24 16:09:05,048] {logging_mixin.py:109} INFO - [2022-06-24 16:09:05,048] {dag.py:2937} INFO - Setting next_dagrun for example_task_group to 2022-06-23T16:09:05.048088+00:00
[2022-06-24 16:09:05,055] {processor.py:171} INFO - Processing /home/airflow/.local/lib/python3.7/site-packages/airflow/example_dags/example_task_group.py took 0.045 seconds
[2022-06-24 16:09:35,143] {processor.py:163} INFO - Started process (PID=598) to work on /home/airflow/.local/lib/python3.7/site-packages/airflow/example_dags/example_task_group.py
[2022-06-24 16:09:35,144] {processor.py:642} INFO - Processing file /home/airflow/.local/lib/python3.7/site-packages/airflow/example_dags/example_task_group.py for tasks to queue
[2022-06-24 16:09:35,145] {logging_mixin.py:109} INFO - [2022-06-24 16:09:35,145] {dagbag.py:500} INFO - Filling up the DagBag from /home/airflow/.local/lib/python3.7/site-packages/airflow/example_dags/example_task_group.py
[2022-06-24 16:09:35,158] {processor.py:652} INFO - DAG(s) dict_keys(['example_task_group']) retrieved from /home/airflow/.local/lib/python3.7/site-packages/airflow/example_dags/example_task_group.py
[2022-06-24 16:09:35,171] {logging_mixin.py:109} INFO - [2022-06-24 16:09:35,171] {dag.py:2398} INFO - Sync 1 DAGs
[2022-06-24 16:09:35,182] {logging_mixin.py:109} INFO - [2022-06-24 16:09:35,181] {dag.py:2937} INFO - Setting next_dagrun for example_task_group to 2022-06-23T16:09:35.181758+00:00
[2022-06-24 16:09:35,187] {processor.py:171} INFO - Processing /home/airflow/.local/lib/python3.7/site-packages/airflow/example_dags/example_task_group.py took 0.048 seconds
[2022-06-24 16:10:05,382] {processor.py:163} INFO - Started process (PID=658) to work on /home/airflow/.local/lib/python3.7/site-packages/airflow/example_dags/example_task_group.py
[2022-06-24 16:10:05,384] {processor.py:642} INFO - Processing file /home/airflow/.local/lib/python3.7/site-packages/airflow/example_dags/example_task_group.py for tasks to queue
[2022-06-24 16:10:05,384] {logging_mixin.py:109} INFO - [2022-06-24 16:10:05,384] {dagbag.py:500} INFO - Filling up the DagBag from /home/airflow/.local/lib/python3.7/site-packages/airflow/example_dags/example_task_group.py
[2022-06-24 16:10:05,397] {processor.py:652} INFO - DAG(s) dict_keys(['example_task_group']) retrieved from /home/airflow/.local/lib/python3.7/site-packages/airflow/example_dags/example_task_group.py
[2022-06-24 16:10:05,438] {logging_mixin.py:109} INFO - [2022-06-24 16:10:05,438] {dag.py:2398} INFO - Sync 1 DAGs
[2022-06-24 16:10:05,451] {logging_mixin.py:109} INFO - [2022-06-24 16:10:05,450] {dag.py:2937} INFO - Setting next_dagrun for example_task_group to 2022-06-23T16:10:05.450739+00:00
[2022-06-24 16:10:05,457] {processor.py:171} INFO - Processing /home/airflow/.local/lib/python3.7/site-packages/airflow/example_dags/example_task_group.py took 0.076 seconds
[2022-06-24 16:10:35,780] {processor.py:163} INFO - Started process (PID=717) to work on /home/airflow/.local/lib/python3.7/site-packages/airflow/example_dags/example_task_group.py
[2022-06-24 16:10:35,782] {processor.py:642} INFO - Processing file /home/airflow/.local/lib/python3.7/site-packages/airflow/example_dags/example_task_group.py for tasks to queue
[2022-06-24 16:10:35,782] {logging_mixin.py:109} INFO - [2022-06-24 16:10:35,782] {dagbag.py:500} INFO - Filling up the DagBag from /home/airflow/.local/lib/python3.7/site-packages/airflow/example_dags/example_task_group.py
[2022-06-24 16:10:35,793] {processor.py:652} INFO - DAG(s) dict_keys(['example_task_group']) retrieved from /home/airflow/.local/lib/python3.7/site-packages/airflow/example_dags/example_task_group.py
[2022-06-24 16:10:35,809] {logging_mixin.py:109} INFO - [2022-06-24 16:10:35,809] {dag.py:2398} INFO - Sync 1 DAGs
[2022-06-24 16:10:35,823] {logging_mixin.py:109} INFO - [2022-06-24 16:10:35,823] {dag.py:2937} INFO - Setting next_dagrun for example_task_group to 2022-06-23T16:10:35.823141+00:00
[2022-06-24 16:10:35,832] {processor.py:171} INFO - Processing /home/airflow/.local/lib/python3.7/site-packages/airflow/example_dags/example_task_group.py took 0.053 seconds
[2022-06-24 16:11:06,066] {processor.py:163} INFO - Started process (PID=766) to work on /home/airflow/.local/lib/python3.7/site-packages/airflow/example_dags/example_task_group.py
[2022-06-24 16:11:06,067] {processor.py:642} INFO - Processing file /home/airflow/.local/lib/python3.7/site-packages/airflow/example_dags/example_task_group.py for tasks to queue
[2022-06-24 16:11:06,068] {logging_mixin.py:109} INFO - [2022-06-24 16:11:06,068] {dagbag.py:500} INFO - Filling up the DagBag from /home/airflow/.local/lib/python3.7/site-packages/airflow/example_dags/example_task_group.py
[2022-06-24 16:11:06,078] {processor.py:652} INFO - DAG(s) dict_keys(['example_task_group']) retrieved from /home/airflow/.local/lib/python3.7/site-packages/airflow/example_dags/example_task_group.py
[2022-06-24 16:11:06,091] {logging_mixin.py:109} INFO - [2022-06-24 16:11:06,091] {dag.py:2398} INFO - Sync 1 DAGs
[2022-06-24 16:11:06,101] {logging_mixin.py:109} INFO - [2022-06-24 16:11:06,101] {dag.py:2937} INFO - Setting next_dagrun for example_task_group to 2022-06-23T16:11:06.101496+00:00
[2022-06-24 16:11:06,107] {processor.py:171} INFO - Processing /home/airflow/.local/lib/python3.7/site-packages/airflow/example_dags/example_task_group.py took 0.043 seconds
[2022-06-24 16:11:36,358] {processor.py:163} INFO - Started process (PID=826) to work on /home/airflow/.local/lib/python3.7/site-packages/airflow/example_dags/example_task_group.py
[2022-06-24 16:11:36,359] {processor.py:642} INFO - Processing file /home/airflow/.local/lib/python3.7/site-packages/airflow/example_dags/example_task_group.py for tasks to queue
[2022-06-24 16:11:36,360] {logging_mixin.py:109} INFO - [2022-06-24 16:11:36,360] {dagbag.py:500} INFO - Filling up the DagBag from /home/airflow/.local/lib/python3.7/site-packages/airflow/example_dags/example_task_group.py
[2022-06-24 16:11:36,370] {processor.py:652} INFO - DAG(s) dict_keys(['example_task_group']) retrieved from /home/airflow/.local/lib/python3.7/site-packages/airflow/example_dags/example_task_group.py
[2022-06-24 16:11:36,383] {logging_mixin.py:109} INFO - [2022-06-24 16:11:36,383] {dag.py:2398} INFO - Sync 1 DAGs
[2022-06-24 16:11:36,393] {logging_mixin.py:109} INFO - [2022-06-24 16:11:36,392] {dag.py:2937} INFO - Setting next_dagrun for example_task_group to 2022-06-23T16:11:36.392833+00:00
[2022-06-24 16:11:36,398] {processor.py:171} INFO - Processing /home/airflow/.local/lib/python3.7/site-packages/airflow/example_dags/example_task_group.py took 0.042 seconds
[2022-06-24 16:12:06,626] {processor.py:163} INFO - Started process (PID=876) to work on /home/airflow/.local/lib/python3.7/site-packages/airflow/example_dags/example_task_group.py
[2022-06-24 16:12:06,628] {processor.py:642} INFO - Processing file /home/airflow/.local/lib/python3.7/site-packages/airflow/example_dags/example_task_group.py for tasks to queue
[2022-06-24 16:12:06,628] {logging_mixin.py:109} INFO - [2022-06-24 16:12:06,628] {dagbag.py:500} INFO - Filling up the DagBag from /home/airflow/.local/lib/python3.7/site-packages/airflow/example_dags/example_task_group.py
[2022-06-24 16:12:06,638] {processor.py:652} INFO - DAG(s) dict_keys(['example_task_group']) retrieved from /home/airflow/.local/lib/python3.7/site-packages/airflow/example_dags/example_task_group.py
[2022-06-24 16:12:06,650] {logging_mixin.py:109} INFO - [2022-06-24 16:12:06,650] {dag.py:2398} INFO - Sync 1 DAGs
[2022-06-24 16:12:06,660] {logging_mixin.py:109} INFO - [2022-06-24 16:12:06,660] {dag.py:2937} INFO - Setting next_dagrun for example_task_group to 2022-06-23T16:12:06.660706+00:00
[2022-06-24 16:12:06,666] {processor.py:171} INFO - Processing /home/airflow/.local/lib/python3.7/site-packages/airflow/example_dags/example_task_group.py took 0.042 seconds
[2022-06-24 16:12:37,095] {processor.py:163} INFO - Started process (PID=936) to work on /home/airflow/.local/lib/python3.7/site-packages/airflow/example_dags/example_task_group.py
[2022-06-24 16:12:37,097] {processor.py:642} INFO - Processing file /home/airflow/.local/lib/python3.7/site-packages/airflow/example_dags/example_task_group.py for tasks to queue
[2022-06-24 16:12:37,098] {logging_mixin.py:109} INFO - [2022-06-24 16:12:37,098] {dagbag.py:500} INFO - Filling up the DagBag from /home/airflow/.local/lib/python3.7/site-packages/airflow/example_dags/example_task_group.py
[2022-06-24 16:12:37,111] {processor.py:652} INFO - DAG(s) dict_keys(['example_task_group']) retrieved from /home/airflow/.local/lib/python3.7/site-packages/airflow/example_dags/example_task_group.py
[2022-06-24 16:12:37,124] {logging_mixin.py:109} INFO - [2022-06-24 16:12:37,124] {dag.py:2398} INFO - Sync 1 DAGs
[2022-06-24 16:12:37,135] {logging_mixin.py:109} INFO - [2022-06-24 16:12:37,135] {dag.py:2937} INFO - Setting next_dagrun for example_task_group to 2022-06-23T16:12:37.134846+00:00
[2022-06-24 16:12:37,140] {processor.py:171} INFO - Processing /home/airflow/.local/lib/python3.7/site-packages/airflow/example_dags/example_task_group.py took 0.049 seconds
[2022-06-24 16:13:08,067] {processor.py:163} INFO - Started process (PID=996) to work on /home/airflow/.local/lib/python3.7/site-packages/airflow/example_dags/example_task_group.py
[2022-06-24 16:13:08,068] {processor.py:642} INFO - Processing file /home/airflow/.local/lib/python3.7/site-packages/airflow/example_dags/example_task_group.py for tasks to queue
[2022-06-24 16:13:08,068] {logging_mixin.py:109} INFO - [2022-06-24 16:13:08,068] {dagbag.py:500} INFO - Filling up the DagBag from /home/airflow/.local/lib/python3.7/site-packages/airflow/example_dags/example_task_group.py
[2022-06-24 16:13:08,077] {processor.py:652} INFO - DAG(s) dict_keys(['example_task_group']) retrieved from /home/airflow/.local/lib/python3.7/site-packages/airflow/example_dags/example_task_group.py
[2022-06-24 16:13:08,091] {logging_mixin.py:109} INFO - [2022-06-24 16:13:08,091] {dag.py:2398} INFO - Sync 1 DAGs
[2022-06-24 16:13:08,102] {logging_mixin.py:109} INFO - [2022-06-24 16:13:08,102] {dag.py:2937} INFO - Setting next_dagrun for example_task_group to 2022-06-23T16:13:08.102115+00:00
[2022-06-24 16:13:08,108] {processor.py:171} INFO - Processing /home/airflow/.local/lib/python3.7/site-packages/airflow/example_dags/example_task_group.py took 0.043 seconds
[2022-06-24 16:13:38,468] {processor.py:163} INFO - Started process (PID=1047) to work on /home/airflow/.local/lib/python3.7/site-packages/airflow/example_dags/example_task_group.py
[2022-06-24 16:13:38,470] {processor.py:642} INFO - Processing file /home/airflow/.local/lib/python3.7/site-packages/airflow/example_dags/example_task_group.py for tasks to queue
[2022-06-24 16:13:38,470] {logging_mixin.py:109} INFO - [2022-06-24 16:13:38,470] {dagbag.py:500} INFO - Filling up the DagBag from /home/airflow/.local/lib/python3.7/site-packages/airflow/example_dags/example_task_group.py
[2022-06-24 16:13:38,481] {processor.py:652} INFO - DAG(s) dict_keys(['example_task_group']) retrieved from /home/airflow/.local/lib/python3.7/site-packages/airflow/example_dags/example_task_group.py
[2022-06-24 16:13:38,495] {logging_mixin.py:109} INFO - [2022-06-24 16:13:38,495] {dag.py:2398} INFO - Sync 1 DAGs
[2022-06-24 16:13:38,506] {logging_mixin.py:109} INFO - [2022-06-24 16:13:38,505] {dag.py:2937} INFO - Setting next_dagrun for example_task_group to 2022-06-23T16:13:38.505795+00:00
[2022-06-24 16:13:38,511] {processor.py:171} INFO - Processing /home/airflow/.local/lib/python3.7/site-packages/airflow/example_dags/example_task_group.py took 0.048 seconds
[2022-06-24 16:14:08,848] {processor.py:163} INFO - Started process (PID=1106) to work on /home/airflow/.local/lib/python3.7/site-packages/airflow/example_dags/example_task_group.py
[2022-06-24 16:14:08,849] {processor.py:642} INFO - Processing file /home/airflow/.local/lib/python3.7/site-packages/airflow/example_dags/example_task_group.py for tasks to queue
[2022-06-24 16:14:08,850] {logging_mixin.py:109} INFO - [2022-06-24 16:14:08,849] {dagbag.py:500} INFO - Filling up the DagBag from /home/airflow/.local/lib/python3.7/site-packages/airflow/example_dags/example_task_group.py
[2022-06-24 16:14:08,860] {processor.py:652} INFO - DAG(s) dict_keys(['example_task_group']) retrieved from /home/airflow/.local/lib/python3.7/site-packages/airflow/example_dags/example_task_group.py
[2022-06-24 16:14:08,873] {logging_mixin.py:109} INFO - [2022-06-24 16:14:08,873] {dag.py:2398} INFO - Sync 1 DAGs
[2022-06-24 16:14:08,883] {logging_mixin.py:109} INFO - [2022-06-24 16:14:08,883] {dag.py:2937} INFO - Setting next_dagrun for example_task_group to 2022-06-23T16:14:08.883307+00:00
[2022-06-24 16:14:08,889] {processor.py:171} INFO - Processing /home/airflow/.local/lib/python3.7/site-packages/airflow/example_dags/example_task_group.py took 0.042 seconds
[2022-06-24 16:14:39,242] {processor.py:163} INFO - Started process (PID=1166) to work on /home/airflow/.local/lib/python3.7/site-packages/airflow/example_dags/example_task_group.py
[2022-06-24 16:14:39,244] {processor.py:642} INFO - Processing file /home/airflow/.local/lib/python3.7/site-packages/airflow/example_dags/example_task_group.py for tasks to queue
[2022-06-24 16:14:39,244] {logging_mixin.py:109} INFO - [2022-06-24 16:14:39,244] {dagbag.py:500} INFO - Filling up the DagBag from /home/airflow/.local/lib/python3.7/site-packages/airflow/example_dags/example_task_group.py
[2022-06-24 16:14:39,259] {processor.py:652} INFO - DAG(s) dict_keys(['example_task_group']) retrieved from /home/airflow/.local/lib/python3.7/site-packages/airflow/example_dags/example_task_group.py
[2022-06-24 16:14:39,272] {logging_mixin.py:109} INFO - [2022-06-24 16:14:39,272] {dag.py:2398} INFO - Sync 1 DAGs
[2022-06-24 16:14:39,282] {logging_mixin.py:109} INFO - [2022-06-24 16:14:39,282] {dag.py:2937} INFO - Setting next_dagrun for example_task_group to 2022-06-23T16:14:39.282300+00:00
[2022-06-24 16:14:39,289] {processor.py:171} INFO - Processing /home/airflow/.local/lib/python3.7/site-packages/airflow/example_dags/example_task_group.py took 0.048 seconds
[2022-06-24 16:15:30,187] {processor.py:163} INFO - Started process (PID=55) to work on /home/airflow/.local/lib/python3.7/site-packages/airflow/example_dags/example_task_group.py
[2022-06-24 16:15:30,189] {processor.py:642} INFO - Processing file /home/airflow/.local/lib/python3.7/site-packages/airflow/example_dags/example_task_group.py for tasks to queue
[2022-06-24 16:15:30,189] {logging_mixin.py:109} INFO - [2022-06-24 16:15:30,189] {dagbag.py:500} INFO - Filling up the DagBag from /home/airflow/.local/lib/python3.7/site-packages/airflow/example_dags/example_task_group.py
[2022-06-24 16:15:30,202] {processor.py:652} INFO - DAG(s) dict_keys(['example_task_group']) retrieved from /home/airflow/.local/lib/python3.7/site-packages/airflow/example_dags/example_task_group.py
[2022-06-24 16:15:30,214] {logging_mixin.py:109} INFO - [2022-06-24 16:15:30,214] {dag.py:2398} INFO - Sync 1 DAGs
[2022-06-24 16:15:30,225] {logging_mixin.py:109} INFO - [2022-06-24 16:15:30,225] {dag.py:2937} INFO - Setting next_dagrun for example_task_group to 2022-06-23T16:15:30.224958+00:00
[2022-06-24 16:15:30,232] {processor.py:171} INFO - Processing /home/airflow/.local/lib/python3.7/site-packages/airflow/example_dags/example_task_group.py took 0.046 seconds
[2022-06-24 16:16:00,797] {processor.py:163} INFO - Started process (PID=117) to work on /home/airflow/.local/lib/python3.7/site-packages/airflow/example_dags/example_task_group.py
[2022-06-24 16:16:00,797] {processor.py:642} INFO - Processing file /home/airflow/.local/lib/python3.7/site-packages/airflow/example_dags/example_task_group.py for tasks to queue
[2022-06-24 16:16:00,797] {logging_mixin.py:109} INFO - [2022-06-24 16:16:00,797] {dagbag.py:500} INFO - Filling up the DagBag from /home/airflow/.local/lib/python3.7/site-packages/airflow/example_dags/example_task_group.py
[2022-06-24 16:16:00,809] {processor.py:652} INFO - DAG(s) dict_keys(['example_task_group']) retrieved from /home/airflow/.local/lib/python3.7/site-packages/airflow/example_dags/example_task_group.py
[2022-06-24 16:16:00,824] {logging_mixin.py:109} INFO - [2022-06-24 16:16:00,824] {dag.py:2398} INFO - Sync 1 DAGs
[2022-06-24 16:16:00,836] {logging_mixin.py:109} INFO - [2022-06-24 16:16:00,835] {dag.py:2937} INFO - Setting next_dagrun for example_task_group to 2022-06-23T16:16:00.835748+00:00
[2022-06-24 16:16:00,841] {processor.py:171} INFO - Processing /home/airflow/.local/lib/python3.7/site-packages/airflow/example_dags/example_task_group.py took 0.047 seconds
[2022-06-24 16:16:31,321] {processor.py:163} INFO - Started process (PID=177) to work on /home/airflow/.local/lib/python3.7/site-packages/airflow/example_dags/example_task_group.py
[2022-06-24 16:16:31,322] {processor.py:642} INFO - Processing file /home/airflow/.local/lib/python3.7/site-packages/airflow/example_dags/example_task_group.py for tasks to queue
[2022-06-24 16:16:31,322] {logging_mixin.py:109} INFO - [2022-06-24 16:16:31,322] {dagbag.py:500} INFO - Filling up the DagBag from /home/airflow/.local/lib/python3.7/site-packages/airflow/example_dags/example_task_group.py
[2022-06-24 16:16:31,334] {processor.py:652} INFO - DAG(s) dict_keys(['example_task_group']) retrieved from /home/airflow/.local/lib/python3.7/site-packages/airflow/example_dags/example_task_group.py
[2022-06-24 16:16:31,347] {logging_mixin.py:109} INFO - [2022-06-24 16:16:31,347] {dag.py:2398} INFO - Sync 1 DAGs
[2022-06-24 16:16:31,357] {logging_mixin.py:109} INFO - [2022-06-24 16:16:31,357] {dag.py:2937} INFO - Setting next_dagrun for example_task_group to 2022-06-23T16:16:31.357226+00:00
[2022-06-24 16:16:31,362] {processor.py:171} INFO - Processing /home/airflow/.local/lib/python3.7/site-packages/airflow/example_dags/example_task_group.py took 0.043 seconds
[2022-06-24 16:17:01,864] {processor.py:163} INFO - Started process (PID=227) to work on /home/airflow/.local/lib/python3.7/site-packages/airflow/example_dags/example_task_group.py
[2022-06-24 16:17:01,865] {processor.py:642} INFO - Processing file /home/airflow/.local/lib/python3.7/site-packages/airflow/example_dags/example_task_group.py for tasks to queue
[2022-06-24 16:17:01,866] {logging_mixin.py:109} INFO - [2022-06-24 16:17:01,865] {dagbag.py:500} INFO - Filling up the DagBag from /home/airflow/.local/lib/python3.7/site-packages/airflow/example_dags/example_task_group.py
[2022-06-24 16:17:01,875] {processor.py:652} INFO - DAG(s) dict_keys(['example_task_group']) retrieved from /home/airflow/.local/lib/python3.7/site-packages/airflow/example_dags/example_task_group.py
[2022-06-24 16:17:01,888] {logging_mixin.py:109} INFO - [2022-06-24 16:17:01,888] {dag.py:2398} INFO - Sync 1 DAGs
[2022-06-24 16:17:01,899] {logging_mixin.py:109} INFO - [2022-06-24 16:17:01,899] {dag.py:2937} INFO - Setting next_dagrun for example_task_group to 2022-06-23T16:17:01.899607+00:00
[2022-06-24 16:17:01,906] {processor.py:171} INFO - Processing /home/airflow/.local/lib/python3.7/site-packages/airflow/example_dags/example_task_group.py took 0.043 seconds
[2022-06-24 16:17:32,437] {processor.py:163} INFO - Started process (PID=287) to work on /home/airflow/.local/lib/python3.7/site-packages/airflow/example_dags/example_task_group.py
[2022-06-24 16:17:32,437] {processor.py:642} INFO - Processing file /home/airflow/.local/lib/python3.7/site-packages/airflow/example_dags/example_task_group.py for tasks to queue
[2022-06-24 16:17:32,438] {logging_mixin.py:109} INFO - [2022-06-24 16:17:32,438] {dagbag.py:500} INFO - Filling up the DagBag from /home/airflow/.local/lib/python3.7/site-packages/airflow/example_dags/example_task_group.py
[2022-06-24 16:17:32,448] {processor.py:652} INFO - DAG(s) dict_keys(['example_task_group']) retrieved from /home/airflow/.local/lib/python3.7/site-packages/airflow/example_dags/example_task_group.py
[2022-06-24 16:17:32,463] {logging_mixin.py:109} INFO - [2022-06-24 16:17:32,463] {dag.py:2398} INFO - Sync 1 DAGs
[2022-06-24 16:17:32,477] {logging_mixin.py:109} INFO - [2022-06-24 16:17:32,477] {dag.py:2937} INFO - Setting next_dagrun for example_task_group to 2022-06-23T16:17:32.477154+00:00
[2022-06-24 16:17:32,485] {processor.py:171} INFO - Processing /home/airflow/.local/lib/python3.7/site-packages/airflow/example_dags/example_task_group.py took 0.050 seconds
[2022-06-24 16:18:03,059] {processor.py:163} INFO - Started process (PID=346) to work on /home/airflow/.local/lib/python3.7/site-packages/airflow/example_dags/example_task_group.py
[2022-06-24 16:18:03,060] {processor.py:642} INFO - Processing file /home/airflow/.local/lib/python3.7/site-packages/airflow/example_dags/example_task_group.py for tasks to queue
[2022-06-24 16:18:03,060] {logging_mixin.py:109} INFO - [2022-06-24 16:18:03,060] {dagbag.py:500} INFO - Filling up the DagBag from /home/airflow/.local/lib/python3.7/site-packages/airflow/example_dags/example_task_group.py
[2022-06-24 16:18:03,072] {processor.py:652} INFO - DAG(s) dict_keys(['example_task_group']) retrieved from /home/airflow/.local/lib/python3.7/site-packages/airflow/example_dags/example_task_group.py
[2022-06-24 16:18:03,084] {logging_mixin.py:109} INFO - [2022-06-24 16:18:03,084] {dag.py:2398} INFO - Sync 1 DAGs
[2022-06-24 16:18:03,095] {logging_mixin.py:109} INFO - [2022-06-24 16:18:03,095] {dag.py:2937} INFO - Setting next_dagrun for example_task_group to 2022-06-23T16:18:03.095489+00:00
[2022-06-24 16:18:03,101] {processor.py:171} INFO - Processing /home/airflow/.local/lib/python3.7/site-packages/airflow/example_dags/example_task_group.py took 0.044 seconds
[2022-06-24 16:18:34,026] {processor.py:163} INFO - Started process (PID=396) to work on /home/airflow/.local/lib/python3.7/site-packages/airflow/example_dags/example_task_group.py
[2022-06-24 16:18:34,027] {processor.py:642} INFO - Processing file /home/airflow/.local/lib/python3.7/site-packages/airflow/example_dags/example_task_group.py for tasks to queue
[2022-06-24 16:18:34,027] {logging_mixin.py:109} INFO - [2022-06-24 16:18:34,027] {dagbag.py:500} INFO - Filling up the DagBag from /home/airflow/.local/lib/python3.7/site-packages/airflow/example_dags/example_task_group.py
[2022-06-24 16:18:34,042] {processor.py:652} INFO - DAG(s) dict_keys(['example_task_group']) retrieved from /home/airflow/.local/lib/python3.7/site-packages/airflow/example_dags/example_task_group.py
[2022-06-24 16:18:34,058] {logging_mixin.py:109} INFO - [2022-06-24 16:18:34,058] {dag.py:2398} INFO - Sync 1 DAGs
[2022-06-24 16:18:34,070] {logging_mixin.py:109} INFO - [2022-06-24 16:18:34,070] {dag.py:2937} INFO - Setting next_dagrun for example_task_group to 2022-06-23T16:18:34.070653+00:00
[2022-06-24 16:18:34,076] {processor.py:171} INFO - Processing /home/airflow/.local/lib/python3.7/site-packages/airflow/example_dags/example_task_group.py took 0.052 seconds
[2022-06-24 16:19:04,552] {processor.py:163} INFO - Started process (PID=455) to work on /home/airflow/.local/lib/python3.7/site-packages/airflow/example_dags/example_task_group.py
[2022-06-24 16:19:04,552] {processor.py:642} INFO - Processing file /home/airflow/.local/lib/python3.7/site-packages/airflow/example_dags/example_task_group.py for tasks to queue
[2022-06-24 16:19:04,552] {logging_mixin.py:109} INFO - [2022-06-24 16:19:04,552] {dagbag.py:500} INFO - Filling up the DagBag from /home/airflow/.local/lib/python3.7/site-packages/airflow/example_dags/example_task_group.py
[2022-06-24 16:19:04,562] {processor.py:652} INFO - DAG(s) dict_keys(['example_task_group']) retrieved from /home/airflow/.local/lib/python3.7/site-packages/airflow/example_dags/example_task_group.py
[2022-06-24 16:19:04,575] {logging_mixin.py:109} INFO - [2022-06-24 16:19:04,575] {dag.py:2398} INFO - Sync 1 DAGs
[2022-06-24 16:19:04,586] {logging_mixin.py:109} INFO - [2022-06-24 16:19:04,585] {dag.py:2937} INFO - Setting next_dagrun for example_task_group to 2022-06-23T16:19:04.585756+00:00
[2022-06-24 16:19:04,592] {processor.py:171} INFO - Processing /home/airflow/.local/lib/python3.7/site-packages/airflow/example_dags/example_task_group.py took 0.042 seconds
[2022-06-24 16:19:35,072] {processor.py:163} INFO - Started process (PID=515) to work on /home/airflow/.local/lib/python3.7/site-packages/airflow/example_dags/example_task_group.py
[2022-06-24 16:19:35,072] {processor.py:642} INFO - Processing file /home/airflow/.local/lib/python3.7/site-packages/airflow/example_dags/example_task_group.py for tasks to queue
[2022-06-24 16:19:35,072] {logging_mixin.py:109} INFO - [2022-06-24 16:19:35,072] {dagbag.py:500} INFO - Filling up the DagBag from /home/airflow/.local/lib/python3.7/site-packages/airflow/example_dags/example_task_group.py
[2022-06-24 16:19:35,082] {processor.py:652} INFO - DAG(s) dict_keys(['example_task_group']) retrieved from /home/airflow/.local/lib/python3.7/site-packages/airflow/example_dags/example_task_group.py
[2022-06-24 16:19:35,095] {logging_mixin.py:109} INFO - [2022-06-24 16:19:35,095] {dag.py:2398} INFO - Sync 1 DAGs
[2022-06-24 16:19:35,105] {logging_mixin.py:109} INFO - [2022-06-24 16:19:35,105] {dag.py:2937} INFO - Setting next_dagrun for example_task_group to 2022-06-23T16:19:35.105019+00:00
[2022-06-24 16:19:35,111] {processor.py:171} INFO - Processing /home/airflow/.local/lib/python3.7/site-packages/airflow/example_dags/example_task_group.py took 0.041 seconds
[2022-06-24 16:20:05,557] {processor.py:163} INFO - Started process (PID=564) to work on /home/airflow/.local/lib/python3.7/site-packages/airflow/example_dags/example_task_group.py
[2022-06-24 16:20:05,557] {processor.py:642} INFO - Processing file /home/airflow/.local/lib/python3.7/site-packages/airflow/example_dags/example_task_group.py for tasks to queue
[2022-06-24 16:20:05,558] {logging_mixin.py:109} INFO - [2022-06-24 16:20:05,558] {dagbag.py:500} INFO - Filling up the DagBag from /home/airflow/.local/lib/python3.7/site-packages/airflow/example_dags/example_task_group.py
[2022-06-24 16:20:05,567] {processor.py:652} INFO - DAG(s) dict_keys(['example_task_group']) retrieved from /home/airflow/.local/lib/python3.7/site-packages/airflow/example_dags/example_task_group.py
[2022-06-24 16:20:05,580] {logging_mixin.py:109} INFO - [2022-06-24 16:20:05,580] {dag.py:2398} INFO - Sync 1 DAGs
[2022-06-24 16:20:05,590] {logging_mixin.py:109} INFO - [2022-06-24 16:20:05,590] {dag.py:2937} INFO - Setting next_dagrun for example_task_group to 2022-06-23T16:20:05.590308+00:00
[2022-06-24 16:20:05,596] {processor.py:171} INFO - Processing /home/airflow/.local/lib/python3.7/site-packages/airflow/example_dags/example_task_group.py took 0.041 seconds
[2022-06-24 16:20:36,090] {processor.py:163} INFO - Started process (PID=624) to work on /home/airflow/.local/lib/python3.7/site-packages/airflow/example_dags/example_task_group.py
[2022-06-24 16:20:36,091] {processor.py:642} INFO - Processing file /home/airflow/.local/lib/python3.7/site-packages/airflow/example_dags/example_task_group.py for tasks to queue
[2022-06-24 16:20:36,091] {logging_mixin.py:109} INFO - [2022-06-24 16:20:36,091] {dagbag.py:500} INFO - Filling up the DagBag from /home/airflow/.local/lib/python3.7/site-packages/airflow/example_dags/example_task_group.py
[2022-06-24 16:20:36,101] {processor.py:652} INFO - DAG(s) dict_keys(['example_task_group']) retrieved from /home/airflow/.local/lib/python3.7/site-packages/airflow/example_dags/example_task_group.py
[2022-06-24 16:20:36,114] {logging_mixin.py:109} INFO - [2022-06-24 16:20:36,114] {dag.py:2398} INFO - Sync 1 DAGs
[2022-06-24 16:20:36,125] {logging_mixin.py:109} INFO - [2022-06-24 16:20:36,125] {dag.py:2937} INFO - Setting next_dagrun for example_task_group to 2022-06-23T16:20:36.124896+00:00
[2022-06-24 16:20:36,130] {processor.py:171} INFO - Processing /home/airflow/.local/lib/python3.7/site-packages/airflow/example_dags/example_task_group.py took 0.042 seconds
[2022-06-24 16:21:06,662] {processor.py:163} INFO - Started process (PID=683) to work on /home/airflow/.local/lib/python3.7/site-packages/airflow/example_dags/example_task_group.py
[2022-06-24 16:21:06,663] {processor.py:642} INFO - Processing file /home/airflow/.local/lib/python3.7/site-packages/airflow/example_dags/example_task_group.py for tasks to queue
[2022-06-24 16:21:06,663] {logging_mixin.py:109} INFO - [2022-06-24 16:21:06,663] {dagbag.py:500} INFO - Filling up the DagBag from /home/airflow/.local/lib/python3.7/site-packages/airflow/example_dags/example_task_group.py
[2022-06-24 16:21:06,676] {processor.py:652} INFO - DAG(s) dict_keys(['example_task_group']) retrieved from /home/airflow/.local/lib/python3.7/site-packages/airflow/example_dags/example_task_group.py
[2022-06-24 16:21:06,691] {logging_mixin.py:109} INFO - [2022-06-24 16:21:06,691] {dag.py:2398} INFO - Sync 1 DAGs
[2022-06-24 16:21:06,704] {logging_mixin.py:109} INFO - [2022-06-24 16:21:06,704] {dag.py:2937} INFO - Setting next_dagrun for example_task_group to 2022-06-23T16:21:06.704283+00:00
[2022-06-24 16:21:06,710] {processor.py:171} INFO - Processing /home/airflow/.local/lib/python3.7/site-packages/airflow/example_dags/example_task_group.py took 0.050 seconds
[2022-06-24 16:21:37,194] {processor.py:163} INFO - Started process (PID=733) to work on /home/airflow/.local/lib/python3.7/site-packages/airflow/example_dags/example_task_group.py
[2022-06-24 16:21:37,195] {processor.py:642} INFO - Processing file /home/airflow/.local/lib/python3.7/site-packages/airflow/example_dags/example_task_group.py for tasks to queue
[2022-06-24 16:21:37,195] {logging_mixin.py:109} INFO - [2022-06-24 16:21:37,195] {dagbag.py:500} INFO - Filling up the DagBag from /home/airflow/.local/lib/python3.7/site-packages/airflow/example_dags/example_task_group.py
[2022-06-24 16:21:37,204] {processor.py:652} INFO - DAG(s) dict_keys(['example_task_group']) retrieved from /home/airflow/.local/lib/python3.7/site-packages/airflow/example_dags/example_task_group.py
[2022-06-24 16:21:37,217] {logging_mixin.py:109} INFO - [2022-06-24 16:21:37,217] {dag.py:2398} INFO - Sync 1 DAGs
[2022-06-24 16:21:37,227] {logging_mixin.py:109} INFO - [2022-06-24 16:21:37,227] {dag.py:2937} INFO - Setting next_dagrun for example_task_group to 2022-06-23T16:21:37.227087+00:00
[2022-06-24 16:21:37,232] {processor.py:171} INFO - Processing /home/airflow/.local/lib/python3.7/site-packages/airflow/example_dags/example_task_group.py took 0.040 seconds
[2022-06-24 16:22:07,730] {processor.py:163} INFO - Started process (PID=793) to work on /home/airflow/.local/lib/python3.7/site-packages/airflow/example_dags/example_task_group.py
[2022-06-24 16:22:07,731] {processor.py:642} INFO - Processing file /home/airflow/.local/lib/python3.7/site-packages/airflow/example_dags/example_task_group.py for tasks to queue
[2022-06-24 16:22:07,731] {logging_mixin.py:109} INFO - [2022-06-24 16:22:07,731] {dagbag.py:500} INFO - Filling up the DagBag from /home/airflow/.local/lib/python3.7/site-packages/airflow/example_dags/example_task_group.py
[2022-06-24 16:22:07,742] {processor.py:652} INFO - DAG(s) dict_keys(['example_task_group']) retrieved from /home/airflow/.local/lib/python3.7/site-packages/airflow/example_dags/example_task_group.py
[2022-06-24 16:22:07,759] {logging_mixin.py:109} INFO - [2022-06-24 16:22:07,759] {dag.py:2398} INFO - Sync 1 DAGs
[2022-06-24 16:22:07,773] {logging_mixin.py:109} INFO - [2022-06-24 16:22:07,773] {dag.py:2937} INFO - Setting next_dagrun for example_task_group to 2022-06-23T16:22:07.772919+00:00
[2022-06-24 16:22:07,781] {processor.py:171} INFO - Processing /home/airflow/.local/lib/python3.7/site-packages/airflow/example_dags/example_task_group.py took 0.053 seconds
[2022-06-24 16:22:38,219] {processor.py:163} INFO - Started process (PID=852) to work on /home/airflow/.local/lib/python3.7/site-packages/airflow/example_dags/example_task_group.py
[2022-06-24 16:22:38,219] {processor.py:642} INFO - Processing file /home/airflow/.local/lib/python3.7/site-packages/airflow/example_dags/example_task_group.py for tasks to queue
[2022-06-24 16:22:38,220] {logging_mixin.py:109} INFO - [2022-06-24 16:22:38,220] {dagbag.py:500} INFO - Filling up the DagBag from /home/airflow/.local/lib/python3.7/site-packages/airflow/example_dags/example_task_group.py
[2022-06-24 16:22:38,229] {processor.py:652} INFO - DAG(s) dict_keys(['example_task_group']) retrieved from /home/airflow/.local/lib/python3.7/site-packages/airflow/example_dags/example_task_group.py
[2022-06-24 16:22:38,244] {logging_mixin.py:109} INFO - [2022-06-24 16:22:38,244] {dag.py:2398} INFO - Sync 1 DAGs
[2022-06-24 16:22:38,254] {logging_mixin.py:109} INFO - [2022-06-24 16:22:38,254] {dag.py:2937} INFO - Setting next_dagrun for example_task_group to 2022-06-23T16:22:38.254094+00:00
[2022-06-24 16:22:38,260] {processor.py:171} INFO - Processing /home/airflow/.local/lib/python3.7/site-packages/airflow/example_dags/example_task_group.py took 0.043 seconds
[2022-06-24 16:23:08,836] {processor.py:163} INFO - Started process (PID=902) to work on /home/airflow/.local/lib/python3.7/site-packages/airflow/example_dags/example_task_group.py
[2022-06-24 16:23:08,837] {processor.py:642} INFO - Processing file /home/airflow/.local/lib/python3.7/site-packages/airflow/example_dags/example_task_group.py for tasks to queue
[2022-06-24 16:23:08,837] {logging_mixin.py:109} INFO - [2022-06-24 16:23:08,837] {dagbag.py:500} INFO - Filling up the DagBag from /home/airflow/.local/lib/python3.7/site-packages/airflow/example_dags/example_task_group.py
[2022-06-24 16:23:08,847] {processor.py:652} INFO - DAG(s) dict_keys(['example_task_group']) retrieved from /home/airflow/.local/lib/python3.7/site-packages/airflow/example_dags/example_task_group.py
[2022-06-24 16:23:08,861] {logging_mixin.py:109} INFO - [2022-06-24 16:23:08,861] {dag.py:2398} INFO - Sync 1 DAGs
[2022-06-24 16:23:08,872] {logging_mixin.py:109} INFO - [2022-06-24 16:23:08,872] {dag.py:2937} INFO - Setting next_dagrun for example_task_group to 2022-06-23T16:23:08.872001+00:00
[2022-06-24 16:23:08,878] {processor.py:171} INFO - Processing /home/airflow/.local/lib/python3.7/site-packages/airflow/example_dags/example_task_group.py took 0.044 seconds
[2022-06-24 16:23:39,260] {processor.py:163} INFO - Started process (PID=961) to work on /home/airflow/.local/lib/python3.7/site-packages/airflow/example_dags/example_task_group.py
[2022-06-24 16:23:39,261] {processor.py:642} INFO - Processing file /home/airflow/.local/lib/python3.7/site-packages/airflow/example_dags/example_task_group.py for tasks to queue
[2022-06-24 16:23:39,261] {logging_mixin.py:109} INFO - [2022-06-24 16:23:39,261] {dagbag.py:500} INFO - Filling up the DagBag from /home/airflow/.local/lib/python3.7/site-packages/airflow/example_dags/example_task_group.py
[2022-06-24 16:23:39,271] {processor.py:652} INFO - DAG(s) dict_keys(['example_task_group']) retrieved from /home/airflow/.local/lib/python3.7/site-packages/airflow/example_dags/example_task_group.py
[2022-06-24 16:23:39,283] {logging_mixin.py:109} INFO - [2022-06-24 16:23:39,283] {dag.py:2398} INFO - Sync 1 DAGs
[2022-06-24 16:23:39,293] {logging_mixin.py:109} INFO - [2022-06-24 16:23:39,293] {dag.py:2937} INFO - Setting next_dagrun for example_task_group to 2022-06-23T16:23:39.293433+00:00
[2022-06-24 16:23:39,300] {processor.py:171} INFO - Processing /home/airflow/.local/lib/python3.7/site-packages/airflow/example_dags/example_task_group.py took 0.042 seconds
[2022-06-24 16:24:09,726] {processor.py:163} INFO - Started process (PID=1020) to work on /home/airflow/.local/lib/python3.7/site-packages/airflow/example_dags/example_task_group.py
[2022-06-24 16:24:09,727] {processor.py:642} INFO - Processing file /home/airflow/.local/lib/python3.7/site-packages/airflow/example_dags/example_task_group.py for tasks to queue
[2022-06-24 16:24:09,727] {logging_mixin.py:109} INFO - [2022-06-24 16:24:09,727] {dagbag.py:500} INFO - Filling up the DagBag from /home/airflow/.local/lib/python3.7/site-packages/airflow/example_dags/example_task_group.py
[2022-06-24 16:24:09,736] {processor.py:652} INFO - DAG(s) dict_keys(['example_task_group']) retrieved from /home/airflow/.local/lib/python3.7/site-packages/airflow/example_dags/example_task_group.py
[2022-06-24 16:24:09,751] {logging_mixin.py:109} INFO - [2022-06-24 16:24:09,751] {dag.py:2398} INFO - Sync 1 DAGs
[2022-06-24 16:24:09,764] {logging_mixin.py:109} INFO - [2022-06-24 16:24:09,764] {dag.py:2937} INFO - Setting next_dagrun for example_task_group to 2022-06-23T16:24:09.764241+00:00
[2022-06-24 16:24:09,770] {processor.py:171} INFO - Processing /home/airflow/.local/lib/python3.7/site-packages/airflow/example_dags/example_task_group.py took 0.046 seconds
[2022-06-24 16:24:40,303] {processor.py:163} INFO - Started process (PID=1070) to work on /home/airflow/.local/lib/python3.7/site-packages/airflow/example_dags/example_task_group.py
[2022-06-24 16:24:40,304] {processor.py:642} INFO - Processing file /home/airflow/.local/lib/python3.7/site-packages/airflow/example_dags/example_task_group.py for tasks to queue
[2022-06-24 16:24:40,304] {logging_mixin.py:109} INFO - [2022-06-24 16:24:40,304] {dagbag.py:500} INFO - Filling up the DagBag from /home/airflow/.local/lib/python3.7/site-packages/airflow/example_dags/example_task_group.py
[2022-06-24 16:24:40,314] {processor.py:652} INFO - DAG(s) dict_keys(['example_task_group']) retrieved from /home/airflow/.local/lib/python3.7/site-packages/airflow/example_dags/example_task_group.py
[2022-06-24 16:24:40,328] {logging_mixin.py:109} INFO - [2022-06-24 16:24:40,328] {dag.py:2398} INFO - Sync 1 DAGs
[2022-06-24 16:24:40,341] {logging_mixin.py:109} INFO - [2022-06-24 16:24:40,341] {dag.py:2937} INFO - Setting next_dagrun for example_task_group to 2022-06-23T16:24:40.341466+00:00
[2022-06-24 16:24:40,348] {processor.py:171} INFO - Processing /home/airflow/.local/lib/python3.7/site-packages/airflow/example_dags/example_task_group.py took 0.047 seconds
[2022-06-24 16:25:10,707] {processor.py:163} INFO - Started process (PID=1129) to work on /home/airflow/.local/lib/python3.7/site-packages/airflow/example_dags/example_task_group.py
[2022-06-24 16:25:10,708] {processor.py:642} INFO - Processing file /home/airflow/.local/lib/python3.7/site-packages/airflow/example_dags/example_task_group.py for tasks to queue
[2022-06-24 16:25:10,708] {logging_mixin.py:109} INFO - [2022-06-24 16:25:10,708] {dagbag.py:500} INFO - Filling up the DagBag from /home/airflow/.local/lib/python3.7/site-packages/airflow/example_dags/example_task_group.py
[2022-06-24 16:25:10,721] {processor.py:652} INFO - DAG(s) dict_keys(['example_task_group']) retrieved from /home/airflow/.local/lib/python3.7/site-packages/airflow/example_dags/example_task_group.py
[2022-06-24 16:25:10,735] {logging_mixin.py:109} INFO - [2022-06-24 16:25:10,735] {dag.py:2398} INFO - Sync 1 DAGs
[2022-06-24 16:25:10,745] {logging_mixin.py:109} INFO - [2022-06-24 16:25:10,745] {dag.py:2937} INFO - Setting next_dagrun for example_task_group to 2022-06-23T16:25:10.745688+00:00
[2022-06-24 16:25:10,753] {processor.py:171} INFO - Processing /home/airflow/.local/lib/python3.7/site-packages/airflow/example_dags/example_task_group.py took 0.047 seconds
[2022-06-24 16:25:41,240] {processor.py:163} INFO - Started process (PID=1189) to work on /home/airflow/.local/lib/python3.7/site-packages/airflow/example_dags/example_task_group.py
[2022-06-24 16:25:41,241] {processor.py:642} INFO - Processing file /home/airflow/.local/lib/python3.7/site-packages/airflow/example_dags/example_task_group.py for tasks to queue
[2022-06-24 16:25:41,241] {logging_mixin.py:109} INFO - [2022-06-24 16:25:41,241] {dagbag.py:500} INFO - Filling up the DagBag from /home/airflow/.local/lib/python3.7/site-packages/airflow/example_dags/example_task_group.py
[2022-06-24 16:25:41,251] {processor.py:652} INFO - DAG(s) dict_keys(['example_task_group']) retrieved from /home/airflow/.local/lib/python3.7/site-packages/airflow/example_dags/example_task_group.py
[2022-06-24 16:25:41,263] {logging_mixin.py:109} INFO - [2022-06-24 16:25:41,263] {dag.py:2398} INFO - Sync 1 DAGs
[2022-06-24 16:25:41,274] {logging_mixin.py:109} INFO - [2022-06-24 16:25:41,274] {dag.py:2937} INFO - Setting next_dagrun for example_task_group to 2022-06-23T16:25:41.274299+00:00
[2022-06-24 16:25:41,280] {processor.py:171} INFO - Processing /home/airflow/.local/lib/python3.7/site-packages/airflow/example_dags/example_task_group.py took 0.041 seconds
[2022-06-24 16:26:11,842] {processor.py:163} INFO - Started process (PID=1240) to work on /home/airflow/.local/lib/python3.7/site-packages/airflow/example_dags/example_task_group.py
[2022-06-24 16:26:11,843] {processor.py:642} INFO - Processing file /home/airflow/.local/lib/python3.7/site-packages/airflow/example_dags/example_task_group.py for tasks to queue
[2022-06-24 16:26:11,843] {logging_mixin.py:109} INFO - [2022-06-24 16:26:11,843] {dagbag.py:500} INFO - Filling up the DagBag from /home/airflow/.local/lib/python3.7/site-packages/airflow/example_dags/example_task_group.py
[2022-06-24 16:26:11,853] {processor.py:652} INFO - DAG(s) dict_keys(['example_task_group']) retrieved from /home/airflow/.local/lib/python3.7/site-packages/airflow/example_dags/example_task_group.py
[2022-06-24 16:26:11,865] {logging_mixin.py:109} INFO - [2022-06-24 16:26:11,865] {dag.py:2398} INFO - Sync 1 DAGs
[2022-06-24 16:26:11,876] {logging_mixin.py:109} INFO - [2022-06-24 16:26:11,876] {dag.py:2937} INFO - Setting next_dagrun for example_task_group to 2022-06-23T16:26:11.876061+00:00
[2022-06-24 16:26:11,882] {processor.py:171} INFO - Processing /home/airflow/.local/lib/python3.7/site-packages/airflow/example_dags/example_task_group.py took 0.041 seconds
[2022-06-24 16:26:42,381] {processor.py:163} INFO - Started process (PID=1301) to work on /home/airflow/.local/lib/python3.7/site-packages/airflow/example_dags/example_task_group.py
[2022-06-24 16:26:42,382] {processor.py:642} INFO - Processing file /home/airflow/.local/lib/python3.7/site-packages/airflow/example_dags/example_task_group.py for tasks to queue
[2022-06-24 16:26:42,382] {logging_mixin.py:109} INFO - [2022-06-24 16:26:42,382] {dagbag.py:500} INFO - Filling up the DagBag from /home/airflow/.local/lib/python3.7/site-packages/airflow/example_dags/example_task_group.py
[2022-06-24 16:26:42,392] {processor.py:652} INFO - DAG(s) dict_keys(['example_task_group']) retrieved from /home/airflow/.local/lib/python3.7/site-packages/airflow/example_dags/example_task_group.py
[2022-06-24 16:26:42,407] {logging_mixin.py:109} INFO - [2022-06-24 16:26:42,406] {dag.py:2398} INFO - Sync 1 DAGs
[2022-06-24 16:26:42,417] {logging_mixin.py:109} INFO - [2022-06-24 16:26:42,417] {dag.py:2937} INFO - Setting next_dagrun for example_task_group to 2022-06-23T16:26:42.417270+00:00
[2022-06-24 16:26:42,423] {processor.py:171} INFO - Processing /home/airflow/.local/lib/python3.7/site-packages/airflow/example_dags/example_task_group.py took 0.044 seconds
[2022-06-24 16:27:12,961] {processor.py:163} INFO - Started process (PID=1362) to work on /home/airflow/.local/lib/python3.7/site-packages/airflow/example_dags/example_task_group.py
[2022-06-24 16:27:12,962] {processor.py:642} INFO - Processing file /home/airflow/.local/lib/python3.7/site-packages/airflow/example_dags/example_task_group.py for tasks to queue
[2022-06-24 16:27:12,963] {logging_mixin.py:109} INFO - [2022-06-24 16:27:12,963] {dagbag.py:500} INFO - Filling up the DagBag from /home/airflow/.local/lib/python3.7/site-packages/airflow/example_dags/example_task_group.py
[2022-06-24 16:27:12,976] {processor.py:652} INFO - DAG(s) dict_keys(['example_task_group']) retrieved from /home/airflow/.local/lib/python3.7/site-packages/airflow/example_dags/example_task_group.py
[2022-06-24 16:27:12,992] {logging_mixin.py:109} INFO - [2022-06-24 16:27:12,992] {dag.py:2398} INFO - Sync 1 DAGs
[2022-06-24 16:27:13,006] {logging_mixin.py:109} INFO - [2022-06-24 16:27:13,006] {dag.py:2937} INFO - Setting next_dagrun for example_task_group to 2022-06-23T16:27:13.006195+00:00
[2022-06-24 16:27:13,015] {processor.py:171} INFO - Processing /home/airflow/.local/lib/python3.7/site-packages/airflow/example_dags/example_task_group.py took 0.056 seconds
[2022-06-24 16:27:43,495] {processor.py:163} INFO - Started process (PID=1412) to work on /home/airflow/.local/lib/python3.7/site-packages/airflow/example_dags/example_task_group.py
[2022-06-24 16:27:43,496] {processor.py:642} INFO - Processing file /home/airflow/.local/lib/python3.7/site-packages/airflow/example_dags/example_task_group.py for tasks to queue
[2022-06-24 16:27:43,496] {logging_mixin.py:109} INFO - [2022-06-24 16:27:43,496] {dagbag.py:500} INFO - Filling up the DagBag from /home/airflow/.local/lib/python3.7/site-packages/airflow/example_dags/example_task_group.py
[2022-06-24 16:27:43,506] {processor.py:652} INFO - DAG(s) dict_keys(['example_task_group']) retrieved from /home/airflow/.local/lib/python3.7/site-packages/airflow/example_dags/example_task_group.py
[2022-06-24 16:27:43,518] {logging_mixin.py:109} INFO - [2022-06-24 16:27:43,518] {dag.py:2398} INFO - Sync 1 DAGs
[2022-06-24 16:27:43,528] {logging_mixin.py:109} INFO - [2022-06-24 16:27:43,528] {dag.py:2937} INFO - Setting next_dagrun for example_task_group to 2022-06-23T16:27:43.527984+00:00
[2022-06-24 16:27:43,533] {processor.py:171} INFO - Processing /home/airflow/.local/lib/python3.7/site-packages/airflow/example_dags/example_task_group.py took 0.040 seconds
[2022-06-24 16:28:14,039] {processor.py:163} INFO - Started process (PID=1471) to work on /home/airflow/.local/lib/python3.7/site-packages/airflow/example_dags/example_task_group.py
[2022-06-24 16:28:14,040] {processor.py:642} INFO - Processing file /home/airflow/.local/lib/python3.7/site-packages/airflow/example_dags/example_task_group.py for tasks to queue
[2022-06-24 16:28:14,040] {logging_mixin.py:109} INFO - [2022-06-24 16:28:14,040] {dagbag.py:500} INFO - Filling up the DagBag from /home/airflow/.local/lib/python3.7/site-packages/airflow/example_dags/example_task_group.py
[2022-06-24 16:28:14,050] {processor.py:652} INFO - DAG(s) dict_keys(['example_task_group']) retrieved from /home/airflow/.local/lib/python3.7/site-packages/airflow/example_dags/example_task_group.py
[2022-06-24 16:28:14,062] {logging_mixin.py:109} INFO - [2022-06-24 16:28:14,062] {dag.py:2398} INFO - Sync 1 DAGs
[2022-06-24 16:28:14,073] {logging_mixin.py:109} INFO - [2022-06-24 16:28:14,073] {dag.py:2937} INFO - Setting next_dagrun for example_task_group to 2022-06-23T16:28:14.072997+00:00
[2022-06-24 16:28:14,079] {processor.py:171} INFO - Processing /home/airflow/.local/lib/python3.7/site-packages/airflow/example_dags/example_task_group.py took 0.042 seconds
[2022-06-24 16:28:44,421] {processor.py:163} INFO - Started process (PID=1531) to work on /home/airflow/.local/lib/python3.7/site-packages/airflow/example_dags/example_task_group.py
[2022-06-24 16:28:44,422] {processor.py:642} INFO - Processing file /home/airflow/.local/lib/python3.7/site-packages/airflow/example_dags/example_task_group.py for tasks to queue
[2022-06-24 16:28:44,422] {logging_mixin.py:109} INFO - [2022-06-24 16:28:44,422] {dagbag.py:500} INFO - Filling up the DagBag from /home/airflow/.local/lib/python3.7/site-packages/airflow/example_dags/example_task_group.py
[2022-06-24 16:28:44,436] {processor.py:652} INFO - DAG(s) dict_keys(['example_task_group']) retrieved from /home/airflow/.local/lib/python3.7/site-packages/airflow/example_dags/example_task_group.py
[2022-06-24 16:28:44,450] {logging_mixin.py:109} INFO - [2022-06-24 16:28:44,450] {dag.py:2398} INFO - Sync 1 DAGs
[2022-06-24 16:28:44,460] {logging_mixin.py:109} INFO - [2022-06-24 16:28:44,460] {dag.py:2937} INFO - Setting next_dagrun for example_task_group to 2022-06-23T16:28:44.460237+00:00
[2022-06-24 16:28:44,465] {processor.py:171} INFO - Processing /home/airflow/.local/lib/python3.7/site-packages/airflow/example_dags/example_task_group.py took 0.046 seconds
[2022-06-24 16:29:14,949] {processor.py:163} INFO - Started process (PID=1582) to work on /home/airflow/.local/lib/python3.7/site-packages/airflow/example_dags/example_task_group.py
[2022-06-24 16:29:14,950] {processor.py:642} INFO - Processing file /home/airflow/.local/lib/python3.7/site-packages/airflow/example_dags/example_task_group.py for tasks to queue
[2022-06-24 16:29:14,950] {logging_mixin.py:109} INFO - [2022-06-24 16:29:14,950] {dagbag.py:500} INFO - Filling up the DagBag from /home/airflow/.local/lib/python3.7/site-packages/airflow/example_dags/example_task_group.py
[2022-06-24 16:29:14,959] {processor.py:652} INFO - DAG(s) dict_keys(['example_task_group']) retrieved from /home/airflow/.local/lib/python3.7/site-packages/airflow/example_dags/example_task_group.py
[2022-06-24 16:29:14,971] {logging_mixin.py:109} INFO - [2022-06-24 16:29:14,971] {dag.py:2398} INFO - Sync 1 DAGs
[2022-06-24 16:29:14,981] {logging_mixin.py:109} INFO - [2022-06-24 16:29:14,981] {dag.py:2937} INFO - Setting next_dagrun for example_task_group to 2022-06-23T16:29:14.981454+00:00
[2022-06-24 16:29:14,987] {processor.py:171} INFO - Processing /home/airflow/.local/lib/python3.7/site-packages/airflow/example_dags/example_task_group.py took 0.040 seconds
[2022-06-24 16:29:45,830] {processor.py:163} INFO - Started process (PID=1642) to work on /home/airflow/.local/lib/python3.7/site-packages/airflow/example_dags/example_task_group.py
[2022-06-24 16:29:45,830] {processor.py:642} INFO - Processing file /home/airflow/.local/lib/python3.7/site-packages/airflow/example_dags/example_task_group.py for tasks to queue
[2022-06-24 16:29:45,831] {logging_mixin.py:109} INFO - [2022-06-24 16:29:45,831] {dagbag.py:500} INFO - Filling up the DagBag from /home/airflow/.local/lib/python3.7/site-packages/airflow/example_dags/example_task_group.py
[2022-06-24 16:29:45,842] {processor.py:652} INFO - DAG(s) dict_keys(['example_task_group']) retrieved from /home/airflow/.local/lib/python3.7/site-packages/airflow/example_dags/example_task_group.py
[2022-06-24 16:29:45,858] {logging_mixin.py:109} INFO - [2022-06-24 16:29:45,858] {dag.py:2398} INFO - Sync 1 DAGs
[2022-06-24 16:29:45,872] {logging_mixin.py:109} INFO - [2022-06-24 16:29:45,872] {dag.py:2937} INFO - Setting next_dagrun for example_task_group to 2022-06-23T16:29:45.872182+00:00
[2022-06-24 16:29:45,879] {processor.py:171} INFO - Processing /home/airflow/.local/lib/python3.7/site-packages/airflow/example_dags/example_task_group.py took 0.051 seconds
[2022-06-24 16:30:16,449] {processor.py:163} INFO - Started process (PID=1709) to work on /home/airflow/.local/lib/python3.7/site-packages/airflow/example_dags/example_task_group.py
[2022-06-24 16:30:16,450] {processor.py:642} INFO - Processing file /home/airflow/.local/lib/python3.7/site-packages/airflow/example_dags/example_task_group.py for tasks to queue
[2022-06-24 16:30:16,451] {logging_mixin.py:109} INFO - [2022-06-24 16:30:16,451] {dagbag.py:500} INFO - Filling up the DagBag from /home/airflow/.local/lib/python3.7/site-packages/airflow/example_dags/example_task_group.py
[2022-06-24 16:30:16,468] {processor.py:652} INFO - DAG(s) dict_keys(['example_task_group']) retrieved from /home/airflow/.local/lib/python3.7/site-packages/airflow/example_dags/example_task_group.py
[2022-06-24 16:30:16,503] {logging_mixin.py:109} INFO - [2022-06-24 16:30:16,503] {dag.py:2398} INFO - Sync 1 DAGs
[2022-06-24 16:30:16,517] {logging_mixin.py:109} INFO - [2022-06-24 16:30:16,516] {dag.py:2937} INFO - Setting next_dagrun for example_task_group to 2022-06-23T16:30:16.516747+00:00
[2022-06-24 16:30:16,525] {processor.py:171} INFO - Processing /home/airflow/.local/lib/python3.7/site-packages/airflow/example_dags/example_task_group.py took 0.078 seconds
[2022-06-24 16:30:47,140] {processor.py:163} INFO - Started process (PID=1760) to work on /home/airflow/.local/lib/python3.7/site-packages/airflow/example_dags/example_task_group.py
[2022-06-24 16:30:47,140] {processor.py:642} INFO - Processing file /home/airflow/.local/lib/python3.7/site-packages/airflow/example_dags/example_task_group.py for tasks to queue
[2022-06-24 16:30:47,141] {logging_mixin.py:109} INFO - [2022-06-24 16:30:47,140] {dagbag.py:500} INFO - Filling up the DagBag from /home/airflow/.local/lib/python3.7/site-packages/airflow/example_dags/example_task_group.py
[2022-06-24 16:30:47,150] {processor.py:652} INFO - DAG(s) dict_keys(['example_task_group']) retrieved from /home/airflow/.local/lib/python3.7/site-packages/airflow/example_dags/example_task_group.py
[2022-06-24 16:30:47,162] {logging_mixin.py:109} INFO - [2022-06-24 16:30:47,162] {dag.py:2398} INFO - Sync 1 DAGs
[2022-06-24 16:30:47,172] {logging_mixin.py:109} INFO - [2022-06-24 16:30:47,172] {dag.py:2937} INFO - Setting next_dagrun for example_task_group to 2022-06-23T16:30:47.172366+00:00
[2022-06-24 16:30:47,177] {processor.py:171} INFO - Processing /home/airflow/.local/lib/python3.7/site-packages/airflow/example_dags/example_task_group.py took 0.040 seconds
[2022-06-24 16:31:17,753] {processor.py:163} INFO - Started process (PID=1818) to work on /home/airflow/.local/lib/python3.7/site-packages/airflow/example_dags/example_task_group.py
[2022-06-24 16:31:17,754] {processor.py:642} INFO - Processing file /home/airflow/.local/lib/python3.7/site-packages/airflow/example_dags/example_task_group.py for tasks to queue
[2022-06-24 16:31:17,755] {logging_mixin.py:109} INFO - [2022-06-24 16:31:17,755] {dagbag.py:500} INFO - Filling up the DagBag from /home/airflow/.local/lib/python3.7/site-packages/airflow/example_dags/example_task_group.py
[2022-06-24 16:31:17,767] {processor.py:652} INFO - DAG(s) dict_keys(['example_task_group']) retrieved from /home/airflow/.local/lib/python3.7/site-packages/airflow/example_dags/example_task_group.py
[2022-06-24 16:31:17,782] {logging_mixin.py:109} INFO - [2022-06-24 16:31:17,782] {dag.py:2398} INFO - Sync 1 DAGs
[2022-06-24 16:31:17,795] {logging_mixin.py:109} INFO - [2022-06-24 16:31:17,795] {dag.py:2937} INFO - Setting next_dagrun for example_task_group to 2022-06-23T16:31:17.794899+00:00
[2022-06-24 16:31:17,800] {processor.py:171} INFO - Processing /home/airflow/.local/lib/python3.7/site-packages/airflow/example_dags/example_task_group.py took 0.049 seconds
[2022-06-24 16:31:48,378] {processor.py:163} INFO - Started process (PID=1877) to work on /home/airflow/.local/lib/python3.7/site-packages/airflow/example_dags/example_task_group.py
[2022-06-24 16:31:48,378] {processor.py:642} INFO - Processing file /home/airflow/.local/lib/python3.7/site-packages/airflow/example_dags/example_task_group.py for tasks to queue
[2022-06-24 16:31:48,379] {logging_mixin.py:109} INFO - [2022-06-24 16:31:48,378] {dagbag.py:500} INFO - Filling up the DagBag from /home/airflow/.local/lib/python3.7/site-packages/airflow/example_dags/example_task_group.py
[2022-06-24 16:31:48,388] {processor.py:652} INFO - DAG(s) dict_keys(['example_task_group']) retrieved from /home/airflow/.local/lib/python3.7/site-packages/airflow/example_dags/example_task_group.py
[2022-06-24 16:31:48,400] {logging_mixin.py:109} INFO - [2022-06-24 16:31:48,400] {dag.py:2398} INFO - Sync 1 DAGs
[2022-06-24 16:31:48,412] {logging_mixin.py:109} INFO - [2022-06-24 16:31:48,412] {dag.py:2937} INFO - Setting next_dagrun for example_task_group to 2022-06-23T16:31:48.412587+00:00
[2022-06-24 16:31:48,419] {processor.py:171} INFO - Processing /home/airflow/.local/lib/python3.7/site-packages/airflow/example_dags/example_task_group.py took 0.043 seconds
[2022-06-24 16:32:19,051] {processor.py:163} INFO - Started process (PID=1927) to work on /home/airflow/.local/lib/python3.7/site-packages/airflow/example_dags/example_task_group.py
[2022-06-24 16:32:19,052] {processor.py:642} INFO - Processing file /home/airflow/.local/lib/python3.7/site-packages/airflow/example_dags/example_task_group.py for tasks to queue
[2022-06-24 16:32:19,052] {logging_mixin.py:109} INFO - [2022-06-24 16:32:19,052] {dagbag.py:500} INFO - Filling up the DagBag from /home/airflow/.local/lib/python3.7/site-packages/airflow/example_dags/example_task_group.py
[2022-06-24 16:32:19,066] {processor.py:652} INFO - DAG(s) dict_keys(['example_task_group']) retrieved from /home/airflow/.local/lib/python3.7/site-packages/airflow/example_dags/example_task_group.py
[2022-06-24 16:32:19,080] {logging_mixin.py:109} INFO - [2022-06-24 16:32:19,080] {dag.py:2398} INFO - Sync 1 DAGs
[2022-06-24 16:32:19,095] {logging_mixin.py:109} INFO - [2022-06-24 16:32:19,094] {dag.py:2937} INFO - Setting next_dagrun for example_task_group to 2022-06-23T16:32:19.094749+00:00
[2022-06-24 16:32:19,101] {processor.py:171} INFO - Processing /home/airflow/.local/lib/python3.7/site-packages/airflow/example_dags/example_task_group.py took 0.052 seconds
[2022-06-24 16:32:49,648] {processor.py:163} INFO - Started process (PID=1987) to work on /home/airflow/.local/lib/python3.7/site-packages/airflow/example_dags/example_task_group.py
[2022-06-24 16:32:49,649] {processor.py:642} INFO - Processing file /home/airflow/.local/lib/python3.7/site-packages/airflow/example_dags/example_task_group.py for tasks to queue
[2022-06-24 16:32:49,649] {logging_mixin.py:109} INFO - [2022-06-24 16:32:49,649] {dagbag.py:500} INFO - Filling up the DagBag from /home/airflow/.local/lib/python3.7/site-packages/airflow/example_dags/example_task_group.py
[2022-06-24 16:32:49,659] {processor.py:652} INFO - DAG(s) dict_keys(['example_task_group']) retrieved from /home/airflow/.local/lib/python3.7/site-packages/airflow/example_dags/example_task_group.py
[2022-06-24 16:32:49,672] {logging_mixin.py:109} INFO - [2022-06-24 16:32:49,672] {dag.py:2398} INFO - Sync 1 DAGs
[2022-06-24 16:32:49,682] {logging_mixin.py:109} INFO - [2022-06-24 16:32:49,682] {dag.py:2937} INFO - Setting next_dagrun for example_task_group to 2022-06-23T16:32:49.681992+00:00
[2022-06-24 16:32:49,689] {processor.py:171} INFO - Processing /home/airflow/.local/lib/python3.7/site-packages/airflow/example_dags/example_task_group.py took 0.042 seconds
[2022-06-24 16:33:20,386] {processor.py:163} INFO - Started process (PID=2048) to work on /home/airflow/.local/lib/python3.7/site-packages/airflow/example_dags/example_task_group.py
[2022-06-24 16:33:20,387] {processor.py:642} INFO - Processing file /home/airflow/.local/lib/python3.7/site-packages/airflow/example_dags/example_task_group.py for tasks to queue
[2022-06-24 16:33:20,387] {logging_mixin.py:109} INFO - [2022-06-24 16:33:20,387] {dagbag.py:500} INFO - Filling up the DagBag from /home/airflow/.local/lib/python3.7/site-packages/airflow/example_dags/example_task_group.py
[2022-06-24 16:33:20,398] {processor.py:652} INFO - DAG(s) dict_keys(['example_task_group']) retrieved from /home/airflow/.local/lib/python3.7/site-packages/airflow/example_dags/example_task_group.py
[2022-06-24 16:33:20,416] {logging_mixin.py:109} INFO - [2022-06-24 16:33:20,416] {dag.py:2398} INFO - Sync 1 DAGs
[2022-06-24 16:33:20,427] {logging_mixin.py:109} INFO - [2022-06-24 16:33:20,427] {dag.py:2937} INFO - Setting next_dagrun for example_task_group to 2022-06-23T16:33:20.427033+00:00
[2022-06-24 16:33:20,434] {processor.py:171} INFO - Processing /home/airflow/.local/lib/python3.7/site-packages/airflow/example_dags/example_task_group.py took 0.049 seconds
[2022-06-24 16:33:50,926] {processor.py:163} INFO - Started process (PID=2099) to work on /home/airflow/.local/lib/python3.7/site-packages/airflow/example_dags/example_task_group.py
[2022-06-24 16:33:50,928] {processor.py:642} INFO - Processing file /home/airflow/.local/lib/python3.7/site-packages/airflow/example_dags/example_task_group.py for tasks to queue
[2022-06-24 16:33:50,929] {logging_mixin.py:109} INFO - [2022-06-24 16:33:50,929] {dagbag.py:500} INFO - Filling up the DagBag from /home/airflow/.local/lib/python3.7/site-packages/airflow/example_dags/example_task_group.py
[2022-06-24 16:33:50,945] {processor.py:652} INFO - DAG(s) dict_keys(['example_task_group']) retrieved from /home/airflow/.local/lib/python3.7/site-packages/airflow/example_dags/example_task_group.py
[2022-06-24 16:33:50,962] {logging_mixin.py:109} INFO - [2022-06-24 16:33:50,962] {dag.py:2398} INFO - Sync 1 DAGs
[2022-06-24 16:33:50,975] {logging_mixin.py:109} INFO - [2022-06-24 16:33:50,975] {dag.py:2937} INFO - Setting next_dagrun for example_task_group to 2022-06-23T16:33:50.975661+00:00
[2022-06-24 16:33:50,983] {processor.py:171} INFO - Processing /home/airflow/.local/lib/python3.7/site-packages/airflow/example_dags/example_task_group.py took 0.059 seconds
[2022-06-24 16:34:21,661] {processor.py:163} INFO - Started process (PID=2160) to work on /home/airflow/.local/lib/python3.7/site-packages/airflow/example_dags/example_task_group.py
[2022-06-24 16:34:21,662] {processor.py:642} INFO - Processing file /home/airflow/.local/lib/python3.7/site-packages/airflow/example_dags/example_task_group.py for tasks to queue
[2022-06-24 16:34:21,662] {logging_mixin.py:109} INFO - [2022-06-24 16:34:21,662] {dagbag.py:500} INFO - Filling up the DagBag from /home/airflow/.local/lib/python3.7/site-packages/airflow/example_dags/example_task_group.py
[2022-06-24 16:34:21,672] {processor.py:652} INFO - DAG(s) dict_keys(['example_task_group']) retrieved from /home/airflow/.local/lib/python3.7/site-packages/airflow/example_dags/example_task_group.py
[2022-06-24 16:34:21,684] {logging_mixin.py:109} INFO - [2022-06-24 16:34:21,684] {dag.py:2398} INFO - Sync 1 DAGs
[2022-06-24 16:34:21,694] {logging_mixin.py:109} INFO - [2022-06-24 16:34:21,694] {dag.py:2937} INFO - Setting next_dagrun for example_task_group to 2022-06-23T16:34:21.694267+00:00
[2022-06-24 16:34:21,699] {processor.py:171} INFO - Processing /home/airflow/.local/lib/python3.7/site-packages/airflow/example_dags/example_task_group.py took 0.040 seconds
[2022-06-24 16:34:52,226] {processor.py:163} INFO - Started process (PID=2220) to work on /home/airflow/.local/lib/python3.7/site-packages/airflow/example_dags/example_task_group.py
[2022-06-24 16:34:52,227] {processor.py:642} INFO - Processing file /home/airflow/.local/lib/python3.7/site-packages/airflow/example_dags/example_task_group.py for tasks to queue
[2022-06-24 16:34:52,227] {logging_mixin.py:109} INFO - [2022-06-24 16:34:52,227] {dagbag.py:500} INFO - Filling up the DagBag from /home/airflow/.local/lib/python3.7/site-packages/airflow/example_dags/example_task_group.py
[2022-06-24 16:34:52,240] {processor.py:652} INFO - DAG(s) dict_keys(['example_task_group']) retrieved from /home/airflow/.local/lib/python3.7/site-packages/airflow/example_dags/example_task_group.py
[2022-06-24 16:34:52,254] {logging_mixin.py:109} INFO - [2022-06-24 16:34:52,254] {dag.py:2398} INFO - Sync 1 DAGs
[2022-06-24 16:34:52,265] {logging_mixin.py:109} INFO - [2022-06-24 16:34:52,265] {dag.py:2937} INFO - Setting next_dagrun for example_task_group to 2022-06-23T16:34:52.265642+00:00
[2022-06-24 16:34:52,274] {processor.py:171} INFO - Processing /home/airflow/.local/lib/python3.7/site-packages/airflow/example_dags/example_task_group.py took 0.050 seconds
[2022-06-24 16:35:22,774] {processor.py:163} INFO - Started process (PID=2270) to work on /home/airflow/.local/lib/python3.7/site-packages/airflow/example_dags/example_task_group.py
[2022-06-24 16:35:22,774] {processor.py:642} INFO - Processing file /home/airflow/.local/lib/python3.7/site-packages/airflow/example_dags/example_task_group.py for tasks to queue
[2022-06-24 16:35:22,775] {logging_mixin.py:109} INFO - [2022-06-24 16:35:22,775] {dagbag.py:500} INFO - Filling up the DagBag from /home/airflow/.local/lib/python3.7/site-packages/airflow/example_dags/example_task_group.py
[2022-06-24 16:35:22,786] {processor.py:652} INFO - DAG(s) dict_keys(['example_task_group']) retrieved from /home/airflow/.local/lib/python3.7/site-packages/airflow/example_dags/example_task_group.py
[2022-06-24 16:35:22,800] {logging_mixin.py:109} INFO - [2022-06-24 16:35:22,800] {dag.py:2398} INFO - Sync 1 DAGs
[2022-06-24 16:35:22,812] {logging_mixin.py:109} INFO - [2022-06-24 16:35:22,811] {dag.py:2937} INFO - Setting next_dagrun for example_task_group to 2022-06-23T16:35:22.811819+00:00
[2022-06-24 16:35:22,818] {processor.py:171} INFO - Processing /home/airflow/.local/lib/python3.7/site-packages/airflow/example_dags/example_task_group.py took 0.046 seconds
[2022-06-24 16:35:53,494] {processor.py:163} INFO - Started process (PID=2330) to work on /home/airflow/.local/lib/python3.7/site-packages/airflow/example_dags/example_task_group.py
[2022-06-24 16:35:53,495] {processor.py:642} INFO - Processing file /home/airflow/.local/lib/python3.7/site-packages/airflow/example_dags/example_task_group.py for tasks to queue
[2022-06-24 16:35:53,495] {logging_mixin.py:109} INFO - [2022-06-24 16:35:53,495] {dagbag.py:500} INFO - Filling up the DagBag from /home/airflow/.local/lib/python3.7/site-packages/airflow/example_dags/example_task_group.py
[2022-06-24 16:35:53,505] {processor.py:652} INFO - DAG(s) dict_keys(['example_task_group']) retrieved from /home/airflow/.local/lib/python3.7/site-packages/airflow/example_dags/example_task_group.py
[2022-06-24 16:35:53,518] {logging_mixin.py:109} INFO - [2022-06-24 16:35:53,518] {dag.py:2398} INFO - Sync 1 DAGs
[2022-06-24 16:35:53,528] {logging_mixin.py:109} INFO - [2022-06-24 16:35:53,528] {dag.py:2937} INFO - Setting next_dagrun for example_task_group to 2022-06-23T16:35:53.527897+00:00
[2022-06-24 16:35:53,534] {processor.py:171} INFO - Processing /home/airflow/.local/lib/python3.7/site-packages/airflow/example_dags/example_task_group.py took 0.041 seconds
[2022-06-24 16:36:24,431] {processor.py:163} INFO - Started process (PID=2389) to work on /home/airflow/.local/lib/python3.7/site-packages/airflow/example_dags/example_task_group.py
[2022-06-24 16:36:24,447] {processor.py:642} INFO - Processing file /home/airflow/.local/lib/python3.7/site-packages/airflow/example_dags/example_task_group.py for tasks to queue
[2022-06-24 16:36:24,447] {logging_mixin.py:109} INFO - [2022-06-24 16:36:24,447] {dagbag.py:500} INFO - Filling up the DagBag from /home/airflow/.local/lib/python3.7/site-packages/airflow/example_dags/example_task_group.py
[2022-06-24 16:36:24,460] {processor.py:652} INFO - DAG(s) dict_keys(['example_task_group']) retrieved from /home/airflow/.local/lib/python3.7/site-packages/airflow/example_dags/example_task_group.py
[2022-06-24 16:36:24,477] {logging_mixin.py:109} INFO - [2022-06-24 16:36:24,477] {dag.py:2398} INFO - Sync 1 DAGs
[2022-06-24 16:36:24,497] {logging_mixin.py:109} INFO - [2022-06-24 16:36:24,496] {dag.py:2937} INFO - Setting next_dagrun for example_task_group to 2022-06-23T16:36:24.496715+00:00
[2022-06-24 16:36:24,503] {processor.py:171} INFO - Processing /home/airflow/.local/lib/python3.7/site-packages/airflow/example_dags/example_task_group.py took 0.074 seconds
[2022-06-24 16:36:55,189] {processor.py:163} INFO - Started process (PID=2440) to work on /home/airflow/.local/lib/python3.7/site-packages/airflow/example_dags/example_task_group.py
[2022-06-24 16:36:55,190] {processor.py:642} INFO - Processing file /home/airflow/.local/lib/python3.7/site-packages/airflow/example_dags/example_task_group.py for tasks to queue
[2022-06-24 16:36:55,190] {logging_mixin.py:109} INFO - [2022-06-24 16:36:55,190] {dagbag.py:500} INFO - Filling up the DagBag from /home/airflow/.local/lib/python3.7/site-packages/airflow/example_dags/example_task_group.py
[2022-06-24 16:36:55,201] {processor.py:652} INFO - DAG(s) dict_keys(['example_task_group']) retrieved from /home/airflow/.local/lib/python3.7/site-packages/airflow/example_dags/example_task_group.py
[2022-06-24 16:36:55,214] {logging_mixin.py:109} INFO - [2022-06-24 16:36:55,214] {dag.py:2398} INFO - Sync 1 DAGs
[2022-06-24 16:36:55,225] {logging_mixin.py:109} INFO - [2022-06-24 16:36:55,224] {dag.py:2937} INFO - Setting next_dagrun for example_task_group to 2022-06-23T16:36:55.224813+00:00
[2022-06-24 16:36:55,231] {processor.py:171} INFO - Processing /home/airflow/.local/lib/python3.7/site-packages/airflow/example_dags/example_task_group.py took 0.044 seconds
[2022-06-24 16:37:25,789] {processor.py:163} INFO - Started process (PID=2499) to work on /home/airflow/.local/lib/python3.7/site-packages/airflow/example_dags/example_task_group.py
[2022-06-24 16:37:25,790] {processor.py:642} INFO - Processing file /home/airflow/.local/lib/python3.7/site-packages/airflow/example_dags/example_task_group.py for tasks to queue
[2022-06-24 16:37:25,790] {logging_mixin.py:109} INFO - [2022-06-24 16:37:25,790] {dagbag.py:500} INFO - Filling up the DagBag from /home/airflow/.local/lib/python3.7/site-packages/airflow/example_dags/example_task_group.py
[2022-06-24 16:37:25,807] {processor.py:652} INFO - DAG(s) dict_keys(['example_task_group']) retrieved from /home/airflow/.local/lib/python3.7/site-packages/airflow/example_dags/example_task_group.py
[2022-06-24 16:37:25,830] {logging_mixin.py:109} INFO - [2022-06-24 16:37:25,830] {dag.py:2398} INFO - Sync 1 DAGs
[2022-06-24 16:37:25,848] {logging_mixin.py:109} INFO - [2022-06-24 16:37:25,848] {dag.py:2937} INFO - Setting next_dagrun for example_task_group to 2022-06-23T16:37:25.848116+00:00
[2022-06-24 16:37:25,858] {processor.py:171} INFO - Processing /home/airflow/.local/lib/python3.7/site-packages/airflow/example_dags/example_task_group.py took 0.072 seconds
[2022-06-24 16:37:56,723] {processor.py:163} INFO - Started process (PID=2559) to work on /home/airflow/.local/lib/python3.7/site-packages/airflow/example_dags/example_task_group.py
[2022-06-24 16:37:56,724] {processor.py:642} INFO - Processing file /home/airflow/.local/lib/python3.7/site-packages/airflow/example_dags/example_task_group.py for tasks to queue
[2022-06-24 16:37:56,725] {logging_mixin.py:109} INFO - [2022-06-24 16:37:56,725] {dagbag.py:500} INFO - Filling up the DagBag from /home/airflow/.local/lib/python3.7/site-packages/airflow/example_dags/example_task_group.py
[2022-06-24 16:37:56,742] {processor.py:652} INFO - DAG(s) dict_keys(['example_task_group']) retrieved from /home/airflow/.local/lib/python3.7/site-packages/airflow/example_dags/example_task_group.py
[2022-06-24 16:37:56,762] {logging_mixin.py:109} INFO - [2022-06-24 16:37:56,762] {dag.py:2398} INFO - Sync 1 DAGs
[2022-06-24 16:37:56,781] {logging_mixin.py:109} INFO - [2022-06-24 16:37:56,781] {dag.py:2937} INFO - Setting next_dagrun for example_task_group to 2022-06-23T16:37:56.780562+00:00
[2022-06-24 16:37:56,792] {processor.py:171} INFO - Processing /home/airflow/.local/lib/python3.7/site-packages/airflow/example_dags/example_task_group.py took 0.071 seconds
[2022-06-24 16:38:27,514] {processor.py:163} INFO - Started process (PID=2610) to work on /home/airflow/.local/lib/python3.7/site-packages/airflow/example_dags/example_task_group.py
[2022-06-24 16:38:27,514] {processor.py:642} INFO - Processing file /home/airflow/.local/lib/python3.7/site-packages/airflow/example_dags/example_task_group.py for tasks to queue
[2022-06-24 16:38:27,515] {logging_mixin.py:109} INFO - [2022-06-24 16:38:27,515] {dagbag.py:500} INFO - Filling up the DagBag from /home/airflow/.local/lib/python3.7/site-packages/airflow/example_dags/example_task_group.py
[2022-06-24 16:38:27,525] {processor.py:652} INFO - DAG(s) dict_keys(['example_task_group']) retrieved from /home/airflow/.local/lib/python3.7/site-packages/airflow/example_dags/example_task_group.py
[2022-06-24 16:38:27,539] {logging_mixin.py:109} INFO - [2022-06-24 16:38:27,539] {dag.py:2398} INFO - Sync 1 DAGs
[2022-06-24 16:38:27,551] {logging_mixin.py:109} INFO - [2022-06-24 16:38:27,551] {dag.py:2937} INFO - Setting next_dagrun for example_task_group to 2022-06-23T16:38:27.551748+00:00
[2022-06-24 16:38:27,557] {processor.py:171} INFO - Processing /home/airflow/.local/lib/python3.7/site-packages/airflow/example_dags/example_task_group.py took 0.045 seconds
