[2022-06-24 16:06:42,464] {processor.py:163} INFO - Started process (PID=35) to work on /home/airflow/.local/lib/python3.7/site-packages/airflow/example_dags/example_xcomargs.py
[2022-06-24 16:06:42,465] {processor.py:642} INFO - Processing file /home/airflow/.local/lib/python3.7/site-packages/airflow/example_dags/example_xcomargs.py for tasks to queue
[2022-06-24 16:06:42,465] {logging_mixin.py:109} INFO - [2022-06-24 16:06:42,465] {dagbag.py:500} INFO - Filling up the DagBag from /home/airflow/.local/lib/python3.7/site-packages/airflow/example_dags/example_xcomargs.py
[2022-06-24 16:06:42,490] {processor.py:652} INFO - DAG(s) dict_keys(['example_xcom_args', 'example_xcom_args_with_operators']) retrieved from /home/airflow/.local/lib/python3.7/site-packages/airflow/example_dags/example_xcomargs.py
[2022-06-24 16:06:46,741] {logging_mixin.py:109} INFO - [2022-06-24 16:06:46,741] {manager.py:496} INFO - Created Permission View: can edit on DAG:example_xcom_args
[2022-06-24 16:06:46,748] {logging_mixin.py:109} INFO - [2022-06-24 16:06:46,748] {manager.py:496} INFO - Created Permission View: can read on DAG:example_xcom_args
[2022-06-24 16:06:46,763] {logging_mixin.py:109} INFO - [2022-06-24 16:06:46,762] {manager.py:496} INFO - Created Permission View: can edit on DAG:example_xcom_args_with_operators
[2022-06-24 16:06:46,769] {logging_mixin.py:109} INFO - [2022-06-24 16:06:46,769] {manager.py:496} INFO - Created Permission View: can read on DAG:example_xcom_args_with_operators
[2022-06-24 16:06:46,769] {logging_mixin.py:109} INFO - [2022-06-24 16:06:46,769] {dag.py:2398} INFO - Sync 2 DAGs
[2022-06-24 16:06:46,778] {logging_mixin.py:109} INFO - [2022-06-24 16:06:46,778] {dag.py:2417} INFO - Creating ORM DAG for example_xcom_args_with_operators
[2022-06-24 16:06:46,779] {logging_mixin.py:109} INFO - [2022-06-24 16:06:46,779] {dag.py:2417} INFO - Creating ORM DAG for example_xcom_args
[2022-06-24 16:06:46,788] {logging_mixin.py:109} INFO - [2022-06-24 16:06:46,788] {dag.py:2937} INFO - Setting next_dagrun for example_xcom_args to None
[2022-06-24 16:06:46,788] {logging_mixin.py:109} INFO - [2022-06-24 16:06:46,788] {dag.py:2937} INFO - Setting next_dagrun for example_xcom_args_with_operators to None
[2022-06-24 16:06:46,798] {processor.py:171} INFO - Processing /home/airflow/.local/lib/python3.7/site-packages/airflow/example_dags/example_xcomargs.py took 4.335 seconds
[2022-06-24 16:07:17,147] {processor.py:163} INFO - Started process (PID=337) to work on /home/airflow/.local/lib/python3.7/site-packages/airflow/example_dags/example_xcomargs.py
[2022-06-24 16:07:17,148] {processor.py:642} INFO - Processing file /home/airflow/.local/lib/python3.7/site-packages/airflow/example_dags/example_xcomargs.py for tasks to queue
[2022-06-24 16:07:17,148] {logging_mixin.py:109} INFO - [2022-06-24 16:07:17,148] {dagbag.py:500} INFO - Filling up the DagBag from /home/airflow/.local/lib/python3.7/site-packages/airflow/example_dags/example_xcomargs.py
[2022-06-24 16:07:17,162] {processor.py:652} INFO - DAG(s) dict_keys(['example_xcom_args', 'example_xcom_args_with_operators']) retrieved from /home/airflow/.local/lib/python3.7/site-packages/airflow/example_dags/example_xcomargs.py
[2022-06-24 16:07:17,344] {logging_mixin.py:109} INFO - [2022-06-24 16:07:17,344] {dag.py:2398} INFO - Sync 2 DAGs
[2022-06-24 16:07:17,355] {logging_mixin.py:109} INFO - [2022-06-24 16:07:17,355] {dag.py:2937} INFO - Setting next_dagrun for example_xcom_args to None
[2022-06-24 16:07:17,355] {logging_mixin.py:109} INFO - [2022-06-24 16:07:17,355] {dag.py:2937} INFO - Setting next_dagrun for example_xcom_args_with_operators to None
[2022-06-24 16:07:17,363] {processor.py:171} INFO - Processing /home/airflow/.local/lib/python3.7/site-packages/airflow/example_dags/example_xcomargs.py took 0.218 seconds
[2022-06-24 16:07:47,456] {processor.py:163} INFO - Started process (PID=397) to work on /home/airflow/.local/lib/python3.7/site-packages/airflow/example_dags/example_xcomargs.py
[2022-06-24 16:07:47,457] {processor.py:642} INFO - Processing file /home/airflow/.local/lib/python3.7/site-packages/airflow/example_dags/example_xcomargs.py for tasks to queue
[2022-06-24 16:07:47,457] {logging_mixin.py:109} INFO - [2022-06-24 16:07:47,457] {dagbag.py:500} INFO - Filling up the DagBag from /home/airflow/.local/lib/python3.7/site-packages/airflow/example_dags/example_xcomargs.py
[2022-06-24 16:07:47,472] {processor.py:652} INFO - DAG(s) dict_keys(['example_xcom_args', 'example_xcom_args_with_operators']) retrieved from /home/airflow/.local/lib/python3.7/site-packages/airflow/example_dags/example_xcomargs.py
[2022-06-24 16:07:47,647] {logging_mixin.py:109} INFO - [2022-06-24 16:07:47,647] {dag.py:2398} INFO - Sync 2 DAGs
[2022-06-24 16:07:47,655] {logging_mixin.py:109} INFO - [2022-06-24 16:07:47,655] {dag.py:2937} INFO - Setting next_dagrun for example_xcom_args to None
[2022-06-24 16:07:47,655] {logging_mixin.py:109} INFO - [2022-06-24 16:07:47,655] {dag.py:2937} INFO - Setting next_dagrun for example_xcom_args_with_operators to None
[2022-06-24 16:07:47,662] {processor.py:171} INFO - Processing /home/airflow/.local/lib/python3.7/site-packages/airflow/example_dags/example_xcomargs.py took 0.208 seconds
[2022-06-24 16:08:17,748] {processor.py:163} INFO - Started process (PID=457) to work on /home/airflow/.local/lib/python3.7/site-packages/airflow/example_dags/example_xcomargs.py
[2022-06-24 16:08:17,748] {processor.py:642} INFO - Processing file /home/airflow/.local/lib/python3.7/site-packages/airflow/example_dags/example_xcomargs.py for tasks to queue
[2022-06-24 16:08:17,749] {logging_mixin.py:109} INFO - [2022-06-24 16:08:17,749] {dagbag.py:500} INFO - Filling up the DagBag from /home/airflow/.local/lib/python3.7/site-packages/airflow/example_dags/example_xcomargs.py
[2022-06-24 16:08:17,762] {processor.py:652} INFO - DAG(s) dict_keys(['example_xcom_args', 'example_xcom_args_with_operators']) retrieved from /home/airflow/.local/lib/python3.7/site-packages/airflow/example_dags/example_xcomargs.py
[2022-06-24 16:08:17,969] {logging_mixin.py:109} INFO - [2022-06-24 16:08:17,969] {dag.py:2398} INFO - Sync 2 DAGs
[2022-06-24 16:08:17,979] {logging_mixin.py:109} INFO - [2022-06-24 16:08:17,979] {dag.py:2937} INFO - Setting next_dagrun for example_xcom_args to None
[2022-06-24 16:08:17,979] {logging_mixin.py:109} INFO - [2022-06-24 16:08:17,979] {dag.py:2937} INFO - Setting next_dagrun for example_xcom_args_with_operators to None
[2022-06-24 16:08:17,985] {processor.py:171} INFO - Processing /home/airflow/.local/lib/python3.7/site-packages/airflow/example_dags/example_xcomargs.py took 0.239 seconds
[2022-06-24 16:08:48,926] {processor.py:163} INFO - Started process (PID=506) to work on /home/airflow/.local/lib/python3.7/site-packages/airflow/example_dags/example_xcomargs.py
[2022-06-24 16:08:48,927] {processor.py:642} INFO - Processing file /home/airflow/.local/lib/python3.7/site-packages/airflow/example_dags/example_xcomargs.py for tasks to queue
[2022-06-24 16:08:48,928] {logging_mixin.py:109} INFO - [2022-06-24 16:08:48,927] {dagbag.py:500} INFO - Filling up the DagBag from /home/airflow/.local/lib/python3.7/site-packages/airflow/example_dags/example_xcomargs.py
[2022-06-24 16:08:48,940] {processor.py:652} INFO - DAG(s) dict_keys(['example_xcom_args', 'example_xcom_args_with_operators']) retrieved from /home/airflow/.local/lib/python3.7/site-packages/airflow/example_dags/example_xcomargs.py
[2022-06-24 16:08:49,125] {logging_mixin.py:109} INFO - [2022-06-24 16:08:49,125] {dag.py:2398} INFO - Sync 2 DAGs
[2022-06-24 16:08:49,135] {logging_mixin.py:109} INFO - [2022-06-24 16:08:49,135] {dag.py:2937} INFO - Setting next_dagrun for example_xcom_args to None
[2022-06-24 16:08:49,135] {logging_mixin.py:109} INFO - [2022-06-24 16:08:49,135] {dag.py:2937} INFO - Setting next_dagrun for example_xcom_args_with_operators to None
[2022-06-24 16:08:49,140] {processor.py:171} INFO - Processing /home/airflow/.local/lib/python3.7/site-packages/airflow/example_dags/example_xcomargs.py took 0.216 seconds
[2022-06-24 16:09:19,243] {processor.py:163} INFO - Started process (PID=565) to work on /home/airflow/.local/lib/python3.7/site-packages/airflow/example_dags/example_xcomargs.py
[2022-06-24 16:09:19,245] {processor.py:642} INFO - Processing file /home/airflow/.local/lib/python3.7/site-packages/airflow/example_dags/example_xcomargs.py for tasks to queue
[2022-06-24 16:09:19,246] {logging_mixin.py:109} INFO - [2022-06-24 16:09:19,245] {dagbag.py:500} INFO - Filling up the DagBag from /home/airflow/.local/lib/python3.7/site-packages/airflow/example_dags/example_xcomargs.py
[2022-06-24 16:09:19,261] {processor.py:652} INFO - DAG(s) dict_keys(['example_xcom_args', 'example_xcom_args_with_operators']) retrieved from /home/airflow/.local/lib/python3.7/site-packages/airflow/example_dags/example_xcomargs.py
[2022-06-24 16:09:19,435] {logging_mixin.py:109} INFO - [2022-06-24 16:09:19,435] {dag.py:2398} INFO - Sync 2 DAGs
[2022-06-24 16:09:19,443] {logging_mixin.py:109} INFO - [2022-06-24 16:09:19,443] {dag.py:2937} INFO - Setting next_dagrun for example_xcom_args to None
[2022-06-24 16:09:19,443] {logging_mixin.py:109} INFO - [2022-06-24 16:09:19,443] {dag.py:2937} INFO - Setting next_dagrun for example_xcom_args_with_operators to None
[2022-06-24 16:09:19,449] {processor.py:171} INFO - Processing /home/airflow/.local/lib/python3.7/site-packages/airflow/example_dags/example_xcomargs.py took 0.207 seconds
[2022-06-24 16:09:50,344] {processor.py:163} INFO - Started process (PID=626) to work on /home/airflow/.local/lib/python3.7/site-packages/airflow/example_dags/example_xcomargs.py
[2022-06-24 16:09:50,345] {processor.py:642} INFO - Processing file /home/airflow/.local/lib/python3.7/site-packages/airflow/example_dags/example_xcomargs.py for tasks to queue
[2022-06-24 16:09:50,345] {logging_mixin.py:109} INFO - [2022-06-24 16:09:50,345] {dagbag.py:500} INFO - Filling up the DagBag from /home/airflow/.local/lib/python3.7/site-packages/airflow/example_dags/example_xcomargs.py
[2022-06-24 16:09:50,358] {processor.py:652} INFO - DAG(s) dict_keys(['example_xcom_args', 'example_xcom_args_with_operators']) retrieved from /home/airflow/.local/lib/python3.7/site-packages/airflow/example_dags/example_xcomargs.py
[2022-06-24 16:09:50,567] {logging_mixin.py:109} INFO - [2022-06-24 16:09:50,567] {dag.py:2398} INFO - Sync 2 DAGs
[2022-06-24 16:09:50,581] {logging_mixin.py:109} INFO - [2022-06-24 16:09:50,581] {dag.py:2937} INFO - Setting next_dagrun for example_xcom_args to None
[2022-06-24 16:09:50,582] {logging_mixin.py:109} INFO - [2022-06-24 16:09:50,582] {dag.py:2937} INFO - Setting next_dagrun for example_xcom_args_with_operators to None
[2022-06-24 16:09:50,592] {processor.py:171} INFO - Processing /home/airflow/.local/lib/python3.7/site-packages/airflow/example_dags/example_xcomargs.py took 0.250 seconds
[2022-06-24 16:10:20,646] {processor.py:163} INFO - Started process (PID=677) to work on /home/airflow/.local/lib/python3.7/site-packages/airflow/example_dags/example_xcomargs.py
[2022-06-24 16:10:20,647] {processor.py:642} INFO - Processing file /home/airflow/.local/lib/python3.7/site-packages/airflow/example_dags/example_xcomargs.py for tasks to queue
[2022-06-24 16:10:20,647] {logging_mixin.py:109} INFO - [2022-06-24 16:10:20,647] {dagbag.py:500} INFO - Filling up the DagBag from /home/airflow/.local/lib/python3.7/site-packages/airflow/example_dags/example_xcomargs.py
[2022-06-24 16:10:20,663] {processor.py:652} INFO - DAG(s) dict_keys(['example_xcom_args', 'example_xcom_args_with_operators']) retrieved from /home/airflow/.local/lib/python3.7/site-packages/airflow/example_dags/example_xcomargs.py
[2022-06-24 16:10:20,865] {logging_mixin.py:109} INFO - [2022-06-24 16:10:20,865] {dag.py:2398} INFO - Sync 2 DAGs
[2022-06-24 16:10:20,875] {logging_mixin.py:109} INFO - [2022-06-24 16:10:20,875] {dag.py:2937} INFO - Setting next_dagrun for example_xcom_args to None
[2022-06-24 16:10:20,875] {logging_mixin.py:109} INFO - [2022-06-24 16:10:20,875] {dag.py:2937} INFO - Setting next_dagrun for example_xcom_args_with_operators to None
[2022-06-24 16:10:20,882] {processor.py:171} INFO - Processing /home/airflow/.local/lib/python3.7/site-packages/airflow/example_dags/example_xcomargs.py took 0.239 seconds
[2022-06-24 16:10:50,988] {processor.py:163} INFO - Started process (PID=735) to work on /home/airflow/.local/lib/python3.7/site-packages/airflow/example_dags/example_xcomargs.py
[2022-06-24 16:10:50,989] {processor.py:642} INFO - Processing file /home/airflow/.local/lib/python3.7/site-packages/airflow/example_dags/example_xcomargs.py for tasks to queue
[2022-06-24 16:10:50,990] {logging_mixin.py:109} INFO - [2022-06-24 16:10:50,990] {dagbag.py:500} INFO - Filling up the DagBag from /home/airflow/.local/lib/python3.7/site-packages/airflow/example_dags/example_xcomargs.py
[2022-06-24 16:10:51,003] {processor.py:652} INFO - DAG(s) dict_keys(['example_xcom_args', 'example_xcom_args_with_operators']) retrieved from /home/airflow/.local/lib/python3.7/site-packages/airflow/example_dags/example_xcomargs.py
[2022-06-24 16:10:51,200] {logging_mixin.py:109} INFO - [2022-06-24 16:10:51,200] {dag.py:2398} INFO - Sync 2 DAGs
[2022-06-24 16:10:51,209] {logging_mixin.py:109} INFO - [2022-06-24 16:10:51,208] {dag.py:2937} INFO - Setting next_dagrun for example_xcom_args to None
[2022-06-24 16:10:51,209] {logging_mixin.py:109} INFO - [2022-06-24 16:10:51,209] {dag.py:2937} INFO - Setting next_dagrun for example_xcom_args_with_operators to None
[2022-06-24 16:10:51,214] {processor.py:171} INFO - Processing /home/airflow/.local/lib/python3.7/site-packages/airflow/example_dags/example_xcomargs.py took 0.228 seconds
[2022-06-24 16:11:21,251] {processor.py:163} INFO - Started process (PID=794) to work on /home/airflow/.local/lib/python3.7/site-packages/airflow/example_dags/example_xcomargs.py
[2022-06-24 16:11:21,253] {processor.py:642} INFO - Processing file /home/airflow/.local/lib/python3.7/site-packages/airflow/example_dags/example_xcomargs.py for tasks to queue
[2022-06-24 16:11:21,253] {logging_mixin.py:109} INFO - [2022-06-24 16:11:21,253] {dagbag.py:500} INFO - Filling up the DagBag from /home/airflow/.local/lib/python3.7/site-packages/airflow/example_dags/example_xcomargs.py
[2022-06-24 16:11:21,267] {processor.py:652} INFO - DAG(s) dict_keys(['example_xcom_args', 'example_xcom_args_with_operators']) retrieved from /home/airflow/.local/lib/python3.7/site-packages/airflow/example_dags/example_xcomargs.py
[2022-06-24 16:11:21,471] {logging_mixin.py:109} INFO - [2022-06-24 16:11:21,471] {dag.py:2398} INFO - Sync 2 DAGs
[2022-06-24 16:11:21,481] {logging_mixin.py:109} INFO - [2022-06-24 16:11:21,480] {dag.py:2937} INFO - Setting next_dagrun for example_xcom_args to None
[2022-06-24 16:11:21,481] {logging_mixin.py:109} INFO - [2022-06-24 16:11:21,481] {dag.py:2937} INFO - Setting next_dagrun for example_xcom_args_with_operators to None
[2022-06-24 16:11:21,487] {processor.py:171} INFO - Processing /home/airflow/.local/lib/python3.7/site-packages/airflow/example_dags/example_xcomargs.py took 0.238 seconds
[2022-06-24 16:11:51,608] {processor.py:163} INFO - Started process (PID=844) to work on /home/airflow/.local/lib/python3.7/site-packages/airflow/example_dags/example_xcomargs.py
[2022-06-24 16:11:51,609] {processor.py:642} INFO - Processing file /home/airflow/.local/lib/python3.7/site-packages/airflow/example_dags/example_xcomargs.py for tasks to queue
[2022-06-24 16:11:51,609] {logging_mixin.py:109} INFO - [2022-06-24 16:11:51,609] {dagbag.py:500} INFO - Filling up the DagBag from /home/airflow/.local/lib/python3.7/site-packages/airflow/example_dags/example_xcomargs.py
[2022-06-24 16:11:51,622] {processor.py:652} INFO - DAG(s) dict_keys(['example_xcom_args', 'example_xcom_args_with_operators']) retrieved from /home/airflow/.local/lib/python3.7/site-packages/airflow/example_dags/example_xcomargs.py
[2022-06-24 16:11:51,830] {logging_mixin.py:109} INFO - [2022-06-24 16:11:51,830] {dag.py:2398} INFO - Sync 2 DAGs
[2022-06-24 16:11:51,840] {logging_mixin.py:109} INFO - [2022-06-24 16:11:51,840] {dag.py:2937} INFO - Setting next_dagrun for example_xcom_args to None
[2022-06-24 16:11:51,841] {logging_mixin.py:109} INFO - [2022-06-24 16:11:51,841] {dag.py:2937} INFO - Setting next_dagrun for example_xcom_args_with_operators to None
[2022-06-24 16:11:51,849] {processor.py:171} INFO - Processing /home/airflow/.local/lib/python3.7/site-packages/airflow/example_dags/example_xcomargs.py took 0.243 seconds
[2022-06-24 16:12:21,879] {processor.py:163} INFO - Started process (PID=904) to work on /home/airflow/.local/lib/python3.7/site-packages/airflow/example_dags/example_xcomargs.py
[2022-06-24 16:12:21,880] {processor.py:642} INFO - Processing file /home/airflow/.local/lib/python3.7/site-packages/airflow/example_dags/example_xcomargs.py for tasks to queue
[2022-06-24 16:12:21,881] {logging_mixin.py:109} INFO - [2022-06-24 16:12:21,881] {dagbag.py:500} INFO - Filling up the DagBag from /home/airflow/.local/lib/python3.7/site-packages/airflow/example_dags/example_xcomargs.py
[2022-06-24 16:12:21,893] {processor.py:652} INFO - DAG(s) dict_keys(['example_xcom_args', 'example_xcom_args_with_operators']) retrieved from /home/airflow/.local/lib/python3.7/site-packages/airflow/example_dags/example_xcomargs.py
[2022-06-24 16:12:22,088] {logging_mixin.py:109} INFO - [2022-06-24 16:12:22,088] {dag.py:2398} INFO - Sync 2 DAGs
[2022-06-24 16:12:22,099] {logging_mixin.py:109} INFO - [2022-06-24 16:12:22,099] {dag.py:2937} INFO - Setting next_dagrun for example_xcom_args to None
[2022-06-24 16:12:22,099] {logging_mixin.py:109} INFO - [2022-06-24 16:12:22,099] {dag.py:2937} INFO - Setting next_dagrun for example_xcom_args_with_operators to None
[2022-06-24 16:12:22,107] {processor.py:171} INFO - Processing /home/airflow/.local/lib/python3.7/site-packages/airflow/example_dags/example_xcomargs.py took 0.230 seconds
[2022-06-24 16:12:52,312] {processor.py:163} INFO - Started process (PID=954) to work on /home/airflow/.local/lib/python3.7/site-packages/airflow/example_dags/example_xcomargs.py
[2022-06-24 16:12:52,314] {processor.py:642} INFO - Processing file /home/airflow/.local/lib/python3.7/site-packages/airflow/example_dags/example_xcomargs.py for tasks to queue
[2022-06-24 16:12:52,314] {logging_mixin.py:109} INFO - [2022-06-24 16:12:52,314] {dagbag.py:500} INFO - Filling up the DagBag from /home/airflow/.local/lib/python3.7/site-packages/airflow/example_dags/example_xcomargs.py
[2022-06-24 16:12:52,329] {processor.py:652} INFO - DAG(s) dict_keys(['example_xcom_args', 'example_xcom_args_with_operators']) retrieved from /home/airflow/.local/lib/python3.7/site-packages/airflow/example_dags/example_xcomargs.py
[2022-06-24 16:12:52,511] {logging_mixin.py:109} INFO - [2022-06-24 16:12:52,511] {dag.py:2398} INFO - Sync 2 DAGs
[2022-06-24 16:12:52,520] {logging_mixin.py:109} INFO - [2022-06-24 16:12:52,520] {dag.py:2937} INFO - Setting next_dagrun for example_xcom_args to None
[2022-06-24 16:12:52,520] {logging_mixin.py:109} INFO - [2022-06-24 16:12:52,520] {dag.py:2937} INFO - Setting next_dagrun for example_xcom_args_with_operators to None
[2022-06-24 16:12:52,527] {processor.py:171} INFO - Processing /home/airflow/.local/lib/python3.7/site-packages/airflow/example_dags/example_xcomargs.py took 0.217 seconds
[2022-06-24 16:13:23,296] {processor.py:163} INFO - Started process (PID=1015) to work on /home/airflow/.local/lib/python3.7/site-packages/airflow/example_dags/example_xcomargs.py
[2022-06-24 16:13:23,296] {processor.py:642} INFO - Processing file /home/airflow/.local/lib/python3.7/site-packages/airflow/example_dags/example_xcomargs.py for tasks to queue
[2022-06-24 16:13:23,297] {logging_mixin.py:109} INFO - [2022-06-24 16:13:23,297] {dagbag.py:500} INFO - Filling up the DagBag from /home/airflow/.local/lib/python3.7/site-packages/airflow/example_dags/example_xcomargs.py
[2022-06-24 16:13:23,309] {processor.py:652} INFO - DAG(s) dict_keys(['example_xcom_args', 'example_xcom_args_with_operators']) retrieved from /home/airflow/.local/lib/python3.7/site-packages/airflow/example_dags/example_xcomargs.py
[2022-06-24 16:13:23,496] {logging_mixin.py:109} INFO - [2022-06-24 16:13:23,496] {dag.py:2398} INFO - Sync 2 DAGs
[2022-06-24 16:13:23,505] {logging_mixin.py:109} INFO - [2022-06-24 16:13:23,505] {dag.py:2937} INFO - Setting next_dagrun for example_xcom_args to None
[2022-06-24 16:13:23,505] {logging_mixin.py:109} INFO - [2022-06-24 16:13:23,505] {dag.py:2937} INFO - Setting next_dagrun for example_xcom_args_with_operators to None
[2022-06-24 16:13:23,512] {processor.py:171} INFO - Processing /home/airflow/.local/lib/python3.7/site-packages/airflow/example_dags/example_xcomargs.py took 0.218 seconds
[2022-06-24 16:13:53,724] {processor.py:163} INFO - Started process (PID=1074) to work on /home/airflow/.local/lib/python3.7/site-packages/airflow/example_dags/example_xcomargs.py
[2022-06-24 16:13:53,726] {processor.py:642} INFO - Processing file /home/airflow/.local/lib/python3.7/site-packages/airflow/example_dags/example_xcomargs.py for tasks to queue
[2022-06-24 16:13:53,726] {logging_mixin.py:109} INFO - [2022-06-24 16:13:53,726] {dagbag.py:500} INFO - Filling up the DagBag from /home/airflow/.local/lib/python3.7/site-packages/airflow/example_dags/example_xcomargs.py
[2022-06-24 16:13:53,739] {processor.py:652} INFO - DAG(s) dict_keys(['example_xcom_args', 'example_xcom_args_with_operators']) retrieved from /home/airflow/.local/lib/python3.7/site-packages/airflow/example_dags/example_xcomargs.py
[2022-06-24 16:13:53,936] {logging_mixin.py:109} INFO - [2022-06-24 16:13:53,936] {dag.py:2398} INFO - Sync 2 DAGs
[2022-06-24 16:13:53,945] {logging_mixin.py:109} INFO - [2022-06-24 16:13:53,945] {dag.py:2937} INFO - Setting next_dagrun for example_xcom_args to None
[2022-06-24 16:13:53,945] {logging_mixin.py:109} INFO - [2022-06-24 16:13:53,945] {dag.py:2937} INFO - Setting next_dagrun for example_xcom_args_with_operators to None
[2022-06-24 16:13:53,953] {processor.py:171} INFO - Processing /home/airflow/.local/lib/python3.7/site-packages/airflow/example_dags/example_xcomargs.py took 0.230 seconds
[2022-06-24 16:14:24,088] {processor.py:163} INFO - Started process (PID=1125) to work on /home/airflow/.local/lib/python3.7/site-packages/airflow/example_dags/example_xcomargs.py
[2022-06-24 16:14:24,089] {processor.py:642} INFO - Processing file /home/airflow/.local/lib/python3.7/site-packages/airflow/example_dags/example_xcomargs.py for tasks to queue
[2022-06-24 16:14:24,090] {logging_mixin.py:109} INFO - [2022-06-24 16:14:24,090] {dagbag.py:500} INFO - Filling up the DagBag from /home/airflow/.local/lib/python3.7/site-packages/airflow/example_dags/example_xcomargs.py
[2022-06-24 16:14:24,102] {processor.py:652} INFO - DAG(s) dict_keys(['example_xcom_args', 'example_xcom_args_with_operators']) retrieved from /home/airflow/.local/lib/python3.7/site-packages/airflow/example_dags/example_xcomargs.py
[2022-06-24 16:14:24,287] {logging_mixin.py:109} INFO - [2022-06-24 16:14:24,287] {dag.py:2398} INFO - Sync 2 DAGs
[2022-06-24 16:14:24,297] {logging_mixin.py:109} INFO - [2022-06-24 16:14:24,297] {dag.py:2937} INFO - Setting next_dagrun for example_xcom_args to None
[2022-06-24 16:14:24,297] {logging_mixin.py:109} INFO - [2022-06-24 16:14:24,297] {dag.py:2937} INFO - Setting next_dagrun for example_xcom_args_with_operators to None
[2022-06-24 16:14:24,304] {processor.py:171} INFO - Processing /home/airflow/.local/lib/python3.7/site-packages/airflow/example_dags/example_xcomargs.py took 0.218 seconds
[2022-06-24 16:15:28,188] {processor.py:163} INFO - Started process (PID=31) to work on /home/airflow/.local/lib/python3.7/site-packages/airflow/example_dags/example_xcomargs.py
[2022-06-24 16:15:28,189] {processor.py:642} INFO - Processing file /home/airflow/.local/lib/python3.7/site-packages/airflow/example_dags/example_xcomargs.py for tasks to queue
[2022-06-24 16:15:28,189] {logging_mixin.py:109} INFO - [2022-06-24 16:15:28,189] {dagbag.py:500} INFO - Filling up the DagBag from /home/airflow/.local/lib/python3.7/site-packages/airflow/example_dags/example_xcomargs.py
[2022-06-24 16:15:28,211] {processor.py:652} INFO - DAG(s) dict_keys(['example_xcom_args', 'example_xcom_args_with_operators']) retrieved from /home/airflow/.local/lib/python3.7/site-packages/airflow/example_dags/example_xcomargs.py
[2022-06-24 16:15:28,758] {logging_mixin.py:109} INFO - [2022-06-24 16:15:28,758] {dag.py:2398} INFO - Sync 2 DAGs
[2022-06-24 16:15:28,771] {logging_mixin.py:109} INFO - [2022-06-24 16:15:28,771] {dag.py:2937} INFO - Setting next_dagrun for example_xcom_args to None
[2022-06-24 16:15:28,771] {logging_mixin.py:109} INFO - [2022-06-24 16:15:28,771] {dag.py:2937} INFO - Setting next_dagrun for example_xcom_args_with_operators to None
[2022-06-24 16:15:28,779] {processor.py:171} INFO - Processing /home/airflow/.local/lib/python3.7/site-packages/airflow/example_dags/example_xcomargs.py took 0.593 seconds
[2022-06-24 16:15:59,521] {processor.py:163} INFO - Started process (PID=94) to work on /home/airflow/.local/lib/python3.7/site-packages/airflow/example_dags/example_xcomargs.py
[2022-06-24 16:15:59,521] {processor.py:642} INFO - Processing file /home/airflow/.local/lib/python3.7/site-packages/airflow/example_dags/example_xcomargs.py for tasks to queue
[2022-06-24 16:15:59,522] {logging_mixin.py:109} INFO - [2022-06-24 16:15:59,522] {dagbag.py:500} INFO - Filling up the DagBag from /home/airflow/.local/lib/python3.7/site-packages/airflow/example_dags/example_xcomargs.py
[2022-06-24 16:15:59,536] {processor.py:652} INFO - DAG(s) dict_keys(['example_xcom_args', 'example_xcom_args_with_operators']) retrieved from /home/airflow/.local/lib/python3.7/site-packages/airflow/example_dags/example_xcomargs.py
[2022-06-24 16:15:59,743] {logging_mixin.py:109} INFO - [2022-06-24 16:15:59,743] {dag.py:2398} INFO - Sync 2 DAGs
[2022-06-24 16:15:59,753] {logging_mixin.py:109} INFO - [2022-06-24 16:15:59,753] {dag.py:2937} INFO - Setting next_dagrun for example_xcom_args to None
[2022-06-24 16:15:59,753] {logging_mixin.py:109} INFO - [2022-06-24 16:15:59,753] {dag.py:2937} INFO - Setting next_dagrun for example_xcom_args_with_operators to None
[2022-06-24 16:15:59,760] {processor.py:171} INFO - Processing /home/airflow/.local/lib/python3.7/site-packages/airflow/example_dags/example_xcomargs.py took 0.241 seconds
[2022-06-24 16:16:30,153] {processor.py:163} INFO - Started process (PID=154) to work on /home/airflow/.local/lib/python3.7/site-packages/airflow/example_dags/example_xcomargs.py
[2022-06-24 16:16:30,155] {processor.py:642} INFO - Processing file /home/airflow/.local/lib/python3.7/site-packages/airflow/example_dags/example_xcomargs.py for tasks to queue
[2022-06-24 16:16:30,155] {logging_mixin.py:109} INFO - [2022-06-24 16:16:30,155] {dagbag.py:500} INFO - Filling up the DagBag from /home/airflow/.local/lib/python3.7/site-packages/airflow/example_dags/example_xcomargs.py
[2022-06-24 16:16:30,169] {processor.py:652} INFO - DAG(s) dict_keys(['example_xcom_args', 'example_xcom_args_with_operators']) retrieved from /home/airflow/.local/lib/python3.7/site-packages/airflow/example_dags/example_xcomargs.py
[2022-06-24 16:16:30,354] {logging_mixin.py:109} INFO - [2022-06-24 16:16:30,354] {dag.py:2398} INFO - Sync 2 DAGs
[2022-06-24 16:16:30,363] {logging_mixin.py:109} INFO - [2022-06-24 16:16:30,363] {dag.py:2937} INFO - Setting next_dagrun for example_xcom_args to None
[2022-06-24 16:16:30,363] {logging_mixin.py:109} INFO - [2022-06-24 16:16:30,363] {dag.py:2937} INFO - Setting next_dagrun for example_xcom_args_with_operators to None
[2022-06-24 16:16:30,370] {processor.py:171} INFO - Processing /home/airflow/.local/lib/python3.7/site-packages/airflow/example_dags/example_xcomargs.py took 0.218 seconds
[2022-06-24 16:17:00,658] {processor.py:163} INFO - Started process (PID=204) to work on /home/airflow/.local/lib/python3.7/site-packages/airflow/example_dags/example_xcomargs.py
[2022-06-24 16:17:00,660] {processor.py:642} INFO - Processing file /home/airflow/.local/lib/python3.7/site-packages/airflow/example_dags/example_xcomargs.py for tasks to queue
[2022-06-24 16:17:00,660] {logging_mixin.py:109} INFO - [2022-06-24 16:17:00,660] {dagbag.py:500} INFO - Filling up the DagBag from /home/airflow/.local/lib/python3.7/site-packages/airflow/example_dags/example_xcomargs.py
[2022-06-24 16:17:00,672] {processor.py:652} INFO - DAG(s) dict_keys(['example_xcom_args', 'example_xcom_args_with_operators']) retrieved from /home/airflow/.local/lib/python3.7/site-packages/airflow/example_dags/example_xcomargs.py
[2022-06-24 16:17:00,857] {logging_mixin.py:109} INFO - [2022-06-24 16:17:00,857] {dag.py:2398} INFO - Sync 2 DAGs
[2022-06-24 16:17:00,866] {logging_mixin.py:109} INFO - [2022-06-24 16:17:00,866] {dag.py:2937} INFO - Setting next_dagrun for example_xcom_args to None
[2022-06-24 16:17:00,866] {logging_mixin.py:109} INFO - [2022-06-24 16:17:00,866] {dag.py:2937} INFO - Setting next_dagrun for example_xcom_args_with_operators to None
[2022-06-24 16:17:00,874] {processor.py:171} INFO - Processing /home/airflow/.local/lib/python3.7/site-packages/airflow/example_dags/example_xcomargs.py took 0.217 seconds
[2022-06-24 16:17:31,206] {processor.py:163} INFO - Started process (PID=264) to work on /home/airflow/.local/lib/python3.7/site-packages/airflow/example_dags/example_xcomargs.py
[2022-06-24 16:17:31,212] {processor.py:642} INFO - Processing file /home/airflow/.local/lib/python3.7/site-packages/airflow/example_dags/example_xcomargs.py for tasks to queue
[2022-06-24 16:17:31,213] {logging_mixin.py:109} INFO - [2022-06-24 16:17:31,213] {dagbag.py:500} INFO - Filling up the DagBag from /home/airflow/.local/lib/python3.7/site-packages/airflow/example_dags/example_xcomargs.py
[2022-06-24 16:17:31,227] {processor.py:652} INFO - DAG(s) dict_keys(['example_xcom_args', 'example_xcom_args_with_operators']) retrieved from /home/airflow/.local/lib/python3.7/site-packages/airflow/example_dags/example_xcomargs.py
[2022-06-24 16:17:31,411] {logging_mixin.py:109} INFO - [2022-06-24 16:17:31,410] {dag.py:2398} INFO - Sync 2 DAGs
[2022-06-24 16:17:31,420] {logging_mixin.py:109} INFO - [2022-06-24 16:17:31,420] {dag.py:2937} INFO - Setting next_dagrun for example_xcom_args to None
[2022-06-24 16:17:31,420] {logging_mixin.py:109} INFO - [2022-06-24 16:17:31,420] {dag.py:2937} INFO - Setting next_dagrun for example_xcom_args_with_operators to None
[2022-06-24 16:17:31,427] {processor.py:171} INFO - Processing /home/airflow/.local/lib/python3.7/site-packages/airflow/example_dags/example_xcomargs.py took 0.223 seconds
[2022-06-24 16:18:01,816] {processor.py:163} INFO - Started process (PID=323) to work on /home/airflow/.local/lib/python3.7/site-packages/airflow/example_dags/example_xcomargs.py
[2022-06-24 16:18:01,817] {processor.py:642} INFO - Processing file /home/airflow/.local/lib/python3.7/site-packages/airflow/example_dags/example_xcomargs.py for tasks to queue
[2022-06-24 16:18:01,817] {logging_mixin.py:109} INFO - [2022-06-24 16:18:01,817] {dagbag.py:500} INFO - Filling up the DagBag from /home/airflow/.local/lib/python3.7/site-packages/airflow/example_dags/example_xcomargs.py
[2022-06-24 16:18:01,832] {processor.py:652} INFO - DAG(s) dict_keys(['example_xcom_args', 'example_xcom_args_with_operators']) retrieved from /home/airflow/.local/lib/python3.7/site-packages/airflow/example_dags/example_xcomargs.py
[2022-06-24 16:18:02,036] {logging_mixin.py:109} INFO - [2022-06-24 16:18:02,036] {dag.py:2398} INFO - Sync 2 DAGs
[2022-06-24 16:18:02,046] {logging_mixin.py:109} INFO - [2022-06-24 16:18:02,046] {dag.py:2937} INFO - Setting next_dagrun for example_xcom_args to None
[2022-06-24 16:18:02,046] {logging_mixin.py:109} INFO - [2022-06-24 16:18:02,046] {dag.py:2937} INFO - Setting next_dagrun for example_xcom_args_with_operators to None
[2022-06-24 16:18:02,055] {processor.py:171} INFO - Processing /home/airflow/.local/lib/python3.7/site-packages/airflow/example_dags/example_xcomargs.py took 0.241 seconds
[2022-06-24 16:18:32,437] {processor.py:163} INFO - Started process (PID=373) to work on /home/airflow/.local/lib/python3.7/site-packages/airflow/example_dags/example_xcomargs.py
[2022-06-24 16:18:32,439] {processor.py:642} INFO - Processing file /home/airflow/.local/lib/python3.7/site-packages/airflow/example_dags/example_xcomargs.py for tasks to queue
[2022-06-24 16:18:32,439] {logging_mixin.py:109} INFO - [2022-06-24 16:18:32,439] {dagbag.py:500} INFO - Filling up the DagBag from /home/airflow/.local/lib/python3.7/site-packages/airflow/example_dags/example_xcomargs.py
[2022-06-24 16:18:32,452] {processor.py:652} INFO - DAG(s) dict_keys(['example_xcom_args', 'example_xcom_args_with_operators']) retrieved from /home/airflow/.local/lib/python3.7/site-packages/airflow/example_dags/example_xcomargs.py
[2022-06-24 16:18:32,713] {logging_mixin.py:109} INFO - [2022-06-24 16:18:32,712] {dag.py:2398} INFO - Sync 2 DAGs
[2022-06-24 16:18:32,724] {logging_mixin.py:109} INFO - [2022-06-24 16:18:32,724] {dag.py:2937} INFO - Setting next_dagrun for example_xcom_args to None
[2022-06-24 16:18:32,724] {logging_mixin.py:109} INFO - [2022-06-24 16:18:32,724] {dag.py:2937} INFO - Setting next_dagrun for example_xcom_args_with_operators to None
[2022-06-24 16:18:32,734] {processor.py:171} INFO - Processing /home/airflow/.local/lib/python3.7/site-packages/airflow/example_dags/example_xcomargs.py took 0.298 seconds
[2022-06-24 16:19:03,411] {processor.py:163} INFO - Started process (PID=432) to work on /home/airflow/.local/lib/python3.7/site-packages/airflow/example_dags/example_xcomargs.py
[2022-06-24 16:19:03,411] {processor.py:642} INFO - Processing file /home/airflow/.local/lib/python3.7/site-packages/airflow/example_dags/example_xcomargs.py for tasks to queue
[2022-06-24 16:19:03,412] {logging_mixin.py:109} INFO - [2022-06-24 16:19:03,412] {dagbag.py:500} INFO - Filling up the DagBag from /home/airflow/.local/lib/python3.7/site-packages/airflow/example_dags/example_xcomargs.py
[2022-06-24 16:19:03,424] {processor.py:652} INFO - DAG(s) dict_keys(['example_xcom_args', 'example_xcom_args_with_operators']) retrieved from /home/airflow/.local/lib/python3.7/site-packages/airflow/example_dags/example_xcomargs.py
[2022-06-24 16:19:03,438] {logging_mixin.py:109} INFO - [2022-06-24 16:19:03,438] {dag.py:2398} INFO - Sync 2 DAGs
[2022-06-24 16:19:03,448] {logging_mixin.py:109} INFO - [2022-06-24 16:19:03,448] {dag.py:2937} INFO - Setting next_dagrun for example_xcom_args to None
[2022-06-24 16:19:03,448] {logging_mixin.py:109} INFO - [2022-06-24 16:19:03,448] {dag.py:2937} INFO - Setting next_dagrun for example_xcom_args_with_operators to None
[2022-06-24 16:19:03,453] {processor.py:171} INFO - Processing /home/airflow/.local/lib/python3.7/site-packages/airflow/example_dags/example_xcomargs.py took 0.044 seconds
[2022-06-24 16:19:33,909] {processor.py:163} INFO - Started process (PID=492) to work on /home/airflow/.local/lib/python3.7/site-packages/airflow/example_dags/example_xcomargs.py
[2022-06-24 16:19:33,910] {processor.py:642} INFO - Processing file /home/airflow/.local/lib/python3.7/site-packages/airflow/example_dags/example_xcomargs.py for tasks to queue
[2022-06-24 16:19:33,911] {logging_mixin.py:109} INFO - [2022-06-24 16:19:33,911] {dagbag.py:500} INFO - Filling up the DagBag from /home/airflow/.local/lib/python3.7/site-packages/airflow/example_dags/example_xcomargs.py
[2022-06-24 16:19:33,925] {processor.py:652} INFO - DAG(s) dict_keys(['example_xcom_args', 'example_xcom_args_with_operators']) retrieved from /home/airflow/.local/lib/python3.7/site-packages/airflow/example_dags/example_xcomargs.py
[2022-06-24 16:19:34,110] {logging_mixin.py:109} INFO - [2022-06-24 16:19:34,110] {dag.py:2398} INFO - Sync 2 DAGs
[2022-06-24 16:19:34,119] {logging_mixin.py:109} INFO - [2022-06-24 16:19:34,119] {dag.py:2937} INFO - Setting next_dagrun for example_xcom_args to None
[2022-06-24 16:19:34,119] {logging_mixin.py:109} INFO - [2022-06-24 16:19:34,119] {dag.py:2937} INFO - Setting next_dagrun for example_xcom_args_with_operators to None
[2022-06-24 16:19:34,126] {processor.py:171} INFO - Processing /home/airflow/.local/lib/python3.7/site-packages/airflow/example_dags/example_xcomargs.py took 0.219 seconds
[2022-06-24 16:20:04,361] {processor.py:163} INFO - Started process (PID=541) to work on /home/airflow/.local/lib/python3.7/site-packages/airflow/example_dags/example_xcomargs.py
[2022-06-24 16:20:04,362] {processor.py:642} INFO - Processing file /home/airflow/.local/lib/python3.7/site-packages/airflow/example_dags/example_xcomargs.py for tasks to queue
[2022-06-24 16:20:04,363] {logging_mixin.py:109} INFO - [2022-06-24 16:20:04,363] {dagbag.py:500} INFO - Filling up the DagBag from /home/airflow/.local/lib/python3.7/site-packages/airflow/example_dags/example_xcomargs.py
[2022-06-24 16:20:04,375] {processor.py:652} INFO - DAG(s) dict_keys(['example_xcom_args', 'example_xcom_args_with_operators']) retrieved from /home/airflow/.local/lib/python3.7/site-packages/airflow/example_dags/example_xcomargs.py
[2022-06-24 16:20:04,562] {logging_mixin.py:109} INFO - [2022-06-24 16:20:04,562] {dag.py:2398} INFO - Sync 2 DAGs
[2022-06-24 16:20:04,571] {logging_mixin.py:109} INFO - [2022-06-24 16:20:04,571] {dag.py:2937} INFO - Setting next_dagrun for example_xcom_args to None
[2022-06-24 16:20:04,571] {logging_mixin.py:109} INFO - [2022-06-24 16:20:04,571] {dag.py:2937} INFO - Setting next_dagrun for example_xcom_args_with_operators to None
[2022-06-24 16:20:04,579] {processor.py:171} INFO - Processing /home/airflow/.local/lib/python3.7/site-packages/airflow/example_dags/example_xcomargs.py took 0.220 seconds
[2022-06-24 16:20:34,871] {processor.py:163} INFO - Started process (PID=601) to work on /home/airflow/.local/lib/python3.7/site-packages/airflow/example_dags/example_xcomargs.py
[2022-06-24 16:20:34,873] {processor.py:642} INFO - Processing file /home/airflow/.local/lib/python3.7/site-packages/airflow/example_dags/example_xcomargs.py for tasks to queue
[2022-06-24 16:20:34,873] {logging_mixin.py:109} INFO - [2022-06-24 16:20:34,873] {dagbag.py:500} INFO - Filling up the DagBag from /home/airflow/.local/lib/python3.7/site-packages/airflow/example_dags/example_xcomargs.py
[2022-06-24 16:20:34,886] {processor.py:652} INFO - DAG(s) dict_keys(['example_xcom_args', 'example_xcom_args_with_operators']) retrieved from /home/airflow/.local/lib/python3.7/site-packages/airflow/example_dags/example_xcomargs.py
[2022-06-24 16:20:35,069] {logging_mixin.py:109} INFO - [2022-06-24 16:20:35,069] {dag.py:2398} INFO - Sync 2 DAGs
[2022-06-24 16:20:35,078] {logging_mixin.py:109} INFO - [2022-06-24 16:20:35,077] {dag.py:2937} INFO - Setting next_dagrun for example_xcom_args to None
[2022-06-24 16:20:35,078] {logging_mixin.py:109} INFO - [2022-06-24 16:20:35,078] {dag.py:2937} INFO - Setting next_dagrun for example_xcom_args_with_operators to None
[2022-06-24 16:20:35,085] {processor.py:171} INFO - Processing /home/airflow/.local/lib/python3.7/site-packages/airflow/example_dags/example_xcomargs.py took 0.215 seconds
[2022-06-24 16:21:05,427] {processor.py:163} INFO - Started process (PID=660) to work on /home/airflow/.local/lib/python3.7/site-packages/airflow/example_dags/example_xcomargs.py
[2022-06-24 16:21:05,429] {processor.py:642} INFO - Processing file /home/airflow/.local/lib/python3.7/site-packages/airflow/example_dags/example_xcomargs.py for tasks to queue
[2022-06-24 16:21:05,429] {logging_mixin.py:109} INFO - [2022-06-24 16:21:05,429] {dagbag.py:500} INFO - Filling up the DagBag from /home/airflow/.local/lib/python3.7/site-packages/airflow/example_dags/example_xcomargs.py
[2022-06-24 16:21:05,442] {processor.py:652} INFO - DAG(s) dict_keys(['example_xcom_args', 'example_xcom_args_with_operators']) retrieved from /home/airflow/.local/lib/python3.7/site-packages/airflow/example_dags/example_xcomargs.py
[2022-06-24 16:21:05,632] {logging_mixin.py:109} INFO - [2022-06-24 16:21:05,632] {dag.py:2398} INFO - Sync 2 DAGs
[2022-06-24 16:21:05,641] {logging_mixin.py:109} INFO - [2022-06-24 16:21:05,641] {dag.py:2937} INFO - Setting next_dagrun for example_xcom_args to None
[2022-06-24 16:21:05,641] {logging_mixin.py:109} INFO - [2022-06-24 16:21:05,641] {dag.py:2937} INFO - Setting next_dagrun for example_xcom_args_with_operators to None
[2022-06-24 16:21:05,648] {processor.py:171} INFO - Processing /home/airflow/.local/lib/python3.7/site-packages/airflow/example_dags/example_xcomargs.py took 0.222 seconds
[2022-06-24 16:21:36,032] {processor.py:163} INFO - Started process (PID=710) to work on /home/airflow/.local/lib/python3.7/site-packages/airflow/example_dags/example_xcomargs.py
[2022-06-24 16:21:36,034] {processor.py:642} INFO - Processing file /home/airflow/.local/lib/python3.7/site-packages/airflow/example_dags/example_xcomargs.py for tasks to queue
[2022-06-24 16:21:36,034] {logging_mixin.py:109} INFO - [2022-06-24 16:21:36,034] {dagbag.py:500} INFO - Filling up the DagBag from /home/airflow/.local/lib/python3.7/site-packages/airflow/example_dags/example_xcomargs.py
[2022-06-24 16:21:36,046] {processor.py:652} INFO - DAG(s) dict_keys(['example_xcom_args', 'example_xcom_args_with_operators']) retrieved from /home/airflow/.local/lib/python3.7/site-packages/airflow/example_dags/example_xcomargs.py
[2022-06-24 16:21:36,229] {logging_mixin.py:109} INFO - [2022-06-24 16:21:36,229] {dag.py:2398} INFO - Sync 2 DAGs
[2022-06-24 16:21:36,237] {logging_mixin.py:109} INFO - [2022-06-24 16:21:36,237] {dag.py:2937} INFO - Setting next_dagrun for example_xcom_args to None
[2022-06-24 16:21:36,237] {logging_mixin.py:109} INFO - [2022-06-24 16:21:36,237] {dag.py:2937} INFO - Setting next_dagrun for example_xcom_args_with_operators to None
[2022-06-24 16:21:36,244] {processor.py:171} INFO - Processing /home/airflow/.local/lib/python3.7/site-packages/airflow/example_dags/example_xcomargs.py took 0.214 seconds
[2022-06-24 16:22:06,484] {processor.py:163} INFO - Started process (PID=770) to work on /home/airflow/.local/lib/python3.7/site-packages/airflow/example_dags/example_xcomargs.py
[2022-06-24 16:22:06,485] {processor.py:642} INFO - Processing file /home/airflow/.local/lib/python3.7/site-packages/airflow/example_dags/example_xcomargs.py for tasks to queue
[2022-06-24 16:22:06,486] {logging_mixin.py:109} INFO - [2022-06-24 16:22:06,486] {dagbag.py:500} INFO - Filling up the DagBag from /home/airflow/.local/lib/python3.7/site-packages/airflow/example_dags/example_xcomargs.py
[2022-06-24 16:22:06,499] {processor.py:652} INFO - DAG(s) dict_keys(['example_xcom_args', 'example_xcom_args_with_operators']) retrieved from /home/airflow/.local/lib/python3.7/site-packages/airflow/example_dags/example_xcomargs.py
[2022-06-24 16:22:06,707] {logging_mixin.py:109} INFO - [2022-06-24 16:22:06,707] {dag.py:2398} INFO - Sync 2 DAGs
[2022-06-24 16:22:06,718] {logging_mixin.py:109} INFO - [2022-06-24 16:22:06,717] {dag.py:2937} INFO - Setting next_dagrun for example_xcom_args to None
[2022-06-24 16:22:06,718] {logging_mixin.py:109} INFO - [2022-06-24 16:22:06,718] {dag.py:2937} INFO - Setting next_dagrun for example_xcom_args_with_operators to None
[2022-06-24 16:22:06,725] {processor.py:171} INFO - Processing /home/airflow/.local/lib/python3.7/site-packages/airflow/example_dags/example_xcomargs.py took 0.243 seconds
[2022-06-24 16:22:37,063] {processor.py:163} INFO - Started process (PID=829) to work on /home/airflow/.local/lib/python3.7/site-packages/airflow/example_dags/example_xcomargs.py
[2022-06-24 16:22:37,064] {processor.py:642} INFO - Processing file /home/airflow/.local/lib/python3.7/site-packages/airflow/example_dags/example_xcomargs.py for tasks to queue
[2022-06-24 16:22:37,064] {logging_mixin.py:109} INFO - [2022-06-24 16:22:37,064] {dagbag.py:500} INFO - Filling up the DagBag from /home/airflow/.local/lib/python3.7/site-packages/airflow/example_dags/example_xcomargs.py
[2022-06-24 16:22:37,076] {processor.py:652} INFO - DAG(s) dict_keys(['example_xcom_args', 'example_xcom_args_with_operators']) retrieved from /home/airflow/.local/lib/python3.7/site-packages/airflow/example_dags/example_xcomargs.py
[2022-06-24 16:22:37,262] {logging_mixin.py:109} INFO - [2022-06-24 16:22:37,262] {dag.py:2398} INFO - Sync 2 DAGs
[2022-06-24 16:22:37,271] {logging_mixin.py:109} INFO - [2022-06-24 16:22:37,271] {dag.py:2937} INFO - Setting next_dagrun for example_xcom_args to None
[2022-06-24 16:22:37,271] {logging_mixin.py:109} INFO - [2022-06-24 16:22:37,271] {dag.py:2937} INFO - Setting next_dagrun for example_xcom_args_with_operators to None
[2022-06-24 16:22:37,278] {processor.py:171} INFO - Processing /home/airflow/.local/lib/python3.7/site-packages/airflow/example_dags/example_xcomargs.py took 0.217 seconds
[2022-06-24 16:23:07,532] {processor.py:163} INFO - Started process (PID=879) to work on /home/airflow/.local/lib/python3.7/site-packages/airflow/example_dags/example_xcomargs.py
[2022-06-24 16:23:07,533] {processor.py:642} INFO - Processing file /home/airflow/.local/lib/python3.7/site-packages/airflow/example_dags/example_xcomargs.py for tasks to queue
[2022-06-24 16:23:07,533] {logging_mixin.py:109} INFO - [2022-06-24 16:23:07,533] {dagbag.py:500} INFO - Filling up the DagBag from /home/airflow/.local/lib/python3.7/site-packages/airflow/example_dags/example_xcomargs.py
[2022-06-24 16:23:07,548] {processor.py:652} INFO - DAG(s) dict_keys(['example_xcom_args', 'example_xcom_args_with_operators']) retrieved from /home/airflow/.local/lib/python3.7/site-packages/airflow/example_dags/example_xcomargs.py
[2022-06-24 16:23:07,743] {logging_mixin.py:109} INFO - [2022-06-24 16:23:07,743] {dag.py:2398} INFO - Sync 2 DAGs
[2022-06-24 16:23:07,753] {logging_mixin.py:109} INFO - [2022-06-24 16:23:07,752] {dag.py:2937} INFO - Setting next_dagrun for example_xcom_args to None
[2022-06-24 16:23:07,753] {logging_mixin.py:109} INFO - [2022-06-24 16:23:07,753] {dag.py:2937} INFO - Setting next_dagrun for example_xcom_args_with_operators to None
[2022-06-24 16:23:07,760] {processor.py:171} INFO - Processing /home/airflow/.local/lib/python3.7/site-packages/airflow/example_dags/example_xcomargs.py took 0.232 seconds
[2022-06-24 16:23:38,146] {processor.py:163} INFO - Started process (PID=938) to work on /home/airflow/.local/lib/python3.7/site-packages/airflow/example_dags/example_xcomargs.py
[2022-06-24 16:23:38,147] {processor.py:642} INFO - Processing file /home/airflow/.local/lib/python3.7/site-packages/airflow/example_dags/example_xcomargs.py for tasks to queue
[2022-06-24 16:23:38,147] {logging_mixin.py:109} INFO - [2022-06-24 16:23:38,147] {dagbag.py:500} INFO - Filling up the DagBag from /home/airflow/.local/lib/python3.7/site-packages/airflow/example_dags/example_xcomargs.py
[2022-06-24 16:23:38,159] {processor.py:652} INFO - DAG(s) dict_keys(['example_xcom_args', 'example_xcom_args_with_operators']) retrieved from /home/airflow/.local/lib/python3.7/site-packages/airflow/example_dags/example_xcomargs.py
[2022-06-24 16:23:38,339] {logging_mixin.py:109} INFO - [2022-06-24 16:23:38,339] {dag.py:2398} INFO - Sync 2 DAGs
[2022-06-24 16:23:38,349] {logging_mixin.py:109} INFO - [2022-06-24 16:23:38,349] {dag.py:2937} INFO - Setting next_dagrun for example_xcom_args to None
[2022-06-24 16:23:38,349] {logging_mixin.py:109} INFO - [2022-06-24 16:23:38,349] {dag.py:2937} INFO - Setting next_dagrun for example_xcom_args_with_operators to None
[2022-06-24 16:23:38,358] {processor.py:171} INFO - Processing /home/airflow/.local/lib/python3.7/site-packages/airflow/example_dags/example_xcomargs.py took 0.214 seconds
[2022-06-24 16:24:08,586] {processor.py:163} INFO - Started process (PID=997) to work on /home/airflow/.local/lib/python3.7/site-packages/airflow/example_dags/example_xcomargs.py
[2022-06-24 16:24:08,588] {processor.py:642} INFO - Processing file /home/airflow/.local/lib/python3.7/site-packages/airflow/example_dags/example_xcomargs.py for tasks to queue
[2022-06-24 16:24:08,588] {logging_mixin.py:109} INFO - [2022-06-24 16:24:08,588] {dagbag.py:500} INFO - Filling up the DagBag from /home/airflow/.local/lib/python3.7/site-packages/airflow/example_dags/example_xcomargs.py
[2022-06-24 16:24:08,601] {processor.py:652} INFO - DAG(s) dict_keys(['example_xcom_args', 'example_xcom_args_with_operators']) retrieved from /home/airflow/.local/lib/python3.7/site-packages/airflow/example_dags/example_xcomargs.py
[2022-06-24 16:24:08,785] {logging_mixin.py:109} INFO - [2022-06-24 16:24:08,785] {dag.py:2398} INFO - Sync 2 DAGs
[2022-06-24 16:24:08,794] {logging_mixin.py:109} INFO - [2022-06-24 16:24:08,794] {dag.py:2937} INFO - Setting next_dagrun for example_xcom_args to None
[2022-06-24 16:24:08,794] {logging_mixin.py:109} INFO - [2022-06-24 16:24:08,794] {dag.py:2937} INFO - Setting next_dagrun for example_xcom_args_with_operators to None
[2022-06-24 16:24:08,801] {processor.py:171} INFO - Processing /home/airflow/.local/lib/python3.7/site-packages/airflow/example_dags/example_xcomargs.py took 0.216 seconds
[2022-06-24 16:24:39,040] {processor.py:163} INFO - Started process (PID=1047) to work on /home/airflow/.local/lib/python3.7/site-packages/airflow/example_dags/example_xcomargs.py
[2022-06-24 16:24:39,041] {processor.py:642} INFO - Processing file /home/airflow/.local/lib/python3.7/site-packages/airflow/example_dags/example_xcomargs.py for tasks to queue
[2022-06-24 16:24:39,041] {logging_mixin.py:109} INFO - [2022-06-24 16:24:39,041] {dagbag.py:500} INFO - Filling up the DagBag from /home/airflow/.local/lib/python3.7/site-packages/airflow/example_dags/example_xcomargs.py
[2022-06-24 16:24:39,054] {processor.py:652} INFO - DAG(s) dict_keys(['example_xcom_args', 'example_xcom_args_with_operators']) retrieved from /home/airflow/.local/lib/python3.7/site-packages/airflow/example_dags/example_xcomargs.py
[2022-06-24 16:24:39,258] {logging_mixin.py:109} INFO - [2022-06-24 16:24:39,258] {dag.py:2398} INFO - Sync 2 DAGs
[2022-06-24 16:24:39,269] {logging_mixin.py:109} INFO - [2022-06-24 16:24:39,269] {dag.py:2937} INFO - Setting next_dagrun for example_xcom_args to None
[2022-06-24 16:24:39,269] {logging_mixin.py:109} INFO - [2022-06-24 16:24:39,269] {dag.py:2937} INFO - Setting next_dagrun for example_xcom_args_with_operators to None
[2022-06-24 16:24:39,276] {processor.py:171} INFO - Processing /home/airflow/.local/lib/python3.7/site-packages/airflow/example_dags/example_xcomargs.py took 0.237 seconds
[2022-06-24 16:25:09,611] {processor.py:163} INFO - Started process (PID=1106) to work on /home/airflow/.local/lib/python3.7/site-packages/airflow/example_dags/example_xcomargs.py
[2022-06-24 16:25:09,612] {processor.py:642} INFO - Processing file /home/airflow/.local/lib/python3.7/site-packages/airflow/example_dags/example_xcomargs.py for tasks to queue
[2022-06-24 16:25:09,613] {logging_mixin.py:109} INFO - [2022-06-24 16:25:09,612] {dagbag.py:500} INFO - Filling up the DagBag from /home/airflow/.local/lib/python3.7/site-packages/airflow/example_dags/example_xcomargs.py
[2022-06-24 16:25:09,625] {processor.py:652} INFO - DAG(s) dict_keys(['example_xcom_args', 'example_xcom_args_with_operators']) retrieved from /home/airflow/.local/lib/python3.7/site-packages/airflow/example_dags/example_xcomargs.py
[2022-06-24 16:25:09,639] {logging_mixin.py:109} INFO - [2022-06-24 16:25:09,638] {dag.py:2398} INFO - Sync 2 DAGs
[2022-06-24 16:25:09,648] {logging_mixin.py:109} INFO - [2022-06-24 16:25:09,648] {dag.py:2937} INFO - Setting next_dagrun for example_xcom_args to None
[2022-06-24 16:25:09,648] {logging_mixin.py:109} INFO - [2022-06-24 16:25:09,648] {dag.py:2937} INFO - Setting next_dagrun for example_xcom_args_with_operators to None
[2022-06-24 16:25:09,653] {processor.py:171} INFO - Processing /home/airflow/.local/lib/python3.7/site-packages/airflow/example_dags/example_xcomargs.py took 0.044 seconds
[2022-06-24 16:25:40,086] {processor.py:163} INFO - Started process (PID=1166) to work on /home/airflow/.local/lib/python3.7/site-packages/airflow/example_dags/example_xcomargs.py
[2022-06-24 16:25:40,088] {processor.py:642} INFO - Processing file /home/airflow/.local/lib/python3.7/site-packages/airflow/example_dags/example_xcomargs.py for tasks to queue
[2022-06-24 16:25:40,089] {logging_mixin.py:109} INFO - [2022-06-24 16:25:40,089] {dagbag.py:500} INFO - Filling up the DagBag from /home/airflow/.local/lib/python3.7/site-packages/airflow/example_dags/example_xcomargs.py
[2022-06-24 16:25:40,104] {processor.py:652} INFO - DAG(s) dict_keys(['example_xcom_args', 'example_xcom_args_with_operators']) retrieved from /home/airflow/.local/lib/python3.7/site-packages/airflow/example_dags/example_xcomargs.py
[2022-06-24 16:25:40,290] {logging_mixin.py:109} INFO - [2022-06-24 16:25:40,290] {dag.py:2398} INFO - Sync 2 DAGs
[2022-06-24 16:25:40,299] {logging_mixin.py:109} INFO - [2022-06-24 16:25:40,299] {dag.py:2937} INFO - Setting next_dagrun for example_xcom_args to None
[2022-06-24 16:25:40,300] {logging_mixin.py:109} INFO - [2022-06-24 16:25:40,299] {dag.py:2937} INFO - Setting next_dagrun for example_xcom_args_with_operators to None
[2022-06-24 16:25:40,307] {processor.py:171} INFO - Processing /home/airflow/.local/lib/python3.7/site-packages/airflow/example_dags/example_xcomargs.py took 0.225 seconds
[2022-06-24 16:26:10,595] {processor.py:163} INFO - Started process (PID=1217) to work on /home/airflow/.local/lib/python3.7/site-packages/airflow/example_dags/example_xcomargs.py
[2022-06-24 16:26:10,601] {processor.py:642} INFO - Processing file /home/airflow/.local/lib/python3.7/site-packages/airflow/example_dags/example_xcomargs.py for tasks to queue
[2022-06-24 16:26:10,602] {logging_mixin.py:109} INFO - [2022-06-24 16:26:10,602] {dagbag.py:500} INFO - Filling up the DagBag from /home/airflow/.local/lib/python3.7/site-packages/airflow/example_dags/example_xcomargs.py
[2022-06-24 16:26:10,617] {processor.py:652} INFO - DAG(s) dict_keys(['example_xcom_args', 'example_xcom_args_with_operators']) retrieved from /home/airflow/.local/lib/python3.7/site-packages/airflow/example_dags/example_xcomargs.py
[2022-06-24 16:26:10,829] {logging_mixin.py:109} INFO - [2022-06-24 16:26:10,829] {dag.py:2398} INFO - Sync 2 DAGs
[2022-06-24 16:26:10,838] {logging_mixin.py:109} INFO - [2022-06-24 16:26:10,838] {dag.py:2937} INFO - Setting next_dagrun for example_xcom_args to None
[2022-06-24 16:26:10,839] {logging_mixin.py:109} INFO - [2022-06-24 16:26:10,839] {dag.py:2937} INFO - Setting next_dagrun for example_xcom_args_with_operators to None
[2022-06-24 16:26:10,844] {processor.py:171} INFO - Processing /home/airflow/.local/lib/python3.7/site-packages/airflow/example_dags/example_xcomargs.py took 0.254 seconds
[2022-06-24 16:26:41,166] {processor.py:163} INFO - Started process (PID=1278) to work on /home/airflow/.local/lib/python3.7/site-packages/airflow/example_dags/example_xcomargs.py
[2022-06-24 16:26:41,168] {processor.py:642} INFO - Processing file /home/airflow/.local/lib/python3.7/site-packages/airflow/example_dags/example_xcomargs.py for tasks to queue
[2022-06-24 16:26:41,168] {logging_mixin.py:109} INFO - [2022-06-24 16:26:41,168] {dagbag.py:500} INFO - Filling up the DagBag from /home/airflow/.local/lib/python3.7/site-packages/airflow/example_dags/example_xcomargs.py
[2022-06-24 16:26:41,182] {processor.py:652} INFO - DAG(s) dict_keys(['example_xcom_args', 'example_xcom_args_with_operators']) retrieved from /home/airflow/.local/lib/python3.7/site-packages/airflow/example_dags/example_xcomargs.py
[2022-06-24 16:26:41,364] {logging_mixin.py:109} INFO - [2022-06-24 16:26:41,363] {dag.py:2398} INFO - Sync 2 DAGs
[2022-06-24 16:26:41,375] {logging_mixin.py:109} INFO - [2022-06-24 16:26:41,374] {dag.py:2937} INFO - Setting next_dagrun for example_xcom_args to None
[2022-06-24 16:26:41,375] {logging_mixin.py:109} INFO - [2022-06-24 16:26:41,375] {dag.py:2937} INFO - Setting next_dagrun for example_xcom_args_with_operators to None
[2022-06-24 16:26:41,381] {processor.py:171} INFO - Processing /home/airflow/.local/lib/python3.7/site-packages/airflow/example_dags/example_xcomargs.py took 0.217 seconds
[2022-06-24 16:27:11,720] {processor.py:163} INFO - Started process (PID=1339) to work on /home/airflow/.local/lib/python3.7/site-packages/airflow/example_dags/example_xcomargs.py
[2022-06-24 16:27:11,721] {processor.py:642} INFO - Processing file /home/airflow/.local/lib/python3.7/site-packages/airflow/example_dags/example_xcomargs.py for tasks to queue
[2022-06-24 16:27:11,722] {logging_mixin.py:109} INFO - [2022-06-24 16:27:11,722] {dagbag.py:500} INFO - Filling up the DagBag from /home/airflow/.local/lib/python3.7/site-packages/airflow/example_dags/example_xcomargs.py
[2022-06-24 16:27:11,739] {processor.py:652} INFO - DAG(s) dict_keys(['example_xcom_args', 'example_xcom_args_with_operators']) retrieved from /home/airflow/.local/lib/python3.7/site-packages/airflow/example_dags/example_xcomargs.py
[2022-06-24 16:27:11,757] {logging_mixin.py:109} INFO - [2022-06-24 16:27:11,757] {dag.py:2398} INFO - Sync 2 DAGs
[2022-06-24 16:27:11,771] {logging_mixin.py:109} INFO - [2022-06-24 16:27:11,771] {dag.py:2937} INFO - Setting next_dagrun for example_xcom_args to None
[2022-06-24 16:27:11,771] {logging_mixin.py:109} INFO - [2022-06-24 16:27:11,771] {dag.py:2937} INFO - Setting next_dagrun for example_xcom_args_with_operators to None
[2022-06-24 16:27:11,776] {processor.py:171} INFO - Processing /home/airflow/.local/lib/python3.7/site-packages/airflow/example_dags/example_xcomargs.py took 0.059 seconds
[2022-06-24 16:27:42,360] {processor.py:163} INFO - Started process (PID=1389) to work on /home/airflow/.local/lib/python3.7/site-packages/airflow/example_dags/example_xcomargs.py
[2022-06-24 16:27:42,367] {processor.py:642} INFO - Processing file /home/airflow/.local/lib/python3.7/site-packages/airflow/example_dags/example_xcomargs.py for tasks to queue
[2022-06-24 16:27:42,367] {logging_mixin.py:109} INFO - [2022-06-24 16:27:42,367] {dagbag.py:500} INFO - Filling up the DagBag from /home/airflow/.local/lib/python3.7/site-packages/airflow/example_dags/example_xcomargs.py
[2022-06-24 16:27:42,381] {processor.py:652} INFO - DAG(s) dict_keys(['example_xcom_args', 'example_xcom_args_with_operators']) retrieved from /home/airflow/.local/lib/python3.7/site-packages/airflow/example_dags/example_xcomargs.py
[2022-06-24 16:27:42,573] {logging_mixin.py:109} INFO - [2022-06-24 16:27:42,573] {dag.py:2398} INFO - Sync 2 DAGs
[2022-06-24 16:27:42,582] {logging_mixin.py:109} INFO - [2022-06-24 16:27:42,582] {dag.py:2937} INFO - Setting next_dagrun for example_xcom_args to None
[2022-06-24 16:27:42,582] {logging_mixin.py:109} INFO - [2022-06-24 16:27:42,582] {dag.py:2937} INFO - Setting next_dagrun for example_xcom_args_with_operators to None
[2022-06-24 16:27:42,589] {processor.py:171} INFO - Processing /home/airflow/.local/lib/python3.7/site-packages/airflow/example_dags/example_xcomargs.py took 0.231 seconds
[2022-06-24 16:28:12,851] {processor.py:163} INFO - Started process (PID=1448) to work on /home/airflow/.local/lib/python3.7/site-packages/airflow/example_dags/example_xcomargs.py
[2022-06-24 16:28:12,853] {processor.py:642} INFO - Processing file /home/airflow/.local/lib/python3.7/site-packages/airflow/example_dags/example_xcomargs.py for tasks to queue
[2022-06-24 16:28:12,853] {logging_mixin.py:109} INFO - [2022-06-24 16:28:12,853] {dagbag.py:500} INFO - Filling up the DagBag from /home/airflow/.local/lib/python3.7/site-packages/airflow/example_dags/example_xcomargs.py
[2022-06-24 16:28:12,870] {processor.py:652} INFO - DAG(s) dict_keys(['example_xcom_args', 'example_xcom_args_with_operators']) retrieved from /home/airflow/.local/lib/python3.7/site-packages/airflow/example_dags/example_xcomargs.py
[2022-06-24 16:28:13,060] {logging_mixin.py:109} INFO - [2022-06-24 16:28:13,060] {dag.py:2398} INFO - Sync 2 DAGs
[2022-06-24 16:28:13,068] {logging_mixin.py:109} INFO - [2022-06-24 16:28:13,068] {dag.py:2937} INFO - Setting next_dagrun for example_xcom_args to None
[2022-06-24 16:28:13,069] {logging_mixin.py:109} INFO - [2022-06-24 16:28:13,069] {dag.py:2937} INFO - Setting next_dagrun for example_xcom_args_with_operators to None
[2022-06-24 16:28:13,076] {processor.py:171} INFO - Processing /home/airflow/.local/lib/python3.7/site-packages/airflow/example_dags/example_xcomargs.py took 0.226 seconds
[2022-06-24 16:28:43,385] {processor.py:163} INFO - Started process (PID=1508) to work on /home/airflow/.local/lib/python3.7/site-packages/airflow/example_dags/example_xcomargs.py
[2022-06-24 16:28:43,387] {processor.py:642} INFO - Processing file /home/airflow/.local/lib/python3.7/site-packages/airflow/example_dags/example_xcomargs.py for tasks to queue
[2022-06-24 16:28:43,387] {logging_mixin.py:109} INFO - [2022-06-24 16:28:43,387] {dagbag.py:500} INFO - Filling up the DagBag from /home/airflow/.local/lib/python3.7/site-packages/airflow/example_dags/example_xcomargs.py
[2022-06-24 16:28:43,402] {processor.py:652} INFO - DAG(s) dict_keys(['example_xcom_args', 'example_xcom_args_with_operators']) retrieved from /home/airflow/.local/lib/python3.7/site-packages/airflow/example_dags/example_xcomargs.py
[2022-06-24 16:28:43,592] {logging_mixin.py:109} INFO - [2022-06-24 16:28:43,592] {dag.py:2398} INFO - Sync 2 DAGs
[2022-06-24 16:28:43,602] {logging_mixin.py:109} INFO - [2022-06-24 16:28:43,602] {dag.py:2937} INFO - Setting next_dagrun for example_xcom_args to None
[2022-06-24 16:28:43,602] {logging_mixin.py:109} INFO - [2022-06-24 16:28:43,602] {dag.py:2937} INFO - Setting next_dagrun for example_xcom_args_with_operators to None
[2022-06-24 16:28:43,610] {processor.py:171} INFO - Processing /home/airflow/.local/lib/python3.7/site-packages/airflow/example_dags/example_xcomargs.py took 0.226 seconds
[2022-06-24 16:29:13,711] {processor.py:163} INFO - Started process (PID=1559) to work on /home/airflow/.local/lib/python3.7/site-packages/airflow/example_dags/example_xcomargs.py
[2022-06-24 16:29:13,712] {processor.py:642} INFO - Processing file /home/airflow/.local/lib/python3.7/site-packages/airflow/example_dags/example_xcomargs.py for tasks to queue
[2022-06-24 16:29:13,713] {logging_mixin.py:109} INFO - [2022-06-24 16:29:13,713] {dagbag.py:500} INFO - Filling up the DagBag from /home/airflow/.local/lib/python3.7/site-packages/airflow/example_dags/example_xcomargs.py
[2022-06-24 16:29:13,729] {processor.py:652} INFO - DAG(s) dict_keys(['example_xcom_args', 'example_xcom_args_with_operators']) retrieved from /home/airflow/.local/lib/python3.7/site-packages/airflow/example_dags/example_xcomargs.py
[2022-06-24 16:29:13,913] {logging_mixin.py:109} INFO - [2022-06-24 16:29:13,913] {dag.py:2398} INFO - Sync 2 DAGs
[2022-06-24 16:29:13,922] {logging_mixin.py:109} INFO - [2022-06-24 16:29:13,922] {dag.py:2937} INFO - Setting next_dagrun for example_xcom_args to None
[2022-06-24 16:29:13,923] {logging_mixin.py:109} INFO - [2022-06-24 16:29:13,923] {dag.py:2937} INFO - Setting next_dagrun for example_xcom_args_with_operators to None
[2022-06-24 16:29:13,929] {processor.py:171} INFO - Processing /home/airflow/.local/lib/python3.7/site-packages/airflow/example_dags/example_xcomargs.py took 0.220 seconds
[2022-06-24 16:29:44,306] {processor.py:163} INFO - Started process (PID=1619) to work on /home/airflow/.local/lib/python3.7/site-packages/airflow/example_dags/example_xcomargs.py
[2022-06-24 16:29:44,307] {processor.py:642} INFO - Processing file /home/airflow/.local/lib/python3.7/site-packages/airflow/example_dags/example_xcomargs.py for tasks to queue
[2022-06-24 16:29:44,308] {logging_mixin.py:109} INFO - [2022-06-24 16:29:44,308] {dagbag.py:500} INFO - Filling up the DagBag from /home/airflow/.local/lib/python3.7/site-packages/airflow/example_dags/example_xcomargs.py
[2022-06-24 16:29:44,320] {processor.py:652} INFO - DAG(s) dict_keys(['example_xcom_args', 'example_xcom_args_with_operators']) retrieved from /home/airflow/.local/lib/python3.7/site-packages/airflow/example_dags/example_xcomargs.py
[2022-06-24 16:29:44,511] {logging_mixin.py:109} INFO - [2022-06-24 16:29:44,511] {dag.py:2398} INFO - Sync 2 DAGs
[2022-06-24 16:29:44,522] {logging_mixin.py:109} INFO - [2022-06-24 16:29:44,521] {dag.py:2937} INFO - Setting next_dagrun for example_xcom_args to None
[2022-06-24 16:29:44,522] {logging_mixin.py:109} INFO - [2022-06-24 16:29:44,522] {dag.py:2937} INFO - Setting next_dagrun for example_xcom_args_with_operators to None
[2022-06-24 16:29:44,529] {processor.py:171} INFO - Processing /home/airflow/.local/lib/python3.7/site-packages/airflow/example_dags/example_xcomargs.py took 0.225 seconds
[2022-06-24 16:30:15,246] {processor.py:163} INFO - Started process (PID=1686) to work on /home/airflow/.local/lib/python3.7/site-packages/airflow/example_dags/example_xcomargs.py
[2022-06-24 16:30:15,247] {processor.py:642} INFO - Processing file /home/airflow/.local/lib/python3.7/site-packages/airflow/example_dags/example_xcomargs.py for tasks to queue
[2022-06-24 16:30:15,247] {logging_mixin.py:109} INFO - [2022-06-24 16:30:15,247] {dagbag.py:500} INFO - Filling up the DagBag from /home/airflow/.local/lib/python3.7/site-packages/airflow/example_dags/example_xcomargs.py
[2022-06-24 16:30:15,261] {processor.py:652} INFO - DAG(s) dict_keys(['example_xcom_args', 'example_xcom_args_with_operators']) retrieved from /home/airflow/.local/lib/python3.7/site-packages/airflow/example_dags/example_xcomargs.py
[2022-06-24 16:30:15,460] {logging_mixin.py:109} INFO - [2022-06-24 16:30:15,459] {dag.py:2398} INFO - Sync 2 DAGs
[2022-06-24 16:30:15,469] {logging_mixin.py:109} INFO - [2022-06-24 16:30:15,468] {dag.py:2937} INFO - Setting next_dagrun for example_xcom_args to None
[2022-06-24 16:30:15,469] {logging_mixin.py:109} INFO - [2022-06-24 16:30:15,469] {dag.py:2937} INFO - Setting next_dagrun for example_xcom_args_with_operators to None
[2022-06-24 16:30:15,477] {processor.py:171} INFO - Processing /home/airflow/.local/lib/python3.7/site-packages/airflow/example_dags/example_xcomargs.py took 0.233 seconds
[2022-06-24 16:30:45,799] {processor.py:163} INFO - Started process (PID=1737) to work on /home/airflow/.local/lib/python3.7/site-packages/airflow/example_dags/example_xcomargs.py
[2022-06-24 16:30:45,801] {processor.py:642} INFO - Processing file /home/airflow/.local/lib/python3.7/site-packages/airflow/example_dags/example_xcomargs.py for tasks to queue
[2022-06-24 16:30:45,801] {logging_mixin.py:109} INFO - [2022-06-24 16:30:45,801] {dagbag.py:500} INFO - Filling up the DagBag from /home/airflow/.local/lib/python3.7/site-packages/airflow/example_dags/example_xcomargs.py
[2022-06-24 16:30:45,814] {processor.py:652} INFO - DAG(s) dict_keys(['example_xcom_args', 'example_xcom_args_with_operators']) retrieved from /home/airflow/.local/lib/python3.7/site-packages/airflow/example_dags/example_xcomargs.py
[2022-06-24 16:30:46,009] {logging_mixin.py:109} INFO - [2022-06-24 16:30:46,009] {dag.py:2398} INFO - Sync 2 DAGs
[2022-06-24 16:30:46,019] {logging_mixin.py:109} INFO - [2022-06-24 16:30:46,019] {dag.py:2937} INFO - Setting next_dagrun for example_xcom_args to None
[2022-06-24 16:30:46,020] {logging_mixin.py:109} INFO - [2022-06-24 16:30:46,020] {dag.py:2937} INFO - Setting next_dagrun for example_xcom_args_with_operators to None
[2022-06-24 16:30:46,028] {processor.py:171} INFO - Processing /home/airflow/.local/lib/python3.7/site-packages/airflow/example_dags/example_xcomargs.py took 0.230 seconds
[2022-06-24 16:31:16,456] {processor.py:163} INFO - Started process (PID=1795) to work on /home/airflow/.local/lib/python3.7/site-packages/airflow/example_dags/example_xcomargs.py
[2022-06-24 16:31:16,458] {processor.py:642} INFO - Processing file /home/airflow/.local/lib/python3.7/site-packages/airflow/example_dags/example_xcomargs.py for tasks to queue
[2022-06-24 16:31:16,459] {logging_mixin.py:109} INFO - [2022-06-24 16:31:16,459] {dagbag.py:500} INFO - Filling up the DagBag from /home/airflow/.local/lib/python3.7/site-packages/airflow/example_dags/example_xcomargs.py
[2022-06-24 16:31:16,475] {processor.py:652} INFO - DAG(s) dict_keys(['example_xcom_args', 'example_xcom_args_with_operators']) retrieved from /home/airflow/.local/lib/python3.7/site-packages/airflow/example_dags/example_xcomargs.py
[2022-06-24 16:31:16,671] {logging_mixin.py:109} INFO - [2022-06-24 16:31:16,671] {dag.py:2398} INFO - Sync 2 DAGs
[2022-06-24 16:31:16,681] {logging_mixin.py:109} INFO - [2022-06-24 16:31:16,681] {dag.py:2937} INFO - Setting next_dagrun for example_xcom_args to None
[2022-06-24 16:31:16,682] {logging_mixin.py:109} INFO - [2022-06-24 16:31:16,682] {dag.py:2937} INFO - Setting next_dagrun for example_xcom_args_with_operators to None
[2022-06-24 16:31:16,690] {processor.py:171} INFO - Processing /home/airflow/.local/lib/python3.7/site-packages/airflow/example_dags/example_xcomargs.py took 0.238 seconds
[2022-06-24 16:31:47,124] {processor.py:163} INFO - Started process (PID=1854) to work on /home/airflow/.local/lib/python3.7/site-packages/airflow/example_dags/example_xcomargs.py
[2022-06-24 16:31:47,126] {processor.py:642} INFO - Processing file /home/airflow/.local/lib/python3.7/site-packages/airflow/example_dags/example_xcomargs.py for tasks to queue
[2022-06-24 16:31:47,127] {logging_mixin.py:109} INFO - [2022-06-24 16:31:47,127] {dagbag.py:500} INFO - Filling up the DagBag from /home/airflow/.local/lib/python3.7/site-packages/airflow/example_dags/example_xcomargs.py
[2022-06-24 16:31:47,148] {processor.py:652} INFO - DAG(s) dict_keys(['example_xcom_args', 'example_xcom_args_with_operators']) retrieved from /home/airflow/.local/lib/python3.7/site-packages/airflow/example_dags/example_xcomargs.py
[2022-06-24 16:31:47,334] {logging_mixin.py:109} INFO - [2022-06-24 16:31:47,334] {dag.py:2398} INFO - Sync 2 DAGs
[2022-06-24 16:31:47,344] {logging_mixin.py:109} INFO - [2022-06-24 16:31:47,344] {dag.py:2937} INFO - Setting next_dagrun for example_xcom_args to None
[2022-06-24 16:31:47,345] {logging_mixin.py:109} INFO - [2022-06-24 16:31:47,345] {dag.py:2937} INFO - Setting next_dagrun for example_xcom_args_with_operators to None
[2022-06-24 16:31:47,352] {processor.py:171} INFO - Processing /home/airflow/.local/lib/python3.7/site-packages/airflow/example_dags/example_xcomargs.py took 0.232 seconds
[2022-06-24 16:32:17,730] {processor.py:163} INFO - Started process (PID=1904) to work on /home/airflow/.local/lib/python3.7/site-packages/airflow/example_dags/example_xcomargs.py
[2022-06-24 16:32:17,731] {processor.py:642} INFO - Processing file /home/airflow/.local/lib/python3.7/site-packages/airflow/example_dags/example_xcomargs.py for tasks to queue
[2022-06-24 16:32:17,732] {logging_mixin.py:109} INFO - [2022-06-24 16:32:17,732] {dagbag.py:500} INFO - Filling up the DagBag from /home/airflow/.local/lib/python3.7/site-packages/airflow/example_dags/example_xcomargs.py
[2022-06-24 16:32:17,744] {processor.py:652} INFO - DAG(s) dict_keys(['example_xcom_args', 'example_xcom_args_with_operators']) retrieved from /home/airflow/.local/lib/python3.7/site-packages/airflow/example_dags/example_xcomargs.py
[2022-06-24 16:32:17,957] {logging_mixin.py:109} INFO - [2022-06-24 16:32:17,957] {dag.py:2398} INFO - Sync 2 DAGs
[2022-06-24 16:32:17,966] {logging_mixin.py:109} INFO - [2022-06-24 16:32:17,966] {dag.py:2937} INFO - Setting next_dagrun for example_xcom_args to None
[2022-06-24 16:32:17,966] {logging_mixin.py:109} INFO - [2022-06-24 16:32:17,966] {dag.py:2937} INFO - Setting next_dagrun for example_xcom_args_with_operators to None
[2022-06-24 16:32:17,972] {processor.py:171} INFO - Processing /home/airflow/.local/lib/python3.7/site-packages/airflow/example_dags/example_xcomargs.py took 0.244 seconds
[2022-06-24 16:32:48,470] {processor.py:163} INFO - Started process (PID=1964) to work on /home/airflow/.local/lib/python3.7/site-packages/airflow/example_dags/example_xcomargs.py
[2022-06-24 16:32:48,472] {processor.py:642} INFO - Processing file /home/airflow/.local/lib/python3.7/site-packages/airflow/example_dags/example_xcomargs.py for tasks to queue
[2022-06-24 16:32:48,472] {logging_mixin.py:109} INFO - [2022-06-24 16:32:48,472] {dagbag.py:500} INFO - Filling up the DagBag from /home/airflow/.local/lib/python3.7/site-packages/airflow/example_dags/example_xcomargs.py
[2022-06-24 16:32:48,485] {processor.py:652} INFO - DAG(s) dict_keys(['example_xcom_args', 'example_xcom_args_with_operators']) retrieved from /home/airflow/.local/lib/python3.7/site-packages/airflow/example_dags/example_xcomargs.py
[2022-06-24 16:32:48,673] {logging_mixin.py:109} INFO - [2022-06-24 16:32:48,673] {dag.py:2398} INFO - Sync 2 DAGs
[2022-06-24 16:32:48,685] {logging_mixin.py:109} INFO - [2022-06-24 16:32:48,685] {dag.py:2937} INFO - Setting next_dagrun for example_xcom_args to None
[2022-06-24 16:32:48,685] {logging_mixin.py:109} INFO - [2022-06-24 16:32:48,685] {dag.py:2937} INFO - Setting next_dagrun for example_xcom_args_with_operators to None
[2022-06-24 16:32:48,693] {processor.py:171} INFO - Processing /home/airflow/.local/lib/python3.7/site-packages/airflow/example_dags/example_xcomargs.py took 0.225 seconds
[2022-06-24 16:33:18,995] {processor.py:163} INFO - Started process (PID=2025) to work on /home/airflow/.local/lib/python3.7/site-packages/airflow/example_dags/example_xcomargs.py
[2022-06-24 16:33:18,997] {processor.py:642} INFO - Processing file /home/airflow/.local/lib/python3.7/site-packages/airflow/example_dags/example_xcomargs.py for tasks to queue
[2022-06-24 16:33:18,997] {logging_mixin.py:109} INFO - [2022-06-24 16:33:18,997] {dagbag.py:500} INFO - Filling up the DagBag from /home/airflow/.local/lib/python3.7/site-packages/airflow/example_dags/example_xcomargs.py
[2022-06-24 16:33:19,011] {processor.py:652} INFO - DAG(s) dict_keys(['example_xcom_args', 'example_xcom_args_with_operators']) retrieved from /home/airflow/.local/lib/python3.7/site-packages/airflow/example_dags/example_xcomargs.py
[2022-06-24 16:33:19,252] {logging_mixin.py:109} INFO - [2022-06-24 16:33:19,252] {dag.py:2398} INFO - Sync 2 DAGs
[2022-06-24 16:33:19,264] {logging_mixin.py:109} INFO - [2022-06-24 16:33:19,263] {dag.py:2937} INFO - Setting next_dagrun for example_xcom_args to None
[2022-06-24 16:33:19,264] {logging_mixin.py:109} INFO - [2022-06-24 16:33:19,264] {dag.py:2937} INFO - Setting next_dagrun for example_xcom_args_with_operators to None
[2022-06-24 16:33:19,279] {processor.py:171} INFO - Processing /home/airflow/.local/lib/python3.7/site-packages/airflow/example_dags/example_xcomargs.py took 0.286 seconds
[2022-06-24 16:33:49,734] {processor.py:163} INFO - Started process (PID=2076) to work on /home/airflow/.local/lib/python3.7/site-packages/airflow/example_dags/example_xcomargs.py
[2022-06-24 16:33:49,736] {processor.py:642} INFO - Processing file /home/airflow/.local/lib/python3.7/site-packages/airflow/example_dags/example_xcomargs.py for tasks to queue
[2022-06-24 16:33:49,736] {logging_mixin.py:109} INFO - [2022-06-24 16:33:49,736] {dagbag.py:500} INFO - Filling up the DagBag from /home/airflow/.local/lib/python3.7/site-packages/airflow/example_dags/example_xcomargs.py
[2022-06-24 16:33:49,752] {processor.py:652} INFO - DAG(s) dict_keys(['example_xcom_args', 'example_xcom_args_with_operators']) retrieved from /home/airflow/.local/lib/python3.7/site-packages/airflow/example_dags/example_xcomargs.py
[2022-06-24 16:33:49,768] {logging_mixin.py:109} INFO - [2022-06-24 16:33:49,768] {dag.py:2398} INFO - Sync 2 DAGs
[2022-06-24 16:33:49,780] {logging_mixin.py:109} INFO - [2022-06-24 16:33:49,780] {dag.py:2937} INFO - Setting next_dagrun for example_xcom_args to None
[2022-06-24 16:33:49,780] {logging_mixin.py:109} INFO - [2022-06-24 16:33:49,780] {dag.py:2937} INFO - Setting next_dagrun for example_xcom_args_with_operators to None
[2022-06-24 16:33:49,787] {processor.py:171} INFO - Processing /home/airflow/.local/lib/python3.7/site-packages/airflow/example_dags/example_xcomargs.py took 0.057 seconds
[2022-06-24 16:34:20,308] {processor.py:163} INFO - Started process (PID=2137) to work on /home/airflow/.local/lib/python3.7/site-packages/airflow/example_dags/example_xcomargs.py
[2022-06-24 16:34:20,309] {processor.py:642} INFO - Processing file /home/airflow/.local/lib/python3.7/site-packages/airflow/example_dags/example_xcomargs.py for tasks to queue
[2022-06-24 16:34:20,309] {logging_mixin.py:109} INFO - [2022-06-24 16:34:20,309] {dagbag.py:500} INFO - Filling up the DagBag from /home/airflow/.local/lib/python3.7/site-packages/airflow/example_dags/example_xcomargs.py
[2022-06-24 16:34:20,321] {processor.py:652} INFO - DAG(s) dict_keys(['example_xcom_args', 'example_xcom_args_with_operators']) retrieved from /home/airflow/.local/lib/python3.7/site-packages/airflow/example_dags/example_xcomargs.py
[2022-06-24 16:34:20,542] {logging_mixin.py:109} INFO - [2022-06-24 16:34:20,542] {dag.py:2398} INFO - Sync 2 DAGs
[2022-06-24 16:34:20,550] {logging_mixin.py:109} INFO - [2022-06-24 16:34:20,550] {dag.py:2937} INFO - Setting next_dagrun for example_xcom_args to None
[2022-06-24 16:34:20,551] {logging_mixin.py:109} INFO - [2022-06-24 16:34:20,551] {dag.py:2937} INFO - Setting next_dagrun for example_xcom_args_with_operators to None
[2022-06-24 16:34:20,556] {processor.py:171} INFO - Processing /home/airflow/.local/lib/python3.7/site-packages/airflow/example_dags/example_xcomargs.py took 0.250 seconds
[2022-06-24 16:34:50,965] {processor.py:163} INFO - Started process (PID=2197) to work on /home/airflow/.local/lib/python3.7/site-packages/airflow/example_dags/example_xcomargs.py
[2022-06-24 16:34:50,967] {processor.py:642} INFO - Processing file /home/airflow/.local/lib/python3.7/site-packages/airflow/example_dags/example_xcomargs.py for tasks to queue
[2022-06-24 16:34:50,967] {logging_mixin.py:109} INFO - [2022-06-24 16:34:50,967] {dagbag.py:500} INFO - Filling up the DagBag from /home/airflow/.local/lib/python3.7/site-packages/airflow/example_dags/example_xcomargs.py
[2022-06-24 16:34:50,987] {processor.py:652} INFO - DAG(s) dict_keys(['example_xcom_args', 'example_xcom_args_with_operators']) retrieved from /home/airflow/.local/lib/python3.7/site-packages/airflow/example_dags/example_xcomargs.py
[2022-06-24 16:34:51,007] {logging_mixin.py:109} INFO - [2022-06-24 16:34:51,007] {dag.py:2398} INFO - Sync 2 DAGs
[2022-06-24 16:34:51,022] {logging_mixin.py:109} INFO - [2022-06-24 16:34:51,022] {dag.py:2937} INFO - Setting next_dagrun for example_xcom_args to None
[2022-06-24 16:34:51,023] {logging_mixin.py:109} INFO - [2022-06-24 16:34:51,022] {dag.py:2937} INFO - Setting next_dagrun for example_xcom_args_with_operators to None
[2022-06-24 16:34:51,031] {processor.py:171} INFO - Processing /home/airflow/.local/lib/python3.7/site-packages/airflow/example_dags/example_xcomargs.py took 0.068 seconds
[2022-06-24 16:35:21,536] {processor.py:163} INFO - Started process (PID=2247) to work on /home/airflow/.local/lib/python3.7/site-packages/airflow/example_dags/example_xcomargs.py
[2022-06-24 16:35:21,538] {processor.py:642} INFO - Processing file /home/airflow/.local/lib/python3.7/site-packages/airflow/example_dags/example_xcomargs.py for tasks to queue
[2022-06-24 16:35:21,539] {logging_mixin.py:109} INFO - [2022-06-24 16:35:21,539] {dagbag.py:500} INFO - Filling up the DagBag from /home/airflow/.local/lib/python3.7/site-packages/airflow/example_dags/example_xcomargs.py
[2022-06-24 16:35:21,556] {processor.py:652} INFO - DAG(s) dict_keys(['example_xcom_args', 'example_xcom_args_with_operators']) retrieved from /home/airflow/.local/lib/python3.7/site-packages/airflow/example_dags/example_xcomargs.py
[2022-06-24 16:35:21,775] {logging_mixin.py:109} INFO - [2022-06-24 16:35:21,775] {dag.py:2398} INFO - Sync 2 DAGs
[2022-06-24 16:35:21,788] {logging_mixin.py:109} INFO - [2022-06-24 16:35:21,788] {dag.py:2937} INFO - Setting next_dagrun for example_xcom_args to None
[2022-06-24 16:35:21,788] {logging_mixin.py:109} INFO - [2022-06-24 16:35:21,788] {dag.py:2937} INFO - Setting next_dagrun for example_xcom_args_with_operators to None
[2022-06-24 16:35:21,796] {processor.py:171} INFO - Processing /home/airflow/.local/lib/python3.7/site-packages/airflow/example_dags/example_xcomargs.py took 0.263 seconds
[2022-06-24 16:35:52,137] {processor.py:163} INFO - Started process (PID=2307) to work on /home/airflow/.local/lib/python3.7/site-packages/airflow/example_dags/example_xcomargs.py
[2022-06-24 16:35:52,138] {processor.py:642} INFO - Processing file /home/airflow/.local/lib/python3.7/site-packages/airflow/example_dags/example_xcomargs.py for tasks to queue
[2022-06-24 16:35:52,138] {logging_mixin.py:109} INFO - [2022-06-24 16:35:52,138] {dagbag.py:500} INFO - Filling up the DagBag from /home/airflow/.local/lib/python3.7/site-packages/airflow/example_dags/example_xcomargs.py
[2022-06-24 16:35:52,157] {processor.py:652} INFO - DAG(s) dict_keys(['example_xcom_args', 'example_xcom_args_with_operators']) retrieved from /home/airflow/.local/lib/python3.7/site-packages/airflow/example_dags/example_xcomargs.py
[2022-06-24 16:35:52,360] {logging_mixin.py:109} INFO - [2022-06-24 16:35:52,360] {dag.py:2398} INFO - Sync 2 DAGs
[2022-06-24 16:35:52,369] {logging_mixin.py:109} INFO - [2022-06-24 16:35:52,369] {dag.py:2937} INFO - Setting next_dagrun for example_xcom_args to None
[2022-06-24 16:35:52,369] {logging_mixin.py:109} INFO - [2022-06-24 16:35:52,369] {dag.py:2937} INFO - Setting next_dagrun for example_xcom_args_with_operators to None
[2022-06-24 16:35:52,376] {processor.py:171} INFO - Processing /home/airflow/.local/lib/python3.7/site-packages/airflow/example_dags/example_xcomargs.py took 0.242 seconds
[2022-06-24 16:36:22,874] {processor.py:163} INFO - Started process (PID=2364) to work on /home/airflow/.local/lib/python3.7/site-packages/airflow/example_dags/example_xcomargs.py
[2022-06-24 16:36:22,875] {processor.py:642} INFO - Processing file /home/airflow/.local/lib/python3.7/site-packages/airflow/example_dags/example_xcomargs.py for tasks to queue
[2022-06-24 16:36:22,875] {logging_mixin.py:109} INFO - [2022-06-24 16:36:22,875] {dagbag.py:500} INFO - Filling up the DagBag from /home/airflow/.local/lib/python3.7/site-packages/airflow/example_dags/example_xcomargs.py
[2022-06-24 16:36:22,891] {processor.py:652} INFO - DAG(s) dict_keys(['example_xcom_args', 'example_xcom_args_with_operators']) retrieved from /home/airflow/.local/lib/python3.7/site-packages/airflow/example_dags/example_xcomargs.py
[2022-06-24 16:36:23,161] {logging_mixin.py:109} INFO - [2022-06-24 16:36:23,161] {dag.py:2398} INFO - Sync 2 DAGs
[2022-06-24 16:36:23,174] {logging_mixin.py:109} INFO - [2022-06-24 16:36:23,174] {dag.py:2937} INFO - Setting next_dagrun for example_xcom_args to None
[2022-06-24 16:36:23,175] {logging_mixin.py:109} INFO - [2022-06-24 16:36:23,175] {dag.py:2937} INFO - Setting next_dagrun for example_xcom_args_with_operators to None
[2022-06-24 16:36:23,183] {processor.py:171} INFO - Processing /home/airflow/.local/lib/python3.7/site-packages/airflow/example_dags/example_xcomargs.py took 0.312 seconds
[2022-06-24 16:36:53,801] {processor.py:163} INFO - Started process (PID=2417) to work on /home/airflow/.local/lib/python3.7/site-packages/airflow/example_dags/example_xcomargs.py
[2022-06-24 16:36:53,808] {processor.py:642} INFO - Processing file /home/airflow/.local/lib/python3.7/site-packages/airflow/example_dags/example_xcomargs.py for tasks to queue
[2022-06-24 16:36:53,808] {logging_mixin.py:109} INFO - [2022-06-24 16:36:53,808] {dagbag.py:500} INFO - Filling up the DagBag from /home/airflow/.local/lib/python3.7/site-packages/airflow/example_dags/example_xcomargs.py
[2022-06-24 16:36:53,822] {processor.py:652} INFO - DAG(s) dict_keys(['example_xcom_args', 'example_xcom_args_with_operators']) retrieved from /home/airflow/.local/lib/python3.7/site-packages/airflow/example_dags/example_xcomargs.py
[2022-06-24 16:36:54,064] {logging_mixin.py:109} INFO - [2022-06-24 16:36:54,063] {dag.py:2398} INFO - Sync 2 DAGs
[2022-06-24 16:36:54,076] {logging_mixin.py:109} INFO - [2022-06-24 16:36:54,076] {dag.py:2937} INFO - Setting next_dagrun for example_xcom_args to None
[2022-06-24 16:36:54,076] {logging_mixin.py:109} INFO - [2022-06-24 16:36:54,076] {dag.py:2937} INFO - Setting next_dagrun for example_xcom_args_with_operators to None
[2022-06-24 16:36:54,085] {processor.py:171} INFO - Processing /home/airflow/.local/lib/python3.7/site-packages/airflow/example_dags/example_xcomargs.py took 0.285 seconds
[2022-06-24 16:37:24,519] {processor.py:163} INFO - Started process (PID=2476) to work on /home/airflow/.local/lib/python3.7/site-packages/airflow/example_dags/example_xcomargs.py
[2022-06-24 16:37:24,520] {processor.py:642} INFO - Processing file /home/airflow/.local/lib/python3.7/site-packages/airflow/example_dags/example_xcomargs.py for tasks to queue
[2022-06-24 16:37:24,520] {logging_mixin.py:109} INFO - [2022-06-24 16:37:24,520] {dagbag.py:500} INFO - Filling up the DagBag from /home/airflow/.local/lib/python3.7/site-packages/airflow/example_dags/example_xcomargs.py
[2022-06-24 16:37:24,532] {processor.py:652} INFO - DAG(s) dict_keys(['example_xcom_args', 'example_xcom_args_with_operators']) retrieved from /home/airflow/.local/lib/python3.7/site-packages/airflow/example_dags/example_xcomargs.py
[2022-06-24 16:37:24,718] {logging_mixin.py:109} INFO - [2022-06-24 16:37:24,718] {dag.py:2398} INFO - Sync 2 DAGs
[2022-06-24 16:37:24,727] {logging_mixin.py:109} INFO - [2022-06-24 16:37:24,727] {dag.py:2937} INFO - Setting next_dagrun for example_xcom_args to None
[2022-06-24 16:37:24,727] {logging_mixin.py:109} INFO - [2022-06-24 16:37:24,727] {dag.py:2937} INFO - Setting next_dagrun for example_xcom_args_with_operators to None
[2022-06-24 16:37:24,734] {processor.py:171} INFO - Processing /home/airflow/.local/lib/python3.7/site-packages/airflow/example_dags/example_xcomargs.py took 0.217 seconds
[2022-06-24 16:37:55,140] {processor.py:163} INFO - Started process (PID=2526) to work on /home/airflow/.local/lib/python3.7/site-packages/airflow/example_dags/example_xcomargs.py
[2022-06-24 16:37:55,142] {processor.py:642} INFO - Processing file /home/airflow/.local/lib/python3.7/site-packages/airflow/example_dags/example_xcomargs.py for tasks to queue
[2022-06-24 16:37:55,143] {logging_mixin.py:109} INFO - [2022-06-24 16:37:55,143] {dagbag.py:500} INFO - Filling up the DagBag from /home/airflow/.local/lib/python3.7/site-packages/airflow/example_dags/example_xcomargs.py
[2022-06-24 16:37:55,159] {processor.py:652} INFO - DAG(s) dict_keys(['example_xcom_args', 'example_xcom_args_with_operators']) retrieved from /home/airflow/.local/lib/python3.7/site-packages/airflow/example_dags/example_xcomargs.py
[2022-06-24 16:37:55,396] {logging_mixin.py:109} INFO - [2022-06-24 16:37:55,396] {dag.py:2398} INFO - Sync 2 DAGs
[2022-06-24 16:37:55,408] {logging_mixin.py:109} INFO - [2022-06-24 16:37:55,408] {dag.py:2937} INFO - Setting next_dagrun for example_xcom_args to None
[2022-06-24 16:37:55,408] {logging_mixin.py:109} INFO - [2022-06-24 16:37:55,408] {dag.py:2937} INFO - Setting next_dagrun for example_xcom_args_with_operators to None
[2022-06-24 16:37:55,414] {processor.py:171} INFO - Processing /home/airflow/.local/lib/python3.7/site-packages/airflow/example_dags/example_xcomargs.py took 0.277 seconds
[2022-06-24 16:38:26,096] {processor.py:163} INFO - Started process (PID=2587) to work on /home/airflow/.local/lib/python3.7/site-packages/airflow/example_dags/example_xcomargs.py
[2022-06-24 16:38:26,103] {processor.py:642} INFO - Processing file /home/airflow/.local/lib/python3.7/site-packages/airflow/example_dags/example_xcomargs.py for tasks to queue
[2022-06-24 16:38:26,104] {logging_mixin.py:109} INFO - [2022-06-24 16:38:26,104] {dagbag.py:500} INFO - Filling up the DagBag from /home/airflow/.local/lib/python3.7/site-packages/airflow/example_dags/example_xcomargs.py
[2022-06-24 16:38:26,118] {processor.py:652} INFO - DAG(s) dict_keys(['example_xcom_args', 'example_xcom_args_with_operators']) retrieved from /home/airflow/.local/lib/python3.7/site-packages/airflow/example_dags/example_xcomargs.py
[2022-06-24 16:38:26,327] {logging_mixin.py:109} INFO - [2022-06-24 16:38:26,326] {dag.py:2398} INFO - Sync 2 DAGs
[2022-06-24 16:38:26,336] {logging_mixin.py:109} INFO - [2022-06-24 16:38:26,336] {dag.py:2937} INFO - Setting next_dagrun for example_xcom_args to None
[2022-06-24 16:38:26,336] {logging_mixin.py:109} INFO - [2022-06-24 16:38:26,336] {dag.py:2937} INFO - Setting next_dagrun for example_xcom_args_with_operators to None
[2022-06-24 16:38:26,343] {processor.py:171} INFO - Processing /home/airflow/.local/lib/python3.7/site-packages/airflow/example_dags/example_xcomargs.py took 0.250 seconds
