[2022-06-24 16:06:49,383] {processor.py:163} INFO - Started process (PID=100) to work on /home/airflow/.local/lib/python3.7/site-packages/airflow/example_dags/example_trigger_target_dag.py
[2022-06-24 16:06:49,383] {processor.py:642} INFO - Processing file /home/airflow/.local/lib/python3.7/site-packages/airflow/example_dags/example_trigger_target_dag.py for tasks to queue
[2022-06-24 16:06:49,384] {logging_mixin.py:109} INFO - [2022-06-24 16:06:49,384] {dagbag.py:500} INFO - Filling up the DagBag from /home/airflow/.local/lib/python3.7/site-packages/airflow/example_dags/example_trigger_target_dag.py
[2022-06-24 16:06:49,397] {processor.py:652} INFO - DAG(s) dict_keys(['example_trigger_target_dag']) retrieved from /home/airflow/.local/lib/python3.7/site-packages/airflow/example_dags/example_trigger_target_dag.py
[2022-06-24 16:06:50,643] {logging_mixin.py:109} INFO - [2022-06-24 16:06:50,643] {manager.py:496} INFO - Created Permission View: can edit on DAG:example_trigger_target_dag
[2022-06-24 16:06:50,647] {logging_mixin.py:109} INFO - [2022-06-24 16:06:50,647] {manager.py:496} INFO - Created Permission View: can read on DAG:example_trigger_target_dag
[2022-06-24 16:06:50,648] {logging_mixin.py:109} INFO - [2022-06-24 16:06:50,647] {dag.py:2398} INFO - Sync 1 DAGs
[2022-06-24 16:06:50,652] {logging_mixin.py:109} INFO - [2022-06-24 16:06:50,651] {dag.py:2417} INFO - Creating ORM DAG for example_trigger_target_dag
[2022-06-24 16:06:50,656] {logging_mixin.py:109} INFO - [2022-06-24 16:06:50,656] {dag.py:2937} INFO - Setting next_dagrun for example_trigger_target_dag to None
[2022-06-24 16:06:50,663] {processor.py:171} INFO - Processing /home/airflow/.local/lib/python3.7/site-packages/airflow/example_dags/example_trigger_target_dag.py took 1.282 seconds
[2022-06-24 16:07:21,456] {processor.py:163} INFO - Started process (PID=352) to work on /home/airflow/.local/lib/python3.7/site-packages/airflow/example_dags/example_trigger_target_dag.py
[2022-06-24 16:07:21,457] {processor.py:642} INFO - Processing file /home/airflow/.local/lib/python3.7/site-packages/airflow/example_dags/example_trigger_target_dag.py for tasks to queue
[2022-06-24 16:07:21,457] {logging_mixin.py:109} INFO - [2022-06-24 16:07:21,457] {dagbag.py:500} INFO - Filling up the DagBag from /home/airflow/.local/lib/python3.7/site-packages/airflow/example_dags/example_trigger_target_dag.py
[2022-06-24 16:07:21,469] {processor.py:652} INFO - DAG(s) dict_keys(['example_trigger_target_dag']) retrieved from /home/airflow/.local/lib/python3.7/site-packages/airflow/example_dags/example_trigger_target_dag.py
[2022-06-24 16:07:21,481] {logging_mixin.py:109} INFO - [2022-06-24 16:07:21,481] {dag.py:2398} INFO - Sync 1 DAGs
[2022-06-24 16:07:21,491] {logging_mixin.py:109} INFO - [2022-06-24 16:07:21,491] {dag.py:2937} INFO - Setting next_dagrun for example_trigger_target_dag to None
[2022-06-24 16:07:21,497] {processor.py:171} INFO - Processing /home/airflow/.local/lib/python3.7/site-packages/airflow/example_dags/example_trigger_target_dag.py took 0.043 seconds
[2022-06-24 16:07:51,607] {processor.py:163} INFO - Started process (PID=402) to work on /home/airflow/.local/lib/python3.7/site-packages/airflow/example_dags/example_trigger_target_dag.py
[2022-06-24 16:07:51,608] {processor.py:642} INFO - Processing file /home/airflow/.local/lib/python3.7/site-packages/airflow/example_dags/example_trigger_target_dag.py for tasks to queue
[2022-06-24 16:07:51,609] {logging_mixin.py:109} INFO - [2022-06-24 16:07:51,609] {dagbag.py:500} INFO - Filling up the DagBag from /home/airflow/.local/lib/python3.7/site-packages/airflow/example_dags/example_trigger_target_dag.py
[2022-06-24 16:07:51,626] {processor.py:652} INFO - DAG(s) dict_keys(['example_trigger_target_dag']) retrieved from /home/airflow/.local/lib/python3.7/site-packages/airflow/example_dags/example_trigger_target_dag.py
[2022-06-24 16:07:51,637] {logging_mixin.py:109} INFO - [2022-06-24 16:07:51,637] {dag.py:2398} INFO - Sync 1 DAGs
[2022-06-24 16:07:51,646] {logging_mixin.py:109} INFO - [2022-06-24 16:07:51,646] {dag.py:2937} INFO - Setting next_dagrun for example_trigger_target_dag to None
[2022-06-24 16:07:51,651] {processor.py:171} INFO - Processing /home/airflow/.local/lib/python3.7/site-packages/airflow/example_dags/example_trigger_target_dag.py took 0.049 seconds
[2022-06-24 16:08:21,868] {processor.py:163} INFO - Started process (PID=462) to work on /home/airflow/.local/lib/python3.7/site-packages/airflow/example_dags/example_trigger_target_dag.py
[2022-06-24 16:08:21,869] {processor.py:642} INFO - Processing file /home/airflow/.local/lib/python3.7/site-packages/airflow/example_dags/example_trigger_target_dag.py for tasks to queue
[2022-06-24 16:08:21,869] {logging_mixin.py:109} INFO - [2022-06-24 16:08:21,869] {dagbag.py:500} INFO - Filling up the DagBag from /home/airflow/.local/lib/python3.7/site-packages/airflow/example_dags/example_trigger_target_dag.py
[2022-06-24 16:08:21,879] {processor.py:652} INFO - DAG(s) dict_keys(['example_trigger_target_dag']) retrieved from /home/airflow/.local/lib/python3.7/site-packages/airflow/example_dags/example_trigger_target_dag.py
[2022-06-24 16:08:21,891] {logging_mixin.py:109} INFO - [2022-06-24 16:08:21,890] {dag.py:2398} INFO - Sync 1 DAGs
[2022-06-24 16:08:21,900] {logging_mixin.py:109} INFO - [2022-06-24 16:08:21,900] {dag.py:2937} INFO - Setting next_dagrun for example_trigger_target_dag to None
[2022-06-24 16:08:21,906] {processor.py:171} INFO - Processing /home/airflow/.local/lib/python3.7/site-packages/airflow/example_dags/example_trigger_target_dag.py took 0.039 seconds
[2022-06-24 16:08:52,198] {processor.py:163} INFO - Started process (PID=520) to work on /home/airflow/.local/lib/python3.7/site-packages/airflow/example_dags/example_trigger_target_dag.py
[2022-06-24 16:08:52,200] {processor.py:642} INFO - Processing file /home/airflow/.local/lib/python3.7/site-packages/airflow/example_dags/example_trigger_target_dag.py for tasks to queue
[2022-06-24 16:08:52,200] {logging_mixin.py:109} INFO - [2022-06-24 16:08:52,200] {dagbag.py:500} INFO - Filling up the DagBag from /home/airflow/.local/lib/python3.7/site-packages/airflow/example_dags/example_trigger_target_dag.py
[2022-06-24 16:08:52,211] {processor.py:652} INFO - DAG(s) dict_keys(['example_trigger_target_dag']) retrieved from /home/airflow/.local/lib/python3.7/site-packages/airflow/example_dags/example_trigger_target_dag.py
[2022-06-24 16:08:52,224] {logging_mixin.py:109} INFO - [2022-06-24 16:08:52,224] {dag.py:2398} INFO - Sync 1 DAGs
[2022-06-24 16:08:52,235] {logging_mixin.py:109} INFO - [2022-06-24 16:08:52,235] {dag.py:2937} INFO - Setting next_dagrun for example_trigger_target_dag to None
[2022-06-24 16:08:52,240] {processor.py:171} INFO - Processing /home/airflow/.local/lib/python3.7/site-packages/airflow/example_dags/example_trigger_target_dag.py took 0.044 seconds
[2022-06-24 16:09:22,524] {processor.py:163} INFO - Started process (PID=570) to work on /home/airflow/.local/lib/python3.7/site-packages/airflow/example_dags/example_trigger_target_dag.py
[2022-06-24 16:09:22,525] {processor.py:642} INFO - Processing file /home/airflow/.local/lib/python3.7/site-packages/airflow/example_dags/example_trigger_target_dag.py for tasks to queue
[2022-06-24 16:09:22,526] {logging_mixin.py:109} INFO - [2022-06-24 16:09:22,526] {dagbag.py:500} INFO - Filling up the DagBag from /home/airflow/.local/lib/python3.7/site-packages/airflow/example_dags/example_trigger_target_dag.py
[2022-06-24 16:09:22,536] {processor.py:652} INFO - DAG(s) dict_keys(['example_trigger_target_dag']) retrieved from /home/airflow/.local/lib/python3.7/site-packages/airflow/example_dags/example_trigger_target_dag.py
[2022-06-24 16:09:22,546] {logging_mixin.py:109} INFO - [2022-06-24 16:09:22,546] {dag.py:2398} INFO - Sync 1 DAGs
[2022-06-24 16:09:22,556] {logging_mixin.py:109} INFO - [2022-06-24 16:09:22,555] {dag.py:2937} INFO - Setting next_dagrun for example_trigger_target_dag to None
[2022-06-24 16:09:22,560] {processor.py:171} INFO - Processing /home/airflow/.local/lib/python3.7/site-packages/airflow/example_dags/example_trigger_target_dag.py took 0.038 seconds
[2022-06-24 16:09:52,654] {processor.py:163} INFO - Started process (PID=630) to work on /home/airflow/.local/lib/python3.7/site-packages/airflow/example_dags/example_trigger_target_dag.py
[2022-06-24 16:09:52,656] {processor.py:642} INFO - Processing file /home/airflow/.local/lib/python3.7/site-packages/airflow/example_dags/example_trigger_target_dag.py for tasks to queue
[2022-06-24 16:09:52,657] {logging_mixin.py:109} INFO - [2022-06-24 16:09:52,657] {dagbag.py:500} INFO - Filling up the DagBag from /home/airflow/.local/lib/python3.7/site-packages/airflow/example_dags/example_trigger_target_dag.py
[2022-06-24 16:09:52,669] {processor.py:652} INFO - DAG(s) dict_keys(['example_trigger_target_dag']) retrieved from /home/airflow/.local/lib/python3.7/site-packages/airflow/example_dags/example_trigger_target_dag.py
[2022-06-24 16:09:52,681] {logging_mixin.py:109} INFO - [2022-06-24 16:09:52,681] {dag.py:2398} INFO - Sync 1 DAGs
[2022-06-24 16:09:52,690] {logging_mixin.py:109} INFO - [2022-06-24 16:09:52,690] {dag.py:2937} INFO - Setting next_dagrun for example_trigger_target_dag to None
[2022-06-24 16:09:52,695] {processor.py:171} INFO - Processing /home/airflow/.local/lib/python3.7/site-packages/airflow/example_dags/example_trigger_target_dag.py took 0.043 seconds
[2022-06-24 16:10:22,935] {processor.py:163} INFO - Started process (PID=680) to work on /home/airflow/.local/lib/python3.7/site-packages/airflow/example_dags/example_trigger_target_dag.py
[2022-06-24 16:10:22,936] {processor.py:642} INFO - Processing file /home/airflow/.local/lib/python3.7/site-packages/airflow/example_dags/example_trigger_target_dag.py for tasks to queue
[2022-06-24 16:10:22,937] {logging_mixin.py:109} INFO - [2022-06-24 16:10:22,937] {dagbag.py:500} INFO - Filling up the DagBag from /home/airflow/.local/lib/python3.7/site-packages/airflow/example_dags/example_trigger_target_dag.py
[2022-06-24 16:10:22,947] {processor.py:652} INFO - DAG(s) dict_keys(['example_trigger_target_dag']) retrieved from /home/airflow/.local/lib/python3.7/site-packages/airflow/example_dags/example_trigger_target_dag.py
[2022-06-24 16:10:22,958] {logging_mixin.py:109} INFO - [2022-06-24 16:10:22,958] {dag.py:2398} INFO - Sync 1 DAGs
[2022-06-24 16:10:22,967] {logging_mixin.py:109} INFO - [2022-06-24 16:10:22,967] {dag.py:2937} INFO - Setting next_dagrun for example_trigger_target_dag to None
[2022-06-24 16:10:22,972] {processor.py:171} INFO - Processing /home/airflow/.local/lib/python3.7/site-packages/airflow/example_dags/example_trigger_target_dag.py took 0.039 seconds
[2022-06-24 16:10:53,288] {processor.py:163} INFO - Started process (PID=739) to work on /home/airflow/.local/lib/python3.7/site-packages/airflow/example_dags/example_trigger_target_dag.py
[2022-06-24 16:10:53,289] {processor.py:642} INFO - Processing file /home/airflow/.local/lib/python3.7/site-packages/airflow/example_dags/example_trigger_target_dag.py for tasks to queue
[2022-06-24 16:10:53,290] {logging_mixin.py:109} INFO - [2022-06-24 16:10:53,290] {dagbag.py:500} INFO - Filling up the DagBag from /home/airflow/.local/lib/python3.7/site-packages/airflow/example_dags/example_trigger_target_dag.py
[2022-06-24 16:10:53,305] {processor.py:652} INFO - DAG(s) dict_keys(['example_trigger_target_dag']) retrieved from /home/airflow/.local/lib/python3.7/site-packages/airflow/example_dags/example_trigger_target_dag.py
[2022-06-24 16:10:53,316] {logging_mixin.py:109} INFO - [2022-06-24 16:10:53,316] {dag.py:2398} INFO - Sync 1 DAGs
[2022-06-24 16:10:53,325] {logging_mixin.py:109} INFO - [2022-06-24 16:10:53,325] {dag.py:2937} INFO - Setting next_dagrun for example_trigger_target_dag to None
[2022-06-24 16:10:53,332] {processor.py:171} INFO - Processing /home/airflow/.local/lib/python3.7/site-packages/airflow/example_dags/example_trigger_target_dag.py took 0.046 seconds
[2022-06-24 16:11:23,558] {processor.py:163} INFO - Started process (PID=798) to work on /home/airflow/.local/lib/python3.7/site-packages/airflow/example_dags/example_trigger_target_dag.py
[2022-06-24 16:11:23,560] {processor.py:642} INFO - Processing file /home/airflow/.local/lib/python3.7/site-packages/airflow/example_dags/example_trigger_target_dag.py for tasks to queue
[2022-06-24 16:11:23,560] {logging_mixin.py:109} INFO - [2022-06-24 16:11:23,560] {dagbag.py:500} INFO - Filling up the DagBag from /home/airflow/.local/lib/python3.7/site-packages/airflow/example_dags/example_trigger_target_dag.py
[2022-06-24 16:11:23,570] {processor.py:652} INFO - DAG(s) dict_keys(['example_trigger_target_dag']) retrieved from /home/airflow/.local/lib/python3.7/site-packages/airflow/example_dags/example_trigger_target_dag.py
[2022-06-24 16:11:23,598] {logging_mixin.py:109} INFO - [2022-06-24 16:11:23,598] {dag.py:2398} INFO - Sync 1 DAGs
[2022-06-24 16:11:23,608] {logging_mixin.py:109} INFO - [2022-06-24 16:11:23,608] {dag.py:2937} INFO - Setting next_dagrun for example_trigger_target_dag to None
[2022-06-24 16:11:23,613] {processor.py:171} INFO - Processing /home/airflow/.local/lib/python3.7/site-packages/airflow/example_dags/example_trigger_target_dag.py took 0.057 seconds
[2022-06-24 16:11:53,931] {processor.py:163} INFO - Started process (PID=848) to work on /home/airflow/.local/lib/python3.7/site-packages/airflow/example_dags/example_trigger_target_dag.py
[2022-06-24 16:11:53,932] {processor.py:642} INFO - Processing file /home/airflow/.local/lib/python3.7/site-packages/airflow/example_dags/example_trigger_target_dag.py for tasks to queue
[2022-06-24 16:11:53,932] {logging_mixin.py:109} INFO - [2022-06-24 16:11:53,932] {dagbag.py:500} INFO - Filling up the DagBag from /home/airflow/.local/lib/python3.7/site-packages/airflow/example_dags/example_trigger_target_dag.py
[2022-06-24 16:11:53,942] {processor.py:652} INFO - DAG(s) dict_keys(['example_trigger_target_dag']) retrieved from /home/airflow/.local/lib/python3.7/site-packages/airflow/example_dags/example_trigger_target_dag.py
[2022-06-24 16:11:53,953] {logging_mixin.py:109} INFO - [2022-06-24 16:11:53,953] {dag.py:2398} INFO - Sync 1 DAGs
[2022-06-24 16:11:53,963] {logging_mixin.py:109} INFO - [2022-06-24 16:11:53,963] {dag.py:2937} INFO - Setting next_dagrun for example_trigger_target_dag to None
[2022-06-24 16:11:53,969] {processor.py:171} INFO - Processing /home/airflow/.local/lib/python3.7/site-packages/airflow/example_dags/example_trigger_target_dag.py took 0.040 seconds
[2022-06-24 16:12:24,174] {processor.py:163} INFO - Started process (PID=908) to work on /home/airflow/.local/lib/python3.7/site-packages/airflow/example_dags/example_trigger_target_dag.py
[2022-06-24 16:12:24,176] {processor.py:642} INFO - Processing file /home/airflow/.local/lib/python3.7/site-packages/airflow/example_dags/example_trigger_target_dag.py for tasks to queue
[2022-06-24 16:12:24,176] {logging_mixin.py:109} INFO - [2022-06-24 16:12:24,176] {dagbag.py:500} INFO - Filling up the DagBag from /home/airflow/.local/lib/python3.7/site-packages/airflow/example_dags/example_trigger_target_dag.py
[2022-06-24 16:12:24,192] {processor.py:652} INFO - DAG(s) dict_keys(['example_trigger_target_dag']) retrieved from /home/airflow/.local/lib/python3.7/site-packages/airflow/example_dags/example_trigger_target_dag.py
[2022-06-24 16:12:24,203] {logging_mixin.py:109} INFO - [2022-06-24 16:12:24,203] {dag.py:2398} INFO - Sync 1 DAGs
[2022-06-24 16:12:24,215] {logging_mixin.py:109} INFO - [2022-06-24 16:12:24,214] {dag.py:2937} INFO - Setting next_dagrun for example_trigger_target_dag to None
[2022-06-24 16:12:24,219] {processor.py:171} INFO - Processing /home/airflow/.local/lib/python3.7/site-packages/airflow/example_dags/example_trigger_target_dag.py took 0.048 seconds
[2022-06-24 16:12:54,589] {processor.py:163} INFO - Started process (PID=968) to work on /home/airflow/.local/lib/python3.7/site-packages/airflow/example_dags/example_trigger_target_dag.py
[2022-06-24 16:12:54,590] {processor.py:642} INFO - Processing file /home/airflow/.local/lib/python3.7/site-packages/airflow/example_dags/example_trigger_target_dag.py for tasks to queue
[2022-06-24 16:12:54,591] {logging_mixin.py:109} INFO - [2022-06-24 16:12:54,591] {dagbag.py:500} INFO - Filling up the DagBag from /home/airflow/.local/lib/python3.7/site-packages/airflow/example_dags/example_trigger_target_dag.py
[2022-06-24 16:12:54,602] {processor.py:652} INFO - DAG(s) dict_keys(['example_trigger_target_dag']) retrieved from /home/airflow/.local/lib/python3.7/site-packages/airflow/example_dags/example_trigger_target_dag.py
[2022-06-24 16:12:54,617] {logging_mixin.py:109} INFO - [2022-06-24 16:12:54,617] {dag.py:2398} INFO - Sync 1 DAGs
[2022-06-24 16:12:54,631] {logging_mixin.py:109} INFO - [2022-06-24 16:12:54,631] {dag.py:2937} INFO - Setting next_dagrun for example_trigger_target_dag to None
[2022-06-24 16:12:54,638] {processor.py:171} INFO - Processing /home/airflow/.local/lib/python3.7/site-packages/airflow/example_dags/example_trigger_target_dag.py took 0.051 seconds
[2022-06-24 16:13:25,612] {processor.py:163} INFO - Started process (PID=1019) to work on /home/airflow/.local/lib/python3.7/site-packages/airflow/example_dags/example_trigger_target_dag.py
[2022-06-24 16:13:25,615] {processor.py:642} INFO - Processing file /home/airflow/.local/lib/python3.7/site-packages/airflow/example_dags/example_trigger_target_dag.py for tasks to queue
[2022-06-24 16:13:25,615] {logging_mixin.py:109} INFO - [2022-06-24 16:13:25,615] {dagbag.py:500} INFO - Filling up the DagBag from /home/airflow/.local/lib/python3.7/site-packages/airflow/example_dags/example_trigger_target_dag.py
[2022-06-24 16:13:25,631] {processor.py:652} INFO - DAG(s) dict_keys(['example_trigger_target_dag']) retrieved from /home/airflow/.local/lib/python3.7/site-packages/airflow/example_dags/example_trigger_target_dag.py
[2022-06-24 16:13:25,642] {logging_mixin.py:109} INFO - [2022-06-24 16:13:25,642] {dag.py:2398} INFO - Sync 1 DAGs
[2022-06-24 16:13:25,652] {logging_mixin.py:109} INFO - [2022-06-24 16:13:25,652] {dag.py:2937} INFO - Setting next_dagrun for example_trigger_target_dag to None
[2022-06-24 16:13:25,657] {processor.py:171} INFO - Processing /home/airflow/.local/lib/python3.7/site-packages/airflow/example_dags/example_trigger_target_dag.py took 0.049 seconds
[2022-06-24 16:13:56,049] {processor.py:163} INFO - Started process (PID=1078) to work on /home/airflow/.local/lib/python3.7/site-packages/airflow/example_dags/example_trigger_target_dag.py
[2022-06-24 16:13:56,051] {processor.py:642} INFO - Processing file /home/airflow/.local/lib/python3.7/site-packages/airflow/example_dags/example_trigger_target_dag.py for tasks to queue
[2022-06-24 16:13:56,052] {logging_mixin.py:109} INFO - [2022-06-24 16:13:56,052] {dagbag.py:500} INFO - Filling up the DagBag from /home/airflow/.local/lib/python3.7/site-packages/airflow/example_dags/example_trigger_target_dag.py
[2022-06-24 16:13:56,068] {processor.py:652} INFO - DAG(s) dict_keys(['example_trigger_target_dag']) retrieved from /home/airflow/.local/lib/python3.7/site-packages/airflow/example_dags/example_trigger_target_dag.py
[2022-06-24 16:13:56,080] {logging_mixin.py:109} INFO - [2022-06-24 16:13:56,080] {dag.py:2398} INFO - Sync 1 DAGs
[2022-06-24 16:13:56,089] {logging_mixin.py:109} INFO - [2022-06-24 16:13:56,089] {dag.py:2937} INFO - Setting next_dagrun for example_trigger_target_dag to None
[2022-06-24 16:13:56,095] {processor.py:171} INFO - Processing /home/airflow/.local/lib/python3.7/site-packages/airflow/example_dags/example_trigger_target_dag.py took 0.049 seconds
[2022-06-24 16:14:26,330] {processor.py:163} INFO - Started process (PID=1138) to work on /home/airflow/.local/lib/python3.7/site-packages/airflow/example_dags/example_trigger_target_dag.py
[2022-06-24 16:14:26,331] {processor.py:642} INFO - Processing file /home/airflow/.local/lib/python3.7/site-packages/airflow/example_dags/example_trigger_target_dag.py for tasks to queue
[2022-06-24 16:14:26,331] {logging_mixin.py:109} INFO - [2022-06-24 16:14:26,331] {dagbag.py:500} INFO - Filling up the DagBag from /home/airflow/.local/lib/python3.7/site-packages/airflow/example_dags/example_trigger_target_dag.py
[2022-06-24 16:14:26,341] {processor.py:652} INFO - DAG(s) dict_keys(['example_trigger_target_dag']) retrieved from /home/airflow/.local/lib/python3.7/site-packages/airflow/example_dags/example_trigger_target_dag.py
[2022-06-24 16:14:26,353] {logging_mixin.py:109} INFO - [2022-06-24 16:14:26,353] {dag.py:2398} INFO - Sync 1 DAGs
[2022-06-24 16:14:26,362] {logging_mixin.py:109} INFO - [2022-06-24 16:14:26,362] {dag.py:2937} INFO - Setting next_dagrun for example_trigger_target_dag to None
[2022-06-24 16:14:26,368] {processor.py:171} INFO - Processing /home/airflow/.local/lib/python3.7/site-packages/airflow/example_dags/example_trigger_target_dag.py took 0.040 seconds
[2022-06-24 16:15:28,923] {processor.py:163} INFO - Started process (PID=37) to work on /home/airflow/.local/lib/python3.7/site-packages/airflow/example_dags/example_trigger_target_dag.py
[2022-06-24 16:15:28,924] {processor.py:642} INFO - Processing file /home/airflow/.local/lib/python3.7/site-packages/airflow/example_dags/example_trigger_target_dag.py for tasks to queue
[2022-06-24 16:15:28,924] {logging_mixin.py:109} INFO - [2022-06-24 16:15:28,924] {dagbag.py:500} INFO - Filling up the DagBag from /home/airflow/.local/lib/python3.7/site-packages/airflow/example_dags/example_trigger_target_dag.py
[2022-06-24 16:15:28,943] {processor.py:652} INFO - DAG(s) dict_keys(['example_trigger_target_dag']) retrieved from /home/airflow/.local/lib/python3.7/site-packages/airflow/example_dags/example_trigger_target_dag.py
[2022-06-24 16:15:28,958] {logging_mixin.py:109} INFO - [2022-06-24 16:15:28,958] {dag.py:2398} INFO - Sync 1 DAGs
[2022-06-24 16:15:28,973] {logging_mixin.py:109} INFO - [2022-06-24 16:15:28,973] {dag.py:2937} INFO - Setting next_dagrun for example_trigger_target_dag to None
[2022-06-24 16:15:28,982] {processor.py:171} INFO - Processing /home/airflow/.local/lib/python3.7/site-packages/airflow/example_dags/example_trigger_target_dag.py took 0.061 seconds
[2022-06-24 16:16:00,043] {processor.py:163} INFO - Started process (PID=99) to work on /home/airflow/.local/lib/python3.7/site-packages/airflow/example_dags/example_trigger_target_dag.py
[2022-06-24 16:16:00,043] {processor.py:642} INFO - Processing file /home/airflow/.local/lib/python3.7/site-packages/airflow/example_dags/example_trigger_target_dag.py for tasks to queue
[2022-06-24 16:16:00,044] {logging_mixin.py:109} INFO - [2022-06-24 16:16:00,044] {dagbag.py:500} INFO - Filling up the DagBag from /home/airflow/.local/lib/python3.7/site-packages/airflow/example_dags/example_trigger_target_dag.py
[2022-06-24 16:16:00,056] {processor.py:652} INFO - DAG(s) dict_keys(['example_trigger_target_dag']) retrieved from /home/airflow/.local/lib/python3.7/site-packages/airflow/example_dags/example_trigger_target_dag.py
[2022-06-24 16:16:00,068] {logging_mixin.py:109} INFO - [2022-06-24 16:16:00,068] {dag.py:2398} INFO - Sync 1 DAGs
[2022-06-24 16:16:00,077] {logging_mixin.py:109} INFO - [2022-06-24 16:16:00,077] {dag.py:2937} INFO - Setting next_dagrun for example_trigger_target_dag to None
[2022-06-24 16:16:00,082] {processor.py:171} INFO - Processing /home/airflow/.local/lib/python3.7/site-packages/airflow/example_dags/example_trigger_target_dag.py took 0.041 seconds
[2022-06-24 16:16:30,489] {processor.py:163} INFO - Started process (PID=159) to work on /home/airflow/.local/lib/python3.7/site-packages/airflow/example_dags/example_trigger_target_dag.py
[2022-06-24 16:16:30,490] {processor.py:642} INFO - Processing file /home/airflow/.local/lib/python3.7/site-packages/airflow/example_dags/example_trigger_target_dag.py for tasks to queue
[2022-06-24 16:16:30,490] {logging_mixin.py:109} INFO - [2022-06-24 16:16:30,490] {dagbag.py:500} INFO - Filling up the DagBag from /home/airflow/.local/lib/python3.7/site-packages/airflow/example_dags/example_trigger_target_dag.py
[2022-06-24 16:16:30,502] {processor.py:652} INFO - DAG(s) dict_keys(['example_trigger_target_dag']) retrieved from /home/airflow/.local/lib/python3.7/site-packages/airflow/example_dags/example_trigger_target_dag.py
[2022-06-24 16:16:30,514] {logging_mixin.py:109} INFO - [2022-06-24 16:16:30,514] {dag.py:2398} INFO - Sync 1 DAGs
[2022-06-24 16:16:30,523] {logging_mixin.py:109} INFO - [2022-06-24 16:16:30,523] {dag.py:2937} INFO - Setting next_dagrun for example_trigger_target_dag to None
[2022-06-24 16:16:30,529] {processor.py:171} INFO - Processing /home/airflow/.local/lib/python3.7/site-packages/airflow/example_dags/example_trigger_target_dag.py took 0.041 seconds
[2022-06-24 16:17:00,939] {processor.py:163} INFO - Started process (PID=208) to work on /home/airflow/.local/lib/python3.7/site-packages/airflow/example_dags/example_trigger_target_dag.py
[2022-06-24 16:17:00,940] {processor.py:642} INFO - Processing file /home/airflow/.local/lib/python3.7/site-packages/airflow/example_dags/example_trigger_target_dag.py for tasks to queue
[2022-06-24 16:17:00,941] {logging_mixin.py:109} INFO - [2022-06-24 16:17:00,940] {dagbag.py:500} INFO - Filling up the DagBag from /home/airflow/.local/lib/python3.7/site-packages/airflow/example_dags/example_trigger_target_dag.py
[2022-06-24 16:17:00,951] {processor.py:652} INFO - DAG(s) dict_keys(['example_trigger_target_dag']) retrieved from /home/airflow/.local/lib/python3.7/site-packages/airflow/example_dags/example_trigger_target_dag.py
[2022-06-24 16:17:00,964] {logging_mixin.py:109} INFO - [2022-06-24 16:17:00,963] {dag.py:2398} INFO - Sync 1 DAGs
[2022-06-24 16:17:00,976] {logging_mixin.py:109} INFO - [2022-06-24 16:17:00,976] {dag.py:2937} INFO - Setting next_dagrun for example_trigger_target_dag to None
[2022-06-24 16:17:00,982] {processor.py:171} INFO - Processing /home/airflow/.local/lib/python3.7/site-packages/airflow/example_dags/example_trigger_target_dag.py took 0.044 seconds
[2022-06-24 16:17:31,492] {processor.py:163} INFO - Started process (PID=268) to work on /home/airflow/.local/lib/python3.7/site-packages/airflow/example_dags/example_trigger_target_dag.py
[2022-06-24 16:17:31,493] {processor.py:642} INFO - Processing file /home/airflow/.local/lib/python3.7/site-packages/airflow/example_dags/example_trigger_target_dag.py for tasks to queue
[2022-06-24 16:17:31,493] {logging_mixin.py:109} INFO - [2022-06-24 16:17:31,493] {dagbag.py:500} INFO - Filling up the DagBag from /home/airflow/.local/lib/python3.7/site-packages/airflow/example_dags/example_trigger_target_dag.py
[2022-06-24 16:17:31,504] {processor.py:652} INFO - DAG(s) dict_keys(['example_trigger_target_dag']) retrieved from /home/airflow/.local/lib/python3.7/site-packages/airflow/example_dags/example_trigger_target_dag.py
[2022-06-24 16:17:31,515] {logging_mixin.py:109} INFO - [2022-06-24 16:17:31,515] {dag.py:2398} INFO - Sync 1 DAGs
[2022-06-24 16:17:31,527] {logging_mixin.py:109} INFO - [2022-06-24 16:17:31,526] {dag.py:2937} INFO - Setting next_dagrun for example_trigger_target_dag to None
[2022-06-24 16:17:31,533] {processor.py:171} INFO - Processing /home/airflow/.local/lib/python3.7/site-packages/airflow/example_dags/example_trigger_target_dag.py took 0.043 seconds
[2022-06-24 16:18:02,117] {processor.py:163} INFO - Started process (PID=327) to work on /home/airflow/.local/lib/python3.7/site-packages/airflow/example_dags/example_trigger_target_dag.py
[2022-06-24 16:18:02,118] {processor.py:642} INFO - Processing file /home/airflow/.local/lib/python3.7/site-packages/airflow/example_dags/example_trigger_target_dag.py for tasks to queue
[2022-06-24 16:18:02,118] {logging_mixin.py:109} INFO - [2022-06-24 16:18:02,118] {dagbag.py:500} INFO - Filling up the DagBag from /home/airflow/.local/lib/python3.7/site-packages/airflow/example_dags/example_trigger_target_dag.py
[2022-06-24 16:18:02,130] {processor.py:652} INFO - DAG(s) dict_keys(['example_trigger_target_dag']) retrieved from /home/airflow/.local/lib/python3.7/site-packages/airflow/example_dags/example_trigger_target_dag.py
[2022-06-24 16:18:02,143] {logging_mixin.py:109} INFO - [2022-06-24 16:18:02,143] {dag.py:2398} INFO - Sync 1 DAGs
[2022-06-24 16:18:02,154] {logging_mixin.py:109} INFO - [2022-06-24 16:18:02,154] {dag.py:2937} INFO - Setting next_dagrun for example_trigger_target_dag to None
[2022-06-24 16:18:02,160] {processor.py:171} INFO - Processing /home/airflow/.local/lib/python3.7/site-packages/airflow/example_dags/example_trigger_target_dag.py took 0.045 seconds
[2022-06-24 16:18:32,805] {processor.py:163} INFO - Started process (PID=377) to work on /home/airflow/.local/lib/python3.7/site-packages/airflow/example_dags/example_trigger_target_dag.py
[2022-06-24 16:18:32,805] {processor.py:642} INFO - Processing file /home/airflow/.local/lib/python3.7/site-packages/airflow/example_dags/example_trigger_target_dag.py for tasks to queue
[2022-06-24 16:18:32,806] {logging_mixin.py:109} INFO - [2022-06-24 16:18:32,805] {dagbag.py:500} INFO - Filling up the DagBag from /home/airflow/.local/lib/python3.7/site-packages/airflow/example_dags/example_trigger_target_dag.py
[2022-06-24 16:18:32,819] {processor.py:652} INFO - DAG(s) dict_keys(['example_trigger_target_dag']) retrieved from /home/airflow/.local/lib/python3.7/site-packages/airflow/example_dags/example_trigger_target_dag.py
[2022-06-24 16:18:32,837] {logging_mixin.py:109} INFO - [2022-06-24 16:18:32,836] {dag.py:2398} INFO - Sync 1 DAGs
[2022-06-24 16:18:32,855] {logging_mixin.py:109} INFO - [2022-06-24 16:18:32,855] {dag.py:2937} INFO - Setting next_dagrun for example_trigger_target_dag to None
[2022-06-24 16:18:32,868] {processor.py:171} INFO - Processing /home/airflow/.local/lib/python3.7/site-packages/airflow/example_dags/example_trigger_target_dag.py took 0.065 seconds
[2022-06-24 16:19:03,649] {processor.py:163} INFO - Started process (PID=437) to work on /home/airflow/.local/lib/python3.7/site-packages/airflow/example_dags/example_trigger_target_dag.py
[2022-06-24 16:19:03,650] {processor.py:642} INFO - Processing file /home/airflow/.local/lib/python3.7/site-packages/airflow/example_dags/example_trigger_target_dag.py for tasks to queue
[2022-06-24 16:19:03,650] {logging_mixin.py:109} INFO - [2022-06-24 16:19:03,650] {dagbag.py:500} INFO - Filling up the DagBag from /home/airflow/.local/lib/python3.7/site-packages/airflow/example_dags/example_trigger_target_dag.py
[2022-06-24 16:19:03,661] {processor.py:652} INFO - DAG(s) dict_keys(['example_trigger_target_dag']) retrieved from /home/airflow/.local/lib/python3.7/site-packages/airflow/example_dags/example_trigger_target_dag.py
[2022-06-24 16:19:03,674] {logging_mixin.py:109} INFO - [2022-06-24 16:19:03,674] {dag.py:2398} INFO - Sync 1 DAGs
[2022-06-24 16:19:03,685] {logging_mixin.py:109} INFO - [2022-06-24 16:19:03,685] {dag.py:2937} INFO - Setting next_dagrun for example_trigger_target_dag to None
[2022-06-24 16:19:03,692] {processor.py:171} INFO - Processing /home/airflow/.local/lib/python3.7/site-packages/airflow/example_dags/example_trigger_target_dag.py took 0.045 seconds
[2022-06-24 16:19:34,237] {processor.py:163} INFO - Started process (PID=497) to work on /home/airflow/.local/lib/python3.7/site-packages/airflow/example_dags/example_trigger_target_dag.py
[2022-06-24 16:19:34,238] {processor.py:642} INFO - Processing file /home/airflow/.local/lib/python3.7/site-packages/airflow/example_dags/example_trigger_target_dag.py for tasks to queue
[2022-06-24 16:19:34,238] {logging_mixin.py:109} INFO - [2022-06-24 16:19:34,238] {dagbag.py:500} INFO - Filling up the DagBag from /home/airflow/.local/lib/python3.7/site-packages/airflow/example_dags/example_trigger_target_dag.py
[2022-06-24 16:19:34,249] {processor.py:652} INFO - DAG(s) dict_keys(['example_trigger_target_dag']) retrieved from /home/airflow/.local/lib/python3.7/site-packages/airflow/example_dags/example_trigger_target_dag.py
[2022-06-24 16:19:34,261] {logging_mixin.py:109} INFO - [2022-06-24 16:19:34,261] {dag.py:2398} INFO - Sync 1 DAGs
[2022-06-24 16:19:34,271] {logging_mixin.py:109} INFO - [2022-06-24 16:19:34,271] {dag.py:2937} INFO - Setting next_dagrun for example_trigger_target_dag to None
[2022-06-24 16:19:34,276] {processor.py:171} INFO - Processing /home/airflow/.local/lib/python3.7/site-packages/airflow/example_dags/example_trigger_target_dag.py took 0.040 seconds
[2022-06-24 16:20:04,637] {processor.py:163} INFO - Started process (PID=545) to work on /home/airflow/.local/lib/python3.7/site-packages/airflow/example_dags/example_trigger_target_dag.py
[2022-06-24 16:20:04,637] {processor.py:642} INFO - Processing file /home/airflow/.local/lib/python3.7/site-packages/airflow/example_dags/example_trigger_target_dag.py for tasks to queue
[2022-06-24 16:20:04,638] {logging_mixin.py:109} INFO - [2022-06-24 16:20:04,638] {dagbag.py:500} INFO - Filling up the DagBag from /home/airflow/.local/lib/python3.7/site-packages/airflow/example_dags/example_trigger_target_dag.py
[2022-06-24 16:20:04,648] {processor.py:652} INFO - DAG(s) dict_keys(['example_trigger_target_dag']) retrieved from /home/airflow/.local/lib/python3.7/site-packages/airflow/example_dags/example_trigger_target_dag.py
[2022-06-24 16:20:04,660] {logging_mixin.py:109} INFO - [2022-06-24 16:20:04,659] {dag.py:2398} INFO - Sync 1 DAGs
[2022-06-24 16:20:04,670] {logging_mixin.py:109} INFO - [2022-06-24 16:20:04,670] {dag.py:2937} INFO - Setting next_dagrun for example_trigger_target_dag to None
[2022-06-24 16:20:04,675] {processor.py:171} INFO - Processing /home/airflow/.local/lib/python3.7/site-packages/airflow/example_dags/example_trigger_target_dag.py took 0.040 seconds
[2022-06-24 16:20:35,155] {processor.py:163} INFO - Started process (PID=605) to work on /home/airflow/.local/lib/python3.7/site-packages/airflow/example_dags/example_trigger_target_dag.py
[2022-06-24 16:20:35,156] {processor.py:642} INFO - Processing file /home/airflow/.local/lib/python3.7/site-packages/airflow/example_dags/example_trigger_target_dag.py for tasks to queue
[2022-06-24 16:20:35,156] {logging_mixin.py:109} INFO - [2022-06-24 16:20:35,156] {dagbag.py:500} INFO - Filling up the DagBag from /home/airflow/.local/lib/python3.7/site-packages/airflow/example_dags/example_trigger_target_dag.py
[2022-06-24 16:20:35,167] {processor.py:652} INFO - DAG(s) dict_keys(['example_trigger_target_dag']) retrieved from /home/airflow/.local/lib/python3.7/site-packages/airflow/example_dags/example_trigger_target_dag.py
[2022-06-24 16:20:35,180] {logging_mixin.py:109} INFO - [2022-06-24 16:20:35,180] {dag.py:2398} INFO - Sync 1 DAGs
[2022-06-24 16:20:35,190] {logging_mixin.py:109} INFO - [2022-06-24 16:20:35,189] {dag.py:2937} INFO - Setting next_dagrun for example_trigger_target_dag to None
[2022-06-24 16:20:35,195] {processor.py:171} INFO - Processing /home/airflow/.local/lib/python3.7/site-packages/airflow/example_dags/example_trigger_target_dag.py took 0.041 seconds
[2022-06-24 16:21:05,713] {processor.py:163} INFO - Started process (PID=664) to work on /home/airflow/.local/lib/python3.7/site-packages/airflow/example_dags/example_trigger_target_dag.py
[2022-06-24 16:21:05,713] {processor.py:642} INFO - Processing file /home/airflow/.local/lib/python3.7/site-packages/airflow/example_dags/example_trigger_target_dag.py for tasks to queue
[2022-06-24 16:21:05,713] {logging_mixin.py:109} INFO - [2022-06-24 16:21:05,713] {dagbag.py:500} INFO - Filling up the DagBag from /home/airflow/.local/lib/python3.7/site-packages/airflow/example_dags/example_trigger_target_dag.py
[2022-06-24 16:21:05,724] {processor.py:652} INFO - DAG(s) dict_keys(['example_trigger_target_dag']) retrieved from /home/airflow/.local/lib/python3.7/site-packages/airflow/example_dags/example_trigger_target_dag.py
[2022-06-24 16:21:05,738] {logging_mixin.py:109} INFO - [2022-06-24 16:21:05,738] {dag.py:2398} INFO - Sync 1 DAGs
[2022-06-24 16:21:05,749] {logging_mixin.py:109} INFO - [2022-06-24 16:21:05,749] {dag.py:2937} INFO - Setting next_dagrun for example_trigger_target_dag to None
[2022-06-24 16:21:05,755] {processor.py:171} INFO - Processing /home/airflow/.local/lib/python3.7/site-packages/airflow/example_dags/example_trigger_target_dag.py took 0.044 seconds
[2022-06-24 16:21:36,309] {processor.py:163} INFO - Started process (PID=714) to work on /home/airflow/.local/lib/python3.7/site-packages/airflow/example_dags/example_trigger_target_dag.py
[2022-06-24 16:21:36,310] {processor.py:642} INFO - Processing file /home/airflow/.local/lib/python3.7/site-packages/airflow/example_dags/example_trigger_target_dag.py for tasks to queue
[2022-06-24 16:21:36,310] {logging_mixin.py:109} INFO - [2022-06-24 16:21:36,310] {dagbag.py:500} INFO - Filling up the DagBag from /home/airflow/.local/lib/python3.7/site-packages/airflow/example_dags/example_trigger_target_dag.py
[2022-06-24 16:21:36,321] {processor.py:652} INFO - DAG(s) dict_keys(['example_trigger_target_dag']) retrieved from /home/airflow/.local/lib/python3.7/site-packages/airflow/example_dags/example_trigger_target_dag.py
[2022-06-24 16:21:36,333] {logging_mixin.py:109} INFO - [2022-06-24 16:21:36,333] {dag.py:2398} INFO - Sync 1 DAGs
[2022-06-24 16:21:36,345] {logging_mixin.py:109} INFO - [2022-06-24 16:21:36,345] {dag.py:2937} INFO - Setting next_dagrun for example_trigger_target_dag to None
[2022-06-24 16:21:36,352] {processor.py:171} INFO - Processing /home/airflow/.local/lib/python3.7/site-packages/airflow/example_dags/example_trigger_target_dag.py took 0.044 seconds
[2022-06-24 16:22:06,802] {processor.py:163} INFO - Started process (PID=774) to work on /home/airflow/.local/lib/python3.7/site-packages/airflow/example_dags/example_trigger_target_dag.py
[2022-06-24 16:22:06,802] {processor.py:642} INFO - Processing file /home/airflow/.local/lib/python3.7/site-packages/airflow/example_dags/example_trigger_target_dag.py for tasks to queue
[2022-06-24 16:22:06,803] {logging_mixin.py:109} INFO - [2022-06-24 16:22:06,803] {dagbag.py:500} INFO - Filling up the DagBag from /home/airflow/.local/lib/python3.7/site-packages/airflow/example_dags/example_trigger_target_dag.py
[2022-06-24 16:22:06,814] {processor.py:652} INFO - DAG(s) dict_keys(['example_trigger_target_dag']) retrieved from /home/airflow/.local/lib/python3.7/site-packages/airflow/example_dags/example_trigger_target_dag.py
[2022-06-24 16:22:06,825] {logging_mixin.py:109} INFO - [2022-06-24 16:22:06,825] {dag.py:2398} INFO - Sync 1 DAGs
[2022-06-24 16:22:06,835] {logging_mixin.py:109} INFO - [2022-06-24 16:22:06,835] {dag.py:2937} INFO - Setting next_dagrun for example_trigger_target_dag to None
[2022-06-24 16:22:06,840] {processor.py:171} INFO - Processing /home/airflow/.local/lib/python3.7/site-packages/airflow/example_dags/example_trigger_target_dag.py took 0.040 seconds
[2022-06-24 16:22:37,346] {processor.py:163} INFO - Started process (PID=833) to work on /home/airflow/.local/lib/python3.7/site-packages/airflow/example_dags/example_trigger_target_dag.py
[2022-06-24 16:22:37,347] {processor.py:642} INFO - Processing file /home/airflow/.local/lib/python3.7/site-packages/airflow/example_dags/example_trigger_target_dag.py for tasks to queue
[2022-06-24 16:22:37,347] {logging_mixin.py:109} INFO - [2022-06-24 16:22:37,347] {dagbag.py:500} INFO - Filling up the DagBag from /home/airflow/.local/lib/python3.7/site-packages/airflow/example_dags/example_trigger_target_dag.py
[2022-06-24 16:22:37,360] {processor.py:652} INFO - DAG(s) dict_keys(['example_trigger_target_dag']) retrieved from /home/airflow/.local/lib/python3.7/site-packages/airflow/example_dags/example_trigger_target_dag.py
[2022-06-24 16:22:37,373] {logging_mixin.py:109} INFO - [2022-06-24 16:22:37,372] {dag.py:2398} INFO - Sync 1 DAGs
[2022-06-24 16:22:37,382] {logging_mixin.py:109} INFO - [2022-06-24 16:22:37,382] {dag.py:2937} INFO - Setting next_dagrun for example_trigger_target_dag to None
[2022-06-24 16:22:37,388] {processor.py:171} INFO - Processing /home/airflow/.local/lib/python3.7/site-packages/airflow/example_dags/example_trigger_target_dag.py took 0.044 seconds
[2022-06-24 16:23:07,826] {processor.py:163} INFO - Started process (PID=883) to work on /home/airflow/.local/lib/python3.7/site-packages/airflow/example_dags/example_trigger_target_dag.py
[2022-06-24 16:23:07,826] {processor.py:642} INFO - Processing file /home/airflow/.local/lib/python3.7/site-packages/airflow/example_dags/example_trigger_target_dag.py for tasks to queue
[2022-06-24 16:23:07,827] {logging_mixin.py:109} INFO - [2022-06-24 16:23:07,827] {dagbag.py:500} INFO - Filling up the DagBag from /home/airflow/.local/lib/python3.7/site-packages/airflow/example_dags/example_trigger_target_dag.py
[2022-06-24 16:23:07,836] {processor.py:652} INFO - DAG(s) dict_keys(['example_trigger_target_dag']) retrieved from /home/airflow/.local/lib/python3.7/site-packages/airflow/example_dags/example_trigger_target_dag.py
[2022-06-24 16:23:07,849] {logging_mixin.py:109} INFO - [2022-06-24 16:23:07,849] {dag.py:2398} INFO - Sync 1 DAGs
[2022-06-24 16:23:07,862] {logging_mixin.py:109} INFO - [2022-06-24 16:23:07,862] {dag.py:2937} INFO - Setting next_dagrun for example_trigger_target_dag to None
[2022-06-24 16:23:07,869] {processor.py:171} INFO - Processing /home/airflow/.local/lib/python3.7/site-packages/airflow/example_dags/example_trigger_target_dag.py took 0.045 seconds
[2022-06-24 16:23:38,428] {processor.py:163} INFO - Started process (PID=942) to work on /home/airflow/.local/lib/python3.7/site-packages/airflow/example_dags/example_trigger_target_dag.py
[2022-06-24 16:23:38,429] {processor.py:642} INFO - Processing file /home/airflow/.local/lib/python3.7/site-packages/airflow/example_dags/example_trigger_target_dag.py for tasks to queue
[2022-06-24 16:23:38,429] {logging_mixin.py:109} INFO - [2022-06-24 16:23:38,429] {dagbag.py:500} INFO - Filling up the DagBag from /home/airflow/.local/lib/python3.7/site-packages/airflow/example_dags/example_trigger_target_dag.py
[2022-06-24 16:23:38,441] {processor.py:652} INFO - DAG(s) dict_keys(['example_trigger_target_dag']) retrieved from /home/airflow/.local/lib/python3.7/site-packages/airflow/example_dags/example_trigger_target_dag.py
[2022-06-24 16:23:38,454] {logging_mixin.py:109} INFO - [2022-06-24 16:23:38,454] {dag.py:2398} INFO - Sync 1 DAGs
[2022-06-24 16:23:38,464] {logging_mixin.py:109} INFO - [2022-06-24 16:23:38,464] {dag.py:2937} INFO - Setting next_dagrun for example_trigger_target_dag to None
[2022-06-24 16:23:38,469] {processor.py:171} INFO - Processing /home/airflow/.local/lib/python3.7/site-packages/airflow/example_dags/example_trigger_target_dag.py took 0.043 seconds
[2022-06-24 16:24:08,859] {processor.py:163} INFO - Started process (PID=1001) to work on /home/airflow/.local/lib/python3.7/site-packages/airflow/example_dags/example_trigger_target_dag.py
[2022-06-24 16:24:08,860] {processor.py:642} INFO - Processing file /home/airflow/.local/lib/python3.7/site-packages/airflow/example_dags/example_trigger_target_dag.py for tasks to queue
[2022-06-24 16:24:08,860] {logging_mixin.py:109} INFO - [2022-06-24 16:24:08,860] {dagbag.py:500} INFO - Filling up the DagBag from /home/airflow/.local/lib/python3.7/site-packages/airflow/example_dags/example_trigger_target_dag.py
[2022-06-24 16:24:08,870] {processor.py:652} INFO - DAG(s) dict_keys(['example_trigger_target_dag']) retrieved from /home/airflow/.local/lib/python3.7/site-packages/airflow/example_dags/example_trigger_target_dag.py
[2022-06-24 16:24:08,881] {logging_mixin.py:109} INFO - [2022-06-24 16:24:08,880] {dag.py:2398} INFO - Sync 1 DAGs
[2022-06-24 16:24:08,889] {logging_mixin.py:109} INFO - [2022-06-24 16:24:08,889] {dag.py:2937} INFO - Setting next_dagrun for example_trigger_target_dag to None
[2022-06-24 16:24:08,895] {processor.py:171} INFO - Processing /home/airflow/.local/lib/python3.7/site-packages/airflow/example_dags/example_trigger_target_dag.py took 0.037 seconds
[2022-06-24 16:24:39,345] {processor.py:163} INFO - Started process (PID=1051) to work on /home/airflow/.local/lib/python3.7/site-packages/airflow/example_dags/example_trigger_target_dag.py
[2022-06-24 16:24:39,346] {processor.py:642} INFO - Processing file /home/airflow/.local/lib/python3.7/site-packages/airflow/example_dags/example_trigger_target_dag.py for tasks to queue
[2022-06-24 16:24:39,346] {logging_mixin.py:109} INFO - [2022-06-24 16:24:39,346] {dagbag.py:500} INFO - Filling up the DagBag from /home/airflow/.local/lib/python3.7/site-packages/airflow/example_dags/example_trigger_target_dag.py
[2022-06-24 16:24:39,358] {processor.py:652} INFO - DAG(s) dict_keys(['example_trigger_target_dag']) retrieved from /home/airflow/.local/lib/python3.7/site-packages/airflow/example_dags/example_trigger_target_dag.py
[2022-06-24 16:24:39,373] {logging_mixin.py:109} INFO - [2022-06-24 16:24:39,373] {dag.py:2398} INFO - Sync 1 DAGs
[2022-06-24 16:24:39,387] {logging_mixin.py:109} INFO - [2022-06-24 16:24:39,387] {dag.py:2937} INFO - Setting next_dagrun for example_trigger_target_dag to None
[2022-06-24 16:24:39,395] {processor.py:171} INFO - Processing /home/airflow/.local/lib/python3.7/site-packages/airflow/example_dags/example_trigger_target_dag.py took 0.051 seconds
[2022-06-24 16:25:09,768] {processor.py:163} INFO - Started process (PID=1110) to work on /home/airflow/.local/lib/python3.7/site-packages/airflow/example_dags/example_trigger_target_dag.py
[2022-06-24 16:25:09,769] {processor.py:642} INFO - Processing file /home/airflow/.local/lib/python3.7/site-packages/airflow/example_dags/example_trigger_target_dag.py for tasks to queue
[2022-06-24 16:25:09,769] {logging_mixin.py:109} INFO - [2022-06-24 16:25:09,769] {dagbag.py:500} INFO - Filling up the DagBag from /home/airflow/.local/lib/python3.7/site-packages/airflow/example_dags/example_trigger_target_dag.py
[2022-06-24 16:25:09,779] {processor.py:652} INFO - DAG(s) dict_keys(['example_trigger_target_dag']) retrieved from /home/airflow/.local/lib/python3.7/site-packages/airflow/example_dags/example_trigger_target_dag.py
[2022-06-24 16:25:09,791] {logging_mixin.py:109} INFO - [2022-06-24 16:25:09,791] {dag.py:2398} INFO - Sync 1 DAGs
[2022-06-24 16:25:09,801] {logging_mixin.py:109} INFO - [2022-06-24 16:25:09,801] {dag.py:2937} INFO - Setting next_dagrun for example_trigger_target_dag to None
[2022-06-24 16:25:09,806] {processor.py:171} INFO - Processing /home/airflow/.local/lib/python3.7/site-packages/airflow/example_dags/example_trigger_target_dag.py took 0.040 seconds
[2022-06-24 16:25:40,381] {processor.py:163} INFO - Started process (PID=1170) to work on /home/airflow/.local/lib/python3.7/site-packages/airflow/example_dags/example_trigger_target_dag.py
[2022-06-24 16:25:40,381] {processor.py:642} INFO - Processing file /home/airflow/.local/lib/python3.7/site-packages/airflow/example_dags/example_trigger_target_dag.py for tasks to queue
[2022-06-24 16:25:40,382] {logging_mixin.py:109} INFO - [2022-06-24 16:25:40,382] {dagbag.py:500} INFO - Filling up the DagBag from /home/airflow/.local/lib/python3.7/site-packages/airflow/example_dags/example_trigger_target_dag.py
[2022-06-24 16:25:40,394] {processor.py:652} INFO - DAG(s) dict_keys(['example_trigger_target_dag']) retrieved from /home/airflow/.local/lib/python3.7/site-packages/airflow/example_dags/example_trigger_target_dag.py
[2022-06-24 16:25:40,406] {logging_mixin.py:109} INFO - [2022-06-24 16:25:40,406] {dag.py:2398} INFO - Sync 1 DAGs
[2022-06-24 16:25:40,420] {logging_mixin.py:109} INFO - [2022-06-24 16:25:40,419] {dag.py:2937} INFO - Setting next_dagrun for example_trigger_target_dag to None
[2022-06-24 16:25:40,426] {processor.py:171} INFO - Processing /home/airflow/.local/lib/python3.7/site-packages/airflow/example_dags/example_trigger_target_dag.py took 0.047 seconds
[2022-06-24 16:26:10,910] {processor.py:163} INFO - Started process (PID=1221) to work on /home/airflow/.local/lib/python3.7/site-packages/airflow/example_dags/example_trigger_target_dag.py
[2022-06-24 16:26:10,910] {processor.py:642} INFO - Processing file /home/airflow/.local/lib/python3.7/site-packages/airflow/example_dags/example_trigger_target_dag.py for tasks to queue
[2022-06-24 16:26:10,911] {logging_mixin.py:109} INFO - [2022-06-24 16:26:10,911] {dagbag.py:500} INFO - Filling up the DagBag from /home/airflow/.local/lib/python3.7/site-packages/airflow/example_dags/example_trigger_target_dag.py
[2022-06-24 16:26:10,920] {processor.py:652} INFO - DAG(s) dict_keys(['example_trigger_target_dag']) retrieved from /home/airflow/.local/lib/python3.7/site-packages/airflow/example_dags/example_trigger_target_dag.py
[2022-06-24 16:26:10,931] {logging_mixin.py:109} INFO - [2022-06-24 16:26:10,931] {dag.py:2398} INFO - Sync 1 DAGs
[2022-06-24 16:26:10,942] {logging_mixin.py:109} INFO - [2022-06-24 16:26:10,941] {dag.py:2937} INFO - Setting next_dagrun for example_trigger_target_dag to None
[2022-06-24 16:26:10,947] {processor.py:171} INFO - Processing /home/airflow/.local/lib/python3.7/site-packages/airflow/example_dags/example_trigger_target_dag.py took 0.038 seconds
[2022-06-24 16:26:41,449] {processor.py:163} INFO - Started process (PID=1282) to work on /home/airflow/.local/lib/python3.7/site-packages/airflow/example_dags/example_trigger_target_dag.py
[2022-06-24 16:26:41,449] {processor.py:642} INFO - Processing file /home/airflow/.local/lib/python3.7/site-packages/airflow/example_dags/example_trigger_target_dag.py for tasks to queue
[2022-06-24 16:26:41,449] {logging_mixin.py:109} INFO - [2022-06-24 16:26:41,449] {dagbag.py:500} INFO - Filling up the DagBag from /home/airflow/.local/lib/python3.7/site-packages/airflow/example_dags/example_trigger_target_dag.py
[2022-06-24 16:26:41,460] {processor.py:652} INFO - DAG(s) dict_keys(['example_trigger_target_dag']) retrieved from /home/airflow/.local/lib/python3.7/site-packages/airflow/example_dags/example_trigger_target_dag.py
[2022-06-24 16:26:41,471] {logging_mixin.py:109} INFO - [2022-06-24 16:26:41,471] {dag.py:2398} INFO - Sync 1 DAGs
[2022-06-24 16:26:41,481] {logging_mixin.py:109} INFO - [2022-06-24 16:26:41,481] {dag.py:2937} INFO - Setting next_dagrun for example_trigger_target_dag to None
[2022-06-24 16:26:41,487] {processor.py:171} INFO - Processing /home/airflow/.local/lib/python3.7/site-packages/airflow/example_dags/example_trigger_target_dag.py took 0.040 seconds
[2022-06-24 16:27:11,922] {processor.py:163} INFO - Started process (PID=1343) to work on /home/airflow/.local/lib/python3.7/site-packages/airflow/example_dags/example_trigger_target_dag.py
[2022-06-24 16:27:11,923] {processor.py:642} INFO - Processing file /home/airflow/.local/lib/python3.7/site-packages/airflow/example_dags/example_trigger_target_dag.py for tasks to queue
[2022-06-24 16:27:11,923] {logging_mixin.py:109} INFO - [2022-06-24 16:27:11,923] {dagbag.py:500} INFO - Filling up the DagBag from /home/airflow/.local/lib/python3.7/site-packages/airflow/example_dags/example_trigger_target_dag.py
[2022-06-24 16:27:11,933] {processor.py:652} INFO - DAG(s) dict_keys(['example_trigger_target_dag']) retrieved from /home/airflow/.local/lib/python3.7/site-packages/airflow/example_dags/example_trigger_target_dag.py
[2022-06-24 16:27:11,947] {logging_mixin.py:109} INFO - [2022-06-24 16:27:11,947] {dag.py:2398} INFO - Sync 1 DAGs
[2022-06-24 16:27:11,959] {logging_mixin.py:109} INFO - [2022-06-24 16:27:11,959] {dag.py:2937} INFO - Setting next_dagrun for example_trigger_target_dag to None
[2022-06-24 16:27:11,966] {processor.py:171} INFO - Processing /home/airflow/.local/lib/python3.7/site-packages/airflow/example_dags/example_trigger_target_dag.py took 0.046 seconds
[2022-06-24 16:27:42,658] {processor.py:163} INFO - Started process (PID=1394) to work on /home/airflow/.local/lib/python3.7/site-packages/airflow/example_dags/example_trigger_target_dag.py
[2022-06-24 16:27:42,659] {processor.py:642} INFO - Processing file /home/airflow/.local/lib/python3.7/site-packages/airflow/example_dags/example_trigger_target_dag.py for tasks to queue
[2022-06-24 16:27:42,659] {logging_mixin.py:109} INFO - [2022-06-24 16:27:42,659] {dagbag.py:500} INFO - Filling up the DagBag from /home/airflow/.local/lib/python3.7/site-packages/airflow/example_dags/example_trigger_target_dag.py
[2022-06-24 16:27:42,670] {processor.py:652} INFO - DAG(s) dict_keys(['example_trigger_target_dag']) retrieved from /home/airflow/.local/lib/python3.7/site-packages/airflow/example_dags/example_trigger_target_dag.py
[2022-06-24 16:27:42,683] {logging_mixin.py:109} INFO - [2022-06-24 16:27:42,683] {dag.py:2398} INFO - Sync 1 DAGs
[2022-06-24 16:27:42,692] {logging_mixin.py:109} INFO - [2022-06-24 16:27:42,692] {dag.py:2937} INFO - Setting next_dagrun for example_trigger_target_dag to None
[2022-06-24 16:27:42,698] {processor.py:171} INFO - Processing /home/airflow/.local/lib/python3.7/site-packages/airflow/example_dags/example_trigger_target_dag.py took 0.041 seconds
[2022-06-24 16:28:13,136] {processor.py:163} INFO - Started process (PID=1452) to work on /home/airflow/.local/lib/python3.7/site-packages/airflow/example_dags/example_trigger_target_dag.py
[2022-06-24 16:28:13,137] {processor.py:642} INFO - Processing file /home/airflow/.local/lib/python3.7/site-packages/airflow/example_dags/example_trigger_target_dag.py for tasks to queue
[2022-06-24 16:28:13,137] {logging_mixin.py:109} INFO - [2022-06-24 16:28:13,137] {dagbag.py:500} INFO - Filling up the DagBag from /home/airflow/.local/lib/python3.7/site-packages/airflow/example_dags/example_trigger_target_dag.py
[2022-06-24 16:28:13,148] {processor.py:652} INFO - DAG(s) dict_keys(['example_trigger_target_dag']) retrieved from /home/airflow/.local/lib/python3.7/site-packages/airflow/example_dags/example_trigger_target_dag.py
[2022-06-24 16:28:13,160] {logging_mixin.py:109} INFO - [2022-06-24 16:28:13,160] {dag.py:2398} INFO - Sync 1 DAGs
[2022-06-24 16:28:13,173] {logging_mixin.py:109} INFO - [2022-06-24 16:28:13,173] {dag.py:2937} INFO - Setting next_dagrun for example_trigger_target_dag to None
[2022-06-24 16:28:13,179] {processor.py:171} INFO - Processing /home/airflow/.local/lib/python3.7/site-packages/airflow/example_dags/example_trigger_target_dag.py took 0.044 seconds
[2022-06-24 16:28:43,685] {processor.py:163} INFO - Started process (PID=1512) to work on /home/airflow/.local/lib/python3.7/site-packages/airflow/example_dags/example_trigger_target_dag.py
[2022-06-24 16:28:43,686] {processor.py:642} INFO - Processing file /home/airflow/.local/lib/python3.7/site-packages/airflow/example_dags/example_trigger_target_dag.py for tasks to queue
[2022-06-24 16:28:43,686] {logging_mixin.py:109} INFO - [2022-06-24 16:28:43,686] {dagbag.py:500} INFO - Filling up the DagBag from /home/airflow/.local/lib/python3.7/site-packages/airflow/example_dags/example_trigger_target_dag.py
[2022-06-24 16:28:43,701] {processor.py:652} INFO - DAG(s) dict_keys(['example_trigger_target_dag']) retrieved from /home/airflow/.local/lib/python3.7/site-packages/airflow/example_dags/example_trigger_target_dag.py
[2022-06-24 16:28:43,714] {logging_mixin.py:109} INFO - [2022-06-24 16:28:43,714] {dag.py:2398} INFO - Sync 1 DAGs
[2022-06-24 16:28:43,726] {logging_mixin.py:109} INFO - [2022-06-24 16:28:43,726] {dag.py:2937} INFO - Setting next_dagrun for example_trigger_target_dag to None
[2022-06-24 16:28:43,732] {processor.py:171} INFO - Processing /home/airflow/.local/lib/python3.7/site-packages/airflow/example_dags/example_trigger_target_dag.py took 0.049 seconds
[2022-06-24 16:29:14,042] {processor.py:163} INFO - Started process (PID=1564) to work on /home/airflow/.local/lib/python3.7/site-packages/airflow/example_dags/example_trigger_target_dag.py
[2022-06-24 16:29:14,043] {processor.py:642} INFO - Processing file /home/airflow/.local/lib/python3.7/site-packages/airflow/example_dags/example_trigger_target_dag.py for tasks to queue
[2022-06-24 16:29:14,043] {logging_mixin.py:109} INFO - [2022-06-24 16:29:14,043] {dagbag.py:500} INFO - Filling up the DagBag from /home/airflow/.local/lib/python3.7/site-packages/airflow/example_dags/example_trigger_target_dag.py
[2022-06-24 16:29:14,054] {processor.py:652} INFO - DAG(s) dict_keys(['example_trigger_target_dag']) retrieved from /home/airflow/.local/lib/python3.7/site-packages/airflow/example_dags/example_trigger_target_dag.py
[2022-06-24 16:29:14,068] {logging_mixin.py:109} INFO - [2022-06-24 16:29:14,067] {dag.py:2398} INFO - Sync 1 DAGs
[2022-06-24 16:29:14,077] {logging_mixin.py:109} INFO - [2022-06-24 16:29:14,077] {dag.py:2937} INFO - Setting next_dagrun for example_trigger_target_dag to None
[2022-06-24 16:29:14,083] {processor.py:171} INFO - Processing /home/airflow/.local/lib/python3.7/site-packages/airflow/example_dags/example_trigger_target_dag.py took 0.042 seconds
[2022-06-24 16:29:44,651] {processor.py:163} INFO - Started process (PID=1624) to work on /home/airflow/.local/lib/python3.7/site-packages/airflow/example_dags/example_trigger_target_dag.py
[2022-06-24 16:29:44,651] {processor.py:642} INFO - Processing file /home/airflow/.local/lib/python3.7/site-packages/airflow/example_dags/example_trigger_target_dag.py for tasks to queue
[2022-06-24 16:29:44,652] {logging_mixin.py:109} INFO - [2022-06-24 16:29:44,652] {dagbag.py:500} INFO - Filling up the DagBag from /home/airflow/.local/lib/python3.7/site-packages/airflow/example_dags/example_trigger_target_dag.py
[2022-06-24 16:29:44,665] {processor.py:652} INFO - DAG(s) dict_keys(['example_trigger_target_dag']) retrieved from /home/airflow/.local/lib/python3.7/site-packages/airflow/example_dags/example_trigger_target_dag.py
[2022-06-24 16:29:44,679] {logging_mixin.py:109} INFO - [2022-06-24 16:29:44,679] {dag.py:2398} INFO - Sync 1 DAGs
[2022-06-24 16:29:44,693] {logging_mixin.py:109} INFO - [2022-06-24 16:29:44,693] {dag.py:2937} INFO - Setting next_dagrun for example_trigger_target_dag to None
[2022-06-24 16:29:44,701] {processor.py:171} INFO - Processing /home/airflow/.local/lib/python3.7/site-packages/airflow/example_dags/example_trigger_target_dag.py took 0.052 seconds
[2022-06-24 16:30:15,558] {processor.py:163} INFO - Started process (PID=1691) to work on /home/airflow/.local/lib/python3.7/site-packages/airflow/example_dags/example_trigger_target_dag.py
[2022-06-24 16:30:15,559] {processor.py:642} INFO - Processing file /home/airflow/.local/lib/python3.7/site-packages/airflow/example_dags/example_trigger_target_dag.py for tasks to queue
[2022-06-24 16:30:15,559] {logging_mixin.py:109} INFO - [2022-06-24 16:30:15,559] {dagbag.py:500} INFO - Filling up the DagBag from /home/airflow/.local/lib/python3.7/site-packages/airflow/example_dags/example_trigger_target_dag.py
[2022-06-24 16:30:15,571] {processor.py:652} INFO - DAG(s) dict_keys(['example_trigger_target_dag']) retrieved from /home/airflow/.local/lib/python3.7/site-packages/airflow/example_dags/example_trigger_target_dag.py
[2022-06-24 16:30:15,583] {logging_mixin.py:109} INFO - [2022-06-24 16:30:15,583] {dag.py:2398} INFO - Sync 1 DAGs
[2022-06-24 16:30:15,594] {logging_mixin.py:109} INFO - [2022-06-24 16:30:15,594] {dag.py:2937} INFO - Setting next_dagrun for example_trigger_target_dag to None
[2022-06-24 16:30:15,599] {processor.py:171} INFO - Processing /home/airflow/.local/lib/python3.7/site-packages/airflow/example_dags/example_trigger_target_dag.py took 0.043 seconds
[2022-06-24 16:30:46,115] {processor.py:163} INFO - Started process (PID=1742) to work on /home/airflow/.local/lib/python3.7/site-packages/airflow/example_dags/example_trigger_target_dag.py
[2022-06-24 16:30:46,116] {processor.py:642} INFO - Processing file /home/airflow/.local/lib/python3.7/site-packages/airflow/example_dags/example_trigger_target_dag.py for tasks to queue
[2022-06-24 16:30:46,116] {logging_mixin.py:109} INFO - [2022-06-24 16:30:46,116] {dagbag.py:500} INFO - Filling up the DagBag from /home/airflow/.local/lib/python3.7/site-packages/airflow/example_dags/example_trigger_target_dag.py
[2022-06-24 16:30:46,133] {processor.py:652} INFO - DAG(s) dict_keys(['example_trigger_target_dag']) retrieved from /home/airflow/.local/lib/python3.7/site-packages/airflow/example_dags/example_trigger_target_dag.py
[2022-06-24 16:30:46,149] {logging_mixin.py:109} INFO - [2022-06-24 16:30:46,149] {dag.py:2398} INFO - Sync 1 DAGs
[2022-06-24 16:30:46,163] {logging_mixin.py:109} INFO - [2022-06-24 16:30:46,163] {dag.py:2937} INFO - Setting next_dagrun for example_trigger_target_dag to None
[2022-06-24 16:30:46,169] {processor.py:171} INFO - Processing /home/airflow/.local/lib/python3.7/site-packages/airflow/example_dags/example_trigger_target_dag.py took 0.056 seconds
[2022-06-24 16:31:16,812] {processor.py:163} INFO - Started process (PID=1800) to work on /home/airflow/.local/lib/python3.7/site-packages/airflow/example_dags/example_trigger_target_dag.py
[2022-06-24 16:31:16,812] {processor.py:642} INFO - Processing file /home/airflow/.local/lib/python3.7/site-packages/airflow/example_dags/example_trigger_target_dag.py for tasks to queue
[2022-06-24 16:31:16,813] {logging_mixin.py:109} INFO - [2022-06-24 16:31:16,813] {dagbag.py:500} INFO - Filling up the DagBag from /home/airflow/.local/lib/python3.7/site-packages/airflow/example_dags/example_trigger_target_dag.py
[2022-06-24 16:31:16,824] {processor.py:652} INFO - DAG(s) dict_keys(['example_trigger_target_dag']) retrieved from /home/airflow/.local/lib/python3.7/site-packages/airflow/example_dags/example_trigger_target_dag.py
[2022-06-24 16:31:16,837] {logging_mixin.py:109} INFO - [2022-06-24 16:31:16,837] {dag.py:2398} INFO - Sync 1 DAGs
[2022-06-24 16:31:16,847] {logging_mixin.py:109} INFO - [2022-06-24 16:31:16,847] {dag.py:2937} INFO - Setting next_dagrun for example_trigger_target_dag to None
[2022-06-24 16:31:16,853] {processor.py:171} INFO - Processing /home/airflow/.local/lib/python3.7/site-packages/airflow/example_dags/example_trigger_target_dag.py took 0.043 seconds
[2022-06-24 16:31:47,618] {processor.py:163} INFO - Started process (PID=1859) to work on /home/airflow/.local/lib/python3.7/site-packages/airflow/example_dags/example_trigger_target_dag.py
[2022-06-24 16:31:47,618] {processor.py:642} INFO - Processing file /home/airflow/.local/lib/python3.7/site-packages/airflow/example_dags/example_trigger_target_dag.py for tasks to queue
[2022-06-24 16:31:47,619] {logging_mixin.py:109} INFO - [2022-06-24 16:31:47,619] {dagbag.py:500} INFO - Filling up the DagBag from /home/airflow/.local/lib/python3.7/site-packages/airflow/example_dags/example_trigger_target_dag.py
[2022-06-24 16:31:47,629] {processor.py:652} INFO - DAG(s) dict_keys(['example_trigger_target_dag']) retrieved from /home/airflow/.local/lib/python3.7/site-packages/airflow/example_dags/example_trigger_target_dag.py
[2022-06-24 16:31:47,641] {logging_mixin.py:109} INFO - [2022-06-24 16:31:47,641] {dag.py:2398} INFO - Sync 1 DAGs
[2022-06-24 16:31:47,650] {logging_mixin.py:109} INFO - [2022-06-24 16:31:47,650] {dag.py:2937} INFO - Setting next_dagrun for example_trigger_target_dag to None
[2022-06-24 16:31:47,655] {processor.py:171} INFO - Processing /home/airflow/.local/lib/python3.7/site-packages/airflow/example_dags/example_trigger_target_dag.py took 0.039 seconds
[2022-06-24 16:32:18,042] {processor.py:163} INFO - Started process (PID=1909) to work on /home/airflow/.local/lib/python3.7/site-packages/airflow/example_dags/example_trigger_target_dag.py
[2022-06-24 16:32:18,043] {processor.py:642} INFO - Processing file /home/airflow/.local/lib/python3.7/site-packages/airflow/example_dags/example_trigger_target_dag.py for tasks to queue
[2022-06-24 16:32:18,043] {logging_mixin.py:109} INFO - [2022-06-24 16:32:18,043] {dagbag.py:500} INFO - Filling up the DagBag from /home/airflow/.local/lib/python3.7/site-packages/airflow/example_dags/example_trigger_target_dag.py
[2022-06-24 16:32:18,054] {processor.py:652} INFO - DAG(s) dict_keys(['example_trigger_target_dag']) retrieved from /home/airflow/.local/lib/python3.7/site-packages/airflow/example_dags/example_trigger_target_dag.py
[2022-06-24 16:32:18,065] {logging_mixin.py:109} INFO - [2022-06-24 16:32:18,065] {dag.py:2398} INFO - Sync 1 DAGs
[2022-06-24 16:32:18,075] {logging_mixin.py:109} INFO - [2022-06-24 16:32:18,075] {dag.py:2937} INFO - Setting next_dagrun for example_trigger_target_dag to None
[2022-06-24 16:32:18,080] {processor.py:171} INFO - Processing /home/airflow/.local/lib/python3.7/site-packages/airflow/example_dags/example_trigger_target_dag.py took 0.040 seconds
[2022-06-24 16:32:48,763] {processor.py:163} INFO - Started process (PID=1969) to work on /home/airflow/.local/lib/python3.7/site-packages/airflow/example_dags/example_trigger_target_dag.py
[2022-06-24 16:32:48,764] {processor.py:642} INFO - Processing file /home/airflow/.local/lib/python3.7/site-packages/airflow/example_dags/example_trigger_target_dag.py for tasks to queue
[2022-06-24 16:32:48,764] {logging_mixin.py:109} INFO - [2022-06-24 16:32:48,764] {dagbag.py:500} INFO - Filling up the DagBag from /home/airflow/.local/lib/python3.7/site-packages/airflow/example_dags/example_trigger_target_dag.py
[2022-06-24 16:32:48,776] {processor.py:652} INFO - DAG(s) dict_keys(['example_trigger_target_dag']) retrieved from /home/airflow/.local/lib/python3.7/site-packages/airflow/example_dags/example_trigger_target_dag.py
[2022-06-24 16:32:48,788] {logging_mixin.py:109} INFO - [2022-06-24 16:32:48,788] {dag.py:2398} INFO - Sync 1 DAGs
[2022-06-24 16:32:48,798] {logging_mixin.py:109} INFO - [2022-06-24 16:32:48,798] {dag.py:2937} INFO - Setting next_dagrun for example_trigger_target_dag to None
[2022-06-24 16:32:48,803] {processor.py:171} INFO - Processing /home/airflow/.local/lib/python3.7/site-packages/airflow/example_dags/example_trigger_target_dag.py took 0.042 seconds
[2022-06-24 16:33:19,358] {processor.py:163} INFO - Started process (PID=2029) to work on /home/airflow/.local/lib/python3.7/site-packages/airflow/example_dags/example_trigger_target_dag.py
[2022-06-24 16:33:19,359] {processor.py:642} INFO - Processing file /home/airflow/.local/lib/python3.7/site-packages/airflow/example_dags/example_trigger_target_dag.py for tasks to queue
[2022-06-24 16:33:19,359] {logging_mixin.py:109} INFO - [2022-06-24 16:33:19,359] {dagbag.py:500} INFO - Filling up the DagBag from /home/airflow/.local/lib/python3.7/site-packages/airflow/example_dags/example_trigger_target_dag.py
[2022-06-24 16:33:19,375] {processor.py:652} INFO - DAG(s) dict_keys(['example_trigger_target_dag']) retrieved from /home/airflow/.local/lib/python3.7/site-packages/airflow/example_dags/example_trigger_target_dag.py
[2022-06-24 16:33:19,390] {logging_mixin.py:109} INFO - [2022-06-24 16:33:19,390] {dag.py:2398} INFO - Sync 1 DAGs
[2022-06-24 16:33:19,402] {logging_mixin.py:109} INFO - [2022-06-24 16:33:19,402] {dag.py:2937} INFO - Setting next_dagrun for example_trigger_target_dag to None
[2022-06-24 16:33:19,409] {processor.py:171} INFO - Processing /home/airflow/.local/lib/python3.7/site-packages/airflow/example_dags/example_trigger_target_dag.py took 0.053 seconds
[2022-06-24 16:33:49,981] {processor.py:163} INFO - Started process (PID=2081) to work on /home/airflow/.local/lib/python3.7/site-packages/airflow/example_dags/example_trigger_target_dag.py
[2022-06-24 16:33:49,982] {processor.py:642} INFO - Processing file /home/airflow/.local/lib/python3.7/site-packages/airflow/example_dags/example_trigger_target_dag.py for tasks to queue
[2022-06-24 16:33:49,982] {logging_mixin.py:109} INFO - [2022-06-24 16:33:49,982] {dagbag.py:500} INFO - Filling up the DagBag from /home/airflow/.local/lib/python3.7/site-packages/airflow/example_dags/example_trigger_target_dag.py
[2022-06-24 16:33:49,998] {processor.py:652} INFO - DAG(s) dict_keys(['example_trigger_target_dag']) retrieved from /home/airflow/.local/lib/python3.7/site-packages/airflow/example_dags/example_trigger_target_dag.py
[2022-06-24 16:33:50,013] {logging_mixin.py:109} INFO - [2022-06-24 16:33:50,012] {dag.py:2398} INFO - Sync 1 DAGs
[2022-06-24 16:33:50,025] {logging_mixin.py:109} INFO - [2022-06-24 16:33:50,025] {dag.py:2937} INFO - Setting next_dagrun for example_trigger_target_dag to None
[2022-06-24 16:33:50,032] {processor.py:171} INFO - Processing /home/airflow/.local/lib/python3.7/site-packages/airflow/example_dags/example_trigger_target_dag.py took 0.054 seconds
[2022-06-24 16:34:20,860] {processor.py:163} INFO - Started process (PID=2142) to work on /home/airflow/.local/lib/python3.7/site-packages/airflow/example_dags/example_trigger_target_dag.py
[2022-06-24 16:34:20,860] {processor.py:642} INFO - Processing file /home/airflow/.local/lib/python3.7/site-packages/airflow/example_dags/example_trigger_target_dag.py for tasks to queue
[2022-06-24 16:34:20,861] {logging_mixin.py:109} INFO - [2022-06-24 16:34:20,861] {dagbag.py:500} INFO - Filling up the DagBag from /home/airflow/.local/lib/python3.7/site-packages/airflow/example_dags/example_trigger_target_dag.py
[2022-06-24 16:34:20,871] {processor.py:652} INFO - DAG(s) dict_keys(['example_trigger_target_dag']) retrieved from /home/airflow/.local/lib/python3.7/site-packages/airflow/example_dags/example_trigger_target_dag.py
[2022-06-24 16:34:20,883] {logging_mixin.py:109} INFO - [2022-06-24 16:34:20,883] {dag.py:2398} INFO - Sync 1 DAGs
[2022-06-24 16:34:20,893] {logging_mixin.py:109} INFO - [2022-06-24 16:34:20,893] {dag.py:2937} INFO - Setting next_dagrun for example_trigger_target_dag to None
[2022-06-24 16:34:20,899] {processor.py:171} INFO - Processing /home/airflow/.local/lib/python3.7/site-packages/airflow/example_dags/example_trigger_target_dag.py took 0.040 seconds
[2022-06-24 16:34:51,246] {processor.py:163} INFO - Started process (PID=2202) to work on /home/airflow/.local/lib/python3.7/site-packages/airflow/example_dags/example_trigger_target_dag.py
[2022-06-24 16:34:51,246] {processor.py:642} INFO - Processing file /home/airflow/.local/lib/python3.7/site-packages/airflow/example_dags/example_trigger_target_dag.py for tasks to queue
[2022-06-24 16:34:51,247] {logging_mixin.py:109} INFO - [2022-06-24 16:34:51,247] {dagbag.py:500} INFO - Filling up the DagBag from /home/airflow/.local/lib/python3.7/site-packages/airflow/example_dags/example_trigger_target_dag.py
[2022-06-24 16:34:51,263] {processor.py:652} INFO - DAG(s) dict_keys(['example_trigger_target_dag']) retrieved from /home/airflow/.local/lib/python3.7/site-packages/airflow/example_dags/example_trigger_target_dag.py
[2022-06-24 16:34:51,282] {logging_mixin.py:109} INFO - [2022-06-24 16:34:51,282] {dag.py:2398} INFO - Sync 1 DAGs
[2022-06-24 16:34:51,297] {logging_mixin.py:109} INFO - [2022-06-24 16:34:51,297] {dag.py:2937} INFO - Setting next_dagrun for example_trigger_target_dag to None
[2022-06-24 16:34:51,308] {processor.py:171} INFO - Processing /home/airflow/.local/lib/python3.7/site-packages/airflow/example_dags/example_trigger_target_dag.py took 0.065 seconds
[2022-06-24 16:35:21,866] {processor.py:163} INFO - Started process (PID=2251) to work on /home/airflow/.local/lib/python3.7/site-packages/airflow/example_dags/example_trigger_target_dag.py
[2022-06-24 16:35:21,867] {processor.py:642} INFO - Processing file /home/airflow/.local/lib/python3.7/site-packages/airflow/example_dags/example_trigger_target_dag.py for tasks to queue
[2022-06-24 16:35:21,868] {logging_mixin.py:109} INFO - [2022-06-24 16:35:21,868] {dagbag.py:500} INFO - Filling up the DagBag from /home/airflow/.local/lib/python3.7/site-packages/airflow/example_dags/example_trigger_target_dag.py
[2022-06-24 16:35:21,882] {processor.py:652} INFO - DAG(s) dict_keys(['example_trigger_target_dag']) retrieved from /home/airflow/.local/lib/python3.7/site-packages/airflow/example_dags/example_trigger_target_dag.py
[2022-06-24 16:35:21,896] {logging_mixin.py:109} INFO - [2022-06-24 16:35:21,896] {dag.py:2398} INFO - Sync 1 DAGs
[2022-06-24 16:35:21,910] {logging_mixin.py:109} INFO - [2022-06-24 16:35:21,910] {dag.py:2937} INFO - Setting next_dagrun for example_trigger_target_dag to None
[2022-06-24 16:35:21,918] {processor.py:171} INFO - Processing /home/airflow/.local/lib/python3.7/site-packages/airflow/example_dags/example_trigger_target_dag.py took 0.053 seconds
[2022-06-24 16:35:52,451] {processor.py:163} INFO - Started process (PID=2311) to work on /home/airflow/.local/lib/python3.7/site-packages/airflow/example_dags/example_trigger_target_dag.py
[2022-06-24 16:35:52,452] {processor.py:642} INFO - Processing file /home/airflow/.local/lib/python3.7/site-packages/airflow/example_dags/example_trigger_target_dag.py for tasks to queue
[2022-06-24 16:35:52,453] {logging_mixin.py:109} INFO - [2022-06-24 16:35:52,453] {dagbag.py:500} INFO - Filling up the DagBag from /home/airflow/.local/lib/python3.7/site-packages/airflow/example_dags/example_trigger_target_dag.py
[2022-06-24 16:35:52,470] {processor.py:652} INFO - DAG(s) dict_keys(['example_trigger_target_dag']) retrieved from /home/airflow/.local/lib/python3.7/site-packages/airflow/example_dags/example_trigger_target_dag.py
[2022-06-24 16:35:52,487] {logging_mixin.py:109} INFO - [2022-06-24 16:35:52,487] {dag.py:2398} INFO - Sync 1 DAGs
[2022-06-24 16:35:52,503] {logging_mixin.py:109} INFO - [2022-06-24 16:35:52,502] {dag.py:2937} INFO - Setting next_dagrun for example_trigger_target_dag to None
[2022-06-24 16:35:52,513] {processor.py:171} INFO - Processing /home/airflow/.local/lib/python3.7/site-packages/airflow/example_dags/example_trigger_target_dag.py took 0.064 seconds
[2022-06-24 16:36:23,270] {processor.py:163} INFO - Started process (PID=2371) to work on /home/airflow/.local/lib/python3.7/site-packages/airflow/example_dags/example_trigger_target_dag.py
[2022-06-24 16:36:23,271] {processor.py:642} INFO - Processing file /home/airflow/.local/lib/python3.7/site-packages/airflow/example_dags/example_trigger_target_dag.py for tasks to queue
[2022-06-24 16:36:23,271] {logging_mixin.py:109} INFO - [2022-06-24 16:36:23,271] {dagbag.py:500} INFO - Filling up the DagBag from /home/airflow/.local/lib/python3.7/site-packages/airflow/example_dags/example_trigger_target_dag.py
[2022-06-24 16:36:23,285] {processor.py:652} INFO - DAG(s) dict_keys(['example_trigger_target_dag']) retrieved from /home/airflow/.local/lib/python3.7/site-packages/airflow/example_dags/example_trigger_target_dag.py
[2022-06-24 16:36:23,296] {logging_mixin.py:109} INFO - [2022-06-24 16:36:23,296] {dag.py:2398} INFO - Sync 1 DAGs
[2022-06-24 16:36:23,308] {logging_mixin.py:109} INFO - [2022-06-24 16:36:23,308] {dag.py:2937} INFO - Setting next_dagrun for example_trigger_target_dag to None
[2022-06-24 16:36:23,314] {processor.py:171} INFO - Processing /home/airflow/.local/lib/python3.7/site-packages/airflow/example_dags/example_trigger_target_dag.py took 0.047 seconds
[2022-06-24 16:36:54,163] {processor.py:163} INFO - Started process (PID=2422) to work on /home/airflow/.local/lib/python3.7/site-packages/airflow/example_dags/example_trigger_target_dag.py
[2022-06-24 16:36:54,164] {processor.py:642} INFO - Processing file /home/airflow/.local/lib/python3.7/site-packages/airflow/example_dags/example_trigger_target_dag.py for tasks to queue
[2022-06-24 16:36:54,164] {logging_mixin.py:109} INFO - [2022-06-24 16:36:54,164] {dagbag.py:500} INFO - Filling up the DagBag from /home/airflow/.local/lib/python3.7/site-packages/airflow/example_dags/example_trigger_target_dag.py
[2022-06-24 16:36:54,176] {processor.py:652} INFO - DAG(s) dict_keys(['example_trigger_target_dag']) retrieved from /home/airflow/.local/lib/python3.7/site-packages/airflow/example_dags/example_trigger_target_dag.py
[2022-06-24 16:36:54,190] {logging_mixin.py:109} INFO - [2022-06-24 16:36:54,189] {dag.py:2398} INFO - Sync 1 DAGs
[2022-06-24 16:36:54,200] {logging_mixin.py:109} INFO - [2022-06-24 16:36:54,200] {dag.py:2937} INFO - Setting next_dagrun for example_trigger_target_dag to None
[2022-06-24 16:36:54,207] {processor.py:171} INFO - Processing /home/airflow/.local/lib/python3.7/site-packages/airflow/example_dags/example_trigger_target_dag.py took 0.046 seconds
[2022-06-24 16:37:24,806] {processor.py:163} INFO - Started process (PID=2481) to work on /home/airflow/.local/lib/python3.7/site-packages/airflow/example_dags/example_trigger_target_dag.py
[2022-06-24 16:37:24,807] {processor.py:642} INFO - Processing file /home/airflow/.local/lib/python3.7/site-packages/airflow/example_dags/example_trigger_target_dag.py for tasks to queue
[2022-06-24 16:37:24,807] {logging_mixin.py:109} INFO - [2022-06-24 16:37:24,807] {dagbag.py:500} INFO - Filling up the DagBag from /home/airflow/.local/lib/python3.7/site-packages/airflow/example_dags/example_trigger_target_dag.py
[2022-06-24 16:37:24,817] {processor.py:652} INFO - DAG(s) dict_keys(['example_trigger_target_dag']) retrieved from /home/airflow/.local/lib/python3.7/site-packages/airflow/example_dags/example_trigger_target_dag.py
[2022-06-24 16:37:24,831] {logging_mixin.py:109} INFO - [2022-06-24 16:37:24,831] {dag.py:2398} INFO - Sync 1 DAGs
[2022-06-24 16:37:24,841] {logging_mixin.py:109} INFO - [2022-06-24 16:37:24,841] {dag.py:2937} INFO - Setting next_dagrun for example_trigger_target_dag to None
[2022-06-24 16:37:24,846] {processor.py:171} INFO - Processing /home/airflow/.local/lib/python3.7/site-packages/airflow/example_dags/example_trigger_target_dag.py took 0.042 seconds
[2022-06-24 16:37:55,578] {processor.py:163} INFO - Started process (PID=2539) to work on /home/airflow/.local/lib/python3.7/site-packages/airflow/example_dags/example_trigger_target_dag.py
[2022-06-24 16:37:55,579] {processor.py:642} INFO - Processing file /home/airflow/.local/lib/python3.7/site-packages/airflow/example_dags/example_trigger_target_dag.py for tasks to queue
[2022-06-24 16:37:55,580] {logging_mixin.py:109} INFO - [2022-06-24 16:37:55,580] {dagbag.py:500} INFO - Filling up the DagBag from /home/airflow/.local/lib/python3.7/site-packages/airflow/example_dags/example_trigger_target_dag.py
[2022-06-24 16:37:55,597] {processor.py:652} INFO - DAG(s) dict_keys(['example_trigger_target_dag']) retrieved from /home/airflow/.local/lib/python3.7/site-packages/airflow/example_dags/example_trigger_target_dag.py
[2022-06-24 16:37:55,617] {logging_mixin.py:109} INFO - [2022-06-24 16:37:55,617] {dag.py:2398} INFO - Sync 1 DAGs
[2022-06-24 16:37:55,632] {logging_mixin.py:109} INFO - [2022-06-24 16:37:55,632] {dag.py:2937} INFO - Setting next_dagrun for example_trigger_target_dag to None
[2022-06-24 16:37:55,641] {processor.py:171} INFO - Processing /home/airflow/.local/lib/python3.7/site-packages/airflow/example_dags/example_trigger_target_dag.py took 0.065 seconds
[2022-06-24 16:38:26,457] {processor.py:163} INFO - Started process (PID=2592) to work on /home/airflow/.local/lib/python3.7/site-packages/airflow/example_dags/example_trigger_target_dag.py
[2022-06-24 16:38:26,458] {processor.py:642} INFO - Processing file /home/airflow/.local/lib/python3.7/site-packages/airflow/example_dags/example_trigger_target_dag.py for tasks to queue
[2022-06-24 16:38:26,458] {logging_mixin.py:109} INFO - [2022-06-24 16:38:26,458] {dagbag.py:500} INFO - Filling up the DagBag from /home/airflow/.local/lib/python3.7/site-packages/airflow/example_dags/example_trigger_target_dag.py
[2022-06-24 16:38:26,471] {processor.py:652} INFO - DAG(s) dict_keys(['example_trigger_target_dag']) retrieved from /home/airflow/.local/lib/python3.7/site-packages/airflow/example_dags/example_trigger_target_dag.py
[2022-06-24 16:38:26,487] {logging_mixin.py:109} INFO - [2022-06-24 16:38:26,486] {dag.py:2398} INFO - Sync 1 DAGs
[2022-06-24 16:38:26,498] {logging_mixin.py:109} INFO - [2022-06-24 16:38:26,498] {dag.py:2937} INFO - Setting next_dagrun for example_trigger_target_dag to None
[2022-06-24 16:38:26,504] {processor.py:171} INFO - Processing /home/airflow/.local/lib/python3.7/site-packages/airflow/example_dags/example_trigger_target_dag.py took 0.049 seconds
