[2022-06-24 16:06:54,530] {processor.py:163} INFO - Started process (PID=172) to work on /home/airflow/.local/lib/python3.7/site-packages/airflow/example_dags/example_branch_labels.py
[2022-06-24 16:06:54,531] {processor.py:642} INFO - Processing file /home/airflow/.local/lib/python3.7/site-packages/airflow/example_dags/example_branch_labels.py for tasks to queue
[2022-06-24 16:06:54,532] {logging_mixin.py:109} INFO - [2022-06-24 16:06:54,531] {dagbag.py:500} INFO - Filling up the DagBag from /home/airflow/.local/lib/python3.7/site-packages/airflow/example_dags/example_branch_labels.py
[2022-06-24 16:06:54,547] {processor.py:652} INFO - DAG(s) dict_keys(['example_branch_labels']) retrieved from /home/airflow/.local/lib/python3.7/site-packages/airflow/example_dags/example_branch_labels.py
[2022-06-24 16:06:55,994] {logging_mixin.py:109} INFO - [2022-06-24 16:06:55,994] {manager.py:496} INFO - Created Permission View: can edit on DAG:example_branch_labels
[2022-06-24 16:06:55,999] {logging_mixin.py:109} INFO - [2022-06-24 16:06:55,999] {manager.py:496} INFO - Created Permission View: can read on DAG:example_branch_labels
[2022-06-24 16:06:55,999] {logging_mixin.py:109} INFO - [2022-06-24 16:06:55,999] {dag.py:2398} INFO - Sync 1 DAGs
[2022-06-24 16:06:56,003] {logging_mixin.py:109} INFO - [2022-06-24 16:06:56,003] {dag.py:2417} INFO - Creating ORM DAG for example_branch_labels
[2022-06-24 16:06:56,009] {logging_mixin.py:109} INFO - [2022-06-24 16:06:56,009] {dag.py:2937} INFO - Setting next_dagrun for example_branch_labels to 2022-06-23 00:00:00+00:00
[2022-06-24 16:06:56,015] {processor.py:171} INFO - Processing /home/airflow/.local/lib/python3.7/site-packages/airflow/example_dags/example_branch_labels.py took 1.487 seconds
[2022-06-24 16:07:26,909] {processor.py:163} INFO - Started process (PID=360) to work on /home/airflow/.local/lib/python3.7/site-packages/airflow/example_dags/example_branch_labels.py
[2022-06-24 16:07:26,909] {processor.py:642} INFO - Processing file /home/airflow/.local/lib/python3.7/site-packages/airflow/example_dags/example_branch_labels.py for tasks to queue
[2022-06-24 16:07:26,910] {logging_mixin.py:109} INFO - [2022-06-24 16:07:26,910] {dagbag.py:500} INFO - Filling up the DagBag from /home/airflow/.local/lib/python3.7/site-packages/airflow/example_dags/example_branch_labels.py
[2022-06-24 16:07:26,920] {processor.py:652} INFO - DAG(s) dict_keys(['example_branch_labels']) retrieved from /home/airflow/.local/lib/python3.7/site-packages/airflow/example_dags/example_branch_labels.py
[2022-06-24 16:07:26,936] {logging_mixin.py:109} INFO - [2022-06-24 16:07:26,936] {dag.py:2398} INFO - Sync 1 DAGs
[2022-06-24 16:07:26,953] {logging_mixin.py:109} INFO - [2022-06-24 16:07:26,953] {dag.py:2937} INFO - Setting next_dagrun for example_branch_labels to 2022-06-23 00:00:00+00:00
[2022-06-24 16:07:26,960] {processor.py:171} INFO - Processing /home/airflow/.local/lib/python3.7/site-packages/airflow/example_dags/example_branch_labels.py took 0.053 seconds
[2022-06-24 16:07:57,225] {processor.py:163} INFO - Started process (PID=420) to work on /home/airflow/.local/lib/python3.7/site-packages/airflow/example_dags/example_branch_labels.py
[2022-06-24 16:07:57,225] {processor.py:642} INFO - Processing file /home/airflow/.local/lib/python3.7/site-packages/airflow/example_dags/example_branch_labels.py for tasks to queue
[2022-06-24 16:07:57,226] {logging_mixin.py:109} INFO - [2022-06-24 16:07:57,226] {dagbag.py:500} INFO - Filling up the DagBag from /home/airflow/.local/lib/python3.7/site-packages/airflow/example_dags/example_branch_labels.py
[2022-06-24 16:07:57,236] {processor.py:652} INFO - DAG(s) dict_keys(['example_branch_labels']) retrieved from /home/airflow/.local/lib/python3.7/site-packages/airflow/example_dags/example_branch_labels.py
[2022-06-24 16:07:57,247] {logging_mixin.py:109} INFO - [2022-06-24 16:07:57,247] {dag.py:2398} INFO - Sync 1 DAGs
[2022-06-24 16:07:57,258] {logging_mixin.py:109} INFO - [2022-06-24 16:07:57,258] {dag.py:2937} INFO - Setting next_dagrun for example_branch_labels to 2022-06-23 00:00:00+00:00
[2022-06-24 16:07:57,263] {processor.py:171} INFO - Processing /home/airflow/.local/lib/python3.7/site-packages/airflow/example_dags/example_branch_labels.py took 0.040 seconds
[2022-06-24 16:08:27,473] {processor.py:163} INFO - Started process (PID=471) to work on /home/airflow/.local/lib/python3.7/site-packages/airflow/example_dags/example_branch_labels.py
[2022-06-24 16:08:27,474] {processor.py:642} INFO - Processing file /home/airflow/.local/lib/python3.7/site-packages/airflow/example_dags/example_branch_labels.py for tasks to queue
[2022-06-24 16:08:27,474] {logging_mixin.py:109} INFO - [2022-06-24 16:08:27,474] {dagbag.py:500} INFO - Filling up the DagBag from /home/airflow/.local/lib/python3.7/site-packages/airflow/example_dags/example_branch_labels.py
[2022-06-24 16:08:27,484] {processor.py:652} INFO - DAG(s) dict_keys(['example_branch_labels']) retrieved from /home/airflow/.local/lib/python3.7/site-packages/airflow/example_dags/example_branch_labels.py
[2022-06-24 16:08:27,497] {logging_mixin.py:109} INFO - [2022-06-24 16:08:27,497] {dag.py:2398} INFO - Sync 1 DAGs
[2022-06-24 16:08:27,508] {logging_mixin.py:109} INFO - [2022-06-24 16:08:27,508] {dag.py:2937} INFO - Setting next_dagrun for example_branch_labels to 2022-06-23 00:00:00+00:00
[2022-06-24 16:08:27,513] {processor.py:171} INFO - Processing /home/airflow/.local/lib/python3.7/site-packages/airflow/example_dags/example_branch_labels.py took 0.042 seconds
[2022-06-24 16:08:57,718] {processor.py:163} INFO - Started process (PID=529) to work on /home/airflow/.local/lib/python3.7/site-packages/airflow/example_dags/example_branch_labels.py
[2022-06-24 16:08:57,718] {processor.py:642} INFO - Processing file /home/airflow/.local/lib/python3.7/site-packages/airflow/example_dags/example_branch_labels.py for tasks to queue
[2022-06-24 16:08:57,719] {logging_mixin.py:109} INFO - [2022-06-24 16:08:57,719] {dagbag.py:500} INFO - Filling up the DagBag from /home/airflow/.local/lib/python3.7/site-packages/airflow/example_dags/example_branch_labels.py
[2022-06-24 16:08:57,729] {processor.py:652} INFO - DAG(s) dict_keys(['example_branch_labels']) retrieved from /home/airflow/.local/lib/python3.7/site-packages/airflow/example_dags/example_branch_labels.py
[2022-06-24 16:08:57,742] {logging_mixin.py:109} INFO - [2022-06-24 16:08:57,742] {dag.py:2398} INFO - Sync 1 DAGs
[2022-06-24 16:08:57,754] {logging_mixin.py:109} INFO - [2022-06-24 16:08:57,754] {dag.py:2937} INFO - Setting next_dagrun for example_branch_labels to 2022-06-23 00:00:00+00:00
[2022-06-24 16:08:57,760] {processor.py:171} INFO - Processing /home/airflow/.local/lib/python3.7/site-packages/airflow/example_dags/example_branch_labels.py took 0.044 seconds
[2022-06-24 16:09:27,877] {processor.py:163} INFO - Started process (PID=588) to work on /home/airflow/.local/lib/python3.7/site-packages/airflow/example_dags/example_branch_labels.py
[2022-06-24 16:09:27,878] {processor.py:642} INFO - Processing file /home/airflow/.local/lib/python3.7/site-packages/airflow/example_dags/example_branch_labels.py for tasks to queue
[2022-06-24 16:09:27,878] {logging_mixin.py:109} INFO - [2022-06-24 16:09:27,878] {dagbag.py:500} INFO - Filling up the DagBag from /home/airflow/.local/lib/python3.7/site-packages/airflow/example_dags/example_branch_labels.py
[2022-06-24 16:09:27,887] {processor.py:652} INFO - DAG(s) dict_keys(['example_branch_labels']) retrieved from /home/airflow/.local/lib/python3.7/site-packages/airflow/example_dags/example_branch_labels.py
[2022-06-24 16:09:27,900] {logging_mixin.py:109} INFO - [2022-06-24 16:09:27,900] {dag.py:2398} INFO - Sync 1 DAGs
[2022-06-24 16:09:27,917] {logging_mixin.py:109} INFO - [2022-06-24 16:09:27,917] {dag.py:2937} INFO - Setting next_dagrun for example_branch_labels to 2022-06-23 00:00:00+00:00
[2022-06-24 16:09:27,923] {processor.py:171} INFO - Processing /home/airflow/.local/lib/python3.7/site-packages/airflow/example_dags/example_branch_labels.py took 0.048 seconds
[2022-06-24 16:09:58,135] {processor.py:163} INFO - Started process (PID=639) to work on /home/airflow/.local/lib/python3.7/site-packages/airflow/example_dags/example_branch_labels.py
[2022-06-24 16:09:58,137] {processor.py:642} INFO - Processing file /home/airflow/.local/lib/python3.7/site-packages/airflow/example_dags/example_branch_labels.py for tasks to queue
[2022-06-24 16:09:58,137] {logging_mixin.py:109} INFO - [2022-06-24 16:09:58,137] {dagbag.py:500} INFO - Filling up the DagBag from /home/airflow/.local/lib/python3.7/site-packages/airflow/example_dags/example_branch_labels.py
[2022-06-24 16:09:58,146] {processor.py:652} INFO - DAG(s) dict_keys(['example_branch_labels']) retrieved from /home/airflow/.local/lib/python3.7/site-packages/airflow/example_dags/example_branch_labels.py
[2022-06-24 16:09:58,158] {logging_mixin.py:109} INFO - [2022-06-24 16:09:58,158] {dag.py:2398} INFO - Sync 1 DAGs
[2022-06-24 16:09:58,169] {logging_mixin.py:109} INFO - [2022-06-24 16:09:58,169] {dag.py:2937} INFO - Setting next_dagrun for example_branch_labels to 2022-06-23 00:00:00+00:00
[2022-06-24 16:09:58,174] {processor.py:171} INFO - Processing /home/airflow/.local/lib/python3.7/site-packages/airflow/example_dags/example_branch_labels.py took 0.041 seconds
[2022-06-24 16:10:28,535] {processor.py:163} INFO - Started process (PID=698) to work on /home/airflow/.local/lib/python3.7/site-packages/airflow/example_dags/example_branch_labels.py
[2022-06-24 16:10:28,535] {processor.py:642} INFO - Processing file /home/airflow/.local/lib/python3.7/site-packages/airflow/example_dags/example_branch_labels.py for tasks to queue
[2022-06-24 16:10:28,536] {logging_mixin.py:109} INFO - [2022-06-24 16:10:28,536] {dagbag.py:500} INFO - Filling up the DagBag from /home/airflow/.local/lib/python3.7/site-packages/airflow/example_dags/example_branch_labels.py
[2022-06-24 16:10:28,544] {processor.py:652} INFO - DAG(s) dict_keys(['example_branch_labels']) retrieved from /home/airflow/.local/lib/python3.7/site-packages/airflow/example_dags/example_branch_labels.py
[2022-06-24 16:10:28,557] {logging_mixin.py:109} INFO - [2022-06-24 16:10:28,557] {dag.py:2398} INFO - Sync 1 DAGs
[2022-06-24 16:10:28,571] {logging_mixin.py:109} INFO - [2022-06-24 16:10:28,571] {dag.py:2937} INFO - Setting next_dagrun for example_branch_labels to 2022-06-23 00:00:00+00:00
[2022-06-24 16:10:28,577] {processor.py:171} INFO - Processing /home/airflow/.local/lib/python3.7/site-packages/airflow/example_dags/example_branch_labels.py took 0.044 seconds
[2022-06-24 16:10:58,776] {processor.py:163} INFO - Started process (PID=756) to work on /home/airflow/.local/lib/python3.7/site-packages/airflow/example_dags/example_branch_labels.py
[2022-06-24 16:10:58,777] {processor.py:642} INFO - Processing file /home/airflow/.local/lib/python3.7/site-packages/airflow/example_dags/example_branch_labels.py for tasks to queue
[2022-06-24 16:10:58,777] {logging_mixin.py:109} INFO - [2022-06-24 16:10:58,777] {dagbag.py:500} INFO - Filling up the DagBag from /home/airflow/.local/lib/python3.7/site-packages/airflow/example_dags/example_branch_labels.py
[2022-06-24 16:10:58,786] {processor.py:652} INFO - DAG(s) dict_keys(['example_branch_labels']) retrieved from /home/airflow/.local/lib/python3.7/site-packages/airflow/example_dags/example_branch_labels.py
[2022-06-24 16:10:58,799] {logging_mixin.py:109} INFO - [2022-06-24 16:10:58,799] {dag.py:2398} INFO - Sync 1 DAGs
[2022-06-24 16:10:58,811] {logging_mixin.py:109} INFO - [2022-06-24 16:10:58,811] {dag.py:2937} INFO - Setting next_dagrun for example_branch_labels to 2022-06-23 00:00:00+00:00
[2022-06-24 16:10:58,817] {processor.py:171} INFO - Processing /home/airflow/.local/lib/python3.7/site-packages/airflow/example_dags/example_branch_labels.py took 0.043 seconds
[2022-06-24 16:11:29,107] {processor.py:163} INFO - Started process (PID=807) to work on /home/airflow/.local/lib/python3.7/site-packages/airflow/example_dags/example_branch_labels.py
[2022-06-24 16:11:29,109] {processor.py:642} INFO - Processing file /home/airflow/.local/lib/python3.7/site-packages/airflow/example_dags/example_branch_labels.py for tasks to queue
[2022-06-24 16:11:29,110] {logging_mixin.py:109} INFO - [2022-06-24 16:11:29,109] {dagbag.py:500} INFO - Filling up the DagBag from /home/airflow/.local/lib/python3.7/site-packages/airflow/example_dags/example_branch_labels.py
[2022-06-24 16:11:29,122] {processor.py:652} INFO - DAG(s) dict_keys(['example_branch_labels']) retrieved from /home/airflow/.local/lib/python3.7/site-packages/airflow/example_dags/example_branch_labels.py
[2022-06-24 16:11:29,133] {logging_mixin.py:109} INFO - [2022-06-24 16:11:29,133] {dag.py:2398} INFO - Sync 1 DAGs
[2022-06-24 16:11:29,143] {logging_mixin.py:109} INFO - [2022-06-24 16:11:29,142] {dag.py:2937} INFO - Setting next_dagrun for example_branch_labels to 2022-06-23 00:00:00+00:00
[2022-06-24 16:11:29,147] {processor.py:171} INFO - Processing /home/airflow/.local/lib/python3.7/site-packages/airflow/example_dags/example_branch_labels.py took 0.044 seconds
[2022-06-24 16:11:59,384] {processor.py:163} INFO - Started process (PID=866) to work on /home/airflow/.local/lib/python3.7/site-packages/airflow/example_dags/example_branch_labels.py
[2022-06-24 16:11:59,385] {processor.py:642} INFO - Processing file /home/airflow/.local/lib/python3.7/site-packages/airflow/example_dags/example_branch_labels.py for tasks to queue
[2022-06-24 16:11:59,385] {logging_mixin.py:109} INFO - [2022-06-24 16:11:59,385] {dagbag.py:500} INFO - Filling up the DagBag from /home/airflow/.local/lib/python3.7/site-packages/airflow/example_dags/example_branch_labels.py
[2022-06-24 16:11:59,393] {processor.py:652} INFO - DAG(s) dict_keys(['example_branch_labels']) retrieved from /home/airflow/.local/lib/python3.7/site-packages/airflow/example_dags/example_branch_labels.py
[2022-06-24 16:11:59,407] {logging_mixin.py:109} INFO - [2022-06-24 16:11:59,407] {dag.py:2398} INFO - Sync 1 DAGs
[2022-06-24 16:11:59,417] {logging_mixin.py:109} INFO - [2022-06-24 16:11:59,417] {dag.py:2937} INFO - Setting next_dagrun for example_branch_labels to 2022-06-23 00:00:00+00:00
[2022-06-24 16:11:59,422] {processor.py:171} INFO - Processing /home/airflow/.local/lib/python3.7/site-packages/airflow/example_dags/example_branch_labels.py took 0.039 seconds
[2022-06-24 16:12:29,789] {processor.py:163} INFO - Started process (PID=917) to work on /home/airflow/.local/lib/python3.7/site-packages/airflow/example_dags/example_branch_labels.py
[2022-06-24 16:12:29,790] {processor.py:642} INFO - Processing file /home/airflow/.local/lib/python3.7/site-packages/airflow/example_dags/example_branch_labels.py for tasks to queue
[2022-06-24 16:12:29,791] {logging_mixin.py:109} INFO - [2022-06-24 16:12:29,791] {dagbag.py:500} INFO - Filling up the DagBag from /home/airflow/.local/lib/python3.7/site-packages/airflow/example_dags/example_branch_labels.py
[2022-06-24 16:12:29,799] {processor.py:652} INFO - DAG(s) dict_keys(['example_branch_labels']) retrieved from /home/airflow/.local/lib/python3.7/site-packages/airflow/example_dags/example_branch_labels.py
[2022-06-24 16:12:29,811] {logging_mixin.py:109} INFO - [2022-06-24 16:12:29,811] {dag.py:2398} INFO - Sync 1 DAGs
[2022-06-24 16:12:29,824] {logging_mixin.py:109} INFO - [2022-06-24 16:12:29,824] {dag.py:2937} INFO - Setting next_dagrun for example_branch_labels to 2022-06-23 00:00:00+00:00
[2022-06-24 16:12:29,829] {processor.py:171} INFO - Processing /home/airflow/.local/lib/python3.7/site-packages/airflow/example_dags/example_branch_labels.py took 0.041 seconds
[2022-06-24 16:12:59,844] {processor.py:163} INFO - Started process (PID=977) to work on /home/airflow/.local/lib/python3.7/site-packages/airflow/example_dags/example_branch_labels.py
[2022-06-24 16:12:59,846] {processor.py:642} INFO - Processing file /home/airflow/.local/lib/python3.7/site-packages/airflow/example_dags/example_branch_labels.py for tasks to queue
[2022-06-24 16:12:59,846] {logging_mixin.py:109} INFO - [2022-06-24 16:12:59,846] {dagbag.py:500} INFO - Filling up the DagBag from /home/airflow/.local/lib/python3.7/site-packages/airflow/example_dags/example_branch_labels.py
[2022-06-24 16:12:59,854] {processor.py:652} INFO - DAG(s) dict_keys(['example_branch_labels']) retrieved from /home/airflow/.local/lib/python3.7/site-packages/airflow/example_dags/example_branch_labels.py
[2022-06-24 16:12:59,865] {logging_mixin.py:109} INFO - [2022-06-24 16:12:59,865] {dag.py:2398} INFO - Sync 1 DAGs
[2022-06-24 16:12:59,875] {logging_mixin.py:109} INFO - [2022-06-24 16:12:59,875] {dag.py:2937} INFO - Setting next_dagrun for example_branch_labels to 2022-06-23 00:00:00+00:00
[2022-06-24 16:12:59,880] {processor.py:171} INFO - Processing /home/airflow/.local/lib/python3.7/site-packages/airflow/example_dags/example_branch_labels.py took 0.037 seconds
[2022-06-24 16:13:30,242] {processor.py:163} INFO - Started process (PID=1037) to work on /home/airflow/.local/lib/python3.7/site-packages/airflow/example_dags/example_branch_labels.py
[2022-06-24 16:13:30,242] {processor.py:642} INFO - Processing file /home/airflow/.local/lib/python3.7/site-packages/airflow/example_dags/example_branch_labels.py for tasks to queue
[2022-06-24 16:13:30,243] {logging_mixin.py:109} INFO - [2022-06-24 16:13:30,242] {dagbag.py:500} INFO - Filling up the DagBag from /home/airflow/.local/lib/python3.7/site-packages/airflow/example_dags/example_branch_labels.py
[2022-06-24 16:13:30,251] {processor.py:652} INFO - DAG(s) dict_keys(['example_branch_labels']) retrieved from /home/airflow/.local/lib/python3.7/site-packages/airflow/example_dags/example_branch_labels.py
[2022-06-24 16:13:30,263] {logging_mixin.py:109} INFO - [2022-06-24 16:13:30,263] {dag.py:2398} INFO - Sync 1 DAGs
[2022-06-24 16:13:30,274] {logging_mixin.py:109} INFO - [2022-06-24 16:13:30,274] {dag.py:2937} INFO - Setting next_dagrun for example_branch_labels to 2022-06-23 00:00:00+00:00
[2022-06-24 16:13:30,280] {processor.py:171} INFO - Processing /home/airflow/.local/lib/python3.7/site-packages/airflow/example_dags/example_branch_labels.py took 0.040 seconds
[2022-06-24 16:14:00,528] {processor.py:163} INFO - Started process (PID=1087) to work on /home/airflow/.local/lib/python3.7/site-packages/airflow/example_dags/example_branch_labels.py
[2022-06-24 16:14:00,529] {processor.py:642} INFO - Processing file /home/airflow/.local/lib/python3.7/site-packages/airflow/example_dags/example_branch_labels.py for tasks to queue
[2022-06-24 16:14:00,529] {logging_mixin.py:109} INFO - [2022-06-24 16:14:00,529] {dagbag.py:500} INFO - Filling up the DagBag from /home/airflow/.local/lib/python3.7/site-packages/airflow/example_dags/example_branch_labels.py
[2022-06-24 16:14:00,537] {processor.py:652} INFO - DAG(s) dict_keys(['example_branch_labels']) retrieved from /home/airflow/.local/lib/python3.7/site-packages/airflow/example_dags/example_branch_labels.py
[2022-06-24 16:14:00,549] {logging_mixin.py:109} INFO - [2022-06-24 16:14:00,549] {dag.py:2398} INFO - Sync 1 DAGs
[2022-06-24 16:14:00,560] {logging_mixin.py:109} INFO - [2022-06-24 16:14:00,560] {dag.py:2937} INFO - Setting next_dagrun for example_branch_labels to 2022-06-23 00:00:00+00:00
[2022-06-24 16:14:00,565] {processor.py:171} INFO - Processing /home/airflow/.local/lib/python3.7/site-packages/airflow/example_dags/example_branch_labels.py took 0.039 seconds
[2022-06-24 16:14:30,992] {processor.py:163} INFO - Started process (PID=1147) to work on /home/airflow/.local/lib/python3.7/site-packages/airflow/example_dags/example_branch_labels.py
[2022-06-24 16:14:30,993] {processor.py:642} INFO - Processing file /home/airflow/.local/lib/python3.7/site-packages/airflow/example_dags/example_branch_labels.py for tasks to queue
[2022-06-24 16:14:30,993] {logging_mixin.py:109} INFO - [2022-06-24 16:14:30,993] {dagbag.py:500} INFO - Filling up the DagBag from /home/airflow/.local/lib/python3.7/site-packages/airflow/example_dags/example_branch_labels.py
[2022-06-24 16:14:31,001] {processor.py:652} INFO - DAG(s) dict_keys(['example_branch_labels']) retrieved from /home/airflow/.local/lib/python3.7/site-packages/airflow/example_dags/example_branch_labels.py
[2022-06-24 16:14:31,012] {logging_mixin.py:109} INFO - [2022-06-24 16:14:31,012] {dag.py:2398} INFO - Sync 1 DAGs
[2022-06-24 16:14:31,022] {logging_mixin.py:109} INFO - [2022-06-24 16:14:31,022] {dag.py:2937} INFO - Setting next_dagrun for example_branch_labels to 2022-06-23 00:00:00+00:00
[2022-06-24 16:14:31,026] {processor.py:171} INFO - Processing /home/airflow/.local/lib/python3.7/site-packages/airflow/example_dags/example_branch_labels.py took 0.035 seconds
[2022-06-24 16:15:29,758] {processor.py:163} INFO - Started process (PID=45) to work on /home/airflow/.local/lib/python3.7/site-packages/airflow/example_dags/example_branch_labels.py
[2022-06-24 16:15:29,759] {processor.py:642} INFO - Processing file /home/airflow/.local/lib/python3.7/site-packages/airflow/example_dags/example_branch_labels.py for tasks to queue
[2022-06-24 16:15:29,759] {logging_mixin.py:109} INFO - [2022-06-24 16:15:29,759] {dagbag.py:500} INFO - Filling up the DagBag from /home/airflow/.local/lib/python3.7/site-packages/airflow/example_dags/example_branch_labels.py
[2022-06-24 16:15:29,825] {processor.py:652} INFO - DAG(s) dict_keys(['example_branch_labels']) retrieved from /home/airflow/.local/lib/python3.7/site-packages/airflow/example_dags/example_branch_labels.py
[2022-06-24 16:15:29,855] {logging_mixin.py:109} INFO - [2022-06-24 16:15:29,855] {dag.py:2398} INFO - Sync 1 DAGs
[2022-06-24 16:15:29,869] {logging_mixin.py:109} INFO - [2022-06-24 16:15:29,869] {dag.py:2937} INFO - Setting next_dagrun for example_branch_labels to 2022-06-23 00:00:00+00:00
[2022-06-24 16:15:29,875] {processor.py:171} INFO - Processing /home/airflow/.local/lib/python3.7/site-packages/airflow/example_dags/example_branch_labels.py took 0.119 seconds
[2022-06-24 16:16:00,511] {processor.py:163} INFO - Started process (PID=107) to work on /home/airflow/.local/lib/python3.7/site-packages/airflow/example_dags/example_branch_labels.py
[2022-06-24 16:16:00,512] {processor.py:642} INFO - Processing file /home/airflow/.local/lib/python3.7/site-packages/airflow/example_dags/example_branch_labels.py for tasks to queue
[2022-06-24 16:16:00,512] {logging_mixin.py:109} INFO - [2022-06-24 16:16:00,512] {dagbag.py:500} INFO - Filling up the DagBag from /home/airflow/.local/lib/python3.7/site-packages/airflow/example_dags/example_branch_labels.py
[2022-06-24 16:16:00,522] {processor.py:652} INFO - DAG(s) dict_keys(['example_branch_labels']) retrieved from /home/airflow/.local/lib/python3.7/site-packages/airflow/example_dags/example_branch_labels.py
[2022-06-24 16:16:00,534] {logging_mixin.py:109} INFO - [2022-06-24 16:16:00,534] {dag.py:2398} INFO - Sync 1 DAGs
[2022-06-24 16:16:00,545] {logging_mixin.py:109} INFO - [2022-06-24 16:16:00,545] {dag.py:2937} INFO - Setting next_dagrun for example_branch_labels to 2022-06-23 00:00:00+00:00
[2022-06-24 16:16:00,551] {processor.py:171} INFO - Processing /home/airflow/.local/lib/python3.7/site-packages/airflow/example_dags/example_branch_labels.py took 0.041 seconds
[2022-06-24 16:16:31,001] {processor.py:163} INFO - Started process (PID=167) to work on /home/airflow/.local/lib/python3.7/site-packages/airflow/example_dags/example_branch_labels.py
[2022-06-24 16:16:31,002] {processor.py:642} INFO - Processing file /home/airflow/.local/lib/python3.7/site-packages/airflow/example_dags/example_branch_labels.py for tasks to queue
[2022-06-24 16:16:31,002] {logging_mixin.py:109} INFO - [2022-06-24 16:16:31,002] {dagbag.py:500} INFO - Filling up the DagBag from /home/airflow/.local/lib/python3.7/site-packages/airflow/example_dags/example_branch_labels.py
[2022-06-24 16:16:31,013] {processor.py:652} INFO - DAG(s) dict_keys(['example_branch_labels']) retrieved from /home/airflow/.local/lib/python3.7/site-packages/airflow/example_dags/example_branch_labels.py
[2022-06-24 16:16:31,025] {logging_mixin.py:109} INFO - [2022-06-24 16:16:31,025] {dag.py:2398} INFO - Sync 1 DAGs
[2022-06-24 16:16:31,036] {logging_mixin.py:109} INFO - [2022-06-24 16:16:31,036] {dag.py:2937} INFO - Setting next_dagrun for example_branch_labels to 2022-06-23 00:00:00+00:00
[2022-06-24 16:16:31,041] {processor.py:171} INFO - Processing /home/airflow/.local/lib/python3.7/site-packages/airflow/example_dags/example_branch_labels.py took 0.041 seconds
[2022-06-24 16:17:01,520] {processor.py:163} INFO - Started process (PID=217) to work on /home/airflow/.local/lib/python3.7/site-packages/airflow/example_dags/example_branch_labels.py
[2022-06-24 16:17:01,521] {processor.py:642} INFO - Processing file /home/airflow/.local/lib/python3.7/site-packages/airflow/example_dags/example_branch_labels.py for tasks to queue
[2022-06-24 16:17:01,521] {logging_mixin.py:109} INFO - [2022-06-24 16:17:01,521] {dagbag.py:500} INFO - Filling up the DagBag from /home/airflow/.local/lib/python3.7/site-packages/airflow/example_dags/example_branch_labels.py
[2022-06-24 16:17:01,529] {processor.py:652} INFO - DAG(s) dict_keys(['example_branch_labels']) retrieved from /home/airflow/.local/lib/python3.7/site-packages/airflow/example_dags/example_branch_labels.py
[2022-06-24 16:17:01,541] {logging_mixin.py:109} INFO - [2022-06-24 16:17:01,541] {dag.py:2398} INFO - Sync 1 DAGs
[2022-06-24 16:17:01,552] {logging_mixin.py:109} INFO - [2022-06-24 16:17:01,552] {dag.py:2937} INFO - Setting next_dagrun for example_branch_labels to 2022-06-23 00:00:00+00:00
[2022-06-24 16:17:01,557] {processor.py:171} INFO - Processing /home/airflow/.local/lib/python3.7/site-packages/airflow/example_dags/example_branch_labels.py took 0.038 seconds
[2022-06-24 16:17:32,148] {processor.py:163} INFO - Started process (PID=277) to work on /home/airflow/.local/lib/python3.7/site-packages/airflow/example_dags/example_branch_labels.py
[2022-06-24 16:17:32,149] {processor.py:642} INFO - Processing file /home/airflow/.local/lib/python3.7/site-packages/airflow/example_dags/example_branch_labels.py for tasks to queue
[2022-06-24 16:17:32,149] {logging_mixin.py:109} INFO - [2022-06-24 16:17:32,149] {dagbag.py:500} INFO - Filling up the DagBag from /home/airflow/.local/lib/python3.7/site-packages/airflow/example_dags/example_branch_labels.py
[2022-06-24 16:17:32,158] {processor.py:652} INFO - DAG(s) dict_keys(['example_branch_labels']) retrieved from /home/airflow/.local/lib/python3.7/site-packages/airflow/example_dags/example_branch_labels.py
[2022-06-24 16:17:32,173] {logging_mixin.py:109} INFO - [2022-06-24 16:17:32,173] {dag.py:2398} INFO - Sync 1 DAGs
[2022-06-24 16:17:32,186] {logging_mixin.py:109} INFO - [2022-06-24 16:17:32,186] {dag.py:2937} INFO - Setting next_dagrun for example_branch_labels to 2022-06-23 00:00:00+00:00
[2022-06-24 16:17:32,192] {processor.py:171} INFO - Processing /home/airflow/.local/lib/python3.7/site-packages/airflow/example_dags/example_branch_labels.py took 0.046 seconds
[2022-06-24 16:18:02,757] {processor.py:163} INFO - Started process (PID=336) to work on /home/airflow/.local/lib/python3.7/site-packages/airflow/example_dags/example_branch_labels.py
[2022-06-24 16:18:02,758] {processor.py:642} INFO - Processing file /home/airflow/.local/lib/python3.7/site-packages/airflow/example_dags/example_branch_labels.py for tasks to queue
[2022-06-24 16:18:02,758] {logging_mixin.py:109} INFO - [2022-06-24 16:18:02,758] {dagbag.py:500} INFO - Filling up the DagBag from /home/airflow/.local/lib/python3.7/site-packages/airflow/example_dags/example_branch_labels.py
[2022-06-24 16:18:02,769] {processor.py:652} INFO - DAG(s) dict_keys(['example_branch_labels']) retrieved from /home/airflow/.local/lib/python3.7/site-packages/airflow/example_dags/example_branch_labels.py
[2022-06-24 16:18:02,783] {logging_mixin.py:109} INFO - [2022-06-24 16:18:02,782] {dag.py:2398} INFO - Sync 1 DAGs
[2022-06-24 16:18:02,795] {logging_mixin.py:109} INFO - [2022-06-24 16:18:02,795] {dag.py:2937} INFO - Setting next_dagrun for example_branch_labels to 2022-06-23 00:00:00+00:00
[2022-06-24 16:18:02,802] {processor.py:171} INFO - Processing /home/airflow/.local/lib/python3.7/site-packages/airflow/example_dags/example_branch_labels.py took 0.047 seconds
[2022-06-24 16:18:33,665] {processor.py:163} INFO - Started process (PID=386) to work on /home/airflow/.local/lib/python3.7/site-packages/airflow/example_dags/example_branch_labels.py
[2022-06-24 16:18:33,665] {processor.py:642} INFO - Processing file /home/airflow/.local/lib/python3.7/site-packages/airflow/example_dags/example_branch_labels.py for tasks to queue
[2022-06-24 16:18:33,666] {logging_mixin.py:109} INFO - [2022-06-24 16:18:33,666] {dagbag.py:500} INFO - Filling up the DagBag from /home/airflow/.local/lib/python3.7/site-packages/airflow/example_dags/example_branch_labels.py
[2022-06-24 16:18:33,675] {processor.py:652} INFO - DAG(s) dict_keys(['example_branch_labels']) retrieved from /home/airflow/.local/lib/python3.7/site-packages/airflow/example_dags/example_branch_labels.py
[2022-06-24 16:18:33,689] {logging_mixin.py:109} INFO - [2022-06-24 16:18:33,689] {dag.py:2398} INFO - Sync 1 DAGs
[2022-06-24 16:18:33,703] {logging_mixin.py:109} INFO - [2022-06-24 16:18:33,703] {dag.py:2937} INFO - Setting next_dagrun for example_branch_labels to 2022-06-23 00:00:00+00:00
[2022-06-24 16:18:33,709] {processor.py:171} INFO - Processing /home/airflow/.local/lib/python3.7/site-packages/airflow/example_dags/example_branch_labels.py took 0.046 seconds
[2022-06-24 16:19:04,155] {processor.py:163} INFO - Started process (PID=445) to work on /home/airflow/.local/lib/python3.7/site-packages/airflow/example_dags/example_branch_labels.py
[2022-06-24 16:19:04,156] {processor.py:642} INFO - Processing file /home/airflow/.local/lib/python3.7/site-packages/airflow/example_dags/example_branch_labels.py for tasks to queue
[2022-06-24 16:19:04,156] {logging_mixin.py:109} INFO - [2022-06-24 16:19:04,156] {dagbag.py:500} INFO - Filling up the DagBag from /home/airflow/.local/lib/python3.7/site-packages/airflow/example_dags/example_branch_labels.py
[2022-06-24 16:19:04,165] {processor.py:652} INFO - DAG(s) dict_keys(['example_branch_labels']) retrieved from /home/airflow/.local/lib/python3.7/site-packages/airflow/example_dags/example_branch_labels.py
[2022-06-24 16:19:04,178] {logging_mixin.py:109} INFO - [2022-06-24 16:19:04,178] {dag.py:2398} INFO - Sync 1 DAGs
[2022-06-24 16:19:04,190] {logging_mixin.py:109} INFO - [2022-06-24 16:19:04,190] {dag.py:2937} INFO - Setting next_dagrun for example_branch_labels to 2022-06-23 00:00:00+00:00
[2022-06-24 16:19:04,196] {processor.py:171} INFO - Processing /home/airflow/.local/lib/python3.7/site-packages/airflow/example_dags/example_branch_labels.py took 0.042 seconds
[2022-06-24 16:19:34,749] {processor.py:163} INFO - Started process (PID=505) to work on /home/airflow/.local/lib/python3.7/site-packages/airflow/example_dags/example_branch_labels.py
[2022-06-24 16:19:34,750] {processor.py:642} INFO - Processing file /home/airflow/.local/lib/python3.7/site-packages/airflow/example_dags/example_branch_labels.py for tasks to queue
[2022-06-24 16:19:34,750] {logging_mixin.py:109} INFO - [2022-06-24 16:19:34,750] {dagbag.py:500} INFO - Filling up the DagBag from /home/airflow/.local/lib/python3.7/site-packages/airflow/example_dags/example_branch_labels.py
[2022-06-24 16:19:34,759] {processor.py:652} INFO - DAG(s) dict_keys(['example_branch_labels']) retrieved from /home/airflow/.local/lib/python3.7/site-packages/airflow/example_dags/example_branch_labels.py
[2022-06-24 16:19:34,771] {logging_mixin.py:109} INFO - [2022-06-24 16:19:34,771] {dag.py:2398} INFO - Sync 1 DAGs
[2022-06-24 16:19:34,782] {logging_mixin.py:109} INFO - [2022-06-24 16:19:34,782] {dag.py:2937} INFO - Setting next_dagrun for example_branch_labels to 2022-06-23 00:00:00+00:00
[2022-06-24 16:19:34,787] {processor.py:171} INFO - Processing /home/airflow/.local/lib/python3.7/site-packages/airflow/example_dags/example_branch_labels.py took 0.040 seconds
[2022-06-24 16:20:05,267] {processor.py:163} INFO - Started process (PID=554) to work on /home/airflow/.local/lib/python3.7/site-packages/airflow/example_dags/example_branch_labels.py
[2022-06-24 16:20:05,268] {processor.py:642} INFO - Processing file /home/airflow/.local/lib/python3.7/site-packages/airflow/example_dags/example_branch_labels.py for tasks to queue
[2022-06-24 16:20:05,268] {logging_mixin.py:109} INFO - [2022-06-24 16:20:05,268] {dagbag.py:500} INFO - Filling up the DagBag from /home/airflow/.local/lib/python3.7/site-packages/airflow/example_dags/example_branch_labels.py
[2022-06-24 16:20:05,276] {processor.py:652} INFO - DAG(s) dict_keys(['example_branch_labels']) retrieved from /home/airflow/.local/lib/python3.7/site-packages/airflow/example_dags/example_branch_labels.py
[2022-06-24 16:20:05,288] {logging_mixin.py:109} INFO - [2022-06-24 16:20:05,288] {dag.py:2398} INFO - Sync 1 DAGs
[2022-06-24 16:20:05,299] {logging_mixin.py:109} INFO - [2022-06-24 16:20:05,299] {dag.py:2937} INFO - Setting next_dagrun for example_branch_labels to 2022-06-23 00:00:00+00:00
[2022-06-24 16:20:05,304] {processor.py:171} INFO - Processing /home/airflow/.local/lib/python3.7/site-packages/airflow/example_dags/example_branch_labels.py took 0.038 seconds
[2022-06-24 16:20:35,778] {processor.py:163} INFO - Started process (PID=614) to work on /home/airflow/.local/lib/python3.7/site-packages/airflow/example_dags/example_branch_labels.py
[2022-06-24 16:20:35,778] {processor.py:642} INFO - Processing file /home/airflow/.local/lib/python3.7/site-packages/airflow/example_dags/example_branch_labels.py for tasks to queue
[2022-06-24 16:20:35,779] {logging_mixin.py:109} INFO - [2022-06-24 16:20:35,778] {dagbag.py:500} INFO - Filling up the DagBag from /home/airflow/.local/lib/python3.7/site-packages/airflow/example_dags/example_branch_labels.py
[2022-06-24 16:20:35,787] {processor.py:652} INFO - DAG(s) dict_keys(['example_branch_labels']) retrieved from /home/airflow/.local/lib/python3.7/site-packages/airflow/example_dags/example_branch_labels.py
[2022-06-24 16:20:35,799] {logging_mixin.py:109} INFO - [2022-06-24 16:20:35,799] {dag.py:2398} INFO - Sync 1 DAGs
[2022-06-24 16:20:35,810] {logging_mixin.py:109} INFO - [2022-06-24 16:20:35,810] {dag.py:2937} INFO - Setting next_dagrun for example_branch_labels to 2022-06-23 00:00:00+00:00
[2022-06-24 16:20:35,815] {processor.py:171} INFO - Processing /home/airflow/.local/lib/python3.7/site-packages/airflow/example_dags/example_branch_labels.py took 0.040 seconds
[2022-06-24 16:21:06,319] {processor.py:163} INFO - Started process (PID=673) to work on /home/airflow/.local/lib/python3.7/site-packages/airflow/example_dags/example_branch_labels.py
[2022-06-24 16:21:06,320] {processor.py:642} INFO - Processing file /home/airflow/.local/lib/python3.7/site-packages/airflow/example_dags/example_branch_labels.py for tasks to queue
[2022-06-24 16:21:06,320] {logging_mixin.py:109} INFO - [2022-06-24 16:21:06,320] {dagbag.py:500} INFO - Filling up the DagBag from /home/airflow/.local/lib/python3.7/site-packages/airflow/example_dags/example_branch_labels.py
[2022-06-24 16:21:06,329] {processor.py:652} INFO - DAG(s) dict_keys(['example_branch_labels']) retrieved from /home/airflow/.local/lib/python3.7/site-packages/airflow/example_dags/example_branch_labels.py
[2022-06-24 16:21:06,342] {logging_mixin.py:109} INFO - [2022-06-24 16:21:06,342] {dag.py:2398} INFO - Sync 1 DAGs
[2022-06-24 16:21:06,354] {logging_mixin.py:109} INFO - [2022-06-24 16:21:06,354] {dag.py:2937} INFO - Setting next_dagrun for example_branch_labels to 2022-06-23 00:00:00+00:00
[2022-06-24 16:21:06,359] {processor.py:171} INFO - Processing /home/airflow/.local/lib/python3.7/site-packages/airflow/example_dags/example_branch_labels.py took 0.042 seconds
[2022-06-24 16:21:36,766] {processor.py:163} INFO - Started process (PID=722) to work on /home/airflow/.local/lib/python3.7/site-packages/airflow/example_dags/example_branch_labels.py
[2022-06-24 16:21:36,767] {processor.py:642} INFO - Processing file /home/airflow/.local/lib/python3.7/site-packages/airflow/example_dags/example_branch_labels.py for tasks to queue
[2022-06-24 16:21:36,767] {logging_mixin.py:109} INFO - [2022-06-24 16:21:36,767] {dagbag.py:500} INFO - Filling up the DagBag from /home/airflow/.local/lib/python3.7/site-packages/airflow/example_dags/example_branch_labels.py
[2022-06-24 16:21:36,775] {processor.py:652} INFO - DAG(s) dict_keys(['example_branch_labels']) retrieved from /home/airflow/.local/lib/python3.7/site-packages/airflow/example_dags/example_branch_labels.py
[2022-06-24 16:21:36,787] {logging_mixin.py:109} INFO - [2022-06-24 16:21:36,786] {dag.py:2398} INFO - Sync 1 DAGs
[2022-06-24 16:21:36,797] {logging_mixin.py:109} INFO - [2022-06-24 16:21:36,797] {dag.py:2937} INFO - Setting next_dagrun for example_branch_labels to 2022-06-23 00:00:00+00:00
[2022-06-24 16:21:36,802] {processor.py:171} INFO - Processing /home/airflow/.local/lib/python3.7/site-packages/airflow/example_dags/example_branch_labels.py took 0.038 seconds
[2022-06-24 16:22:07,324] {processor.py:163} INFO - Started process (PID=782) to work on /home/airflow/.local/lib/python3.7/site-packages/airflow/example_dags/example_branch_labels.py
[2022-06-24 16:22:07,325] {processor.py:642} INFO - Processing file /home/airflow/.local/lib/python3.7/site-packages/airflow/example_dags/example_branch_labels.py for tasks to queue
[2022-06-24 16:22:07,326] {logging_mixin.py:109} INFO - [2022-06-24 16:22:07,325] {dagbag.py:500} INFO - Filling up the DagBag from /home/airflow/.local/lib/python3.7/site-packages/airflow/example_dags/example_branch_labels.py
[2022-06-24 16:22:07,335] {processor.py:652} INFO - DAG(s) dict_keys(['example_branch_labels']) retrieved from /home/airflow/.local/lib/python3.7/site-packages/airflow/example_dags/example_branch_labels.py
[2022-06-24 16:22:07,348] {logging_mixin.py:109} INFO - [2022-06-24 16:22:07,348] {dag.py:2398} INFO - Sync 1 DAGs
[2022-06-24 16:22:07,359] {logging_mixin.py:109} INFO - [2022-06-24 16:22:07,359] {dag.py:2937} INFO - Setting next_dagrun for example_branch_labels to 2022-06-23 00:00:00+00:00
[2022-06-24 16:22:07,364] {processor.py:171} INFO - Processing /home/airflow/.local/lib/python3.7/site-packages/airflow/example_dags/example_branch_labels.py took 0.042 seconds
[2022-06-24 16:22:37,826] {processor.py:163} INFO - Started process (PID=841) to work on /home/airflow/.local/lib/python3.7/site-packages/airflow/example_dags/example_branch_labels.py
[2022-06-24 16:22:37,826] {processor.py:642} INFO - Processing file /home/airflow/.local/lib/python3.7/site-packages/airflow/example_dags/example_branch_labels.py for tasks to queue
[2022-06-24 16:22:37,827] {logging_mixin.py:109} INFO - [2022-06-24 16:22:37,827] {dagbag.py:500} INFO - Filling up the DagBag from /home/airflow/.local/lib/python3.7/site-packages/airflow/example_dags/example_branch_labels.py
[2022-06-24 16:22:37,838] {processor.py:652} INFO - DAG(s) dict_keys(['example_branch_labels']) retrieved from /home/airflow/.local/lib/python3.7/site-packages/airflow/example_dags/example_branch_labels.py
[2022-06-24 16:22:37,852] {logging_mixin.py:109} INFO - [2022-06-24 16:22:37,852] {dag.py:2398} INFO - Sync 1 DAGs
[2022-06-24 16:22:37,863] {logging_mixin.py:109} INFO - [2022-06-24 16:22:37,863] {dag.py:2937} INFO - Setting next_dagrun for example_branch_labels to 2022-06-23 00:00:00+00:00
[2022-06-24 16:22:37,868] {processor.py:171} INFO - Processing /home/airflow/.local/lib/python3.7/site-packages/airflow/example_dags/example_branch_labels.py took 0.045 seconds
[2022-06-24 16:23:08,454] {processor.py:163} INFO - Started process (PID=891) to work on /home/airflow/.local/lib/python3.7/site-packages/airflow/example_dags/example_branch_labels.py
[2022-06-24 16:23:08,454] {processor.py:642} INFO - Processing file /home/airflow/.local/lib/python3.7/site-packages/airflow/example_dags/example_branch_labels.py for tasks to queue
[2022-06-24 16:23:08,454] {logging_mixin.py:109} INFO - [2022-06-24 16:23:08,454] {dagbag.py:500} INFO - Filling up the DagBag from /home/airflow/.local/lib/python3.7/site-packages/airflow/example_dags/example_branch_labels.py
[2022-06-24 16:23:08,463] {processor.py:652} INFO - DAG(s) dict_keys(['example_branch_labels']) retrieved from /home/airflow/.local/lib/python3.7/site-packages/airflow/example_dags/example_branch_labels.py
[2022-06-24 16:23:08,475] {logging_mixin.py:109} INFO - [2022-06-24 16:23:08,475] {dag.py:2398} INFO - Sync 1 DAGs
[2022-06-24 16:23:08,486] {logging_mixin.py:109} INFO - [2022-06-24 16:23:08,486] {dag.py:2937} INFO - Setting next_dagrun for example_branch_labels to 2022-06-23 00:00:00+00:00
[2022-06-24 16:23:08,491] {processor.py:171} INFO - Processing /home/airflow/.local/lib/python3.7/site-packages/airflow/example_dags/example_branch_labels.py took 0.039 seconds
[2022-06-24 16:23:38,859] {processor.py:163} INFO - Started process (PID=951) to work on /home/airflow/.local/lib/python3.7/site-packages/airflow/example_dags/example_branch_labels.py
[2022-06-24 16:23:38,860] {processor.py:642} INFO - Processing file /home/airflow/.local/lib/python3.7/site-packages/airflow/example_dags/example_branch_labels.py for tasks to queue
[2022-06-24 16:23:38,860] {logging_mixin.py:109} INFO - [2022-06-24 16:23:38,860] {dagbag.py:500} INFO - Filling up the DagBag from /home/airflow/.local/lib/python3.7/site-packages/airflow/example_dags/example_branch_labels.py
[2022-06-24 16:23:38,869] {processor.py:652} INFO - DAG(s) dict_keys(['example_branch_labels']) retrieved from /home/airflow/.local/lib/python3.7/site-packages/airflow/example_dags/example_branch_labels.py
[2022-06-24 16:23:38,880] {logging_mixin.py:109} INFO - [2022-06-24 16:23:38,880] {dag.py:2398} INFO - Sync 1 DAGs
[2022-06-24 16:23:38,892] {logging_mixin.py:109} INFO - [2022-06-24 16:23:38,892] {dag.py:2937} INFO - Setting next_dagrun for example_branch_labels to 2022-06-23 00:00:00+00:00
[2022-06-24 16:23:38,896] {processor.py:171} INFO - Processing /home/airflow/.local/lib/python3.7/site-packages/airflow/example_dags/example_branch_labels.py took 0.039 seconds
[2022-06-24 16:24:09,312] {processor.py:163} INFO - Started process (PID=1009) to work on /home/airflow/.local/lib/python3.7/site-packages/airflow/example_dags/example_branch_labels.py
[2022-06-24 16:24:09,312] {processor.py:642} INFO - Processing file /home/airflow/.local/lib/python3.7/site-packages/airflow/example_dags/example_branch_labels.py for tasks to queue
[2022-06-24 16:24:09,313] {logging_mixin.py:109} INFO - [2022-06-24 16:24:09,313] {dagbag.py:500} INFO - Filling up the DagBag from /home/airflow/.local/lib/python3.7/site-packages/airflow/example_dags/example_branch_labels.py
[2022-06-24 16:24:09,321] {processor.py:652} INFO - DAG(s) dict_keys(['example_branch_labels']) retrieved from /home/airflow/.local/lib/python3.7/site-packages/airflow/example_dags/example_branch_labels.py
[2022-06-24 16:24:09,332] {logging_mixin.py:109} INFO - [2022-06-24 16:24:09,332] {dag.py:2398} INFO - Sync 1 DAGs
[2022-06-24 16:24:09,344] {logging_mixin.py:109} INFO - [2022-06-24 16:24:09,344] {dag.py:2937} INFO - Setting next_dagrun for example_branch_labels to 2022-06-23 00:00:00+00:00
[2022-06-24 16:24:09,349] {processor.py:171} INFO - Processing /home/airflow/.local/lib/python3.7/site-packages/airflow/example_dags/example_branch_labels.py took 0.039 seconds
[2022-06-24 16:24:39,901] {processor.py:163} INFO - Started process (PID=1059) to work on /home/airflow/.local/lib/python3.7/site-packages/airflow/example_dags/example_branch_labels.py
[2022-06-24 16:24:39,901] {processor.py:642} INFO - Processing file /home/airflow/.local/lib/python3.7/site-packages/airflow/example_dags/example_branch_labels.py for tasks to queue
[2022-06-24 16:24:39,902] {logging_mixin.py:109} INFO - [2022-06-24 16:24:39,902] {dagbag.py:500} INFO - Filling up the DagBag from /home/airflow/.local/lib/python3.7/site-packages/airflow/example_dags/example_branch_labels.py
[2022-06-24 16:24:39,911] {processor.py:652} INFO - DAG(s) dict_keys(['example_branch_labels']) retrieved from /home/airflow/.local/lib/python3.7/site-packages/airflow/example_dags/example_branch_labels.py
[2022-06-24 16:24:39,922] {logging_mixin.py:109} INFO - [2022-06-24 16:24:39,922] {dag.py:2398} INFO - Sync 1 DAGs
[2022-06-24 16:24:39,935] {logging_mixin.py:109} INFO - [2022-06-24 16:24:39,935] {dag.py:2937} INFO - Setting next_dagrun for example_branch_labels to 2022-06-23 00:00:00+00:00
[2022-06-24 16:24:39,941] {processor.py:171} INFO - Processing /home/airflow/.local/lib/python3.7/site-packages/airflow/example_dags/example_branch_labels.py took 0.042 seconds
[2022-06-24 16:25:10,260] {processor.py:163} INFO - Started process (PID=1118) to work on /home/airflow/.local/lib/python3.7/site-packages/airflow/example_dags/example_branch_labels.py
[2022-06-24 16:25:10,261] {processor.py:642} INFO - Processing file /home/airflow/.local/lib/python3.7/site-packages/airflow/example_dags/example_branch_labels.py for tasks to queue
[2022-06-24 16:25:10,261] {logging_mixin.py:109} INFO - [2022-06-24 16:25:10,261] {dagbag.py:500} INFO - Filling up the DagBag from /home/airflow/.local/lib/python3.7/site-packages/airflow/example_dags/example_branch_labels.py
[2022-06-24 16:25:10,270] {processor.py:652} INFO - DAG(s) dict_keys(['example_branch_labels']) retrieved from /home/airflow/.local/lib/python3.7/site-packages/airflow/example_dags/example_branch_labels.py
[2022-06-24 16:25:10,282] {logging_mixin.py:109} INFO - [2022-06-24 16:25:10,282] {dag.py:2398} INFO - Sync 1 DAGs
[2022-06-24 16:25:10,293] {logging_mixin.py:109} INFO - [2022-06-24 16:25:10,293] {dag.py:2937} INFO - Setting next_dagrun for example_branch_labels to 2022-06-23 00:00:00+00:00
[2022-06-24 16:25:10,297] {processor.py:171} INFO - Processing /home/airflow/.local/lib/python3.7/site-packages/airflow/example_dags/example_branch_labels.py took 0.039 seconds
[2022-06-24 16:25:40,862] {processor.py:163} INFO - Started process (PID=1178) to work on /home/airflow/.local/lib/python3.7/site-packages/airflow/example_dags/example_branch_labels.py
[2022-06-24 16:25:40,863] {processor.py:642} INFO - Processing file /home/airflow/.local/lib/python3.7/site-packages/airflow/example_dags/example_branch_labels.py for tasks to queue
[2022-06-24 16:25:40,863] {logging_mixin.py:109} INFO - [2022-06-24 16:25:40,863] {dagbag.py:500} INFO - Filling up the DagBag from /home/airflow/.local/lib/python3.7/site-packages/airflow/example_dags/example_branch_labels.py
[2022-06-24 16:25:40,872] {processor.py:652} INFO - DAG(s) dict_keys(['example_branch_labels']) retrieved from /home/airflow/.local/lib/python3.7/site-packages/airflow/example_dags/example_branch_labels.py
[2022-06-24 16:25:40,884] {logging_mixin.py:109} INFO - [2022-06-24 16:25:40,884] {dag.py:2398} INFO - Sync 1 DAGs
[2022-06-24 16:25:40,895] {logging_mixin.py:109} INFO - [2022-06-24 16:25:40,895] {dag.py:2937} INFO - Setting next_dagrun for example_branch_labels to 2022-06-23 00:00:00+00:00
[2022-06-24 16:25:40,900] {processor.py:171} INFO - Processing /home/airflow/.local/lib/python3.7/site-packages/airflow/example_dags/example_branch_labels.py took 0.039 seconds
[2022-06-24 16:26:11,365] {processor.py:163} INFO - Started process (PID=1229) to work on /home/airflow/.local/lib/python3.7/site-packages/airflow/example_dags/example_branch_labels.py
[2022-06-24 16:26:11,365] {processor.py:642} INFO - Processing file /home/airflow/.local/lib/python3.7/site-packages/airflow/example_dags/example_branch_labels.py for tasks to queue
[2022-06-24 16:26:11,365] {logging_mixin.py:109} INFO - [2022-06-24 16:26:11,365] {dagbag.py:500} INFO - Filling up the DagBag from /home/airflow/.local/lib/python3.7/site-packages/airflow/example_dags/example_branch_labels.py
[2022-06-24 16:26:11,374] {processor.py:652} INFO - DAG(s) dict_keys(['example_branch_labels']) retrieved from /home/airflow/.local/lib/python3.7/site-packages/airflow/example_dags/example_branch_labels.py
[2022-06-24 16:26:11,389] {logging_mixin.py:109} INFO - [2022-06-24 16:26:11,389] {dag.py:2398} INFO - Sync 1 DAGs
[2022-06-24 16:26:11,402] {logging_mixin.py:109} INFO - [2022-06-24 16:26:11,402] {dag.py:2937} INFO - Setting next_dagrun for example_branch_labels to 2022-06-23 00:00:00+00:00
[2022-06-24 16:26:11,408] {processor.py:171} INFO - Processing /home/airflow/.local/lib/python3.7/site-packages/airflow/example_dags/example_branch_labels.py took 0.046 seconds
[2022-06-24 16:26:41,929] {processor.py:163} INFO - Started process (PID=1290) to work on /home/airflow/.local/lib/python3.7/site-packages/airflow/example_dags/example_branch_labels.py
[2022-06-24 16:26:41,929] {processor.py:642} INFO - Processing file /home/airflow/.local/lib/python3.7/site-packages/airflow/example_dags/example_branch_labels.py for tasks to queue
[2022-06-24 16:26:41,930] {logging_mixin.py:109} INFO - [2022-06-24 16:26:41,929] {dagbag.py:500} INFO - Filling up the DagBag from /home/airflow/.local/lib/python3.7/site-packages/airflow/example_dags/example_branch_labels.py
[2022-06-24 16:26:41,938] {processor.py:652} INFO - DAG(s) dict_keys(['example_branch_labels']) retrieved from /home/airflow/.local/lib/python3.7/site-packages/airflow/example_dags/example_branch_labels.py
[2022-06-24 16:26:41,949] {logging_mixin.py:109} INFO - [2022-06-24 16:26:41,949] {dag.py:2398} INFO - Sync 1 DAGs
[2022-06-24 16:26:41,961] {logging_mixin.py:109} INFO - [2022-06-24 16:26:41,960] {dag.py:2937} INFO - Setting next_dagrun for example_branch_labels to 2022-06-23 00:00:00+00:00
[2022-06-24 16:26:41,965] {processor.py:171} INFO - Processing /home/airflow/.local/lib/python3.7/site-packages/airflow/example_dags/example_branch_labels.py took 0.038 seconds
[2022-06-24 16:27:12,500] {processor.py:163} INFO - Started process (PID=1351) to work on /home/airflow/.local/lib/python3.7/site-packages/airflow/example_dags/example_branch_labels.py
[2022-06-24 16:27:12,501] {processor.py:642} INFO - Processing file /home/airflow/.local/lib/python3.7/site-packages/airflow/example_dags/example_branch_labels.py for tasks to queue
[2022-06-24 16:27:12,501] {logging_mixin.py:109} INFO - [2022-06-24 16:27:12,501] {dagbag.py:500} INFO - Filling up the DagBag from /home/airflow/.local/lib/python3.7/site-packages/airflow/example_dags/example_branch_labels.py
[2022-06-24 16:27:12,510] {processor.py:652} INFO - DAG(s) dict_keys(['example_branch_labels']) retrieved from /home/airflow/.local/lib/python3.7/site-packages/airflow/example_dags/example_branch_labels.py
[2022-06-24 16:27:12,522] {logging_mixin.py:109} INFO - [2022-06-24 16:27:12,522] {dag.py:2398} INFO - Sync 1 DAGs
[2022-06-24 16:27:12,533] {logging_mixin.py:109} INFO - [2022-06-24 16:27:12,533] {dag.py:2937} INFO - Setting next_dagrun for example_branch_labels to 2022-06-23 00:00:00+00:00
[2022-06-24 16:27:12,539] {processor.py:171} INFO - Processing /home/airflow/.local/lib/python3.7/site-packages/airflow/example_dags/example_branch_labels.py took 0.040 seconds
[2022-06-24 16:27:43,118] {processor.py:163} INFO - Started process (PID=1401) to work on /home/airflow/.local/lib/python3.7/site-packages/airflow/example_dags/example_branch_labels.py
[2022-06-24 16:27:43,119] {processor.py:642} INFO - Processing file /home/airflow/.local/lib/python3.7/site-packages/airflow/example_dags/example_branch_labels.py for tasks to queue
[2022-06-24 16:27:43,119] {logging_mixin.py:109} INFO - [2022-06-24 16:27:43,119] {dagbag.py:500} INFO - Filling up the DagBag from /home/airflow/.local/lib/python3.7/site-packages/airflow/example_dags/example_branch_labels.py
[2022-06-24 16:27:43,128] {processor.py:652} INFO - DAG(s) dict_keys(['example_branch_labels']) retrieved from /home/airflow/.local/lib/python3.7/site-packages/airflow/example_dags/example_branch_labels.py
[2022-06-24 16:27:43,139] {logging_mixin.py:109} INFO - [2022-06-24 16:27:43,139] {dag.py:2398} INFO - Sync 1 DAGs
[2022-06-24 16:27:43,150] {logging_mixin.py:109} INFO - [2022-06-24 16:27:43,150] {dag.py:2937} INFO - Setting next_dagrun for example_branch_labels to 2022-06-23 00:00:00+00:00
[2022-06-24 16:27:43,155] {processor.py:171} INFO - Processing /home/airflow/.local/lib/python3.7/site-packages/airflow/example_dags/example_branch_labels.py took 0.038 seconds
[2022-06-24 16:28:13,603] {processor.py:163} INFO - Started process (PID=1460) to work on /home/airflow/.local/lib/python3.7/site-packages/airflow/example_dags/example_branch_labels.py
[2022-06-24 16:28:13,604] {processor.py:642} INFO - Processing file /home/airflow/.local/lib/python3.7/site-packages/airflow/example_dags/example_branch_labels.py for tasks to queue
[2022-06-24 16:28:13,604] {logging_mixin.py:109} INFO - [2022-06-24 16:28:13,604] {dagbag.py:500} INFO - Filling up the DagBag from /home/airflow/.local/lib/python3.7/site-packages/airflow/example_dags/example_branch_labels.py
[2022-06-24 16:28:13,612] {processor.py:652} INFO - DAG(s) dict_keys(['example_branch_labels']) retrieved from /home/airflow/.local/lib/python3.7/site-packages/airflow/example_dags/example_branch_labels.py
[2022-06-24 16:28:13,625] {logging_mixin.py:109} INFO - [2022-06-24 16:28:13,625] {dag.py:2398} INFO - Sync 1 DAGs
[2022-06-24 16:28:13,640] {logging_mixin.py:109} INFO - [2022-06-24 16:28:13,640] {dag.py:2937} INFO - Setting next_dagrun for example_branch_labels to 2022-06-23 00:00:00+00:00
[2022-06-24 16:28:13,646] {processor.py:171} INFO - Processing /home/airflow/.local/lib/python3.7/site-packages/airflow/example_dags/example_branch_labels.py took 0.045 seconds
[2022-06-24 16:28:43,997] {processor.py:163} INFO - Started process (PID=1520) to work on /home/airflow/.local/lib/python3.7/site-packages/airflow/example_dags/example_branch_labels.py
[2022-06-24 16:28:43,998] {processor.py:642} INFO - Processing file /home/airflow/.local/lib/python3.7/site-packages/airflow/example_dags/example_branch_labels.py for tasks to queue
[2022-06-24 16:28:43,998] {logging_mixin.py:109} INFO - [2022-06-24 16:28:43,998] {dagbag.py:500} INFO - Filling up the DagBag from /home/airflow/.local/lib/python3.7/site-packages/airflow/example_dags/example_branch_labels.py
[2022-06-24 16:28:44,006] {processor.py:652} INFO - DAG(s) dict_keys(['example_branch_labels']) retrieved from /home/airflow/.local/lib/python3.7/site-packages/airflow/example_dags/example_branch_labels.py
[2022-06-24 16:28:44,018] {logging_mixin.py:109} INFO - [2022-06-24 16:28:44,018] {dag.py:2398} INFO - Sync 1 DAGs
[2022-06-24 16:28:44,029] {logging_mixin.py:109} INFO - [2022-06-24 16:28:44,029] {dag.py:2937} INFO - Setting next_dagrun for example_branch_labels to 2022-06-23 00:00:00+00:00
[2022-06-24 16:28:44,035] {processor.py:171} INFO - Processing /home/airflow/.local/lib/python3.7/site-packages/airflow/example_dags/example_branch_labels.py took 0.039 seconds
[2022-06-24 16:29:14,527] {processor.py:163} INFO - Started process (PID=1571) to work on /home/airflow/.local/lib/python3.7/site-packages/airflow/example_dags/example_branch_labels.py
[2022-06-24 16:29:14,528] {processor.py:642} INFO - Processing file /home/airflow/.local/lib/python3.7/site-packages/airflow/example_dags/example_branch_labels.py for tasks to queue
[2022-06-24 16:29:14,528] {logging_mixin.py:109} INFO - [2022-06-24 16:29:14,528] {dagbag.py:500} INFO - Filling up the DagBag from /home/airflow/.local/lib/python3.7/site-packages/airflow/example_dags/example_branch_labels.py
[2022-06-24 16:29:14,538] {processor.py:652} INFO - DAG(s) dict_keys(['example_branch_labels']) retrieved from /home/airflow/.local/lib/python3.7/site-packages/airflow/example_dags/example_branch_labels.py
[2022-06-24 16:29:14,551] {logging_mixin.py:109} INFO - [2022-06-24 16:29:14,551] {dag.py:2398} INFO - Sync 1 DAGs
[2022-06-24 16:29:14,564] {logging_mixin.py:109} INFO - [2022-06-24 16:29:14,564] {dag.py:2937} INFO - Setting next_dagrun for example_branch_labels to 2022-06-23 00:00:00+00:00
[2022-06-24 16:29:14,570] {processor.py:171} INFO - Processing /home/airflow/.local/lib/python3.7/site-packages/airflow/example_dags/example_branch_labels.py took 0.044 seconds
[2022-06-24 16:29:45,232] {processor.py:163} INFO - Started process (PID=1631) to work on /home/airflow/.local/lib/python3.7/site-packages/airflow/example_dags/example_branch_labels.py
[2022-06-24 16:29:45,233] {processor.py:642} INFO - Processing file /home/airflow/.local/lib/python3.7/site-packages/airflow/example_dags/example_branch_labels.py for tasks to queue
[2022-06-24 16:29:45,233] {logging_mixin.py:109} INFO - [2022-06-24 16:29:45,233] {dagbag.py:500} INFO - Filling up the DagBag from /home/airflow/.local/lib/python3.7/site-packages/airflow/example_dags/example_branch_labels.py
[2022-06-24 16:29:45,242] {processor.py:652} INFO - DAG(s) dict_keys(['example_branch_labels']) retrieved from /home/airflow/.local/lib/python3.7/site-packages/airflow/example_dags/example_branch_labels.py
[2022-06-24 16:29:45,254] {logging_mixin.py:109} INFO - [2022-06-24 16:29:45,254] {dag.py:2398} INFO - Sync 1 DAGs
[2022-06-24 16:29:45,266] {logging_mixin.py:109} INFO - [2022-06-24 16:29:45,266] {dag.py:2937} INFO - Setting next_dagrun for example_branch_labels to 2022-06-23 00:00:00+00:00
[2022-06-24 16:29:45,271] {processor.py:171} INFO - Processing /home/airflow/.local/lib/python3.7/site-packages/airflow/example_dags/example_branch_labels.py took 0.040 seconds
[2022-06-24 16:30:16,075] {processor.py:163} INFO - Started process (PID=1699) to work on /home/airflow/.local/lib/python3.7/site-packages/airflow/example_dags/example_branch_labels.py
[2022-06-24 16:30:16,076] {processor.py:642} INFO - Processing file /home/airflow/.local/lib/python3.7/site-packages/airflow/example_dags/example_branch_labels.py for tasks to queue
[2022-06-24 16:30:16,076] {logging_mixin.py:109} INFO - [2022-06-24 16:30:16,076] {dagbag.py:500} INFO - Filling up the DagBag from /home/airflow/.local/lib/python3.7/site-packages/airflow/example_dags/example_branch_labels.py
[2022-06-24 16:30:16,085] {processor.py:652} INFO - DAG(s) dict_keys(['example_branch_labels']) retrieved from /home/airflow/.local/lib/python3.7/site-packages/airflow/example_dags/example_branch_labels.py
[2022-06-24 16:30:16,097] {logging_mixin.py:109} INFO - [2022-06-24 16:30:16,097] {dag.py:2398} INFO - Sync 1 DAGs
[2022-06-24 16:30:16,109] {logging_mixin.py:109} INFO - [2022-06-24 16:30:16,108] {dag.py:2937} INFO - Setting next_dagrun for example_branch_labels to 2022-06-23 00:00:00+00:00
[2022-06-24 16:30:16,114] {processor.py:171} INFO - Processing /home/airflow/.local/lib/python3.7/site-packages/airflow/example_dags/example_branch_labels.py took 0.040 seconds
[2022-06-24 16:30:46,694] {processor.py:163} INFO - Started process (PID=1750) to work on /home/airflow/.local/lib/python3.7/site-packages/airflow/example_dags/example_branch_labels.py
[2022-06-24 16:30:46,695] {processor.py:642} INFO - Processing file /home/airflow/.local/lib/python3.7/site-packages/airflow/example_dags/example_branch_labels.py for tasks to queue
[2022-06-24 16:30:46,695] {logging_mixin.py:109} INFO - [2022-06-24 16:30:46,695] {dagbag.py:500} INFO - Filling up the DagBag from /home/airflow/.local/lib/python3.7/site-packages/airflow/example_dags/example_branch_labels.py
[2022-06-24 16:30:46,705] {processor.py:652} INFO - DAG(s) dict_keys(['example_branch_labels']) retrieved from /home/airflow/.local/lib/python3.7/site-packages/airflow/example_dags/example_branch_labels.py
[2022-06-24 16:30:46,720] {logging_mixin.py:109} INFO - [2022-06-24 16:30:46,720] {dag.py:2398} INFO - Sync 1 DAGs
[2022-06-24 16:30:46,735] {logging_mixin.py:109} INFO - [2022-06-24 16:30:46,735] {dag.py:2937} INFO - Setting next_dagrun for example_branch_labels to 2022-06-23 00:00:00+00:00
[2022-06-24 16:30:46,740] {processor.py:171} INFO - Processing /home/airflow/.local/lib/python3.7/site-packages/airflow/example_dags/example_branch_labels.py took 0.048 seconds
[2022-06-24 16:31:17,355] {processor.py:163} INFO - Started process (PID=1808) to work on /home/airflow/.local/lib/python3.7/site-packages/airflow/example_dags/example_branch_labels.py
[2022-06-24 16:31:17,355] {processor.py:642} INFO - Processing file /home/airflow/.local/lib/python3.7/site-packages/airflow/example_dags/example_branch_labels.py for tasks to queue
[2022-06-24 16:31:17,356] {logging_mixin.py:109} INFO - [2022-06-24 16:31:17,356] {dagbag.py:500} INFO - Filling up the DagBag from /home/airflow/.local/lib/python3.7/site-packages/airflow/example_dags/example_branch_labels.py
[2022-06-24 16:31:17,365] {processor.py:652} INFO - DAG(s) dict_keys(['example_branch_labels']) retrieved from /home/airflow/.local/lib/python3.7/site-packages/airflow/example_dags/example_branch_labels.py
[2022-06-24 16:31:17,378] {logging_mixin.py:109} INFO - [2022-06-24 16:31:17,378] {dag.py:2398} INFO - Sync 1 DAGs
[2022-06-24 16:31:17,392] {logging_mixin.py:109} INFO - [2022-06-24 16:31:17,392] {dag.py:2937} INFO - Setting next_dagrun for example_branch_labels to 2022-06-23 00:00:00+00:00
[2022-06-24 16:31:17,399] {processor.py:171} INFO - Processing /home/airflow/.local/lib/python3.7/site-packages/airflow/example_dags/example_branch_labels.py took 0.046 seconds
[2022-06-24 16:31:48,051] {processor.py:163} INFO - Started process (PID=1867) to work on /home/airflow/.local/lib/python3.7/site-packages/airflow/example_dags/example_branch_labels.py
[2022-06-24 16:31:48,052] {processor.py:642} INFO - Processing file /home/airflow/.local/lib/python3.7/site-packages/airflow/example_dags/example_branch_labels.py for tasks to queue
[2022-06-24 16:31:48,052] {logging_mixin.py:109} INFO - [2022-06-24 16:31:48,052] {dagbag.py:500} INFO - Filling up the DagBag from /home/airflow/.local/lib/python3.7/site-packages/airflow/example_dags/example_branch_labels.py
[2022-06-24 16:31:48,063] {processor.py:652} INFO - DAG(s) dict_keys(['example_branch_labels']) retrieved from /home/airflow/.local/lib/python3.7/site-packages/airflow/example_dags/example_branch_labels.py
[2022-06-24 16:31:48,076] {logging_mixin.py:109} INFO - [2022-06-24 16:31:48,076] {dag.py:2398} INFO - Sync 1 DAGs
[2022-06-24 16:31:48,087] {logging_mixin.py:109} INFO - [2022-06-24 16:31:48,087] {dag.py:2937} INFO - Setting next_dagrun for example_branch_labels to 2022-06-23 00:00:00+00:00
[2022-06-24 16:31:48,093] {processor.py:171} INFO - Processing /home/airflow/.local/lib/python3.7/site-packages/airflow/example_dags/example_branch_labels.py took 0.044 seconds
[2022-06-24 16:32:18,515] {processor.py:163} INFO - Started process (PID=1916) to work on /home/airflow/.local/lib/python3.7/site-packages/airflow/example_dags/example_branch_labels.py
[2022-06-24 16:32:18,516] {processor.py:642} INFO - Processing file /home/airflow/.local/lib/python3.7/site-packages/airflow/example_dags/example_branch_labels.py for tasks to queue
[2022-06-24 16:32:18,516] {logging_mixin.py:109} INFO - [2022-06-24 16:32:18,516] {dagbag.py:500} INFO - Filling up the DagBag from /home/airflow/.local/lib/python3.7/site-packages/airflow/example_dags/example_branch_labels.py
[2022-06-24 16:32:18,526] {processor.py:652} INFO - DAG(s) dict_keys(['example_branch_labels']) retrieved from /home/airflow/.local/lib/python3.7/site-packages/airflow/example_dags/example_branch_labels.py
[2022-06-24 16:32:18,538] {logging_mixin.py:109} INFO - [2022-06-24 16:32:18,538] {dag.py:2398} INFO - Sync 1 DAGs
[2022-06-24 16:32:18,553] {logging_mixin.py:109} INFO - [2022-06-24 16:32:18,553] {dag.py:2937} INFO - Setting next_dagrun for example_branch_labels to 2022-06-23 00:00:00+00:00
[2022-06-24 16:32:18,557] {processor.py:171} INFO - Processing /home/airflow/.local/lib/python3.7/site-packages/airflow/example_dags/example_branch_labels.py took 0.044 seconds
[2022-06-24 16:32:49,305] {processor.py:163} INFO - Started process (PID=1977) to work on /home/airflow/.local/lib/python3.7/site-packages/airflow/example_dags/example_branch_labels.py
[2022-06-24 16:32:49,306] {processor.py:642} INFO - Processing file /home/airflow/.local/lib/python3.7/site-packages/airflow/example_dags/example_branch_labels.py for tasks to queue
[2022-06-24 16:32:49,306] {logging_mixin.py:109} INFO - [2022-06-24 16:32:49,306] {dagbag.py:500} INFO - Filling up the DagBag from /home/airflow/.local/lib/python3.7/site-packages/airflow/example_dags/example_branch_labels.py
[2022-06-24 16:32:49,315] {processor.py:652} INFO - DAG(s) dict_keys(['example_branch_labels']) retrieved from /home/airflow/.local/lib/python3.7/site-packages/airflow/example_dags/example_branch_labels.py
[2022-06-24 16:32:49,327] {logging_mixin.py:109} INFO - [2022-06-24 16:32:49,327] {dag.py:2398} INFO - Sync 1 DAGs
[2022-06-24 16:32:49,338] {logging_mixin.py:109} INFO - [2022-06-24 16:32:49,338] {dag.py:2937} INFO - Setting next_dagrun for example_branch_labels to 2022-06-23 00:00:00+00:00
[2022-06-24 16:32:49,344] {processor.py:171} INFO - Processing /home/airflow/.local/lib/python3.7/site-packages/airflow/example_dags/example_branch_labels.py took 0.041 seconds
[2022-06-24 16:33:19,950] {processor.py:163} INFO - Started process (PID=2037) to work on /home/airflow/.local/lib/python3.7/site-packages/airflow/example_dags/example_branch_labels.py
[2022-06-24 16:33:19,951] {processor.py:642} INFO - Processing file /home/airflow/.local/lib/python3.7/site-packages/airflow/example_dags/example_branch_labels.py for tasks to queue
[2022-06-24 16:33:19,951] {logging_mixin.py:109} INFO - [2022-06-24 16:33:19,951] {dagbag.py:500} INFO - Filling up the DagBag from /home/airflow/.local/lib/python3.7/site-packages/airflow/example_dags/example_branch_labels.py
[2022-06-24 16:33:19,965] {processor.py:652} INFO - DAG(s) dict_keys(['example_branch_labels']) retrieved from /home/airflow/.local/lib/python3.7/site-packages/airflow/example_dags/example_branch_labels.py
[2022-06-24 16:33:19,979] {logging_mixin.py:109} INFO - [2022-06-24 16:33:19,979] {dag.py:2398} INFO - Sync 1 DAGs
[2022-06-24 16:33:19,994] {logging_mixin.py:109} INFO - [2022-06-24 16:33:19,993] {dag.py:2937} INFO - Setting next_dagrun for example_branch_labels to 2022-06-23 00:00:00+00:00
[2022-06-24 16:33:20,000] {processor.py:171} INFO - Processing /home/airflow/.local/lib/python3.7/site-packages/airflow/example_dags/example_branch_labels.py took 0.052 seconds
[2022-06-24 16:33:50,456] {processor.py:163} INFO - Started process (PID=2088) to work on /home/airflow/.local/lib/python3.7/site-packages/airflow/example_dags/example_branch_labels.py
[2022-06-24 16:33:50,457] {processor.py:642} INFO - Processing file /home/airflow/.local/lib/python3.7/site-packages/airflow/example_dags/example_branch_labels.py for tasks to queue
[2022-06-24 16:33:50,457] {logging_mixin.py:109} INFO - [2022-06-24 16:33:50,457] {dagbag.py:500} INFO - Filling up the DagBag from /home/airflow/.local/lib/python3.7/site-packages/airflow/example_dags/example_branch_labels.py
[2022-06-24 16:33:50,468] {processor.py:652} INFO - DAG(s) dict_keys(['example_branch_labels']) retrieved from /home/airflow/.local/lib/python3.7/site-packages/airflow/example_dags/example_branch_labels.py
[2022-06-24 16:33:50,481] {logging_mixin.py:109} INFO - [2022-06-24 16:33:50,481] {dag.py:2398} INFO - Sync 1 DAGs
[2022-06-24 16:33:50,492] {logging_mixin.py:109} INFO - [2022-06-24 16:33:50,492] {dag.py:2937} INFO - Setting next_dagrun for example_branch_labels to 2022-06-23 00:00:00+00:00
[2022-06-24 16:33:50,498] {processor.py:171} INFO - Processing /home/airflow/.local/lib/python3.7/site-packages/airflow/example_dags/example_branch_labels.py took 0.043 seconds
[2022-06-24 16:34:21,293] {processor.py:163} INFO - Started process (PID=2150) to work on /home/airflow/.local/lib/python3.7/site-packages/airflow/example_dags/example_branch_labels.py
[2022-06-24 16:34:21,293] {processor.py:642} INFO - Processing file /home/airflow/.local/lib/python3.7/site-packages/airflow/example_dags/example_branch_labels.py for tasks to queue
[2022-06-24 16:34:21,294] {logging_mixin.py:109} INFO - [2022-06-24 16:34:21,294] {dagbag.py:500} INFO - Filling up the DagBag from /home/airflow/.local/lib/python3.7/site-packages/airflow/example_dags/example_branch_labels.py
[2022-06-24 16:34:21,303] {processor.py:652} INFO - DAG(s) dict_keys(['example_branch_labels']) retrieved from /home/airflow/.local/lib/python3.7/site-packages/airflow/example_dags/example_branch_labels.py
[2022-06-24 16:34:21,316] {logging_mixin.py:109} INFO - [2022-06-24 16:34:21,316] {dag.py:2398} INFO - Sync 1 DAGs
[2022-06-24 16:34:21,327] {logging_mixin.py:109} INFO - [2022-06-24 16:34:21,327] {dag.py:2937} INFO - Setting next_dagrun for example_branch_labels to 2022-06-23 00:00:00+00:00
[2022-06-24 16:34:21,332] {processor.py:171} INFO - Processing /home/airflow/.local/lib/python3.7/site-packages/airflow/example_dags/example_branch_labels.py took 0.041 seconds
[2022-06-24 16:34:51,875] {processor.py:163} INFO - Started process (PID=2210) to work on /home/airflow/.local/lib/python3.7/site-packages/airflow/example_dags/example_branch_labels.py
[2022-06-24 16:34:51,876] {processor.py:642} INFO - Processing file /home/airflow/.local/lib/python3.7/site-packages/airflow/example_dags/example_branch_labels.py for tasks to queue
[2022-06-24 16:34:51,876] {logging_mixin.py:109} INFO - [2022-06-24 16:34:51,876] {dagbag.py:500} INFO - Filling up the DagBag from /home/airflow/.local/lib/python3.7/site-packages/airflow/example_dags/example_branch_labels.py
[2022-06-24 16:34:51,884] {processor.py:652} INFO - DAG(s) dict_keys(['example_branch_labels']) retrieved from /home/airflow/.local/lib/python3.7/site-packages/airflow/example_dags/example_branch_labels.py
[2022-06-24 16:34:51,896] {logging_mixin.py:109} INFO - [2022-06-24 16:34:51,896] {dag.py:2398} INFO - Sync 1 DAGs
[2022-06-24 16:34:51,906] {logging_mixin.py:109} INFO - [2022-06-24 16:34:51,906] {dag.py:2937} INFO - Setting next_dagrun for example_branch_labels to 2022-06-23 00:00:00+00:00
[2022-06-24 16:34:51,911] {processor.py:171} INFO - Processing /home/airflow/.local/lib/python3.7/site-packages/airflow/example_dags/example_branch_labels.py took 0.038 seconds
[2022-06-24 16:35:22,377] {processor.py:163} INFO - Started process (PID=2259) to work on /home/airflow/.local/lib/python3.7/site-packages/airflow/example_dags/example_branch_labels.py
[2022-06-24 16:35:22,377] {processor.py:642} INFO - Processing file /home/airflow/.local/lib/python3.7/site-packages/airflow/example_dags/example_branch_labels.py for tasks to queue
[2022-06-24 16:35:22,378] {logging_mixin.py:109} INFO - [2022-06-24 16:35:22,378] {dagbag.py:500} INFO - Filling up the DagBag from /home/airflow/.local/lib/python3.7/site-packages/airflow/example_dags/example_branch_labels.py
[2022-06-24 16:35:22,387] {processor.py:652} INFO - DAG(s) dict_keys(['example_branch_labels']) retrieved from /home/airflow/.local/lib/python3.7/site-packages/airflow/example_dags/example_branch_labels.py
[2022-06-24 16:35:22,398] {logging_mixin.py:109} INFO - [2022-06-24 16:35:22,398] {dag.py:2398} INFO - Sync 1 DAGs
[2022-06-24 16:35:22,409] {logging_mixin.py:109} INFO - [2022-06-24 16:35:22,409] {dag.py:2937} INFO - Setting next_dagrun for example_branch_labels to 2022-06-23 00:00:00+00:00
[2022-06-24 16:35:22,414] {processor.py:171} INFO - Processing /home/airflow/.local/lib/python3.7/site-packages/airflow/example_dags/example_branch_labels.py took 0.039 seconds
[2022-06-24 16:35:52,997] {processor.py:163} INFO - Started process (PID=2319) to work on /home/airflow/.local/lib/python3.7/site-packages/airflow/example_dags/example_branch_labels.py
[2022-06-24 16:35:52,998] {processor.py:642} INFO - Processing file /home/airflow/.local/lib/python3.7/site-packages/airflow/example_dags/example_branch_labels.py for tasks to queue
[2022-06-24 16:35:52,998] {logging_mixin.py:109} INFO - [2022-06-24 16:35:52,998] {dagbag.py:500} INFO - Filling up the DagBag from /home/airflow/.local/lib/python3.7/site-packages/airflow/example_dags/example_branch_labels.py
[2022-06-24 16:35:53,007] {processor.py:652} INFO - DAG(s) dict_keys(['example_branch_labels']) retrieved from /home/airflow/.local/lib/python3.7/site-packages/airflow/example_dags/example_branch_labels.py
[2022-06-24 16:35:53,020] {logging_mixin.py:109} INFO - [2022-06-24 16:35:53,020] {dag.py:2398} INFO - Sync 1 DAGs
[2022-06-24 16:35:53,033] {logging_mixin.py:109} INFO - [2022-06-24 16:35:53,033] {dag.py:2937} INFO - Setting next_dagrun for example_branch_labels to 2022-06-23 00:00:00+00:00
[2022-06-24 16:35:53,040] {processor.py:171} INFO - Processing /home/airflow/.local/lib/python3.7/site-packages/airflow/example_dags/example_branch_labels.py took 0.045 seconds
[2022-06-24 16:36:23,921] {processor.py:163} INFO - Started process (PID=2379) to work on /home/airflow/.local/lib/python3.7/site-packages/airflow/example_dags/example_branch_labels.py
[2022-06-24 16:36:23,922] {processor.py:642} INFO - Processing file /home/airflow/.local/lib/python3.7/site-packages/airflow/example_dags/example_branch_labels.py for tasks to queue
[2022-06-24 16:36:23,922] {logging_mixin.py:109} INFO - [2022-06-24 16:36:23,922] {dagbag.py:500} INFO - Filling up the DagBag from /home/airflow/.local/lib/python3.7/site-packages/airflow/example_dags/example_branch_labels.py
[2022-06-24 16:36:23,934] {processor.py:652} INFO - DAG(s) dict_keys(['example_branch_labels']) retrieved from /home/airflow/.local/lib/python3.7/site-packages/airflow/example_dags/example_branch_labels.py
[2022-06-24 16:36:23,949] {logging_mixin.py:109} INFO - [2022-06-24 16:36:23,949] {dag.py:2398} INFO - Sync 1 DAGs
[2022-06-24 16:36:23,965] {logging_mixin.py:109} INFO - [2022-06-24 16:36:23,965] {dag.py:2937} INFO - Setting next_dagrun for example_branch_labels to 2022-06-23 00:00:00+00:00
[2022-06-24 16:36:23,972] {processor.py:171} INFO - Processing /home/airflow/.local/lib/python3.7/site-packages/airflow/example_dags/example_branch_labels.py took 0.052 seconds
[2022-06-24 16:36:54,855] {processor.py:163} INFO - Started process (PID=2430) to work on /home/airflow/.local/lib/python3.7/site-packages/airflow/example_dags/example_branch_labels.py
[2022-06-24 16:36:54,855] {processor.py:642} INFO - Processing file /home/airflow/.local/lib/python3.7/site-packages/airflow/example_dags/example_branch_labels.py for tasks to queue
[2022-06-24 16:36:54,856] {logging_mixin.py:109} INFO - [2022-06-24 16:36:54,856] {dagbag.py:500} INFO - Filling up the DagBag from /home/airflow/.local/lib/python3.7/site-packages/airflow/example_dags/example_branch_labels.py
[2022-06-24 16:36:54,867] {processor.py:652} INFO - DAG(s) dict_keys(['example_branch_labels']) retrieved from /home/airflow/.local/lib/python3.7/site-packages/airflow/example_dags/example_branch_labels.py
[2022-06-24 16:36:54,883] {logging_mixin.py:109} INFO - [2022-06-24 16:36:54,883] {dag.py:2398} INFO - Sync 1 DAGs
[2022-06-24 16:36:54,897] {logging_mixin.py:109} INFO - [2022-06-24 16:36:54,897] {dag.py:2937} INFO - Setting next_dagrun for example_branch_labels to 2022-06-23 00:00:00+00:00
[2022-06-24 16:36:54,902] {processor.py:171} INFO - Processing /home/airflow/.local/lib/python3.7/site-packages/airflow/example_dags/example_branch_labels.py took 0.049 seconds
[2022-06-24 16:37:25,339] {processor.py:163} INFO - Started process (PID=2489) to work on /home/airflow/.local/lib/python3.7/site-packages/airflow/example_dags/example_branch_labels.py
[2022-06-24 16:37:25,340] {processor.py:642} INFO - Processing file /home/airflow/.local/lib/python3.7/site-packages/airflow/example_dags/example_branch_labels.py for tasks to queue
[2022-06-24 16:37:25,340] {logging_mixin.py:109} INFO - [2022-06-24 16:37:25,340] {dagbag.py:500} INFO - Filling up the DagBag from /home/airflow/.local/lib/python3.7/site-packages/airflow/example_dags/example_branch_labels.py
[2022-06-24 16:37:25,349] {processor.py:652} INFO - DAG(s) dict_keys(['example_branch_labels']) retrieved from /home/airflow/.local/lib/python3.7/site-packages/airflow/example_dags/example_branch_labels.py
[2022-06-24 16:37:25,362] {logging_mixin.py:109} INFO - [2022-06-24 16:37:25,362] {dag.py:2398} INFO - Sync 1 DAGs
[2022-06-24 16:37:25,378] {logging_mixin.py:109} INFO - [2022-06-24 16:37:25,378] {dag.py:2937} INFO - Setting next_dagrun for example_branch_labels to 2022-06-23 00:00:00+00:00
[2022-06-24 16:37:25,384] {processor.py:171} INFO - Processing /home/airflow/.local/lib/python3.7/site-packages/airflow/example_dags/example_branch_labels.py took 0.046 seconds
[2022-06-24 16:37:56,237] {processor.py:163} INFO - Started process (PID=2549) to work on /home/airflow/.local/lib/python3.7/site-packages/airflow/example_dags/example_branch_labels.py
[2022-06-24 16:37:56,238] {processor.py:642} INFO - Processing file /home/airflow/.local/lib/python3.7/site-packages/airflow/example_dags/example_branch_labels.py for tasks to queue
[2022-06-24 16:37:56,238] {logging_mixin.py:109} INFO - [2022-06-24 16:37:56,238] {dagbag.py:500} INFO - Filling up the DagBag from /home/airflow/.local/lib/python3.7/site-packages/airflow/example_dags/example_branch_labels.py
[2022-06-24 16:37:56,246] {processor.py:652} INFO - DAG(s) dict_keys(['example_branch_labels']) retrieved from /home/airflow/.local/lib/python3.7/site-packages/airflow/example_dags/example_branch_labels.py
[2022-06-24 16:37:56,261] {logging_mixin.py:109} INFO - [2022-06-24 16:37:56,261] {dag.py:2398} INFO - Sync 1 DAGs
[2022-06-24 16:37:56,276] {logging_mixin.py:109} INFO - [2022-06-24 16:37:56,276] {dag.py:2937} INFO - Setting next_dagrun for example_branch_labels to 2022-06-23 00:00:00+00:00
[2022-06-24 16:37:56,284] {processor.py:171} INFO - Processing /home/airflow/.local/lib/python3.7/site-packages/airflow/example_dags/example_branch_labels.py took 0.048 seconds
[2022-06-24 16:38:27,193] {processor.py:163} INFO - Started process (PID=2600) to work on /home/airflow/.local/lib/python3.7/site-packages/airflow/example_dags/example_branch_labels.py
[2022-06-24 16:38:27,193] {processor.py:642} INFO - Processing file /home/airflow/.local/lib/python3.7/site-packages/airflow/example_dags/example_branch_labels.py for tasks to queue
[2022-06-24 16:38:27,194] {logging_mixin.py:109} INFO - [2022-06-24 16:38:27,194] {dagbag.py:500} INFO - Filling up the DagBag from /home/airflow/.local/lib/python3.7/site-packages/airflow/example_dags/example_branch_labels.py
[2022-06-24 16:38:27,202] {processor.py:652} INFO - DAG(s) dict_keys(['example_branch_labels']) retrieved from /home/airflow/.local/lib/python3.7/site-packages/airflow/example_dags/example_branch_labels.py
[2022-06-24 16:38:27,214] {logging_mixin.py:109} INFO - [2022-06-24 16:38:27,214] {dag.py:2398} INFO - Sync 1 DAGs
[2022-06-24 16:38:27,225] {logging_mixin.py:109} INFO - [2022-06-24 16:38:27,225] {dag.py:2937} INFO - Setting next_dagrun for example_branch_labels to 2022-06-23 00:00:00+00:00
[2022-06-24 16:38:27,231] {processor.py:171} INFO - Processing /home/airflow/.local/lib/python3.7/site-packages/airflow/example_dags/example_branch_labels.py took 0.040 seconds
