[2022-06-24 16:06:42,460] {processor.py:163} INFO - Started process (PID=34) to work on /home/airflow/.local/lib/python3.7/site-packages/airflow/example_dags/example_branch_operator.py
[2022-06-24 16:06:42,461] {processor.py:642} INFO - Processing file /home/airflow/.local/lib/python3.7/site-packages/airflow/example_dags/example_branch_operator.py for tasks to queue
[2022-06-24 16:06:42,461] {logging_mixin.py:109} INFO - [2022-06-24 16:06:42,461] {dagbag.py:500} INFO - Filling up the DagBag from /home/airflow/.local/lib/python3.7/site-packages/airflow/example_dags/example_branch_operator.py
[2022-06-24 16:06:42,490] {processor.py:652} INFO - DAG(s) dict_keys(['example_branch_operator']) retrieved from /home/airflow/.local/lib/python3.7/site-packages/airflow/example_dags/example_branch_operator.py
[2022-06-24 16:06:46,723] {logging_mixin.py:109} INFO - [2022-06-24 16:06:46,723] {manager.py:496} INFO - Created Permission View: can edit on DAG:example_branch_operator
[2022-06-24 16:06:46,728] {logging_mixin.py:109} INFO - [2022-06-24 16:06:46,728] {manager.py:496} INFO - Created Permission View: can read on DAG:example_branch_operator
[2022-06-24 16:06:46,728] {logging_mixin.py:109} INFO - [2022-06-24 16:06:46,728] {dag.py:2398} INFO - Sync 1 DAGs
[2022-06-24 16:06:46,735] {logging_mixin.py:109} INFO - [2022-06-24 16:06:46,735] {dag.py:2417} INFO - Creating ORM DAG for example_branch_operator
[2022-06-24 16:06:46,742] {logging_mixin.py:109} INFO - [2022-06-24 16:06:46,742] {dag.py:2937} INFO - Setting next_dagrun for example_branch_operator to 2022-06-23 00:00:00+00:00
[2022-06-24 16:06:46,750] {processor.py:171} INFO - Processing /home/airflow/.local/lib/python3.7/site-packages/airflow/example_dags/example_branch_operator.py took 4.292 seconds
[2022-06-24 16:07:17,144] {processor.py:163} INFO - Started process (PID=336) to work on /home/airflow/.local/lib/python3.7/site-packages/airflow/example_dags/example_branch_operator.py
[2022-06-24 16:07:17,145] {processor.py:642} INFO - Processing file /home/airflow/.local/lib/python3.7/site-packages/airflow/example_dags/example_branch_operator.py for tasks to queue
[2022-06-24 16:07:17,146] {logging_mixin.py:109} INFO - [2022-06-24 16:07:17,146] {dagbag.py:500} INFO - Filling up the DagBag from /home/airflow/.local/lib/python3.7/site-packages/airflow/example_dags/example_branch_operator.py
[2022-06-24 16:07:17,158] {processor.py:652} INFO - DAG(s) dict_keys(['example_branch_operator']) retrieved from /home/airflow/.local/lib/python3.7/site-packages/airflow/example_dags/example_branch_operator.py
[2022-06-24 16:07:17,170] {logging_mixin.py:109} INFO - [2022-06-24 16:07:17,170] {dag.py:2398} INFO - Sync 1 DAGs
[2022-06-24 16:07:17,181] {logging_mixin.py:109} INFO - [2022-06-24 16:07:17,180] {dag.py:2937} INFO - Setting next_dagrun for example_branch_operator to 2022-06-23 00:00:00+00:00
[2022-06-24 16:07:17,186] {processor.py:171} INFO - Processing /home/airflow/.local/lib/python3.7/site-packages/airflow/example_dags/example_branch_operator.py took 0.044 seconds
[2022-06-24 16:07:47,453] {processor.py:163} INFO - Started process (PID=396) to work on /home/airflow/.local/lib/python3.7/site-packages/airflow/example_dags/example_branch_operator.py
[2022-06-24 16:07:47,454] {processor.py:642} INFO - Processing file /home/airflow/.local/lib/python3.7/site-packages/airflow/example_dags/example_branch_operator.py for tasks to queue
[2022-06-24 16:07:47,454] {logging_mixin.py:109} INFO - [2022-06-24 16:07:47,454] {dagbag.py:500} INFO - Filling up the DagBag from /home/airflow/.local/lib/python3.7/site-packages/airflow/example_dags/example_branch_operator.py
[2022-06-24 16:07:47,467] {processor.py:652} INFO - DAG(s) dict_keys(['example_branch_operator']) retrieved from /home/airflow/.local/lib/python3.7/site-packages/airflow/example_dags/example_branch_operator.py
[2022-06-24 16:07:47,480] {logging_mixin.py:109} INFO - [2022-06-24 16:07:47,480] {dag.py:2398} INFO - Sync 1 DAGs
[2022-06-24 16:07:47,494] {logging_mixin.py:109} INFO - [2022-06-24 16:07:47,494] {dag.py:2937} INFO - Setting next_dagrun for example_branch_operator to 2022-06-23 00:00:00+00:00
[2022-06-24 16:07:47,500] {processor.py:171} INFO - Processing /home/airflow/.local/lib/python3.7/site-packages/airflow/example_dags/example_branch_operator.py took 0.049 seconds
[2022-06-24 16:08:17,743] {processor.py:163} INFO - Started process (PID=456) to work on /home/airflow/.local/lib/python3.7/site-packages/airflow/example_dags/example_branch_operator.py
[2022-06-24 16:08:17,745] {processor.py:642} INFO - Processing file /home/airflow/.local/lib/python3.7/site-packages/airflow/example_dags/example_branch_operator.py for tasks to queue
[2022-06-24 16:08:17,746] {logging_mixin.py:109} INFO - [2022-06-24 16:08:17,745] {dagbag.py:500} INFO - Filling up the DagBag from /home/airflow/.local/lib/python3.7/site-packages/airflow/example_dags/example_branch_operator.py
[2022-06-24 16:08:17,757] {processor.py:652} INFO - DAG(s) dict_keys(['example_branch_operator']) retrieved from /home/airflow/.local/lib/python3.7/site-packages/airflow/example_dags/example_branch_operator.py
[2022-06-24 16:08:17,772] {logging_mixin.py:109} INFO - [2022-06-24 16:08:17,772] {dag.py:2398} INFO - Sync 1 DAGs
[2022-06-24 16:08:17,784] {logging_mixin.py:109} INFO - [2022-06-24 16:08:17,784] {dag.py:2937} INFO - Setting next_dagrun for example_branch_operator to 2022-06-23 00:00:00+00:00
[2022-06-24 16:08:17,791] {processor.py:171} INFO - Processing /home/airflow/.local/lib/python3.7/site-packages/airflow/example_dags/example_branch_operator.py took 0.049 seconds
[2022-06-24 16:08:47,913] {processor.py:163} INFO - Started process (PID=505) to work on /home/airflow/.local/lib/python3.7/site-packages/airflow/example_dags/example_branch_operator.py
[2022-06-24 16:08:47,914] {processor.py:642} INFO - Processing file /home/airflow/.local/lib/python3.7/site-packages/airflow/example_dags/example_branch_operator.py for tasks to queue
[2022-06-24 16:08:47,914] {logging_mixin.py:109} INFO - [2022-06-24 16:08:47,914] {dagbag.py:500} INFO - Filling up the DagBag from /home/airflow/.local/lib/python3.7/site-packages/airflow/example_dags/example_branch_operator.py
[2022-06-24 16:08:47,928] {processor.py:652} INFO - DAG(s) dict_keys(['example_branch_operator']) retrieved from /home/airflow/.local/lib/python3.7/site-packages/airflow/example_dags/example_branch_operator.py
[2022-06-24 16:08:47,939] {logging_mixin.py:109} INFO - [2022-06-24 16:08:47,939] {dag.py:2398} INFO - Sync 1 DAGs
[2022-06-24 16:08:47,949] {logging_mixin.py:109} INFO - [2022-06-24 16:08:47,948] {dag.py:2937} INFO - Setting next_dagrun for example_branch_operator to 2022-06-23 00:00:00+00:00
[2022-06-24 16:08:47,953] {processor.py:171} INFO - Processing /home/airflow/.local/lib/python3.7/site-packages/airflow/example_dags/example_branch_operator.py took 0.043 seconds
[2022-06-24 16:09:18,215] {processor.py:163} INFO - Started process (PID=564) to work on /home/airflow/.local/lib/python3.7/site-packages/airflow/example_dags/example_branch_operator.py
[2022-06-24 16:09:18,216] {processor.py:642} INFO - Processing file /home/airflow/.local/lib/python3.7/site-packages/airflow/example_dags/example_branch_operator.py for tasks to queue
[2022-06-24 16:09:18,217] {logging_mixin.py:109} INFO - [2022-06-24 16:09:18,217] {dagbag.py:500} INFO - Filling up the DagBag from /home/airflow/.local/lib/python3.7/site-packages/airflow/example_dags/example_branch_operator.py
[2022-06-24 16:09:18,232] {processor.py:652} INFO - DAG(s) dict_keys(['example_branch_operator']) retrieved from /home/airflow/.local/lib/python3.7/site-packages/airflow/example_dags/example_branch_operator.py
[2022-06-24 16:09:18,244] {logging_mixin.py:109} INFO - [2022-06-24 16:09:18,244] {dag.py:2398} INFO - Sync 1 DAGs
[2022-06-24 16:09:18,255] {logging_mixin.py:109} INFO - [2022-06-24 16:09:18,254] {dag.py:2937} INFO - Setting next_dagrun for example_branch_operator to 2022-06-23 00:00:00+00:00
[2022-06-24 16:09:18,260] {processor.py:171} INFO - Processing /home/airflow/.local/lib/python3.7/site-packages/airflow/example_dags/example_branch_operator.py took 0.049 seconds
[2022-06-24 16:09:48,326] {processor.py:163} INFO - Started process (PID=615) to work on /home/airflow/.local/lib/python3.7/site-packages/airflow/example_dags/example_branch_operator.py
[2022-06-24 16:09:48,326] {processor.py:642} INFO - Processing file /home/airflow/.local/lib/python3.7/site-packages/airflow/example_dags/example_branch_operator.py for tasks to queue
[2022-06-24 16:09:48,327] {logging_mixin.py:109} INFO - [2022-06-24 16:09:48,327] {dagbag.py:500} INFO - Filling up the DagBag from /home/airflow/.local/lib/python3.7/site-packages/airflow/example_dags/example_branch_operator.py
[2022-06-24 16:09:48,336] {processor.py:652} INFO - DAG(s) dict_keys(['example_branch_operator']) retrieved from /home/airflow/.local/lib/python3.7/site-packages/airflow/example_dags/example_branch_operator.py
[2022-06-24 16:09:48,349] {logging_mixin.py:109} INFO - [2022-06-24 16:09:48,349] {dag.py:2398} INFO - Sync 1 DAGs
[2022-06-24 16:09:48,362] {logging_mixin.py:109} INFO - [2022-06-24 16:09:48,362] {dag.py:2937} INFO - Setting next_dagrun for example_branch_operator to 2022-06-23 00:00:00+00:00
[2022-06-24 16:09:48,368] {processor.py:171} INFO - Processing /home/airflow/.local/lib/python3.7/site-packages/airflow/example_dags/example_branch_operator.py took 0.044 seconds
[2022-06-24 16:10:18,586] {processor.py:163} INFO - Started process (PID=674) to work on /home/airflow/.local/lib/python3.7/site-packages/airflow/example_dags/example_branch_operator.py
[2022-06-24 16:10:18,587] {processor.py:642} INFO - Processing file /home/airflow/.local/lib/python3.7/site-packages/airflow/example_dags/example_branch_operator.py for tasks to queue
[2022-06-24 16:10:18,588] {logging_mixin.py:109} INFO - [2022-06-24 16:10:18,588] {dagbag.py:500} INFO - Filling up the DagBag from /home/airflow/.local/lib/python3.7/site-packages/airflow/example_dags/example_branch_operator.py
[2022-06-24 16:10:18,598] {processor.py:652} INFO - DAG(s) dict_keys(['example_branch_operator']) retrieved from /home/airflow/.local/lib/python3.7/site-packages/airflow/example_dags/example_branch_operator.py
[2022-06-24 16:10:18,611] {logging_mixin.py:109} INFO - [2022-06-24 16:10:18,611] {dag.py:2398} INFO - Sync 1 DAGs
[2022-06-24 16:10:18,623] {logging_mixin.py:109} INFO - [2022-06-24 16:10:18,623] {dag.py:2937} INFO - Setting next_dagrun for example_branch_operator to 2022-06-23 00:00:00+00:00
[2022-06-24 16:10:18,628] {processor.py:171} INFO - Processing /home/airflow/.local/lib/python3.7/site-packages/airflow/example_dags/example_branch_operator.py took 0.043 seconds
[2022-06-24 16:10:48,969] {processor.py:163} INFO - Started process (PID=733) to work on /home/airflow/.local/lib/python3.7/site-packages/airflow/example_dags/example_branch_operator.py
[2022-06-24 16:10:48,971] {processor.py:642} INFO - Processing file /home/airflow/.local/lib/python3.7/site-packages/airflow/example_dags/example_branch_operator.py for tasks to queue
[2022-06-24 16:10:48,971] {logging_mixin.py:109} INFO - [2022-06-24 16:10:48,971] {dagbag.py:500} INFO - Filling up the DagBag from /home/airflow/.local/lib/python3.7/site-packages/airflow/example_dags/example_branch_operator.py
[2022-06-24 16:10:48,983] {processor.py:652} INFO - DAG(s) dict_keys(['example_branch_operator']) retrieved from /home/airflow/.local/lib/python3.7/site-packages/airflow/example_dags/example_branch_operator.py
[2022-06-24 16:10:48,995] {logging_mixin.py:109} INFO - [2022-06-24 16:10:48,995] {dag.py:2398} INFO - Sync 1 DAGs
[2022-06-24 16:10:49,005] {logging_mixin.py:109} INFO - [2022-06-24 16:10:49,004] {dag.py:2937} INFO - Setting next_dagrun for example_branch_operator to 2022-06-23 00:00:00+00:00
[2022-06-24 16:10:49,010] {processor.py:171} INFO - Processing /home/airflow/.local/lib/python3.7/site-packages/airflow/example_dags/example_branch_operator.py took 0.042 seconds
[2022-06-24 16:11:19,237] {processor.py:163} INFO - Started process (PID=783) to work on /home/airflow/.local/lib/python3.7/site-packages/airflow/example_dags/example_branch_operator.py
[2022-06-24 16:11:19,239] {processor.py:642} INFO - Processing file /home/airflow/.local/lib/python3.7/site-packages/airflow/example_dags/example_branch_operator.py for tasks to queue
[2022-06-24 16:11:19,239] {logging_mixin.py:109} INFO - [2022-06-24 16:11:19,239] {dagbag.py:500} INFO - Filling up the DagBag from /home/airflow/.local/lib/python3.7/site-packages/airflow/example_dags/example_branch_operator.py
[2022-06-24 16:11:19,249] {processor.py:652} INFO - DAG(s) dict_keys(['example_branch_operator']) retrieved from /home/airflow/.local/lib/python3.7/site-packages/airflow/example_dags/example_branch_operator.py
[2022-06-24 16:11:19,262] {logging_mixin.py:109} INFO - [2022-06-24 16:11:19,262] {dag.py:2398} INFO - Sync 1 DAGs
[2022-06-24 16:11:19,272] {logging_mixin.py:109} INFO - [2022-06-24 16:11:19,272] {dag.py:2937} INFO - Setting next_dagrun for example_branch_operator to 2022-06-23 00:00:00+00:00
[2022-06-24 16:11:19,279] {processor.py:171} INFO - Processing /home/airflow/.local/lib/python3.7/site-packages/airflow/example_dags/example_branch_operator.py took 0.043 seconds
[2022-06-24 16:11:49,553] {processor.py:163} INFO - Started process (PID=842) to work on /home/airflow/.local/lib/python3.7/site-packages/airflow/example_dags/example_branch_operator.py
[2022-06-24 16:11:49,553] {processor.py:642} INFO - Processing file /home/airflow/.local/lib/python3.7/site-packages/airflow/example_dags/example_branch_operator.py for tasks to queue
[2022-06-24 16:11:49,554] {logging_mixin.py:109} INFO - [2022-06-24 16:11:49,553] {dagbag.py:500} INFO - Filling up the DagBag from /home/airflow/.local/lib/python3.7/site-packages/airflow/example_dags/example_branch_operator.py
[2022-06-24 16:11:49,564] {processor.py:652} INFO - DAG(s) dict_keys(['example_branch_operator']) retrieved from /home/airflow/.local/lib/python3.7/site-packages/airflow/example_dags/example_branch_operator.py
[2022-06-24 16:11:49,576] {logging_mixin.py:109} INFO - [2022-06-24 16:11:49,576] {dag.py:2398} INFO - Sync 1 DAGs
[2022-06-24 16:11:49,587] {logging_mixin.py:109} INFO - [2022-06-24 16:11:49,587] {dag.py:2937} INFO - Setting next_dagrun for example_branch_operator to 2022-06-23 00:00:00+00:00
[2022-06-24 16:11:49,593] {processor.py:171} INFO - Processing /home/airflow/.local/lib/python3.7/site-packages/airflow/example_dags/example_branch_operator.py took 0.042 seconds
[2022-06-24 16:12:19,811] {processor.py:163} INFO - Started process (PID=902) to work on /home/airflow/.local/lib/python3.7/site-packages/airflow/example_dags/example_branch_operator.py
[2022-06-24 16:12:19,812] {processor.py:642} INFO - Processing file /home/airflow/.local/lib/python3.7/site-packages/airflow/example_dags/example_branch_operator.py for tasks to queue
[2022-06-24 16:12:19,812] {logging_mixin.py:109} INFO - [2022-06-24 16:12:19,812] {dagbag.py:500} INFO - Filling up the DagBag from /home/airflow/.local/lib/python3.7/site-packages/airflow/example_dags/example_branch_operator.py
[2022-06-24 16:12:19,826] {processor.py:652} INFO - DAG(s) dict_keys(['example_branch_operator']) retrieved from /home/airflow/.local/lib/python3.7/site-packages/airflow/example_dags/example_branch_operator.py
[2022-06-24 16:12:19,840] {logging_mixin.py:109} INFO - [2022-06-24 16:12:19,840] {dag.py:2398} INFO - Sync 1 DAGs
[2022-06-24 16:12:19,851] {logging_mixin.py:109} INFO - [2022-06-24 16:12:19,851] {dag.py:2937} INFO - Setting next_dagrun for example_branch_operator to 2022-06-23 00:00:00+00:00
[2022-06-24 16:12:19,857] {processor.py:171} INFO - Processing /home/airflow/.local/lib/python3.7/site-packages/airflow/example_dags/example_branch_operator.py took 0.047 seconds
[2022-06-24 16:12:50,295] {processor.py:163} INFO - Started process (PID=952) to work on /home/airflow/.local/lib/python3.7/site-packages/airflow/example_dags/example_branch_operator.py
[2022-06-24 16:12:50,296] {processor.py:642} INFO - Processing file /home/airflow/.local/lib/python3.7/site-packages/airflow/example_dags/example_branch_operator.py for tasks to queue
[2022-06-24 16:12:50,297] {logging_mixin.py:109} INFO - [2022-06-24 16:12:50,297] {dagbag.py:500} INFO - Filling up the DagBag from /home/airflow/.local/lib/python3.7/site-packages/airflow/example_dags/example_branch_operator.py
[2022-06-24 16:12:50,307] {processor.py:652} INFO - DAG(s) dict_keys(['example_branch_operator']) retrieved from /home/airflow/.local/lib/python3.7/site-packages/airflow/example_dags/example_branch_operator.py
[2022-06-24 16:12:50,328] {logging_mixin.py:109} INFO - [2022-06-24 16:12:50,328] {dag.py:2398} INFO - Sync 1 DAGs
[2022-06-24 16:12:50,343] {logging_mixin.py:109} INFO - [2022-06-24 16:12:50,343] {dag.py:2937} INFO - Setting next_dagrun for example_branch_operator to 2022-06-23 00:00:00+00:00
[2022-06-24 16:12:50,349] {processor.py:171} INFO - Processing /home/airflow/.local/lib/python3.7/site-packages/airflow/example_dags/example_branch_operator.py took 0.056 seconds
[2022-06-24 16:13:21,240] {processor.py:163} INFO - Started process (PID=1013) to work on /home/airflow/.local/lib/python3.7/site-packages/airflow/example_dags/example_branch_operator.py
[2022-06-24 16:13:21,240] {processor.py:642} INFO - Processing file /home/airflow/.local/lib/python3.7/site-packages/airflow/example_dags/example_branch_operator.py for tasks to queue
[2022-06-24 16:13:21,241] {logging_mixin.py:109} INFO - [2022-06-24 16:13:21,241] {dagbag.py:500} INFO - Filling up the DagBag from /home/airflow/.local/lib/python3.7/site-packages/airflow/example_dags/example_branch_operator.py
[2022-06-24 16:13:21,251] {processor.py:652} INFO - DAG(s) dict_keys(['example_branch_operator']) retrieved from /home/airflow/.local/lib/python3.7/site-packages/airflow/example_dags/example_branch_operator.py
[2022-06-24 16:13:21,263] {logging_mixin.py:109} INFO - [2022-06-24 16:13:21,263] {dag.py:2398} INFO - Sync 1 DAGs
[2022-06-24 16:13:21,273] {logging_mixin.py:109} INFO - [2022-06-24 16:13:21,273] {dag.py:2937} INFO - Setting next_dagrun for example_branch_operator to 2022-06-23 00:00:00+00:00
[2022-06-24 16:13:21,278] {processor.py:171} INFO - Processing /home/airflow/.local/lib/python3.7/site-packages/airflow/example_dags/example_branch_operator.py took 0.040 seconds
[2022-06-24 16:13:51,670] {processor.py:163} INFO - Started process (PID=1072) to work on /home/airflow/.local/lib/python3.7/site-packages/airflow/example_dags/example_branch_operator.py
[2022-06-24 16:13:51,671] {processor.py:642} INFO - Processing file /home/airflow/.local/lib/python3.7/site-packages/airflow/example_dags/example_branch_operator.py for tasks to queue
[2022-06-24 16:13:51,671] {logging_mixin.py:109} INFO - [2022-06-24 16:13:51,671] {dagbag.py:500} INFO - Filling up the DagBag from /home/airflow/.local/lib/python3.7/site-packages/airflow/example_dags/example_branch_operator.py
[2022-06-24 16:13:51,681] {processor.py:652} INFO - DAG(s) dict_keys(['example_branch_operator']) retrieved from /home/airflow/.local/lib/python3.7/site-packages/airflow/example_dags/example_branch_operator.py
[2022-06-24 16:13:51,694] {logging_mixin.py:109} INFO - [2022-06-24 16:13:51,693] {dag.py:2398} INFO - Sync 1 DAGs
[2022-06-24 16:13:51,704] {logging_mixin.py:109} INFO - [2022-06-24 16:13:51,704] {dag.py:2937} INFO - Setting next_dagrun for example_branch_operator to 2022-06-23 00:00:00+00:00
[2022-06-24 16:13:51,709] {processor.py:171} INFO - Processing /home/airflow/.local/lib/python3.7/site-packages/airflow/example_dags/example_branch_operator.py took 0.041 seconds
[2022-06-24 16:14:22,029] {processor.py:163} INFO - Started process (PID=1123) to work on /home/airflow/.local/lib/python3.7/site-packages/airflow/example_dags/example_branch_operator.py
[2022-06-24 16:14:22,030] {processor.py:642} INFO - Processing file /home/airflow/.local/lib/python3.7/site-packages/airflow/example_dags/example_branch_operator.py for tasks to queue
[2022-06-24 16:14:22,030] {logging_mixin.py:109} INFO - [2022-06-24 16:14:22,030] {dagbag.py:500} INFO - Filling up the DagBag from /home/airflow/.local/lib/python3.7/site-packages/airflow/example_dags/example_branch_operator.py
[2022-06-24 16:14:22,044] {processor.py:652} INFO - DAG(s) dict_keys(['example_branch_operator']) retrieved from /home/airflow/.local/lib/python3.7/site-packages/airflow/example_dags/example_branch_operator.py
[2022-06-24 16:14:22,055] {logging_mixin.py:109} INFO - [2022-06-24 16:14:22,055] {dag.py:2398} INFO - Sync 1 DAGs
[2022-06-24 16:14:22,065] {logging_mixin.py:109} INFO - [2022-06-24 16:14:22,065] {dag.py:2937} INFO - Setting next_dagrun for example_branch_operator to 2022-06-23 00:00:00+00:00
[2022-06-24 16:14:22,070] {processor.py:171} INFO - Processing /home/airflow/.local/lib/python3.7/site-packages/airflow/example_dags/example_branch_operator.py took 0.043 seconds
[2022-06-24 16:15:28,182] {processor.py:163} INFO - Started process (PID=30) to work on /home/airflow/.local/lib/python3.7/site-packages/airflow/example_dags/example_branch_operator.py
[2022-06-24 16:15:28,183] {processor.py:642} INFO - Processing file /home/airflow/.local/lib/python3.7/site-packages/airflow/example_dags/example_branch_operator.py for tasks to queue
[2022-06-24 16:15:28,183] {logging_mixin.py:109} INFO - [2022-06-24 16:15:28,183] {dagbag.py:500} INFO - Filling up the DagBag from /home/airflow/.local/lib/python3.7/site-packages/airflow/example_dags/example_branch_operator.py
[2022-06-24 16:15:28,208] {processor.py:652} INFO - DAG(s) dict_keys(['example_branch_operator']) retrieved from /home/airflow/.local/lib/python3.7/site-packages/airflow/example_dags/example_branch_operator.py
[2022-06-24 16:15:28,224] {logging_mixin.py:109} INFO - [2022-06-24 16:15:28,224] {dag.py:2398} INFO - Sync 1 DAGs
[2022-06-24 16:15:28,237] {logging_mixin.py:109} INFO - [2022-06-24 16:15:28,237] {dag.py:2937} INFO - Setting next_dagrun for example_branch_operator to 2022-06-23 00:00:00+00:00
[2022-06-24 16:15:28,243] {processor.py:171} INFO - Processing /home/airflow/.local/lib/python3.7/site-packages/airflow/example_dags/example_branch_operator.py took 0.063 seconds
[2022-06-24 16:15:58,501] {processor.py:163} INFO - Started process (PID=92) to work on /home/airflow/.local/lib/python3.7/site-packages/airflow/example_dags/example_branch_operator.py
[2022-06-24 16:15:58,501] {processor.py:642} INFO - Processing file /home/airflow/.local/lib/python3.7/site-packages/airflow/example_dags/example_branch_operator.py for tasks to queue
[2022-06-24 16:15:58,502] {logging_mixin.py:109} INFO - [2022-06-24 16:15:58,502] {dagbag.py:500} INFO - Filling up the DagBag from /home/airflow/.local/lib/python3.7/site-packages/airflow/example_dags/example_branch_operator.py
[2022-06-24 16:15:58,514] {processor.py:652} INFO - DAG(s) dict_keys(['example_branch_operator']) retrieved from /home/airflow/.local/lib/python3.7/site-packages/airflow/example_dags/example_branch_operator.py
[2022-06-24 16:15:58,527] {logging_mixin.py:109} INFO - [2022-06-24 16:15:58,527] {dag.py:2398} INFO - Sync 1 DAGs
[2022-06-24 16:15:58,537] {logging_mixin.py:109} INFO - [2022-06-24 16:15:58,537] {dag.py:2937} INFO - Setting next_dagrun for example_branch_operator to 2022-06-23 00:00:00+00:00
[2022-06-24 16:15:58,543] {processor.py:171} INFO - Processing /home/airflow/.local/lib/python3.7/site-packages/airflow/example_dags/example_branch_operator.py took 0.043 seconds
[2022-06-24 16:16:29,088] {processor.py:163} INFO - Started process (PID=152) to work on /home/airflow/.local/lib/python3.7/site-packages/airflow/example_dags/example_branch_operator.py
[2022-06-24 16:16:29,090] {processor.py:642} INFO - Processing file /home/airflow/.local/lib/python3.7/site-packages/airflow/example_dags/example_branch_operator.py for tasks to queue
[2022-06-24 16:16:29,090] {logging_mixin.py:109} INFO - [2022-06-24 16:16:29,090] {dagbag.py:500} INFO - Filling up the DagBag from /home/airflow/.local/lib/python3.7/site-packages/airflow/example_dags/example_branch_operator.py
[2022-06-24 16:16:29,108] {processor.py:652} INFO - DAG(s) dict_keys(['example_branch_operator']) retrieved from /home/airflow/.local/lib/python3.7/site-packages/airflow/example_dags/example_branch_operator.py
[2022-06-24 16:16:29,124] {logging_mixin.py:109} INFO - [2022-06-24 16:16:29,124] {dag.py:2398} INFO - Sync 1 DAGs
[2022-06-24 16:16:29,140] {logging_mixin.py:109} INFO - [2022-06-24 16:16:29,140] {dag.py:2937} INFO - Setting next_dagrun for example_branch_operator to 2022-06-23 00:00:00+00:00
[2022-06-24 16:16:29,147] {processor.py:171} INFO - Processing /home/airflow/.local/lib/python3.7/site-packages/airflow/example_dags/example_branch_operator.py took 0.061 seconds
[2022-06-24 16:16:59,602] {processor.py:163} INFO - Started process (PID=202) to work on /home/airflow/.local/lib/python3.7/site-packages/airflow/example_dags/example_branch_operator.py
[2022-06-24 16:16:59,604] {processor.py:642} INFO - Processing file /home/airflow/.local/lib/python3.7/site-packages/airflow/example_dags/example_branch_operator.py for tasks to queue
[2022-06-24 16:16:59,604] {logging_mixin.py:109} INFO - [2022-06-24 16:16:59,604] {dagbag.py:500} INFO - Filling up the DagBag from /home/airflow/.local/lib/python3.7/site-packages/airflow/example_dags/example_branch_operator.py
[2022-06-24 16:16:59,614] {processor.py:652} INFO - DAG(s) dict_keys(['example_branch_operator']) retrieved from /home/airflow/.local/lib/python3.7/site-packages/airflow/example_dags/example_branch_operator.py
[2022-06-24 16:16:59,626] {logging_mixin.py:109} INFO - [2022-06-24 16:16:59,626] {dag.py:2398} INFO - Sync 1 DAGs
[2022-06-24 16:16:59,636] {logging_mixin.py:109} INFO - [2022-06-24 16:16:59,636] {dag.py:2937} INFO - Setting next_dagrun for example_branch_operator to 2022-06-23 00:00:00+00:00
[2022-06-24 16:16:59,642] {processor.py:171} INFO - Processing /home/airflow/.local/lib/python3.7/site-packages/airflow/example_dags/example_branch_operator.py took 0.042 seconds
[2022-06-24 16:17:30,147] {processor.py:163} INFO - Started process (PID=262) to work on /home/airflow/.local/lib/python3.7/site-packages/airflow/example_dags/example_branch_operator.py
[2022-06-24 16:17:30,154] {processor.py:642} INFO - Processing file /home/airflow/.local/lib/python3.7/site-packages/airflow/example_dags/example_branch_operator.py for tasks to queue
[2022-06-24 16:17:30,154] {logging_mixin.py:109} INFO - [2022-06-24 16:17:30,154] {dagbag.py:500} INFO - Filling up the DagBag from /home/airflow/.local/lib/python3.7/site-packages/airflow/example_dags/example_branch_operator.py
[2022-06-24 16:17:30,163] {processor.py:652} INFO - DAG(s) dict_keys(['example_branch_operator']) retrieved from /home/airflow/.local/lib/python3.7/site-packages/airflow/example_dags/example_branch_operator.py
[2022-06-24 16:17:30,176] {logging_mixin.py:109} INFO - [2022-06-24 16:17:30,176] {dag.py:2398} INFO - Sync 1 DAGs
[2022-06-24 16:17:30,187] {logging_mixin.py:109} INFO - [2022-06-24 16:17:30,187] {dag.py:2937} INFO - Setting next_dagrun for example_branch_operator to 2022-06-23 00:00:00+00:00
[2022-06-24 16:17:30,194] {processor.py:171} INFO - Processing /home/airflow/.local/lib/python3.7/site-packages/airflow/example_dags/example_branch_operator.py took 0.049 seconds
[2022-06-24 16:18:00,736] {processor.py:163} INFO - Started process (PID=321) to work on /home/airflow/.local/lib/python3.7/site-packages/airflow/example_dags/example_branch_operator.py
[2022-06-24 16:18:00,737] {processor.py:642} INFO - Processing file /home/airflow/.local/lib/python3.7/site-packages/airflow/example_dags/example_branch_operator.py for tasks to queue
[2022-06-24 16:18:00,737] {logging_mixin.py:109} INFO - [2022-06-24 16:18:00,737] {dagbag.py:500} INFO - Filling up the DagBag from /home/airflow/.local/lib/python3.7/site-packages/airflow/example_dags/example_branch_operator.py
[2022-06-24 16:18:00,751] {processor.py:652} INFO - DAG(s) dict_keys(['example_branch_operator']) retrieved from /home/airflow/.local/lib/python3.7/site-packages/airflow/example_dags/example_branch_operator.py
[2022-06-24 16:18:00,769] {logging_mixin.py:109} INFO - [2022-06-24 16:18:00,769] {dag.py:2398} INFO - Sync 1 DAGs
[2022-06-24 16:18:00,783] {logging_mixin.py:109} INFO - [2022-06-24 16:18:00,783] {dag.py:2937} INFO - Setting next_dagrun for example_branch_operator to 2022-06-23 00:00:00+00:00
[2022-06-24 16:18:00,791] {processor.py:171} INFO - Processing /home/airflow/.local/lib/python3.7/site-packages/airflow/example_dags/example_branch_operator.py took 0.057 seconds
[2022-06-24 16:18:31,382] {processor.py:163} INFO - Started process (PID=371) to work on /home/airflow/.local/lib/python3.7/site-packages/airflow/example_dags/example_branch_operator.py
[2022-06-24 16:18:31,384] {processor.py:642} INFO - Processing file /home/airflow/.local/lib/python3.7/site-packages/airflow/example_dags/example_branch_operator.py for tasks to queue
[2022-06-24 16:18:31,384] {logging_mixin.py:109} INFO - [2022-06-24 16:18:31,384] {dagbag.py:500} INFO - Filling up the DagBag from /home/airflow/.local/lib/python3.7/site-packages/airflow/example_dags/example_branch_operator.py
[2022-06-24 16:18:31,395] {processor.py:652} INFO - DAG(s) dict_keys(['example_branch_operator']) retrieved from /home/airflow/.local/lib/python3.7/site-packages/airflow/example_dags/example_branch_operator.py
[2022-06-24 16:18:31,410] {logging_mixin.py:109} INFO - [2022-06-24 16:18:31,410] {dag.py:2398} INFO - Sync 1 DAGs
[2022-06-24 16:18:31,425] {logging_mixin.py:109} INFO - [2022-06-24 16:18:31,425] {dag.py:2937} INFO - Setting next_dagrun for example_branch_operator to 2022-06-23 00:00:00+00:00
[2022-06-24 16:18:31,433] {processor.py:171} INFO - Processing /home/airflow/.local/lib/python3.7/site-packages/airflow/example_dags/example_branch_operator.py took 0.053 seconds
[2022-06-24 16:19:02,355] {processor.py:163} INFO - Started process (PID=430) to work on /home/airflow/.local/lib/python3.7/site-packages/airflow/example_dags/example_branch_operator.py
[2022-06-24 16:19:02,356] {processor.py:642} INFO - Processing file /home/airflow/.local/lib/python3.7/site-packages/airflow/example_dags/example_branch_operator.py for tasks to queue
[2022-06-24 16:19:02,356] {logging_mixin.py:109} INFO - [2022-06-24 16:19:02,356] {dagbag.py:500} INFO - Filling up the DagBag from /home/airflow/.local/lib/python3.7/site-packages/airflow/example_dags/example_branch_operator.py
[2022-06-24 16:19:02,367] {processor.py:652} INFO - DAG(s) dict_keys(['example_branch_operator']) retrieved from /home/airflow/.local/lib/python3.7/site-packages/airflow/example_dags/example_branch_operator.py
[2022-06-24 16:19:02,380] {logging_mixin.py:109} INFO - [2022-06-24 16:19:02,380] {dag.py:2398} INFO - Sync 1 DAGs
[2022-06-24 16:19:02,390] {logging_mixin.py:109} INFO - [2022-06-24 16:19:02,390] {dag.py:2937} INFO - Setting next_dagrun for example_branch_operator to 2022-06-23 00:00:00+00:00
[2022-06-24 16:19:02,397] {processor.py:171} INFO - Processing /home/airflow/.local/lib/python3.7/site-packages/airflow/example_dags/example_branch_operator.py took 0.044 seconds
[2022-06-24 16:19:32,841] {processor.py:163} INFO - Started process (PID=490) to work on /home/airflow/.local/lib/python3.7/site-packages/airflow/example_dags/example_branch_operator.py
[2022-06-24 16:19:32,842] {processor.py:642} INFO - Processing file /home/airflow/.local/lib/python3.7/site-packages/airflow/example_dags/example_branch_operator.py for tasks to queue
[2022-06-24 16:19:32,842] {logging_mixin.py:109} INFO - [2022-06-24 16:19:32,842] {dagbag.py:500} INFO - Filling up the DagBag from /home/airflow/.local/lib/python3.7/site-packages/airflow/example_dags/example_branch_operator.py
[2022-06-24 16:19:32,856] {processor.py:652} INFO - DAG(s) dict_keys(['example_branch_operator']) retrieved from /home/airflow/.local/lib/python3.7/site-packages/airflow/example_dags/example_branch_operator.py
[2022-06-24 16:19:32,870] {logging_mixin.py:109} INFO - [2022-06-24 16:19:32,870] {dag.py:2398} INFO - Sync 1 DAGs
[2022-06-24 16:19:32,884] {logging_mixin.py:109} INFO - [2022-06-24 16:19:32,883] {dag.py:2937} INFO - Setting next_dagrun for example_branch_operator to 2022-06-23 00:00:00+00:00
[2022-06-24 16:19:32,891] {processor.py:171} INFO - Processing /home/airflow/.local/lib/python3.7/site-packages/airflow/example_dags/example_branch_operator.py took 0.052 seconds
[2022-06-24 16:20:03,341] {processor.py:163} INFO - Started process (PID=539) to work on /home/airflow/.local/lib/python3.7/site-packages/airflow/example_dags/example_branch_operator.py
[2022-06-24 16:20:03,342] {processor.py:642} INFO - Processing file /home/airflow/.local/lib/python3.7/site-packages/airflow/example_dags/example_branch_operator.py for tasks to queue
[2022-06-24 16:20:03,342] {logging_mixin.py:109} INFO - [2022-06-24 16:20:03,342] {dagbag.py:500} INFO - Filling up the DagBag from /home/airflow/.local/lib/python3.7/site-packages/airflow/example_dags/example_branch_operator.py
[2022-06-24 16:20:03,353] {processor.py:652} INFO - DAG(s) dict_keys(['example_branch_operator']) retrieved from /home/airflow/.local/lib/python3.7/site-packages/airflow/example_dags/example_branch_operator.py
[2022-06-24 16:20:03,365] {logging_mixin.py:109} INFO - [2022-06-24 16:20:03,365] {dag.py:2398} INFO - Sync 1 DAGs
[2022-06-24 16:20:03,376] {logging_mixin.py:109} INFO - [2022-06-24 16:20:03,376] {dag.py:2937} INFO - Setting next_dagrun for example_branch_operator to 2022-06-23 00:00:00+00:00
[2022-06-24 16:20:03,381] {processor.py:171} INFO - Processing /home/airflow/.local/lib/python3.7/site-packages/airflow/example_dags/example_branch_operator.py took 0.042 seconds
[2022-06-24 16:20:33,851] {processor.py:163} INFO - Started process (PID=599) to work on /home/airflow/.local/lib/python3.7/site-packages/airflow/example_dags/example_branch_operator.py
[2022-06-24 16:20:33,852] {processor.py:642} INFO - Processing file /home/airflow/.local/lib/python3.7/site-packages/airflow/example_dags/example_branch_operator.py for tasks to queue
[2022-06-24 16:20:33,852] {logging_mixin.py:109} INFO - [2022-06-24 16:20:33,852] {dagbag.py:500} INFO - Filling up the DagBag from /home/airflow/.local/lib/python3.7/site-packages/airflow/example_dags/example_branch_operator.py
[2022-06-24 16:20:33,862] {processor.py:652} INFO - DAG(s) dict_keys(['example_branch_operator']) retrieved from /home/airflow/.local/lib/python3.7/site-packages/airflow/example_dags/example_branch_operator.py
[2022-06-24 16:20:33,877] {logging_mixin.py:109} INFO - [2022-06-24 16:20:33,877] {dag.py:2398} INFO - Sync 1 DAGs
[2022-06-24 16:20:33,891] {logging_mixin.py:109} INFO - [2022-06-24 16:20:33,890] {dag.py:2937} INFO - Setting next_dagrun for example_branch_operator to 2022-06-23 00:00:00+00:00
[2022-06-24 16:20:33,897] {processor.py:171} INFO - Processing /home/airflow/.local/lib/python3.7/site-packages/airflow/example_dags/example_branch_operator.py took 0.048 seconds
[2022-06-24 16:21:04,363] {processor.py:163} INFO - Started process (PID=658) to work on /home/airflow/.local/lib/python3.7/site-packages/airflow/example_dags/example_branch_operator.py
[2022-06-24 16:21:04,364] {processor.py:642} INFO - Processing file /home/airflow/.local/lib/python3.7/site-packages/airflow/example_dags/example_branch_operator.py for tasks to queue
[2022-06-24 16:21:04,364] {logging_mixin.py:109} INFO - [2022-06-24 16:21:04,364] {dagbag.py:500} INFO - Filling up the DagBag from /home/airflow/.local/lib/python3.7/site-packages/airflow/example_dags/example_branch_operator.py
[2022-06-24 16:21:04,376] {processor.py:652} INFO - DAG(s) dict_keys(['example_branch_operator']) retrieved from /home/airflow/.local/lib/python3.7/site-packages/airflow/example_dags/example_branch_operator.py
[2022-06-24 16:21:04,388] {logging_mixin.py:109} INFO - [2022-06-24 16:21:04,388] {dag.py:2398} INFO - Sync 1 DAGs
[2022-06-24 16:21:04,399] {logging_mixin.py:109} INFO - [2022-06-24 16:21:04,399] {dag.py:2937} INFO - Setting next_dagrun for example_branch_operator to 2022-06-23 00:00:00+00:00
[2022-06-24 16:21:04,404] {processor.py:171} INFO - Processing /home/airflow/.local/lib/python3.7/site-packages/airflow/example_dags/example_branch_operator.py took 0.043 seconds
[2022-06-24 16:21:34,973] {processor.py:163} INFO - Started process (PID=708) to work on /home/airflow/.local/lib/python3.7/site-packages/airflow/example_dags/example_branch_operator.py
[2022-06-24 16:21:34,980] {processor.py:642} INFO - Processing file /home/airflow/.local/lib/python3.7/site-packages/airflow/example_dags/example_branch_operator.py for tasks to queue
[2022-06-24 16:21:34,980] {logging_mixin.py:109} INFO - [2022-06-24 16:21:34,980] {dagbag.py:500} INFO - Filling up the DagBag from /home/airflow/.local/lib/python3.7/site-packages/airflow/example_dags/example_branch_operator.py
[2022-06-24 16:21:34,990] {processor.py:652} INFO - DAG(s) dict_keys(['example_branch_operator']) retrieved from /home/airflow/.local/lib/python3.7/site-packages/airflow/example_dags/example_branch_operator.py
[2022-06-24 16:21:35,002] {logging_mixin.py:109} INFO - [2022-06-24 16:21:35,002] {dag.py:2398} INFO - Sync 1 DAGs
[2022-06-24 16:21:35,012] {logging_mixin.py:109} INFO - [2022-06-24 16:21:35,012] {dag.py:2937} INFO - Setting next_dagrun for example_branch_operator to 2022-06-23 00:00:00+00:00
[2022-06-24 16:21:35,017] {processor.py:171} INFO - Processing /home/airflow/.local/lib/python3.7/site-packages/airflow/example_dags/example_branch_operator.py took 0.046 seconds
[2022-06-24 16:22:05,467] {processor.py:163} INFO - Started process (PID=768) to work on /home/airflow/.local/lib/python3.7/site-packages/airflow/example_dags/example_branch_operator.py
[2022-06-24 16:22:05,467] {processor.py:642} INFO - Processing file /home/airflow/.local/lib/python3.7/site-packages/airflow/example_dags/example_branch_operator.py for tasks to queue
[2022-06-24 16:22:05,468] {logging_mixin.py:109} INFO - [2022-06-24 16:22:05,468] {dagbag.py:500} INFO - Filling up the DagBag from /home/airflow/.local/lib/python3.7/site-packages/airflow/example_dags/example_branch_operator.py
[2022-06-24 16:22:05,481] {processor.py:652} INFO - DAG(s) dict_keys(['example_branch_operator']) retrieved from /home/airflow/.local/lib/python3.7/site-packages/airflow/example_dags/example_branch_operator.py
[2022-06-24 16:22:05,496] {logging_mixin.py:109} INFO - [2022-06-24 16:22:05,496] {dag.py:2398} INFO - Sync 1 DAGs
[2022-06-24 16:22:05,510] {logging_mixin.py:109} INFO - [2022-06-24 16:22:05,510] {dag.py:2937} INFO - Setting next_dagrun for example_branch_operator to 2022-06-23 00:00:00+00:00
[2022-06-24 16:22:05,517] {processor.py:171} INFO - Processing /home/airflow/.local/lib/python3.7/site-packages/airflow/example_dags/example_branch_operator.py took 0.052 seconds
[2022-06-24 16:22:36,041] {processor.py:163} INFO - Started process (PID=827) to work on /home/airflow/.local/lib/python3.7/site-packages/airflow/example_dags/example_branch_operator.py
[2022-06-24 16:22:36,042] {processor.py:642} INFO - Processing file /home/airflow/.local/lib/python3.7/site-packages/airflow/example_dags/example_branch_operator.py for tasks to queue
[2022-06-24 16:22:36,042] {logging_mixin.py:109} INFO - [2022-06-24 16:22:36,042] {dagbag.py:500} INFO - Filling up the DagBag from /home/airflow/.local/lib/python3.7/site-packages/airflow/example_dags/example_branch_operator.py
[2022-06-24 16:22:36,054] {processor.py:652} INFO - DAG(s) dict_keys(['example_branch_operator']) retrieved from /home/airflow/.local/lib/python3.7/site-packages/airflow/example_dags/example_branch_operator.py
[2022-06-24 16:22:36,070] {logging_mixin.py:109} INFO - [2022-06-24 16:22:36,070] {dag.py:2398} INFO - Sync 1 DAGs
[2022-06-24 16:22:36,084] {logging_mixin.py:109} INFO - [2022-06-24 16:22:36,084] {dag.py:2937} INFO - Setting next_dagrun for example_branch_operator to 2022-06-23 00:00:00+00:00
[2022-06-24 16:22:36,092] {processor.py:171} INFO - Processing /home/airflow/.local/lib/python3.7/site-packages/airflow/example_dags/example_branch_operator.py took 0.052 seconds
[2022-06-24 16:23:06,506] {processor.py:163} INFO - Started process (PID=877) to work on /home/airflow/.local/lib/python3.7/site-packages/airflow/example_dags/example_branch_operator.py
[2022-06-24 16:23:06,507] {processor.py:642} INFO - Processing file /home/airflow/.local/lib/python3.7/site-packages/airflow/example_dags/example_branch_operator.py for tasks to queue
[2022-06-24 16:23:06,507] {logging_mixin.py:109} INFO - [2022-06-24 16:23:06,507] {dagbag.py:500} INFO - Filling up the DagBag from /home/airflow/.local/lib/python3.7/site-packages/airflow/example_dags/example_branch_operator.py
[2022-06-24 16:23:06,518] {processor.py:652} INFO - DAG(s) dict_keys(['example_branch_operator']) retrieved from /home/airflow/.local/lib/python3.7/site-packages/airflow/example_dags/example_branch_operator.py
[2022-06-24 16:23:06,531] {logging_mixin.py:109} INFO - [2022-06-24 16:23:06,531] {dag.py:2398} INFO - Sync 1 DAGs
[2022-06-24 16:23:06,542] {logging_mixin.py:109} INFO - [2022-06-24 16:23:06,542] {dag.py:2937} INFO - Setting next_dagrun for example_branch_operator to 2022-06-23 00:00:00+00:00
[2022-06-24 16:23:06,547] {processor.py:171} INFO - Processing /home/airflow/.local/lib/python3.7/site-packages/airflow/example_dags/example_branch_operator.py took 0.042 seconds
[2022-06-24 16:23:37,127] {processor.py:163} INFO - Started process (PID=936) to work on /home/airflow/.local/lib/python3.7/site-packages/airflow/example_dags/example_branch_operator.py
[2022-06-24 16:23:37,128] {processor.py:642} INFO - Processing file /home/airflow/.local/lib/python3.7/site-packages/airflow/example_dags/example_branch_operator.py for tasks to queue
[2022-06-24 16:23:37,129] {logging_mixin.py:109} INFO - [2022-06-24 16:23:37,128] {dagbag.py:500} INFO - Filling up the DagBag from /home/airflow/.local/lib/python3.7/site-packages/airflow/example_dags/example_branch_operator.py
[2022-06-24 16:23:37,139] {processor.py:652} INFO - DAG(s) dict_keys(['example_branch_operator']) retrieved from /home/airflow/.local/lib/python3.7/site-packages/airflow/example_dags/example_branch_operator.py
[2022-06-24 16:23:37,151] {logging_mixin.py:109} INFO - [2022-06-24 16:23:37,151] {dag.py:2398} INFO - Sync 1 DAGs
[2022-06-24 16:23:37,162] {logging_mixin.py:109} INFO - [2022-06-24 16:23:37,162] {dag.py:2937} INFO - Setting next_dagrun for example_branch_operator to 2022-06-23 00:00:00+00:00
[2022-06-24 16:23:37,168] {processor.py:171} INFO - Processing /home/airflow/.local/lib/python3.7/site-packages/airflow/example_dags/example_branch_operator.py took 0.042 seconds
[2022-06-24 16:24:07,566] {processor.py:163} INFO - Started process (PID=995) to work on /home/airflow/.local/lib/python3.7/site-packages/airflow/example_dags/example_branch_operator.py
[2022-06-24 16:24:07,567] {processor.py:642} INFO - Processing file /home/airflow/.local/lib/python3.7/site-packages/airflow/example_dags/example_branch_operator.py for tasks to queue
[2022-06-24 16:24:07,568] {logging_mixin.py:109} INFO - [2022-06-24 16:24:07,567] {dagbag.py:500} INFO - Filling up the DagBag from /home/airflow/.local/lib/python3.7/site-packages/airflow/example_dags/example_branch_operator.py
[2022-06-24 16:24:07,580] {processor.py:652} INFO - DAG(s) dict_keys(['example_branch_operator']) retrieved from /home/airflow/.local/lib/python3.7/site-packages/airflow/example_dags/example_branch_operator.py
[2022-06-24 16:24:07,596] {logging_mixin.py:109} INFO - [2022-06-24 16:24:07,596] {dag.py:2398} INFO - Sync 1 DAGs
[2022-06-24 16:24:07,612] {logging_mixin.py:109} INFO - [2022-06-24 16:24:07,612] {dag.py:2937} INFO - Setting next_dagrun for example_branch_operator to 2022-06-23 00:00:00+00:00
[2022-06-24 16:24:07,618] {processor.py:171} INFO - Processing /home/airflow/.local/lib/python3.7/site-packages/airflow/example_dags/example_branch_operator.py took 0.054 seconds
[2022-06-24 16:24:38,024] {processor.py:163} INFO - Started process (PID=1045) to work on /home/airflow/.local/lib/python3.7/site-packages/airflow/example_dags/example_branch_operator.py
[2022-06-24 16:24:38,025] {processor.py:642} INFO - Processing file /home/airflow/.local/lib/python3.7/site-packages/airflow/example_dags/example_branch_operator.py for tasks to queue
[2022-06-24 16:24:38,026] {logging_mixin.py:109} INFO - [2022-06-24 16:24:38,026] {dagbag.py:500} INFO - Filling up the DagBag from /home/airflow/.local/lib/python3.7/site-packages/airflow/example_dags/example_branch_operator.py
[2022-06-24 16:24:38,036] {processor.py:652} INFO - DAG(s) dict_keys(['example_branch_operator']) retrieved from /home/airflow/.local/lib/python3.7/site-packages/airflow/example_dags/example_branch_operator.py
[2022-06-24 16:24:38,052] {logging_mixin.py:109} INFO - [2022-06-24 16:24:38,052] {dag.py:2398} INFO - Sync 1 DAGs
[2022-06-24 16:24:38,065] {logging_mixin.py:109} INFO - [2022-06-24 16:24:38,065] {dag.py:2937} INFO - Setting next_dagrun for example_branch_operator to 2022-06-23 00:00:00+00:00
[2022-06-24 16:24:38,071] {processor.py:171} INFO - Processing /home/airflow/.local/lib/python3.7/site-packages/airflow/example_dags/example_branch_operator.py took 0.049 seconds
[2022-06-24 16:25:08,592] {processor.py:163} INFO - Started process (PID=1104) to work on /home/airflow/.local/lib/python3.7/site-packages/airflow/example_dags/example_branch_operator.py
[2022-06-24 16:25:08,592] {processor.py:642} INFO - Processing file /home/airflow/.local/lib/python3.7/site-packages/airflow/example_dags/example_branch_operator.py for tasks to queue
[2022-06-24 16:25:08,593] {logging_mixin.py:109} INFO - [2022-06-24 16:25:08,593] {dagbag.py:500} INFO - Filling up the DagBag from /home/airflow/.local/lib/python3.7/site-packages/airflow/example_dags/example_branch_operator.py
[2022-06-24 16:25:08,603] {processor.py:652} INFO - DAG(s) dict_keys(['example_branch_operator']) retrieved from /home/airflow/.local/lib/python3.7/site-packages/airflow/example_dags/example_branch_operator.py
[2022-06-24 16:25:08,617] {logging_mixin.py:109} INFO - [2022-06-24 16:25:08,617] {dag.py:2398} INFO - Sync 1 DAGs
[2022-06-24 16:25:08,629] {logging_mixin.py:109} INFO - [2022-06-24 16:25:08,629] {dag.py:2937} INFO - Setting next_dagrun for example_branch_operator to 2022-06-23 00:00:00+00:00
[2022-06-24 16:25:08,635] {processor.py:171} INFO - Processing /home/airflow/.local/lib/python3.7/site-packages/airflow/example_dags/example_branch_operator.py took 0.045 seconds
[2022-06-24 16:25:39,016] {processor.py:163} INFO - Started process (PID=1164) to work on /home/airflow/.local/lib/python3.7/site-packages/airflow/example_dags/example_branch_operator.py
[2022-06-24 16:25:39,017] {processor.py:642} INFO - Processing file /home/airflow/.local/lib/python3.7/site-packages/airflow/example_dags/example_branch_operator.py for tasks to queue
[2022-06-24 16:25:39,017] {logging_mixin.py:109} INFO - [2022-06-24 16:25:39,017] {dagbag.py:500} INFO - Filling up the DagBag from /home/airflow/.local/lib/python3.7/site-packages/airflow/example_dags/example_branch_operator.py
[2022-06-24 16:25:39,032] {processor.py:652} INFO - DAG(s) dict_keys(['example_branch_operator']) retrieved from /home/airflow/.local/lib/python3.7/site-packages/airflow/example_dags/example_branch_operator.py
[2022-06-24 16:25:39,047] {logging_mixin.py:109} INFO - [2022-06-24 16:25:39,047] {dag.py:2398} INFO - Sync 1 DAGs
[2022-06-24 16:25:39,059] {logging_mixin.py:109} INFO - [2022-06-24 16:25:39,059] {dag.py:2937} INFO - Setting next_dagrun for example_branch_operator to 2022-06-23 00:00:00+00:00
[2022-06-24 16:25:39,067] {processor.py:171} INFO - Processing /home/airflow/.local/lib/python3.7/site-packages/airflow/example_dags/example_branch_operator.py took 0.052 seconds
[2022-06-24 16:26:09,567] {processor.py:163} INFO - Started process (PID=1215) to work on /home/airflow/.local/lib/python3.7/site-packages/airflow/example_dags/example_branch_operator.py
[2022-06-24 16:26:09,568] {processor.py:642} INFO - Processing file /home/airflow/.local/lib/python3.7/site-packages/airflow/example_dags/example_branch_operator.py for tasks to queue
[2022-06-24 16:26:09,568] {logging_mixin.py:109} INFO - [2022-06-24 16:26:09,568] {dagbag.py:500} INFO - Filling up the DagBag from /home/airflow/.local/lib/python3.7/site-packages/airflow/example_dags/example_branch_operator.py
[2022-06-24 16:26:09,583] {processor.py:652} INFO - DAG(s) dict_keys(['example_branch_operator']) retrieved from /home/airflow/.local/lib/python3.7/site-packages/airflow/example_dags/example_branch_operator.py
[2022-06-24 16:26:09,604] {logging_mixin.py:109} INFO - [2022-06-24 16:26:09,604] {dag.py:2398} INFO - Sync 1 DAGs
[2022-06-24 16:26:09,617] {logging_mixin.py:109} INFO - [2022-06-24 16:26:09,617] {dag.py:2937} INFO - Setting next_dagrun for example_branch_operator to 2022-06-23 00:00:00+00:00
[2022-06-24 16:26:09,622] {processor.py:171} INFO - Processing /home/airflow/.local/lib/python3.7/site-packages/airflow/example_dags/example_branch_operator.py took 0.056 seconds
[2022-06-24 16:26:40,147] {processor.py:163} INFO - Started process (PID=1276) to work on /home/airflow/.local/lib/python3.7/site-packages/airflow/example_dags/example_branch_operator.py
[2022-06-24 16:26:40,147] {processor.py:642} INFO - Processing file /home/airflow/.local/lib/python3.7/site-packages/airflow/example_dags/example_branch_operator.py for tasks to queue
[2022-06-24 16:26:40,148] {logging_mixin.py:109} INFO - [2022-06-24 16:26:40,148] {dagbag.py:500} INFO - Filling up the DagBag from /home/airflow/.local/lib/python3.7/site-packages/airflow/example_dags/example_branch_operator.py
[2022-06-24 16:26:40,158] {processor.py:652} INFO - DAG(s) dict_keys(['example_branch_operator']) retrieved from /home/airflow/.local/lib/python3.7/site-packages/airflow/example_dags/example_branch_operator.py
[2022-06-24 16:26:40,171] {logging_mixin.py:109} INFO - [2022-06-24 16:26:40,171] {dag.py:2398} INFO - Sync 1 DAGs
[2022-06-24 16:26:40,181] {logging_mixin.py:109} INFO - [2022-06-24 16:26:40,181] {dag.py:2937} INFO - Setting next_dagrun for example_branch_operator to 2022-06-23 00:00:00+00:00
[2022-06-24 16:26:40,186] {processor.py:171} INFO - Processing /home/airflow/.local/lib/python3.7/site-packages/airflow/example_dags/example_branch_operator.py took 0.041 seconds
[2022-06-24 16:27:10,656] {processor.py:163} INFO - Started process (PID=1337) to work on /home/airflow/.local/lib/python3.7/site-packages/airflow/example_dags/example_branch_operator.py
[2022-06-24 16:27:10,657] {processor.py:642} INFO - Processing file /home/airflow/.local/lib/python3.7/site-packages/airflow/example_dags/example_branch_operator.py for tasks to queue
[2022-06-24 16:27:10,657] {logging_mixin.py:109} INFO - [2022-06-24 16:27:10,657] {dagbag.py:500} INFO - Filling up the DagBag from /home/airflow/.local/lib/python3.7/site-packages/airflow/example_dags/example_branch_operator.py
[2022-06-24 16:27:10,668] {processor.py:652} INFO - DAG(s) dict_keys(['example_branch_operator']) retrieved from /home/airflow/.local/lib/python3.7/site-packages/airflow/example_dags/example_branch_operator.py
[2022-06-24 16:27:10,681] {logging_mixin.py:109} INFO - [2022-06-24 16:27:10,681] {dag.py:2398} INFO - Sync 1 DAGs
[2022-06-24 16:27:10,697] {logging_mixin.py:109} INFO - [2022-06-24 16:27:10,696] {dag.py:2937} INFO - Setting next_dagrun for example_branch_operator to 2022-06-23 00:00:00+00:00
[2022-06-24 16:27:10,702] {processor.py:171} INFO - Processing /home/airflow/.local/lib/python3.7/site-packages/airflow/example_dags/example_branch_operator.py took 0.048 seconds
[2022-06-24 16:27:41,304] {processor.py:163} INFO - Started process (PID=1387) to work on /home/airflow/.local/lib/python3.7/site-packages/airflow/example_dags/example_branch_operator.py
[2022-06-24 16:27:41,304] {processor.py:642} INFO - Processing file /home/airflow/.local/lib/python3.7/site-packages/airflow/example_dags/example_branch_operator.py for tasks to queue
[2022-06-24 16:27:41,305] {logging_mixin.py:109} INFO - [2022-06-24 16:27:41,305] {dagbag.py:500} INFO - Filling up the DagBag from /home/airflow/.local/lib/python3.7/site-packages/airflow/example_dags/example_branch_operator.py
[2022-06-24 16:27:41,315] {processor.py:652} INFO - DAG(s) dict_keys(['example_branch_operator']) retrieved from /home/airflow/.local/lib/python3.7/site-packages/airflow/example_dags/example_branch_operator.py
[2022-06-24 16:27:41,328] {logging_mixin.py:109} INFO - [2022-06-24 16:27:41,328] {dag.py:2398} INFO - Sync 1 DAGs
[2022-06-24 16:27:41,339] {logging_mixin.py:109} INFO - [2022-06-24 16:27:41,339] {dag.py:2937} INFO - Setting next_dagrun for example_branch_operator to 2022-06-23 00:00:00+00:00
[2022-06-24 16:27:41,345] {processor.py:171} INFO - Processing /home/airflow/.local/lib/python3.7/site-packages/airflow/example_dags/example_branch_operator.py took 0.044 seconds
[2022-06-24 16:28:11,792] {processor.py:163} INFO - Started process (PID=1446) to work on /home/airflow/.local/lib/python3.7/site-packages/airflow/example_dags/example_branch_operator.py
[2022-06-24 16:28:11,793] {processor.py:642} INFO - Processing file /home/airflow/.local/lib/python3.7/site-packages/airflow/example_dags/example_branch_operator.py for tasks to queue
[2022-06-24 16:28:11,793] {logging_mixin.py:109} INFO - [2022-06-24 16:28:11,793] {dagbag.py:500} INFO - Filling up the DagBag from /home/airflow/.local/lib/python3.7/site-packages/airflow/example_dags/example_branch_operator.py
[2022-06-24 16:28:11,804] {processor.py:652} INFO - DAG(s) dict_keys(['example_branch_operator']) retrieved from /home/airflow/.local/lib/python3.7/site-packages/airflow/example_dags/example_branch_operator.py
[2022-06-24 16:28:11,816] {logging_mixin.py:109} INFO - [2022-06-24 16:28:11,816] {dag.py:2398} INFO - Sync 1 DAGs
[2022-06-24 16:28:11,827] {logging_mixin.py:109} INFO - [2022-06-24 16:28:11,827] {dag.py:2937} INFO - Setting next_dagrun for example_branch_operator to 2022-06-23 00:00:00+00:00
[2022-06-24 16:28:11,833] {processor.py:171} INFO - Processing /home/airflow/.local/lib/python3.7/site-packages/airflow/example_dags/example_branch_operator.py took 0.042 seconds
[2022-06-24 16:28:42,317] {processor.py:163} INFO - Started process (PID=1506) to work on /home/airflow/.local/lib/python3.7/site-packages/airflow/example_dags/example_branch_operator.py
[2022-06-24 16:28:42,318] {processor.py:642} INFO - Processing file /home/airflow/.local/lib/python3.7/site-packages/airflow/example_dags/example_branch_operator.py for tasks to queue
[2022-06-24 16:28:42,318] {logging_mixin.py:109} INFO - [2022-06-24 16:28:42,318] {dagbag.py:500} INFO - Filling up the DagBag from /home/airflow/.local/lib/python3.7/site-packages/airflow/example_dags/example_branch_operator.py
[2022-06-24 16:28:42,329] {processor.py:652} INFO - DAG(s) dict_keys(['example_branch_operator']) retrieved from /home/airflow/.local/lib/python3.7/site-packages/airflow/example_dags/example_branch_operator.py
[2022-06-24 16:28:42,344] {logging_mixin.py:109} INFO - [2022-06-24 16:28:42,344] {dag.py:2398} INFO - Sync 1 DAGs
[2022-06-24 16:28:42,359] {logging_mixin.py:109} INFO - [2022-06-24 16:28:42,359] {dag.py:2937} INFO - Setting next_dagrun for example_branch_operator to 2022-06-23 00:00:00+00:00
[2022-06-24 16:28:42,366] {processor.py:171} INFO - Processing /home/airflow/.local/lib/python3.7/site-packages/airflow/example_dags/example_branch_operator.py took 0.050 seconds
[2022-06-24 16:29:12,692] {processor.py:163} INFO - Started process (PID=1557) to work on /home/airflow/.local/lib/python3.7/site-packages/airflow/example_dags/example_branch_operator.py
[2022-06-24 16:29:12,692] {processor.py:642} INFO - Processing file /home/airflow/.local/lib/python3.7/site-packages/airflow/example_dags/example_branch_operator.py for tasks to queue
[2022-06-24 16:29:12,693] {logging_mixin.py:109} INFO - [2022-06-24 16:29:12,693] {dagbag.py:500} INFO - Filling up the DagBag from /home/airflow/.local/lib/python3.7/site-packages/airflow/example_dags/example_branch_operator.py
[2022-06-24 16:29:12,703] {processor.py:652} INFO - DAG(s) dict_keys(['example_branch_operator']) retrieved from /home/airflow/.local/lib/python3.7/site-packages/airflow/example_dags/example_branch_operator.py
[2022-06-24 16:29:12,716] {logging_mixin.py:109} INFO - [2022-06-24 16:29:12,715] {dag.py:2398} INFO - Sync 1 DAGs
[2022-06-24 16:29:12,726] {logging_mixin.py:109} INFO - [2022-06-24 16:29:12,726] {dag.py:2937} INFO - Setting next_dagrun for example_branch_operator to 2022-06-23 00:00:00+00:00
[2022-06-24 16:29:12,731] {processor.py:171} INFO - Processing /home/airflow/.local/lib/python3.7/site-packages/airflow/example_dags/example_branch_operator.py took 0.041 seconds
[2022-06-24 16:29:43,249] {processor.py:163} INFO - Started process (PID=1617) to work on /home/airflow/.local/lib/python3.7/site-packages/airflow/example_dags/example_branch_operator.py
[2022-06-24 16:29:43,250] {processor.py:642} INFO - Processing file /home/airflow/.local/lib/python3.7/site-packages/airflow/example_dags/example_branch_operator.py for tasks to queue
[2022-06-24 16:29:43,250] {logging_mixin.py:109} INFO - [2022-06-24 16:29:43,250] {dagbag.py:500} INFO - Filling up the DagBag from /home/airflow/.local/lib/python3.7/site-packages/airflow/example_dags/example_branch_operator.py
[2022-06-24 16:29:43,260] {processor.py:652} INFO - DAG(s) dict_keys(['example_branch_operator']) retrieved from /home/airflow/.local/lib/python3.7/site-packages/airflow/example_dags/example_branch_operator.py
[2022-06-24 16:29:43,274] {logging_mixin.py:109} INFO - [2022-06-24 16:29:43,274] {dag.py:2398} INFO - Sync 1 DAGs
[2022-06-24 16:29:43,285] {logging_mixin.py:109} INFO - [2022-06-24 16:29:43,285] {dag.py:2937} INFO - Setting next_dagrun for example_branch_operator to 2022-06-23 00:00:00+00:00
[2022-06-24 16:29:43,291] {processor.py:171} INFO - Processing /home/airflow/.local/lib/python3.7/site-packages/airflow/example_dags/example_branch_operator.py took 0.043 seconds
[2022-06-24 16:30:14,180] {processor.py:163} INFO - Started process (PID=1684) to work on /home/airflow/.local/lib/python3.7/site-packages/airflow/example_dags/example_branch_operator.py
[2022-06-24 16:30:14,181] {processor.py:642} INFO - Processing file /home/airflow/.local/lib/python3.7/site-packages/airflow/example_dags/example_branch_operator.py for tasks to queue
[2022-06-24 16:30:14,181] {logging_mixin.py:109} INFO - [2022-06-24 16:30:14,181] {dagbag.py:500} INFO - Filling up the DagBag from /home/airflow/.local/lib/python3.7/site-packages/airflow/example_dags/example_branch_operator.py
[2022-06-24 16:30:14,193] {processor.py:652} INFO - DAG(s) dict_keys(['example_branch_operator']) retrieved from /home/airflow/.local/lib/python3.7/site-packages/airflow/example_dags/example_branch_operator.py
[2022-06-24 16:30:14,205] {logging_mixin.py:109} INFO - [2022-06-24 16:30:14,205] {dag.py:2398} INFO - Sync 1 DAGs
[2022-06-24 16:30:14,217] {logging_mixin.py:109} INFO - [2022-06-24 16:30:14,217] {dag.py:2937} INFO - Setting next_dagrun for example_branch_operator to 2022-06-23 00:00:00+00:00
[2022-06-24 16:30:14,226] {processor.py:171} INFO - Processing /home/airflow/.local/lib/python3.7/site-packages/airflow/example_dags/example_branch_operator.py took 0.047 seconds
[2022-06-24 16:30:44,783] {processor.py:163} INFO - Started process (PID=1735) to work on /home/airflow/.local/lib/python3.7/site-packages/airflow/example_dags/example_branch_operator.py
[2022-06-24 16:30:44,783] {processor.py:642} INFO - Processing file /home/airflow/.local/lib/python3.7/site-packages/airflow/example_dags/example_branch_operator.py for tasks to queue
[2022-06-24 16:30:44,784] {logging_mixin.py:109} INFO - [2022-06-24 16:30:44,784] {dagbag.py:500} INFO - Filling up the DagBag from /home/airflow/.local/lib/python3.7/site-packages/airflow/example_dags/example_branch_operator.py
[2022-06-24 16:30:44,795] {processor.py:652} INFO - DAG(s) dict_keys(['example_branch_operator']) retrieved from /home/airflow/.local/lib/python3.7/site-packages/airflow/example_dags/example_branch_operator.py
[2022-06-24 16:30:44,810] {logging_mixin.py:109} INFO - [2022-06-24 16:30:44,809] {dag.py:2398} INFO - Sync 1 DAGs
[2022-06-24 16:30:44,824] {logging_mixin.py:109} INFO - [2022-06-24 16:30:44,824] {dag.py:2937} INFO - Setting next_dagrun for example_branch_operator to 2022-06-23 00:00:00+00:00
[2022-06-24 16:30:44,830] {processor.py:171} INFO - Processing /home/airflow/.local/lib/python3.7/site-packages/airflow/example_dags/example_branch_operator.py took 0.049 seconds
[2022-06-24 16:31:15,431] {processor.py:163} INFO - Started process (PID=1793) to work on /home/airflow/.local/lib/python3.7/site-packages/airflow/example_dags/example_branch_operator.py
[2022-06-24 16:31:15,432] {processor.py:642} INFO - Processing file /home/airflow/.local/lib/python3.7/site-packages/airflow/example_dags/example_branch_operator.py for tasks to queue
[2022-06-24 16:31:15,433] {logging_mixin.py:109} INFO - [2022-06-24 16:31:15,433] {dagbag.py:500} INFO - Filling up the DagBag from /home/airflow/.local/lib/python3.7/site-packages/airflow/example_dags/example_branch_operator.py
[2022-06-24 16:31:15,445] {processor.py:652} INFO - DAG(s) dict_keys(['example_branch_operator']) retrieved from /home/airflow/.local/lib/python3.7/site-packages/airflow/example_dags/example_branch_operator.py
[2022-06-24 16:31:15,458] {logging_mixin.py:109} INFO - [2022-06-24 16:31:15,458] {dag.py:2398} INFO - Sync 1 DAGs
[2022-06-24 16:31:15,471] {logging_mixin.py:109} INFO - [2022-06-24 16:31:15,470] {dag.py:2937} INFO - Setting next_dagrun for example_branch_operator to 2022-06-23 00:00:00+00:00
[2022-06-24 16:31:15,477] {processor.py:171} INFO - Processing /home/airflow/.local/lib/python3.7/site-packages/airflow/example_dags/example_branch_operator.py took 0.048 seconds
[2022-06-24 16:31:46,058] {processor.py:163} INFO - Started process (PID=1852) to work on /home/airflow/.local/lib/python3.7/site-packages/airflow/example_dags/example_branch_operator.py
[2022-06-24 16:31:46,058] {processor.py:642} INFO - Processing file /home/airflow/.local/lib/python3.7/site-packages/airflow/example_dags/example_branch_operator.py for tasks to queue
[2022-06-24 16:31:46,059] {logging_mixin.py:109} INFO - [2022-06-24 16:31:46,059] {dagbag.py:500} INFO - Filling up the DagBag from /home/airflow/.local/lib/python3.7/site-packages/airflow/example_dags/example_branch_operator.py
[2022-06-24 16:31:46,070] {processor.py:652} INFO - DAG(s) dict_keys(['example_branch_operator']) retrieved from /home/airflow/.local/lib/python3.7/site-packages/airflow/example_dags/example_branch_operator.py
[2022-06-24 16:31:46,082] {logging_mixin.py:109} INFO - [2022-06-24 16:31:46,082] {dag.py:2398} INFO - Sync 1 DAGs
[2022-06-24 16:31:46,094] {logging_mixin.py:109} INFO - [2022-06-24 16:31:46,093] {dag.py:2937} INFO - Setting next_dagrun for example_branch_operator to 2022-06-23 00:00:00+00:00
[2022-06-24 16:31:46,099] {processor.py:171} INFO - Processing /home/airflow/.local/lib/python3.7/site-packages/airflow/example_dags/example_branch_operator.py took 0.043 seconds
[2022-06-24 16:32:16,674] {processor.py:163} INFO - Started process (PID=1902) to work on /home/airflow/.local/lib/python3.7/site-packages/airflow/example_dags/example_branch_operator.py
[2022-06-24 16:32:16,675] {processor.py:642} INFO - Processing file /home/airflow/.local/lib/python3.7/site-packages/airflow/example_dags/example_branch_operator.py for tasks to queue
[2022-06-24 16:32:16,676] {logging_mixin.py:109} INFO - [2022-06-24 16:32:16,675] {dagbag.py:500} INFO - Filling up the DagBag from /home/airflow/.local/lib/python3.7/site-packages/airflow/example_dags/example_branch_operator.py
[2022-06-24 16:32:16,686] {processor.py:652} INFO - DAG(s) dict_keys(['example_branch_operator']) retrieved from /home/airflow/.local/lib/python3.7/site-packages/airflow/example_dags/example_branch_operator.py
[2022-06-24 16:32:16,699] {logging_mixin.py:109} INFO - [2022-06-24 16:32:16,699] {dag.py:2398} INFO - Sync 1 DAGs
[2022-06-24 16:32:16,709] {logging_mixin.py:109} INFO - [2022-06-24 16:32:16,709] {dag.py:2937} INFO - Setting next_dagrun for example_branch_operator to 2022-06-23 00:00:00+00:00
[2022-06-24 16:32:16,715] {processor.py:171} INFO - Processing /home/airflow/.local/lib/python3.7/site-packages/airflow/example_dags/example_branch_operator.py took 0.043 seconds
[2022-06-24 16:32:47,413] {processor.py:163} INFO - Started process (PID=1962) to work on /home/airflow/.local/lib/python3.7/site-packages/airflow/example_dags/example_branch_operator.py
[2022-06-24 16:32:47,413] {processor.py:642} INFO - Processing file /home/airflow/.local/lib/python3.7/site-packages/airflow/example_dags/example_branch_operator.py for tasks to queue
[2022-06-24 16:32:47,414] {logging_mixin.py:109} INFO - [2022-06-24 16:32:47,414] {dagbag.py:500} INFO - Filling up the DagBag from /home/airflow/.local/lib/python3.7/site-packages/airflow/example_dags/example_branch_operator.py
[2022-06-24 16:32:47,425] {processor.py:652} INFO - DAG(s) dict_keys(['example_branch_operator']) retrieved from /home/airflow/.local/lib/python3.7/site-packages/airflow/example_dags/example_branch_operator.py
[2022-06-24 16:32:47,439] {logging_mixin.py:109} INFO - [2022-06-24 16:32:47,439] {dag.py:2398} INFO - Sync 1 DAGs
[2022-06-24 16:32:47,450] {logging_mixin.py:109} INFO - [2022-06-24 16:32:47,450] {dag.py:2937} INFO - Setting next_dagrun for example_branch_operator to 2022-06-23 00:00:00+00:00
[2022-06-24 16:32:47,457] {processor.py:171} INFO - Processing /home/airflow/.local/lib/python3.7/site-packages/airflow/example_dags/example_branch_operator.py took 0.046 seconds
[2022-06-24 16:33:17,932] {processor.py:163} INFO - Started process (PID=2023) to work on /home/airflow/.local/lib/python3.7/site-packages/airflow/example_dags/example_branch_operator.py
[2022-06-24 16:33:17,933] {processor.py:642} INFO - Processing file /home/airflow/.local/lib/python3.7/site-packages/airflow/example_dags/example_branch_operator.py for tasks to queue
[2022-06-24 16:33:17,933] {logging_mixin.py:109} INFO - [2022-06-24 16:33:17,933] {dagbag.py:500} INFO - Filling up the DagBag from /home/airflow/.local/lib/python3.7/site-packages/airflow/example_dags/example_branch_operator.py
[2022-06-24 16:33:17,948] {processor.py:652} INFO - DAG(s) dict_keys(['example_branch_operator']) retrieved from /home/airflow/.local/lib/python3.7/site-packages/airflow/example_dags/example_branch_operator.py
[2022-06-24 16:33:17,965] {logging_mixin.py:109} INFO - [2022-06-24 16:33:17,965] {dag.py:2398} INFO - Sync 1 DAGs
[2022-06-24 16:33:17,979] {logging_mixin.py:109} INFO - [2022-06-24 16:33:17,979] {dag.py:2937} INFO - Setting next_dagrun for example_branch_operator to 2022-06-23 00:00:00+00:00
[2022-06-24 16:33:17,985] {processor.py:171} INFO - Processing /home/airflow/.local/lib/python3.7/site-packages/airflow/example_dags/example_branch_operator.py took 0.055 seconds
[2022-06-24 16:33:48,709] {processor.py:163} INFO - Started process (PID=2074) to work on /home/airflow/.local/lib/python3.7/site-packages/airflow/example_dags/example_branch_operator.py
[2022-06-24 16:33:48,709] {processor.py:642} INFO - Processing file /home/airflow/.local/lib/python3.7/site-packages/airflow/example_dags/example_branch_operator.py for tasks to queue
[2022-06-24 16:33:48,710] {logging_mixin.py:109} INFO - [2022-06-24 16:33:48,710] {dagbag.py:500} INFO - Filling up the DagBag from /home/airflow/.local/lib/python3.7/site-packages/airflow/example_dags/example_branch_operator.py
[2022-06-24 16:33:48,721] {processor.py:652} INFO - DAG(s) dict_keys(['example_branch_operator']) retrieved from /home/airflow/.local/lib/python3.7/site-packages/airflow/example_dags/example_branch_operator.py
[2022-06-24 16:33:48,735] {logging_mixin.py:109} INFO - [2022-06-24 16:33:48,735] {dag.py:2398} INFO - Sync 1 DAGs
[2022-06-24 16:33:48,748] {logging_mixin.py:109} INFO - [2022-06-24 16:33:48,748] {dag.py:2937} INFO - Setting next_dagrun for example_branch_operator to 2022-06-23 00:00:00+00:00
[2022-06-24 16:33:48,754] {processor.py:171} INFO - Processing /home/airflow/.local/lib/python3.7/site-packages/airflow/example_dags/example_branch_operator.py took 0.048 seconds
[2022-06-24 16:34:19,243] {processor.py:163} INFO - Started process (PID=2135) to work on /home/airflow/.local/lib/python3.7/site-packages/airflow/example_dags/example_branch_operator.py
[2022-06-24 16:34:19,244] {processor.py:642} INFO - Processing file /home/airflow/.local/lib/python3.7/site-packages/airflow/example_dags/example_branch_operator.py for tasks to queue
[2022-06-24 16:34:19,244] {logging_mixin.py:109} INFO - [2022-06-24 16:34:19,244] {dagbag.py:500} INFO - Filling up the DagBag from /home/airflow/.local/lib/python3.7/site-packages/airflow/example_dags/example_branch_operator.py
[2022-06-24 16:34:19,255] {processor.py:652} INFO - DAG(s) dict_keys(['example_branch_operator']) retrieved from /home/airflow/.local/lib/python3.7/site-packages/airflow/example_dags/example_branch_operator.py
[2022-06-24 16:34:19,269] {logging_mixin.py:109} INFO - [2022-06-24 16:34:19,269] {dag.py:2398} INFO - Sync 1 DAGs
[2022-06-24 16:34:19,285] {logging_mixin.py:109} INFO - [2022-06-24 16:34:19,285] {dag.py:2937} INFO - Setting next_dagrun for example_branch_operator to 2022-06-23 00:00:00+00:00
[2022-06-24 16:34:19,292] {processor.py:171} INFO - Processing /home/airflow/.local/lib/python3.7/site-packages/airflow/example_dags/example_branch_operator.py took 0.050 seconds
[2022-06-24 16:34:49,944] {processor.py:163} INFO - Started process (PID=2193) to work on /home/airflow/.local/lib/python3.7/site-packages/airflow/example_dags/example_branch_operator.py
[2022-06-24 16:34:49,945] {processor.py:642} INFO - Processing file /home/airflow/.local/lib/python3.7/site-packages/airflow/example_dags/example_branch_operator.py for tasks to queue
[2022-06-24 16:34:49,945] {logging_mixin.py:109} INFO - [2022-06-24 16:34:49,945] {dagbag.py:500} INFO - Filling up the DagBag from /home/airflow/.local/lib/python3.7/site-packages/airflow/example_dags/example_branch_operator.py
[2022-06-24 16:34:49,959] {processor.py:652} INFO - DAG(s) dict_keys(['example_branch_operator']) retrieved from /home/airflow/.local/lib/python3.7/site-packages/airflow/example_dags/example_branch_operator.py
[2022-06-24 16:34:49,979] {logging_mixin.py:109} INFO - [2022-06-24 16:34:49,979] {dag.py:2398} INFO - Sync 1 DAGs
[2022-06-24 16:34:49,995] {logging_mixin.py:109} INFO - [2022-06-24 16:34:49,995] {dag.py:2937} INFO - Setting next_dagrun for example_branch_operator to 2022-06-23 00:00:00+00:00
[2022-06-24 16:34:50,001] {processor.py:171} INFO - Processing /home/airflow/.local/lib/python3.7/site-packages/airflow/example_dags/example_branch_operator.py took 0.059 seconds
[2022-06-24 16:35:20,509] {processor.py:163} INFO - Started process (PID=2245) to work on /home/airflow/.local/lib/python3.7/site-packages/airflow/example_dags/example_branch_operator.py
[2022-06-24 16:35:20,510] {processor.py:642} INFO - Processing file /home/airflow/.local/lib/python3.7/site-packages/airflow/example_dags/example_branch_operator.py for tasks to queue
[2022-06-24 16:35:20,510] {logging_mixin.py:109} INFO - [2022-06-24 16:35:20,510] {dagbag.py:500} INFO - Filling up the DagBag from /home/airflow/.local/lib/python3.7/site-packages/airflow/example_dags/example_branch_operator.py
[2022-06-24 16:35:20,522] {processor.py:652} INFO - DAG(s) dict_keys(['example_branch_operator']) retrieved from /home/airflow/.local/lib/python3.7/site-packages/airflow/example_dags/example_branch_operator.py
[2022-06-24 16:35:20,535] {logging_mixin.py:109} INFO - [2022-06-24 16:35:20,534] {dag.py:2398} INFO - Sync 1 DAGs
[2022-06-24 16:35:20,546] {logging_mixin.py:109} INFO - [2022-06-24 16:35:20,546] {dag.py:2937} INFO - Setting next_dagrun for example_branch_operator to 2022-06-23 00:00:00+00:00
[2022-06-24 16:35:20,552] {processor.py:171} INFO - Processing /home/airflow/.local/lib/python3.7/site-packages/airflow/example_dags/example_branch_operator.py took 0.045 seconds
[2022-06-24 16:35:51,073] {processor.py:163} INFO - Started process (PID=2305) to work on /home/airflow/.local/lib/python3.7/site-packages/airflow/example_dags/example_branch_operator.py
[2022-06-24 16:35:51,073] {processor.py:642} INFO - Processing file /home/airflow/.local/lib/python3.7/site-packages/airflow/example_dags/example_branch_operator.py for tasks to queue
[2022-06-24 16:35:51,074] {logging_mixin.py:109} INFO - [2022-06-24 16:35:51,074] {dagbag.py:500} INFO - Filling up the DagBag from /home/airflow/.local/lib/python3.7/site-packages/airflow/example_dags/example_branch_operator.py
[2022-06-24 16:35:51,085] {processor.py:652} INFO - DAG(s) dict_keys(['example_branch_operator']) retrieved from /home/airflow/.local/lib/python3.7/site-packages/airflow/example_dags/example_branch_operator.py
[2022-06-24 16:35:51,099] {logging_mixin.py:109} INFO - [2022-06-24 16:35:51,099] {dag.py:2398} INFO - Sync 1 DAGs
[2022-06-24 16:35:51,112] {logging_mixin.py:109} INFO - [2022-06-24 16:35:51,112] {dag.py:2937} INFO - Setting next_dagrun for example_branch_operator to 2022-06-23 00:00:00+00:00
[2022-06-24 16:35:51,122] {processor.py:171} INFO - Processing /home/airflow/.local/lib/python3.7/site-packages/airflow/example_dags/example_branch_operator.py took 0.051 seconds
[2022-06-24 16:36:21,819] {processor.py:163} INFO - Started process (PID=2355) to work on /home/airflow/.local/lib/python3.7/site-packages/airflow/example_dags/example_branch_operator.py
[2022-06-24 16:36:21,820] {processor.py:642} INFO - Processing file /home/airflow/.local/lib/python3.7/site-packages/airflow/example_dags/example_branch_operator.py for tasks to queue
[2022-06-24 16:36:21,820] {logging_mixin.py:109} INFO - [2022-06-24 16:36:21,820] {dagbag.py:500} INFO - Filling up the DagBag from /home/airflow/.local/lib/python3.7/site-packages/airflow/example_dags/example_branch_operator.py
[2022-06-24 16:36:21,831] {processor.py:652} INFO - DAG(s) dict_keys(['example_branch_operator']) retrieved from /home/airflow/.local/lib/python3.7/site-packages/airflow/example_dags/example_branch_operator.py
[2022-06-24 16:36:21,844] {logging_mixin.py:109} INFO - [2022-06-24 16:36:21,844] {dag.py:2398} INFO - Sync 1 DAGs
[2022-06-24 16:36:21,855] {logging_mixin.py:109} INFO - [2022-06-24 16:36:21,855] {dag.py:2937} INFO - Setting next_dagrun for example_branch_operator to 2022-06-23 00:00:00+00:00
[2022-06-24 16:36:21,861] {processor.py:171} INFO - Processing /home/airflow/.local/lib/python3.7/site-packages/airflow/example_dags/example_branch_operator.py took 0.043 seconds
[2022-06-24 16:36:52,739] {processor.py:163} INFO - Started process (PID=2415) to work on /home/airflow/.local/lib/python3.7/site-packages/airflow/example_dags/example_branch_operator.py
[2022-06-24 16:36:52,740] {processor.py:642} INFO - Processing file /home/airflow/.local/lib/python3.7/site-packages/airflow/example_dags/example_branch_operator.py for tasks to queue
[2022-06-24 16:36:52,740] {logging_mixin.py:109} INFO - [2022-06-24 16:36:52,740] {dagbag.py:500} INFO - Filling up the DagBag from /home/airflow/.local/lib/python3.7/site-packages/airflow/example_dags/example_branch_operator.py
[2022-06-24 16:36:52,751] {processor.py:652} INFO - DAG(s) dict_keys(['example_branch_operator']) retrieved from /home/airflow/.local/lib/python3.7/site-packages/airflow/example_dags/example_branch_operator.py
[2022-06-24 16:36:52,766] {logging_mixin.py:109} INFO - [2022-06-24 16:36:52,765] {dag.py:2398} INFO - Sync 1 DAGs
[2022-06-24 16:36:52,780] {logging_mixin.py:109} INFO - [2022-06-24 16:36:52,779] {dag.py:2937} INFO - Setting next_dagrun for example_branch_operator to 2022-06-23 00:00:00+00:00
[2022-06-24 16:36:52,787] {processor.py:171} INFO - Processing /home/airflow/.local/lib/python3.7/site-packages/airflow/example_dags/example_branch_operator.py took 0.049 seconds
[2022-06-24 16:37:23,499] {processor.py:163} INFO - Started process (PID=2474) to work on /home/airflow/.local/lib/python3.7/site-packages/airflow/example_dags/example_branch_operator.py
[2022-06-24 16:37:23,500] {processor.py:642} INFO - Processing file /home/airflow/.local/lib/python3.7/site-packages/airflow/example_dags/example_branch_operator.py for tasks to queue
[2022-06-24 16:37:23,500] {logging_mixin.py:109} INFO - [2022-06-24 16:37:23,500] {dagbag.py:500} INFO - Filling up the DagBag from /home/airflow/.local/lib/python3.7/site-packages/airflow/example_dags/example_branch_operator.py
[2022-06-24 16:37:23,513] {processor.py:652} INFO - DAG(s) dict_keys(['example_branch_operator']) retrieved from /home/airflow/.local/lib/python3.7/site-packages/airflow/example_dags/example_branch_operator.py
[2022-06-24 16:37:23,525] {logging_mixin.py:109} INFO - [2022-06-24 16:37:23,525] {dag.py:2398} INFO - Sync 1 DAGs
[2022-06-24 16:37:23,538] {logging_mixin.py:109} INFO - [2022-06-24 16:37:23,538] {dag.py:2937} INFO - Setting next_dagrun for example_branch_operator to 2022-06-23 00:00:00+00:00
[2022-06-24 16:37:23,545] {processor.py:171} INFO - Processing /home/airflow/.local/lib/python3.7/site-packages/airflow/example_dags/example_branch_operator.py took 0.048 seconds
[2022-06-24 16:37:54,110] {processor.py:163} INFO - Started process (PID=2524) to work on /home/airflow/.local/lib/python3.7/site-packages/airflow/example_dags/example_branch_operator.py
[2022-06-24 16:37:54,110] {processor.py:642} INFO - Processing file /home/airflow/.local/lib/python3.7/site-packages/airflow/example_dags/example_branch_operator.py for tasks to queue
[2022-06-24 16:37:54,111] {logging_mixin.py:109} INFO - [2022-06-24 16:37:54,111] {dagbag.py:500} INFO - Filling up the DagBag from /home/airflow/.local/lib/python3.7/site-packages/airflow/example_dags/example_branch_operator.py
[2022-06-24 16:37:54,124] {processor.py:652} INFO - DAG(s) dict_keys(['example_branch_operator']) retrieved from /home/airflow/.local/lib/python3.7/site-packages/airflow/example_dags/example_branch_operator.py
[2022-06-24 16:37:54,143] {logging_mixin.py:109} INFO - [2022-06-24 16:37:54,143] {dag.py:2398} INFO - Sync 1 DAGs
[2022-06-24 16:37:54,161] {logging_mixin.py:109} INFO - [2022-06-24 16:37:54,161] {dag.py:2937} INFO - Setting next_dagrun for example_branch_operator to 2022-06-23 00:00:00+00:00
[2022-06-24 16:37:54,167] {processor.py:171} INFO - Processing /home/airflow/.local/lib/python3.7/site-packages/airflow/example_dags/example_branch_operator.py took 0.059 seconds
[2022-06-24 16:38:25,072] {processor.py:163} INFO - Started process (PID=2585) to work on /home/airflow/.local/lib/python3.7/site-packages/airflow/example_dags/example_branch_operator.py
[2022-06-24 16:38:25,073] {processor.py:642} INFO - Processing file /home/airflow/.local/lib/python3.7/site-packages/airflow/example_dags/example_branch_operator.py for tasks to queue
[2022-06-24 16:38:25,074] {logging_mixin.py:109} INFO - [2022-06-24 16:38:25,073] {dagbag.py:500} INFO - Filling up the DagBag from /home/airflow/.local/lib/python3.7/site-packages/airflow/example_dags/example_branch_operator.py
[2022-06-24 16:38:25,084] {processor.py:652} INFO - DAG(s) dict_keys(['example_branch_operator']) retrieved from /home/airflow/.local/lib/python3.7/site-packages/airflow/example_dags/example_branch_operator.py
[2022-06-24 16:38:25,098] {logging_mixin.py:109} INFO - [2022-06-24 16:38:25,098] {dag.py:2398} INFO - Sync 1 DAGs
[2022-06-24 16:38:25,110] {logging_mixin.py:109} INFO - [2022-06-24 16:38:25,110] {dag.py:2937} INFO - Setting next_dagrun for example_branch_operator to 2022-06-23 00:00:00+00:00
[2022-06-24 16:38:25,117] {processor.py:171} INFO - Processing /home/airflow/.local/lib/python3.7/site-packages/airflow/example_dags/example_branch_operator.py took 0.046 seconds
