[2022-06-24 16:06:50,600] {processor.py:163} INFO - Started process (PID=117) to work on /home/airflow/.local/lib/python3.7/site-packages/airflow/example_dags/example_bash_operator.py
[2022-06-24 16:06:50,601] {processor.py:642} INFO - Processing file /home/airflow/.local/lib/python3.7/site-packages/airflow/example_dags/example_bash_operator.py for tasks to queue
[2022-06-24 16:06:50,601] {logging_mixin.py:109} INFO - [2022-06-24 16:06:50,601] {dagbag.py:500} INFO - Filling up the DagBag from /home/airflow/.local/lib/python3.7/site-packages/airflow/example_dags/example_bash_operator.py
[2022-06-24 16:06:50,613] {processor.py:652} INFO - DAG(s) dict_keys(['example_bash_operator']) retrieved from /home/airflow/.local/lib/python3.7/site-packages/airflow/example_dags/example_bash_operator.py
[2022-06-24 16:06:51,798] {logging_mixin.py:109} INFO - [2022-06-24 16:06:51,798] {manager.py:496} INFO - Created Permission View: can edit on DAG:example_bash_operator
[2022-06-24 16:06:51,802] {logging_mixin.py:109} INFO - [2022-06-24 16:06:51,802] {manager.py:496} INFO - Created Permission View: can read on DAG:example_bash_operator
[2022-06-24 16:06:51,803] {logging_mixin.py:109} INFO - [2022-06-24 16:06:51,802] {dag.py:2398} INFO - Sync 1 DAGs
[2022-06-24 16:06:51,807] {logging_mixin.py:109} INFO - [2022-06-24 16:06:51,807] {dag.py:2417} INFO - Creating ORM DAG for example_bash_operator
[2022-06-24 16:06:51,812] {logging_mixin.py:109} INFO - [2022-06-24 16:06:51,812] {dag.py:2937} INFO - Setting next_dagrun for example_bash_operator to 2022-06-23 00:00:00+00:00
[2022-06-24 16:06:51,821] {processor.py:171} INFO - Processing /home/airflow/.local/lib/python3.7/site-packages/airflow/example_dags/example_bash_operator.py took 1.222 seconds
[2022-06-24 16:07:22,512] {processor.py:163} INFO - Started process (PID=353) to work on /home/airflow/.local/lib/python3.7/site-packages/airflow/example_dags/example_bash_operator.py
[2022-06-24 16:07:22,513] {processor.py:642} INFO - Processing file /home/airflow/.local/lib/python3.7/site-packages/airflow/example_dags/example_bash_operator.py for tasks to queue
[2022-06-24 16:07:22,513] {logging_mixin.py:109} INFO - [2022-06-24 16:07:22,513] {dagbag.py:500} INFO - Filling up the DagBag from /home/airflow/.local/lib/python3.7/site-packages/airflow/example_dags/example_bash_operator.py
[2022-06-24 16:07:22,526] {processor.py:652} INFO - DAG(s) dict_keys(['example_bash_operator']) retrieved from /home/airflow/.local/lib/python3.7/site-packages/airflow/example_dags/example_bash_operator.py
[2022-06-24 16:07:22,538] {logging_mixin.py:109} INFO - [2022-06-24 16:07:22,538] {dag.py:2398} INFO - Sync 1 DAGs
[2022-06-24 16:07:22,549] {logging_mixin.py:109} INFO - [2022-06-24 16:07:22,549] {dag.py:2937} INFO - Setting next_dagrun for example_bash_operator to 2022-06-23 00:00:00+00:00
[2022-06-24 16:07:22,555] {processor.py:171} INFO - Processing /home/airflow/.local/lib/python3.7/site-packages/airflow/example_dags/example_bash_operator.py took 0.045 seconds
[2022-06-24 16:07:52,655] {processor.py:163} INFO - Started process (PID=404) to work on /home/airflow/.local/lib/python3.7/site-packages/airflow/example_dags/example_bash_operator.py
[2022-06-24 16:07:52,655] {processor.py:642} INFO - Processing file /home/airflow/.local/lib/python3.7/site-packages/airflow/example_dags/example_bash_operator.py for tasks to queue
[2022-06-24 16:07:52,656] {logging_mixin.py:109} INFO - [2022-06-24 16:07:52,656] {dagbag.py:500} INFO - Filling up the DagBag from /home/airflow/.local/lib/python3.7/site-packages/airflow/example_dags/example_bash_operator.py
[2022-06-24 16:07:52,667] {processor.py:652} INFO - DAG(s) dict_keys(['example_bash_operator']) retrieved from /home/airflow/.local/lib/python3.7/site-packages/airflow/example_dags/example_bash_operator.py
[2022-06-24 16:07:52,679] {logging_mixin.py:109} INFO - [2022-06-24 16:07:52,679] {dag.py:2398} INFO - Sync 1 DAGs
[2022-06-24 16:07:52,689] {logging_mixin.py:109} INFO - [2022-06-24 16:07:52,689] {dag.py:2937} INFO - Setting next_dagrun for example_bash_operator to 2022-06-23 00:00:00+00:00
[2022-06-24 16:07:52,694] {processor.py:171} INFO - Processing /home/airflow/.local/lib/python3.7/site-packages/airflow/example_dags/example_bash_operator.py took 0.041 seconds
[2022-06-24 16:08:22,887] {processor.py:163} INFO - Started process (PID=464) to work on /home/airflow/.local/lib/python3.7/site-packages/airflow/example_dags/example_bash_operator.py
[2022-06-24 16:08:22,888] {processor.py:642} INFO - Processing file /home/airflow/.local/lib/python3.7/site-packages/airflow/example_dags/example_bash_operator.py for tasks to queue
[2022-06-24 16:08:22,888] {logging_mixin.py:109} INFO - [2022-06-24 16:08:22,888] {dagbag.py:500} INFO - Filling up the DagBag from /home/airflow/.local/lib/python3.7/site-packages/airflow/example_dags/example_bash_operator.py
[2022-06-24 16:08:22,899] {processor.py:652} INFO - DAG(s) dict_keys(['example_bash_operator']) retrieved from /home/airflow/.local/lib/python3.7/site-packages/airflow/example_dags/example_bash_operator.py
[2022-06-24 16:08:22,911] {logging_mixin.py:109} INFO - [2022-06-24 16:08:22,910] {dag.py:2398} INFO - Sync 1 DAGs
[2022-06-24 16:08:22,922] {logging_mixin.py:109} INFO - [2022-06-24 16:08:22,922] {dag.py:2937} INFO - Setting next_dagrun for example_bash_operator to 2022-06-23 00:00:00+00:00
[2022-06-24 16:08:22,927] {processor.py:171} INFO - Processing /home/airflow/.local/lib/python3.7/site-packages/airflow/example_dags/example_bash_operator.py took 0.043 seconds
[2022-06-24 16:08:53,256] {processor.py:163} INFO - Started process (PID=522) to work on /home/airflow/.local/lib/python3.7/site-packages/airflow/example_dags/example_bash_operator.py
[2022-06-24 16:08:53,256] {processor.py:642} INFO - Processing file /home/airflow/.local/lib/python3.7/site-packages/airflow/example_dags/example_bash_operator.py for tasks to queue
[2022-06-24 16:08:53,256] {logging_mixin.py:109} INFO - [2022-06-24 16:08:53,256] {dagbag.py:500} INFO - Filling up the DagBag from /home/airflow/.local/lib/python3.7/site-packages/airflow/example_dags/example_bash_operator.py
[2022-06-24 16:08:53,267] {processor.py:652} INFO - DAG(s) dict_keys(['example_bash_operator']) retrieved from /home/airflow/.local/lib/python3.7/site-packages/airflow/example_dags/example_bash_operator.py
[2022-06-24 16:08:53,281] {logging_mixin.py:109} INFO - [2022-06-24 16:08:53,280] {dag.py:2398} INFO - Sync 1 DAGs
[2022-06-24 16:08:53,294] {logging_mixin.py:109} INFO - [2022-06-24 16:08:53,294] {dag.py:2937} INFO - Setting next_dagrun for example_bash_operator to 2022-06-23 00:00:00+00:00
[2022-06-24 16:08:53,301] {processor.py:171} INFO - Processing /home/airflow/.local/lib/python3.7/site-packages/airflow/example_dags/example_bash_operator.py took 0.048 seconds
[2022-06-24 16:09:23,534] {processor.py:163} INFO - Started process (PID=572) to work on /home/airflow/.local/lib/python3.7/site-packages/airflow/example_dags/example_bash_operator.py
[2022-06-24 16:09:23,535] {processor.py:642} INFO - Processing file /home/airflow/.local/lib/python3.7/site-packages/airflow/example_dags/example_bash_operator.py for tasks to queue
[2022-06-24 16:09:23,536] {logging_mixin.py:109} INFO - [2022-06-24 16:09:23,535] {dagbag.py:500} INFO - Filling up the DagBag from /home/airflow/.local/lib/python3.7/site-packages/airflow/example_dags/example_bash_operator.py
[2022-06-24 16:09:23,547] {processor.py:652} INFO - DAG(s) dict_keys(['example_bash_operator']) retrieved from /home/airflow/.local/lib/python3.7/site-packages/airflow/example_dags/example_bash_operator.py
[2022-06-24 16:09:23,558] {logging_mixin.py:109} INFO - [2022-06-24 16:09:23,558] {dag.py:2398} INFO - Sync 1 DAGs
[2022-06-24 16:09:23,570] {logging_mixin.py:109} INFO - [2022-06-24 16:09:23,570] {dag.py:2937} INFO - Setting next_dagrun for example_bash_operator to 2022-06-23 00:00:00+00:00
[2022-06-24 16:09:23,575] {processor.py:171} INFO - Processing /home/airflow/.local/lib/python3.7/site-packages/airflow/example_dags/example_bash_operator.py took 0.043 seconds
[2022-06-24 16:09:53,666] {processor.py:163} INFO - Started process (PID=631) to work on /home/airflow/.local/lib/python3.7/site-packages/airflow/example_dags/example_bash_operator.py
[2022-06-24 16:09:53,668] {processor.py:642} INFO - Processing file /home/airflow/.local/lib/python3.7/site-packages/airflow/example_dags/example_bash_operator.py for tasks to queue
[2022-06-24 16:09:53,668] {logging_mixin.py:109} INFO - [2022-06-24 16:09:53,668] {dagbag.py:500} INFO - Filling up the DagBag from /home/airflow/.local/lib/python3.7/site-packages/airflow/example_dags/example_bash_operator.py
[2022-06-24 16:09:53,678] {processor.py:652} INFO - DAG(s) dict_keys(['example_bash_operator']) retrieved from /home/airflow/.local/lib/python3.7/site-packages/airflow/example_dags/example_bash_operator.py
[2022-06-24 16:09:53,690] {logging_mixin.py:109} INFO - [2022-06-24 16:09:53,690] {dag.py:2398} INFO - Sync 1 DAGs
[2022-06-24 16:09:53,700] {logging_mixin.py:109} INFO - [2022-06-24 16:09:53,700] {dag.py:2937} INFO - Setting next_dagrun for example_bash_operator to 2022-06-23 00:00:00+00:00
[2022-06-24 16:09:53,706] {processor.py:171} INFO - Processing /home/airflow/.local/lib/python3.7/site-packages/airflow/example_dags/example_bash_operator.py took 0.042 seconds
[2022-06-24 16:10:23,960] {processor.py:163} INFO - Started process (PID=690) to work on /home/airflow/.local/lib/python3.7/site-packages/airflow/example_dags/example_bash_operator.py
[2022-06-24 16:10:23,961] {processor.py:642} INFO - Processing file /home/airflow/.local/lib/python3.7/site-packages/airflow/example_dags/example_bash_operator.py for tasks to queue
[2022-06-24 16:10:23,962] {logging_mixin.py:109} INFO - [2022-06-24 16:10:23,962] {dagbag.py:500} INFO - Filling up the DagBag from /home/airflow/.local/lib/python3.7/site-packages/airflow/example_dags/example_bash_operator.py
[2022-06-24 16:10:23,973] {processor.py:652} INFO - DAG(s) dict_keys(['example_bash_operator']) retrieved from /home/airflow/.local/lib/python3.7/site-packages/airflow/example_dags/example_bash_operator.py
[2022-06-24 16:10:23,985] {logging_mixin.py:109} INFO - [2022-06-24 16:10:23,985] {dag.py:2398} INFO - Sync 1 DAGs
[2022-06-24 16:10:23,997] {logging_mixin.py:109} INFO - [2022-06-24 16:10:23,997] {dag.py:2937} INFO - Setting next_dagrun for example_bash_operator to 2022-06-23 00:00:00+00:00
[2022-06-24 16:10:24,003] {processor.py:171} INFO - Processing /home/airflow/.local/lib/python3.7/site-packages/airflow/example_dags/example_bash_operator.py took 0.045 seconds
[2022-06-24 16:10:54,330] {processor.py:163} INFO - Started process (PID=740) to work on /home/airflow/.local/lib/python3.7/site-packages/airflow/example_dags/example_bash_operator.py
[2022-06-24 16:10:54,331] {processor.py:642} INFO - Processing file /home/airflow/.local/lib/python3.7/site-packages/airflow/example_dags/example_bash_operator.py for tasks to queue
[2022-06-24 16:10:54,331] {logging_mixin.py:109} INFO - [2022-06-24 16:10:54,331] {dagbag.py:500} INFO - Filling up the DagBag from /home/airflow/.local/lib/python3.7/site-packages/airflow/example_dags/example_bash_operator.py
[2022-06-24 16:10:54,343] {processor.py:652} INFO - DAG(s) dict_keys(['example_bash_operator']) retrieved from /home/airflow/.local/lib/python3.7/site-packages/airflow/example_dags/example_bash_operator.py
[2022-06-24 16:10:54,355] {logging_mixin.py:109} INFO - [2022-06-24 16:10:54,355] {dag.py:2398} INFO - Sync 1 DAGs
[2022-06-24 16:10:54,366] {logging_mixin.py:109} INFO - [2022-06-24 16:10:54,366] {dag.py:2937} INFO - Setting next_dagrun for example_bash_operator to 2022-06-23 00:00:00+00:00
[2022-06-24 16:10:54,372] {processor.py:171} INFO - Processing /home/airflow/.local/lib/python3.7/site-packages/airflow/example_dags/example_bash_operator.py took 0.045 seconds
[2022-06-24 16:11:24,625] {processor.py:163} INFO - Started process (PID=799) to work on /home/airflow/.local/lib/python3.7/site-packages/airflow/example_dags/example_bash_operator.py
[2022-06-24 16:11:24,627] {processor.py:642} INFO - Processing file /home/airflow/.local/lib/python3.7/site-packages/airflow/example_dags/example_bash_operator.py for tasks to queue
[2022-06-24 16:11:24,627] {logging_mixin.py:109} INFO - [2022-06-24 16:11:24,627] {dagbag.py:500} INFO - Filling up the DagBag from /home/airflow/.local/lib/python3.7/site-packages/airflow/example_dags/example_bash_operator.py
[2022-06-24 16:11:24,638] {processor.py:652} INFO - DAG(s) dict_keys(['example_bash_operator']) retrieved from /home/airflow/.local/lib/python3.7/site-packages/airflow/example_dags/example_bash_operator.py
[2022-06-24 16:11:24,651] {logging_mixin.py:109} INFO - [2022-06-24 16:11:24,651] {dag.py:2398} INFO - Sync 1 DAGs
[2022-06-24 16:11:24,665] {logging_mixin.py:109} INFO - [2022-06-24 16:11:24,665] {dag.py:2937} INFO - Setting next_dagrun for example_bash_operator to 2022-06-23 00:00:00+00:00
[2022-06-24 16:11:24,672] {processor.py:171} INFO - Processing /home/airflow/.local/lib/python3.7/site-packages/airflow/example_dags/example_bash_operator.py took 0.049 seconds
[2022-06-24 16:11:54,940] {processor.py:163} INFO - Started process (PID=849) to work on /home/airflow/.local/lib/python3.7/site-packages/airflow/example_dags/example_bash_operator.py
[2022-06-24 16:11:54,941] {processor.py:642} INFO - Processing file /home/airflow/.local/lib/python3.7/site-packages/airflow/example_dags/example_bash_operator.py for tasks to queue
[2022-06-24 16:11:54,942] {logging_mixin.py:109} INFO - [2022-06-24 16:11:54,942] {dagbag.py:500} INFO - Filling up the DagBag from /home/airflow/.local/lib/python3.7/site-packages/airflow/example_dags/example_bash_operator.py
[2022-06-24 16:11:54,954] {processor.py:652} INFO - DAG(s) dict_keys(['example_bash_operator']) retrieved from /home/airflow/.local/lib/python3.7/site-packages/airflow/example_dags/example_bash_operator.py
[2022-06-24 16:11:54,967] {logging_mixin.py:109} INFO - [2022-06-24 16:11:54,967] {dag.py:2398} INFO - Sync 1 DAGs
[2022-06-24 16:11:54,978] {logging_mixin.py:109} INFO - [2022-06-24 16:11:54,978] {dag.py:2937} INFO - Setting next_dagrun for example_bash_operator to 2022-06-23 00:00:00+00:00
[2022-06-24 16:11:54,984] {processor.py:171} INFO - Processing /home/airflow/.local/lib/python3.7/site-packages/airflow/example_dags/example_bash_operator.py took 0.046 seconds
[2022-06-24 16:12:25,218] {processor.py:163} INFO - Started process (PID=909) to work on /home/airflow/.local/lib/python3.7/site-packages/airflow/example_dags/example_bash_operator.py
[2022-06-24 16:12:25,219] {processor.py:642} INFO - Processing file /home/airflow/.local/lib/python3.7/site-packages/airflow/example_dags/example_bash_operator.py for tasks to queue
[2022-06-24 16:12:25,220] {logging_mixin.py:109} INFO - [2022-06-24 16:12:25,220] {dagbag.py:500} INFO - Filling up the DagBag from /home/airflow/.local/lib/python3.7/site-packages/airflow/example_dags/example_bash_operator.py
[2022-06-24 16:12:25,231] {processor.py:652} INFO - DAG(s) dict_keys(['example_bash_operator']) retrieved from /home/airflow/.local/lib/python3.7/site-packages/airflow/example_dags/example_bash_operator.py
[2022-06-24 16:12:25,242] {logging_mixin.py:109} INFO - [2022-06-24 16:12:25,242] {dag.py:2398} INFO - Sync 1 DAGs
[2022-06-24 16:12:25,253] {logging_mixin.py:109} INFO - [2022-06-24 16:12:25,253] {dag.py:2937} INFO - Setting next_dagrun for example_bash_operator to 2022-06-23 00:00:00+00:00
[2022-06-24 16:12:25,259] {processor.py:171} INFO - Processing /home/airflow/.local/lib/python3.7/site-packages/airflow/example_dags/example_bash_operator.py took 0.043 seconds
[2022-06-24 16:12:55,634] {processor.py:163} INFO - Started process (PID=969) to work on /home/airflow/.local/lib/python3.7/site-packages/airflow/example_dags/example_bash_operator.py
[2022-06-24 16:12:55,636] {processor.py:642} INFO - Processing file /home/airflow/.local/lib/python3.7/site-packages/airflow/example_dags/example_bash_operator.py for tasks to queue
[2022-06-24 16:12:55,636] {logging_mixin.py:109} INFO - [2022-06-24 16:12:55,636] {dagbag.py:500} INFO - Filling up the DagBag from /home/airflow/.local/lib/python3.7/site-packages/airflow/example_dags/example_bash_operator.py
[2022-06-24 16:12:55,650] {processor.py:652} INFO - DAG(s) dict_keys(['example_bash_operator']) retrieved from /home/airflow/.local/lib/python3.7/site-packages/airflow/example_dags/example_bash_operator.py
[2022-06-24 16:12:55,662] {logging_mixin.py:109} INFO - [2022-06-24 16:12:55,662] {dag.py:2398} INFO - Sync 1 DAGs
[2022-06-24 16:12:55,673] {logging_mixin.py:109} INFO - [2022-06-24 16:12:55,673] {dag.py:2937} INFO - Setting next_dagrun for example_bash_operator to 2022-06-23 00:00:00+00:00
[2022-06-24 16:12:55,679] {processor.py:171} INFO - Processing /home/airflow/.local/lib/python3.7/site-packages/airflow/example_dags/example_bash_operator.py took 0.047 seconds
[2022-06-24 16:13:26,653] {processor.py:163} INFO - Started process (PID=1020) to work on /home/airflow/.local/lib/python3.7/site-packages/airflow/example_dags/example_bash_operator.py
[2022-06-24 16:13:26,654] {processor.py:642} INFO - Processing file /home/airflow/.local/lib/python3.7/site-packages/airflow/example_dags/example_bash_operator.py for tasks to queue
[2022-06-24 16:13:26,655] {logging_mixin.py:109} INFO - [2022-06-24 16:13:26,655] {dagbag.py:500} INFO - Filling up the DagBag from /home/airflow/.local/lib/python3.7/site-packages/airflow/example_dags/example_bash_operator.py
[2022-06-24 16:13:26,666] {processor.py:652} INFO - DAG(s) dict_keys(['example_bash_operator']) retrieved from /home/airflow/.local/lib/python3.7/site-packages/airflow/example_dags/example_bash_operator.py
[2022-06-24 16:13:26,678] {logging_mixin.py:109} INFO - [2022-06-24 16:13:26,678] {dag.py:2398} INFO - Sync 1 DAGs
[2022-06-24 16:13:26,689] {logging_mixin.py:109} INFO - [2022-06-24 16:13:26,689] {dag.py:2937} INFO - Setting next_dagrun for example_bash_operator to 2022-06-23 00:00:00+00:00
[2022-06-24 16:13:26,694] {processor.py:171} INFO - Processing /home/airflow/.local/lib/python3.7/site-packages/airflow/example_dags/example_bash_operator.py took 0.043 seconds
[2022-06-24 16:13:57,063] {processor.py:163} INFO - Started process (PID=1079) to work on /home/airflow/.local/lib/python3.7/site-packages/airflow/example_dags/example_bash_operator.py
[2022-06-24 16:13:57,065] {processor.py:642} INFO - Processing file /home/airflow/.local/lib/python3.7/site-packages/airflow/example_dags/example_bash_operator.py for tasks to queue
[2022-06-24 16:13:57,065] {logging_mixin.py:109} INFO - [2022-06-24 16:13:57,065] {dagbag.py:500} INFO - Filling up the DagBag from /home/airflow/.local/lib/python3.7/site-packages/airflow/example_dags/example_bash_operator.py
[2022-06-24 16:13:57,078] {processor.py:652} INFO - DAG(s) dict_keys(['example_bash_operator']) retrieved from /home/airflow/.local/lib/python3.7/site-packages/airflow/example_dags/example_bash_operator.py
[2022-06-24 16:13:57,091] {logging_mixin.py:109} INFO - [2022-06-24 16:13:57,090] {dag.py:2398} INFO - Sync 1 DAGs
[2022-06-24 16:13:57,101] {logging_mixin.py:109} INFO - [2022-06-24 16:13:57,101] {dag.py:2937} INFO - Setting next_dagrun for example_bash_operator to 2022-06-23 00:00:00+00:00
[2022-06-24 16:13:57,107] {processor.py:171} INFO - Processing /home/airflow/.local/lib/python3.7/site-packages/airflow/example_dags/example_bash_operator.py took 0.045 seconds
[2022-06-24 16:14:27,378] {processor.py:163} INFO - Started process (PID=1139) to work on /home/airflow/.local/lib/python3.7/site-packages/airflow/example_dags/example_bash_operator.py
[2022-06-24 16:14:27,379] {processor.py:642} INFO - Processing file /home/airflow/.local/lib/python3.7/site-packages/airflow/example_dags/example_bash_operator.py for tasks to queue
[2022-06-24 16:14:27,380] {logging_mixin.py:109} INFO - [2022-06-24 16:14:27,380] {dagbag.py:500} INFO - Filling up the DagBag from /home/airflow/.local/lib/python3.7/site-packages/airflow/example_dags/example_bash_operator.py
[2022-06-24 16:14:27,395] {processor.py:652} INFO - DAG(s) dict_keys(['example_bash_operator']) retrieved from /home/airflow/.local/lib/python3.7/site-packages/airflow/example_dags/example_bash_operator.py
[2022-06-24 16:14:27,406] {logging_mixin.py:109} INFO - [2022-06-24 16:14:27,406] {dag.py:2398} INFO - Sync 1 DAGs
[2022-06-24 16:14:27,417] {logging_mixin.py:109} INFO - [2022-06-24 16:14:27,417] {dag.py:2937} INFO - Setting next_dagrun for example_bash_operator to 2022-06-23 00:00:00+00:00
[2022-06-24 16:14:27,422] {processor.py:171} INFO - Processing /home/airflow/.local/lib/python3.7/site-packages/airflow/example_dags/example_bash_operator.py took 0.048 seconds
[2022-06-24 16:15:28,999] {processor.py:163} INFO - Started process (PID=38) to work on /home/airflow/.local/lib/python3.7/site-packages/airflow/example_dags/example_bash_operator.py
[2022-06-24 16:15:28,999] {processor.py:642} INFO - Processing file /home/airflow/.local/lib/python3.7/site-packages/airflow/example_dags/example_bash_operator.py for tasks to queue
[2022-06-24 16:15:29,000] {logging_mixin.py:109} INFO - [2022-06-24 16:15:29,000] {dagbag.py:500} INFO - Filling up the DagBag from /home/airflow/.local/lib/python3.7/site-packages/airflow/example_dags/example_bash_operator.py
[2022-06-24 16:15:29,019] {processor.py:652} INFO - DAG(s) dict_keys(['example_bash_operator']) retrieved from /home/airflow/.local/lib/python3.7/site-packages/airflow/example_dags/example_bash_operator.py
[2022-06-24 16:15:29,035] {logging_mixin.py:109} INFO - [2022-06-24 16:15:29,035] {dag.py:2398} INFO - Sync 1 DAGs
[2022-06-24 16:15:29,051] {logging_mixin.py:109} INFO - [2022-06-24 16:15:29,050] {dag.py:2937} INFO - Setting next_dagrun for example_bash_operator to 2022-06-23 00:00:00+00:00
[2022-06-24 16:15:29,060] {processor.py:171} INFO - Processing /home/airflow/.local/lib/python3.7/site-packages/airflow/example_dags/example_bash_operator.py took 0.064 seconds
[2022-06-24 16:16:00,047] {processor.py:163} INFO - Started process (PID=100) to work on /home/airflow/.local/lib/python3.7/site-packages/airflow/example_dags/example_bash_operator.py
[2022-06-24 16:16:00,048] {processor.py:642} INFO - Processing file /home/airflow/.local/lib/python3.7/site-packages/airflow/example_dags/example_bash_operator.py for tasks to queue
[2022-06-24 16:16:00,048] {logging_mixin.py:109} INFO - [2022-06-24 16:16:00,048] {dagbag.py:500} INFO - Filling up the DagBag from /home/airflow/.local/lib/python3.7/site-packages/airflow/example_dags/example_bash_operator.py
[2022-06-24 16:16:00,061] {processor.py:652} INFO - DAG(s) dict_keys(['example_bash_operator']) retrieved from /home/airflow/.local/lib/python3.7/site-packages/airflow/example_dags/example_bash_operator.py
[2022-06-24 16:16:00,074] {logging_mixin.py:109} INFO - [2022-06-24 16:16:00,074] {dag.py:2398} INFO - Sync 1 DAGs
[2022-06-24 16:16:00,087] {logging_mixin.py:109} INFO - [2022-06-24 16:16:00,087] {dag.py:2937} INFO - Setting next_dagrun for example_bash_operator to 2022-06-23 00:00:00+00:00
[2022-06-24 16:16:00,094] {processor.py:171} INFO - Processing /home/airflow/.local/lib/python3.7/site-packages/airflow/example_dags/example_bash_operator.py took 0.048 seconds
[2022-06-24 16:16:30,541] {processor.py:163} INFO - Started process (PID=160) to work on /home/airflow/.local/lib/python3.7/site-packages/airflow/example_dags/example_bash_operator.py
[2022-06-24 16:16:30,542] {processor.py:642} INFO - Processing file /home/airflow/.local/lib/python3.7/site-packages/airflow/example_dags/example_bash_operator.py for tasks to queue
[2022-06-24 16:16:30,542] {logging_mixin.py:109} INFO - [2022-06-24 16:16:30,542] {dagbag.py:500} INFO - Filling up the DagBag from /home/airflow/.local/lib/python3.7/site-packages/airflow/example_dags/example_bash_operator.py
[2022-06-24 16:16:30,555] {processor.py:652} INFO - DAG(s) dict_keys(['example_bash_operator']) retrieved from /home/airflow/.local/lib/python3.7/site-packages/airflow/example_dags/example_bash_operator.py
[2022-06-24 16:16:30,568] {logging_mixin.py:109} INFO - [2022-06-24 16:16:30,568] {dag.py:2398} INFO - Sync 1 DAGs
[2022-06-24 16:16:30,579] {logging_mixin.py:109} INFO - [2022-06-24 16:16:30,579] {dag.py:2937} INFO - Setting next_dagrun for example_bash_operator to 2022-06-23 00:00:00+00:00
[2022-06-24 16:16:30,584] {processor.py:171} INFO - Processing /home/airflow/.local/lib/python3.7/site-packages/airflow/example_dags/example_bash_operator.py took 0.045 seconds
[2022-06-24 16:17:00,944] {processor.py:163} INFO - Started process (PID=209) to work on /home/airflow/.local/lib/python3.7/site-packages/airflow/example_dags/example_bash_operator.py
[2022-06-24 16:17:00,944] {processor.py:642} INFO - Processing file /home/airflow/.local/lib/python3.7/site-packages/airflow/example_dags/example_bash_operator.py for tasks to queue
[2022-06-24 16:17:00,945] {logging_mixin.py:109} INFO - [2022-06-24 16:17:00,944] {dagbag.py:500} INFO - Filling up the DagBag from /home/airflow/.local/lib/python3.7/site-packages/airflow/example_dags/example_bash_operator.py
[2022-06-24 16:17:00,955] {processor.py:652} INFO - DAG(s) dict_keys(['example_bash_operator']) retrieved from /home/airflow/.local/lib/python3.7/site-packages/airflow/example_dags/example_bash_operator.py
[2022-06-24 16:17:00,971] {logging_mixin.py:109} INFO - [2022-06-24 16:17:00,971] {dag.py:2398} INFO - Sync 1 DAGs
[2022-06-24 16:17:00,984] {logging_mixin.py:109} INFO - [2022-06-24 16:17:00,984] {dag.py:2937} INFO - Setting next_dagrun for example_bash_operator to 2022-06-23 00:00:00+00:00
[2022-06-24 16:17:00,991] {processor.py:171} INFO - Processing /home/airflow/.local/lib/python3.7/site-packages/airflow/example_dags/example_bash_operator.py took 0.049 seconds
[2022-06-24 16:17:31,537] {processor.py:163} INFO - Started process (PID=269) to work on /home/airflow/.local/lib/python3.7/site-packages/airflow/example_dags/example_bash_operator.py
[2022-06-24 16:17:31,538] {processor.py:642} INFO - Processing file /home/airflow/.local/lib/python3.7/site-packages/airflow/example_dags/example_bash_operator.py for tasks to queue
[2022-06-24 16:17:31,538] {logging_mixin.py:109} INFO - [2022-06-24 16:17:31,538] {dagbag.py:500} INFO - Filling up the DagBag from /home/airflow/.local/lib/python3.7/site-packages/airflow/example_dags/example_bash_operator.py
[2022-06-24 16:17:31,549] {processor.py:652} INFO - DAG(s) dict_keys(['example_bash_operator']) retrieved from /home/airflow/.local/lib/python3.7/site-packages/airflow/example_dags/example_bash_operator.py
[2022-06-24 16:17:31,562] {logging_mixin.py:109} INFO - [2022-06-24 16:17:31,562] {dag.py:2398} INFO - Sync 1 DAGs
[2022-06-24 16:17:31,572] {logging_mixin.py:109} INFO - [2022-06-24 16:17:31,572] {dag.py:2937} INFO - Setting next_dagrun for example_bash_operator to 2022-06-23 00:00:00+00:00
[2022-06-24 16:17:31,578] {processor.py:171} INFO - Processing /home/airflow/.local/lib/python3.7/site-packages/airflow/example_dags/example_bash_operator.py took 0.042 seconds
[2022-06-24 16:18:02,125] {processor.py:163} INFO - Started process (PID=328) to work on /home/airflow/.local/lib/python3.7/site-packages/airflow/example_dags/example_bash_operator.py
[2022-06-24 16:18:02,126] {processor.py:642} INFO - Processing file /home/airflow/.local/lib/python3.7/site-packages/airflow/example_dags/example_bash_operator.py for tasks to queue
[2022-06-24 16:18:02,126] {logging_mixin.py:109} INFO - [2022-06-24 16:18:02,126] {dagbag.py:500} INFO - Filling up the DagBag from /home/airflow/.local/lib/python3.7/site-packages/airflow/example_dags/example_bash_operator.py
[2022-06-24 16:18:02,139] {processor.py:652} INFO - DAG(s) dict_keys(['example_bash_operator']) retrieved from /home/airflow/.local/lib/python3.7/site-packages/airflow/example_dags/example_bash_operator.py
[2022-06-24 16:18:02,151] {logging_mixin.py:109} INFO - [2022-06-24 16:18:02,151] {dag.py:2398} INFO - Sync 1 DAGs
[2022-06-24 16:18:02,163] {logging_mixin.py:109} INFO - [2022-06-24 16:18:02,163] {dag.py:2937} INFO - Setting next_dagrun for example_bash_operator to 2022-06-23 00:00:00+00:00
[2022-06-24 16:18:02,170] {processor.py:171} INFO - Processing /home/airflow/.local/lib/python3.7/site-packages/airflow/example_dags/example_bash_operator.py took 0.047 seconds
[2022-06-24 16:18:32,811] {processor.py:163} INFO - Started process (PID=378) to work on /home/airflow/.local/lib/python3.7/site-packages/airflow/example_dags/example_bash_operator.py
[2022-06-24 16:18:32,811] {processor.py:642} INFO - Processing file /home/airflow/.local/lib/python3.7/site-packages/airflow/example_dags/example_bash_operator.py for tasks to queue
[2022-06-24 16:18:32,812] {logging_mixin.py:109} INFO - [2022-06-24 16:18:32,812] {dagbag.py:500} INFO - Filling up the DagBag from /home/airflow/.local/lib/python3.7/site-packages/airflow/example_dags/example_bash_operator.py
[2022-06-24 16:18:32,826] {processor.py:652} INFO - DAG(s) dict_keys(['example_bash_operator']) retrieved from /home/airflow/.local/lib/python3.7/site-packages/airflow/example_dags/example_bash_operator.py
[2022-06-24 16:18:32,847] {logging_mixin.py:109} INFO - [2022-06-24 16:18:32,847] {dag.py:2398} INFO - Sync 1 DAGs
[2022-06-24 16:18:32,868] {logging_mixin.py:109} INFO - [2022-06-24 16:18:32,867] {dag.py:2937} INFO - Setting next_dagrun for example_bash_operator to 2022-06-23 00:00:00+00:00
[2022-06-24 16:18:32,877] {processor.py:171} INFO - Processing /home/airflow/.local/lib/python3.7/site-packages/airflow/example_dags/example_bash_operator.py took 0.068 seconds
[2022-06-24 16:19:03,707] {processor.py:163} INFO - Started process (PID=438) to work on /home/airflow/.local/lib/python3.7/site-packages/airflow/example_dags/example_bash_operator.py
[2022-06-24 16:19:03,707] {processor.py:642} INFO - Processing file /home/airflow/.local/lib/python3.7/site-packages/airflow/example_dags/example_bash_operator.py for tasks to queue
[2022-06-24 16:19:03,708] {logging_mixin.py:109} INFO - [2022-06-24 16:19:03,708] {dagbag.py:500} INFO - Filling up the DagBag from /home/airflow/.local/lib/python3.7/site-packages/airflow/example_dags/example_bash_operator.py
[2022-06-24 16:19:03,718] {processor.py:652} INFO - DAG(s) dict_keys(['example_bash_operator']) retrieved from /home/airflow/.local/lib/python3.7/site-packages/airflow/example_dags/example_bash_operator.py
[2022-06-24 16:19:03,730] {logging_mixin.py:109} INFO - [2022-06-24 16:19:03,730] {dag.py:2398} INFO - Sync 1 DAGs
[2022-06-24 16:19:03,741] {logging_mixin.py:109} INFO - [2022-06-24 16:19:03,741] {dag.py:2937} INFO - Setting next_dagrun for example_bash_operator to 2022-06-23 00:00:00+00:00
[2022-06-24 16:19:03,746] {processor.py:171} INFO - Processing /home/airflow/.local/lib/python3.7/site-packages/airflow/example_dags/example_bash_operator.py took 0.041 seconds
[2022-06-24 16:19:34,288] {processor.py:163} INFO - Started process (PID=498) to work on /home/airflow/.local/lib/python3.7/site-packages/airflow/example_dags/example_bash_operator.py
[2022-06-24 16:19:34,289] {processor.py:642} INFO - Processing file /home/airflow/.local/lib/python3.7/site-packages/airflow/example_dags/example_bash_operator.py for tasks to queue
[2022-06-24 16:19:34,289] {logging_mixin.py:109} INFO - [2022-06-24 16:19:34,289] {dagbag.py:500} INFO - Filling up the DagBag from /home/airflow/.local/lib/python3.7/site-packages/airflow/example_dags/example_bash_operator.py
[2022-06-24 16:19:34,300] {processor.py:652} INFO - DAG(s) dict_keys(['example_bash_operator']) retrieved from /home/airflow/.local/lib/python3.7/site-packages/airflow/example_dags/example_bash_operator.py
[2022-06-24 16:19:34,316] {logging_mixin.py:109} INFO - [2022-06-24 16:19:34,316] {dag.py:2398} INFO - Sync 1 DAGs
[2022-06-24 16:19:34,327] {logging_mixin.py:109} INFO - [2022-06-24 16:19:34,327] {dag.py:2937} INFO - Setting next_dagrun for example_bash_operator to 2022-06-23 00:00:00+00:00
[2022-06-24 16:19:34,332] {processor.py:171} INFO - Processing /home/airflow/.local/lib/python3.7/site-packages/airflow/example_dags/example_bash_operator.py took 0.045 seconds
[2022-06-24 16:20:04,687] {processor.py:163} INFO - Started process (PID=546) to work on /home/airflow/.local/lib/python3.7/site-packages/airflow/example_dags/example_bash_operator.py
[2022-06-24 16:20:04,687] {processor.py:642} INFO - Processing file /home/airflow/.local/lib/python3.7/site-packages/airflow/example_dags/example_bash_operator.py for tasks to queue
[2022-06-24 16:20:04,688] {logging_mixin.py:109} INFO - [2022-06-24 16:20:04,688] {dagbag.py:500} INFO - Filling up the DagBag from /home/airflow/.local/lib/python3.7/site-packages/airflow/example_dags/example_bash_operator.py
[2022-06-24 16:20:04,698] {processor.py:652} INFO - DAG(s) dict_keys(['example_bash_operator']) retrieved from /home/airflow/.local/lib/python3.7/site-packages/airflow/example_dags/example_bash_operator.py
[2022-06-24 16:20:04,710] {logging_mixin.py:109} INFO - [2022-06-24 16:20:04,710] {dag.py:2398} INFO - Sync 1 DAGs
[2022-06-24 16:20:04,720] {logging_mixin.py:109} INFO - [2022-06-24 16:20:04,720] {dag.py:2937} INFO - Setting next_dagrun for example_bash_operator to 2022-06-23 00:00:00+00:00
[2022-06-24 16:20:04,725] {processor.py:171} INFO - Processing /home/airflow/.local/lib/python3.7/site-packages/airflow/example_dags/example_bash_operator.py took 0.040 seconds
[2022-06-24 16:20:35,206] {processor.py:163} INFO - Started process (PID=606) to work on /home/airflow/.local/lib/python3.7/site-packages/airflow/example_dags/example_bash_operator.py
[2022-06-24 16:20:35,207] {processor.py:642} INFO - Processing file /home/airflow/.local/lib/python3.7/site-packages/airflow/example_dags/example_bash_operator.py for tasks to queue
[2022-06-24 16:20:35,208] {logging_mixin.py:109} INFO - [2022-06-24 16:20:35,208] {dagbag.py:500} INFO - Filling up the DagBag from /home/airflow/.local/lib/python3.7/site-packages/airflow/example_dags/example_bash_operator.py
[2022-06-24 16:20:35,222] {processor.py:652} INFO - DAG(s) dict_keys(['example_bash_operator']) retrieved from /home/airflow/.local/lib/python3.7/site-packages/airflow/example_dags/example_bash_operator.py
[2022-06-24 16:20:35,237] {logging_mixin.py:109} INFO - [2022-06-24 16:20:35,237] {dag.py:2398} INFO - Sync 1 DAGs
[2022-06-24 16:20:35,251] {logging_mixin.py:109} INFO - [2022-06-24 16:20:35,251] {dag.py:2937} INFO - Setting next_dagrun for example_bash_operator to 2022-06-23 00:00:00+00:00
[2022-06-24 16:20:35,257] {processor.py:171} INFO - Processing /home/airflow/.local/lib/python3.7/site-packages/airflow/example_dags/example_bash_operator.py took 0.053 seconds
[2022-06-24 16:21:05,762] {processor.py:163} INFO - Started process (PID=665) to work on /home/airflow/.local/lib/python3.7/site-packages/airflow/example_dags/example_bash_operator.py
[2022-06-24 16:21:05,763] {processor.py:642} INFO - Processing file /home/airflow/.local/lib/python3.7/site-packages/airflow/example_dags/example_bash_operator.py for tasks to queue
[2022-06-24 16:21:05,763] {logging_mixin.py:109} INFO - [2022-06-24 16:21:05,763] {dagbag.py:500} INFO - Filling up the DagBag from /home/airflow/.local/lib/python3.7/site-packages/airflow/example_dags/example_bash_operator.py
[2022-06-24 16:21:05,775] {processor.py:652} INFO - DAG(s) dict_keys(['example_bash_operator']) retrieved from /home/airflow/.local/lib/python3.7/site-packages/airflow/example_dags/example_bash_operator.py
[2022-06-24 16:21:05,788] {logging_mixin.py:109} INFO - [2022-06-24 16:21:05,788] {dag.py:2398} INFO - Sync 1 DAGs
[2022-06-24 16:21:05,798] {logging_mixin.py:109} INFO - [2022-06-24 16:21:05,798] {dag.py:2937} INFO - Setting next_dagrun for example_bash_operator to 2022-06-23 00:00:00+00:00
[2022-06-24 16:21:05,804] {processor.py:171} INFO - Processing /home/airflow/.local/lib/python3.7/site-packages/airflow/example_dags/example_bash_operator.py took 0.043 seconds
[2022-06-24 16:21:36,322] {processor.py:163} INFO - Started process (PID=715) to work on /home/airflow/.local/lib/python3.7/site-packages/airflow/example_dags/example_bash_operator.py
[2022-06-24 16:21:36,323] {processor.py:642} INFO - Processing file /home/airflow/.local/lib/python3.7/site-packages/airflow/example_dags/example_bash_operator.py for tasks to queue
[2022-06-24 16:21:36,323] {logging_mixin.py:109} INFO - [2022-06-24 16:21:36,323] {dagbag.py:500} INFO - Filling up the DagBag from /home/airflow/.local/lib/python3.7/site-packages/airflow/example_dags/example_bash_operator.py
[2022-06-24 16:21:36,334] {processor.py:652} INFO - DAG(s) dict_keys(['example_bash_operator']) retrieved from /home/airflow/.local/lib/python3.7/site-packages/airflow/example_dags/example_bash_operator.py
[2022-06-24 16:21:36,349] {logging_mixin.py:109} INFO - [2022-06-24 16:21:36,349] {dag.py:2398} INFO - Sync 1 DAGs
[2022-06-24 16:21:36,362] {logging_mixin.py:109} INFO - [2022-06-24 16:21:36,362] {dag.py:2937} INFO - Setting next_dagrun for example_bash_operator to 2022-06-23 00:00:00+00:00
[2022-06-24 16:21:36,368] {processor.py:171} INFO - Processing /home/airflow/.local/lib/python3.7/site-packages/airflow/example_dags/example_bash_operator.py took 0.048 seconds
[2022-06-24 16:22:06,848] {processor.py:163} INFO - Started process (PID=775) to work on /home/airflow/.local/lib/python3.7/site-packages/airflow/example_dags/example_bash_operator.py
[2022-06-24 16:22:06,849] {processor.py:642} INFO - Processing file /home/airflow/.local/lib/python3.7/site-packages/airflow/example_dags/example_bash_operator.py for tasks to queue
[2022-06-24 16:22:06,849] {logging_mixin.py:109} INFO - [2022-06-24 16:22:06,849] {dagbag.py:500} INFO - Filling up the DagBag from /home/airflow/.local/lib/python3.7/site-packages/airflow/example_dags/example_bash_operator.py
[2022-06-24 16:22:06,864] {processor.py:652} INFO - DAG(s) dict_keys(['example_bash_operator']) retrieved from /home/airflow/.local/lib/python3.7/site-packages/airflow/example_dags/example_bash_operator.py
[2022-06-24 16:22:06,878] {logging_mixin.py:109} INFO - [2022-06-24 16:22:06,878] {dag.py:2398} INFO - Sync 1 DAGs
[2022-06-24 16:22:06,889] {logging_mixin.py:109} INFO - [2022-06-24 16:22:06,889] {dag.py:2937} INFO - Setting next_dagrun for example_bash_operator to 2022-06-23 00:00:00+00:00
[2022-06-24 16:22:06,895] {processor.py:171} INFO - Processing /home/airflow/.local/lib/python3.7/site-packages/airflow/example_dags/example_bash_operator.py took 0.049 seconds
[2022-06-24 16:22:37,360] {processor.py:163} INFO - Started process (PID=834) to work on /home/airflow/.local/lib/python3.7/site-packages/airflow/example_dags/example_bash_operator.py
[2022-06-24 16:22:37,361] {processor.py:642} INFO - Processing file /home/airflow/.local/lib/python3.7/site-packages/airflow/example_dags/example_bash_operator.py for tasks to queue
[2022-06-24 16:22:37,361] {logging_mixin.py:109} INFO - [2022-06-24 16:22:37,361] {dagbag.py:500} INFO - Filling up the DagBag from /home/airflow/.local/lib/python3.7/site-packages/airflow/example_dags/example_bash_operator.py
[2022-06-24 16:22:37,373] {processor.py:652} INFO - DAG(s) dict_keys(['example_bash_operator']) retrieved from /home/airflow/.local/lib/python3.7/site-packages/airflow/example_dags/example_bash_operator.py
[2022-06-24 16:22:37,385] {logging_mixin.py:109} INFO - [2022-06-24 16:22:37,385] {dag.py:2398} INFO - Sync 1 DAGs
[2022-06-24 16:22:37,396] {logging_mixin.py:109} INFO - [2022-06-24 16:22:37,396] {dag.py:2937} INFO - Setting next_dagrun for example_bash_operator to 2022-06-23 00:00:00+00:00
[2022-06-24 16:22:37,402] {processor.py:171} INFO - Processing /home/airflow/.local/lib/python3.7/site-packages/airflow/example_dags/example_bash_operator.py took 0.043 seconds
[2022-06-24 16:23:07,882] {processor.py:163} INFO - Started process (PID=884) to work on /home/airflow/.local/lib/python3.7/site-packages/airflow/example_dags/example_bash_operator.py
[2022-06-24 16:23:07,883] {processor.py:642} INFO - Processing file /home/airflow/.local/lib/python3.7/site-packages/airflow/example_dags/example_bash_operator.py for tasks to queue
[2022-06-24 16:23:07,883] {logging_mixin.py:109} INFO - [2022-06-24 16:23:07,883] {dagbag.py:500} INFO - Filling up the DagBag from /home/airflow/.local/lib/python3.7/site-packages/airflow/example_dags/example_bash_operator.py
[2022-06-24 16:23:07,894] {processor.py:652} INFO - DAG(s) dict_keys(['example_bash_operator']) retrieved from /home/airflow/.local/lib/python3.7/site-packages/airflow/example_dags/example_bash_operator.py
[2022-06-24 16:23:07,909] {logging_mixin.py:109} INFO - [2022-06-24 16:23:07,909] {dag.py:2398} INFO - Sync 1 DAGs
[2022-06-24 16:23:07,923] {logging_mixin.py:109} INFO - [2022-06-24 16:23:07,923] {dag.py:2937} INFO - Setting next_dagrun for example_bash_operator to 2022-06-23 00:00:00+00:00
[2022-06-24 16:23:07,930] {processor.py:171} INFO - Processing /home/airflow/.local/lib/python3.7/site-packages/airflow/example_dags/example_bash_operator.py took 0.050 seconds
[2022-06-24 16:23:38,435] {processor.py:163} INFO - Started process (PID=943) to work on /home/airflow/.local/lib/python3.7/site-packages/airflow/example_dags/example_bash_operator.py
[2022-06-24 16:23:38,436] {processor.py:642} INFO - Processing file /home/airflow/.local/lib/python3.7/site-packages/airflow/example_dags/example_bash_operator.py for tasks to queue
[2022-06-24 16:23:38,436] {logging_mixin.py:109} INFO - [2022-06-24 16:23:38,436] {dagbag.py:500} INFO - Filling up the DagBag from /home/airflow/.local/lib/python3.7/site-packages/airflow/example_dags/example_bash_operator.py
[2022-06-24 16:23:38,449] {processor.py:652} INFO - DAG(s) dict_keys(['example_bash_operator']) retrieved from /home/airflow/.local/lib/python3.7/site-packages/airflow/example_dags/example_bash_operator.py
[2022-06-24 16:23:38,466] {logging_mixin.py:109} INFO - [2022-06-24 16:23:38,466] {dag.py:2398} INFO - Sync 1 DAGs
[2022-06-24 16:23:38,481] {logging_mixin.py:109} INFO - [2022-06-24 16:23:38,481] {dag.py:2937} INFO - Setting next_dagrun for example_bash_operator to 2022-06-23 00:00:00+00:00
[2022-06-24 16:23:38,488] {processor.py:171} INFO - Processing /home/airflow/.local/lib/python3.7/site-packages/airflow/example_dags/example_bash_operator.py took 0.055 seconds
[2022-06-24 16:24:08,906] {processor.py:163} INFO - Started process (PID=1002) to work on /home/airflow/.local/lib/python3.7/site-packages/airflow/example_dags/example_bash_operator.py
[2022-06-24 16:24:08,907] {processor.py:642} INFO - Processing file /home/airflow/.local/lib/python3.7/site-packages/airflow/example_dags/example_bash_operator.py for tasks to queue
[2022-06-24 16:24:08,907] {logging_mixin.py:109} INFO - [2022-06-24 16:24:08,907] {dagbag.py:500} INFO - Filling up the DagBag from /home/airflow/.local/lib/python3.7/site-packages/airflow/example_dags/example_bash_operator.py
[2022-06-24 16:24:08,918] {processor.py:652} INFO - DAG(s) dict_keys(['example_bash_operator']) retrieved from /home/airflow/.local/lib/python3.7/site-packages/airflow/example_dags/example_bash_operator.py
[2022-06-24 16:24:08,930] {logging_mixin.py:109} INFO - [2022-06-24 16:24:08,930] {dag.py:2398} INFO - Sync 1 DAGs
[2022-06-24 16:24:08,941] {logging_mixin.py:109} INFO - [2022-06-24 16:24:08,941] {dag.py:2937} INFO - Setting next_dagrun for example_bash_operator to 2022-06-23 00:00:00+00:00
[2022-06-24 16:24:08,946] {processor.py:171} INFO - Processing /home/airflow/.local/lib/python3.7/site-packages/airflow/example_dags/example_bash_operator.py took 0.042 seconds
[2022-06-24 16:24:39,401] {processor.py:163} INFO - Started process (PID=1052) to work on /home/airflow/.local/lib/python3.7/site-packages/airflow/example_dags/example_bash_operator.py
[2022-06-24 16:24:39,402] {processor.py:642} INFO - Processing file /home/airflow/.local/lib/python3.7/site-packages/airflow/example_dags/example_bash_operator.py for tasks to queue
[2022-06-24 16:24:39,402] {logging_mixin.py:109} INFO - [2022-06-24 16:24:39,402] {dagbag.py:500} INFO - Filling up the DagBag from /home/airflow/.local/lib/python3.7/site-packages/airflow/example_dags/example_bash_operator.py
[2022-06-24 16:24:39,413] {processor.py:652} INFO - DAG(s) dict_keys(['example_bash_operator']) retrieved from /home/airflow/.local/lib/python3.7/site-packages/airflow/example_dags/example_bash_operator.py
[2022-06-24 16:24:39,426] {logging_mixin.py:109} INFO - [2022-06-24 16:24:39,425] {dag.py:2398} INFO - Sync 1 DAGs
[2022-06-24 16:24:39,436] {logging_mixin.py:109} INFO - [2022-06-24 16:24:39,436] {dag.py:2937} INFO - Setting next_dagrun for example_bash_operator to 2022-06-23 00:00:00+00:00
[2022-06-24 16:24:39,442] {processor.py:171} INFO - Processing /home/airflow/.local/lib/python3.7/site-packages/airflow/example_dags/example_bash_operator.py took 0.042 seconds
[2022-06-24 16:25:09,821] {processor.py:163} INFO - Started process (PID=1111) to work on /home/airflow/.local/lib/python3.7/site-packages/airflow/example_dags/example_bash_operator.py
[2022-06-24 16:25:09,822] {processor.py:642} INFO - Processing file /home/airflow/.local/lib/python3.7/site-packages/airflow/example_dags/example_bash_operator.py for tasks to queue
[2022-06-24 16:25:09,822] {logging_mixin.py:109} INFO - [2022-06-24 16:25:09,822] {dagbag.py:500} INFO - Filling up the DagBag from /home/airflow/.local/lib/python3.7/site-packages/airflow/example_dags/example_bash_operator.py
[2022-06-24 16:25:09,833] {processor.py:652} INFO - DAG(s) dict_keys(['example_bash_operator']) retrieved from /home/airflow/.local/lib/python3.7/site-packages/airflow/example_dags/example_bash_operator.py
[2022-06-24 16:25:09,845] {logging_mixin.py:109} INFO - [2022-06-24 16:25:09,845] {dag.py:2398} INFO - Sync 1 DAGs
[2022-06-24 16:25:09,856] {logging_mixin.py:109} INFO - [2022-06-24 16:25:09,856] {dag.py:2937} INFO - Setting next_dagrun for example_bash_operator to 2022-06-23 00:00:00+00:00
[2022-06-24 16:25:09,862] {processor.py:171} INFO - Processing /home/airflow/.local/lib/python3.7/site-packages/airflow/example_dags/example_bash_operator.py took 0.042 seconds
[2022-06-24 16:25:40,435] {processor.py:163} INFO - Started process (PID=1171) to work on /home/airflow/.local/lib/python3.7/site-packages/airflow/example_dags/example_bash_operator.py
[2022-06-24 16:25:40,435] {processor.py:642} INFO - Processing file /home/airflow/.local/lib/python3.7/site-packages/airflow/example_dags/example_bash_operator.py for tasks to queue
[2022-06-24 16:25:40,436] {logging_mixin.py:109} INFO - [2022-06-24 16:25:40,436] {dagbag.py:500} INFO - Filling up the DagBag from /home/airflow/.local/lib/python3.7/site-packages/airflow/example_dags/example_bash_operator.py
[2022-06-24 16:25:40,446] {processor.py:652} INFO - DAG(s) dict_keys(['example_bash_operator']) retrieved from /home/airflow/.local/lib/python3.7/site-packages/airflow/example_dags/example_bash_operator.py
[2022-06-24 16:25:40,458] {logging_mixin.py:109} INFO - [2022-06-24 16:25:40,458] {dag.py:2398} INFO - Sync 1 DAGs
[2022-06-24 16:25:40,469] {logging_mixin.py:109} INFO - [2022-06-24 16:25:40,469] {dag.py:2937} INFO - Setting next_dagrun for example_bash_operator to 2022-06-23 00:00:00+00:00
[2022-06-24 16:25:40,474] {processor.py:171} INFO - Processing /home/airflow/.local/lib/python3.7/site-packages/airflow/example_dags/example_bash_operator.py took 0.041 seconds
[2022-06-24 16:26:10,959] {processor.py:163} INFO - Started process (PID=1222) to work on /home/airflow/.local/lib/python3.7/site-packages/airflow/example_dags/example_bash_operator.py
[2022-06-24 16:26:10,960] {processor.py:642} INFO - Processing file /home/airflow/.local/lib/python3.7/site-packages/airflow/example_dags/example_bash_operator.py for tasks to queue
[2022-06-24 16:26:10,960] {logging_mixin.py:109} INFO - [2022-06-24 16:26:10,960] {dagbag.py:500} INFO - Filling up the DagBag from /home/airflow/.local/lib/python3.7/site-packages/airflow/example_dags/example_bash_operator.py
[2022-06-24 16:26:10,971] {processor.py:652} INFO - DAG(s) dict_keys(['example_bash_operator']) retrieved from /home/airflow/.local/lib/python3.7/site-packages/airflow/example_dags/example_bash_operator.py
[2022-06-24 16:26:10,984] {logging_mixin.py:109} INFO - [2022-06-24 16:26:10,984] {dag.py:2398} INFO - Sync 1 DAGs
[2022-06-24 16:26:10,996] {logging_mixin.py:109} INFO - [2022-06-24 16:26:10,996] {dag.py:2937} INFO - Setting next_dagrun for example_bash_operator to 2022-06-23 00:00:00+00:00
[2022-06-24 16:26:11,001] {processor.py:171} INFO - Processing /home/airflow/.local/lib/python3.7/site-packages/airflow/example_dags/example_bash_operator.py took 0.044 seconds
[2022-06-24 16:26:41,495] {processor.py:163} INFO - Started process (PID=1283) to work on /home/airflow/.local/lib/python3.7/site-packages/airflow/example_dags/example_bash_operator.py
[2022-06-24 16:26:41,495] {processor.py:642} INFO - Processing file /home/airflow/.local/lib/python3.7/site-packages/airflow/example_dags/example_bash_operator.py for tasks to queue
[2022-06-24 16:26:41,495] {logging_mixin.py:109} INFO - [2022-06-24 16:26:41,495] {dagbag.py:500} INFO - Filling up the DagBag from /home/airflow/.local/lib/python3.7/site-packages/airflow/example_dags/example_bash_operator.py
[2022-06-24 16:26:41,506] {processor.py:652} INFO - DAG(s) dict_keys(['example_bash_operator']) retrieved from /home/airflow/.local/lib/python3.7/site-packages/airflow/example_dags/example_bash_operator.py
[2022-06-24 16:26:41,521] {logging_mixin.py:109} INFO - [2022-06-24 16:26:41,521] {dag.py:2398} INFO - Sync 1 DAGs
[2022-06-24 16:26:41,536] {logging_mixin.py:109} INFO - [2022-06-24 16:26:41,536] {dag.py:2937} INFO - Setting next_dagrun for example_bash_operator to 2022-06-23 00:00:00+00:00
[2022-06-24 16:26:41,543] {processor.py:171} INFO - Processing /home/airflow/.local/lib/python3.7/site-packages/airflow/example_dags/example_bash_operator.py took 0.050 seconds
[2022-06-24 16:27:11,980] {processor.py:163} INFO - Started process (PID=1344) to work on /home/airflow/.local/lib/python3.7/site-packages/airflow/example_dags/example_bash_operator.py
[2022-06-24 16:27:11,981] {processor.py:642} INFO - Processing file /home/airflow/.local/lib/python3.7/site-packages/airflow/example_dags/example_bash_operator.py for tasks to queue
[2022-06-24 16:27:11,982] {logging_mixin.py:109} INFO - [2022-06-24 16:27:11,982] {dagbag.py:500} INFO - Filling up the DagBag from /home/airflow/.local/lib/python3.7/site-packages/airflow/example_dags/example_bash_operator.py
[2022-06-24 16:27:11,994] {processor.py:652} INFO - DAG(s) dict_keys(['example_bash_operator']) retrieved from /home/airflow/.local/lib/python3.7/site-packages/airflow/example_dags/example_bash_operator.py
[2022-06-24 16:27:12,008] {logging_mixin.py:109} INFO - [2022-06-24 16:27:12,008] {dag.py:2398} INFO - Sync 1 DAGs
[2022-06-24 16:27:12,023] {logging_mixin.py:109} INFO - [2022-06-24 16:27:12,023] {dag.py:2937} INFO - Setting next_dagrun for example_bash_operator to 2022-06-23 00:00:00+00:00
[2022-06-24 16:27:12,029] {processor.py:171} INFO - Processing /home/airflow/.local/lib/python3.7/site-packages/airflow/example_dags/example_bash_operator.py took 0.051 seconds
[2022-06-24 16:27:42,709] {processor.py:163} INFO - Started process (PID=1395) to work on /home/airflow/.local/lib/python3.7/site-packages/airflow/example_dags/example_bash_operator.py
[2022-06-24 16:27:42,710] {processor.py:642} INFO - Processing file /home/airflow/.local/lib/python3.7/site-packages/airflow/example_dags/example_bash_operator.py for tasks to queue
[2022-06-24 16:27:42,710] {logging_mixin.py:109} INFO - [2022-06-24 16:27:42,710] {dagbag.py:500} INFO - Filling up the DagBag from /home/airflow/.local/lib/python3.7/site-packages/airflow/example_dags/example_bash_operator.py
[2022-06-24 16:27:42,721] {processor.py:652} INFO - DAG(s) dict_keys(['example_bash_operator']) retrieved from /home/airflow/.local/lib/python3.7/site-packages/airflow/example_dags/example_bash_operator.py
[2022-06-24 16:27:42,734] {logging_mixin.py:109} INFO - [2022-06-24 16:27:42,734] {dag.py:2398} INFO - Sync 1 DAGs
[2022-06-24 16:27:42,745] {logging_mixin.py:109} INFO - [2022-06-24 16:27:42,745] {dag.py:2937} INFO - Setting next_dagrun for example_bash_operator to 2022-06-23 00:00:00+00:00
[2022-06-24 16:27:42,752] {processor.py:171} INFO - Processing /home/airflow/.local/lib/python3.7/site-packages/airflow/example_dags/example_bash_operator.py took 0.044 seconds
[2022-06-24 16:28:13,182] {processor.py:163} INFO - Started process (PID=1453) to work on /home/airflow/.local/lib/python3.7/site-packages/airflow/example_dags/example_bash_operator.py
[2022-06-24 16:28:13,183] {processor.py:642} INFO - Processing file /home/airflow/.local/lib/python3.7/site-packages/airflow/example_dags/example_bash_operator.py for tasks to queue
[2022-06-24 16:28:13,183] {logging_mixin.py:109} INFO - [2022-06-24 16:28:13,183] {dagbag.py:500} INFO - Filling up the DagBag from /home/airflow/.local/lib/python3.7/site-packages/airflow/example_dags/example_bash_operator.py
[2022-06-24 16:28:13,194] {processor.py:652} INFO - DAG(s) dict_keys(['example_bash_operator']) retrieved from /home/airflow/.local/lib/python3.7/site-packages/airflow/example_dags/example_bash_operator.py
[2022-06-24 16:28:13,206] {logging_mixin.py:109} INFO - [2022-06-24 16:28:13,206] {dag.py:2398} INFO - Sync 1 DAGs
[2022-06-24 16:28:13,216] {logging_mixin.py:109} INFO - [2022-06-24 16:28:13,216] {dag.py:2937} INFO - Setting next_dagrun for example_bash_operator to 2022-06-23 00:00:00+00:00
[2022-06-24 16:28:13,222] {processor.py:171} INFO - Processing /home/airflow/.local/lib/python3.7/site-packages/airflow/example_dags/example_bash_operator.py took 0.042 seconds
[2022-06-24 16:28:43,739] {processor.py:163} INFO - Started process (PID=1513) to work on /home/airflow/.local/lib/python3.7/site-packages/airflow/example_dags/example_bash_operator.py
[2022-06-24 16:28:43,740] {processor.py:642} INFO - Processing file /home/airflow/.local/lib/python3.7/site-packages/airflow/example_dags/example_bash_operator.py for tasks to queue
[2022-06-24 16:28:43,740] {logging_mixin.py:109} INFO - [2022-06-24 16:28:43,740] {dagbag.py:500} INFO - Filling up the DagBag from /home/airflow/.local/lib/python3.7/site-packages/airflow/example_dags/example_bash_operator.py
[2022-06-24 16:28:43,752] {processor.py:652} INFO - DAG(s) dict_keys(['example_bash_operator']) retrieved from /home/airflow/.local/lib/python3.7/site-packages/airflow/example_dags/example_bash_operator.py
[2022-06-24 16:28:43,763] {logging_mixin.py:109} INFO - [2022-06-24 16:28:43,763] {dag.py:2398} INFO - Sync 1 DAGs
[2022-06-24 16:28:43,774] {logging_mixin.py:109} INFO - [2022-06-24 16:28:43,774] {dag.py:2937} INFO - Setting next_dagrun for example_bash_operator to 2022-06-23 00:00:00+00:00
[2022-06-24 16:28:43,779] {processor.py:171} INFO - Processing /home/airflow/.local/lib/python3.7/site-packages/airflow/example_dags/example_bash_operator.py took 0.041 seconds
[2022-06-24 16:29:14,096] {processor.py:163} INFO - Started process (PID=1565) to work on /home/airflow/.local/lib/python3.7/site-packages/airflow/example_dags/example_bash_operator.py
[2022-06-24 16:29:14,097] {processor.py:642} INFO - Processing file /home/airflow/.local/lib/python3.7/site-packages/airflow/example_dags/example_bash_operator.py for tasks to queue
[2022-06-24 16:29:14,098] {logging_mixin.py:109} INFO - [2022-06-24 16:29:14,097] {dagbag.py:500} INFO - Filling up the DagBag from /home/airflow/.local/lib/python3.7/site-packages/airflow/example_dags/example_bash_operator.py
[2022-06-24 16:29:14,109] {processor.py:652} INFO - DAG(s) dict_keys(['example_bash_operator']) retrieved from /home/airflow/.local/lib/python3.7/site-packages/airflow/example_dags/example_bash_operator.py
[2022-06-24 16:29:14,121] {logging_mixin.py:109} INFO - [2022-06-24 16:29:14,121] {dag.py:2398} INFO - Sync 1 DAGs
[2022-06-24 16:29:14,131] {logging_mixin.py:109} INFO - [2022-06-24 16:29:14,131] {dag.py:2937} INFO - Setting next_dagrun for example_bash_operator to 2022-06-23 00:00:00+00:00
[2022-06-24 16:29:14,136] {processor.py:171} INFO - Processing /home/airflow/.local/lib/python3.7/site-packages/airflow/example_dags/example_bash_operator.py took 0.042 seconds
[2022-06-24 16:29:44,718] {processor.py:163} INFO - Started process (PID=1625) to work on /home/airflow/.local/lib/python3.7/site-packages/airflow/example_dags/example_bash_operator.py
[2022-06-24 16:29:44,718] {processor.py:642} INFO - Processing file /home/airflow/.local/lib/python3.7/site-packages/airflow/example_dags/example_bash_operator.py for tasks to queue
[2022-06-24 16:29:44,719] {logging_mixin.py:109} INFO - [2022-06-24 16:29:44,718] {dagbag.py:500} INFO - Filling up the DagBag from /home/airflow/.local/lib/python3.7/site-packages/airflow/example_dags/example_bash_operator.py
[2022-06-24 16:29:44,733] {processor.py:652} INFO - DAG(s) dict_keys(['example_bash_operator']) retrieved from /home/airflow/.local/lib/python3.7/site-packages/airflow/example_dags/example_bash_operator.py
[2022-06-24 16:29:44,751] {logging_mixin.py:109} INFO - [2022-06-24 16:29:44,751] {dag.py:2398} INFO - Sync 1 DAGs
[2022-06-24 16:29:44,764] {logging_mixin.py:109} INFO - [2022-06-24 16:29:44,764] {dag.py:2937} INFO - Setting next_dagrun for example_bash_operator to 2022-06-23 00:00:00+00:00
[2022-06-24 16:29:44,772] {processor.py:171} INFO - Processing /home/airflow/.local/lib/python3.7/site-packages/airflow/example_dags/example_bash_operator.py took 0.056 seconds
[2022-06-24 16:30:15,615] {processor.py:163} INFO - Started process (PID=1692) to work on /home/airflow/.local/lib/python3.7/site-packages/airflow/example_dags/example_bash_operator.py
[2022-06-24 16:30:15,616] {processor.py:642} INFO - Processing file /home/airflow/.local/lib/python3.7/site-packages/airflow/example_dags/example_bash_operator.py for tasks to queue
[2022-06-24 16:30:15,617] {logging_mixin.py:109} INFO - [2022-06-24 16:30:15,617] {dagbag.py:500} INFO - Filling up the DagBag from /home/airflow/.local/lib/python3.7/site-packages/airflow/example_dags/example_bash_operator.py
[2022-06-24 16:30:15,630] {processor.py:652} INFO - DAG(s) dict_keys(['example_bash_operator']) retrieved from /home/airflow/.local/lib/python3.7/site-packages/airflow/example_dags/example_bash_operator.py
[2022-06-24 16:30:15,644] {logging_mixin.py:109} INFO - [2022-06-24 16:30:15,644] {dag.py:2398} INFO - Sync 1 DAGs
[2022-06-24 16:30:15,657] {logging_mixin.py:109} INFO - [2022-06-24 16:30:15,657] {dag.py:2937} INFO - Setting next_dagrun for example_bash_operator to 2022-06-24T00:00:00+00:00
[2022-06-24 16:30:15,666] {processor.py:171} INFO - Processing /home/airflow/.local/lib/python3.7/site-packages/airflow/example_dags/example_bash_operator.py took 0.053 seconds
[2022-06-24 16:30:46,183] {processor.py:163} INFO - Started process (PID=1743) to work on /home/airflow/.local/lib/python3.7/site-packages/airflow/example_dags/example_bash_operator.py
[2022-06-24 16:30:46,184] {processor.py:642} INFO - Processing file /home/airflow/.local/lib/python3.7/site-packages/airflow/example_dags/example_bash_operator.py for tasks to queue
[2022-06-24 16:30:46,184] {logging_mixin.py:109} INFO - [2022-06-24 16:30:46,184] {dagbag.py:500} INFO - Filling up the DagBag from /home/airflow/.local/lib/python3.7/site-packages/airflow/example_dags/example_bash_operator.py
[2022-06-24 16:30:46,195] {processor.py:652} INFO - DAG(s) dict_keys(['example_bash_operator']) retrieved from /home/airflow/.local/lib/python3.7/site-packages/airflow/example_dags/example_bash_operator.py
[2022-06-24 16:30:46,208] {logging_mixin.py:109} INFO - [2022-06-24 16:30:46,208] {dag.py:2398} INFO - Sync 1 DAGs
[2022-06-24 16:30:46,220] {logging_mixin.py:109} INFO - [2022-06-24 16:30:46,220] {dag.py:2937} INFO - Setting next_dagrun for example_bash_operator to 2022-06-24T00:00:00+00:00
[2022-06-24 16:30:46,226] {processor.py:171} INFO - Processing /home/airflow/.local/lib/python3.7/site-packages/airflow/example_dags/example_bash_operator.py took 0.044 seconds
[2022-06-24 16:31:16,867] {processor.py:163} INFO - Started process (PID=1801) to work on /home/airflow/.local/lib/python3.7/site-packages/airflow/example_dags/example_bash_operator.py
[2022-06-24 16:31:16,867] {processor.py:642} INFO - Processing file /home/airflow/.local/lib/python3.7/site-packages/airflow/example_dags/example_bash_operator.py for tasks to queue
[2022-06-24 16:31:16,868] {logging_mixin.py:109} INFO - [2022-06-24 16:31:16,868] {dagbag.py:500} INFO - Filling up the DagBag from /home/airflow/.local/lib/python3.7/site-packages/airflow/example_dags/example_bash_operator.py
[2022-06-24 16:31:16,879] {processor.py:652} INFO - DAG(s) dict_keys(['example_bash_operator']) retrieved from /home/airflow/.local/lib/python3.7/site-packages/airflow/example_dags/example_bash_operator.py
[2022-06-24 16:31:16,895] {logging_mixin.py:109} INFO - [2022-06-24 16:31:16,895] {dag.py:2398} INFO - Sync 1 DAGs
[2022-06-24 16:31:16,908] {logging_mixin.py:109} INFO - [2022-06-24 16:31:16,908] {dag.py:2937} INFO - Setting next_dagrun for example_bash_operator to 2022-06-24T00:00:00+00:00
[2022-06-24 16:31:16,914] {processor.py:171} INFO - Processing /home/airflow/.local/lib/python3.7/site-packages/airflow/example_dags/example_bash_operator.py took 0.049 seconds
[2022-06-24 16:31:47,622] {processor.py:163} INFO - Started process (PID=1860) to work on /home/airflow/.local/lib/python3.7/site-packages/airflow/example_dags/example_bash_operator.py
[2022-06-24 16:31:47,623] {processor.py:642} INFO - Processing file /home/airflow/.local/lib/python3.7/site-packages/airflow/example_dags/example_bash_operator.py for tasks to queue
[2022-06-24 16:31:47,623] {logging_mixin.py:109} INFO - [2022-06-24 16:31:47,623] {dagbag.py:500} INFO - Filling up the DagBag from /home/airflow/.local/lib/python3.7/site-packages/airflow/example_dags/example_bash_operator.py
[2022-06-24 16:31:47,634] {processor.py:652} INFO - DAG(s) dict_keys(['example_bash_operator']) retrieved from /home/airflow/.local/lib/python3.7/site-packages/airflow/example_dags/example_bash_operator.py
[2022-06-24 16:31:47,646] {logging_mixin.py:109} INFO - [2022-06-24 16:31:47,646] {dag.py:2398} INFO - Sync 1 DAGs
[2022-06-24 16:31:47,656] {logging_mixin.py:109} INFO - [2022-06-24 16:31:47,656] {dag.py:2937} INFO - Setting next_dagrun for example_bash_operator to 2022-06-24T00:00:00+00:00
[2022-06-24 16:31:47,662] {processor.py:171} INFO - Processing /home/airflow/.local/lib/python3.7/site-packages/airflow/example_dags/example_bash_operator.py took 0.041 seconds
[2022-06-24 16:32:18,094] {processor.py:163} INFO - Started process (PID=1910) to work on /home/airflow/.local/lib/python3.7/site-packages/airflow/example_dags/example_bash_operator.py
[2022-06-24 16:32:18,095] {processor.py:642} INFO - Processing file /home/airflow/.local/lib/python3.7/site-packages/airflow/example_dags/example_bash_operator.py for tasks to queue
[2022-06-24 16:32:18,095] {logging_mixin.py:109} INFO - [2022-06-24 16:32:18,095] {dagbag.py:500} INFO - Filling up the DagBag from /home/airflow/.local/lib/python3.7/site-packages/airflow/example_dags/example_bash_operator.py
[2022-06-24 16:32:18,107] {processor.py:652} INFO - DAG(s) dict_keys(['example_bash_operator']) retrieved from /home/airflow/.local/lib/python3.7/site-packages/airflow/example_dags/example_bash_operator.py
[2022-06-24 16:32:18,120] {logging_mixin.py:109} INFO - [2022-06-24 16:32:18,119] {dag.py:2398} INFO - Sync 1 DAGs
[2022-06-24 16:32:18,130] {logging_mixin.py:109} INFO - [2022-06-24 16:32:18,130] {dag.py:2937} INFO - Setting next_dagrun for example_bash_operator to 2022-06-24T00:00:00+00:00
[2022-06-24 16:32:18,135] {processor.py:171} INFO - Processing /home/airflow/.local/lib/python3.7/site-packages/airflow/example_dags/example_bash_operator.py took 0.043 seconds
[2022-06-24 16:32:48,817] {processor.py:163} INFO - Started process (PID=1970) to work on /home/airflow/.local/lib/python3.7/site-packages/airflow/example_dags/example_bash_operator.py
[2022-06-24 16:32:48,817] {processor.py:642} INFO - Processing file /home/airflow/.local/lib/python3.7/site-packages/airflow/example_dags/example_bash_operator.py for tasks to queue
[2022-06-24 16:32:48,818] {logging_mixin.py:109} INFO - [2022-06-24 16:32:48,818] {dagbag.py:500} INFO - Filling up the DagBag from /home/airflow/.local/lib/python3.7/site-packages/airflow/example_dags/example_bash_operator.py
[2022-06-24 16:32:48,832] {processor.py:652} INFO - DAG(s) dict_keys(['example_bash_operator']) retrieved from /home/airflow/.local/lib/python3.7/site-packages/airflow/example_dags/example_bash_operator.py
[2022-06-24 16:32:48,848] {logging_mixin.py:109} INFO - [2022-06-24 16:32:48,848] {dag.py:2398} INFO - Sync 1 DAGs
[2022-06-24 16:32:48,860] {logging_mixin.py:109} INFO - [2022-06-24 16:32:48,860] {dag.py:2937} INFO - Setting next_dagrun for example_bash_operator to 2022-06-24T00:00:00+00:00
[2022-06-24 16:32:48,867] {processor.py:171} INFO - Processing /home/airflow/.local/lib/python3.7/site-packages/airflow/example_dags/example_bash_operator.py took 0.052 seconds
[2022-06-24 16:33:19,373] {processor.py:163} INFO - Started process (PID=2030) to work on /home/airflow/.local/lib/python3.7/site-packages/airflow/example_dags/example_bash_operator.py
[2022-06-24 16:33:19,374] {processor.py:642} INFO - Processing file /home/airflow/.local/lib/python3.7/site-packages/airflow/example_dags/example_bash_operator.py for tasks to queue
[2022-06-24 16:33:19,374] {logging_mixin.py:109} INFO - [2022-06-24 16:33:19,374] {dagbag.py:500} INFO - Filling up the DagBag from /home/airflow/.local/lib/python3.7/site-packages/airflow/example_dags/example_bash_operator.py
[2022-06-24 16:33:19,385] {processor.py:652} INFO - DAG(s) dict_keys(['example_bash_operator']) retrieved from /home/airflow/.local/lib/python3.7/site-packages/airflow/example_dags/example_bash_operator.py
[2022-06-24 16:33:19,399] {logging_mixin.py:109} INFO - [2022-06-24 16:33:19,399] {dag.py:2398} INFO - Sync 1 DAGs
[2022-06-24 16:33:19,411] {logging_mixin.py:109} INFO - [2022-06-24 16:33:19,411] {dag.py:2937} INFO - Setting next_dagrun for example_bash_operator to 2022-06-24T00:00:00+00:00
[2022-06-24 16:33:19,418] {processor.py:171} INFO - Processing /home/airflow/.local/lib/python3.7/site-packages/airflow/example_dags/example_bash_operator.py took 0.047 seconds
[2022-06-24 16:33:50,005] {processor.py:163} INFO - Started process (PID=2082) to work on /home/airflow/.local/lib/python3.7/site-packages/airflow/example_dags/example_bash_operator.py
[2022-06-24 16:33:50,005] {processor.py:642} INFO - Processing file /home/airflow/.local/lib/python3.7/site-packages/airflow/example_dags/example_bash_operator.py for tasks to queue
[2022-06-24 16:33:50,006] {logging_mixin.py:109} INFO - [2022-06-24 16:33:50,006] {dagbag.py:500} INFO - Filling up the DagBag from /home/airflow/.local/lib/python3.7/site-packages/airflow/example_dags/example_bash_operator.py
[2022-06-24 16:33:50,019] {processor.py:652} INFO - DAG(s) dict_keys(['example_bash_operator']) retrieved from /home/airflow/.local/lib/python3.7/site-packages/airflow/example_dags/example_bash_operator.py
[2022-06-24 16:33:50,032] {logging_mixin.py:109} INFO - [2022-06-24 16:33:50,032] {dag.py:2398} INFO - Sync 1 DAGs
[2022-06-24 16:33:50,045] {logging_mixin.py:109} INFO - [2022-06-24 16:33:50,045] {dag.py:2937} INFO - Setting next_dagrun for example_bash_operator to 2022-06-24T00:00:00+00:00
[2022-06-24 16:33:50,052] {processor.py:171} INFO - Processing /home/airflow/.local/lib/python3.7/site-packages/airflow/example_dags/example_bash_operator.py took 0.050 seconds
[2022-06-24 16:34:20,864] {processor.py:163} INFO - Started process (PID=2143) to work on /home/airflow/.local/lib/python3.7/site-packages/airflow/example_dags/example_bash_operator.py
[2022-06-24 16:34:20,865] {processor.py:642} INFO - Processing file /home/airflow/.local/lib/python3.7/site-packages/airflow/example_dags/example_bash_operator.py for tasks to queue
[2022-06-24 16:34:20,865] {logging_mixin.py:109} INFO - [2022-06-24 16:34:20,865] {dagbag.py:500} INFO - Filling up the DagBag from /home/airflow/.local/lib/python3.7/site-packages/airflow/example_dags/example_bash_operator.py
[2022-06-24 16:34:20,875] {processor.py:652} INFO - DAG(s) dict_keys(['example_bash_operator']) retrieved from /home/airflow/.local/lib/python3.7/site-packages/airflow/example_dags/example_bash_operator.py
[2022-06-24 16:34:20,893] {logging_mixin.py:109} INFO - [2022-06-24 16:34:20,893] {dag.py:2398} INFO - Sync 1 DAGs
[2022-06-24 16:34:20,905] {logging_mixin.py:109} INFO - [2022-06-24 16:34:20,905] {dag.py:2937} INFO - Setting next_dagrun for example_bash_operator to 2022-06-24T00:00:00+00:00
[2022-06-24 16:34:20,911] {processor.py:171} INFO - Processing /home/airflow/.local/lib/python3.7/site-packages/airflow/example_dags/example_bash_operator.py took 0.049 seconds
[2022-06-24 16:34:51,330] {processor.py:163} INFO - Started process (PID=2203) to work on /home/airflow/.local/lib/python3.7/site-packages/airflow/example_dags/example_bash_operator.py
[2022-06-24 16:34:51,331] {processor.py:642} INFO - Processing file /home/airflow/.local/lib/python3.7/site-packages/airflow/example_dags/example_bash_operator.py for tasks to queue
[2022-06-24 16:34:51,332] {logging_mixin.py:109} INFO - [2022-06-24 16:34:51,332] {dagbag.py:500} INFO - Filling up the DagBag from /home/airflow/.local/lib/python3.7/site-packages/airflow/example_dags/example_bash_operator.py
[2022-06-24 16:34:51,352] {processor.py:652} INFO - DAG(s) dict_keys(['example_bash_operator']) retrieved from /home/airflow/.local/lib/python3.7/site-packages/airflow/example_dags/example_bash_operator.py
[2022-06-24 16:34:51,377] {logging_mixin.py:109} INFO - [2022-06-24 16:34:51,377] {dag.py:2398} INFO - Sync 1 DAGs
[2022-06-24 16:34:51,417] {logging_mixin.py:109} INFO - [2022-06-24 16:34:51,417] {dag.py:2937} INFO - Setting next_dagrun for example_bash_operator to 2022-06-24T00:00:00+00:00
[2022-06-24 16:34:51,430] {processor.py:171} INFO - Processing /home/airflow/.local/lib/python3.7/site-packages/airflow/example_dags/example_bash_operator.py took 0.103 seconds
[2022-06-24 16:35:21,881] {processor.py:163} INFO - Started process (PID=2252) to work on /home/airflow/.local/lib/python3.7/site-packages/airflow/example_dags/example_bash_operator.py
[2022-06-24 16:35:21,882] {processor.py:642} INFO - Processing file /home/airflow/.local/lib/python3.7/site-packages/airflow/example_dags/example_bash_operator.py for tasks to queue
[2022-06-24 16:35:21,882] {logging_mixin.py:109} INFO - [2022-06-24 16:35:21,882] {dagbag.py:500} INFO - Filling up the DagBag from /home/airflow/.local/lib/python3.7/site-packages/airflow/example_dags/example_bash_operator.py
[2022-06-24 16:35:21,894] {processor.py:652} INFO - DAG(s) dict_keys(['example_bash_operator']) retrieved from /home/airflow/.local/lib/python3.7/site-packages/airflow/example_dags/example_bash_operator.py
[2022-06-24 16:35:21,906] {logging_mixin.py:109} INFO - [2022-06-24 16:35:21,906] {dag.py:2398} INFO - Sync 1 DAGs
[2022-06-24 16:35:21,918] {logging_mixin.py:109} INFO - [2022-06-24 16:35:21,918] {dag.py:2937} INFO - Setting next_dagrun for example_bash_operator to 2022-06-24T00:00:00+00:00
[2022-06-24 16:35:21,926] {processor.py:171} INFO - Processing /home/airflow/.local/lib/python3.7/site-packages/airflow/example_dags/example_bash_operator.py took 0.047 seconds
[2022-06-24 16:35:52,521] {processor.py:163} INFO - Started process (PID=2312) to work on /home/airflow/.local/lib/python3.7/site-packages/airflow/example_dags/example_bash_operator.py
[2022-06-24 16:35:52,522] {processor.py:642} INFO - Processing file /home/airflow/.local/lib/python3.7/site-packages/airflow/example_dags/example_bash_operator.py for tasks to queue
[2022-06-24 16:35:52,522] {logging_mixin.py:109} INFO - [2022-06-24 16:35:52,522] {dagbag.py:500} INFO - Filling up the DagBag from /home/airflow/.local/lib/python3.7/site-packages/airflow/example_dags/example_bash_operator.py
[2022-06-24 16:35:52,534] {processor.py:652} INFO - DAG(s) dict_keys(['example_bash_operator']) retrieved from /home/airflow/.local/lib/python3.7/site-packages/airflow/example_dags/example_bash_operator.py
[2022-06-24 16:35:52,546] {logging_mixin.py:109} INFO - [2022-06-24 16:35:52,546] {dag.py:2398} INFO - Sync 1 DAGs
[2022-06-24 16:35:52,558] {logging_mixin.py:109} INFO - [2022-06-24 16:35:52,558] {dag.py:2937} INFO - Setting next_dagrun for example_bash_operator to 2022-06-24T00:00:00+00:00
[2022-06-24 16:35:52,564] {processor.py:171} INFO - Processing /home/airflow/.local/lib/python3.7/site-packages/airflow/example_dags/example_bash_operator.py took 0.045 seconds
[2022-06-24 16:36:23,329] {processor.py:163} INFO - Started process (PID=2372) to work on /home/airflow/.local/lib/python3.7/site-packages/airflow/example_dags/example_bash_operator.py
[2022-06-24 16:36:23,330] {processor.py:642} INFO - Processing file /home/airflow/.local/lib/python3.7/site-packages/airflow/example_dags/example_bash_operator.py for tasks to queue
[2022-06-24 16:36:23,331] {logging_mixin.py:109} INFO - [2022-06-24 16:36:23,331] {dagbag.py:500} INFO - Filling up the DagBag from /home/airflow/.local/lib/python3.7/site-packages/airflow/example_dags/example_bash_operator.py
[2022-06-24 16:36:23,346] {processor.py:652} INFO - DAG(s) dict_keys(['example_bash_operator']) retrieved from /home/airflow/.local/lib/python3.7/site-packages/airflow/example_dags/example_bash_operator.py
[2022-06-24 16:36:23,363] {logging_mixin.py:109} INFO - [2022-06-24 16:36:23,363] {dag.py:2398} INFO - Sync 1 DAGs
[2022-06-24 16:36:23,375] {logging_mixin.py:109} INFO - [2022-06-24 16:36:23,375] {dag.py:2937} INFO - Setting next_dagrun for example_bash_operator to 2022-06-24T00:00:00+00:00
[2022-06-24 16:36:23,383] {processor.py:171} INFO - Processing /home/airflow/.local/lib/python3.7/site-packages/airflow/example_dags/example_bash_operator.py took 0.056 seconds
[2022-06-24 16:36:54,221] {processor.py:163} INFO - Started process (PID=2423) to work on /home/airflow/.local/lib/python3.7/site-packages/airflow/example_dags/example_bash_operator.py
[2022-06-24 16:36:54,221] {processor.py:642} INFO - Processing file /home/airflow/.local/lib/python3.7/site-packages/airflow/example_dags/example_bash_operator.py for tasks to queue
[2022-06-24 16:36:54,222] {logging_mixin.py:109} INFO - [2022-06-24 16:36:54,222] {dagbag.py:500} INFO - Filling up the DagBag from /home/airflow/.local/lib/python3.7/site-packages/airflow/example_dags/example_bash_operator.py
[2022-06-24 16:36:54,233] {processor.py:652} INFO - DAG(s) dict_keys(['example_bash_operator']) retrieved from /home/airflow/.local/lib/python3.7/site-packages/airflow/example_dags/example_bash_operator.py
[2022-06-24 16:36:54,249] {logging_mixin.py:109} INFO - [2022-06-24 16:36:54,249] {dag.py:2398} INFO - Sync 1 DAGs
[2022-06-24 16:36:54,263] {logging_mixin.py:109} INFO - [2022-06-24 16:36:54,263] {dag.py:2937} INFO - Setting next_dagrun for example_bash_operator to 2022-06-24T00:00:00+00:00
[2022-06-24 16:36:54,270] {processor.py:171} INFO - Processing /home/airflow/.local/lib/python3.7/site-packages/airflow/example_dags/example_bash_operator.py took 0.052 seconds
[2022-06-24 16:37:24,859] {processor.py:163} INFO - Started process (PID=2482) to work on /home/airflow/.local/lib/python3.7/site-packages/airflow/example_dags/example_bash_operator.py
[2022-06-24 16:37:24,859] {processor.py:642} INFO - Processing file /home/airflow/.local/lib/python3.7/site-packages/airflow/example_dags/example_bash_operator.py for tasks to queue
[2022-06-24 16:37:24,860] {logging_mixin.py:109} INFO - [2022-06-24 16:37:24,860] {dagbag.py:500} INFO - Filling up the DagBag from /home/airflow/.local/lib/python3.7/site-packages/airflow/example_dags/example_bash_operator.py
[2022-06-24 16:37:24,871] {processor.py:652} INFO - DAG(s) dict_keys(['example_bash_operator']) retrieved from /home/airflow/.local/lib/python3.7/site-packages/airflow/example_dags/example_bash_operator.py
[2022-06-24 16:37:24,887] {logging_mixin.py:109} INFO - [2022-06-24 16:37:24,887] {dag.py:2398} INFO - Sync 1 DAGs
[2022-06-24 16:37:24,902] {logging_mixin.py:109} INFO - [2022-06-24 16:37:24,902] {dag.py:2937} INFO - Setting next_dagrun for example_bash_operator to 2022-06-24T00:00:00+00:00
[2022-06-24 16:37:24,909] {processor.py:171} INFO - Processing /home/airflow/.local/lib/python3.7/site-packages/airflow/example_dags/example_bash_operator.py took 0.052 seconds
[2022-06-24 16:37:55,657] {processor.py:163} INFO - Started process (PID=2542) to work on /home/airflow/.local/lib/python3.7/site-packages/airflow/example_dags/example_bash_operator.py
[2022-06-24 16:37:55,659] {processor.py:642} INFO - Processing file /home/airflow/.local/lib/python3.7/site-packages/airflow/example_dags/example_bash_operator.py for tasks to queue
[2022-06-24 16:37:55,659] {logging_mixin.py:109} INFO - [2022-06-24 16:37:55,659] {dagbag.py:500} INFO - Filling up the DagBag from /home/airflow/.local/lib/python3.7/site-packages/airflow/example_dags/example_bash_operator.py
[2022-06-24 16:37:55,676] {processor.py:652} INFO - DAG(s) dict_keys(['example_bash_operator']) retrieved from /home/airflow/.local/lib/python3.7/site-packages/airflow/example_dags/example_bash_operator.py
[2022-06-24 16:37:55,695] {logging_mixin.py:109} INFO - [2022-06-24 16:37:55,695] {dag.py:2398} INFO - Sync 1 DAGs
[2022-06-24 16:37:55,712] {logging_mixin.py:109} INFO - [2022-06-24 16:37:55,712] {dag.py:2937} INFO - Setting next_dagrun for example_bash_operator to 2022-06-24T00:00:00+00:00
[2022-06-24 16:37:55,721] {processor.py:171} INFO - Processing /home/airflow/.local/lib/python3.7/site-packages/airflow/example_dags/example_bash_operator.py took 0.066 seconds
[2022-06-24 16:38:26,517] {processor.py:163} INFO - Started process (PID=2593) to work on /home/airflow/.local/lib/python3.7/site-packages/airflow/example_dags/example_bash_operator.py
[2022-06-24 16:38:26,518] {processor.py:642} INFO - Processing file /home/airflow/.local/lib/python3.7/site-packages/airflow/example_dags/example_bash_operator.py for tasks to queue
[2022-06-24 16:38:26,518] {logging_mixin.py:109} INFO - [2022-06-24 16:38:26,518] {dagbag.py:500} INFO - Filling up the DagBag from /home/airflow/.local/lib/python3.7/site-packages/airflow/example_dags/example_bash_operator.py
[2022-06-24 16:38:26,528] {processor.py:652} INFO - DAG(s) dict_keys(['example_bash_operator']) retrieved from /home/airflow/.local/lib/python3.7/site-packages/airflow/example_dags/example_bash_operator.py
[2022-06-24 16:38:26,544] {logging_mixin.py:109} INFO - [2022-06-24 16:38:26,544] {dag.py:2398} INFO - Sync 1 DAGs
[2022-06-24 16:38:26,559] {logging_mixin.py:109} INFO - [2022-06-24 16:38:26,558] {dag.py:2937} INFO - Setting next_dagrun for example_bash_operator to 2022-06-24T00:00:00+00:00
[2022-06-24 16:38:26,565] {processor.py:171} INFO - Processing /home/airflow/.local/lib/python3.7/site-packages/airflow/example_dags/example_bash_operator.py took 0.050 seconds
