[2022-06-24 16:06:46,823] {processor.py:163} INFO - Started process (PID=64) to work on /home/airflow/.local/lib/python3.7/site-packages/airflow/example_dags/example_xcom.py
[2022-06-24 16:06:46,824] {processor.py:642} INFO - Processing file /home/airflow/.local/lib/python3.7/site-packages/airflow/example_dags/example_xcom.py for tasks to queue
[2022-06-24 16:06:46,824] {logging_mixin.py:109} INFO - [2022-06-24 16:06:46,824] {dagbag.py:500} INFO - Filling up the DagBag from /home/airflow/.local/lib/python3.7/site-packages/airflow/example_dags/example_xcom.py
[2022-06-24 16:06:46,840] {processor.py:652} INFO - DAG(s) dict_keys(['example_xcom']) retrieved from /home/airflow/.local/lib/python3.7/site-packages/airflow/example_dags/example_xcom.py
[2022-06-24 16:06:48,102] {logging_mixin.py:109} INFO - [2022-06-24 16:06:48,102] {manager.py:496} INFO - Created Permission View: can edit on DAG:example_xcom
[2022-06-24 16:06:48,107] {logging_mixin.py:109} INFO - [2022-06-24 16:06:48,107] {manager.py:496} INFO - Created Permission View: can read on DAG:example_xcom
[2022-06-24 16:06:48,107] {logging_mixin.py:109} INFO - [2022-06-24 16:06:48,107] {dag.py:2398} INFO - Sync 1 DAGs
[2022-06-24 16:06:48,111] {logging_mixin.py:109} INFO - [2022-06-24 16:06:48,111] {dag.py:2417} INFO - Creating ORM DAG for example_xcom
[2022-06-24 16:06:48,116] {logging_mixin.py:109} INFO - [2022-06-24 16:06:48,115] {dag.py:2937} INFO - Setting next_dagrun for example_xcom to 2021-01-01T00:00:00+00:00
[2022-06-24 16:06:48,122] {processor.py:171} INFO - Processing /home/airflow/.local/lib/python3.7/site-packages/airflow/example_dags/example_xcom.py took 1.300 seconds
[2022-06-24 16:07:18,213] {processor.py:163} INFO - Started process (PID=339) to work on /home/airflow/.local/lib/python3.7/site-packages/airflow/example_dags/example_xcom.py
[2022-06-24 16:07:18,214] {processor.py:642} INFO - Processing file /home/airflow/.local/lib/python3.7/site-packages/airflow/example_dags/example_xcom.py for tasks to queue
[2022-06-24 16:07:18,215] {logging_mixin.py:109} INFO - [2022-06-24 16:07:18,215] {dagbag.py:500} INFO - Filling up the DagBag from /home/airflow/.local/lib/python3.7/site-packages/airflow/example_dags/example_xcom.py
[2022-06-24 16:07:18,230] {processor.py:652} INFO - DAG(s) dict_keys(['example_xcom']) retrieved from /home/airflow/.local/lib/python3.7/site-packages/airflow/example_dags/example_xcom.py
[2022-06-24 16:07:18,404] {logging_mixin.py:109} INFO - [2022-06-24 16:07:18,403] {dag.py:2398} INFO - Sync 1 DAGs
[2022-06-24 16:07:18,415] {logging_mixin.py:109} INFO - [2022-06-24 16:07:18,415] {dag.py:2937} INFO - Setting next_dagrun for example_xcom to 2021-01-01T00:00:00+00:00
[2022-06-24 16:07:18,422] {processor.py:171} INFO - Processing /home/airflow/.local/lib/python3.7/site-packages/airflow/example_dags/example_xcom.py took 0.213 seconds
[2022-06-24 16:07:48,522] {processor.py:163} INFO - Started process (PID=399) to work on /home/airflow/.local/lib/python3.7/site-packages/airflow/example_dags/example_xcom.py
[2022-06-24 16:07:48,523] {processor.py:642} INFO - Processing file /home/airflow/.local/lib/python3.7/site-packages/airflow/example_dags/example_xcom.py for tasks to queue
[2022-06-24 16:07:48,524] {logging_mixin.py:109} INFO - [2022-06-24 16:07:48,524] {dagbag.py:500} INFO - Filling up the DagBag from /home/airflow/.local/lib/python3.7/site-packages/airflow/example_dags/example_xcom.py
[2022-06-24 16:07:48,539] {processor.py:652} INFO - DAG(s) dict_keys(['example_xcom']) retrieved from /home/airflow/.local/lib/python3.7/site-packages/airflow/example_dags/example_xcom.py
[2022-06-24 16:07:48,717] {logging_mixin.py:109} INFO - [2022-06-24 16:07:48,717] {dag.py:2398} INFO - Sync 1 DAGs
[2022-06-24 16:07:48,725] {logging_mixin.py:109} INFO - [2022-06-24 16:07:48,725] {dag.py:2937} INFO - Setting next_dagrun for example_xcom to 2021-01-01T00:00:00+00:00
[2022-06-24 16:07:48,732] {processor.py:171} INFO - Processing /home/airflow/.local/lib/python3.7/site-packages/airflow/example_dags/example_xcom.py took 0.211 seconds
[2022-06-24 16:08:18,808] {processor.py:163} INFO - Started process (PID=459) to work on /home/airflow/.local/lib/python3.7/site-packages/airflow/example_dags/example_xcom.py
[2022-06-24 16:08:18,808] {processor.py:642} INFO - Processing file /home/airflow/.local/lib/python3.7/site-packages/airflow/example_dags/example_xcom.py for tasks to queue
[2022-06-24 16:08:18,809] {logging_mixin.py:109} INFO - [2022-06-24 16:08:18,808] {dagbag.py:500} INFO - Filling up the DagBag from /home/airflow/.local/lib/python3.7/site-packages/airflow/example_dags/example_xcom.py
[2022-06-24 16:08:18,821] {processor.py:652} INFO - DAG(s) dict_keys(['example_xcom']) retrieved from /home/airflow/.local/lib/python3.7/site-packages/airflow/example_dags/example_xcom.py
[2022-06-24 16:08:19,001] {logging_mixin.py:109} INFO - [2022-06-24 16:08:19,001] {dag.py:2398} INFO - Sync 1 DAGs
[2022-06-24 16:08:19,010] {logging_mixin.py:109} INFO - [2022-06-24 16:08:19,010] {dag.py:2937} INFO - Setting next_dagrun for example_xcom to 2021-01-01T00:00:00+00:00
[2022-06-24 16:08:19,017] {processor.py:171} INFO - Processing /home/airflow/.local/lib/python3.7/site-packages/airflow/example_dags/example_xcom.py took 0.211 seconds
[2022-06-24 16:08:49,180] {processor.py:163} INFO - Started process (PID=508) to work on /home/airflow/.local/lib/python3.7/site-packages/airflow/example_dags/example_xcom.py
[2022-06-24 16:08:49,181] {processor.py:642} INFO - Processing file /home/airflow/.local/lib/python3.7/site-packages/airflow/example_dags/example_xcom.py for tasks to queue
[2022-06-24 16:08:49,181] {logging_mixin.py:109} INFO - [2022-06-24 16:08:49,181] {dagbag.py:500} INFO - Filling up the DagBag from /home/airflow/.local/lib/python3.7/site-packages/airflow/example_dags/example_xcom.py
[2022-06-24 16:08:49,194] {processor.py:652} INFO - DAG(s) dict_keys(['example_xcom']) retrieved from /home/airflow/.local/lib/python3.7/site-packages/airflow/example_dags/example_xcom.py
[2022-06-24 16:08:49,381] {logging_mixin.py:109} INFO - [2022-06-24 16:08:49,381] {dag.py:2398} INFO - Sync 1 DAGs
[2022-06-24 16:08:49,389] {logging_mixin.py:109} INFO - [2022-06-24 16:08:49,389] {dag.py:2937} INFO - Setting next_dagrun for example_xcom to 2021-01-01T00:00:00+00:00
[2022-06-24 16:08:49,396] {processor.py:171} INFO - Processing /home/airflow/.local/lib/python3.7/site-packages/airflow/example_dags/example_xcom.py took 0.218 seconds
[2022-06-24 16:09:19,463] {processor.py:163} INFO - Started process (PID=567) to work on /home/airflow/.local/lib/python3.7/site-packages/airflow/example_dags/example_xcom.py
[2022-06-24 16:09:19,464] {processor.py:642} INFO - Processing file /home/airflow/.local/lib/python3.7/site-packages/airflow/example_dags/example_xcom.py for tasks to queue
[2022-06-24 16:09:19,464] {logging_mixin.py:109} INFO - [2022-06-24 16:09:19,464] {dagbag.py:500} INFO - Filling up the DagBag from /home/airflow/.local/lib/python3.7/site-packages/airflow/example_dags/example_xcom.py
[2022-06-24 16:09:19,475] {processor.py:652} INFO - DAG(s) dict_keys(['example_xcom']) retrieved from /home/airflow/.local/lib/python3.7/site-packages/airflow/example_dags/example_xcom.py
[2022-06-24 16:09:19,662] {logging_mixin.py:109} INFO - [2022-06-24 16:09:19,662] {dag.py:2398} INFO - Sync 1 DAGs
[2022-06-24 16:09:19,672] {logging_mixin.py:109} INFO - [2022-06-24 16:09:19,672] {dag.py:2937} INFO - Setting next_dagrun for example_xcom to 2021-01-01T00:00:00+00:00
[2022-06-24 16:09:19,681] {processor.py:171} INFO - Processing /home/airflow/.local/lib/python3.7/site-packages/airflow/example_dags/example_xcom.py took 0.220 seconds
[2022-06-24 16:09:50,348] {processor.py:163} INFO - Started process (PID=627) to work on /home/airflow/.local/lib/python3.7/site-packages/airflow/example_dags/example_xcom.py
[2022-06-24 16:09:50,349] {processor.py:642} INFO - Processing file /home/airflow/.local/lib/python3.7/site-packages/airflow/example_dags/example_xcom.py for tasks to queue
[2022-06-24 16:09:50,349] {logging_mixin.py:109} INFO - [2022-06-24 16:09:50,349] {dagbag.py:500} INFO - Filling up the DagBag from /home/airflow/.local/lib/python3.7/site-packages/airflow/example_dags/example_xcom.py
[2022-06-24 16:09:50,361] {processor.py:652} INFO - DAG(s) dict_keys(['example_xcom']) retrieved from /home/airflow/.local/lib/python3.7/site-packages/airflow/example_dags/example_xcom.py
[2022-06-24 16:09:50,561] {logging_mixin.py:109} INFO - [2022-06-24 16:09:50,561] {dag.py:2398} INFO - Sync 1 DAGs
[2022-06-24 16:09:50,570] {logging_mixin.py:109} INFO - [2022-06-24 16:09:50,570] {dag.py:2937} INFO - Setting next_dagrun for example_xcom to 2021-01-01T00:00:00+00:00
[2022-06-24 16:09:50,579] {processor.py:171} INFO - Processing /home/airflow/.local/lib/python3.7/site-packages/airflow/example_dags/example_xcom.py took 0.233 seconds
[2022-06-24 16:10:20,598] {processor.py:163} INFO - Started process (PID=676) to work on /home/airflow/.local/lib/python3.7/site-packages/airflow/example_dags/example_xcom.py
[2022-06-24 16:10:20,599] {processor.py:642} INFO - Processing file /home/airflow/.local/lib/python3.7/site-packages/airflow/example_dags/example_xcom.py for tasks to queue
[2022-06-24 16:10:20,599] {logging_mixin.py:109} INFO - [2022-06-24 16:10:20,599] {dagbag.py:500} INFO - Filling up the DagBag from /home/airflow/.local/lib/python3.7/site-packages/airflow/example_dags/example_xcom.py
[2022-06-24 16:10:20,612] {processor.py:652} INFO - DAG(s) dict_keys(['example_xcom']) retrieved from /home/airflow/.local/lib/python3.7/site-packages/airflow/example_dags/example_xcom.py
[2022-06-24 16:10:20,821] {logging_mixin.py:109} INFO - [2022-06-24 16:10:20,821] {dag.py:2398} INFO - Sync 1 DAGs
[2022-06-24 16:10:20,830] {logging_mixin.py:109} INFO - [2022-06-24 16:10:20,830] {dag.py:2937} INFO - Setting next_dagrun for example_xcom to 2021-01-01T00:00:00+00:00
[2022-06-24 16:10:20,839] {processor.py:171} INFO - Processing /home/airflow/.local/lib/python3.7/site-packages/airflow/example_dags/example_xcom.py took 0.243 seconds
[2022-06-24 16:10:50,992] {processor.py:163} INFO - Started process (PID=736) to work on /home/airflow/.local/lib/python3.7/site-packages/airflow/example_dags/example_xcom.py
[2022-06-24 16:10:50,993] {processor.py:642} INFO - Processing file /home/airflow/.local/lib/python3.7/site-packages/airflow/example_dags/example_xcom.py for tasks to queue
[2022-06-24 16:10:50,993] {logging_mixin.py:109} INFO - [2022-06-24 16:10:50,993] {dagbag.py:500} INFO - Filling up the DagBag from /home/airflow/.local/lib/python3.7/site-packages/airflow/example_dags/example_xcom.py
[2022-06-24 16:10:51,004] {processor.py:652} INFO - DAG(s) dict_keys(['example_xcom']) retrieved from /home/airflow/.local/lib/python3.7/site-packages/airflow/example_dags/example_xcom.py
[2022-06-24 16:10:51,201] {logging_mixin.py:109} INFO - [2022-06-24 16:10:51,201] {dag.py:2398} INFO - Sync 1 DAGs
[2022-06-24 16:10:51,209] {logging_mixin.py:109} INFO - [2022-06-24 16:10:51,209] {dag.py:2937} INFO - Setting next_dagrun for example_xcom to 2021-01-01T00:00:00+00:00
[2022-06-24 16:10:51,215] {processor.py:171} INFO - Processing /home/airflow/.local/lib/python3.7/site-packages/airflow/example_dags/example_xcom.py took 0.226 seconds
[2022-06-24 16:11:21,255] {processor.py:163} INFO - Started process (PID=795) to work on /home/airflow/.local/lib/python3.7/site-packages/airflow/example_dags/example_xcom.py
[2022-06-24 16:11:21,256] {processor.py:642} INFO - Processing file /home/airflow/.local/lib/python3.7/site-packages/airflow/example_dags/example_xcom.py for tasks to queue
[2022-06-24 16:11:21,256] {logging_mixin.py:109} INFO - [2022-06-24 16:11:21,256] {dagbag.py:500} INFO - Filling up the DagBag from /home/airflow/.local/lib/python3.7/site-packages/airflow/example_dags/example_xcom.py
[2022-06-24 16:11:21,270] {processor.py:652} INFO - DAG(s) dict_keys(['example_xcom']) retrieved from /home/airflow/.local/lib/python3.7/site-packages/airflow/example_dags/example_xcom.py
[2022-06-24 16:11:21,467] {logging_mixin.py:109} INFO - [2022-06-24 16:11:21,467] {dag.py:2398} INFO - Sync 1 DAGs
[2022-06-24 16:11:21,476] {logging_mixin.py:109} INFO - [2022-06-24 16:11:21,476] {dag.py:2937} INFO - Setting next_dagrun for example_xcom to 2021-01-01T00:00:00+00:00
[2022-06-24 16:11:21,484] {processor.py:171} INFO - Processing /home/airflow/.local/lib/python3.7/site-packages/airflow/example_dags/example_xcom.py took 0.231 seconds
[2022-06-24 16:11:51,612] {processor.py:163} INFO - Started process (PID=845) to work on /home/airflow/.local/lib/python3.7/site-packages/airflow/example_dags/example_xcom.py
[2022-06-24 16:11:51,613] {processor.py:642} INFO - Processing file /home/airflow/.local/lib/python3.7/site-packages/airflow/example_dags/example_xcom.py for tasks to queue
[2022-06-24 16:11:51,613] {logging_mixin.py:109} INFO - [2022-06-24 16:11:51,613] {dagbag.py:500} INFO - Filling up the DagBag from /home/airflow/.local/lib/python3.7/site-packages/airflow/example_dags/example_xcom.py
[2022-06-24 16:11:51,625] {processor.py:652} INFO - DAG(s) dict_keys(['example_xcom']) retrieved from /home/airflow/.local/lib/python3.7/site-packages/airflow/example_dags/example_xcom.py
[2022-06-24 16:11:51,831] {logging_mixin.py:109} INFO - [2022-06-24 16:11:51,831] {dag.py:2398} INFO - Sync 1 DAGs
[2022-06-24 16:11:51,840] {logging_mixin.py:109} INFO - [2022-06-24 16:11:51,840] {dag.py:2937} INFO - Setting next_dagrun for example_xcom to 2021-01-01T00:00:00+00:00
[2022-06-24 16:11:51,849] {processor.py:171} INFO - Processing /home/airflow/.local/lib/python3.7/site-packages/airflow/example_dags/example_xcom.py took 0.239 seconds
[2022-06-24 16:12:21,881] {processor.py:163} INFO - Started process (PID=905) to work on /home/airflow/.local/lib/python3.7/site-packages/airflow/example_dags/example_xcom.py
[2022-06-24 16:12:21,882] {processor.py:642} INFO - Processing file /home/airflow/.local/lib/python3.7/site-packages/airflow/example_dags/example_xcom.py for tasks to queue
[2022-06-24 16:12:21,882] {logging_mixin.py:109} INFO - [2022-06-24 16:12:21,882] {dagbag.py:500} INFO - Filling up the DagBag from /home/airflow/.local/lib/python3.7/site-packages/airflow/example_dags/example_xcom.py
[2022-06-24 16:12:21,893] {processor.py:652} INFO - DAG(s) dict_keys(['example_xcom']) retrieved from /home/airflow/.local/lib/python3.7/site-packages/airflow/example_dags/example_xcom.py
[2022-06-24 16:12:22,085] {logging_mixin.py:109} INFO - [2022-06-24 16:12:22,085] {dag.py:2398} INFO - Sync 1 DAGs
[2022-06-24 16:12:22,095] {logging_mixin.py:109} INFO - [2022-06-24 16:12:22,095] {dag.py:2937} INFO - Setting next_dagrun for example_xcom to 2021-01-01T00:00:00+00:00
[2022-06-24 16:12:22,103] {processor.py:171} INFO - Processing /home/airflow/.local/lib/python3.7/site-packages/airflow/example_dags/example_xcom.py took 0.224 seconds
[2022-06-24 16:12:52,317] {processor.py:163} INFO - Started process (PID=955) to work on /home/airflow/.local/lib/python3.7/site-packages/airflow/example_dags/example_xcom.py
[2022-06-24 16:12:52,318] {processor.py:642} INFO - Processing file /home/airflow/.local/lib/python3.7/site-packages/airflow/example_dags/example_xcom.py for tasks to queue
[2022-06-24 16:12:52,318] {logging_mixin.py:109} INFO - [2022-06-24 16:12:52,318] {dagbag.py:500} INFO - Filling up the DagBag from /home/airflow/.local/lib/python3.7/site-packages/airflow/example_dags/example_xcom.py
[2022-06-24 16:12:52,331] {processor.py:652} INFO - DAG(s) dict_keys(['example_xcom']) retrieved from /home/airflow/.local/lib/python3.7/site-packages/airflow/example_dags/example_xcom.py
[2022-06-24 16:12:52,509] {logging_mixin.py:109} INFO - [2022-06-24 16:12:52,508] {dag.py:2398} INFO - Sync 1 DAGs
[2022-06-24 16:12:52,517] {logging_mixin.py:109} INFO - [2022-06-24 16:12:52,517] {dag.py:2937} INFO - Setting next_dagrun for example_xcom to 2021-01-01T00:00:00+00:00
[2022-06-24 16:12:52,524] {processor.py:171} INFO - Processing /home/airflow/.local/lib/python3.7/site-packages/airflow/example_dags/example_xcom.py took 0.211 seconds
[2022-06-24 16:13:23,300] {processor.py:163} INFO - Started process (PID=1016) to work on /home/airflow/.local/lib/python3.7/site-packages/airflow/example_dags/example_xcom.py
[2022-06-24 16:13:23,300] {processor.py:642} INFO - Processing file /home/airflow/.local/lib/python3.7/site-packages/airflow/example_dags/example_xcom.py for tasks to queue
[2022-06-24 16:13:23,301] {logging_mixin.py:109} INFO - [2022-06-24 16:13:23,301] {dagbag.py:500} INFO - Filling up the DagBag from /home/airflow/.local/lib/python3.7/site-packages/airflow/example_dags/example_xcom.py
[2022-06-24 16:13:23,314] {processor.py:652} INFO - DAG(s) dict_keys(['example_xcom']) retrieved from /home/airflow/.local/lib/python3.7/site-packages/airflow/example_dags/example_xcom.py
[2022-06-24 16:13:23,502] {logging_mixin.py:109} INFO - [2022-06-24 16:13:23,502] {dag.py:2398} INFO - Sync 1 DAGs
[2022-06-24 16:13:23,511] {logging_mixin.py:109} INFO - [2022-06-24 16:13:23,511] {dag.py:2937} INFO - Setting next_dagrun for example_xcom to 2021-01-01T00:00:00+00:00
[2022-06-24 16:13:23,517] {processor.py:171} INFO - Processing /home/airflow/.local/lib/python3.7/site-packages/airflow/example_dags/example_xcom.py took 0.219 seconds
[2022-06-24 16:13:53,728] {processor.py:163} INFO - Started process (PID=1075) to work on /home/airflow/.local/lib/python3.7/site-packages/airflow/example_dags/example_xcom.py
[2022-06-24 16:13:53,728] {processor.py:642} INFO - Processing file /home/airflow/.local/lib/python3.7/site-packages/airflow/example_dags/example_xcom.py for tasks to queue
[2022-06-24 16:13:53,729] {logging_mixin.py:109} INFO - [2022-06-24 16:13:53,729] {dagbag.py:500} INFO - Filling up the DagBag from /home/airflow/.local/lib/python3.7/site-packages/airflow/example_dags/example_xcom.py
[2022-06-24 16:13:53,741] {processor.py:652} INFO - DAG(s) dict_keys(['example_xcom']) retrieved from /home/airflow/.local/lib/python3.7/site-packages/airflow/example_dags/example_xcom.py
[2022-06-24 16:13:53,935] {logging_mixin.py:109} INFO - [2022-06-24 16:13:53,934] {dag.py:2398} INFO - Sync 1 DAGs
[2022-06-24 16:13:53,943] {logging_mixin.py:109} INFO - [2022-06-24 16:13:53,943] {dag.py:2937} INFO - Setting next_dagrun for example_xcom to 2021-01-01T00:00:00+00:00
[2022-06-24 16:13:53,952] {processor.py:171} INFO - Processing /home/airflow/.local/lib/python3.7/site-packages/airflow/example_dags/example_xcom.py took 0.226 seconds
[2022-06-24 16:14:24,091] {processor.py:163} INFO - Started process (PID=1126) to work on /home/airflow/.local/lib/python3.7/site-packages/airflow/example_dags/example_xcom.py
[2022-06-24 16:14:24,092] {processor.py:642} INFO - Processing file /home/airflow/.local/lib/python3.7/site-packages/airflow/example_dags/example_xcom.py for tasks to queue
[2022-06-24 16:14:24,092] {logging_mixin.py:109} INFO - [2022-06-24 16:14:24,092] {dagbag.py:500} INFO - Filling up the DagBag from /home/airflow/.local/lib/python3.7/site-packages/airflow/example_dags/example_xcom.py
[2022-06-24 16:14:24,104] {processor.py:652} INFO - DAG(s) dict_keys(['example_xcom']) retrieved from /home/airflow/.local/lib/python3.7/site-packages/airflow/example_dags/example_xcom.py
[2022-06-24 16:14:24,285] {logging_mixin.py:109} INFO - [2022-06-24 16:14:24,284] {dag.py:2398} INFO - Sync 1 DAGs
[2022-06-24 16:14:24,294] {logging_mixin.py:109} INFO - [2022-06-24 16:14:24,294] {dag.py:2937} INFO - Setting next_dagrun for example_xcom to 2021-01-01T00:00:00+00:00
[2022-06-24 16:14:24,301] {processor.py:171} INFO - Processing /home/airflow/.local/lib/python3.7/site-packages/airflow/example_dags/example_xcom.py took 0.211 seconds
[2022-06-24 16:15:28,320] {processor.py:163} INFO - Started process (PID=33) to work on /home/airflow/.local/lib/python3.7/site-packages/airflow/example_dags/example_xcom.py
[2022-06-24 16:15:28,321] {processor.py:642} INFO - Processing file /home/airflow/.local/lib/python3.7/site-packages/airflow/example_dags/example_xcom.py for tasks to queue
[2022-06-24 16:15:28,321] {logging_mixin.py:109} INFO - [2022-06-24 16:15:28,321] {dagbag.py:500} INFO - Filling up the DagBag from /home/airflow/.local/lib/python3.7/site-packages/airflow/example_dags/example_xcom.py
[2022-06-24 16:15:28,336] {processor.py:652} INFO - DAG(s) dict_keys(['example_xcom']) retrieved from /home/airflow/.local/lib/python3.7/site-packages/airflow/example_dags/example_xcom.py
[2022-06-24 16:15:28,755] {logging_mixin.py:109} INFO - [2022-06-24 16:15:28,755] {dag.py:2398} INFO - Sync 1 DAGs
[2022-06-24 16:15:28,767] {logging_mixin.py:109} INFO - [2022-06-24 16:15:28,766] {dag.py:2937} INFO - Setting next_dagrun for example_xcom to 2021-01-01T00:00:00+00:00
[2022-06-24 16:15:28,774] {processor.py:171} INFO - Processing /home/airflow/.local/lib/python3.7/site-packages/airflow/example_dags/example_xcom.py took 0.456 seconds
[2022-06-24 16:15:59,526] {processor.py:163} INFO - Started process (PID=95) to work on /home/airflow/.local/lib/python3.7/site-packages/airflow/example_dags/example_xcom.py
[2022-06-24 16:15:59,526] {processor.py:642} INFO - Processing file /home/airflow/.local/lib/python3.7/site-packages/airflow/example_dags/example_xcom.py for tasks to queue
[2022-06-24 16:15:59,527] {logging_mixin.py:109} INFO - [2022-06-24 16:15:59,527] {dagbag.py:500} INFO - Filling up the DagBag from /home/airflow/.local/lib/python3.7/site-packages/airflow/example_dags/example_xcom.py
[2022-06-24 16:15:59,540] {processor.py:652} INFO - DAG(s) dict_keys(['example_xcom']) retrieved from /home/airflow/.local/lib/python3.7/site-packages/airflow/example_dags/example_xcom.py
[2022-06-24 16:15:59,743] {logging_mixin.py:109} INFO - [2022-06-24 16:15:59,743] {dag.py:2398} INFO - Sync 1 DAGs
[2022-06-24 16:15:59,753] {logging_mixin.py:109} INFO - [2022-06-24 16:15:59,753] {dag.py:2937} INFO - Setting next_dagrun for example_xcom to 2021-01-01T00:00:00+00:00
[2022-06-24 16:15:59,761] {processor.py:171} INFO - Processing /home/airflow/.local/lib/python3.7/site-packages/airflow/example_dags/example_xcom.py took 0.237 seconds
[2022-06-24 16:16:30,158] {processor.py:163} INFO - Started process (PID=155) to work on /home/airflow/.local/lib/python3.7/site-packages/airflow/example_dags/example_xcom.py
[2022-06-24 16:16:30,159] {processor.py:642} INFO - Processing file /home/airflow/.local/lib/python3.7/site-packages/airflow/example_dags/example_xcom.py for tasks to queue
[2022-06-24 16:16:30,159] {logging_mixin.py:109} INFO - [2022-06-24 16:16:30,159] {dagbag.py:500} INFO - Filling up the DagBag from /home/airflow/.local/lib/python3.7/site-packages/airflow/example_dags/example_xcom.py
[2022-06-24 16:16:30,172] {processor.py:652} INFO - DAG(s) dict_keys(['example_xcom']) retrieved from /home/airflow/.local/lib/python3.7/site-packages/airflow/example_dags/example_xcom.py
[2022-06-24 16:16:30,351] {logging_mixin.py:109} INFO - [2022-06-24 16:16:30,351] {dag.py:2398} INFO - Sync 1 DAGs
[2022-06-24 16:16:30,360] {logging_mixin.py:109} INFO - [2022-06-24 16:16:30,360] {dag.py:2937} INFO - Setting next_dagrun for example_xcom to 2021-01-01T00:00:00+00:00
[2022-06-24 16:16:30,368] {processor.py:171} INFO - Processing /home/airflow/.local/lib/python3.7/site-packages/airflow/example_dags/example_xcom.py took 0.212 seconds
[2022-06-24 16:17:00,663] {processor.py:163} INFO - Started process (PID=205) to work on /home/airflow/.local/lib/python3.7/site-packages/airflow/example_dags/example_xcom.py
[2022-06-24 16:17:00,664] {processor.py:642} INFO - Processing file /home/airflow/.local/lib/python3.7/site-packages/airflow/example_dags/example_xcom.py for tasks to queue
[2022-06-24 16:17:00,664] {logging_mixin.py:109} INFO - [2022-06-24 16:17:00,664] {dagbag.py:500} INFO - Filling up the DagBag from /home/airflow/.local/lib/python3.7/site-packages/airflow/example_dags/example_xcom.py
[2022-06-24 16:17:00,676] {processor.py:652} INFO - DAG(s) dict_keys(['example_xcom']) retrieved from /home/airflow/.local/lib/python3.7/site-packages/airflow/example_dags/example_xcom.py
[2022-06-24 16:17:00,859] {logging_mixin.py:109} INFO - [2022-06-24 16:17:00,859] {dag.py:2398} INFO - Sync 1 DAGs
[2022-06-24 16:17:00,867] {logging_mixin.py:109} INFO - [2022-06-24 16:17:00,867] {dag.py:2937} INFO - Setting next_dagrun for example_xcom to 2021-01-01T00:00:00+00:00
[2022-06-24 16:17:00,874] {processor.py:171} INFO - Processing /home/airflow/.local/lib/python3.7/site-packages/airflow/example_dags/example_xcom.py took 0.213 seconds
[2022-06-24 16:17:31,210] {processor.py:163} INFO - Started process (PID=265) to work on /home/airflow/.local/lib/python3.7/site-packages/airflow/example_dags/example_xcom.py
[2022-06-24 16:17:31,213] {processor.py:642} INFO - Processing file /home/airflow/.local/lib/python3.7/site-packages/airflow/example_dags/example_xcom.py for tasks to queue
[2022-06-24 16:17:31,213] {logging_mixin.py:109} INFO - [2022-06-24 16:17:31,213] {dagbag.py:500} INFO - Filling up the DagBag from /home/airflow/.local/lib/python3.7/site-packages/airflow/example_dags/example_xcom.py
[2022-06-24 16:17:31,226] {processor.py:652} INFO - DAG(s) dict_keys(['example_xcom']) retrieved from /home/airflow/.local/lib/python3.7/site-packages/airflow/example_dags/example_xcom.py
[2022-06-24 16:17:31,408] {logging_mixin.py:109} INFO - [2022-06-24 16:17:31,408] {dag.py:2398} INFO - Sync 1 DAGs
[2022-06-24 16:17:31,417] {logging_mixin.py:109} INFO - [2022-06-24 16:17:31,417] {dag.py:2937} INFO - Setting next_dagrun for example_xcom to 2021-01-01T00:00:00+00:00
[2022-06-24 16:17:31,424] {processor.py:171} INFO - Processing /home/airflow/.local/lib/python3.7/site-packages/airflow/example_dags/example_xcom.py took 0.216 seconds
[2022-06-24 16:18:01,820] {processor.py:163} INFO - Started process (PID=324) to work on /home/airflow/.local/lib/python3.7/site-packages/airflow/example_dags/example_xcom.py
[2022-06-24 16:18:01,821] {processor.py:642} INFO - Processing file /home/airflow/.local/lib/python3.7/site-packages/airflow/example_dags/example_xcom.py for tasks to queue
[2022-06-24 16:18:01,821] {logging_mixin.py:109} INFO - [2022-06-24 16:18:01,821] {dagbag.py:500} INFO - Filling up the DagBag from /home/airflow/.local/lib/python3.7/site-packages/airflow/example_dags/example_xcom.py
[2022-06-24 16:18:01,835] {processor.py:652} INFO - DAG(s) dict_keys(['example_xcom']) retrieved from /home/airflow/.local/lib/python3.7/site-packages/airflow/example_dags/example_xcom.py
[2022-06-24 16:18:02,031] {logging_mixin.py:109} INFO - [2022-06-24 16:18:02,031] {dag.py:2398} INFO - Sync 1 DAGs
[2022-06-24 16:18:02,040] {logging_mixin.py:109} INFO - [2022-06-24 16:18:02,040] {dag.py:2937} INFO - Setting next_dagrun for example_xcom to 2021-01-01T00:00:00+00:00
[2022-06-24 16:18:02,048] {processor.py:171} INFO - Processing /home/airflow/.local/lib/python3.7/site-packages/airflow/example_dags/example_xcom.py took 0.230 seconds
[2022-06-24 16:18:32,442] {processor.py:163} INFO - Started process (PID=374) to work on /home/airflow/.local/lib/python3.7/site-packages/airflow/example_dags/example_xcom.py
[2022-06-24 16:18:32,443] {processor.py:642} INFO - Processing file /home/airflow/.local/lib/python3.7/site-packages/airflow/example_dags/example_xcom.py for tasks to queue
[2022-06-24 16:18:32,443] {logging_mixin.py:109} INFO - [2022-06-24 16:18:32,443] {dagbag.py:500} INFO - Filling up the DagBag from /home/airflow/.local/lib/python3.7/site-packages/airflow/example_dags/example_xcom.py
[2022-06-24 16:18:32,455] {processor.py:652} INFO - DAG(s) dict_keys(['example_xcom']) retrieved from /home/airflow/.local/lib/python3.7/site-packages/airflow/example_dags/example_xcom.py
[2022-06-24 16:18:32,708] {logging_mixin.py:109} INFO - [2022-06-24 16:18:32,708] {dag.py:2398} INFO - Sync 1 DAGs
[2022-06-24 16:18:32,722] {logging_mixin.py:109} INFO - [2022-06-24 16:18:32,722] {dag.py:2937} INFO - Setting next_dagrun for example_xcom to 2021-01-01T00:00:00+00:00
[2022-06-24 16:18:32,731] {processor.py:171} INFO - Processing /home/airflow/.local/lib/python3.7/site-packages/airflow/example_dags/example_xcom.py took 0.290 seconds
[2022-06-24 16:19:03,415] {processor.py:163} INFO - Started process (PID=433) to work on /home/airflow/.local/lib/python3.7/site-packages/airflow/example_dags/example_xcom.py
[2022-06-24 16:19:03,416] {processor.py:642} INFO - Processing file /home/airflow/.local/lib/python3.7/site-packages/airflow/example_dags/example_xcom.py for tasks to queue
[2022-06-24 16:19:03,416] {logging_mixin.py:109} INFO - [2022-06-24 16:19:03,416] {dagbag.py:500} INFO - Filling up the DagBag from /home/airflow/.local/lib/python3.7/site-packages/airflow/example_dags/example_xcom.py
[2022-06-24 16:19:03,428] {processor.py:652} INFO - DAG(s) dict_keys(['example_xcom']) retrieved from /home/airflow/.local/lib/python3.7/site-packages/airflow/example_dags/example_xcom.py
[2022-06-24 16:19:03,616] {logging_mixin.py:109} INFO - [2022-06-24 16:19:03,616] {dag.py:2398} INFO - Sync 1 DAGs
[2022-06-24 16:19:03,625] {logging_mixin.py:109} INFO - [2022-06-24 16:19:03,625] {dag.py:2937} INFO - Setting next_dagrun for example_xcom to 2021-01-01T00:00:00+00:00
[2022-06-24 16:19:03,632] {processor.py:171} INFO - Processing /home/airflow/.local/lib/python3.7/site-packages/airflow/example_dags/example_xcom.py took 0.218 seconds
[2022-06-24 16:19:33,913] {processor.py:163} INFO - Started process (PID=493) to work on /home/airflow/.local/lib/python3.7/site-packages/airflow/example_dags/example_xcom.py
[2022-06-24 16:19:33,914] {processor.py:642} INFO - Processing file /home/airflow/.local/lib/python3.7/site-packages/airflow/example_dags/example_xcom.py for tasks to queue
[2022-06-24 16:19:33,914] {logging_mixin.py:109} INFO - [2022-06-24 16:19:33,914] {dagbag.py:500} INFO - Filling up the DagBag from /home/airflow/.local/lib/python3.7/site-packages/airflow/example_dags/example_xcom.py
[2022-06-24 16:19:33,925] {processor.py:652} INFO - DAG(s) dict_keys(['example_xcom']) retrieved from /home/airflow/.local/lib/python3.7/site-packages/airflow/example_dags/example_xcom.py
[2022-06-24 16:19:34,107] {logging_mixin.py:109} INFO - [2022-06-24 16:19:34,107] {dag.py:2398} INFO - Sync 1 DAGs
[2022-06-24 16:19:34,116] {logging_mixin.py:109} INFO - [2022-06-24 16:19:34,116] {dag.py:2937} INFO - Setting next_dagrun for example_xcom to 2021-01-01T00:00:00+00:00
[2022-06-24 16:19:34,124] {processor.py:171} INFO - Processing /home/airflow/.local/lib/python3.7/site-packages/airflow/example_dags/example_xcom.py took 0.212 seconds
[2022-06-24 16:20:04,365] {processor.py:163} INFO - Started process (PID=542) to work on /home/airflow/.local/lib/python3.7/site-packages/airflow/example_dags/example_xcom.py
[2022-06-24 16:20:04,366] {processor.py:642} INFO - Processing file /home/airflow/.local/lib/python3.7/site-packages/airflow/example_dags/example_xcom.py for tasks to queue
[2022-06-24 16:20:04,367] {logging_mixin.py:109} INFO - [2022-06-24 16:20:04,367] {dagbag.py:500} INFO - Filling up the DagBag from /home/airflow/.local/lib/python3.7/site-packages/airflow/example_dags/example_xcom.py
[2022-06-24 16:20:04,378] {processor.py:652} INFO - DAG(s) dict_keys(['example_xcom']) retrieved from /home/airflow/.local/lib/python3.7/site-packages/airflow/example_dags/example_xcom.py
[2022-06-24 16:20:04,556] {logging_mixin.py:109} INFO - [2022-06-24 16:20:04,556] {dag.py:2398} INFO - Sync 1 DAGs
[2022-06-24 16:20:04,564] {logging_mixin.py:109} INFO - [2022-06-24 16:20:04,564] {dag.py:2937} INFO - Setting next_dagrun for example_xcom to 2021-01-01T00:00:00+00:00
[2022-06-24 16:20:04,572] {processor.py:171} INFO - Processing /home/airflow/.local/lib/python3.7/site-packages/airflow/example_dags/example_xcom.py took 0.208 seconds
[2022-06-24 16:20:34,877] {processor.py:163} INFO - Started process (PID=602) to work on /home/airflow/.local/lib/python3.7/site-packages/airflow/example_dags/example_xcom.py
[2022-06-24 16:20:34,878] {processor.py:642} INFO - Processing file /home/airflow/.local/lib/python3.7/site-packages/airflow/example_dags/example_xcom.py for tasks to queue
[2022-06-24 16:20:34,878] {logging_mixin.py:109} INFO - [2022-06-24 16:20:34,878] {dagbag.py:500} INFO - Filling up the DagBag from /home/airflow/.local/lib/python3.7/site-packages/airflow/example_dags/example_xcom.py
[2022-06-24 16:20:34,889] {processor.py:652} INFO - DAG(s) dict_keys(['example_xcom']) retrieved from /home/airflow/.local/lib/python3.7/site-packages/airflow/example_dags/example_xcom.py
[2022-06-24 16:20:35,075] {logging_mixin.py:109} INFO - [2022-06-24 16:20:35,075] {dag.py:2398} INFO - Sync 1 DAGs
[2022-06-24 16:20:35,084] {logging_mixin.py:109} INFO - [2022-06-24 16:20:35,084] {dag.py:2937} INFO - Setting next_dagrun for example_xcom to 2021-01-01T00:00:00+00:00
[2022-06-24 16:20:35,091] {processor.py:171} INFO - Processing /home/airflow/.local/lib/python3.7/site-packages/airflow/example_dags/example_xcom.py took 0.216 seconds
[2022-06-24 16:21:05,432] {processor.py:163} INFO - Started process (PID=661) to work on /home/airflow/.local/lib/python3.7/site-packages/airflow/example_dags/example_xcom.py
[2022-06-24 16:21:05,432] {processor.py:642} INFO - Processing file /home/airflow/.local/lib/python3.7/site-packages/airflow/example_dags/example_xcom.py for tasks to queue
[2022-06-24 16:21:05,433] {logging_mixin.py:109} INFO - [2022-06-24 16:21:05,433] {dagbag.py:500} INFO - Filling up the DagBag from /home/airflow/.local/lib/python3.7/site-packages/airflow/example_dags/example_xcom.py
[2022-06-24 16:21:05,444] {processor.py:652} INFO - DAG(s) dict_keys(['example_xcom']) retrieved from /home/airflow/.local/lib/python3.7/site-packages/airflow/example_dags/example_xcom.py
[2022-06-24 16:21:05,625] {logging_mixin.py:109} INFO - [2022-06-24 16:21:05,625] {dag.py:2398} INFO - Sync 1 DAGs
[2022-06-24 16:21:05,635] {logging_mixin.py:109} INFO - [2022-06-24 16:21:05,635] {dag.py:2937} INFO - Setting next_dagrun for example_xcom to 2021-01-01T00:00:00+00:00
[2022-06-24 16:21:05,644] {processor.py:171} INFO - Processing /home/airflow/.local/lib/python3.7/site-packages/airflow/example_dags/example_xcom.py took 0.215 seconds
[2022-06-24 16:21:36,037] {processor.py:163} INFO - Started process (PID=711) to work on /home/airflow/.local/lib/python3.7/site-packages/airflow/example_dags/example_xcom.py
[2022-06-24 16:21:36,038] {processor.py:642} INFO - Processing file /home/airflow/.local/lib/python3.7/site-packages/airflow/example_dags/example_xcom.py for tasks to queue
[2022-06-24 16:21:36,038] {logging_mixin.py:109} INFO - [2022-06-24 16:21:36,038] {dagbag.py:500} INFO - Filling up the DagBag from /home/airflow/.local/lib/python3.7/site-packages/airflow/example_dags/example_xcom.py
[2022-06-24 16:21:36,049] {processor.py:652} INFO - DAG(s) dict_keys(['example_xcom']) retrieved from /home/airflow/.local/lib/python3.7/site-packages/airflow/example_dags/example_xcom.py
[2022-06-24 16:21:36,240] {logging_mixin.py:109} INFO - [2022-06-24 16:21:36,240] {dag.py:2398} INFO - Sync 1 DAGs
[2022-06-24 16:21:36,249] {logging_mixin.py:109} INFO - [2022-06-24 16:21:36,249] {dag.py:2937} INFO - Setting next_dagrun for example_xcom to 2021-01-01T00:00:00+00:00
[2022-06-24 16:21:36,255] {processor.py:171} INFO - Processing /home/airflow/.local/lib/python3.7/site-packages/airflow/example_dags/example_xcom.py took 0.219 seconds
[2022-06-24 16:22:06,489] {processor.py:163} INFO - Started process (PID=771) to work on /home/airflow/.local/lib/python3.7/site-packages/airflow/example_dags/example_xcom.py
[2022-06-24 16:22:06,490] {processor.py:642} INFO - Processing file /home/airflow/.local/lib/python3.7/site-packages/airflow/example_dags/example_xcom.py for tasks to queue
[2022-06-24 16:22:06,490] {logging_mixin.py:109} INFO - [2022-06-24 16:22:06,490] {dagbag.py:500} INFO - Filling up the DagBag from /home/airflow/.local/lib/python3.7/site-packages/airflow/example_dags/example_xcom.py
[2022-06-24 16:22:06,502] {processor.py:652} INFO - DAG(s) dict_keys(['example_xcom']) retrieved from /home/airflow/.local/lib/python3.7/site-packages/airflow/example_dags/example_xcom.py
[2022-06-24 16:22:06,706] {logging_mixin.py:109} INFO - [2022-06-24 16:22:06,706] {dag.py:2398} INFO - Sync 1 DAGs
[2022-06-24 16:22:06,716] {logging_mixin.py:109} INFO - [2022-06-24 16:22:06,716] {dag.py:2937} INFO - Setting next_dagrun for example_xcom to 2021-01-01T00:00:00+00:00
[2022-06-24 16:22:06,723] {processor.py:171} INFO - Processing /home/airflow/.local/lib/python3.7/site-packages/airflow/example_dags/example_xcom.py took 0.235 seconds
[2022-06-24 16:22:37,067] {processor.py:163} INFO - Started process (PID=830) to work on /home/airflow/.local/lib/python3.7/site-packages/airflow/example_dags/example_xcom.py
[2022-06-24 16:22:37,068] {processor.py:642} INFO - Processing file /home/airflow/.local/lib/python3.7/site-packages/airflow/example_dags/example_xcom.py for tasks to queue
[2022-06-24 16:22:37,068] {logging_mixin.py:109} INFO - [2022-06-24 16:22:37,068] {dagbag.py:500} INFO - Filling up the DagBag from /home/airflow/.local/lib/python3.7/site-packages/airflow/example_dags/example_xcom.py
[2022-06-24 16:22:37,080] {processor.py:652} INFO - DAG(s) dict_keys(['example_xcom']) retrieved from /home/airflow/.local/lib/python3.7/site-packages/airflow/example_dags/example_xcom.py
[2022-06-24 16:22:37,272] {logging_mixin.py:109} INFO - [2022-06-24 16:22:37,271] {dag.py:2398} INFO - Sync 1 DAGs
[2022-06-24 16:22:37,281] {logging_mixin.py:109} INFO - [2022-06-24 16:22:37,281] {dag.py:2937} INFO - Setting next_dagrun for example_xcom to 2021-01-01T00:00:00+00:00
[2022-06-24 16:22:37,290] {processor.py:171} INFO - Processing /home/airflow/.local/lib/python3.7/site-packages/airflow/example_dags/example_xcom.py took 0.225 seconds
[2022-06-24 16:23:07,537] {processor.py:163} INFO - Started process (PID=880) to work on /home/airflow/.local/lib/python3.7/site-packages/airflow/example_dags/example_xcom.py
[2022-06-24 16:23:07,538] {processor.py:642} INFO - Processing file /home/airflow/.local/lib/python3.7/site-packages/airflow/example_dags/example_xcom.py for tasks to queue
[2022-06-24 16:23:07,538] {logging_mixin.py:109} INFO - [2022-06-24 16:23:07,538] {dagbag.py:500} INFO - Filling up the DagBag from /home/airflow/.local/lib/python3.7/site-packages/airflow/example_dags/example_xcom.py
[2022-06-24 16:23:07,552] {processor.py:652} INFO - DAG(s) dict_keys(['example_xcom']) retrieved from /home/airflow/.local/lib/python3.7/site-packages/airflow/example_dags/example_xcom.py
[2022-06-24 16:23:07,740] {logging_mixin.py:109} INFO - [2022-06-24 16:23:07,740] {dag.py:2398} INFO - Sync 1 DAGs
[2022-06-24 16:23:07,748] {logging_mixin.py:109} INFO - [2022-06-24 16:23:07,748] {dag.py:2937} INFO - Setting next_dagrun for example_xcom to 2021-01-01T00:00:00+00:00
[2022-06-24 16:23:07,755] {processor.py:171} INFO - Processing /home/airflow/.local/lib/python3.7/site-packages/airflow/example_dags/example_xcom.py took 0.221 seconds
[2022-06-24 16:23:38,150] {processor.py:163} INFO - Started process (PID=939) to work on /home/airflow/.local/lib/python3.7/site-packages/airflow/example_dags/example_xcom.py
[2022-06-24 16:23:38,151] {processor.py:642} INFO - Processing file /home/airflow/.local/lib/python3.7/site-packages/airflow/example_dags/example_xcom.py for tasks to queue
[2022-06-24 16:23:38,151] {logging_mixin.py:109} INFO - [2022-06-24 16:23:38,151] {dagbag.py:500} INFO - Filling up the DagBag from /home/airflow/.local/lib/python3.7/site-packages/airflow/example_dags/example_xcom.py
[2022-06-24 16:23:38,163] {processor.py:652} INFO - DAG(s) dict_keys(['example_xcom']) retrieved from /home/airflow/.local/lib/python3.7/site-packages/airflow/example_dags/example_xcom.py
[2022-06-24 16:23:38,353] {logging_mixin.py:109} INFO - [2022-06-24 16:23:38,353] {dag.py:2398} INFO - Sync 1 DAGs
[2022-06-24 16:23:38,363] {logging_mixin.py:109} INFO - [2022-06-24 16:23:38,363] {dag.py:2937} INFO - Setting next_dagrun for example_xcom to 2021-01-01T00:00:00+00:00
[2022-06-24 16:23:38,371] {processor.py:171} INFO - Processing /home/airflow/.local/lib/python3.7/site-packages/airflow/example_dags/example_xcom.py took 0.222 seconds
[2022-06-24 16:24:08,591] {processor.py:163} INFO - Started process (PID=998) to work on /home/airflow/.local/lib/python3.7/site-packages/airflow/example_dags/example_xcom.py
[2022-06-24 16:24:08,592] {processor.py:642} INFO - Processing file /home/airflow/.local/lib/python3.7/site-packages/airflow/example_dags/example_xcom.py for tasks to queue
[2022-06-24 16:24:08,592] {logging_mixin.py:109} INFO - [2022-06-24 16:24:08,592] {dagbag.py:500} INFO - Filling up the DagBag from /home/airflow/.local/lib/python3.7/site-packages/airflow/example_dags/example_xcom.py
[2022-06-24 16:24:08,604] {processor.py:652} INFO - DAG(s) dict_keys(['example_xcom']) retrieved from /home/airflow/.local/lib/python3.7/site-packages/airflow/example_dags/example_xcom.py
[2022-06-24 16:24:08,782] {logging_mixin.py:109} INFO - [2022-06-24 16:24:08,782] {dag.py:2398} INFO - Sync 1 DAGs
[2022-06-24 16:24:08,790] {logging_mixin.py:109} INFO - [2022-06-24 16:24:08,790] {dag.py:2937} INFO - Setting next_dagrun for example_xcom to 2021-01-01T00:00:00+00:00
[2022-06-24 16:24:08,796] {processor.py:171} INFO - Processing /home/airflow/.local/lib/python3.7/site-packages/airflow/example_dags/example_xcom.py took 0.207 seconds
[2022-06-24 16:24:39,045] {processor.py:163} INFO - Started process (PID=1048) to work on /home/airflow/.local/lib/python3.7/site-packages/airflow/example_dags/example_xcom.py
[2022-06-24 16:24:39,046] {processor.py:642} INFO - Processing file /home/airflow/.local/lib/python3.7/site-packages/airflow/example_dags/example_xcom.py for tasks to queue
[2022-06-24 16:24:39,046] {logging_mixin.py:109} INFO - [2022-06-24 16:24:39,046] {dagbag.py:500} INFO - Filling up the DagBag from /home/airflow/.local/lib/python3.7/site-packages/airflow/example_dags/example_xcom.py
[2022-06-24 16:24:39,058] {processor.py:652} INFO - DAG(s) dict_keys(['example_xcom']) retrieved from /home/airflow/.local/lib/python3.7/site-packages/airflow/example_dags/example_xcom.py
[2022-06-24 16:24:39,258] {logging_mixin.py:109} INFO - [2022-06-24 16:24:39,258] {dag.py:2398} INFO - Sync 1 DAGs
[2022-06-24 16:24:39,266] {logging_mixin.py:109} INFO - [2022-06-24 16:24:39,266] {dag.py:2937} INFO - Setting next_dagrun for example_xcom to 2021-01-01T00:00:00+00:00
[2022-06-24 16:24:39,274] {processor.py:171} INFO - Processing /home/airflow/.local/lib/python3.7/site-packages/airflow/example_dags/example_xcom.py took 0.231 seconds
[2022-06-24 16:25:09,616] {processor.py:163} INFO - Started process (PID=1107) to work on /home/airflow/.local/lib/python3.7/site-packages/airflow/example_dags/example_xcom.py
[2022-06-24 16:25:09,617] {processor.py:642} INFO - Processing file /home/airflow/.local/lib/python3.7/site-packages/airflow/example_dags/example_xcom.py for tasks to queue
[2022-06-24 16:25:09,617] {logging_mixin.py:109} INFO - [2022-06-24 16:25:09,617] {dagbag.py:500} INFO - Filling up the DagBag from /home/airflow/.local/lib/python3.7/site-packages/airflow/example_dags/example_xcom.py
[2022-06-24 16:25:09,629] {processor.py:652} INFO - DAG(s) dict_keys(['example_xcom']) retrieved from /home/airflow/.local/lib/python3.7/site-packages/airflow/example_dags/example_xcom.py
[2022-06-24 16:25:09,828] {logging_mixin.py:109} INFO - [2022-06-24 16:25:09,828] {dag.py:2398} INFO - Sync 1 DAGs
[2022-06-24 16:25:09,837] {logging_mixin.py:109} INFO - [2022-06-24 16:25:09,837] {dag.py:2937} INFO - Setting next_dagrun for example_xcom to 2021-01-01T00:00:00+00:00
[2022-06-24 16:25:09,843] {processor.py:171} INFO - Processing /home/airflow/.local/lib/python3.7/site-packages/airflow/example_dags/example_xcom.py took 0.229 seconds
[2022-06-24 16:25:40,091] {processor.py:163} INFO - Started process (PID=1167) to work on /home/airflow/.local/lib/python3.7/site-packages/airflow/example_dags/example_xcom.py
[2022-06-24 16:25:40,092] {processor.py:642} INFO - Processing file /home/airflow/.local/lib/python3.7/site-packages/airflow/example_dags/example_xcom.py for tasks to queue
[2022-06-24 16:25:40,092] {logging_mixin.py:109} INFO - [2022-06-24 16:25:40,092] {dagbag.py:500} INFO - Filling up the DagBag from /home/airflow/.local/lib/python3.7/site-packages/airflow/example_dags/example_xcom.py
[2022-06-24 16:25:40,106] {processor.py:652} INFO - DAG(s) dict_keys(['example_xcom']) retrieved from /home/airflow/.local/lib/python3.7/site-packages/airflow/example_dags/example_xcom.py
[2022-06-24 16:25:40,287] {logging_mixin.py:109} INFO - [2022-06-24 16:25:40,287] {dag.py:2398} INFO - Sync 1 DAGs
[2022-06-24 16:25:40,297] {logging_mixin.py:109} INFO - [2022-06-24 16:25:40,297] {dag.py:2937} INFO - Setting next_dagrun for example_xcom to 2021-01-01T00:00:00+00:00
[2022-06-24 16:25:40,304] {processor.py:171} INFO - Processing /home/airflow/.local/lib/python3.7/site-packages/airflow/example_dags/example_xcom.py took 0.216 seconds
[2022-06-24 16:26:10,599] {processor.py:163} INFO - Started process (PID=1218) to work on /home/airflow/.local/lib/python3.7/site-packages/airflow/example_dags/example_xcom.py
[2022-06-24 16:26:10,601] {processor.py:642} INFO - Processing file /home/airflow/.local/lib/python3.7/site-packages/airflow/example_dags/example_xcom.py for tasks to queue
[2022-06-24 16:26:10,602] {logging_mixin.py:109} INFO - [2022-06-24 16:26:10,602] {dagbag.py:500} INFO - Filling up the DagBag from /home/airflow/.local/lib/python3.7/site-packages/airflow/example_dags/example_xcom.py
[2022-06-24 16:26:10,614] {processor.py:652} INFO - DAG(s) dict_keys(['example_xcom']) retrieved from /home/airflow/.local/lib/python3.7/site-packages/airflow/example_dags/example_xcom.py
[2022-06-24 16:26:10,827] {logging_mixin.py:109} INFO - [2022-06-24 16:26:10,827] {dag.py:2398} INFO - Sync 1 DAGs
[2022-06-24 16:26:10,837] {logging_mixin.py:109} INFO - [2022-06-24 16:26:10,837] {dag.py:2937} INFO - Setting next_dagrun for example_xcom to 2021-01-01T00:00:00+00:00
[2022-06-24 16:26:10,845] {processor.py:171} INFO - Processing /home/airflow/.local/lib/python3.7/site-packages/airflow/example_dags/example_xcom.py took 0.248 seconds
[2022-06-24 16:26:41,172] {processor.py:163} INFO - Started process (PID=1279) to work on /home/airflow/.local/lib/python3.7/site-packages/airflow/example_dags/example_xcom.py
[2022-06-24 16:26:41,173] {processor.py:642} INFO - Processing file /home/airflow/.local/lib/python3.7/site-packages/airflow/example_dags/example_xcom.py for tasks to queue
[2022-06-24 16:26:41,173] {logging_mixin.py:109} INFO - [2022-06-24 16:26:41,173] {dagbag.py:500} INFO - Filling up the DagBag from /home/airflow/.local/lib/python3.7/site-packages/airflow/example_dags/example_xcom.py
[2022-06-24 16:26:41,184] {processor.py:652} INFO - DAG(s) dict_keys(['example_xcom']) retrieved from /home/airflow/.local/lib/python3.7/site-packages/airflow/example_dags/example_xcom.py
[2022-06-24 16:26:41,361] {logging_mixin.py:109} INFO - [2022-06-24 16:26:41,361] {dag.py:2398} INFO - Sync 1 DAGs
[2022-06-24 16:26:41,370] {logging_mixin.py:109} INFO - [2022-06-24 16:26:41,370] {dag.py:2937} INFO - Setting next_dagrun for example_xcom to 2021-01-01T00:00:00+00:00
[2022-06-24 16:26:41,379] {processor.py:171} INFO - Processing /home/airflow/.local/lib/python3.7/site-packages/airflow/example_dags/example_xcom.py took 0.210 seconds
[2022-06-24 16:27:11,726] {processor.py:163} INFO - Started process (PID=1340) to work on /home/airflow/.local/lib/python3.7/site-packages/airflow/example_dags/example_xcom.py
[2022-06-24 16:27:11,727] {processor.py:642} INFO - Processing file /home/airflow/.local/lib/python3.7/site-packages/airflow/example_dags/example_xcom.py for tasks to queue
[2022-06-24 16:27:11,727] {logging_mixin.py:109} INFO - [2022-06-24 16:27:11,727] {dagbag.py:500} INFO - Filling up the DagBag from /home/airflow/.local/lib/python3.7/site-packages/airflow/example_dags/example_xcom.py
[2022-06-24 16:27:11,743] {processor.py:652} INFO - DAG(s) dict_keys(['example_xcom']) retrieved from /home/airflow/.local/lib/python3.7/site-packages/airflow/example_dags/example_xcom.py
[2022-06-24 16:27:11,982] {logging_mixin.py:109} INFO - [2022-06-24 16:27:11,982] {dag.py:2398} INFO - Sync 1 DAGs
[2022-06-24 16:27:11,996] {logging_mixin.py:109} INFO - [2022-06-24 16:27:11,995] {dag.py:2937} INFO - Setting next_dagrun for example_xcom to 2021-01-01T00:00:00+00:00
[2022-06-24 16:27:12,004] {processor.py:171} INFO - Processing /home/airflow/.local/lib/python3.7/site-packages/airflow/example_dags/example_xcom.py took 0.279 seconds
[2022-06-24 16:27:42,364] {processor.py:163} INFO - Started process (PID=1390) to work on /home/airflow/.local/lib/python3.7/site-packages/airflow/example_dags/example_xcom.py
[2022-06-24 16:27:42,367] {processor.py:642} INFO - Processing file /home/airflow/.local/lib/python3.7/site-packages/airflow/example_dags/example_xcom.py for tasks to queue
[2022-06-24 16:27:42,367] {logging_mixin.py:109} INFO - [2022-06-24 16:27:42,367] {dagbag.py:500} INFO - Filling up the DagBag from /home/airflow/.local/lib/python3.7/site-packages/airflow/example_dags/example_xcom.py
[2022-06-24 16:27:42,381] {processor.py:652} INFO - DAG(s) dict_keys(['example_xcom']) retrieved from /home/airflow/.local/lib/python3.7/site-packages/airflow/example_dags/example_xcom.py
[2022-06-24 16:27:42,568] {logging_mixin.py:109} INFO - [2022-06-24 16:27:42,568] {dag.py:2398} INFO - Sync 1 DAGs
[2022-06-24 16:27:42,578] {logging_mixin.py:109} INFO - [2022-06-24 16:27:42,578] {dag.py:2937} INFO - Setting next_dagrun for example_xcom to 2021-01-01T00:00:00+00:00
[2022-06-24 16:27:42,584] {processor.py:171} INFO - Processing /home/airflow/.local/lib/python3.7/site-packages/airflow/example_dags/example_xcom.py took 0.222 seconds
[2022-06-24 16:28:12,856] {processor.py:163} INFO - Started process (PID=1449) to work on /home/airflow/.local/lib/python3.7/site-packages/airflow/example_dags/example_xcom.py
[2022-06-24 16:28:12,856] {processor.py:642} INFO - Processing file /home/airflow/.local/lib/python3.7/site-packages/airflow/example_dags/example_xcom.py for tasks to queue
[2022-06-24 16:28:12,857] {logging_mixin.py:109} INFO - [2022-06-24 16:28:12,857] {dagbag.py:500} INFO - Filling up the DagBag from /home/airflow/.local/lib/python3.7/site-packages/airflow/example_dags/example_xcom.py
[2022-06-24 16:28:12,869] {processor.py:652} INFO - DAG(s) dict_keys(['example_xcom']) retrieved from /home/airflow/.local/lib/python3.7/site-packages/airflow/example_dags/example_xcom.py
[2022-06-24 16:28:13,057] {logging_mixin.py:109} INFO - [2022-06-24 16:28:13,057] {dag.py:2398} INFO - Sync 1 DAGs
[2022-06-24 16:28:13,066] {logging_mixin.py:109} INFO - [2022-06-24 16:28:13,066] {dag.py:2937} INFO - Setting next_dagrun for example_xcom to 2021-01-01T00:00:00+00:00
[2022-06-24 16:28:13,072] {processor.py:171} INFO - Processing /home/airflow/.local/lib/python3.7/site-packages/airflow/example_dags/example_xcom.py took 0.218 seconds
[2022-06-24 16:28:43,390] {processor.py:163} INFO - Started process (PID=1509) to work on /home/airflow/.local/lib/python3.7/site-packages/airflow/example_dags/example_xcom.py
[2022-06-24 16:28:43,390] {processor.py:642} INFO - Processing file /home/airflow/.local/lib/python3.7/site-packages/airflow/example_dags/example_xcom.py for tasks to queue
[2022-06-24 16:28:43,391] {logging_mixin.py:109} INFO - [2022-06-24 16:28:43,391] {dagbag.py:500} INFO - Filling up the DagBag from /home/airflow/.local/lib/python3.7/site-packages/airflow/example_dags/example_xcom.py
[2022-06-24 16:28:43,404] {processor.py:652} INFO - DAG(s) dict_keys(['example_xcom']) retrieved from /home/airflow/.local/lib/python3.7/site-packages/airflow/example_dags/example_xcom.py
[2022-06-24 16:28:43,593] {logging_mixin.py:109} INFO - [2022-06-24 16:28:43,593] {dag.py:2398} INFO - Sync 1 DAGs
[2022-06-24 16:28:43,602] {logging_mixin.py:109} INFO - [2022-06-24 16:28:43,602] {dag.py:2937} INFO - Setting next_dagrun for example_xcom to 2021-01-01T00:00:00+00:00
[2022-06-24 16:28:43,610] {processor.py:171} INFO - Processing /home/airflow/.local/lib/python3.7/site-packages/airflow/example_dags/example_xcom.py took 0.222 seconds
[2022-06-24 16:29:13,716] {processor.py:163} INFO - Started process (PID=1560) to work on /home/airflow/.local/lib/python3.7/site-packages/airflow/example_dags/example_xcom.py
[2022-06-24 16:29:13,717] {processor.py:642} INFO - Processing file /home/airflow/.local/lib/python3.7/site-packages/airflow/example_dags/example_xcom.py for tasks to queue
[2022-06-24 16:29:13,718] {logging_mixin.py:109} INFO - [2022-06-24 16:29:13,718] {dagbag.py:500} INFO - Filling up the DagBag from /home/airflow/.local/lib/python3.7/site-packages/airflow/example_dags/example_xcom.py
[2022-06-24 16:29:13,731] {processor.py:652} INFO - DAG(s) dict_keys(['example_xcom']) retrieved from /home/airflow/.local/lib/python3.7/site-packages/airflow/example_dags/example_xcom.py
[2022-06-24 16:29:13,910] {logging_mixin.py:109} INFO - [2022-06-24 16:29:13,910] {dag.py:2398} INFO - Sync 1 DAGs
[2022-06-24 16:29:13,919] {logging_mixin.py:109} INFO - [2022-06-24 16:29:13,919] {dag.py:2937} INFO - Setting next_dagrun for example_xcom to 2021-01-01T00:00:00+00:00
[2022-06-24 16:29:13,927] {processor.py:171} INFO - Processing /home/airflow/.local/lib/python3.7/site-packages/airflow/example_dags/example_xcom.py took 0.213 seconds
[2022-06-24 16:29:44,310] {processor.py:163} INFO - Started process (PID=1620) to work on /home/airflow/.local/lib/python3.7/site-packages/airflow/example_dags/example_xcom.py
[2022-06-24 16:29:44,311] {processor.py:642} INFO - Processing file /home/airflow/.local/lib/python3.7/site-packages/airflow/example_dags/example_xcom.py for tasks to queue
[2022-06-24 16:29:44,311] {logging_mixin.py:109} INFO - [2022-06-24 16:29:44,311] {dagbag.py:500} INFO - Filling up the DagBag from /home/airflow/.local/lib/python3.7/site-packages/airflow/example_dags/example_xcom.py
[2022-06-24 16:29:44,323] {processor.py:652} INFO - DAG(s) dict_keys(['example_xcom']) retrieved from /home/airflow/.local/lib/python3.7/site-packages/airflow/example_dags/example_xcom.py
[2022-06-24 16:29:44,517] {logging_mixin.py:109} INFO - [2022-06-24 16:29:44,517] {dag.py:2398} INFO - Sync 1 DAGs
[2022-06-24 16:29:44,527] {logging_mixin.py:109} INFO - [2022-06-24 16:29:44,526] {dag.py:2937} INFO - Setting next_dagrun for example_xcom to 2021-01-01T00:00:00+00:00
[2022-06-24 16:29:44,533] {processor.py:171} INFO - Processing /home/airflow/.local/lib/python3.7/site-packages/airflow/example_dags/example_xcom.py took 0.224 seconds
[2022-06-24 16:30:15,251] {processor.py:163} INFO - Started process (PID=1687) to work on /home/airflow/.local/lib/python3.7/site-packages/airflow/example_dags/example_xcom.py
[2022-06-24 16:30:15,252] {processor.py:642} INFO - Processing file /home/airflow/.local/lib/python3.7/site-packages/airflow/example_dags/example_xcom.py for tasks to queue
[2022-06-24 16:30:15,252] {logging_mixin.py:109} INFO - [2022-06-24 16:30:15,252] {dagbag.py:500} INFO - Filling up the DagBag from /home/airflow/.local/lib/python3.7/site-packages/airflow/example_dags/example_xcom.py
[2022-06-24 16:30:15,265] {processor.py:652} INFO - DAG(s) dict_keys(['example_xcom']) retrieved from /home/airflow/.local/lib/python3.7/site-packages/airflow/example_dags/example_xcom.py
[2022-06-24 16:30:15,457] {logging_mixin.py:109} INFO - [2022-06-24 16:30:15,457] {dag.py:2398} INFO - Sync 1 DAGs
[2022-06-24 16:30:15,469] {logging_mixin.py:109} INFO - [2022-06-24 16:30:15,469] {dag.py:2937} INFO - Setting next_dagrun for example_xcom to 2021-01-01T00:00:00+00:00
[2022-06-24 16:30:15,477] {processor.py:171} INFO - Processing /home/airflow/.local/lib/python3.7/site-packages/airflow/example_dags/example_xcom.py took 0.228 seconds
[2022-06-24 16:30:45,804] {processor.py:163} INFO - Started process (PID=1738) to work on /home/airflow/.local/lib/python3.7/site-packages/airflow/example_dags/example_xcom.py
[2022-06-24 16:30:45,805] {processor.py:642} INFO - Processing file /home/airflow/.local/lib/python3.7/site-packages/airflow/example_dags/example_xcom.py for tasks to queue
[2022-06-24 16:30:45,805] {logging_mixin.py:109} INFO - [2022-06-24 16:30:45,805] {dagbag.py:500} INFO - Filling up the DagBag from /home/airflow/.local/lib/python3.7/site-packages/airflow/example_dags/example_xcom.py
[2022-06-24 16:30:45,817] {processor.py:652} INFO - DAG(s) dict_keys(['example_xcom']) retrieved from /home/airflow/.local/lib/python3.7/site-packages/airflow/example_dags/example_xcom.py
[2022-06-24 16:30:46,028] {logging_mixin.py:109} INFO - [2022-06-24 16:30:46,028] {dag.py:2398} INFO - Sync 1 DAGs
[2022-06-24 16:30:46,037] {logging_mixin.py:109} INFO - [2022-06-24 16:30:46,037] {dag.py:2937} INFO - Setting next_dagrun for example_xcom to 2021-01-01T00:00:00+00:00
[2022-06-24 16:30:46,044] {processor.py:171} INFO - Processing /home/airflow/.local/lib/python3.7/site-packages/airflow/example_dags/example_xcom.py took 0.242 seconds
[2022-06-24 16:31:16,462] {processor.py:163} INFO - Started process (PID=1796) to work on /home/airflow/.local/lib/python3.7/site-packages/airflow/example_dags/example_xcom.py
[2022-06-24 16:31:16,463] {processor.py:642} INFO - Processing file /home/airflow/.local/lib/python3.7/site-packages/airflow/example_dags/example_xcom.py for tasks to queue
[2022-06-24 16:31:16,464] {logging_mixin.py:109} INFO - [2022-06-24 16:31:16,464] {dagbag.py:500} INFO - Filling up the DagBag from /home/airflow/.local/lib/python3.7/site-packages/airflow/example_dags/example_xcom.py
[2022-06-24 16:31:16,476] {processor.py:652} INFO - DAG(s) dict_keys(['example_xcom']) retrieved from /home/airflow/.local/lib/python3.7/site-packages/airflow/example_dags/example_xcom.py
[2022-06-24 16:31:16,712] {logging_mixin.py:109} INFO - [2022-06-24 16:31:16,712] {dag.py:2398} INFO - Sync 1 DAGs
[2022-06-24 16:31:16,724] {logging_mixin.py:109} INFO - [2022-06-24 16:31:16,724] {dag.py:2937} INFO - Setting next_dagrun for example_xcom to 2021-01-01T00:00:00+00:00
[2022-06-24 16:31:16,733] {processor.py:171} INFO - Processing /home/airflow/.local/lib/python3.7/site-packages/airflow/example_dags/example_xcom.py took 0.275 seconds
[2022-06-24 16:31:47,131] {processor.py:163} INFO - Started process (PID=1855) to work on /home/airflow/.local/lib/python3.7/site-packages/airflow/example_dags/example_xcom.py
[2022-06-24 16:31:47,132] {processor.py:642} INFO - Processing file /home/airflow/.local/lib/python3.7/site-packages/airflow/example_dags/example_xcom.py for tasks to queue
[2022-06-24 16:31:47,133] {logging_mixin.py:109} INFO - [2022-06-24 16:31:47,133] {dagbag.py:500} INFO - Filling up the DagBag from /home/airflow/.local/lib/python3.7/site-packages/airflow/example_dags/example_xcom.py
[2022-06-24 16:31:47,149] {processor.py:652} INFO - DAG(s) dict_keys(['example_xcom']) retrieved from /home/airflow/.local/lib/python3.7/site-packages/airflow/example_dags/example_xcom.py
[2022-06-24 16:31:47,332] {logging_mixin.py:109} INFO - [2022-06-24 16:31:47,332] {dag.py:2398} INFO - Sync 1 DAGs
[2022-06-24 16:31:47,341] {logging_mixin.py:109} INFO - [2022-06-24 16:31:47,340] {dag.py:2937} INFO - Setting next_dagrun for example_xcom to 2021-01-01T00:00:00+00:00
[2022-06-24 16:31:47,347] {processor.py:171} INFO - Processing /home/airflow/.local/lib/python3.7/site-packages/airflow/example_dags/example_xcom.py took 0.220 seconds
[2022-06-24 16:32:17,734] {processor.py:163} INFO - Started process (PID=1905) to work on /home/airflow/.local/lib/python3.7/site-packages/airflow/example_dags/example_xcom.py
[2022-06-24 16:32:17,735] {processor.py:642} INFO - Processing file /home/airflow/.local/lib/python3.7/site-packages/airflow/example_dags/example_xcom.py for tasks to queue
[2022-06-24 16:32:17,736] {logging_mixin.py:109} INFO - [2022-06-24 16:32:17,735] {dagbag.py:500} INFO - Filling up the DagBag from /home/airflow/.local/lib/python3.7/site-packages/airflow/example_dags/example_xcom.py
[2022-06-24 16:32:17,747] {processor.py:652} INFO - DAG(s) dict_keys(['example_xcom']) retrieved from /home/airflow/.local/lib/python3.7/site-packages/airflow/example_dags/example_xcom.py
[2022-06-24 16:32:17,921] {logging_mixin.py:109} INFO - [2022-06-24 16:32:17,921] {dag.py:2398} INFO - Sync 1 DAGs
[2022-06-24 16:32:17,929] {logging_mixin.py:109} INFO - [2022-06-24 16:32:17,929] {dag.py:2937} INFO - Setting next_dagrun for example_xcom to 2021-01-01T00:00:00+00:00
[2022-06-24 16:32:17,938] {processor.py:171} INFO - Processing /home/airflow/.local/lib/python3.7/site-packages/airflow/example_dags/example_xcom.py took 0.205 seconds
[2022-06-24 16:32:48,474] {processor.py:163} INFO - Started process (PID=1965) to work on /home/airflow/.local/lib/python3.7/site-packages/airflow/example_dags/example_xcom.py
[2022-06-24 16:32:48,475] {processor.py:642} INFO - Processing file /home/airflow/.local/lib/python3.7/site-packages/airflow/example_dags/example_xcom.py for tasks to queue
[2022-06-24 16:32:48,475] {logging_mixin.py:109} INFO - [2022-06-24 16:32:48,475] {dagbag.py:500} INFO - Filling up the DagBag from /home/airflow/.local/lib/python3.7/site-packages/airflow/example_dags/example_xcom.py
[2022-06-24 16:32:48,487] {processor.py:652} INFO - DAG(s) dict_keys(['example_xcom']) retrieved from /home/airflow/.local/lib/python3.7/site-packages/airflow/example_dags/example_xcom.py
[2022-06-24 16:32:48,669] {logging_mixin.py:109} INFO - [2022-06-24 16:32:48,669] {dag.py:2398} INFO - Sync 1 DAGs
[2022-06-24 16:32:48,678] {logging_mixin.py:109} INFO - [2022-06-24 16:32:48,678] {dag.py:2937} INFO - Setting next_dagrun for example_xcom to 2021-01-01T00:00:00+00:00
[2022-06-24 16:32:48,685] {processor.py:171} INFO - Processing /home/airflow/.local/lib/python3.7/site-packages/airflow/example_dags/example_xcom.py took 0.212 seconds
[2022-06-24 16:33:19,000] {processor.py:163} INFO - Started process (PID=2026) to work on /home/airflow/.local/lib/python3.7/site-packages/airflow/example_dags/example_xcom.py
[2022-06-24 16:33:19,001] {processor.py:642} INFO - Processing file /home/airflow/.local/lib/python3.7/site-packages/airflow/example_dags/example_xcom.py for tasks to queue
[2022-06-24 16:33:19,001] {logging_mixin.py:109} INFO - [2022-06-24 16:33:19,001] {dagbag.py:500} INFO - Filling up the DagBag from /home/airflow/.local/lib/python3.7/site-packages/airflow/example_dags/example_xcom.py
[2022-06-24 16:33:19,016] {processor.py:652} INFO - DAG(s) dict_keys(['example_xcom']) retrieved from /home/airflow/.local/lib/python3.7/site-packages/airflow/example_dags/example_xcom.py
[2022-06-24 16:33:19,273] {logging_mixin.py:109} INFO - [2022-06-24 16:33:19,273] {dag.py:2398} INFO - Sync 1 DAGs
[2022-06-24 16:33:19,286] {logging_mixin.py:109} INFO - [2022-06-24 16:33:19,286] {dag.py:2937} INFO - Setting next_dagrun for example_xcom to 2021-01-01T00:00:00+00:00
[2022-06-24 16:33:19,296] {processor.py:171} INFO - Processing /home/airflow/.local/lib/python3.7/site-packages/airflow/example_dags/example_xcom.py took 0.298 seconds
[2022-06-24 16:33:49,739] {processor.py:163} INFO - Started process (PID=2077) to work on /home/airflow/.local/lib/python3.7/site-packages/airflow/example_dags/example_xcom.py
[2022-06-24 16:33:49,740] {processor.py:642} INFO - Processing file /home/airflow/.local/lib/python3.7/site-packages/airflow/example_dags/example_xcom.py for tasks to queue
[2022-06-24 16:33:49,740] {logging_mixin.py:109} INFO - [2022-06-24 16:33:49,740] {dagbag.py:500} INFO - Filling up the DagBag from /home/airflow/.local/lib/python3.7/site-packages/airflow/example_dags/example_xcom.py
[2022-06-24 16:33:49,752] {processor.py:652} INFO - DAG(s) dict_keys(['example_xcom']) retrieved from /home/airflow/.local/lib/python3.7/site-packages/airflow/example_dags/example_xcom.py
[2022-06-24 16:33:49,969] {logging_mixin.py:109} INFO - [2022-06-24 16:33:49,969] {dag.py:2398} INFO - Sync 1 DAGs
[2022-06-24 16:33:49,978] {logging_mixin.py:109} INFO - [2022-06-24 16:33:49,978] {dag.py:2937} INFO - Setting next_dagrun for example_xcom to 2021-01-01T00:00:00+00:00
[2022-06-24 16:33:49,986] {processor.py:171} INFO - Processing /home/airflow/.local/lib/python3.7/site-packages/airflow/example_dags/example_xcom.py took 0.251 seconds
[2022-06-24 16:34:20,313] {processor.py:163} INFO - Started process (PID=2138) to work on /home/airflow/.local/lib/python3.7/site-packages/airflow/example_dags/example_xcom.py
[2022-06-24 16:34:20,314] {processor.py:642} INFO - Processing file /home/airflow/.local/lib/python3.7/site-packages/airflow/example_dags/example_xcom.py for tasks to queue
[2022-06-24 16:34:20,314] {logging_mixin.py:109} INFO - [2022-06-24 16:34:20,314] {dagbag.py:500} INFO - Filling up the DagBag from /home/airflow/.local/lib/python3.7/site-packages/airflow/example_dags/example_xcom.py
[2022-06-24 16:34:20,325] {processor.py:652} INFO - DAG(s) dict_keys(['example_xcom']) retrieved from /home/airflow/.local/lib/python3.7/site-packages/airflow/example_dags/example_xcom.py
[2022-06-24 16:34:20,547] {logging_mixin.py:109} INFO - [2022-06-24 16:34:20,547] {dag.py:2398} INFO - Sync 1 DAGs
[2022-06-24 16:34:20,555] {logging_mixin.py:109} INFO - [2022-06-24 16:34:20,555] {dag.py:2937} INFO - Setting next_dagrun for example_xcom to 2021-01-01T00:00:00+00:00
[2022-06-24 16:34:20,562] {processor.py:171} INFO - Processing /home/airflow/.local/lib/python3.7/site-packages/airflow/example_dags/example_xcom.py took 0.251 seconds
[2022-06-24 16:34:50,970] {processor.py:163} INFO - Started process (PID=2198) to work on /home/airflow/.local/lib/python3.7/site-packages/airflow/example_dags/example_xcom.py
[2022-06-24 16:34:50,971] {processor.py:642} INFO - Processing file /home/airflow/.local/lib/python3.7/site-packages/airflow/example_dags/example_xcom.py for tasks to queue
[2022-06-24 16:34:50,971] {logging_mixin.py:109} INFO - [2022-06-24 16:34:50,971] {dagbag.py:500} INFO - Filling up the DagBag from /home/airflow/.local/lib/python3.7/site-packages/airflow/example_dags/example_xcom.py
[2022-06-24 16:34:50,986] {processor.py:652} INFO - DAG(s) dict_keys(['example_xcom']) retrieved from /home/airflow/.local/lib/python3.7/site-packages/airflow/example_dags/example_xcom.py
[2022-06-24 16:34:51,206] {logging_mixin.py:109} INFO - [2022-06-24 16:34:51,206] {dag.py:2398} INFO - Sync 1 DAGs
[2022-06-24 16:34:51,217] {logging_mixin.py:109} INFO - [2022-06-24 16:34:51,217] {dag.py:2937} INFO - Setting next_dagrun for example_xcom to 2021-01-01T00:00:00+00:00
[2022-06-24 16:34:51,226] {processor.py:171} INFO - Processing /home/airflow/.local/lib/python3.7/site-packages/airflow/example_dags/example_xcom.py took 0.257 seconds
[2022-06-24 16:35:21,542] {processor.py:163} INFO - Started process (PID=2248) to work on /home/airflow/.local/lib/python3.7/site-packages/airflow/example_dags/example_xcom.py
[2022-06-24 16:35:21,543] {processor.py:642} INFO - Processing file /home/airflow/.local/lib/python3.7/site-packages/airflow/example_dags/example_xcom.py for tasks to queue
[2022-06-24 16:35:21,544] {logging_mixin.py:109} INFO - [2022-06-24 16:35:21,544] {dagbag.py:500} INFO - Filling up the DagBag from /home/airflow/.local/lib/python3.7/site-packages/airflow/example_dags/example_xcom.py
[2022-06-24 16:35:21,557] {processor.py:652} INFO - DAG(s) dict_keys(['example_xcom']) retrieved from /home/airflow/.local/lib/python3.7/site-packages/airflow/example_dags/example_xcom.py
[2022-06-24 16:35:21,786] {logging_mixin.py:109} INFO - [2022-06-24 16:35:21,786] {dag.py:2398} INFO - Sync 1 DAGs
[2022-06-24 16:35:21,797] {logging_mixin.py:109} INFO - [2022-06-24 16:35:21,797] {dag.py:2937} INFO - Setting next_dagrun for example_xcom to 2021-01-01T00:00:00+00:00
[2022-06-24 16:35:21,806] {processor.py:171} INFO - Processing /home/airflow/.local/lib/python3.7/site-packages/airflow/example_dags/example_xcom.py took 0.267 seconds
[2022-06-24 16:35:52,143] {processor.py:163} INFO - Started process (PID=2308) to work on /home/airflow/.local/lib/python3.7/site-packages/airflow/example_dags/example_xcom.py
[2022-06-24 16:35:52,144] {processor.py:642} INFO - Processing file /home/airflow/.local/lib/python3.7/site-packages/airflow/example_dags/example_xcom.py for tasks to queue
[2022-06-24 16:35:52,144] {logging_mixin.py:109} INFO - [2022-06-24 16:35:52,144] {dagbag.py:500} INFO - Filling up the DagBag from /home/airflow/.local/lib/python3.7/site-packages/airflow/example_dags/example_xcom.py
[2022-06-24 16:35:52,161] {processor.py:652} INFO - DAG(s) dict_keys(['example_xcom']) retrieved from /home/airflow/.local/lib/python3.7/site-packages/airflow/example_dags/example_xcom.py
[2022-06-24 16:35:52,357] {logging_mixin.py:109} INFO - [2022-06-24 16:35:52,357] {dag.py:2398} INFO - Sync 1 DAGs
[2022-06-24 16:35:52,365] {logging_mixin.py:109} INFO - [2022-06-24 16:35:52,365] {dag.py:2937} INFO - Setting next_dagrun for example_xcom to 2021-01-01T00:00:00+00:00
[2022-06-24 16:35:52,372] {processor.py:171} INFO - Processing /home/airflow/.local/lib/python3.7/site-packages/airflow/example_dags/example_xcom.py took 0.231 seconds
[2022-06-24 16:36:22,879] {processor.py:163} INFO - Started process (PID=2365) to work on /home/airflow/.local/lib/python3.7/site-packages/airflow/example_dags/example_xcom.py
[2022-06-24 16:36:22,880] {processor.py:642} INFO - Processing file /home/airflow/.local/lib/python3.7/site-packages/airflow/example_dags/example_xcom.py for tasks to queue
[2022-06-24 16:36:22,881] {logging_mixin.py:109} INFO - [2022-06-24 16:36:22,881] {dagbag.py:500} INFO - Filling up the DagBag from /home/airflow/.local/lib/python3.7/site-packages/airflow/example_dags/example_xcom.py
[2022-06-24 16:36:22,899] {processor.py:652} INFO - DAG(s) dict_keys(['example_xcom']) retrieved from /home/airflow/.local/lib/python3.7/site-packages/airflow/example_dags/example_xcom.py
[2022-06-24 16:36:23,114] {logging_mixin.py:109} INFO - [2022-06-24 16:36:23,113] {dag.py:2398} INFO - Sync 1 DAGs
[2022-06-24 16:36:23,124] {logging_mixin.py:109} INFO - [2022-06-24 16:36:23,123] {dag.py:2937} INFO - Setting next_dagrun for example_xcom to 2021-01-01T00:00:00+00:00
[2022-06-24 16:36:23,132] {processor.py:171} INFO - Processing /home/airflow/.local/lib/python3.7/site-packages/airflow/example_dags/example_xcom.py took 0.255 seconds
[2022-06-24 16:36:53,807] {processor.py:163} INFO - Started process (PID=2418) to work on /home/airflow/.local/lib/python3.7/site-packages/airflow/example_dags/example_xcom.py
[2022-06-24 16:36:53,808] {processor.py:642} INFO - Processing file /home/airflow/.local/lib/python3.7/site-packages/airflow/example_dags/example_xcom.py for tasks to queue
[2022-06-24 16:36:53,808] {logging_mixin.py:109} INFO - [2022-06-24 16:36:53,808] {dagbag.py:500} INFO - Filling up the DagBag from /home/airflow/.local/lib/python3.7/site-packages/airflow/example_dags/example_xcom.py
[2022-06-24 16:36:53,821] {processor.py:652} INFO - DAG(s) dict_keys(['example_xcom']) retrieved from /home/airflow/.local/lib/python3.7/site-packages/airflow/example_dags/example_xcom.py
[2022-06-24 16:36:54,034] {logging_mixin.py:109} INFO - [2022-06-24 16:36:54,034] {dag.py:2398} INFO - Sync 1 DAGs
[2022-06-24 16:36:54,044] {logging_mixin.py:109} INFO - [2022-06-24 16:36:54,044] {dag.py:2937} INFO - Setting next_dagrun for example_xcom to 2021-01-01T00:00:00+00:00
[2022-06-24 16:36:54,052] {processor.py:171} INFO - Processing /home/airflow/.local/lib/python3.7/site-packages/airflow/example_dags/example_xcom.py took 0.247 seconds
[2022-06-24 16:37:24,524] {processor.py:163} INFO - Started process (PID=2477) to work on /home/airflow/.local/lib/python3.7/site-packages/airflow/example_dags/example_xcom.py
[2022-06-24 16:37:24,524] {processor.py:642} INFO - Processing file /home/airflow/.local/lib/python3.7/site-packages/airflow/example_dags/example_xcom.py for tasks to queue
[2022-06-24 16:37:24,525] {logging_mixin.py:109} INFO - [2022-06-24 16:37:24,524] {dagbag.py:500} INFO - Filling up the DagBag from /home/airflow/.local/lib/python3.7/site-packages/airflow/example_dags/example_xcom.py
[2022-06-24 16:37:24,536] {processor.py:652} INFO - DAG(s) dict_keys(['example_xcom']) retrieved from /home/airflow/.local/lib/python3.7/site-packages/airflow/example_dags/example_xcom.py
[2022-06-24 16:37:24,718] {logging_mixin.py:109} INFO - [2022-06-24 16:37:24,717] {dag.py:2398} INFO - Sync 1 DAGs
[2022-06-24 16:37:24,727] {logging_mixin.py:109} INFO - [2022-06-24 16:37:24,727] {dag.py:2937} INFO - Setting next_dagrun for example_xcom to 2021-01-01T00:00:00+00:00
[2022-06-24 16:37:24,734] {processor.py:171} INFO - Processing /home/airflow/.local/lib/python3.7/site-packages/airflow/example_dags/example_xcom.py took 0.212 seconds
[2022-06-24 16:37:55,146] {processor.py:163} INFO - Started process (PID=2527) to work on /home/airflow/.local/lib/python3.7/site-packages/airflow/example_dags/example_xcom.py
[2022-06-24 16:37:55,148] {processor.py:642} INFO - Processing file /home/airflow/.local/lib/python3.7/site-packages/airflow/example_dags/example_xcom.py for tasks to queue
[2022-06-24 16:37:55,148] {logging_mixin.py:109} INFO - [2022-06-24 16:37:55,148] {dagbag.py:500} INFO - Filling up the DagBag from /home/airflow/.local/lib/python3.7/site-packages/airflow/example_dags/example_xcom.py
[2022-06-24 16:37:55,162] {processor.py:652} INFO - DAG(s) dict_keys(['example_xcom']) retrieved from /home/airflow/.local/lib/python3.7/site-packages/airflow/example_dags/example_xcom.py
[2022-06-24 16:37:55,394] {logging_mixin.py:109} INFO - [2022-06-24 16:37:55,394] {dag.py:2398} INFO - Sync 1 DAGs
[2022-06-24 16:37:55,405] {logging_mixin.py:109} INFO - [2022-06-24 16:37:55,405] {dag.py:2937} INFO - Setting next_dagrun for example_xcom to 2021-01-01T00:00:00+00:00
[2022-06-24 16:37:55,413] {processor.py:171} INFO - Processing /home/airflow/.local/lib/python3.7/site-packages/airflow/example_dags/example_xcom.py took 0.270 seconds
[2022-06-24 16:38:26,101] {processor.py:163} INFO - Started process (PID=2588) to work on /home/airflow/.local/lib/python3.7/site-packages/airflow/example_dags/example_xcom.py
[2022-06-24 16:38:26,103] {processor.py:642} INFO - Processing file /home/airflow/.local/lib/python3.7/site-packages/airflow/example_dags/example_xcom.py for tasks to queue
[2022-06-24 16:38:26,104] {logging_mixin.py:109} INFO - [2022-06-24 16:38:26,104] {dagbag.py:500} INFO - Filling up the DagBag from /home/airflow/.local/lib/python3.7/site-packages/airflow/example_dags/example_xcom.py
[2022-06-24 16:38:26,118] {processor.py:652} INFO - DAG(s) dict_keys(['example_xcom']) retrieved from /home/airflow/.local/lib/python3.7/site-packages/airflow/example_dags/example_xcom.py
[2022-06-24 16:38:26,324] {logging_mixin.py:109} INFO - [2022-06-24 16:38:26,323] {dag.py:2398} INFO - Sync 1 DAGs
[2022-06-24 16:38:26,332] {logging_mixin.py:109} INFO - [2022-06-24 16:38:26,332] {dag.py:2937} INFO - Setting next_dagrun for example_xcom to 2021-01-01T00:00:00+00:00
[2022-06-24 16:38:26,340] {processor.py:171} INFO - Processing /home/airflow/.local/lib/python3.7/site-packages/airflow/example_dags/example_xcom.py took 0.241 seconds
