[2022-06-24 16:06:58,997] {processor.py:163} INFO - Started process (PID=234) to work on /home/airflow/.local/lib/python3.7/site-packages/airflow/example_dags/example_latest_only.py
[2022-06-24 16:06:58,998] {processor.py:642} INFO - Processing file /home/airflow/.local/lib/python3.7/site-packages/airflow/example_dags/example_latest_only.py for tasks to queue
[2022-06-24 16:06:58,998] {logging_mixin.py:109} INFO - [2022-06-24 16:06:58,998] {dagbag.py:500} INFO - Filling up the DagBag from /home/airflow/.local/lib/python3.7/site-packages/airflow/example_dags/example_latest_only.py
[2022-06-24 16:06:59,010] {processor.py:652} INFO - DAG(s) dict_keys(['latest_only']) retrieved from /home/airflow/.local/lib/python3.7/site-packages/airflow/example_dags/example_latest_only.py
[2022-06-24 16:07:00,302] {logging_mixin.py:109} INFO - [2022-06-24 16:07:00,302] {manager.py:496} INFO - Created Permission View: can edit on DAG:latest_only
[2022-06-24 16:07:00,306] {logging_mixin.py:109} INFO - [2022-06-24 16:07:00,306] {manager.py:496} INFO - Created Permission View: can read on DAG:latest_only
[2022-06-24 16:07:00,306] {logging_mixin.py:109} INFO - [2022-06-24 16:07:00,306] {dag.py:2398} INFO - Sync 1 DAGs
[2022-06-24 16:07:00,311] {logging_mixin.py:109} INFO - [2022-06-24 16:07:00,311] {dag.py:2417} INFO - Creating ORM DAG for latest_only
[2022-06-24 16:07:00,316] {logging_mixin.py:109} INFO - [2022-06-24 16:07:00,316] {dag.py:2937} INFO - Setting next_dagrun for latest_only to 2022-06-24T12:07:00.316216+00:00
[2022-06-24 16:07:00,323] {processor.py:171} INFO - Processing /home/airflow/.local/lib/python3.7/site-packages/airflow/example_dags/example_latest_only.py took 1.328 seconds
[2022-06-24 16:07:31,124] {processor.py:163} INFO - Started process (PID=365) to work on /home/airflow/.local/lib/python3.7/site-packages/airflow/example_dags/example_latest_only.py
[2022-06-24 16:07:31,125] {processor.py:642} INFO - Processing file /home/airflow/.local/lib/python3.7/site-packages/airflow/example_dags/example_latest_only.py for tasks to queue
[2022-06-24 16:07:31,126] {logging_mixin.py:109} INFO - [2022-06-24 16:07:31,126] {dagbag.py:500} INFO - Filling up the DagBag from /home/airflow/.local/lib/python3.7/site-packages/airflow/example_dags/example_latest_only.py
[2022-06-24 16:07:31,141] {processor.py:652} INFO - DAG(s) dict_keys(['latest_only']) retrieved from /home/airflow/.local/lib/python3.7/site-packages/airflow/example_dags/example_latest_only.py
[2022-06-24 16:07:31,153] {logging_mixin.py:109} INFO - [2022-06-24 16:07:31,153] {dag.py:2398} INFO - Sync 1 DAGs
[2022-06-24 16:07:31,163] {logging_mixin.py:109} INFO - [2022-06-24 16:07:31,163] {dag.py:2937} INFO - Setting next_dagrun for latest_only to 2022-06-24T12:07:31.163050+00:00
[2022-06-24 16:07:31,168] {processor.py:171} INFO - Processing /home/airflow/.local/lib/python3.7/site-packages/airflow/example_dags/example_latest_only.py took 0.050 seconds
[2022-06-24 16:08:01,346] {processor.py:163} INFO - Started process (PID=425) to work on /home/airflow/.local/lib/python3.7/site-packages/airflow/example_dags/example_latest_only.py
[2022-06-24 16:08:01,347] {processor.py:642} INFO - Processing file /home/airflow/.local/lib/python3.7/site-packages/airflow/example_dags/example_latest_only.py for tasks to queue
[2022-06-24 16:08:01,347] {logging_mixin.py:109} INFO - [2022-06-24 16:08:01,347] {dagbag.py:500} INFO - Filling up the DagBag from /home/airflow/.local/lib/python3.7/site-packages/airflow/example_dags/example_latest_only.py
[2022-06-24 16:08:01,361] {processor.py:652} INFO - DAG(s) dict_keys(['latest_only']) retrieved from /home/airflow/.local/lib/python3.7/site-packages/airflow/example_dags/example_latest_only.py
[2022-06-24 16:08:01,372] {logging_mixin.py:109} INFO - [2022-06-24 16:08:01,372] {dag.py:2398} INFO - Sync 1 DAGs
[2022-06-24 16:08:01,382] {logging_mixin.py:109} INFO - [2022-06-24 16:08:01,382] {dag.py:2937} INFO - Setting next_dagrun for latest_only to 2022-06-24T12:08:01.382729+00:00
[2022-06-24 16:08:01,388] {processor.py:171} INFO - Processing /home/airflow/.local/lib/python3.7/site-packages/airflow/example_dags/example_latest_only.py took 0.044 seconds
[2022-06-24 16:08:31,629] {processor.py:163} INFO - Started process (PID=484) to work on /home/airflow/.local/lib/python3.7/site-packages/airflow/example_dags/example_latest_only.py
[2022-06-24 16:08:31,630] {processor.py:642} INFO - Processing file /home/airflow/.local/lib/python3.7/site-packages/airflow/example_dags/example_latest_only.py for tasks to queue
[2022-06-24 16:08:31,630] {logging_mixin.py:109} INFO - [2022-06-24 16:08:31,630] {dagbag.py:500} INFO - Filling up the DagBag from /home/airflow/.local/lib/python3.7/site-packages/airflow/example_dags/example_latest_only.py
[2022-06-24 16:08:31,639] {processor.py:652} INFO - DAG(s) dict_keys(['latest_only']) retrieved from /home/airflow/.local/lib/python3.7/site-packages/airflow/example_dags/example_latest_only.py
[2022-06-24 16:08:31,652] {logging_mixin.py:109} INFO - [2022-06-24 16:08:31,651] {dag.py:2398} INFO - Sync 1 DAGs
[2022-06-24 16:08:31,661] {logging_mixin.py:109} INFO - [2022-06-24 16:08:31,661] {dag.py:2937} INFO - Setting next_dagrun for latest_only to 2022-06-24T12:08:31.661648+00:00
[2022-06-24 16:08:31,667] {processor.py:171} INFO - Processing /home/airflow/.local/lib/python3.7/site-packages/airflow/example_dags/example_latest_only.py took 0.040 seconds
[2022-06-24 16:09:01,889] {processor.py:163} INFO - Started process (PID=534) to work on /home/airflow/.local/lib/python3.7/site-packages/airflow/example_dags/example_latest_only.py
[2022-06-24 16:09:01,889] {processor.py:642} INFO - Processing file /home/airflow/.local/lib/python3.7/site-packages/airflow/example_dags/example_latest_only.py for tasks to queue
[2022-06-24 16:09:01,890] {logging_mixin.py:109} INFO - [2022-06-24 16:09:01,890] {dagbag.py:500} INFO - Filling up the DagBag from /home/airflow/.local/lib/python3.7/site-packages/airflow/example_dags/example_latest_only.py
[2022-06-24 16:09:01,899] {processor.py:652} INFO - DAG(s) dict_keys(['latest_only']) retrieved from /home/airflow/.local/lib/python3.7/site-packages/airflow/example_dags/example_latest_only.py
[2022-06-24 16:09:01,911] {logging_mixin.py:109} INFO - [2022-06-24 16:09:01,911] {dag.py:2398} INFO - Sync 1 DAGs
[2022-06-24 16:09:01,921] {logging_mixin.py:109} INFO - [2022-06-24 16:09:01,921] {dag.py:2937} INFO - Setting next_dagrun for latest_only to 2022-06-24T12:09:01.921118+00:00
[2022-06-24 16:09:01,927] {processor.py:171} INFO - Processing /home/airflow/.local/lib/python3.7/site-packages/airflow/example_dags/example_latest_only.py took 0.040 seconds
[2022-06-24 16:09:32,005] {processor.py:163} INFO - Started process (PID=593) to work on /home/airflow/.local/lib/python3.7/site-packages/airflow/example_dags/example_latest_only.py
[2022-06-24 16:09:32,006] {processor.py:642} INFO - Processing file /home/airflow/.local/lib/python3.7/site-packages/airflow/example_dags/example_latest_only.py for tasks to queue
[2022-06-24 16:09:32,007] {logging_mixin.py:109} INFO - [2022-06-24 16:09:32,007] {dagbag.py:500} INFO - Filling up the DagBag from /home/airflow/.local/lib/python3.7/site-packages/airflow/example_dags/example_latest_only.py
[2022-06-24 16:09:32,015] {processor.py:652} INFO - DAG(s) dict_keys(['latest_only']) retrieved from /home/airflow/.local/lib/python3.7/site-packages/airflow/example_dags/example_latest_only.py
[2022-06-24 16:09:32,029] {logging_mixin.py:109} INFO - [2022-06-24 16:09:32,029] {dag.py:2398} INFO - Sync 1 DAGs
[2022-06-24 16:09:32,042] {logging_mixin.py:109} INFO - [2022-06-24 16:09:32,042] {dag.py:2937} INFO - Setting next_dagrun for latest_only to 2022-06-24T12:09:32.042512+00:00
[2022-06-24 16:09:32,048] {processor.py:171} INFO - Processing /home/airflow/.local/lib/python3.7/site-packages/airflow/example_dags/example_latest_only.py took 0.045 seconds
[2022-06-24 16:10:02,256] {processor.py:163} INFO - Started process (PID=653) to work on /home/airflow/.local/lib/python3.7/site-packages/airflow/example_dags/example_latest_only.py
[2022-06-24 16:10:02,257] {processor.py:642} INFO - Processing file /home/airflow/.local/lib/python3.7/site-packages/airflow/example_dags/example_latest_only.py for tasks to queue
[2022-06-24 16:10:02,258] {logging_mixin.py:109} INFO - [2022-06-24 16:10:02,258] {dagbag.py:500} INFO - Filling up the DagBag from /home/airflow/.local/lib/python3.7/site-packages/airflow/example_dags/example_latest_only.py
[2022-06-24 16:10:02,266] {processor.py:652} INFO - DAG(s) dict_keys(['latest_only']) retrieved from /home/airflow/.local/lib/python3.7/site-packages/airflow/example_dags/example_latest_only.py
[2022-06-24 16:10:02,278] {logging_mixin.py:109} INFO - [2022-06-24 16:10:02,278] {dag.py:2398} INFO - Sync 1 DAGs
[2022-06-24 16:10:02,290] {logging_mixin.py:109} INFO - [2022-06-24 16:10:02,290] {dag.py:2937} INFO - Setting next_dagrun for latest_only to 2022-06-24T12:10:02.289976+00:00
[2022-06-24 16:10:02,295] {processor.py:171} INFO - Processing /home/airflow/.local/lib/python3.7/site-packages/airflow/example_dags/example_latest_only.py took 0.041 seconds
[2022-06-24 16:10:32,659] {processor.py:163} INFO - Started process (PID=703) to work on /home/airflow/.local/lib/python3.7/site-packages/airflow/example_dags/example_latest_only.py
[2022-06-24 16:10:32,660] {processor.py:642} INFO - Processing file /home/airflow/.local/lib/python3.7/site-packages/airflow/example_dags/example_latest_only.py for tasks to queue
[2022-06-24 16:10:32,661] {logging_mixin.py:109} INFO - [2022-06-24 16:10:32,661] {dagbag.py:500} INFO - Filling up the DagBag from /home/airflow/.local/lib/python3.7/site-packages/airflow/example_dags/example_latest_only.py
[2022-06-24 16:10:32,670] {processor.py:652} INFO - DAG(s) dict_keys(['latest_only']) retrieved from /home/airflow/.local/lib/python3.7/site-packages/airflow/example_dags/example_latest_only.py
[2022-06-24 16:10:32,684] {logging_mixin.py:109} INFO - [2022-06-24 16:10:32,683] {dag.py:2398} INFO - Sync 1 DAGs
[2022-06-24 16:10:32,695] {logging_mixin.py:109} INFO - [2022-06-24 16:10:32,695] {dag.py:2937} INFO - Setting next_dagrun for latest_only to 2022-06-24T12:10:32.695177+00:00
[2022-06-24 16:10:32,701] {processor.py:171} INFO - Processing /home/airflow/.local/lib/python3.7/site-packages/airflow/example_dags/example_latest_only.py took 0.044 seconds
[2022-06-24 16:11:02,929] {processor.py:163} INFO - Started process (PID=761) to work on /home/airflow/.local/lib/python3.7/site-packages/airflow/example_dags/example_latest_only.py
[2022-06-24 16:11:02,936] {processor.py:642} INFO - Processing file /home/airflow/.local/lib/python3.7/site-packages/airflow/example_dags/example_latest_only.py for tasks to queue
[2022-06-24 16:11:02,936] {logging_mixin.py:109} INFO - [2022-06-24 16:11:02,936] {dagbag.py:500} INFO - Filling up the DagBag from /home/airflow/.local/lib/python3.7/site-packages/airflow/example_dags/example_latest_only.py
[2022-06-24 16:11:02,945] {processor.py:652} INFO - DAG(s) dict_keys(['latest_only']) retrieved from /home/airflow/.local/lib/python3.7/site-packages/airflow/example_dags/example_latest_only.py
[2022-06-24 16:11:02,957] {logging_mixin.py:109} INFO - [2022-06-24 16:11:02,956] {dag.py:2398} INFO - Sync 1 DAGs
[2022-06-24 16:11:02,966] {logging_mixin.py:109} INFO - [2022-06-24 16:11:02,966] {dag.py:2937} INFO - Setting next_dagrun for latest_only to 2022-06-24T12:11:02.966535+00:00
[2022-06-24 16:11:02,972] {processor.py:171} INFO - Processing /home/airflow/.local/lib/python3.7/site-packages/airflow/example_dags/example_latest_only.py took 0.044 seconds
[2022-06-24 16:11:33,219] {processor.py:163} INFO - Started process (PID=821) to work on /home/airflow/.local/lib/python3.7/site-packages/airflow/example_dags/example_latest_only.py
[2022-06-24 16:11:33,220] {processor.py:642} INFO - Processing file /home/airflow/.local/lib/python3.7/site-packages/airflow/example_dags/example_latest_only.py for tasks to queue
[2022-06-24 16:11:33,221] {logging_mixin.py:109} INFO - [2022-06-24 16:11:33,220] {dagbag.py:500} INFO - Filling up the DagBag from /home/airflow/.local/lib/python3.7/site-packages/airflow/example_dags/example_latest_only.py
[2022-06-24 16:11:33,229] {processor.py:652} INFO - DAG(s) dict_keys(['latest_only']) retrieved from /home/airflow/.local/lib/python3.7/site-packages/airflow/example_dags/example_latest_only.py
[2022-06-24 16:11:33,241] {logging_mixin.py:109} INFO - [2022-06-24 16:11:33,241] {dag.py:2398} INFO - Sync 1 DAGs
[2022-06-24 16:11:33,253] {logging_mixin.py:109} INFO - [2022-06-24 16:11:33,253] {dag.py:2937} INFO - Setting next_dagrun for latest_only to 2022-06-24T12:11:33.252875+00:00
[2022-06-24 16:11:33,259] {processor.py:171} INFO - Processing /home/airflow/.local/lib/python3.7/site-packages/airflow/example_dags/example_latest_only.py took 0.042 seconds
[2022-06-24 16:12:03,501] {processor.py:163} INFO - Started process (PID=871) to work on /home/airflow/.local/lib/python3.7/site-packages/airflow/example_dags/example_latest_only.py
[2022-06-24 16:12:03,502] {processor.py:642} INFO - Processing file /home/airflow/.local/lib/python3.7/site-packages/airflow/example_dags/example_latest_only.py for tasks to queue
[2022-06-24 16:12:03,502] {logging_mixin.py:109} INFO - [2022-06-24 16:12:03,502] {dagbag.py:500} INFO - Filling up the DagBag from /home/airflow/.local/lib/python3.7/site-packages/airflow/example_dags/example_latest_only.py
[2022-06-24 16:12:03,511] {processor.py:652} INFO - DAG(s) dict_keys(['latest_only']) retrieved from /home/airflow/.local/lib/python3.7/site-packages/airflow/example_dags/example_latest_only.py
[2022-06-24 16:12:03,523] {logging_mixin.py:109} INFO - [2022-06-24 16:12:03,523] {dag.py:2398} INFO - Sync 1 DAGs
[2022-06-24 16:12:03,535] {logging_mixin.py:109} INFO - [2022-06-24 16:12:03,535] {dag.py:2937} INFO - Setting next_dagrun for latest_only to 2022-06-24T12:12:03.534979+00:00
[2022-06-24 16:12:03,540] {processor.py:171} INFO - Processing /home/airflow/.local/lib/python3.7/site-packages/airflow/example_dags/example_latest_only.py took 0.042 seconds
[2022-06-24 16:12:33,968] {processor.py:163} INFO - Started process (PID=931) to work on /home/airflow/.local/lib/python3.7/site-packages/airflow/example_dags/example_latest_only.py
[2022-06-24 16:12:33,969] {processor.py:642} INFO - Processing file /home/airflow/.local/lib/python3.7/site-packages/airflow/example_dags/example_latest_only.py for tasks to queue
[2022-06-24 16:12:33,970] {logging_mixin.py:109} INFO - [2022-06-24 16:12:33,970] {dagbag.py:500} INFO - Filling up the DagBag from /home/airflow/.local/lib/python3.7/site-packages/airflow/example_dags/example_latest_only.py
[2022-06-24 16:12:33,978] {processor.py:652} INFO - DAG(s) dict_keys(['latest_only']) retrieved from /home/airflow/.local/lib/python3.7/site-packages/airflow/example_dags/example_latest_only.py
[2022-06-24 16:12:33,990] {logging_mixin.py:109} INFO - [2022-06-24 16:12:33,990] {dag.py:2398} INFO - Sync 1 DAGs
[2022-06-24 16:12:34,000] {logging_mixin.py:109} INFO - [2022-06-24 16:12:34,000] {dag.py:2937} INFO - Setting next_dagrun for latest_only to 2022-06-24T12:12:33.999969+00:00
[2022-06-24 16:12:34,005] {processor.py:171} INFO - Processing /home/airflow/.local/lib/python3.7/site-packages/airflow/example_dags/example_latest_only.py took 0.039 seconds
[2022-06-24 16:13:04,938] {processor.py:163} INFO - Started process (PID=991) to work on /home/airflow/.local/lib/python3.7/site-packages/airflow/example_dags/example_latest_only.py
[2022-06-24 16:13:04,940] {processor.py:642} INFO - Processing file /home/airflow/.local/lib/python3.7/site-packages/airflow/example_dags/example_latest_only.py for tasks to queue
[2022-06-24 16:13:04,940] {logging_mixin.py:109} INFO - [2022-06-24 16:13:04,940] {dagbag.py:500} INFO - Filling up the DagBag from /home/airflow/.local/lib/python3.7/site-packages/airflow/example_dags/example_latest_only.py
[2022-06-24 16:13:04,949] {processor.py:652} INFO - DAG(s) dict_keys(['latest_only']) retrieved from /home/airflow/.local/lib/python3.7/site-packages/airflow/example_dags/example_latest_only.py
[2022-06-24 16:13:04,962] {logging_mixin.py:109} INFO - [2022-06-24 16:13:04,962] {dag.py:2398} INFO - Sync 1 DAGs
[2022-06-24 16:13:04,972] {logging_mixin.py:109} INFO - [2022-06-24 16:13:04,972] {dag.py:2937} INFO - Setting next_dagrun for latest_only to 2022-06-24T12:13:04.972316+00:00
[2022-06-24 16:13:04,978] {processor.py:171} INFO - Processing /home/airflow/.local/lib/python3.7/site-packages/airflow/example_dags/example_latest_only.py took 0.042 seconds
[2022-06-24 16:13:35,328] {processor.py:163} INFO - Started process (PID=1042) to work on /home/airflow/.local/lib/python3.7/site-packages/airflow/example_dags/example_latest_only.py
[2022-06-24 16:13:35,330] {processor.py:642} INFO - Processing file /home/airflow/.local/lib/python3.7/site-packages/airflow/example_dags/example_latest_only.py for tasks to queue
[2022-06-24 16:13:35,330] {logging_mixin.py:109} INFO - [2022-06-24 16:13:35,330] {dagbag.py:500} INFO - Filling up the DagBag from /home/airflow/.local/lib/python3.7/site-packages/airflow/example_dags/example_latest_only.py
[2022-06-24 16:13:35,339] {processor.py:652} INFO - DAG(s) dict_keys(['latest_only']) retrieved from /home/airflow/.local/lib/python3.7/site-packages/airflow/example_dags/example_latest_only.py
[2022-06-24 16:13:35,352] {logging_mixin.py:109} INFO - [2022-06-24 16:13:35,352] {dag.py:2398} INFO - Sync 1 DAGs
[2022-06-24 16:13:35,362] {logging_mixin.py:109} INFO - [2022-06-24 16:13:35,362] {dag.py:2937} INFO - Setting next_dagrun for latest_only to 2022-06-24T12:13:35.361846+00:00
[2022-06-24 16:13:35,367] {processor.py:171} INFO - Processing /home/airflow/.local/lib/python3.7/site-packages/airflow/example_dags/example_latest_only.py took 0.041 seconds
[2022-06-24 16:14:05,687] {processor.py:163} INFO - Started process (PID=1101) to work on /home/airflow/.local/lib/python3.7/site-packages/airflow/example_dags/example_latest_only.py
[2022-06-24 16:14:05,687] {processor.py:642} INFO - Processing file /home/airflow/.local/lib/python3.7/site-packages/airflow/example_dags/example_latest_only.py for tasks to queue
[2022-06-24 16:14:05,688] {logging_mixin.py:109} INFO - [2022-06-24 16:14:05,688] {dagbag.py:500} INFO - Filling up the DagBag from /home/airflow/.local/lib/python3.7/site-packages/airflow/example_dags/example_latest_only.py
[2022-06-24 16:14:05,696] {processor.py:652} INFO - DAG(s) dict_keys(['latest_only']) retrieved from /home/airflow/.local/lib/python3.7/site-packages/airflow/example_dags/example_latest_only.py
[2022-06-24 16:14:05,708] {logging_mixin.py:109} INFO - [2022-06-24 16:14:05,708] {dag.py:2398} INFO - Sync 1 DAGs
[2022-06-24 16:14:05,719] {logging_mixin.py:109} INFO - [2022-06-24 16:14:05,718] {dag.py:2937} INFO - Setting next_dagrun for latest_only to 2022-06-24T12:14:05.718825+00:00
[2022-06-24 16:14:05,724] {processor.py:171} INFO - Processing /home/airflow/.local/lib/python3.7/site-packages/airflow/example_dags/example_latest_only.py took 0.040 seconds
[2022-06-24 16:14:36,118] {processor.py:163} INFO - Started process (PID=1161) to work on /home/airflow/.local/lib/python3.7/site-packages/airflow/example_dags/example_latest_only.py
[2022-06-24 16:14:36,119] {processor.py:642} INFO - Processing file /home/airflow/.local/lib/python3.7/site-packages/airflow/example_dags/example_latest_only.py for tasks to queue
[2022-06-24 16:14:36,120] {logging_mixin.py:109} INFO - [2022-06-24 16:14:36,120] {dagbag.py:500} INFO - Filling up the DagBag from /home/airflow/.local/lib/python3.7/site-packages/airflow/example_dags/example_latest_only.py
[2022-06-24 16:14:36,128] {processor.py:652} INFO - DAG(s) dict_keys(['latest_only']) retrieved from /home/airflow/.local/lib/python3.7/site-packages/airflow/example_dags/example_latest_only.py
[2022-06-24 16:14:36,140] {logging_mixin.py:109} INFO - [2022-06-24 16:14:36,140] {dag.py:2398} INFO - Sync 1 DAGs
[2022-06-24 16:14:36,152] {logging_mixin.py:109} INFO - [2022-06-24 16:14:36,151] {dag.py:2937} INFO - Setting next_dagrun for latest_only to 2022-06-24T12:14:36.151704+00:00
[2022-06-24 16:14:36,157] {processor.py:171} INFO - Processing /home/airflow/.local/lib/python3.7/site-packages/airflow/example_dags/example_latest_only.py took 0.041 seconds
[2022-06-24 16:15:30,022] {processor.py:163} INFO - Started process (PID=50) to work on /home/airflow/.local/lib/python3.7/site-packages/airflow/example_dags/example_latest_only.py
[2022-06-24 16:15:30,023] {processor.py:642} INFO - Processing file /home/airflow/.local/lib/python3.7/site-packages/airflow/example_dags/example_latest_only.py for tasks to queue
[2022-06-24 16:15:30,024] {logging_mixin.py:109} INFO - [2022-06-24 16:15:30,024] {dagbag.py:500} INFO - Filling up the DagBag from /home/airflow/.local/lib/python3.7/site-packages/airflow/example_dags/example_latest_only.py
[2022-06-24 16:15:30,037] {processor.py:652} INFO - DAG(s) dict_keys(['latest_only']) retrieved from /home/airflow/.local/lib/python3.7/site-packages/airflow/example_dags/example_latest_only.py
[2022-06-24 16:15:30,058] {logging_mixin.py:109} INFO - [2022-06-24 16:15:30,058] {dag.py:2398} INFO - Sync 1 DAGs
[2022-06-24 16:15:30,072] {logging_mixin.py:109} INFO - [2022-06-24 16:15:30,072] {dag.py:2937} INFO - Setting next_dagrun for latest_only to 2022-06-24T12:15:30.072045+00:00
[2022-06-24 16:15:30,082] {processor.py:171} INFO - Processing /home/airflow/.local/lib/python3.7/site-packages/airflow/example_dags/example_latest_only.py took 0.063 seconds
[2022-06-24 16:16:00,667] {processor.py:163} INFO - Started process (PID=112) to work on /home/airflow/.local/lib/python3.7/site-packages/airflow/example_dags/example_latest_only.py
[2022-06-24 16:16:00,667] {processor.py:642} INFO - Processing file /home/airflow/.local/lib/python3.7/site-packages/airflow/example_dags/example_latest_only.py for tasks to queue
[2022-06-24 16:16:00,668] {logging_mixin.py:109} INFO - [2022-06-24 16:16:00,668] {dagbag.py:500} INFO - Filling up the DagBag from /home/airflow/.local/lib/python3.7/site-packages/airflow/example_dags/example_latest_only.py
[2022-06-24 16:16:00,678] {processor.py:652} INFO - DAG(s) dict_keys(['latest_only']) retrieved from /home/airflow/.local/lib/python3.7/site-packages/airflow/example_dags/example_latest_only.py
[2022-06-24 16:16:00,689] {logging_mixin.py:109} INFO - [2022-06-24 16:16:00,689] {dag.py:2398} INFO - Sync 1 DAGs
[2022-06-24 16:16:00,699] {logging_mixin.py:109} INFO - [2022-06-24 16:16:00,699] {dag.py:2937} INFO - Setting next_dagrun for latest_only to 2022-06-24T12:16:00.699177+00:00
[2022-06-24 16:16:00,705] {processor.py:171} INFO - Processing /home/airflow/.local/lib/python3.7/site-packages/airflow/example_dags/example_latest_only.py took 0.040 seconds
[2022-06-24 16:16:31,184] {processor.py:163} INFO - Started process (PID=172) to work on /home/airflow/.local/lib/python3.7/site-packages/airflow/example_dags/example_latest_only.py
[2022-06-24 16:16:31,185] {processor.py:642} INFO - Processing file /home/airflow/.local/lib/python3.7/site-packages/airflow/example_dags/example_latest_only.py for tasks to queue
[2022-06-24 16:16:31,185] {logging_mixin.py:109} INFO - [2022-06-24 16:16:31,185] {dagbag.py:500} INFO - Filling up the DagBag from /home/airflow/.local/lib/python3.7/site-packages/airflow/example_dags/example_latest_only.py
[2022-06-24 16:16:31,195] {processor.py:652} INFO - DAG(s) dict_keys(['latest_only']) retrieved from /home/airflow/.local/lib/python3.7/site-packages/airflow/example_dags/example_latest_only.py
[2022-06-24 16:16:31,207] {logging_mixin.py:109} INFO - [2022-06-24 16:16:31,207] {dag.py:2398} INFO - Sync 1 DAGs
[2022-06-24 16:16:31,217] {logging_mixin.py:109} INFO - [2022-06-24 16:16:31,217] {dag.py:2937} INFO - Setting next_dagrun for latest_only to 2022-06-24T12:16:31.217113+00:00
[2022-06-24 16:16:31,222] {processor.py:171} INFO - Processing /home/airflow/.local/lib/python3.7/site-packages/airflow/example_dags/example_latest_only.py took 0.039 seconds
[2022-06-24 16:17:01,669] {processor.py:163} INFO - Started process (PID=222) to work on /home/airflow/.local/lib/python3.7/site-packages/airflow/example_dags/example_latest_only.py
[2022-06-24 16:17:01,670] {processor.py:642} INFO - Processing file /home/airflow/.local/lib/python3.7/site-packages/airflow/example_dags/example_latest_only.py for tasks to queue
[2022-06-24 16:17:01,670] {logging_mixin.py:109} INFO - [2022-06-24 16:17:01,670] {dagbag.py:500} INFO - Filling up the DagBag from /home/airflow/.local/lib/python3.7/site-packages/airflow/example_dags/example_latest_only.py
[2022-06-24 16:17:01,679] {processor.py:652} INFO - DAG(s) dict_keys(['latest_only']) retrieved from /home/airflow/.local/lib/python3.7/site-packages/airflow/example_dags/example_latest_only.py
[2022-06-24 16:17:01,690] {logging_mixin.py:109} INFO - [2022-06-24 16:17:01,690] {dag.py:2398} INFO - Sync 1 DAGs
[2022-06-24 16:17:01,700] {logging_mixin.py:109} INFO - [2022-06-24 16:17:01,700] {dag.py:2937} INFO - Setting next_dagrun for latest_only to 2022-06-24T12:17:01.700633+00:00
[2022-06-24 16:17:01,706] {processor.py:171} INFO - Processing /home/airflow/.local/lib/python3.7/site-packages/airflow/example_dags/example_latest_only.py took 0.038 seconds
[2022-06-24 16:17:32,290] {processor.py:163} INFO - Started process (PID=282) to work on /home/airflow/.local/lib/python3.7/site-packages/airflow/example_dags/example_latest_only.py
[2022-06-24 16:17:32,291] {processor.py:642} INFO - Processing file /home/airflow/.local/lib/python3.7/site-packages/airflow/example_dags/example_latest_only.py for tasks to queue
[2022-06-24 16:17:32,291] {logging_mixin.py:109} INFO - [2022-06-24 16:17:32,291] {dagbag.py:500} INFO - Filling up the DagBag from /home/airflow/.local/lib/python3.7/site-packages/airflow/example_dags/example_latest_only.py
[2022-06-24 16:17:32,299] {processor.py:652} INFO - DAG(s) dict_keys(['latest_only']) retrieved from /home/airflow/.local/lib/python3.7/site-packages/airflow/example_dags/example_latest_only.py
[2022-06-24 16:17:32,313] {logging_mixin.py:109} INFO - [2022-06-24 16:17:32,313] {dag.py:2398} INFO - Sync 1 DAGs
[2022-06-24 16:17:32,325] {logging_mixin.py:109} INFO - [2022-06-24 16:17:32,325] {dag.py:2937} INFO - Setting next_dagrun for latest_only to 2022-06-24T12:17:32.324884+00:00
[2022-06-24 16:17:32,332] {processor.py:171} INFO - Processing /home/airflow/.local/lib/python3.7/site-packages/airflow/example_dags/example_latest_only.py took 0.044 seconds
[2022-06-24 16:18:02,931] {processor.py:163} INFO - Started process (PID=341) to work on /home/airflow/.local/lib/python3.7/site-packages/airflow/example_dags/example_latest_only.py
[2022-06-24 16:18:02,932] {processor.py:642} INFO - Processing file /home/airflow/.local/lib/python3.7/site-packages/airflow/example_dags/example_latest_only.py for tasks to queue
[2022-06-24 16:18:02,932] {logging_mixin.py:109} INFO - [2022-06-24 16:18:02,932] {dagbag.py:500} INFO - Filling up the DagBag from /home/airflow/.local/lib/python3.7/site-packages/airflow/example_dags/example_latest_only.py
[2022-06-24 16:18:02,942] {processor.py:652} INFO - DAG(s) dict_keys(['latest_only']) retrieved from /home/airflow/.local/lib/python3.7/site-packages/airflow/example_dags/example_latest_only.py
[2022-06-24 16:18:02,954] {logging_mixin.py:109} INFO - [2022-06-24 16:18:02,954] {dag.py:2398} INFO - Sync 1 DAGs
[2022-06-24 16:18:02,966] {logging_mixin.py:109} INFO - [2022-06-24 16:18:02,966] {dag.py:2937} INFO - Setting next_dagrun for latest_only to 2022-06-24T12:18:02.966489+00:00
[2022-06-24 16:18:02,974] {processor.py:171} INFO - Processing /home/airflow/.local/lib/python3.7/site-packages/airflow/example_dags/example_latest_only.py took 0.045 seconds
[2022-06-24 16:18:33,827] {processor.py:163} INFO - Started process (PID=391) to work on /home/airflow/.local/lib/python3.7/site-packages/airflow/example_dags/example_latest_only.py
[2022-06-24 16:18:33,828] {processor.py:642} INFO - Processing file /home/airflow/.local/lib/python3.7/site-packages/airflow/example_dags/example_latest_only.py for tasks to queue
[2022-06-24 16:18:33,828] {logging_mixin.py:109} INFO - [2022-06-24 16:18:33,828] {dagbag.py:500} INFO - Filling up the DagBag from /home/airflow/.local/lib/python3.7/site-packages/airflow/example_dags/example_latest_only.py
[2022-06-24 16:18:33,837] {processor.py:652} INFO - DAG(s) dict_keys(['latest_only']) retrieved from /home/airflow/.local/lib/python3.7/site-packages/airflow/example_dags/example_latest_only.py
[2022-06-24 16:18:33,852] {logging_mixin.py:109} INFO - [2022-06-24 16:18:33,852] {dag.py:2398} INFO - Sync 1 DAGs
[2022-06-24 16:18:33,866] {logging_mixin.py:109} INFO - [2022-06-24 16:18:33,865] {dag.py:2937} INFO - Setting next_dagrun for latest_only to 2022-06-24T12:18:33.865743+00:00
[2022-06-24 16:18:33,874] {processor.py:171} INFO - Processing /home/airflow/.local/lib/python3.7/site-packages/airflow/example_dags/example_latest_only.py took 0.049 seconds
[2022-06-24 16:19:04,379] {processor.py:163} INFO - Started process (PID=450) to work on /home/airflow/.local/lib/python3.7/site-packages/airflow/example_dags/example_latest_only.py
[2022-06-24 16:19:04,380] {processor.py:642} INFO - Processing file /home/airflow/.local/lib/python3.7/site-packages/airflow/example_dags/example_latest_only.py for tasks to queue
[2022-06-24 16:19:04,381] {logging_mixin.py:109} INFO - [2022-06-24 16:19:04,380] {dagbag.py:500} INFO - Filling up the DagBag from /home/airflow/.local/lib/python3.7/site-packages/airflow/example_dags/example_latest_only.py
[2022-06-24 16:19:04,390] {processor.py:652} INFO - DAG(s) dict_keys(['latest_only']) retrieved from /home/airflow/.local/lib/python3.7/site-packages/airflow/example_dags/example_latest_only.py
[2022-06-24 16:19:04,402] {logging_mixin.py:109} INFO - [2022-06-24 16:19:04,402] {dag.py:2398} INFO - Sync 1 DAGs
[2022-06-24 16:19:04,412] {logging_mixin.py:109} INFO - [2022-06-24 16:19:04,412] {dag.py:2937} INFO - Setting next_dagrun for latest_only to 2022-06-24T12:19:04.412584+00:00
[2022-06-24 16:19:04,418] {processor.py:171} INFO - Processing /home/airflow/.local/lib/python3.7/site-packages/airflow/example_dags/example_latest_only.py took 0.041 seconds
[2022-06-24 16:19:34,931] {processor.py:163} INFO - Started process (PID=510) to work on /home/airflow/.local/lib/python3.7/site-packages/airflow/example_dags/example_latest_only.py
[2022-06-24 16:19:34,931] {processor.py:642} INFO - Processing file /home/airflow/.local/lib/python3.7/site-packages/airflow/example_dags/example_latest_only.py for tasks to queue
[2022-06-24 16:19:34,932] {logging_mixin.py:109} INFO - [2022-06-24 16:19:34,932] {dagbag.py:500} INFO - Filling up the DagBag from /home/airflow/.local/lib/python3.7/site-packages/airflow/example_dags/example_latest_only.py
[2022-06-24 16:19:34,940] {processor.py:652} INFO - DAG(s) dict_keys(['latest_only']) retrieved from /home/airflow/.local/lib/python3.7/site-packages/airflow/example_dags/example_latest_only.py
[2022-06-24 16:19:34,952] {logging_mixin.py:109} INFO - [2022-06-24 16:19:34,952] {dag.py:2398} INFO - Sync 1 DAGs
[2022-06-24 16:19:34,963] {logging_mixin.py:109} INFO - [2022-06-24 16:19:34,963] {dag.py:2937} INFO - Setting next_dagrun for latest_only to 2022-06-24T12:19:34.963325+00:00
[2022-06-24 16:19:34,969] {processor.py:171} INFO - Processing /home/airflow/.local/lib/python3.7/site-packages/airflow/example_dags/example_latest_only.py took 0.040 seconds
[2022-06-24 16:20:05,419] {processor.py:163} INFO - Started process (PID=559) to work on /home/airflow/.local/lib/python3.7/site-packages/airflow/example_dags/example_latest_only.py
[2022-06-24 16:20:05,420] {processor.py:642} INFO - Processing file /home/airflow/.local/lib/python3.7/site-packages/airflow/example_dags/example_latest_only.py for tasks to queue
[2022-06-24 16:20:05,420] {logging_mixin.py:109} INFO - [2022-06-24 16:20:05,420] {dagbag.py:500} INFO - Filling up the DagBag from /home/airflow/.local/lib/python3.7/site-packages/airflow/example_dags/example_latest_only.py
[2022-06-24 16:20:05,429] {processor.py:652} INFO - DAG(s) dict_keys(['latest_only']) retrieved from /home/airflow/.local/lib/python3.7/site-packages/airflow/example_dags/example_latest_only.py
[2022-06-24 16:20:05,441] {logging_mixin.py:109} INFO - [2022-06-24 16:20:05,441] {dag.py:2398} INFO - Sync 1 DAGs
[2022-06-24 16:20:05,452] {logging_mixin.py:109} INFO - [2022-06-24 16:20:05,452] {dag.py:2937} INFO - Setting next_dagrun for latest_only to 2022-06-24T12:20:05.452456+00:00
[2022-06-24 16:20:05,459] {processor.py:171} INFO - Processing /home/airflow/.local/lib/python3.7/site-packages/airflow/example_dags/example_latest_only.py took 0.041 seconds
[2022-06-24 16:20:35,953] {processor.py:163} INFO - Started process (PID=619) to work on /home/airflow/.local/lib/python3.7/site-packages/airflow/example_dags/example_latest_only.py
[2022-06-24 16:20:35,954] {processor.py:642} INFO - Processing file /home/airflow/.local/lib/python3.7/site-packages/airflow/example_dags/example_latest_only.py for tasks to queue
[2022-06-24 16:20:35,954] {logging_mixin.py:109} INFO - [2022-06-24 16:20:35,954] {dagbag.py:500} INFO - Filling up the DagBag from /home/airflow/.local/lib/python3.7/site-packages/airflow/example_dags/example_latest_only.py
[2022-06-24 16:20:35,962] {processor.py:652} INFO - DAG(s) dict_keys(['latest_only']) retrieved from /home/airflow/.local/lib/python3.7/site-packages/airflow/example_dags/example_latest_only.py
[2022-06-24 16:20:35,974] {logging_mixin.py:109} INFO - [2022-06-24 16:20:35,974] {dag.py:2398} INFO - Sync 1 DAGs
[2022-06-24 16:20:35,985] {logging_mixin.py:109} INFO - [2022-06-24 16:20:35,985] {dag.py:2937} INFO - Setting next_dagrun for latest_only to 2022-06-24T12:20:35.984861+00:00
[2022-06-24 16:20:35,990] {processor.py:171} INFO - Processing /home/airflow/.local/lib/python3.7/site-packages/airflow/example_dags/example_latest_only.py took 0.038 seconds
[2022-06-24 16:21:06,522] {processor.py:163} INFO - Started process (PID=678) to work on /home/airflow/.local/lib/python3.7/site-packages/airflow/example_dags/example_latest_only.py
[2022-06-24 16:21:06,523] {processor.py:642} INFO - Processing file /home/airflow/.local/lib/python3.7/site-packages/airflow/example_dags/example_latest_only.py for tasks to queue
[2022-06-24 16:21:06,523] {logging_mixin.py:109} INFO - [2022-06-24 16:21:06,523] {dagbag.py:500} INFO - Filling up the DagBag from /home/airflow/.local/lib/python3.7/site-packages/airflow/example_dags/example_latest_only.py
[2022-06-24 16:21:06,532] {processor.py:652} INFO - DAG(s) dict_keys(['latest_only']) retrieved from /home/airflow/.local/lib/python3.7/site-packages/airflow/example_dags/example_latest_only.py
[2022-06-24 16:21:06,545] {logging_mixin.py:109} INFO - [2022-06-24 16:21:06,545] {dag.py:2398} INFO - Sync 1 DAGs
[2022-06-24 16:21:06,560] {logging_mixin.py:109} INFO - [2022-06-24 16:21:06,560] {dag.py:2937} INFO - Setting next_dagrun for latest_only to 2022-06-24T12:21:06.559959+00:00
[2022-06-24 16:21:06,567] {processor.py:171} INFO - Processing /home/airflow/.local/lib/python3.7/site-packages/airflow/example_dags/example_latest_only.py took 0.047 seconds
[2022-06-24 16:21:37,047] {processor.py:163} INFO - Started process (PID=728) to work on /home/airflow/.local/lib/python3.7/site-packages/airflow/example_dags/example_latest_only.py
[2022-06-24 16:21:37,048] {processor.py:642} INFO - Processing file /home/airflow/.local/lib/python3.7/site-packages/airflow/example_dags/example_latest_only.py for tasks to queue
[2022-06-24 16:21:37,048] {logging_mixin.py:109} INFO - [2022-06-24 16:21:37,048] {dagbag.py:500} INFO - Filling up the DagBag from /home/airflow/.local/lib/python3.7/site-packages/airflow/example_dags/example_latest_only.py
[2022-06-24 16:21:37,056] {processor.py:652} INFO - DAG(s) dict_keys(['latest_only']) retrieved from /home/airflow/.local/lib/python3.7/site-packages/airflow/example_dags/example_latest_only.py
[2022-06-24 16:21:37,068] {logging_mixin.py:109} INFO - [2022-06-24 16:21:37,068] {dag.py:2398} INFO - Sync 1 DAGs
[2022-06-24 16:21:37,078] {logging_mixin.py:109} INFO - [2022-06-24 16:21:37,078] {dag.py:2937} INFO - Setting next_dagrun for latest_only to 2022-06-24T12:21:37.077936+00:00
[2022-06-24 16:21:37,083] {processor.py:171} INFO - Processing /home/airflow/.local/lib/python3.7/site-packages/airflow/example_dags/example_latest_only.py took 0.038 seconds
[2022-06-24 16:22:07,608] {processor.py:163} INFO - Started process (PID=788) to work on /home/airflow/.local/lib/python3.7/site-packages/airflow/example_dags/example_latest_only.py
[2022-06-24 16:22:07,608] {processor.py:642} INFO - Processing file /home/airflow/.local/lib/python3.7/site-packages/airflow/example_dags/example_latest_only.py for tasks to queue
[2022-06-24 16:22:07,609] {logging_mixin.py:109} INFO - [2022-06-24 16:22:07,609] {dagbag.py:500} INFO - Filling up the DagBag from /home/airflow/.local/lib/python3.7/site-packages/airflow/example_dags/example_latest_only.py
[2022-06-24 16:22:07,617] {processor.py:652} INFO - DAG(s) dict_keys(['latest_only']) retrieved from /home/airflow/.local/lib/python3.7/site-packages/airflow/example_dags/example_latest_only.py
[2022-06-24 16:22:07,629] {logging_mixin.py:109} INFO - [2022-06-24 16:22:07,629] {dag.py:2398} INFO - Sync 1 DAGs
[2022-06-24 16:22:07,639] {logging_mixin.py:109} INFO - [2022-06-24 16:22:07,639] {dag.py:2937} INFO - Setting next_dagrun for latest_only to 2022-06-24T12:22:07.639148+00:00
[2022-06-24 16:22:07,644] {processor.py:171} INFO - Processing /home/airflow/.local/lib/python3.7/site-packages/airflow/example_dags/example_latest_only.py took 0.038 seconds
[2022-06-24 16:22:38,083] {processor.py:163} INFO - Started process (PID=847) to work on /home/airflow/.local/lib/python3.7/site-packages/airflow/example_dags/example_latest_only.py
[2022-06-24 16:22:38,084] {processor.py:642} INFO - Processing file /home/airflow/.local/lib/python3.7/site-packages/airflow/example_dags/example_latest_only.py for tasks to queue
[2022-06-24 16:22:38,084] {logging_mixin.py:109} INFO - [2022-06-24 16:22:38,084] {dagbag.py:500} INFO - Filling up the DagBag from /home/airflow/.local/lib/python3.7/site-packages/airflow/example_dags/example_latest_only.py
[2022-06-24 16:22:38,093] {processor.py:652} INFO - DAG(s) dict_keys(['latest_only']) retrieved from /home/airflow/.local/lib/python3.7/site-packages/airflow/example_dags/example_latest_only.py
[2022-06-24 16:22:38,104] {logging_mixin.py:109} INFO - [2022-06-24 16:22:38,104] {dag.py:2398} INFO - Sync 1 DAGs
[2022-06-24 16:22:38,114] {logging_mixin.py:109} INFO - [2022-06-24 16:22:38,114] {dag.py:2937} INFO - Setting next_dagrun for latest_only to 2022-06-24T12:22:38.114588+00:00
[2022-06-24 16:22:38,120] {processor.py:171} INFO - Processing /home/airflow/.local/lib/python3.7/site-packages/airflow/example_dags/example_latest_only.py took 0.039 seconds
[2022-06-24 16:23:08,673] {processor.py:163} INFO - Started process (PID=897) to work on /home/airflow/.local/lib/python3.7/site-packages/airflow/example_dags/example_latest_only.py
[2022-06-24 16:23:08,674] {processor.py:642} INFO - Processing file /home/airflow/.local/lib/python3.7/site-packages/airflow/example_dags/example_latest_only.py for tasks to queue
[2022-06-24 16:23:08,674] {logging_mixin.py:109} INFO - [2022-06-24 16:23:08,674] {dagbag.py:500} INFO - Filling up the DagBag from /home/airflow/.local/lib/python3.7/site-packages/airflow/example_dags/example_latest_only.py
[2022-06-24 16:23:08,682] {processor.py:652} INFO - DAG(s) dict_keys(['latest_only']) retrieved from /home/airflow/.local/lib/python3.7/site-packages/airflow/example_dags/example_latest_only.py
[2022-06-24 16:23:08,694] {logging_mixin.py:109} INFO - [2022-06-24 16:23:08,693] {dag.py:2398} INFO - Sync 1 DAGs
[2022-06-24 16:23:08,703] {logging_mixin.py:109} INFO - [2022-06-24 16:23:08,703] {dag.py:2937} INFO - Setting next_dagrun for latest_only to 2022-06-24T12:23:08.703350+00:00
[2022-06-24 16:23:08,709] {processor.py:171} INFO - Processing /home/airflow/.local/lib/python3.7/site-packages/airflow/example_dags/example_latest_only.py took 0.037 seconds
[2022-06-24 16:23:39,083] {processor.py:163} INFO - Started process (PID=956) to work on /home/airflow/.local/lib/python3.7/site-packages/airflow/example_dags/example_latest_only.py
[2022-06-24 16:23:39,083] {processor.py:642} INFO - Processing file /home/airflow/.local/lib/python3.7/site-packages/airflow/example_dags/example_latest_only.py for tasks to queue
[2022-06-24 16:23:39,084] {logging_mixin.py:109} INFO - [2022-06-24 16:23:39,084] {dagbag.py:500} INFO - Filling up the DagBag from /home/airflow/.local/lib/python3.7/site-packages/airflow/example_dags/example_latest_only.py
[2022-06-24 16:23:39,092] {processor.py:652} INFO - DAG(s) dict_keys(['latest_only']) retrieved from /home/airflow/.local/lib/python3.7/site-packages/airflow/example_dags/example_latest_only.py
[2022-06-24 16:23:39,104] {logging_mixin.py:109} INFO - [2022-06-24 16:23:39,104] {dag.py:2398} INFO - Sync 1 DAGs
[2022-06-24 16:23:39,115] {logging_mixin.py:109} INFO - [2022-06-24 16:23:39,114] {dag.py:2937} INFO - Setting next_dagrun for latest_only to 2022-06-24T12:23:39.114769+00:00
[2022-06-24 16:23:39,121] {processor.py:171} INFO - Processing /home/airflow/.local/lib/python3.7/site-packages/airflow/example_dags/example_latest_only.py took 0.040 seconds
[2022-06-24 16:24:09,596] {processor.py:163} INFO - Started process (PID=1015) to work on /home/airflow/.local/lib/python3.7/site-packages/airflow/example_dags/example_latest_only.py
[2022-06-24 16:24:09,597] {processor.py:642} INFO - Processing file /home/airflow/.local/lib/python3.7/site-packages/airflow/example_dags/example_latest_only.py for tasks to queue
[2022-06-24 16:24:09,597] {logging_mixin.py:109} INFO - [2022-06-24 16:24:09,597] {dagbag.py:500} INFO - Filling up the DagBag from /home/airflow/.local/lib/python3.7/site-packages/airflow/example_dags/example_latest_only.py
[2022-06-24 16:24:09,609] {processor.py:652} INFO - DAG(s) dict_keys(['latest_only']) retrieved from /home/airflow/.local/lib/python3.7/site-packages/airflow/example_dags/example_latest_only.py
[2022-06-24 16:24:09,622] {logging_mixin.py:109} INFO - [2022-06-24 16:24:09,622] {dag.py:2398} INFO - Sync 1 DAGs
[2022-06-24 16:24:09,632] {logging_mixin.py:109} INFO - [2022-06-24 16:24:09,632] {dag.py:2937} INFO - Setting next_dagrun for latest_only to 2022-06-24T12:24:09.632615+00:00
[2022-06-24 16:24:09,638] {processor.py:171} INFO - Processing /home/airflow/.local/lib/python3.7/site-packages/airflow/example_dags/example_latest_only.py took 0.044 seconds
[2022-06-24 16:24:40,184] {processor.py:163} INFO - Started process (PID=1065) to work on /home/airflow/.local/lib/python3.7/site-packages/airflow/example_dags/example_latest_only.py
[2022-06-24 16:24:40,185] {processor.py:642} INFO - Processing file /home/airflow/.local/lib/python3.7/site-packages/airflow/example_dags/example_latest_only.py for tasks to queue
[2022-06-24 16:24:40,185] {logging_mixin.py:109} INFO - [2022-06-24 16:24:40,185] {dagbag.py:500} INFO - Filling up the DagBag from /home/airflow/.local/lib/python3.7/site-packages/airflow/example_dags/example_latest_only.py
[2022-06-24 16:24:40,193] {processor.py:652} INFO - DAG(s) dict_keys(['latest_only']) retrieved from /home/airflow/.local/lib/python3.7/site-packages/airflow/example_dags/example_latest_only.py
[2022-06-24 16:24:40,205] {logging_mixin.py:109} INFO - [2022-06-24 16:24:40,205] {dag.py:2398} INFO - Sync 1 DAGs
[2022-06-24 16:24:40,216] {logging_mixin.py:109} INFO - [2022-06-24 16:24:40,216] {dag.py:2937} INFO - Setting next_dagrun for latest_only to 2022-06-24T12:24:40.216522+00:00
[2022-06-24 16:24:40,223] {processor.py:171} INFO - Processing /home/airflow/.local/lib/python3.7/site-packages/airflow/example_dags/example_latest_only.py took 0.041 seconds
[2022-06-24 16:25:10,510] {processor.py:163} INFO - Started process (PID=1124) to work on /home/airflow/.local/lib/python3.7/site-packages/airflow/example_dags/example_latest_only.py
[2022-06-24 16:25:10,511] {processor.py:642} INFO - Processing file /home/airflow/.local/lib/python3.7/site-packages/airflow/example_dags/example_latest_only.py for tasks to queue
[2022-06-24 16:25:10,511] {logging_mixin.py:109} INFO - [2022-06-24 16:25:10,511] {dagbag.py:500} INFO - Filling up the DagBag from /home/airflow/.local/lib/python3.7/site-packages/airflow/example_dags/example_latest_only.py
[2022-06-24 16:25:10,519] {processor.py:652} INFO - DAG(s) dict_keys(['latest_only']) retrieved from /home/airflow/.local/lib/python3.7/site-packages/airflow/example_dags/example_latest_only.py
[2022-06-24 16:25:10,532] {logging_mixin.py:109} INFO - [2022-06-24 16:25:10,532] {dag.py:2398} INFO - Sync 1 DAGs
[2022-06-24 16:25:10,544] {logging_mixin.py:109} INFO - [2022-06-24 16:25:10,544] {dag.py:2937} INFO - Setting next_dagrun for latest_only to 2022-06-24T12:25:10.544059+00:00
[2022-06-24 16:25:10,550] {processor.py:171} INFO - Processing /home/airflow/.local/lib/python3.7/site-packages/airflow/example_dags/example_latest_only.py took 0.041 seconds
[2022-06-24 16:25:41,019] {processor.py:163} INFO - Started process (PID=1184) to work on /home/airflow/.local/lib/python3.7/site-packages/airflow/example_dags/example_latest_only.py
[2022-06-24 16:25:41,020] {processor.py:642} INFO - Processing file /home/airflow/.local/lib/python3.7/site-packages/airflow/example_dags/example_latest_only.py for tasks to queue
[2022-06-24 16:25:41,020] {logging_mixin.py:109} INFO - [2022-06-24 16:25:41,020] {dagbag.py:500} INFO - Filling up the DagBag from /home/airflow/.local/lib/python3.7/site-packages/airflow/example_dags/example_latest_only.py
[2022-06-24 16:25:41,028] {processor.py:652} INFO - DAG(s) dict_keys(['latest_only']) retrieved from /home/airflow/.local/lib/python3.7/site-packages/airflow/example_dags/example_latest_only.py
[2022-06-24 16:25:41,039] {logging_mixin.py:109} INFO - [2022-06-24 16:25:41,039] {dag.py:2398} INFO - Sync 1 DAGs
[2022-06-24 16:25:41,050] {logging_mixin.py:109} INFO - [2022-06-24 16:25:41,050] {dag.py:2937} INFO - Setting next_dagrun for latest_only to 2022-06-24T12:25:41.050096+00:00
[2022-06-24 16:25:41,055] {processor.py:171} INFO - Processing /home/airflow/.local/lib/python3.7/site-packages/airflow/example_dags/example_latest_only.py took 0.038 seconds
[2022-06-24 16:26:11,626] {processor.py:163} INFO - Started process (PID=1235) to work on /home/airflow/.local/lib/python3.7/site-packages/airflow/example_dags/example_latest_only.py
[2022-06-24 16:26:11,627] {processor.py:642} INFO - Processing file /home/airflow/.local/lib/python3.7/site-packages/airflow/example_dags/example_latest_only.py for tasks to queue
[2022-06-24 16:26:11,627] {logging_mixin.py:109} INFO - [2022-06-24 16:26:11,627] {dagbag.py:500} INFO - Filling up the DagBag from /home/airflow/.local/lib/python3.7/site-packages/airflow/example_dags/example_latest_only.py
[2022-06-24 16:26:11,635] {processor.py:652} INFO - DAG(s) dict_keys(['latest_only']) retrieved from /home/airflow/.local/lib/python3.7/site-packages/airflow/example_dags/example_latest_only.py
[2022-06-24 16:26:11,648] {logging_mixin.py:109} INFO - [2022-06-24 16:26:11,648] {dag.py:2398} INFO - Sync 1 DAGs
[2022-06-24 16:26:11,659] {logging_mixin.py:109} INFO - [2022-06-24 16:26:11,659] {dag.py:2937} INFO - Setting next_dagrun for latest_only to 2022-06-24T12:26:11.659540+00:00
[2022-06-24 16:26:11,666] {processor.py:171} INFO - Processing /home/airflow/.local/lib/python3.7/site-packages/airflow/example_dags/example_latest_only.py took 0.041 seconds
[2022-06-24 16:26:42,175] {processor.py:163} INFO - Started process (PID=1296) to work on /home/airflow/.local/lib/python3.7/site-packages/airflow/example_dags/example_latest_only.py
[2022-06-24 16:26:42,176] {processor.py:642} INFO - Processing file /home/airflow/.local/lib/python3.7/site-packages/airflow/example_dags/example_latest_only.py for tasks to queue
[2022-06-24 16:26:42,176] {logging_mixin.py:109} INFO - [2022-06-24 16:26:42,176] {dagbag.py:500} INFO - Filling up the DagBag from /home/airflow/.local/lib/python3.7/site-packages/airflow/example_dags/example_latest_only.py
[2022-06-24 16:26:42,184] {processor.py:652} INFO - DAG(s) dict_keys(['latest_only']) retrieved from /home/airflow/.local/lib/python3.7/site-packages/airflow/example_dags/example_latest_only.py
[2022-06-24 16:26:42,198] {logging_mixin.py:109} INFO - [2022-06-24 16:26:42,198] {dag.py:2398} INFO - Sync 1 DAGs
[2022-06-24 16:26:42,209] {logging_mixin.py:109} INFO - [2022-06-24 16:26:42,209] {dag.py:2937} INFO - Setting next_dagrun for latest_only to 2022-06-24T12:26:42.209311+00:00
[2022-06-24 16:26:42,214] {processor.py:171} INFO - Processing /home/airflow/.local/lib/python3.7/site-packages/airflow/example_dags/example_latest_only.py took 0.041 seconds
[2022-06-24 16:27:12,796] {processor.py:163} INFO - Started process (PID=1357) to work on /home/airflow/.local/lib/python3.7/site-packages/airflow/example_dags/example_latest_only.py
[2022-06-24 16:27:12,797] {processor.py:642} INFO - Processing file /home/airflow/.local/lib/python3.7/site-packages/airflow/example_dags/example_latest_only.py for tasks to queue
[2022-06-24 16:27:12,797] {logging_mixin.py:109} INFO - [2022-06-24 16:27:12,797] {dagbag.py:500} INFO - Filling up the DagBag from /home/airflow/.local/lib/python3.7/site-packages/airflow/example_dags/example_latest_only.py
[2022-06-24 16:27:12,808] {processor.py:652} INFO - DAG(s) dict_keys(['latest_only']) retrieved from /home/airflow/.local/lib/python3.7/site-packages/airflow/example_dags/example_latest_only.py
[2022-06-24 16:27:12,820] {logging_mixin.py:109} INFO - [2022-06-24 16:27:12,820] {dag.py:2398} INFO - Sync 1 DAGs
[2022-06-24 16:27:12,831] {logging_mixin.py:109} INFO - [2022-06-24 16:27:12,831] {dag.py:2937} INFO - Setting next_dagrun for latest_only to 2022-06-24T12:27:12.831356+00:00
[2022-06-24 16:27:12,838] {processor.py:171} INFO - Processing /home/airflow/.local/lib/python3.7/site-packages/airflow/example_dags/example_latest_only.py took 0.044 seconds
[2022-06-24 16:27:43,272] {processor.py:163} INFO - Started process (PID=1407) to work on /home/airflow/.local/lib/python3.7/site-packages/airflow/example_dags/example_latest_only.py
[2022-06-24 16:27:43,273] {processor.py:642} INFO - Processing file /home/airflow/.local/lib/python3.7/site-packages/airflow/example_dags/example_latest_only.py for tasks to queue
[2022-06-24 16:27:43,273] {logging_mixin.py:109} INFO - [2022-06-24 16:27:43,273] {dagbag.py:500} INFO - Filling up the DagBag from /home/airflow/.local/lib/python3.7/site-packages/airflow/example_dags/example_latest_only.py
[2022-06-24 16:27:43,281] {processor.py:652} INFO - DAG(s) dict_keys(['latest_only']) retrieved from /home/airflow/.local/lib/python3.7/site-packages/airflow/example_dags/example_latest_only.py
[2022-06-24 16:27:43,292] {logging_mixin.py:109} INFO - [2022-06-24 16:27:43,292] {dag.py:2398} INFO - Sync 1 DAGs
[2022-06-24 16:27:43,302] {logging_mixin.py:109} INFO - [2022-06-24 16:27:43,302] {dag.py:2937} INFO - Setting next_dagrun for latest_only to 2022-06-24T12:27:43.302318+00:00
[2022-06-24 16:27:43,307] {processor.py:171} INFO - Processing /home/airflow/.local/lib/python3.7/site-packages/airflow/example_dags/example_latest_only.py took 0.037 seconds
[2022-06-24 16:28:13,880] {processor.py:163} INFO - Started process (PID=1466) to work on /home/airflow/.local/lib/python3.7/site-packages/airflow/example_dags/example_latest_only.py
[2022-06-24 16:28:13,881] {processor.py:642} INFO - Processing file /home/airflow/.local/lib/python3.7/site-packages/airflow/example_dags/example_latest_only.py for tasks to queue
[2022-06-24 16:28:13,881] {logging_mixin.py:109} INFO - [2022-06-24 16:28:13,881] {dagbag.py:500} INFO - Filling up the DagBag from /home/airflow/.local/lib/python3.7/site-packages/airflow/example_dags/example_latest_only.py
[2022-06-24 16:28:13,889] {processor.py:652} INFO - DAG(s) dict_keys(['latest_only']) retrieved from /home/airflow/.local/lib/python3.7/site-packages/airflow/example_dags/example_latest_only.py
[2022-06-24 16:28:13,902] {logging_mixin.py:109} INFO - [2022-06-24 16:28:13,902] {dag.py:2398} INFO - Sync 1 DAGs
[2022-06-24 16:28:13,913] {logging_mixin.py:109} INFO - [2022-06-24 16:28:13,913] {dag.py:2937} INFO - Setting next_dagrun for latest_only to 2022-06-24T12:28:13.913399+00:00
[2022-06-24 16:28:13,919] {processor.py:171} INFO - Processing /home/airflow/.local/lib/python3.7/site-packages/airflow/example_dags/example_latest_only.py took 0.040 seconds
[2022-06-24 16:28:44,211] {processor.py:163} INFO - Started process (PID=1526) to work on /home/airflow/.local/lib/python3.7/site-packages/airflow/example_dags/example_latest_only.py
[2022-06-24 16:28:44,212] {processor.py:642} INFO - Processing file /home/airflow/.local/lib/python3.7/site-packages/airflow/example_dags/example_latest_only.py for tasks to queue
[2022-06-24 16:28:44,212] {logging_mixin.py:109} INFO - [2022-06-24 16:28:44,212] {dagbag.py:500} INFO - Filling up the DagBag from /home/airflow/.local/lib/python3.7/site-packages/airflow/example_dags/example_latest_only.py
[2022-06-24 16:28:44,221] {processor.py:652} INFO - DAG(s) dict_keys(['latest_only']) retrieved from /home/airflow/.local/lib/python3.7/site-packages/airflow/example_dags/example_latest_only.py
[2022-06-24 16:28:44,234] {logging_mixin.py:109} INFO - [2022-06-24 16:28:44,234] {dag.py:2398} INFO - Sync 1 DAGs
[2022-06-24 16:28:44,246] {logging_mixin.py:109} INFO - [2022-06-24 16:28:44,246] {dag.py:2937} INFO - Setting next_dagrun for latest_only to 2022-06-24T12:28:44.246599+00:00
[2022-06-24 16:28:44,253] {processor.py:171} INFO - Processing /home/airflow/.local/lib/python3.7/site-packages/airflow/example_dags/example_latest_only.py took 0.044 seconds
[2022-06-24 16:29:14,670] {processor.py:163} INFO - Started process (PID=1576) to work on /home/airflow/.local/lib/python3.7/site-packages/airflow/example_dags/example_latest_only.py
[2022-06-24 16:29:14,670] {processor.py:642} INFO - Processing file /home/airflow/.local/lib/python3.7/site-packages/airflow/example_dags/example_latest_only.py for tasks to queue
[2022-06-24 16:29:14,670] {logging_mixin.py:109} INFO - [2022-06-24 16:29:14,670] {dagbag.py:500} INFO - Filling up the DagBag from /home/airflow/.local/lib/python3.7/site-packages/airflow/example_dags/example_latest_only.py
[2022-06-24 16:29:14,679] {processor.py:652} INFO - DAG(s) dict_keys(['latest_only']) retrieved from /home/airflow/.local/lib/python3.7/site-packages/airflow/example_dags/example_latest_only.py
[2022-06-24 16:29:14,692] {logging_mixin.py:109} INFO - [2022-06-24 16:29:14,692] {dag.py:2398} INFO - Sync 1 DAGs
[2022-06-24 16:29:14,703] {logging_mixin.py:109} INFO - [2022-06-24 16:29:14,703] {dag.py:2937} INFO - Setting next_dagrun for latest_only to 2022-06-24T12:29:14.703115+00:00
[2022-06-24 16:29:14,708] {processor.py:171} INFO - Processing /home/airflow/.local/lib/python3.7/site-packages/airflow/example_dags/example_latest_only.py took 0.040 seconds
[2022-06-24 16:29:45,406] {processor.py:163} INFO - Started process (PID=1636) to work on /home/airflow/.local/lib/python3.7/site-packages/airflow/example_dags/example_latest_only.py
[2022-06-24 16:29:45,406] {processor.py:642} INFO - Processing file /home/airflow/.local/lib/python3.7/site-packages/airflow/example_dags/example_latest_only.py for tasks to queue
[2022-06-24 16:29:45,407] {logging_mixin.py:109} INFO - [2022-06-24 16:29:45,407] {dagbag.py:500} INFO - Filling up the DagBag from /home/airflow/.local/lib/python3.7/site-packages/airflow/example_dags/example_latest_only.py
[2022-06-24 16:29:45,417] {processor.py:652} INFO - DAG(s) dict_keys(['latest_only']) retrieved from /home/airflow/.local/lib/python3.7/site-packages/airflow/example_dags/example_latest_only.py
[2022-06-24 16:29:45,433] {logging_mixin.py:109} INFO - [2022-06-24 16:29:45,433] {dag.py:2398} INFO - Sync 1 DAGs
[2022-06-24 16:29:45,449] {logging_mixin.py:109} INFO - [2022-06-24 16:29:45,449] {dag.py:2937} INFO - Setting next_dagrun for latest_only to 2022-06-24T12:29:45.449080+00:00
[2022-06-24 16:29:45,458] {processor.py:171} INFO - Processing /home/airflow/.local/lib/python3.7/site-packages/airflow/example_dags/example_latest_only.py took 0.054 seconds
[2022-06-24 16:30:16,297] {processor.py:163} INFO - Started process (PID=1704) to work on /home/airflow/.local/lib/python3.7/site-packages/airflow/example_dags/example_latest_only.py
[2022-06-24 16:30:16,298] {processor.py:642} INFO - Processing file /home/airflow/.local/lib/python3.7/site-packages/airflow/example_dags/example_latest_only.py for tasks to queue
[2022-06-24 16:30:16,298] {logging_mixin.py:109} INFO - [2022-06-24 16:30:16,298] {dagbag.py:500} INFO - Filling up the DagBag from /home/airflow/.local/lib/python3.7/site-packages/airflow/example_dags/example_latest_only.py
[2022-06-24 16:30:16,310] {processor.py:652} INFO - DAG(s) dict_keys(['latest_only']) retrieved from /home/airflow/.local/lib/python3.7/site-packages/airflow/example_dags/example_latest_only.py
[2022-06-24 16:30:16,323] {logging_mixin.py:109} INFO - [2022-06-24 16:30:16,323] {dag.py:2398} INFO - Sync 1 DAGs
[2022-06-24 16:30:16,335] {logging_mixin.py:109} INFO - [2022-06-24 16:30:16,335] {dag.py:2937} INFO - Setting next_dagrun for latest_only to 2022-06-24T12:30:16.335538+00:00
[2022-06-24 16:30:16,342] {processor.py:171} INFO - Processing /home/airflow/.local/lib/python3.7/site-packages/airflow/example_dags/example_latest_only.py took 0.047 seconds
[2022-06-24 16:30:46,905] {processor.py:163} INFO - Started process (PID=1755) to work on /home/airflow/.local/lib/python3.7/site-packages/airflow/example_dags/example_latest_only.py
[2022-06-24 16:30:46,906] {processor.py:642} INFO - Processing file /home/airflow/.local/lib/python3.7/site-packages/airflow/example_dags/example_latest_only.py for tasks to queue
[2022-06-24 16:30:46,906] {logging_mixin.py:109} INFO - [2022-06-24 16:30:46,906] {dagbag.py:500} INFO - Filling up the DagBag from /home/airflow/.local/lib/python3.7/site-packages/airflow/example_dags/example_latest_only.py
[2022-06-24 16:30:46,914] {processor.py:652} INFO - DAG(s) dict_keys(['latest_only']) retrieved from /home/airflow/.local/lib/python3.7/site-packages/airflow/example_dags/example_latest_only.py
[2022-06-24 16:30:46,925] {logging_mixin.py:109} INFO - [2022-06-24 16:30:46,925] {dag.py:2398} INFO - Sync 1 DAGs
[2022-06-24 16:30:46,935] {logging_mixin.py:109} INFO - [2022-06-24 16:30:46,935] {dag.py:2937} INFO - Setting next_dagrun for latest_only to 2022-06-24T12:30:46.934900+00:00
[2022-06-24 16:30:46,940] {processor.py:171} INFO - Processing /home/airflow/.local/lib/python3.7/site-packages/airflow/example_dags/example_latest_only.py took 0.037 seconds
[2022-06-24 16:31:17,612] {processor.py:163} INFO - Started process (PID=1813) to work on /home/airflow/.local/lib/python3.7/site-packages/airflow/example_dags/example_latest_only.py
[2022-06-24 16:31:17,613] {processor.py:642} INFO - Processing file /home/airflow/.local/lib/python3.7/site-packages/airflow/example_dags/example_latest_only.py for tasks to queue
[2022-06-24 16:31:17,613] {logging_mixin.py:109} INFO - [2022-06-24 16:31:17,613] {dagbag.py:500} INFO - Filling up the DagBag from /home/airflow/.local/lib/python3.7/site-packages/airflow/example_dags/example_latest_only.py
[2022-06-24 16:31:17,623] {processor.py:652} INFO - DAG(s) dict_keys(['latest_only']) retrieved from /home/airflow/.local/lib/python3.7/site-packages/airflow/example_dags/example_latest_only.py
[2022-06-24 16:31:17,636] {logging_mixin.py:109} INFO - [2022-06-24 16:31:17,636] {dag.py:2398} INFO - Sync 1 DAGs
[2022-06-24 16:31:17,647] {logging_mixin.py:109} INFO - [2022-06-24 16:31:17,647] {dag.py:2937} INFO - Setting next_dagrun for latest_only to 2022-06-24T12:31:17.647030+00:00
[2022-06-24 16:31:17,653] {processor.py:171} INFO - Processing /home/airflow/.local/lib/python3.7/site-packages/airflow/example_dags/example_latest_only.py took 0.043 seconds
[2022-06-24 16:31:48,253] {processor.py:163} INFO - Started process (PID=1872) to work on /home/airflow/.local/lib/python3.7/site-packages/airflow/example_dags/example_latest_only.py
[2022-06-24 16:31:48,254] {processor.py:642} INFO - Processing file /home/airflow/.local/lib/python3.7/site-packages/airflow/example_dags/example_latest_only.py for tasks to queue
[2022-06-24 16:31:48,254] {logging_mixin.py:109} INFO - [2022-06-24 16:31:48,254] {dagbag.py:500} INFO - Filling up the DagBag from /home/airflow/.local/lib/python3.7/site-packages/airflow/example_dags/example_latest_only.py
[2022-06-24 16:31:48,262] {processor.py:652} INFO - DAG(s) dict_keys(['latest_only']) retrieved from /home/airflow/.local/lib/python3.7/site-packages/airflow/example_dags/example_latest_only.py
[2022-06-24 16:31:48,273] {logging_mixin.py:109} INFO - [2022-06-24 16:31:48,273] {dag.py:2398} INFO - Sync 1 DAGs
[2022-06-24 16:31:48,283] {logging_mixin.py:109} INFO - [2022-06-24 16:31:48,283] {dag.py:2937} INFO - Setting next_dagrun for latest_only to 2022-06-24T12:31:48.283607+00:00
[2022-06-24 16:31:48,288] {processor.py:171} INFO - Processing /home/airflow/.local/lib/python3.7/site-packages/airflow/example_dags/example_latest_only.py took 0.037 seconds
[2022-06-24 16:32:18,906] {processor.py:163} INFO - Started process (PID=1922) to work on /home/airflow/.local/lib/python3.7/site-packages/airflow/example_dags/example_latest_only.py
[2022-06-24 16:32:18,906] {processor.py:642} INFO - Processing file /home/airflow/.local/lib/python3.7/site-packages/airflow/example_dags/example_latest_only.py for tasks to queue
[2022-06-24 16:32:18,907] {logging_mixin.py:109} INFO - [2022-06-24 16:32:18,907] {dagbag.py:500} INFO - Filling up the DagBag from /home/airflow/.local/lib/python3.7/site-packages/airflow/example_dags/example_latest_only.py
[2022-06-24 16:32:18,916] {processor.py:652} INFO - DAG(s) dict_keys(['latest_only']) retrieved from /home/airflow/.local/lib/python3.7/site-packages/airflow/example_dags/example_latest_only.py
[2022-06-24 16:32:18,931] {logging_mixin.py:109} INFO - [2022-06-24 16:32:18,931] {dag.py:2398} INFO - Sync 1 DAGs
[2022-06-24 16:32:18,941] {logging_mixin.py:109} INFO - [2022-06-24 16:32:18,941] {dag.py:2937} INFO - Setting next_dagrun for latest_only to 2022-06-24T12:32:18.941124+00:00
[2022-06-24 16:32:18,946] {processor.py:171} INFO - Processing /home/airflow/.local/lib/python3.7/site-packages/airflow/example_dags/example_latest_only.py took 0.042 seconds
[2022-06-24 16:32:49,509] {processor.py:163} INFO - Started process (PID=1982) to work on /home/airflow/.local/lib/python3.7/site-packages/airflow/example_dags/example_latest_only.py
[2022-06-24 16:32:49,510] {processor.py:642} INFO - Processing file /home/airflow/.local/lib/python3.7/site-packages/airflow/example_dags/example_latest_only.py for tasks to queue
[2022-06-24 16:32:49,510] {logging_mixin.py:109} INFO - [2022-06-24 16:32:49,510] {dagbag.py:500} INFO - Filling up the DagBag from /home/airflow/.local/lib/python3.7/site-packages/airflow/example_dags/example_latest_only.py
[2022-06-24 16:32:49,518] {processor.py:652} INFO - DAG(s) dict_keys(['latest_only']) retrieved from /home/airflow/.local/lib/python3.7/site-packages/airflow/example_dags/example_latest_only.py
[2022-06-24 16:32:49,529] {logging_mixin.py:109} INFO - [2022-06-24 16:32:49,529] {dag.py:2398} INFO - Sync 1 DAGs
[2022-06-24 16:32:49,540] {logging_mixin.py:109} INFO - [2022-06-24 16:32:49,540] {dag.py:2937} INFO - Setting next_dagrun for latest_only to 2022-06-24T12:32:49.540494+00:00
[2022-06-24 16:32:49,546] {processor.py:171} INFO - Processing /home/airflow/.local/lib/python3.7/site-packages/airflow/example_dags/example_latest_only.py took 0.039 seconds
[2022-06-24 16:33:20,207] {processor.py:163} INFO - Started process (PID=2043) to work on /home/airflow/.local/lib/python3.7/site-packages/airflow/example_dags/example_latest_only.py
[2022-06-24 16:33:20,208] {processor.py:642} INFO - Processing file /home/airflow/.local/lib/python3.7/site-packages/airflow/example_dags/example_latest_only.py for tasks to queue
[2022-06-24 16:33:20,208] {logging_mixin.py:109} INFO - [2022-06-24 16:33:20,208] {dagbag.py:500} INFO - Filling up the DagBag from /home/airflow/.local/lib/python3.7/site-packages/airflow/example_dags/example_latest_only.py
[2022-06-24 16:33:20,217] {processor.py:652} INFO - DAG(s) dict_keys(['latest_only']) retrieved from /home/airflow/.local/lib/python3.7/site-packages/airflow/example_dags/example_latest_only.py
[2022-06-24 16:33:20,230] {logging_mixin.py:109} INFO - [2022-06-24 16:33:20,230] {dag.py:2398} INFO - Sync 1 DAGs
[2022-06-24 16:33:20,242] {logging_mixin.py:109} INFO - [2022-06-24 16:33:20,242] {dag.py:2937} INFO - Setting next_dagrun for latest_only to 2022-06-24T12:33:20.241783+00:00
[2022-06-24 16:33:20,248] {processor.py:171} INFO - Processing /home/airflow/.local/lib/python3.7/site-packages/airflow/example_dags/example_latest_only.py took 0.043 seconds
[2022-06-24 16:33:50,718] {processor.py:163} INFO - Started process (PID=2094) to work on /home/airflow/.local/lib/python3.7/site-packages/airflow/example_dags/example_latest_only.py
[2022-06-24 16:33:50,719] {processor.py:642} INFO - Processing file /home/airflow/.local/lib/python3.7/site-packages/airflow/example_dags/example_latest_only.py for tasks to queue
[2022-06-24 16:33:50,719] {logging_mixin.py:109} INFO - [2022-06-24 16:33:50,719] {dagbag.py:500} INFO - Filling up the DagBag from /home/airflow/.local/lib/python3.7/site-packages/airflow/example_dags/example_latest_only.py
[2022-06-24 16:33:50,728] {processor.py:652} INFO - DAG(s) dict_keys(['latest_only']) retrieved from /home/airflow/.local/lib/python3.7/site-packages/airflow/example_dags/example_latest_only.py
[2022-06-24 16:33:50,740] {logging_mixin.py:109} INFO - [2022-06-24 16:33:50,740] {dag.py:2398} INFO - Sync 1 DAGs
[2022-06-24 16:33:50,750] {logging_mixin.py:109} INFO - [2022-06-24 16:33:50,750] {dag.py:2937} INFO - Setting next_dagrun for latest_only to 2022-06-24T12:33:50.750450+00:00
[2022-06-24 16:33:50,756] {processor.py:171} INFO - Processing /home/airflow/.local/lib/python3.7/site-packages/airflow/example_dags/example_latest_only.py took 0.040 seconds
[2022-06-24 16:34:21,497] {processor.py:163} INFO - Started process (PID=2155) to work on /home/airflow/.local/lib/python3.7/site-packages/airflow/example_dags/example_latest_only.py
[2022-06-24 16:34:21,498] {processor.py:642} INFO - Processing file /home/airflow/.local/lib/python3.7/site-packages/airflow/example_dags/example_latest_only.py for tasks to queue
[2022-06-24 16:34:21,498] {logging_mixin.py:109} INFO - [2022-06-24 16:34:21,498] {dagbag.py:500} INFO - Filling up the DagBag from /home/airflow/.local/lib/python3.7/site-packages/airflow/example_dags/example_latest_only.py
[2022-06-24 16:34:21,506] {processor.py:652} INFO - DAG(s) dict_keys(['latest_only']) retrieved from /home/airflow/.local/lib/python3.7/site-packages/airflow/example_dags/example_latest_only.py
[2022-06-24 16:34:21,518] {logging_mixin.py:109} INFO - [2022-06-24 16:34:21,518] {dag.py:2398} INFO - Sync 1 DAGs
[2022-06-24 16:34:21,529] {logging_mixin.py:109} INFO - [2022-06-24 16:34:21,529] {dag.py:2937} INFO - Setting next_dagrun for latest_only to 2022-06-24T12:34:21.529020+00:00
[2022-06-24 16:34:21,534] {processor.py:171} INFO - Processing /home/airflow/.local/lib/python3.7/site-packages/airflow/example_dags/example_latest_only.py took 0.039 seconds
[2022-06-24 16:34:52,059] {processor.py:163} INFO - Started process (PID=2215) to work on /home/airflow/.local/lib/python3.7/site-packages/airflow/example_dags/example_latest_only.py
[2022-06-24 16:34:52,059] {processor.py:642} INFO - Processing file /home/airflow/.local/lib/python3.7/site-packages/airflow/example_dags/example_latest_only.py for tasks to queue
[2022-06-24 16:34:52,060] {logging_mixin.py:109} INFO - [2022-06-24 16:34:52,060] {dagbag.py:500} INFO - Filling up the DagBag from /home/airflow/.local/lib/python3.7/site-packages/airflow/example_dags/example_latest_only.py
[2022-06-24 16:34:52,069] {processor.py:652} INFO - DAG(s) dict_keys(['latest_only']) retrieved from /home/airflow/.local/lib/python3.7/site-packages/airflow/example_dags/example_latest_only.py
[2022-06-24 16:34:52,087] {logging_mixin.py:109} INFO - [2022-06-24 16:34:52,086] {dag.py:2398} INFO - Sync 1 DAGs
[2022-06-24 16:34:52,098] {logging_mixin.py:109} INFO - [2022-06-24 16:34:52,098] {dag.py:2937} INFO - Setting next_dagrun for latest_only to 2022-06-24T12:34:52.098348+00:00
[2022-06-24 16:34:52,106] {processor.py:171} INFO - Processing /home/airflow/.local/lib/python3.7/site-packages/airflow/example_dags/example_latest_only.py took 0.049 seconds
[2022-06-24 16:35:22,644] {processor.py:163} INFO - Started process (PID=2265) to work on /home/airflow/.local/lib/python3.7/site-packages/airflow/example_dags/example_latest_only.py
[2022-06-24 16:35:22,646] {processor.py:642} INFO - Processing file /home/airflow/.local/lib/python3.7/site-packages/airflow/example_dags/example_latest_only.py for tasks to queue
[2022-06-24 16:35:22,646] {logging_mixin.py:109} INFO - [2022-06-24 16:35:22,646] {dagbag.py:500} INFO - Filling up the DagBag from /home/airflow/.local/lib/python3.7/site-packages/airflow/example_dags/example_latest_only.py
[2022-06-24 16:35:22,655] {processor.py:652} INFO - DAG(s) dict_keys(['latest_only']) retrieved from /home/airflow/.local/lib/python3.7/site-packages/airflow/example_dags/example_latest_only.py
[2022-06-24 16:35:22,668] {logging_mixin.py:109} INFO - [2022-06-24 16:35:22,668] {dag.py:2398} INFO - Sync 1 DAGs
[2022-06-24 16:35:22,678] {logging_mixin.py:109} INFO - [2022-06-24 16:35:22,678] {dag.py:2937} INFO - Setting next_dagrun for latest_only to 2022-06-24T12:35:22.678719+00:00
[2022-06-24 16:35:22,684] {processor.py:171} INFO - Processing /home/airflow/.local/lib/python3.7/site-packages/airflow/example_dags/example_latest_only.py took 0.042 seconds
[2022-06-24 16:35:53,287] {processor.py:163} INFO - Started process (PID=2325) to work on /home/airflow/.local/lib/python3.7/site-packages/airflow/example_dags/example_latest_only.py
[2022-06-24 16:35:53,288] {processor.py:642} INFO - Processing file /home/airflow/.local/lib/python3.7/site-packages/airflow/example_dags/example_latest_only.py for tasks to queue
[2022-06-24 16:35:53,288] {logging_mixin.py:109} INFO - [2022-06-24 16:35:53,288] {dagbag.py:500} INFO - Filling up the DagBag from /home/airflow/.local/lib/python3.7/site-packages/airflow/example_dags/example_latest_only.py
[2022-06-24 16:35:53,297] {processor.py:652} INFO - DAG(s) dict_keys(['latest_only']) retrieved from /home/airflow/.local/lib/python3.7/site-packages/airflow/example_dags/example_latest_only.py
[2022-06-24 16:35:53,311] {logging_mixin.py:109} INFO - [2022-06-24 16:35:53,311] {dag.py:2398} INFO - Sync 1 DAGs
[2022-06-24 16:35:53,328] {logging_mixin.py:109} INFO - [2022-06-24 16:35:53,328] {dag.py:2937} INFO - Setting next_dagrun for latest_only to 2022-06-24T12:35:53.327868+00:00
[2022-06-24 16:35:53,337] {processor.py:171} INFO - Processing /home/airflow/.local/lib/python3.7/site-packages/airflow/example_dags/example_latest_only.py took 0.051 seconds
[2022-06-24 16:36:24,138] {processor.py:163} INFO - Started process (PID=2384) to work on /home/airflow/.local/lib/python3.7/site-packages/airflow/example_dags/example_latest_only.py
[2022-06-24 16:36:24,139] {processor.py:642} INFO - Processing file /home/airflow/.local/lib/python3.7/site-packages/airflow/example_dags/example_latest_only.py for tasks to queue
[2022-06-24 16:36:24,139] {logging_mixin.py:109} INFO - [2022-06-24 16:36:24,139] {dagbag.py:500} INFO - Filling up the DagBag from /home/airflow/.local/lib/python3.7/site-packages/airflow/example_dags/example_latest_only.py
[2022-06-24 16:36:24,151] {processor.py:652} INFO - DAG(s) dict_keys(['latest_only']) retrieved from /home/airflow/.local/lib/python3.7/site-packages/airflow/example_dags/example_latest_only.py
[2022-06-24 16:36:24,166] {logging_mixin.py:109} INFO - [2022-06-24 16:36:24,165] {dag.py:2398} INFO - Sync 1 DAGs
[2022-06-24 16:36:24,179] {logging_mixin.py:109} INFO - [2022-06-24 16:36:24,179] {dag.py:2937} INFO - Setting next_dagrun for latest_only to 2022-06-24T12:36:24.179616+00:00
[2022-06-24 16:36:24,187] {processor.py:171} INFO - Processing /home/airflow/.local/lib/python3.7/site-packages/airflow/example_dags/example_latest_only.py took 0.051 seconds
[2022-06-24 16:36:55,064] {processor.py:163} INFO - Started process (PID=2435) to work on /home/airflow/.local/lib/python3.7/site-packages/airflow/example_dags/example_latest_only.py
[2022-06-24 16:36:55,065] {processor.py:642} INFO - Processing file /home/airflow/.local/lib/python3.7/site-packages/airflow/example_dags/example_latest_only.py for tasks to queue
[2022-06-24 16:36:55,065] {logging_mixin.py:109} INFO - [2022-06-24 16:36:55,065] {dagbag.py:500} INFO - Filling up the DagBag from /home/airflow/.local/lib/python3.7/site-packages/airflow/example_dags/example_latest_only.py
[2022-06-24 16:36:55,076] {processor.py:652} INFO - DAG(s) dict_keys(['latest_only']) retrieved from /home/airflow/.local/lib/python3.7/site-packages/airflow/example_dags/example_latest_only.py
[2022-06-24 16:36:55,088] {logging_mixin.py:109} INFO - [2022-06-24 16:36:55,087] {dag.py:2398} INFO - Sync 1 DAGs
[2022-06-24 16:36:55,098] {logging_mixin.py:109} INFO - [2022-06-24 16:36:55,098] {dag.py:2937} INFO - Setting next_dagrun for latest_only to 2022-06-24T12:36:55.098252+00:00
[2022-06-24 16:36:55,103] {processor.py:171} INFO - Processing /home/airflow/.local/lib/python3.7/site-packages/airflow/example_dags/example_latest_only.py took 0.040 seconds
[2022-06-24 16:37:25,587] {processor.py:163} INFO - Started process (PID=2494) to work on /home/airflow/.local/lib/python3.7/site-packages/airflow/example_dags/example_latest_only.py
[2022-06-24 16:37:25,588] {processor.py:642} INFO - Processing file /home/airflow/.local/lib/python3.7/site-packages/airflow/example_dags/example_latest_only.py for tasks to queue
[2022-06-24 16:37:25,589] {logging_mixin.py:109} INFO - [2022-06-24 16:37:25,588] {dagbag.py:500} INFO - Filling up the DagBag from /home/airflow/.local/lib/python3.7/site-packages/airflow/example_dags/example_latest_only.py
[2022-06-24 16:37:25,598] {processor.py:652} INFO - DAG(s) dict_keys(['latest_only']) retrieved from /home/airflow/.local/lib/python3.7/site-packages/airflow/example_dags/example_latest_only.py
[2022-06-24 16:37:25,612] {logging_mixin.py:109} INFO - [2022-06-24 16:37:25,612] {dag.py:2398} INFO - Sync 1 DAGs
[2022-06-24 16:37:25,628] {logging_mixin.py:109} INFO - [2022-06-24 16:37:25,627] {dag.py:2937} INFO - Setting next_dagrun for latest_only to 2022-06-24T12:37:25.627727+00:00
[2022-06-24 16:37:25,636] {processor.py:171} INFO - Processing /home/airflow/.local/lib/python3.7/site-packages/airflow/example_dags/example_latest_only.py took 0.051 seconds
[2022-06-24 16:37:56,495] {processor.py:163} INFO - Started process (PID=2554) to work on /home/airflow/.local/lib/python3.7/site-packages/airflow/example_dags/example_latest_only.py
[2022-06-24 16:37:56,495] {processor.py:642} INFO - Processing file /home/airflow/.local/lib/python3.7/site-packages/airflow/example_dags/example_latest_only.py for tasks to queue
[2022-06-24 16:37:56,496] {logging_mixin.py:109} INFO - [2022-06-24 16:37:56,496] {dagbag.py:500} INFO - Filling up the DagBag from /home/airflow/.local/lib/python3.7/site-packages/airflow/example_dags/example_latest_only.py
[2022-06-24 16:37:56,507] {processor.py:652} INFO - DAG(s) dict_keys(['latest_only']) retrieved from /home/airflow/.local/lib/python3.7/site-packages/airflow/example_dags/example_latest_only.py
[2022-06-24 16:37:56,529] {logging_mixin.py:109} INFO - [2022-06-24 16:37:56,529] {dag.py:2398} INFO - Sync 1 DAGs
[2022-06-24 16:37:56,543] {logging_mixin.py:109} INFO - [2022-06-24 16:37:56,543] {dag.py:2937} INFO - Setting next_dagrun for latest_only to 2022-06-24T12:37:56.543127+00:00
[2022-06-24 16:37:56,551] {processor.py:171} INFO - Processing /home/airflow/.local/lib/python3.7/site-packages/airflow/example_dags/example_latest_only.py took 0.059 seconds
[2022-06-24 16:38:27,350] {processor.py:163} INFO - Started process (PID=2605) to work on /home/airflow/.local/lib/python3.7/site-packages/airflow/example_dags/example_latest_only.py
[2022-06-24 16:38:27,351] {processor.py:642} INFO - Processing file /home/airflow/.local/lib/python3.7/site-packages/airflow/example_dags/example_latest_only.py for tasks to queue
[2022-06-24 16:38:27,351] {logging_mixin.py:109} INFO - [2022-06-24 16:38:27,351] {dagbag.py:500} INFO - Filling up the DagBag from /home/airflow/.local/lib/python3.7/site-packages/airflow/example_dags/example_latest_only.py
[2022-06-24 16:38:27,360] {processor.py:652} INFO - DAG(s) dict_keys(['latest_only']) retrieved from /home/airflow/.local/lib/python3.7/site-packages/airflow/example_dags/example_latest_only.py
[2022-06-24 16:38:27,371] {logging_mixin.py:109} INFO - [2022-06-24 16:38:27,371] {dag.py:2398} INFO - Sync 1 DAGs
[2022-06-24 16:38:27,383] {logging_mixin.py:109} INFO - [2022-06-24 16:38:27,382] {dag.py:2937} INFO - Setting next_dagrun for latest_only to 2022-06-24T12:38:27.382728+00:00
[2022-06-24 16:38:27,389] {processor.py:171} INFO - Processing /home/airflow/.local/lib/python3.7/site-packages/airflow/example_dags/example_latest_only.py took 0.040 seconds
