[2022-06-24 16:06:46,776] {processor.py:163} INFO - Started process (PID=63) to work on /home/airflow/.local/lib/python3.7/site-packages/airflow/example_dags/tutorial_etl_dag.py
[2022-06-24 16:06:46,776] {processor.py:642} INFO - Processing file /home/airflow/.local/lib/python3.7/site-packages/airflow/example_dags/tutorial_etl_dag.py for tasks to queue
[2022-06-24 16:06:46,777] {logging_mixin.py:109} INFO - [2022-06-24 16:06:46,777] {dagbag.py:500} INFO - Filling up the DagBag from /home/airflow/.local/lib/python3.7/site-packages/airflow/example_dags/tutorial_etl_dag.py
[2022-06-24 16:06:46,792] {processor.py:652} INFO - DAG(s) dict_keys(['tutorial_etl_dag']) retrieved from /home/airflow/.local/lib/python3.7/site-packages/airflow/example_dags/tutorial_etl_dag.py
[2022-06-24 16:06:48,097] {logging_mixin.py:109} INFO - [2022-06-24 16:06:48,097] {manager.py:496} INFO - Created Permission View: can edit on DAG:tutorial_etl_dag
[2022-06-24 16:06:48,101] {logging_mixin.py:109} INFO - [2022-06-24 16:06:48,101] {manager.py:496} INFO - Created Permission View: can read on DAG:tutorial_etl_dag
[2022-06-24 16:06:48,101] {logging_mixin.py:109} INFO - [2022-06-24 16:06:48,101] {dag.py:2398} INFO - Sync 1 DAGs
[2022-06-24 16:06:48,106] {logging_mixin.py:109} INFO - [2022-06-24 16:06:48,105] {dag.py:2417} INFO - Creating ORM DAG for tutorial_etl_dag
[2022-06-24 16:06:48,110] {logging_mixin.py:109} INFO - [2022-06-24 16:06:48,110] {dag.py:2937} INFO - Setting next_dagrun for tutorial_etl_dag to None
[2022-06-24 16:06:48,117] {processor.py:171} INFO - Processing /home/airflow/.local/lib/python3.7/site-packages/airflow/example_dags/tutorial_etl_dag.py took 1.343 seconds
[2022-06-24 16:07:18,207] {processor.py:163} INFO - Started process (PID=338) to work on /home/airflow/.local/lib/python3.7/site-packages/airflow/example_dags/tutorial_etl_dag.py
[2022-06-24 16:07:18,209] {processor.py:642} INFO - Processing file /home/airflow/.local/lib/python3.7/site-packages/airflow/example_dags/tutorial_etl_dag.py for tasks to queue
[2022-06-24 16:07:18,210] {logging_mixin.py:109} INFO - [2022-06-24 16:07:18,210] {dagbag.py:500} INFO - Filling up the DagBag from /home/airflow/.local/lib/python3.7/site-packages/airflow/example_dags/tutorial_etl_dag.py
[2022-06-24 16:07:18,225] {processor.py:652} INFO - DAG(s) dict_keys(['tutorial_etl_dag']) retrieved from /home/airflow/.local/lib/python3.7/site-packages/airflow/example_dags/tutorial_etl_dag.py
[2022-06-24 16:07:18,237] {logging_mixin.py:109} INFO - [2022-06-24 16:07:18,237] {dag.py:2398} INFO - Sync 1 DAGs
[2022-06-24 16:07:18,246] {logging_mixin.py:109} INFO - [2022-06-24 16:07:18,246] {dag.py:2937} INFO - Setting next_dagrun for tutorial_etl_dag to None
[2022-06-24 16:07:18,252] {processor.py:171} INFO - Processing /home/airflow/.local/lib/python3.7/site-packages/airflow/example_dags/tutorial_etl_dag.py took 0.049 seconds
[2022-06-24 16:07:48,519] {processor.py:163} INFO - Started process (PID=398) to work on /home/airflow/.local/lib/python3.7/site-packages/airflow/example_dags/tutorial_etl_dag.py
[2022-06-24 16:07:48,520] {processor.py:642} INFO - Processing file /home/airflow/.local/lib/python3.7/site-packages/airflow/example_dags/tutorial_etl_dag.py for tasks to queue
[2022-06-24 16:07:48,520] {logging_mixin.py:109} INFO - [2022-06-24 16:07:48,520] {dagbag.py:500} INFO - Filling up the DagBag from /home/airflow/.local/lib/python3.7/site-packages/airflow/example_dags/tutorial_etl_dag.py
[2022-06-24 16:07:48,537] {processor.py:652} INFO - DAG(s) dict_keys(['tutorial_etl_dag']) retrieved from /home/airflow/.local/lib/python3.7/site-packages/airflow/example_dags/tutorial_etl_dag.py
[2022-06-24 16:07:48,549] {logging_mixin.py:109} INFO - [2022-06-24 16:07:48,549] {dag.py:2398} INFO - Sync 1 DAGs
[2022-06-24 16:07:48,562] {logging_mixin.py:109} INFO - [2022-06-24 16:07:48,561] {dag.py:2937} INFO - Setting next_dagrun for tutorial_etl_dag to None
[2022-06-24 16:07:48,569] {processor.py:171} INFO - Processing /home/airflow/.local/lib/python3.7/site-packages/airflow/example_dags/tutorial_etl_dag.py took 0.053 seconds
[2022-06-24 16:08:18,804] {processor.py:163} INFO - Started process (PID=458) to work on /home/airflow/.local/lib/python3.7/site-packages/airflow/example_dags/tutorial_etl_dag.py
[2022-06-24 16:08:18,805] {processor.py:642} INFO - Processing file /home/airflow/.local/lib/python3.7/site-packages/airflow/example_dags/tutorial_etl_dag.py for tasks to queue
[2022-06-24 16:08:18,805] {logging_mixin.py:109} INFO - [2022-06-24 16:08:18,805] {dagbag.py:500} INFO - Filling up the DagBag from /home/airflow/.local/lib/python3.7/site-packages/airflow/example_dags/tutorial_etl_dag.py
[2022-06-24 16:08:18,814] {processor.py:652} INFO - DAG(s) dict_keys(['tutorial_etl_dag']) retrieved from /home/airflow/.local/lib/python3.7/site-packages/airflow/example_dags/tutorial_etl_dag.py
[2022-06-24 16:08:18,826] {logging_mixin.py:109} INFO - [2022-06-24 16:08:18,826] {dag.py:2398} INFO - Sync 1 DAGs
[2022-06-24 16:08:18,837] {logging_mixin.py:109} INFO - [2022-06-24 16:08:18,837] {dag.py:2937} INFO - Setting next_dagrun for tutorial_etl_dag to None
[2022-06-24 16:08:18,843] {processor.py:171} INFO - Processing /home/airflow/.local/lib/python3.7/site-packages/airflow/example_dags/tutorial_etl_dag.py took 0.041 seconds
[2022-06-24 16:08:48,928] {processor.py:163} INFO - Started process (PID=507) to work on /home/airflow/.local/lib/python3.7/site-packages/airflow/example_dags/tutorial_etl_dag.py
[2022-06-24 16:08:48,930] {processor.py:642} INFO - Processing file /home/airflow/.local/lib/python3.7/site-packages/airflow/example_dags/tutorial_etl_dag.py for tasks to queue
[2022-06-24 16:08:48,930] {logging_mixin.py:109} INFO - [2022-06-24 16:08:48,930] {dagbag.py:500} INFO - Filling up the DagBag from /home/airflow/.local/lib/python3.7/site-packages/airflow/example_dags/tutorial_etl_dag.py
[2022-06-24 16:08:48,938] {processor.py:652} INFO - DAG(s) dict_keys(['tutorial_etl_dag']) retrieved from /home/airflow/.local/lib/python3.7/site-packages/airflow/example_dags/tutorial_etl_dag.py
[2022-06-24 16:08:48,950] {logging_mixin.py:109} INFO - [2022-06-24 16:08:48,949] {dag.py:2398} INFO - Sync 1 DAGs
[2022-06-24 16:08:48,959] {logging_mixin.py:109} INFO - [2022-06-24 16:08:48,959] {dag.py:2937} INFO - Setting next_dagrun for tutorial_etl_dag to None
[2022-06-24 16:08:48,964] {processor.py:171} INFO - Processing /home/airflow/.local/lib/python3.7/site-packages/airflow/example_dags/tutorial_etl_dag.py took 0.038 seconds
[2022-06-24 16:09:19,247] {processor.py:163} INFO - Started process (PID=566) to work on /home/airflow/.local/lib/python3.7/site-packages/airflow/example_dags/tutorial_etl_dag.py
[2022-06-24 16:09:19,248] {processor.py:642} INFO - Processing file /home/airflow/.local/lib/python3.7/site-packages/airflow/example_dags/tutorial_etl_dag.py for tasks to queue
[2022-06-24 16:09:19,248] {logging_mixin.py:109} INFO - [2022-06-24 16:09:19,248] {dagbag.py:500} INFO - Filling up the DagBag from /home/airflow/.local/lib/python3.7/site-packages/airflow/example_dags/tutorial_etl_dag.py
[2022-06-24 16:09:19,257] {processor.py:652} INFO - DAG(s) dict_keys(['tutorial_etl_dag']) retrieved from /home/airflow/.local/lib/python3.7/site-packages/airflow/example_dags/tutorial_etl_dag.py
[2022-06-24 16:09:19,272] {logging_mixin.py:109} INFO - [2022-06-24 16:09:19,272] {dag.py:2398} INFO - Sync 1 DAGs
[2022-06-24 16:09:19,285] {logging_mixin.py:109} INFO - [2022-06-24 16:09:19,284] {dag.py:2937} INFO - Setting next_dagrun for tutorial_etl_dag to None
[2022-06-24 16:09:19,289] {processor.py:171} INFO - Processing /home/airflow/.local/lib/python3.7/site-packages/airflow/example_dags/tutorial_etl_dag.py took 0.044 seconds
[2022-06-24 16:09:49,332] {processor.py:163} INFO - Started process (PID=623) to work on /home/airflow/.local/lib/python3.7/site-packages/airflow/example_dags/tutorial_etl_dag.py
[2022-06-24 16:09:49,334] {processor.py:642} INFO - Processing file /home/airflow/.local/lib/python3.7/site-packages/airflow/example_dags/tutorial_etl_dag.py for tasks to queue
[2022-06-24 16:09:49,334] {logging_mixin.py:109} INFO - [2022-06-24 16:09:49,334] {dagbag.py:500} INFO - Filling up the DagBag from /home/airflow/.local/lib/python3.7/site-packages/airflow/example_dags/tutorial_etl_dag.py
[2022-06-24 16:09:49,343] {processor.py:652} INFO - DAG(s) dict_keys(['tutorial_etl_dag']) retrieved from /home/airflow/.local/lib/python3.7/site-packages/airflow/example_dags/tutorial_etl_dag.py
[2022-06-24 16:09:49,354] {logging_mixin.py:109} INFO - [2022-06-24 16:09:49,354] {dag.py:2398} INFO - Sync 1 DAGs
[2022-06-24 16:09:49,363] {logging_mixin.py:109} INFO - [2022-06-24 16:09:49,363] {dag.py:2937} INFO - Setting next_dagrun for tutorial_etl_dag to None
[2022-06-24 16:09:49,369] {processor.py:171} INFO - Processing /home/airflow/.local/lib/python3.7/site-packages/airflow/example_dags/tutorial_etl_dag.py took 0.038 seconds
[2022-06-24 16:10:19,592] {processor.py:163} INFO - Started process (PID=675) to work on /home/airflow/.local/lib/python3.7/site-packages/airflow/example_dags/tutorial_etl_dag.py
[2022-06-24 16:10:19,594] {processor.py:642} INFO - Processing file /home/airflow/.local/lib/python3.7/site-packages/airflow/example_dags/tutorial_etl_dag.py for tasks to queue
[2022-06-24 16:10:19,594] {logging_mixin.py:109} INFO - [2022-06-24 16:10:19,594] {dagbag.py:500} INFO - Filling up the DagBag from /home/airflow/.local/lib/python3.7/site-packages/airflow/example_dags/tutorial_etl_dag.py
[2022-06-24 16:10:19,602] {processor.py:652} INFO - DAG(s) dict_keys(['tutorial_etl_dag']) retrieved from /home/airflow/.local/lib/python3.7/site-packages/airflow/example_dags/tutorial_etl_dag.py
[2022-06-24 16:10:19,614] {logging_mixin.py:109} INFO - [2022-06-24 16:10:19,614] {dag.py:2398} INFO - Sync 1 DAGs
[2022-06-24 16:10:19,623] {logging_mixin.py:109} INFO - [2022-06-24 16:10:19,622] {dag.py:2937} INFO - Setting next_dagrun for tutorial_etl_dag to None
[2022-06-24 16:10:19,628] {processor.py:171} INFO - Processing /home/airflow/.local/lib/python3.7/site-packages/airflow/example_dags/tutorial_etl_dag.py took 0.037 seconds
[2022-06-24 16:10:49,977] {processor.py:163} INFO - Started process (PID=734) to work on /home/airflow/.local/lib/python3.7/site-packages/airflow/example_dags/tutorial_etl_dag.py
[2022-06-24 16:10:49,978] {processor.py:642} INFO - Processing file /home/airflow/.local/lib/python3.7/site-packages/airflow/example_dags/tutorial_etl_dag.py for tasks to queue
[2022-06-24 16:10:49,978] {logging_mixin.py:109} INFO - [2022-06-24 16:10:49,978] {dagbag.py:500} INFO - Filling up the DagBag from /home/airflow/.local/lib/python3.7/site-packages/airflow/example_dags/tutorial_etl_dag.py
[2022-06-24 16:10:49,986] {processor.py:652} INFO - DAG(s) dict_keys(['tutorial_etl_dag']) retrieved from /home/airflow/.local/lib/python3.7/site-packages/airflow/example_dags/tutorial_etl_dag.py
[2022-06-24 16:10:49,997] {logging_mixin.py:109} INFO - [2022-06-24 16:10:49,997] {dag.py:2398} INFO - Sync 1 DAGs
[2022-06-24 16:10:50,006] {logging_mixin.py:109} INFO - [2022-06-24 16:10:50,006] {dag.py:2937} INFO - Setting next_dagrun for tutorial_etl_dag to None
[2022-06-24 16:10:50,011] {processor.py:171} INFO - Processing /home/airflow/.local/lib/python3.7/site-packages/airflow/example_dags/tutorial_etl_dag.py took 0.035 seconds
[2022-06-24 16:11:20,245] {processor.py:163} INFO - Started process (PID=784) to work on /home/airflow/.local/lib/python3.7/site-packages/airflow/example_dags/tutorial_etl_dag.py
[2022-06-24 16:11:20,245] {processor.py:642} INFO - Processing file /home/airflow/.local/lib/python3.7/site-packages/airflow/example_dags/tutorial_etl_dag.py for tasks to queue
[2022-06-24 16:11:20,246] {logging_mixin.py:109} INFO - [2022-06-24 16:11:20,246] {dagbag.py:500} INFO - Filling up the DagBag from /home/airflow/.local/lib/python3.7/site-packages/airflow/example_dags/tutorial_etl_dag.py
[2022-06-24 16:11:20,254] {processor.py:652} INFO - DAG(s) dict_keys(['tutorial_etl_dag']) retrieved from /home/airflow/.local/lib/python3.7/site-packages/airflow/example_dags/tutorial_etl_dag.py
[2022-06-24 16:11:20,266] {logging_mixin.py:109} INFO - [2022-06-24 16:11:20,266] {dag.py:2398} INFO - Sync 1 DAGs
[2022-06-24 16:11:20,275] {logging_mixin.py:109} INFO - [2022-06-24 16:11:20,275] {dag.py:2937} INFO - Setting next_dagrun for tutorial_etl_dag to None
[2022-06-24 16:11:20,280] {processor.py:171} INFO - Processing /home/airflow/.local/lib/python3.7/site-packages/airflow/example_dags/tutorial_etl_dag.py took 0.037 seconds
[2022-06-24 16:11:50,560] {processor.py:163} INFO - Started process (PID=843) to work on /home/airflow/.local/lib/python3.7/site-packages/airflow/example_dags/tutorial_etl_dag.py
[2022-06-24 16:11:50,561] {processor.py:642} INFO - Processing file /home/airflow/.local/lib/python3.7/site-packages/airflow/example_dags/tutorial_etl_dag.py for tasks to queue
[2022-06-24 16:11:50,561] {logging_mixin.py:109} INFO - [2022-06-24 16:11:50,561] {dagbag.py:500} INFO - Filling up the DagBag from /home/airflow/.local/lib/python3.7/site-packages/airflow/example_dags/tutorial_etl_dag.py
[2022-06-24 16:11:50,570] {processor.py:652} INFO - DAG(s) dict_keys(['tutorial_etl_dag']) retrieved from /home/airflow/.local/lib/python3.7/site-packages/airflow/example_dags/tutorial_etl_dag.py
[2022-06-24 16:11:50,581] {logging_mixin.py:109} INFO - [2022-06-24 16:11:50,581] {dag.py:2398} INFO - Sync 1 DAGs
[2022-06-24 16:11:50,593] {logging_mixin.py:109} INFO - [2022-06-24 16:11:50,593] {dag.py:2937} INFO - Setting next_dagrun for tutorial_etl_dag to None
[2022-06-24 16:11:50,598] {processor.py:171} INFO - Processing /home/airflow/.local/lib/python3.7/site-packages/airflow/example_dags/tutorial_etl_dag.py took 0.040 seconds
[2022-06-24 16:12:20,826] {processor.py:163} INFO - Started process (PID=903) to work on /home/airflow/.local/lib/python3.7/site-packages/airflow/example_dags/tutorial_etl_dag.py
[2022-06-24 16:12:20,828] {processor.py:642} INFO - Processing file /home/airflow/.local/lib/python3.7/site-packages/airflow/example_dags/tutorial_etl_dag.py for tasks to queue
[2022-06-24 16:12:20,829] {logging_mixin.py:109} INFO - [2022-06-24 16:12:20,829] {dagbag.py:500} INFO - Filling up the DagBag from /home/airflow/.local/lib/python3.7/site-packages/airflow/example_dags/tutorial_etl_dag.py
[2022-06-24 16:12:20,842] {processor.py:652} INFO - DAG(s) dict_keys(['tutorial_etl_dag']) retrieved from /home/airflow/.local/lib/python3.7/site-packages/airflow/example_dags/tutorial_etl_dag.py
[2022-06-24 16:12:20,853] {logging_mixin.py:109} INFO - [2022-06-24 16:12:20,853] {dag.py:2398} INFO - Sync 1 DAGs
[2022-06-24 16:12:20,865] {logging_mixin.py:109} INFO - [2022-06-24 16:12:20,865] {dag.py:2937} INFO - Setting next_dagrun for tutorial_etl_dag to None
[2022-06-24 16:12:20,871] {processor.py:171} INFO - Processing /home/airflow/.local/lib/python3.7/site-packages/airflow/example_dags/tutorial_etl_dag.py took 0.049 seconds
[2022-06-24 16:12:51,303] {processor.py:163} INFO - Started process (PID=953) to work on /home/airflow/.local/lib/python3.7/site-packages/airflow/example_dags/tutorial_etl_dag.py
[2022-06-24 16:12:51,305] {processor.py:642} INFO - Processing file /home/airflow/.local/lib/python3.7/site-packages/airflow/example_dags/tutorial_etl_dag.py for tasks to queue
[2022-06-24 16:12:51,305] {logging_mixin.py:109} INFO - [2022-06-24 16:12:51,305] {dagbag.py:500} INFO - Filling up the DagBag from /home/airflow/.local/lib/python3.7/site-packages/airflow/example_dags/tutorial_etl_dag.py
[2022-06-24 16:12:51,314] {processor.py:652} INFO - DAG(s) dict_keys(['tutorial_etl_dag']) retrieved from /home/airflow/.local/lib/python3.7/site-packages/airflow/example_dags/tutorial_etl_dag.py
[2022-06-24 16:12:51,326] {logging_mixin.py:109} INFO - [2022-06-24 16:12:51,326] {dag.py:2398} INFO - Sync 1 DAGs
[2022-06-24 16:12:51,335] {logging_mixin.py:109} INFO - [2022-06-24 16:12:51,335] {dag.py:2937} INFO - Setting next_dagrun for tutorial_etl_dag to None
[2022-06-24 16:12:51,340] {processor.py:171} INFO - Processing /home/airflow/.local/lib/python3.7/site-packages/airflow/example_dags/tutorial_etl_dag.py took 0.038 seconds
[2022-06-24 16:13:22,250] {processor.py:163} INFO - Started process (PID=1014) to work on /home/airflow/.local/lib/python3.7/site-packages/airflow/example_dags/tutorial_etl_dag.py
[2022-06-24 16:13:22,250] {processor.py:642} INFO - Processing file /home/airflow/.local/lib/python3.7/site-packages/airflow/example_dags/tutorial_etl_dag.py for tasks to queue
[2022-06-24 16:13:22,251] {logging_mixin.py:109} INFO - [2022-06-24 16:13:22,251] {dagbag.py:500} INFO - Filling up the DagBag from /home/airflow/.local/lib/python3.7/site-packages/airflow/example_dags/tutorial_etl_dag.py
[2022-06-24 16:13:22,260] {processor.py:652} INFO - DAG(s) dict_keys(['tutorial_etl_dag']) retrieved from /home/airflow/.local/lib/python3.7/site-packages/airflow/example_dags/tutorial_etl_dag.py
[2022-06-24 16:13:22,276] {logging_mixin.py:109} INFO - [2022-06-24 16:13:22,276] {dag.py:2398} INFO - Sync 1 DAGs
[2022-06-24 16:13:22,285] {logging_mixin.py:109} INFO - [2022-06-24 16:13:22,285] {dag.py:2937} INFO - Setting next_dagrun for tutorial_etl_dag to None
[2022-06-24 16:13:22,290] {processor.py:171} INFO - Processing /home/airflow/.local/lib/python3.7/site-packages/airflow/example_dags/tutorial_etl_dag.py took 0.042 seconds
[2022-06-24 16:13:52,678] {processor.py:163} INFO - Started process (PID=1073) to work on /home/airflow/.local/lib/python3.7/site-packages/airflow/example_dags/tutorial_etl_dag.py
[2022-06-24 16:13:52,679] {processor.py:642} INFO - Processing file /home/airflow/.local/lib/python3.7/site-packages/airflow/example_dags/tutorial_etl_dag.py for tasks to queue
[2022-06-24 16:13:52,680] {logging_mixin.py:109} INFO - [2022-06-24 16:13:52,679] {dagbag.py:500} INFO - Filling up the DagBag from /home/airflow/.local/lib/python3.7/site-packages/airflow/example_dags/tutorial_etl_dag.py
[2022-06-24 16:13:52,688] {processor.py:652} INFO - DAG(s) dict_keys(['tutorial_etl_dag']) retrieved from /home/airflow/.local/lib/python3.7/site-packages/airflow/example_dags/tutorial_etl_dag.py
[2022-06-24 16:13:52,699] {logging_mixin.py:109} INFO - [2022-06-24 16:13:52,699] {dag.py:2398} INFO - Sync 1 DAGs
[2022-06-24 16:13:52,709] {logging_mixin.py:109} INFO - [2022-06-24 16:13:52,709] {dag.py:2937} INFO - Setting next_dagrun for tutorial_etl_dag to None
[2022-06-24 16:13:52,714] {processor.py:171} INFO - Processing /home/airflow/.local/lib/python3.7/site-packages/airflow/example_dags/tutorial_etl_dag.py took 0.038 seconds
[2022-06-24 16:14:23,040] {processor.py:163} INFO - Started process (PID=1124) to work on /home/airflow/.local/lib/python3.7/site-packages/airflow/example_dags/tutorial_etl_dag.py
[2022-06-24 16:14:23,043] {processor.py:642} INFO - Processing file /home/airflow/.local/lib/python3.7/site-packages/airflow/example_dags/tutorial_etl_dag.py for tasks to queue
[2022-06-24 16:14:23,044] {logging_mixin.py:109} INFO - [2022-06-24 16:14:23,044] {dagbag.py:500} INFO - Filling up the DagBag from /home/airflow/.local/lib/python3.7/site-packages/airflow/example_dags/tutorial_etl_dag.py
[2022-06-24 16:14:23,055] {processor.py:652} INFO - DAG(s) dict_keys(['tutorial_etl_dag']) retrieved from /home/airflow/.local/lib/python3.7/site-packages/airflow/example_dags/tutorial_etl_dag.py
[2022-06-24 16:14:23,066] {logging_mixin.py:109} INFO - [2022-06-24 16:14:23,066] {dag.py:2398} INFO - Sync 1 DAGs
[2022-06-24 16:14:23,074] {logging_mixin.py:109} INFO - [2022-06-24 16:14:23,074] {dag.py:2937} INFO - Setting next_dagrun for tutorial_etl_dag to None
[2022-06-24 16:14:23,079] {processor.py:171} INFO - Processing /home/airflow/.local/lib/python3.7/site-packages/airflow/example_dags/tutorial_etl_dag.py took 0.043 seconds
[2022-06-24 16:15:28,259] {processor.py:163} INFO - Started process (PID=32) to work on /home/airflow/.local/lib/python3.7/site-packages/airflow/example_dags/tutorial_etl_dag.py
[2022-06-24 16:15:28,259] {processor.py:642} INFO - Processing file /home/airflow/.local/lib/python3.7/site-packages/airflow/example_dags/tutorial_etl_dag.py for tasks to queue
[2022-06-24 16:15:28,260] {logging_mixin.py:109} INFO - [2022-06-24 16:15:28,260] {dagbag.py:500} INFO - Filling up the DagBag from /home/airflow/.local/lib/python3.7/site-packages/airflow/example_dags/tutorial_etl_dag.py
[2022-06-24 16:15:28,271] {processor.py:652} INFO - DAG(s) dict_keys(['tutorial_etl_dag']) retrieved from /home/airflow/.local/lib/python3.7/site-packages/airflow/example_dags/tutorial_etl_dag.py
[2022-06-24 16:15:28,284] {logging_mixin.py:109} INFO - [2022-06-24 16:15:28,284] {dag.py:2398} INFO - Sync 1 DAGs
[2022-06-24 16:15:28,298] {logging_mixin.py:109} INFO - [2022-06-24 16:15:28,298] {dag.py:2937} INFO - Setting next_dagrun for tutorial_etl_dag to None
[2022-06-24 16:15:28,306] {processor.py:171} INFO - Processing /home/airflow/.local/lib/python3.7/site-packages/airflow/example_dags/tutorial_etl_dag.py took 0.049 seconds
[2022-06-24 16:15:58,506] {processor.py:163} INFO - Started process (PID=93) to work on /home/airflow/.local/lib/python3.7/site-packages/airflow/example_dags/tutorial_etl_dag.py
[2022-06-24 16:15:58,507] {processor.py:642} INFO - Processing file /home/airflow/.local/lib/python3.7/site-packages/airflow/example_dags/tutorial_etl_dag.py for tasks to queue
[2022-06-24 16:15:58,507] {logging_mixin.py:109} INFO - [2022-06-24 16:15:58,507] {dagbag.py:500} INFO - Filling up the DagBag from /home/airflow/.local/lib/python3.7/site-packages/airflow/example_dags/tutorial_etl_dag.py
[2022-06-24 16:15:58,517] {processor.py:652} INFO - DAG(s) dict_keys(['tutorial_etl_dag']) retrieved from /home/airflow/.local/lib/python3.7/site-packages/airflow/example_dags/tutorial_etl_dag.py
[2022-06-24 16:15:58,528] {logging_mixin.py:109} INFO - [2022-06-24 16:15:58,528] {dag.py:2398} INFO - Sync 1 DAGs
[2022-06-24 16:15:58,537] {logging_mixin.py:109} INFO - [2022-06-24 16:15:58,537] {dag.py:2937} INFO - Setting next_dagrun for tutorial_etl_dag to None
[2022-06-24 16:15:58,542] {processor.py:171} INFO - Processing /home/airflow/.local/lib/python3.7/site-packages/airflow/example_dags/tutorial_etl_dag.py took 0.038 seconds
[2022-06-24 16:16:29,094] {processor.py:163} INFO - Started process (PID=153) to work on /home/airflow/.local/lib/python3.7/site-packages/airflow/example_dags/tutorial_etl_dag.py
[2022-06-24 16:16:29,095] {processor.py:642} INFO - Processing file /home/airflow/.local/lib/python3.7/site-packages/airflow/example_dags/tutorial_etl_dag.py for tasks to queue
[2022-06-24 16:16:29,095] {logging_mixin.py:109} INFO - [2022-06-24 16:16:29,095] {dagbag.py:500} INFO - Filling up the DagBag from /home/airflow/.local/lib/python3.7/site-packages/airflow/example_dags/tutorial_etl_dag.py
[2022-06-24 16:16:29,109] {processor.py:652} INFO - DAG(s) dict_keys(['tutorial_etl_dag']) retrieved from /home/airflow/.local/lib/python3.7/site-packages/airflow/example_dags/tutorial_etl_dag.py
[2022-06-24 16:16:29,121] {logging_mixin.py:109} INFO - [2022-06-24 16:16:29,121] {dag.py:2398} INFO - Sync 1 DAGs
[2022-06-24 16:16:29,131] {logging_mixin.py:109} INFO - [2022-06-24 16:16:29,131] {dag.py:2937} INFO - Setting next_dagrun for tutorial_etl_dag to None
[2022-06-24 16:16:29,136] {processor.py:171} INFO - Processing /home/airflow/.local/lib/python3.7/site-packages/airflow/example_dags/tutorial_etl_dag.py took 0.044 seconds
[2022-06-24 16:16:59,606] {processor.py:163} INFO - Started process (PID=203) to work on /home/airflow/.local/lib/python3.7/site-packages/airflow/example_dags/tutorial_etl_dag.py
[2022-06-24 16:16:59,607] {processor.py:642} INFO - Processing file /home/airflow/.local/lib/python3.7/site-packages/airflow/example_dags/tutorial_etl_dag.py for tasks to queue
[2022-06-24 16:16:59,607] {logging_mixin.py:109} INFO - [2022-06-24 16:16:59,607] {dagbag.py:500} INFO - Filling up the DagBag from /home/airflow/.local/lib/python3.7/site-packages/airflow/example_dags/tutorial_etl_dag.py
[2022-06-24 16:16:59,615] {processor.py:652} INFO - DAG(s) dict_keys(['tutorial_etl_dag']) retrieved from /home/airflow/.local/lib/python3.7/site-packages/airflow/example_dags/tutorial_etl_dag.py
[2022-06-24 16:16:59,626] {logging_mixin.py:109} INFO - [2022-06-24 16:16:59,626] {dag.py:2398} INFO - Sync 1 DAGs
[2022-06-24 16:16:59,635] {logging_mixin.py:109} INFO - [2022-06-24 16:16:59,635] {dag.py:2937} INFO - Setting next_dagrun for tutorial_etl_dag to None
[2022-06-24 16:16:59,640] {processor.py:171} INFO - Processing /home/airflow/.local/lib/python3.7/site-packages/airflow/example_dags/tutorial_etl_dag.py took 0.036 seconds
[2022-06-24 16:17:30,150] {processor.py:163} INFO - Started process (PID=263) to work on /home/airflow/.local/lib/python3.7/site-packages/airflow/example_dags/tutorial_etl_dag.py
[2022-06-24 16:17:30,154] {processor.py:642} INFO - Processing file /home/airflow/.local/lib/python3.7/site-packages/airflow/example_dags/tutorial_etl_dag.py for tasks to queue
[2022-06-24 16:17:30,154] {logging_mixin.py:109} INFO - [2022-06-24 16:17:30,154] {dagbag.py:500} INFO - Filling up the DagBag from /home/airflow/.local/lib/python3.7/site-packages/airflow/example_dags/tutorial_etl_dag.py
[2022-06-24 16:17:30,162] {processor.py:652} INFO - DAG(s) dict_keys(['tutorial_etl_dag']) retrieved from /home/airflow/.local/lib/python3.7/site-packages/airflow/example_dags/tutorial_etl_dag.py
[2022-06-24 16:17:30,174] {logging_mixin.py:109} INFO - [2022-06-24 16:17:30,174] {dag.py:2398} INFO - Sync 1 DAGs
[2022-06-24 16:17:30,184] {logging_mixin.py:109} INFO - [2022-06-24 16:17:30,184] {dag.py:2937} INFO - Setting next_dagrun for tutorial_etl_dag to None
[2022-06-24 16:17:30,189] {processor.py:171} INFO - Processing /home/airflow/.local/lib/python3.7/site-packages/airflow/example_dags/tutorial_etl_dag.py took 0.040 seconds
[2022-06-24 16:18:00,743] {processor.py:163} INFO - Started process (PID=322) to work on /home/airflow/.local/lib/python3.7/site-packages/airflow/example_dags/tutorial_etl_dag.py
[2022-06-24 16:18:00,744] {processor.py:642} INFO - Processing file /home/airflow/.local/lib/python3.7/site-packages/airflow/example_dags/tutorial_etl_dag.py for tasks to queue
[2022-06-24 16:18:00,744] {logging_mixin.py:109} INFO - [2022-06-24 16:18:00,744] {dagbag.py:500} INFO - Filling up the DagBag from /home/airflow/.local/lib/python3.7/site-packages/airflow/example_dags/tutorial_etl_dag.py
[2022-06-24 16:18:00,755] {processor.py:652} INFO - DAG(s) dict_keys(['tutorial_etl_dag']) retrieved from /home/airflow/.local/lib/python3.7/site-packages/airflow/example_dags/tutorial_etl_dag.py
[2022-06-24 16:18:00,776] {logging_mixin.py:109} INFO - [2022-06-24 16:18:00,776] {dag.py:2398} INFO - Sync 1 DAGs
[2022-06-24 16:18:00,794] {logging_mixin.py:109} INFO - [2022-06-24 16:18:00,794] {dag.py:2937} INFO - Setting next_dagrun for tutorial_etl_dag to None
[2022-06-24 16:18:00,805] {processor.py:171} INFO - Processing /home/airflow/.local/lib/python3.7/site-packages/airflow/example_dags/tutorial_etl_dag.py took 0.064 seconds
[2022-06-24 16:18:31,387] {processor.py:163} INFO - Started process (PID=372) to work on /home/airflow/.local/lib/python3.7/site-packages/airflow/example_dags/tutorial_etl_dag.py
[2022-06-24 16:18:31,387] {processor.py:642} INFO - Processing file /home/airflow/.local/lib/python3.7/site-packages/airflow/example_dags/tutorial_etl_dag.py for tasks to queue
[2022-06-24 16:18:31,388] {logging_mixin.py:109} INFO - [2022-06-24 16:18:31,388] {dagbag.py:500} INFO - Filling up the DagBag from /home/airflow/.local/lib/python3.7/site-packages/airflow/example_dags/tutorial_etl_dag.py
[2022-06-24 16:18:31,396] {processor.py:652} INFO - DAG(s) dict_keys(['tutorial_etl_dag']) retrieved from /home/airflow/.local/lib/python3.7/site-packages/airflow/example_dags/tutorial_etl_dag.py
[2022-06-24 16:18:31,407] {logging_mixin.py:109} INFO - [2022-06-24 16:18:31,407] {dag.py:2398} INFO - Sync 1 DAGs
[2022-06-24 16:18:31,417] {logging_mixin.py:109} INFO - [2022-06-24 16:18:31,417] {dag.py:2937} INFO - Setting next_dagrun for tutorial_etl_dag to None
[2022-06-24 16:18:31,422] {processor.py:171} INFO - Processing /home/airflow/.local/lib/python3.7/site-packages/airflow/example_dags/tutorial_etl_dag.py took 0.037 seconds
[2022-06-24 16:19:02,359] {processor.py:163} INFO - Started process (PID=431) to work on /home/airflow/.local/lib/python3.7/site-packages/airflow/example_dags/tutorial_etl_dag.py
[2022-06-24 16:19:02,360] {processor.py:642} INFO - Processing file /home/airflow/.local/lib/python3.7/site-packages/airflow/example_dags/tutorial_etl_dag.py for tasks to queue
[2022-06-24 16:19:02,361] {logging_mixin.py:109} INFO - [2022-06-24 16:19:02,361] {dagbag.py:500} INFO - Filling up the DagBag from /home/airflow/.local/lib/python3.7/site-packages/airflow/example_dags/tutorial_etl_dag.py
[2022-06-24 16:19:02,369] {processor.py:652} INFO - DAG(s) dict_keys(['tutorial_etl_dag']) retrieved from /home/airflow/.local/lib/python3.7/site-packages/airflow/example_dags/tutorial_etl_dag.py
[2022-06-24 16:19:02,380] {logging_mixin.py:109} INFO - [2022-06-24 16:19:02,380] {dag.py:2398} INFO - Sync 1 DAGs
[2022-06-24 16:19:02,389] {logging_mixin.py:109} INFO - [2022-06-24 16:19:02,389] {dag.py:2937} INFO - Setting next_dagrun for tutorial_etl_dag to None
[2022-06-24 16:19:02,395] {processor.py:171} INFO - Processing /home/airflow/.local/lib/python3.7/site-packages/airflow/example_dags/tutorial_etl_dag.py took 0.038 seconds
[2022-06-24 16:19:32,847] {processor.py:163} INFO - Started process (PID=491) to work on /home/airflow/.local/lib/python3.7/site-packages/airflow/example_dags/tutorial_etl_dag.py
[2022-06-24 16:19:32,848] {processor.py:642} INFO - Processing file /home/airflow/.local/lib/python3.7/site-packages/airflow/example_dags/tutorial_etl_dag.py for tasks to queue
[2022-06-24 16:19:32,848] {logging_mixin.py:109} INFO - [2022-06-24 16:19:32,848] {dagbag.py:500} INFO - Filling up the DagBag from /home/airflow/.local/lib/python3.7/site-packages/airflow/example_dags/tutorial_etl_dag.py
[2022-06-24 16:19:32,863] {processor.py:652} INFO - DAG(s) dict_keys(['tutorial_etl_dag']) retrieved from /home/airflow/.local/lib/python3.7/site-packages/airflow/example_dags/tutorial_etl_dag.py
[2022-06-24 16:19:32,880] {logging_mixin.py:109} INFO - [2022-06-24 16:19:32,880] {dag.py:2398} INFO - Sync 1 DAGs
[2022-06-24 16:19:32,896] {logging_mixin.py:109} INFO - [2022-06-24 16:19:32,896] {dag.py:2937} INFO - Setting next_dagrun for tutorial_etl_dag to None
[2022-06-24 16:19:32,902] {processor.py:171} INFO - Processing /home/airflow/.local/lib/python3.7/site-packages/airflow/example_dags/tutorial_etl_dag.py took 0.057 seconds
[2022-06-24 16:20:03,345] {processor.py:163} INFO - Started process (PID=540) to work on /home/airflow/.local/lib/python3.7/site-packages/airflow/example_dags/tutorial_etl_dag.py
[2022-06-24 16:20:03,346] {processor.py:642} INFO - Processing file /home/airflow/.local/lib/python3.7/site-packages/airflow/example_dags/tutorial_etl_dag.py for tasks to queue
[2022-06-24 16:20:03,346] {logging_mixin.py:109} INFO - [2022-06-24 16:20:03,346] {dagbag.py:500} INFO - Filling up the DagBag from /home/airflow/.local/lib/python3.7/site-packages/airflow/example_dags/tutorial_etl_dag.py
[2022-06-24 16:20:03,354] {processor.py:652} INFO - DAG(s) dict_keys(['tutorial_etl_dag']) retrieved from /home/airflow/.local/lib/python3.7/site-packages/airflow/example_dags/tutorial_etl_dag.py
[2022-06-24 16:20:03,365] {logging_mixin.py:109} INFO - [2022-06-24 16:20:03,365] {dag.py:2398} INFO - Sync 1 DAGs
[2022-06-24 16:20:03,375] {logging_mixin.py:109} INFO - [2022-06-24 16:20:03,375] {dag.py:2937} INFO - Setting next_dagrun for tutorial_etl_dag to None
[2022-06-24 16:20:03,380] {processor.py:171} INFO - Processing /home/airflow/.local/lib/python3.7/site-packages/airflow/example_dags/tutorial_etl_dag.py took 0.036 seconds
[2022-06-24 16:20:33,856] {processor.py:163} INFO - Started process (PID=600) to work on /home/airflow/.local/lib/python3.7/site-packages/airflow/example_dags/tutorial_etl_dag.py
[2022-06-24 16:20:33,856] {processor.py:642} INFO - Processing file /home/airflow/.local/lib/python3.7/site-packages/airflow/example_dags/tutorial_etl_dag.py for tasks to queue
[2022-06-24 16:20:33,857] {logging_mixin.py:109} INFO - [2022-06-24 16:20:33,857] {dagbag.py:500} INFO - Filling up the DagBag from /home/airflow/.local/lib/python3.7/site-packages/airflow/example_dags/tutorial_etl_dag.py
[2022-06-24 16:20:33,865] {processor.py:652} INFO - DAG(s) dict_keys(['tutorial_etl_dag']) retrieved from /home/airflow/.local/lib/python3.7/site-packages/airflow/example_dags/tutorial_etl_dag.py
[2022-06-24 16:20:33,878] {logging_mixin.py:109} INFO - [2022-06-24 16:20:33,878] {dag.py:2398} INFO - Sync 1 DAGs
[2022-06-24 16:20:33,889] {logging_mixin.py:109} INFO - [2022-06-24 16:20:33,889] {dag.py:2937} INFO - Setting next_dagrun for tutorial_etl_dag to None
[2022-06-24 16:20:33,896] {processor.py:171} INFO - Processing /home/airflow/.local/lib/python3.7/site-packages/airflow/example_dags/tutorial_etl_dag.py took 0.042 seconds
[2022-06-24 16:21:04,369] {processor.py:163} INFO - Started process (PID=659) to work on /home/airflow/.local/lib/python3.7/site-packages/airflow/example_dags/tutorial_etl_dag.py
[2022-06-24 16:21:04,370] {processor.py:642} INFO - Processing file /home/airflow/.local/lib/python3.7/site-packages/airflow/example_dags/tutorial_etl_dag.py for tasks to queue
[2022-06-24 16:21:04,370] {logging_mixin.py:109} INFO - [2022-06-24 16:21:04,370] {dagbag.py:500} INFO - Filling up the DagBag from /home/airflow/.local/lib/python3.7/site-packages/airflow/example_dags/tutorial_etl_dag.py
[2022-06-24 16:21:04,379] {processor.py:652} INFO - DAG(s) dict_keys(['tutorial_etl_dag']) retrieved from /home/airflow/.local/lib/python3.7/site-packages/airflow/example_dags/tutorial_etl_dag.py
[2022-06-24 16:21:04,391] {logging_mixin.py:109} INFO - [2022-06-24 16:21:04,391] {dag.py:2398} INFO - Sync 1 DAGs
[2022-06-24 16:21:04,401] {logging_mixin.py:109} INFO - [2022-06-24 16:21:04,401] {dag.py:2937} INFO - Setting next_dagrun for tutorial_etl_dag to None
[2022-06-24 16:21:04,407] {processor.py:171} INFO - Processing /home/airflow/.local/lib/python3.7/site-packages/airflow/example_dags/tutorial_etl_dag.py took 0.040 seconds
[2022-06-24 16:21:34,977] {processor.py:163} INFO - Started process (PID=709) to work on /home/airflow/.local/lib/python3.7/site-packages/airflow/example_dags/tutorial_etl_dag.py
[2022-06-24 16:21:34,980] {processor.py:642} INFO - Processing file /home/airflow/.local/lib/python3.7/site-packages/airflow/example_dags/tutorial_etl_dag.py for tasks to queue
[2022-06-24 16:21:34,980] {logging_mixin.py:109} INFO - [2022-06-24 16:21:34,980] {dagbag.py:500} INFO - Filling up the DagBag from /home/airflow/.local/lib/python3.7/site-packages/airflow/example_dags/tutorial_etl_dag.py
[2022-06-24 16:21:34,988] {processor.py:652} INFO - DAG(s) dict_keys(['tutorial_etl_dag']) retrieved from /home/airflow/.local/lib/python3.7/site-packages/airflow/example_dags/tutorial_etl_dag.py
[2022-06-24 16:21:35,000] {logging_mixin.py:109} INFO - [2022-06-24 16:21:35,000] {dag.py:2398} INFO - Sync 1 DAGs
[2022-06-24 16:21:35,009] {logging_mixin.py:109} INFO - [2022-06-24 16:21:35,009] {dag.py:2937} INFO - Setting next_dagrun for tutorial_etl_dag to None
[2022-06-24 16:21:35,014] {processor.py:171} INFO - Processing /home/airflow/.local/lib/python3.7/site-packages/airflow/example_dags/tutorial_etl_dag.py took 0.039 seconds
[2022-06-24 16:22:05,472] {processor.py:163} INFO - Started process (PID=769) to work on /home/airflow/.local/lib/python3.7/site-packages/airflow/example_dags/tutorial_etl_dag.py
[2022-06-24 16:22:05,472] {processor.py:642} INFO - Processing file /home/airflow/.local/lib/python3.7/site-packages/airflow/example_dags/tutorial_etl_dag.py for tasks to queue
[2022-06-24 16:22:05,473] {logging_mixin.py:109} INFO - [2022-06-24 16:22:05,473] {dagbag.py:500} INFO - Filling up the DagBag from /home/airflow/.local/lib/python3.7/site-packages/airflow/example_dags/tutorial_etl_dag.py
[2022-06-24 16:22:05,482] {processor.py:652} INFO - DAG(s) dict_keys(['tutorial_etl_dag']) retrieved from /home/airflow/.local/lib/python3.7/site-packages/airflow/example_dags/tutorial_etl_dag.py
[2022-06-24 16:22:05,495] {logging_mixin.py:109} INFO - [2022-06-24 16:22:05,494] {dag.py:2398} INFO - Sync 1 DAGs
[2022-06-24 16:22:05,508] {logging_mixin.py:109} INFO - [2022-06-24 16:22:05,508] {dag.py:2937} INFO - Setting next_dagrun for tutorial_etl_dag to None
[2022-06-24 16:22:05,515] {processor.py:171} INFO - Processing /home/airflow/.local/lib/python3.7/site-packages/airflow/example_dags/tutorial_etl_dag.py took 0.046 seconds
[2022-06-24 16:22:36,047] {processor.py:163} INFO - Started process (PID=828) to work on /home/airflow/.local/lib/python3.7/site-packages/airflow/example_dags/tutorial_etl_dag.py
[2022-06-24 16:22:36,048] {processor.py:642} INFO - Processing file /home/airflow/.local/lib/python3.7/site-packages/airflow/example_dags/tutorial_etl_dag.py for tasks to queue
[2022-06-24 16:22:36,048] {logging_mixin.py:109} INFO - [2022-06-24 16:22:36,048] {dagbag.py:500} INFO - Filling up the DagBag from /home/airflow/.local/lib/python3.7/site-packages/airflow/example_dags/tutorial_etl_dag.py
[2022-06-24 16:22:36,059] {processor.py:652} INFO - DAG(s) dict_keys(['tutorial_etl_dag']) retrieved from /home/airflow/.local/lib/python3.7/site-packages/airflow/example_dags/tutorial_etl_dag.py
[2022-06-24 16:22:36,073] {logging_mixin.py:109} INFO - [2022-06-24 16:22:36,073] {dag.py:2398} INFO - Sync 1 DAGs
[2022-06-24 16:22:36,086] {logging_mixin.py:109} INFO - [2022-06-24 16:22:36,086] {dag.py:2937} INFO - Setting next_dagrun for tutorial_etl_dag to None
[2022-06-24 16:22:36,093] {processor.py:171} INFO - Processing /home/airflow/.local/lib/python3.7/site-packages/airflow/example_dags/tutorial_etl_dag.py took 0.048 seconds
[2022-06-24 16:23:06,511] {processor.py:163} INFO - Started process (PID=878) to work on /home/airflow/.local/lib/python3.7/site-packages/airflow/example_dags/tutorial_etl_dag.py
[2022-06-24 16:23:06,512] {processor.py:642} INFO - Processing file /home/airflow/.local/lib/python3.7/site-packages/airflow/example_dags/tutorial_etl_dag.py for tasks to queue
[2022-06-24 16:23:06,512] {logging_mixin.py:109} INFO - [2022-06-24 16:23:06,512] {dagbag.py:500} INFO - Filling up the DagBag from /home/airflow/.local/lib/python3.7/site-packages/airflow/example_dags/tutorial_etl_dag.py
[2022-06-24 16:23:06,521] {processor.py:652} INFO - DAG(s) dict_keys(['tutorial_etl_dag']) retrieved from /home/airflow/.local/lib/python3.7/site-packages/airflow/example_dags/tutorial_etl_dag.py
[2022-06-24 16:23:06,532] {logging_mixin.py:109} INFO - [2022-06-24 16:23:06,532] {dag.py:2398} INFO - Sync 1 DAGs
[2022-06-24 16:23:06,541] {logging_mixin.py:109} INFO - [2022-06-24 16:23:06,541] {dag.py:2937} INFO - Setting next_dagrun for tutorial_etl_dag to None
[2022-06-24 16:23:06,547] {processor.py:171} INFO - Processing /home/airflow/.local/lib/python3.7/site-packages/airflow/example_dags/tutorial_etl_dag.py took 0.037 seconds
[2022-06-24 16:23:37,132] {processor.py:163} INFO - Started process (PID=937) to work on /home/airflow/.local/lib/python3.7/site-packages/airflow/example_dags/tutorial_etl_dag.py
[2022-06-24 16:23:37,132] {processor.py:642} INFO - Processing file /home/airflow/.local/lib/python3.7/site-packages/airflow/example_dags/tutorial_etl_dag.py for tasks to queue
[2022-06-24 16:23:37,133] {logging_mixin.py:109} INFO - [2022-06-24 16:23:37,133] {dagbag.py:500} INFO - Filling up the DagBag from /home/airflow/.local/lib/python3.7/site-packages/airflow/example_dags/tutorial_etl_dag.py
[2022-06-24 16:23:37,141] {processor.py:652} INFO - DAG(s) dict_keys(['tutorial_etl_dag']) retrieved from /home/airflow/.local/lib/python3.7/site-packages/airflow/example_dags/tutorial_etl_dag.py
[2022-06-24 16:23:37,152] {logging_mixin.py:109} INFO - [2022-06-24 16:23:37,152] {dag.py:2398} INFO - Sync 1 DAGs
[2022-06-24 16:23:37,161] {logging_mixin.py:109} INFO - [2022-06-24 16:23:37,161] {dag.py:2937} INFO - Setting next_dagrun for tutorial_etl_dag to None
[2022-06-24 16:23:37,167] {processor.py:171} INFO - Processing /home/airflow/.local/lib/python3.7/site-packages/airflow/example_dags/tutorial_etl_dag.py took 0.037 seconds
[2022-06-24 16:24:07,571] {processor.py:163} INFO - Started process (PID=996) to work on /home/airflow/.local/lib/python3.7/site-packages/airflow/example_dags/tutorial_etl_dag.py
[2022-06-24 16:24:07,572] {processor.py:642} INFO - Processing file /home/airflow/.local/lib/python3.7/site-packages/airflow/example_dags/tutorial_etl_dag.py for tasks to queue
[2022-06-24 16:24:07,573] {logging_mixin.py:109} INFO - [2022-06-24 16:24:07,573] {dagbag.py:500} INFO - Filling up the DagBag from /home/airflow/.local/lib/python3.7/site-packages/airflow/example_dags/tutorial_etl_dag.py
[2022-06-24 16:24:07,585] {processor.py:652} INFO - DAG(s) dict_keys(['tutorial_etl_dag']) retrieved from /home/airflow/.local/lib/python3.7/site-packages/airflow/example_dags/tutorial_etl_dag.py
[2022-06-24 16:24:07,598] {logging_mixin.py:109} INFO - [2022-06-24 16:24:07,598] {dag.py:2398} INFO - Sync 1 DAGs
[2022-06-24 16:24:07,611] {logging_mixin.py:109} INFO - [2022-06-24 16:24:07,611] {dag.py:2937} INFO - Setting next_dagrun for tutorial_etl_dag to None
[2022-06-24 16:24:07,618] {processor.py:171} INFO - Processing /home/airflow/.local/lib/python3.7/site-packages/airflow/example_dags/tutorial_etl_dag.py took 0.049 seconds
[2022-06-24 16:24:38,028] {processor.py:163} INFO - Started process (PID=1046) to work on /home/airflow/.local/lib/python3.7/site-packages/airflow/example_dags/tutorial_etl_dag.py
[2022-06-24 16:24:38,029] {processor.py:642} INFO - Processing file /home/airflow/.local/lib/python3.7/site-packages/airflow/example_dags/tutorial_etl_dag.py for tasks to queue
[2022-06-24 16:24:38,029] {logging_mixin.py:109} INFO - [2022-06-24 16:24:38,029] {dagbag.py:500} INFO - Filling up the DagBag from /home/airflow/.local/lib/python3.7/site-packages/airflow/example_dags/tutorial_etl_dag.py
[2022-06-24 16:24:38,037] {processor.py:652} INFO - DAG(s) dict_keys(['tutorial_etl_dag']) retrieved from /home/airflow/.local/lib/python3.7/site-packages/airflow/example_dags/tutorial_etl_dag.py
[2022-06-24 16:24:38,049] {logging_mixin.py:109} INFO - [2022-06-24 16:24:38,049] {dag.py:2398} INFO - Sync 1 DAGs
[2022-06-24 16:24:38,062] {logging_mixin.py:109} INFO - [2022-06-24 16:24:38,062] {dag.py:2937} INFO - Setting next_dagrun for tutorial_etl_dag to None
[2022-06-24 16:24:38,067] {processor.py:171} INFO - Processing /home/airflow/.local/lib/python3.7/site-packages/airflow/example_dags/tutorial_etl_dag.py took 0.040 seconds
[2022-06-24 16:25:08,598] {processor.py:163} INFO - Started process (PID=1105) to work on /home/airflow/.local/lib/python3.7/site-packages/airflow/example_dags/tutorial_etl_dag.py
[2022-06-24 16:25:08,598] {processor.py:642} INFO - Processing file /home/airflow/.local/lib/python3.7/site-packages/airflow/example_dags/tutorial_etl_dag.py for tasks to queue
[2022-06-24 16:25:08,599] {logging_mixin.py:109} INFO - [2022-06-24 16:25:08,599] {dagbag.py:500} INFO - Filling up the DagBag from /home/airflow/.local/lib/python3.7/site-packages/airflow/example_dags/tutorial_etl_dag.py
[2022-06-24 16:25:08,608] {processor.py:652} INFO - DAG(s) dict_keys(['tutorial_etl_dag']) retrieved from /home/airflow/.local/lib/python3.7/site-packages/airflow/example_dags/tutorial_etl_dag.py
[2022-06-24 16:25:08,621] {logging_mixin.py:109} INFO - [2022-06-24 16:25:08,621] {dag.py:2398} INFO - Sync 1 DAGs
[2022-06-24 16:25:08,630] {logging_mixin.py:109} INFO - [2022-06-24 16:25:08,630] {dag.py:2937} INFO - Setting next_dagrun for tutorial_etl_dag to None
[2022-06-24 16:25:08,636] {processor.py:171} INFO - Processing /home/airflow/.local/lib/python3.7/site-packages/airflow/example_dags/tutorial_etl_dag.py took 0.041 seconds
[2022-06-24 16:25:39,022] {processor.py:163} INFO - Started process (PID=1165) to work on /home/airflow/.local/lib/python3.7/site-packages/airflow/example_dags/tutorial_etl_dag.py
[2022-06-24 16:25:39,023] {processor.py:642} INFO - Processing file /home/airflow/.local/lib/python3.7/site-packages/airflow/example_dags/tutorial_etl_dag.py for tasks to queue
[2022-06-24 16:25:39,023] {logging_mixin.py:109} INFO - [2022-06-24 16:25:39,023] {dagbag.py:500} INFO - Filling up the DagBag from /home/airflow/.local/lib/python3.7/site-packages/airflow/example_dags/tutorial_etl_dag.py
[2022-06-24 16:25:39,035] {processor.py:652} INFO - DAG(s) dict_keys(['tutorial_etl_dag']) retrieved from /home/airflow/.local/lib/python3.7/site-packages/airflow/example_dags/tutorial_etl_dag.py
[2022-06-24 16:25:39,047] {logging_mixin.py:109} INFO - [2022-06-24 16:25:39,047] {dag.py:2398} INFO - Sync 1 DAGs
[2022-06-24 16:25:39,057] {logging_mixin.py:109} INFO - [2022-06-24 16:25:39,057] {dag.py:2937} INFO - Setting next_dagrun for tutorial_etl_dag to None
[2022-06-24 16:25:39,063] {processor.py:171} INFO - Processing /home/airflow/.local/lib/python3.7/site-packages/airflow/example_dags/tutorial_etl_dag.py took 0.043 seconds
[2022-06-24 16:26:09,573] {processor.py:163} INFO - Started process (PID=1216) to work on /home/airflow/.local/lib/python3.7/site-packages/airflow/example_dags/tutorial_etl_dag.py
[2022-06-24 16:26:09,573] {processor.py:642} INFO - Processing file /home/airflow/.local/lib/python3.7/site-packages/airflow/example_dags/tutorial_etl_dag.py for tasks to queue
[2022-06-24 16:26:09,574] {logging_mixin.py:109} INFO - [2022-06-24 16:26:09,574] {dagbag.py:500} INFO - Filling up the DagBag from /home/airflow/.local/lib/python3.7/site-packages/airflow/example_dags/tutorial_etl_dag.py
[2022-06-24 16:26:09,583] {processor.py:652} INFO - DAG(s) dict_keys(['tutorial_etl_dag']) retrieved from /home/airflow/.local/lib/python3.7/site-packages/airflow/example_dags/tutorial_etl_dag.py
[2022-06-24 16:26:09,608] {logging_mixin.py:109} INFO - [2022-06-24 16:26:09,608] {dag.py:2398} INFO - Sync 1 DAGs
[2022-06-24 16:26:09,619] {logging_mixin.py:109} INFO - [2022-06-24 16:26:09,619] {dag.py:2937} INFO - Setting next_dagrun for tutorial_etl_dag to None
[2022-06-24 16:26:09,624] {processor.py:171} INFO - Processing /home/airflow/.local/lib/python3.7/site-packages/airflow/example_dags/tutorial_etl_dag.py took 0.054 seconds
[2022-06-24 16:26:40,152] {processor.py:163} INFO - Started process (PID=1277) to work on /home/airflow/.local/lib/python3.7/site-packages/airflow/example_dags/tutorial_etl_dag.py
[2022-06-24 16:26:40,152] {processor.py:642} INFO - Processing file /home/airflow/.local/lib/python3.7/site-packages/airflow/example_dags/tutorial_etl_dag.py for tasks to queue
[2022-06-24 16:26:40,153] {logging_mixin.py:109} INFO - [2022-06-24 16:26:40,153] {dagbag.py:500} INFO - Filling up the DagBag from /home/airflow/.local/lib/python3.7/site-packages/airflow/example_dags/tutorial_etl_dag.py
[2022-06-24 16:26:40,161] {processor.py:652} INFO - DAG(s) dict_keys(['tutorial_etl_dag']) retrieved from /home/airflow/.local/lib/python3.7/site-packages/airflow/example_dags/tutorial_etl_dag.py
[2022-06-24 16:26:40,172] {logging_mixin.py:109} INFO - [2022-06-24 16:26:40,172] {dag.py:2398} INFO - Sync 1 DAGs
[2022-06-24 16:26:40,181] {logging_mixin.py:109} INFO - [2022-06-24 16:26:40,181] {dag.py:2937} INFO - Setting next_dagrun for tutorial_etl_dag to None
[2022-06-24 16:26:40,186] {processor.py:171} INFO - Processing /home/airflow/.local/lib/python3.7/site-packages/airflow/example_dags/tutorial_etl_dag.py took 0.036 seconds
[2022-06-24 16:27:10,661] {processor.py:163} INFO - Started process (PID=1338) to work on /home/airflow/.local/lib/python3.7/site-packages/airflow/example_dags/tutorial_etl_dag.py
[2022-06-24 16:27:10,662] {processor.py:642} INFO - Processing file /home/airflow/.local/lib/python3.7/site-packages/airflow/example_dags/tutorial_etl_dag.py for tasks to queue
[2022-06-24 16:27:10,662] {logging_mixin.py:109} INFO - [2022-06-24 16:27:10,662] {dagbag.py:500} INFO - Filling up the DagBag from /home/airflow/.local/lib/python3.7/site-packages/airflow/example_dags/tutorial_etl_dag.py
[2022-06-24 16:27:10,671] {processor.py:652} INFO - DAG(s) dict_keys(['tutorial_etl_dag']) retrieved from /home/airflow/.local/lib/python3.7/site-packages/airflow/example_dags/tutorial_etl_dag.py
[2022-06-24 16:27:10,685] {logging_mixin.py:109} INFO - [2022-06-24 16:27:10,685] {dag.py:2398} INFO - Sync 1 DAGs
[2022-06-24 16:27:10,700] {logging_mixin.py:109} INFO - [2022-06-24 16:27:10,700] {dag.py:2937} INFO - Setting next_dagrun for tutorial_etl_dag to None
[2022-06-24 16:27:10,707] {processor.py:171} INFO - Processing /home/airflow/.local/lib/python3.7/site-packages/airflow/example_dags/tutorial_etl_dag.py took 0.048 seconds
[2022-06-24 16:27:41,307] {processor.py:163} INFO - Started process (PID=1388) to work on /home/airflow/.local/lib/python3.7/site-packages/airflow/example_dags/tutorial_etl_dag.py
[2022-06-24 16:27:41,308] {processor.py:642} INFO - Processing file /home/airflow/.local/lib/python3.7/site-packages/airflow/example_dags/tutorial_etl_dag.py for tasks to queue
[2022-06-24 16:27:41,308] {logging_mixin.py:109} INFO - [2022-06-24 16:27:41,308] {dagbag.py:500} INFO - Filling up the DagBag from /home/airflow/.local/lib/python3.7/site-packages/airflow/example_dags/tutorial_etl_dag.py
[2022-06-24 16:27:41,316] {processor.py:652} INFO - DAG(s) dict_keys(['tutorial_etl_dag']) retrieved from /home/airflow/.local/lib/python3.7/site-packages/airflow/example_dags/tutorial_etl_dag.py
[2022-06-24 16:27:41,328] {logging_mixin.py:109} INFO - [2022-06-24 16:27:41,328] {dag.py:2398} INFO - Sync 1 DAGs
[2022-06-24 16:27:41,337] {logging_mixin.py:109} INFO - [2022-06-24 16:27:41,337] {dag.py:2937} INFO - Setting next_dagrun for tutorial_etl_dag to None
[2022-06-24 16:27:41,342] {processor.py:171} INFO - Processing /home/airflow/.local/lib/python3.7/site-packages/airflow/example_dags/tutorial_etl_dag.py took 0.037 seconds
[2022-06-24 16:28:11,797] {processor.py:163} INFO - Started process (PID=1447) to work on /home/airflow/.local/lib/python3.7/site-packages/airflow/example_dags/tutorial_etl_dag.py
[2022-06-24 16:28:11,798] {processor.py:642} INFO - Processing file /home/airflow/.local/lib/python3.7/site-packages/airflow/example_dags/tutorial_etl_dag.py for tasks to queue
[2022-06-24 16:28:11,798] {logging_mixin.py:109} INFO - [2022-06-24 16:28:11,798] {dagbag.py:500} INFO - Filling up the DagBag from /home/airflow/.local/lib/python3.7/site-packages/airflow/example_dags/tutorial_etl_dag.py
[2022-06-24 16:28:11,806] {processor.py:652} INFO - DAG(s) dict_keys(['tutorial_etl_dag']) retrieved from /home/airflow/.local/lib/python3.7/site-packages/airflow/example_dags/tutorial_etl_dag.py
[2022-06-24 16:28:11,818] {logging_mixin.py:109} INFO - [2022-06-24 16:28:11,818] {dag.py:2398} INFO - Sync 1 DAGs
[2022-06-24 16:28:11,830] {logging_mixin.py:109} INFO - [2022-06-24 16:28:11,830] {dag.py:2937} INFO - Setting next_dagrun for tutorial_etl_dag to None
[2022-06-24 16:28:11,837] {processor.py:171} INFO - Processing /home/airflow/.local/lib/python3.7/site-packages/airflow/example_dags/tutorial_etl_dag.py took 0.042 seconds
[2022-06-24 16:28:42,323] {processor.py:163} INFO - Started process (PID=1507) to work on /home/airflow/.local/lib/python3.7/site-packages/airflow/example_dags/tutorial_etl_dag.py
[2022-06-24 16:28:42,324] {processor.py:642} INFO - Processing file /home/airflow/.local/lib/python3.7/site-packages/airflow/example_dags/tutorial_etl_dag.py for tasks to queue
[2022-06-24 16:28:42,324] {logging_mixin.py:109} INFO - [2022-06-24 16:28:42,324] {dagbag.py:500} INFO - Filling up the DagBag from /home/airflow/.local/lib/python3.7/site-packages/airflow/example_dags/tutorial_etl_dag.py
[2022-06-24 16:28:42,334] {processor.py:652} INFO - DAG(s) dict_keys(['tutorial_etl_dag']) retrieved from /home/airflow/.local/lib/python3.7/site-packages/airflow/example_dags/tutorial_etl_dag.py
[2022-06-24 16:28:42,348] {logging_mixin.py:109} INFO - [2022-06-24 16:28:42,348] {dag.py:2398} INFO - Sync 1 DAGs
[2022-06-24 16:28:42,362] {logging_mixin.py:109} INFO - [2022-06-24 16:28:42,362] {dag.py:2937} INFO - Setting next_dagrun for tutorial_etl_dag to None
[2022-06-24 16:28:42,368] {processor.py:171} INFO - Processing /home/airflow/.local/lib/python3.7/site-packages/airflow/example_dags/tutorial_etl_dag.py took 0.048 seconds
[2022-06-24 16:29:12,697] {processor.py:163} INFO - Started process (PID=1558) to work on /home/airflow/.local/lib/python3.7/site-packages/airflow/example_dags/tutorial_etl_dag.py
[2022-06-24 16:29:12,698] {processor.py:642} INFO - Processing file /home/airflow/.local/lib/python3.7/site-packages/airflow/example_dags/tutorial_etl_dag.py for tasks to queue
[2022-06-24 16:29:12,698] {logging_mixin.py:109} INFO - [2022-06-24 16:29:12,698] {dagbag.py:500} INFO - Filling up the DagBag from /home/airflow/.local/lib/python3.7/site-packages/airflow/example_dags/tutorial_etl_dag.py
[2022-06-24 16:29:12,707] {processor.py:652} INFO - DAG(s) dict_keys(['tutorial_etl_dag']) retrieved from /home/airflow/.local/lib/python3.7/site-packages/airflow/example_dags/tutorial_etl_dag.py
[2022-06-24 16:29:12,719] {logging_mixin.py:109} INFO - [2022-06-24 16:29:12,719] {dag.py:2398} INFO - Sync 1 DAGs
[2022-06-24 16:29:12,728] {logging_mixin.py:109} INFO - [2022-06-24 16:29:12,728] {dag.py:2937} INFO - Setting next_dagrun for tutorial_etl_dag to None
[2022-06-24 16:29:12,733] {processor.py:171} INFO - Processing /home/airflow/.local/lib/python3.7/site-packages/airflow/example_dags/tutorial_etl_dag.py took 0.038 seconds
[2022-06-24 16:29:43,254] {processor.py:163} INFO - Started process (PID=1618) to work on /home/airflow/.local/lib/python3.7/site-packages/airflow/example_dags/tutorial_etl_dag.py
[2022-06-24 16:29:43,254] {processor.py:642} INFO - Processing file /home/airflow/.local/lib/python3.7/site-packages/airflow/example_dags/tutorial_etl_dag.py for tasks to queue
[2022-06-24 16:29:43,255] {logging_mixin.py:109} INFO - [2022-06-24 16:29:43,255] {dagbag.py:500} INFO - Filling up the DagBag from /home/airflow/.local/lib/python3.7/site-packages/airflow/example_dags/tutorial_etl_dag.py
[2022-06-24 16:29:43,263] {processor.py:652} INFO - DAG(s) dict_keys(['tutorial_etl_dag']) retrieved from /home/airflow/.local/lib/python3.7/site-packages/airflow/example_dags/tutorial_etl_dag.py
[2022-06-24 16:29:43,274] {logging_mixin.py:109} INFO - [2022-06-24 16:29:43,274] {dag.py:2398} INFO - Sync 1 DAGs
[2022-06-24 16:29:43,284] {logging_mixin.py:109} INFO - [2022-06-24 16:29:43,284] {dag.py:2937} INFO - Setting next_dagrun for tutorial_etl_dag to None
[2022-06-24 16:29:43,289] {processor.py:171} INFO - Processing /home/airflow/.local/lib/python3.7/site-packages/airflow/example_dags/tutorial_etl_dag.py took 0.037 seconds
[2022-06-24 16:30:14,187] {processor.py:163} INFO - Started process (PID=1685) to work on /home/airflow/.local/lib/python3.7/site-packages/airflow/example_dags/tutorial_etl_dag.py
[2022-06-24 16:30:14,188] {processor.py:642} INFO - Processing file /home/airflow/.local/lib/python3.7/site-packages/airflow/example_dags/tutorial_etl_dag.py for tasks to queue
[2022-06-24 16:30:14,189] {logging_mixin.py:109} INFO - [2022-06-24 16:30:14,189] {dagbag.py:500} INFO - Filling up the DagBag from /home/airflow/.local/lib/python3.7/site-packages/airflow/example_dags/tutorial_etl_dag.py
[2022-06-24 16:30:14,200] {processor.py:652} INFO - DAG(s) dict_keys(['tutorial_etl_dag']) retrieved from /home/airflow/.local/lib/python3.7/site-packages/airflow/example_dags/tutorial_etl_dag.py
[2022-06-24 16:30:14,212] {logging_mixin.py:109} INFO - [2022-06-24 16:30:14,212] {dag.py:2398} INFO - Sync 1 DAGs
[2022-06-24 16:30:14,225] {logging_mixin.py:109} INFO - [2022-06-24 16:30:14,225] {dag.py:2937} INFO - Setting next_dagrun for tutorial_etl_dag to None
[2022-06-24 16:30:14,232] {processor.py:171} INFO - Processing /home/airflow/.local/lib/python3.7/site-packages/airflow/example_dags/tutorial_etl_dag.py took 0.047 seconds
[2022-06-24 16:30:44,787] {processor.py:163} INFO - Started process (PID=1736) to work on /home/airflow/.local/lib/python3.7/site-packages/airflow/example_dags/tutorial_etl_dag.py
[2022-06-24 16:30:44,788] {processor.py:642} INFO - Processing file /home/airflow/.local/lib/python3.7/site-packages/airflow/example_dags/tutorial_etl_dag.py for tasks to queue
[2022-06-24 16:30:44,788] {logging_mixin.py:109} INFO - [2022-06-24 16:30:44,788] {dagbag.py:500} INFO - Filling up the DagBag from /home/airflow/.local/lib/python3.7/site-packages/airflow/example_dags/tutorial_etl_dag.py
[2022-06-24 16:30:44,797] {processor.py:652} INFO - DAG(s) dict_keys(['tutorial_etl_dag']) retrieved from /home/airflow/.local/lib/python3.7/site-packages/airflow/example_dags/tutorial_etl_dag.py
[2022-06-24 16:30:44,810] {logging_mixin.py:109} INFO - [2022-06-24 16:30:44,809] {dag.py:2398} INFO - Sync 1 DAGs
[2022-06-24 16:30:44,822] {logging_mixin.py:109} INFO - [2022-06-24 16:30:44,822] {dag.py:2937} INFO - Setting next_dagrun for tutorial_etl_dag to None
[2022-06-24 16:30:44,828] {processor.py:171} INFO - Processing /home/airflow/.local/lib/python3.7/site-packages/airflow/example_dags/tutorial_etl_dag.py took 0.043 seconds
[2022-06-24 16:31:15,434] {processor.py:163} INFO - Started process (PID=1794) to work on /home/airflow/.local/lib/python3.7/site-packages/airflow/example_dags/tutorial_etl_dag.py
[2022-06-24 16:31:15,435] {processor.py:642} INFO - Processing file /home/airflow/.local/lib/python3.7/site-packages/airflow/example_dags/tutorial_etl_dag.py for tasks to queue
[2022-06-24 16:31:15,435] {logging_mixin.py:109} INFO - [2022-06-24 16:31:15,435] {dagbag.py:500} INFO - Filling up the DagBag from /home/airflow/.local/lib/python3.7/site-packages/airflow/example_dags/tutorial_etl_dag.py
[2022-06-24 16:31:15,444] {processor.py:652} INFO - DAG(s) dict_keys(['tutorial_etl_dag']) retrieved from /home/airflow/.local/lib/python3.7/site-packages/airflow/example_dags/tutorial_etl_dag.py
[2022-06-24 16:31:15,457] {logging_mixin.py:109} INFO - [2022-06-24 16:31:15,457] {dag.py:2398} INFO - Sync 1 DAGs
[2022-06-24 16:31:15,469] {logging_mixin.py:109} INFO - [2022-06-24 16:31:15,469] {dag.py:2937} INFO - Setting next_dagrun for tutorial_etl_dag to None
[2022-06-24 16:31:15,475] {processor.py:171} INFO - Processing /home/airflow/.local/lib/python3.7/site-packages/airflow/example_dags/tutorial_etl_dag.py took 0.043 seconds
[2022-06-24 16:31:46,064] {processor.py:163} INFO - Started process (PID=1853) to work on /home/airflow/.local/lib/python3.7/site-packages/airflow/example_dags/tutorial_etl_dag.py
[2022-06-24 16:31:46,064] {processor.py:642} INFO - Processing file /home/airflow/.local/lib/python3.7/site-packages/airflow/example_dags/tutorial_etl_dag.py for tasks to queue
[2022-06-24 16:31:46,065] {logging_mixin.py:109} INFO - [2022-06-24 16:31:46,065] {dagbag.py:500} INFO - Filling up the DagBag from /home/airflow/.local/lib/python3.7/site-packages/airflow/example_dags/tutorial_etl_dag.py
[2022-06-24 16:31:46,074] {processor.py:652} INFO - DAG(s) dict_keys(['tutorial_etl_dag']) retrieved from /home/airflow/.local/lib/python3.7/site-packages/airflow/example_dags/tutorial_etl_dag.py
[2022-06-24 16:31:46,086] {logging_mixin.py:109} INFO - [2022-06-24 16:31:46,086] {dag.py:2398} INFO - Sync 1 DAGs
[2022-06-24 16:31:46,096] {logging_mixin.py:109} INFO - [2022-06-24 16:31:46,096] {dag.py:2937} INFO - Setting next_dagrun for tutorial_etl_dag to None
[2022-06-24 16:31:46,102] {processor.py:171} INFO - Processing /home/airflow/.local/lib/python3.7/site-packages/airflow/example_dags/tutorial_etl_dag.py took 0.041 seconds
[2022-06-24 16:32:16,678] {processor.py:163} INFO - Started process (PID=1903) to work on /home/airflow/.local/lib/python3.7/site-packages/airflow/example_dags/tutorial_etl_dag.py
[2022-06-24 16:32:16,679] {processor.py:642} INFO - Processing file /home/airflow/.local/lib/python3.7/site-packages/airflow/example_dags/tutorial_etl_dag.py for tasks to queue
[2022-06-24 16:32:16,679] {logging_mixin.py:109} INFO - [2022-06-24 16:32:16,679] {dagbag.py:500} INFO - Filling up the DagBag from /home/airflow/.local/lib/python3.7/site-packages/airflow/example_dags/tutorial_etl_dag.py
[2022-06-24 16:32:16,687] {processor.py:652} INFO - DAG(s) dict_keys(['tutorial_etl_dag']) retrieved from /home/airflow/.local/lib/python3.7/site-packages/airflow/example_dags/tutorial_etl_dag.py
[2022-06-24 16:32:16,698] {logging_mixin.py:109} INFO - [2022-06-24 16:32:16,698] {dag.py:2398} INFO - Sync 1 DAGs
[2022-06-24 16:32:16,707] {logging_mixin.py:109} INFO - [2022-06-24 16:32:16,707] {dag.py:2937} INFO - Setting next_dagrun for tutorial_etl_dag to None
[2022-06-24 16:32:16,713] {processor.py:171} INFO - Processing /home/airflow/.local/lib/python3.7/site-packages/airflow/example_dags/tutorial_etl_dag.py took 0.036 seconds
[2022-06-24 16:32:47,418] {processor.py:163} INFO - Started process (PID=1963) to work on /home/airflow/.local/lib/python3.7/site-packages/airflow/example_dags/tutorial_etl_dag.py
[2022-06-24 16:32:47,419] {processor.py:642} INFO - Processing file /home/airflow/.local/lib/python3.7/site-packages/airflow/example_dags/tutorial_etl_dag.py for tasks to queue
[2022-06-24 16:32:47,419] {logging_mixin.py:109} INFO - [2022-06-24 16:32:47,419] {dagbag.py:500} INFO - Filling up the DagBag from /home/airflow/.local/lib/python3.7/site-packages/airflow/example_dags/tutorial_etl_dag.py
[2022-06-24 16:32:47,428] {processor.py:652} INFO - DAG(s) dict_keys(['tutorial_etl_dag']) retrieved from /home/airflow/.local/lib/python3.7/site-packages/airflow/example_dags/tutorial_etl_dag.py
[2022-06-24 16:32:47,439] {logging_mixin.py:109} INFO - [2022-06-24 16:32:47,439] {dag.py:2398} INFO - Sync 1 DAGs
[2022-06-24 16:32:47,448] {logging_mixin.py:109} INFO - [2022-06-24 16:32:47,448] {dag.py:2937} INFO - Setting next_dagrun for tutorial_etl_dag to None
[2022-06-24 16:32:47,453] {processor.py:171} INFO - Processing /home/airflow/.local/lib/python3.7/site-packages/airflow/example_dags/tutorial_etl_dag.py took 0.037 seconds
[2022-06-24 16:33:17,938] {processor.py:163} INFO - Started process (PID=2024) to work on /home/airflow/.local/lib/python3.7/site-packages/airflow/example_dags/tutorial_etl_dag.py
[2022-06-24 16:33:17,939] {processor.py:642} INFO - Processing file /home/airflow/.local/lib/python3.7/site-packages/airflow/example_dags/tutorial_etl_dag.py for tasks to queue
[2022-06-24 16:33:17,939] {logging_mixin.py:109} INFO - [2022-06-24 16:33:17,939] {dagbag.py:500} INFO - Filling up the DagBag from /home/airflow/.local/lib/python3.7/site-packages/airflow/example_dags/tutorial_etl_dag.py
[2022-06-24 16:33:17,951] {processor.py:652} INFO - DAG(s) dict_keys(['tutorial_etl_dag']) retrieved from /home/airflow/.local/lib/python3.7/site-packages/airflow/example_dags/tutorial_etl_dag.py
[2022-06-24 16:33:17,962] {logging_mixin.py:109} INFO - [2022-06-24 16:33:17,962] {dag.py:2398} INFO - Sync 1 DAGs
[2022-06-24 16:33:17,972] {logging_mixin.py:109} INFO - [2022-06-24 16:33:17,972] {dag.py:2937} INFO - Setting next_dagrun for tutorial_etl_dag to None
[2022-06-24 16:33:17,978] {processor.py:171} INFO - Processing /home/airflow/.local/lib/python3.7/site-packages/airflow/example_dags/tutorial_etl_dag.py took 0.043 seconds
[2022-06-24 16:33:48,712] {processor.py:163} INFO - Started process (PID=2075) to work on /home/airflow/.local/lib/python3.7/site-packages/airflow/example_dags/tutorial_etl_dag.py
[2022-06-24 16:33:48,713] {processor.py:642} INFO - Processing file /home/airflow/.local/lib/python3.7/site-packages/airflow/example_dags/tutorial_etl_dag.py for tasks to queue
[2022-06-24 16:33:48,713] {logging_mixin.py:109} INFO - [2022-06-24 16:33:48,713] {dagbag.py:500} INFO - Filling up the DagBag from /home/airflow/.local/lib/python3.7/site-packages/airflow/example_dags/tutorial_etl_dag.py
[2022-06-24 16:33:48,721] {processor.py:652} INFO - DAG(s) dict_keys(['tutorial_etl_dag']) retrieved from /home/airflow/.local/lib/python3.7/site-packages/airflow/example_dags/tutorial_etl_dag.py
[2022-06-24 16:33:48,734] {logging_mixin.py:109} INFO - [2022-06-24 16:33:48,734] {dag.py:2398} INFO - Sync 1 DAGs
[2022-06-24 16:33:48,746] {logging_mixin.py:109} INFO - [2022-06-24 16:33:48,746] {dag.py:2937} INFO - Setting next_dagrun for tutorial_etl_dag to None
[2022-06-24 16:33:48,753] {processor.py:171} INFO - Processing /home/airflow/.local/lib/python3.7/site-packages/airflow/example_dags/tutorial_etl_dag.py took 0.042 seconds
[2022-06-24 16:34:19,249] {processor.py:163} INFO - Started process (PID=2136) to work on /home/airflow/.local/lib/python3.7/site-packages/airflow/example_dags/tutorial_etl_dag.py
[2022-06-24 16:34:19,250] {processor.py:642} INFO - Processing file /home/airflow/.local/lib/python3.7/site-packages/airflow/example_dags/tutorial_etl_dag.py for tasks to queue
[2022-06-24 16:34:19,250] {logging_mixin.py:109} INFO - [2022-06-24 16:34:19,250] {dagbag.py:500} INFO - Filling up the DagBag from /home/airflow/.local/lib/python3.7/site-packages/airflow/example_dags/tutorial_etl_dag.py
[2022-06-24 16:34:19,260] {processor.py:652} INFO - DAG(s) dict_keys(['tutorial_etl_dag']) retrieved from /home/airflow/.local/lib/python3.7/site-packages/airflow/example_dags/tutorial_etl_dag.py
[2022-06-24 16:34:19,274] {logging_mixin.py:109} INFO - [2022-06-24 16:34:19,274] {dag.py:2398} INFO - Sync 1 DAGs
[2022-06-24 16:34:19,288] {logging_mixin.py:109} INFO - [2022-06-24 16:34:19,288] {dag.py:2937} INFO - Setting next_dagrun for tutorial_etl_dag to None
[2022-06-24 16:34:19,295] {processor.py:171} INFO - Processing /home/airflow/.local/lib/python3.7/site-packages/airflow/example_dags/tutorial_etl_dag.py took 0.048 seconds
[2022-06-24 16:34:49,950] {processor.py:163} INFO - Started process (PID=2194) to work on /home/airflow/.local/lib/python3.7/site-packages/airflow/example_dags/tutorial_etl_dag.py
[2022-06-24 16:34:49,951] {processor.py:642} INFO - Processing file /home/airflow/.local/lib/python3.7/site-packages/airflow/example_dags/tutorial_etl_dag.py for tasks to queue
[2022-06-24 16:34:49,951] {logging_mixin.py:109} INFO - [2022-06-24 16:34:49,951] {dagbag.py:500} INFO - Filling up the DagBag from /home/airflow/.local/lib/python3.7/site-packages/airflow/example_dags/tutorial_etl_dag.py
[2022-06-24 16:34:49,963] {processor.py:652} INFO - DAG(s) dict_keys(['tutorial_etl_dag']) retrieved from /home/airflow/.local/lib/python3.7/site-packages/airflow/example_dags/tutorial_etl_dag.py
[2022-06-24 16:34:49,984] {logging_mixin.py:109} INFO - [2022-06-24 16:34:49,984] {dag.py:2398} INFO - Sync 1 DAGs
[2022-06-24 16:34:49,995] {logging_mixin.py:109} INFO - [2022-06-24 16:34:49,995] {dag.py:2937} INFO - Setting next_dagrun for tutorial_etl_dag to None
[2022-06-24 16:34:50,000] {processor.py:171} INFO - Processing /home/airflow/.local/lib/python3.7/site-packages/airflow/example_dags/tutorial_etl_dag.py took 0.052 seconds
[2022-06-24 16:35:20,514] {processor.py:163} INFO - Started process (PID=2246) to work on /home/airflow/.local/lib/python3.7/site-packages/airflow/example_dags/tutorial_etl_dag.py
[2022-06-24 16:35:20,515] {processor.py:642} INFO - Processing file /home/airflow/.local/lib/python3.7/site-packages/airflow/example_dags/tutorial_etl_dag.py for tasks to queue
[2022-06-24 16:35:20,515] {logging_mixin.py:109} INFO - [2022-06-24 16:35:20,515] {dagbag.py:500} INFO - Filling up the DagBag from /home/airflow/.local/lib/python3.7/site-packages/airflow/example_dags/tutorial_etl_dag.py
[2022-06-24 16:35:20,524] {processor.py:652} INFO - DAG(s) dict_keys(['tutorial_etl_dag']) retrieved from /home/airflow/.local/lib/python3.7/site-packages/airflow/example_dags/tutorial_etl_dag.py
[2022-06-24 16:35:20,535] {logging_mixin.py:109} INFO - [2022-06-24 16:35:20,535] {dag.py:2398} INFO - Sync 1 DAGs
[2022-06-24 16:35:20,545] {logging_mixin.py:109} INFO - [2022-06-24 16:35:20,545] {dag.py:2937} INFO - Setting next_dagrun for tutorial_etl_dag to None
[2022-06-24 16:35:20,551] {processor.py:171} INFO - Processing /home/airflow/.local/lib/python3.7/site-packages/airflow/example_dags/tutorial_etl_dag.py took 0.038 seconds
[2022-06-24 16:35:51,078] {processor.py:163} INFO - Started process (PID=2306) to work on /home/airflow/.local/lib/python3.7/site-packages/airflow/example_dags/tutorial_etl_dag.py
[2022-06-24 16:35:51,079] {processor.py:642} INFO - Processing file /home/airflow/.local/lib/python3.7/site-packages/airflow/example_dags/tutorial_etl_dag.py for tasks to queue
[2022-06-24 16:35:51,079] {logging_mixin.py:109} INFO - [2022-06-24 16:35:51,079] {dagbag.py:500} INFO - Filling up the DagBag from /home/airflow/.local/lib/python3.7/site-packages/airflow/example_dags/tutorial_etl_dag.py
[2022-06-24 16:35:51,090] {processor.py:652} INFO - DAG(s) dict_keys(['tutorial_etl_dag']) retrieved from /home/airflow/.local/lib/python3.7/site-packages/airflow/example_dags/tutorial_etl_dag.py
[2022-06-24 16:35:51,101] {logging_mixin.py:109} INFO - [2022-06-24 16:35:51,101] {dag.py:2398} INFO - Sync 1 DAGs
[2022-06-24 16:35:51,112] {logging_mixin.py:109} INFO - [2022-06-24 16:35:51,112] {dag.py:2937} INFO - Setting next_dagrun for tutorial_etl_dag to None
[2022-06-24 16:35:51,118] {processor.py:171} INFO - Processing /home/airflow/.local/lib/python3.7/site-packages/airflow/example_dags/tutorial_etl_dag.py took 0.041 seconds
[2022-06-24 16:36:21,824] {processor.py:163} INFO - Started process (PID=2356) to work on /home/airflow/.local/lib/python3.7/site-packages/airflow/example_dags/tutorial_etl_dag.py
[2022-06-24 16:36:21,824] {processor.py:642} INFO - Processing file /home/airflow/.local/lib/python3.7/site-packages/airflow/example_dags/tutorial_etl_dag.py for tasks to queue
[2022-06-24 16:36:21,825] {logging_mixin.py:109} INFO - [2022-06-24 16:36:21,825] {dagbag.py:500} INFO - Filling up the DagBag from /home/airflow/.local/lib/python3.7/site-packages/airflow/example_dags/tutorial_etl_dag.py
[2022-06-24 16:36:21,833] {processor.py:652} INFO - DAG(s) dict_keys(['tutorial_etl_dag']) retrieved from /home/airflow/.local/lib/python3.7/site-packages/airflow/example_dags/tutorial_etl_dag.py
[2022-06-24 16:36:21,844] {logging_mixin.py:109} INFO - [2022-06-24 16:36:21,844] {dag.py:2398} INFO - Sync 1 DAGs
[2022-06-24 16:36:21,854] {logging_mixin.py:109} INFO - [2022-06-24 16:36:21,854] {dag.py:2937} INFO - Setting next_dagrun for tutorial_etl_dag to None
[2022-06-24 16:36:21,859] {processor.py:171} INFO - Processing /home/airflow/.local/lib/python3.7/site-packages/airflow/example_dags/tutorial_etl_dag.py took 0.037 seconds
[2022-06-24 16:36:52,745] {processor.py:163} INFO - Started process (PID=2416) to work on /home/airflow/.local/lib/python3.7/site-packages/airflow/example_dags/tutorial_etl_dag.py
[2022-06-24 16:36:52,746] {processor.py:642} INFO - Processing file /home/airflow/.local/lib/python3.7/site-packages/airflow/example_dags/tutorial_etl_dag.py for tasks to queue
[2022-06-24 16:36:52,746] {logging_mixin.py:109} INFO - [2022-06-24 16:36:52,746] {dagbag.py:500} INFO - Filling up the DagBag from /home/airflow/.local/lib/python3.7/site-packages/airflow/example_dags/tutorial_etl_dag.py
[2022-06-24 16:36:52,756] {processor.py:652} INFO - DAG(s) dict_keys(['tutorial_etl_dag']) retrieved from /home/airflow/.local/lib/python3.7/site-packages/airflow/example_dags/tutorial_etl_dag.py
[2022-06-24 16:36:52,769] {logging_mixin.py:109} INFO - [2022-06-24 16:36:52,769] {dag.py:2398} INFO - Sync 1 DAGs
[2022-06-24 16:36:52,782] {logging_mixin.py:109} INFO - [2022-06-24 16:36:52,781] {dag.py:2937} INFO - Setting next_dagrun for tutorial_etl_dag to None
[2022-06-24 16:36:52,788] {processor.py:171} INFO - Processing /home/airflow/.local/lib/python3.7/site-packages/airflow/example_dags/tutorial_etl_dag.py took 0.045 seconds
[2022-06-24 16:37:23,504] {processor.py:163} INFO - Started process (PID=2475) to work on /home/airflow/.local/lib/python3.7/site-packages/airflow/example_dags/tutorial_etl_dag.py
[2022-06-24 16:37:23,505] {processor.py:642} INFO - Processing file /home/airflow/.local/lib/python3.7/site-packages/airflow/example_dags/tutorial_etl_dag.py for tasks to queue
[2022-06-24 16:37:23,505] {logging_mixin.py:109} INFO - [2022-06-24 16:37:23,505] {dagbag.py:500} INFO - Filling up the DagBag from /home/airflow/.local/lib/python3.7/site-packages/airflow/example_dags/tutorial_etl_dag.py
[2022-06-24 16:37:23,515] {processor.py:652} INFO - DAG(s) dict_keys(['tutorial_etl_dag']) retrieved from /home/airflow/.local/lib/python3.7/site-packages/airflow/example_dags/tutorial_etl_dag.py
[2022-06-24 16:37:23,525] {logging_mixin.py:109} INFO - [2022-06-24 16:37:23,525] {dag.py:2398} INFO - Sync 1 DAGs
[2022-06-24 16:37:23,540] {logging_mixin.py:109} INFO - [2022-06-24 16:37:23,540] {dag.py:2937} INFO - Setting next_dagrun for tutorial_etl_dag to None
[2022-06-24 16:37:23,546] {processor.py:171} INFO - Processing /home/airflow/.local/lib/python3.7/site-packages/airflow/example_dags/tutorial_etl_dag.py took 0.045 seconds
[2022-06-24 16:37:54,117] {processor.py:163} INFO - Started process (PID=2525) to work on /home/airflow/.local/lib/python3.7/site-packages/airflow/example_dags/tutorial_etl_dag.py
[2022-06-24 16:37:54,118] {processor.py:642} INFO - Processing file /home/airflow/.local/lib/python3.7/site-packages/airflow/example_dags/tutorial_etl_dag.py for tasks to queue
[2022-06-24 16:37:54,119] {logging_mixin.py:109} INFO - [2022-06-24 16:37:54,118] {dagbag.py:500} INFO - Filling up the DagBag from /home/airflow/.local/lib/python3.7/site-packages/airflow/example_dags/tutorial_etl_dag.py
[2022-06-24 16:37:54,132] {processor.py:652} INFO - DAG(s) dict_keys(['tutorial_etl_dag']) retrieved from /home/airflow/.local/lib/python3.7/site-packages/airflow/example_dags/tutorial_etl_dag.py
[2022-06-24 16:37:54,148] {logging_mixin.py:109} INFO - [2022-06-24 16:37:54,148] {dag.py:2398} INFO - Sync 1 DAGs
[2022-06-24 16:37:54,162] {logging_mixin.py:109} INFO - [2022-06-24 16:37:54,162] {dag.py:2937} INFO - Setting next_dagrun for tutorial_etl_dag to None
[2022-06-24 16:37:54,169] {processor.py:171} INFO - Processing /home/airflow/.local/lib/python3.7/site-packages/airflow/example_dags/tutorial_etl_dag.py took 0.054 seconds
[2022-06-24 16:38:25,077] {processor.py:163} INFO - Started process (PID=2586) to work on /home/airflow/.local/lib/python3.7/site-packages/airflow/example_dags/tutorial_etl_dag.py
[2022-06-24 16:38:25,078] {processor.py:642} INFO - Processing file /home/airflow/.local/lib/python3.7/site-packages/airflow/example_dags/tutorial_etl_dag.py for tasks to queue
[2022-06-24 16:38:25,078] {logging_mixin.py:109} INFO - [2022-06-24 16:38:25,078] {dagbag.py:500} INFO - Filling up the DagBag from /home/airflow/.local/lib/python3.7/site-packages/airflow/example_dags/tutorial_etl_dag.py
[2022-06-24 16:38:25,087] {processor.py:652} INFO - DAG(s) dict_keys(['tutorial_etl_dag']) retrieved from /home/airflow/.local/lib/python3.7/site-packages/airflow/example_dags/tutorial_etl_dag.py
[2022-06-24 16:38:25,098] {logging_mixin.py:109} INFO - [2022-06-24 16:38:25,098] {dag.py:2398} INFO - Sync 1 DAGs
[2022-06-24 16:38:25,109] {logging_mixin.py:109} INFO - [2022-06-24 16:38:25,109] {dag.py:2937} INFO - Setting next_dagrun for tutorial_etl_dag to None
[2022-06-24 16:38:25,115] {processor.py:171} INFO - Processing /home/airflow/.local/lib/python3.7/site-packages/airflow/example_dags/tutorial_etl_dag.py took 0.040 seconds
