[2022-07-01 09:31:23,141] {taskinstance.py:1043} INFO - Dependencies all met for <TaskInstance: tutorial_etl_dag.load manual__2022-07-01T09:31:19.817990+00:00 [queued]>
[2022-07-01 09:31:23,154] {taskinstance.py:1043} INFO - Dependencies all met for <TaskInstance: tutorial_etl_dag.load manual__2022-07-01T09:31:19.817990+00:00 [queued]>
[2022-07-01 09:31:23,154] {taskinstance.py:1249} INFO - 
--------------------------------------------------------------------------------
[2022-07-01 09:31:23,154] {taskinstance.py:1250} INFO - Starting attempt 1 of 3
[2022-07-01 09:31:23,154] {taskinstance.py:1251} INFO - 
--------------------------------------------------------------------------------
[2022-07-01 09:31:23,165] {taskinstance.py:1270} INFO - Executing <Task(PythonOperator): load> on 2022-07-01 09:31:19.817990+00:00
[2022-07-01 09:31:23,170] {standard_task_runner.py:52} INFO - Started process 4918 to run task
[2022-07-01 09:31:23,173] {standard_task_runner.py:79} INFO - Running: ['***', 'tasks', 'run', 'tutorial_etl_dag', 'load', 'manual__2022-07-01T09:31:19.817990+00:00', '--job-id', '16', '--raw', '--subdir', '/home/***/.local/lib/python3.7/site-packages/***/example_dags/tutorial_etl_dag.py', '--cfg-path', '/tmp/tmplpoiel9b', '--error-file', '/tmp/tmpa1tdun8_']
[2022-07-01 09:31:23,173] {standard_task_runner.py:80} INFO - Job 16: Subtask load
[2022-07-01 09:31:23,210] {logging_mixin.py:109} INFO - Running <TaskInstance: tutorial_etl_dag.load manual__2022-07-01T09:31:19.817990+00:00 [running]> on host 354cfdc9682d
[2022-07-01 09:31:23,241] {taskinstance.py:1448} INFO - Exporting the following env vars:
AIRFLOW_CTX_DAG_OWNER=***
AIRFLOW_CTX_DAG_ID=tutorial_etl_dag
AIRFLOW_CTX_TASK_ID=load
AIRFLOW_CTX_EXECUTION_DATE=2022-07-01T09:31:19.817990+00:00
AIRFLOW_CTX_DAG_RUN_ID=manual__2022-07-01T09:31:19.817990+00:00
[2022-07-01 09:31:23,248] {logging_mixin.py:109} INFO - {'total_order_value': 1236.7}
[2022-07-01 09:31:23,248] {python.py:175} INFO - Done. Returned value was: None
[2022-07-01 09:31:23,256] {taskinstance.py:1288} INFO - Marking task as SUCCESS. dag_id=tutorial_etl_dag, task_id=load, execution_date=20220701T093119, start_date=20220701T093123, end_date=20220701T093123
[2022-07-01 09:31:23,305] {local_task_job.py:154} INFO - Task exited with return code 0
[2022-07-01 09:31:23,329] {local_task_job.py:264} INFO - 0 downstream tasks scheduled from follow-on schedule check
