[2022-07-13 11:32:01,221] {taskinstance.py:1043} INFO - Dependencies all met for <TaskInstance: example_sla_dag.sleep_20 scheduled__2022-07-13T11:30:00+00:00 [queued]>
[2022-07-13 11:32:01,226] {taskinstance.py:1043} INFO - Dependencies all met for <TaskInstance: example_sla_dag.sleep_20 scheduled__2022-07-13T11:30:00+00:00 [queued]>
[2022-07-13 11:32:01,226] {taskinstance.py:1249} INFO - 
--------------------------------------------------------------------------------
[2022-07-13 11:32:01,226] {taskinstance.py:1250} INFO - Starting attempt 1 of 1
[2022-07-13 11:32:01,226] {taskinstance.py:1251} INFO - 
--------------------------------------------------------------------------------
[2022-07-13 11:32:01,233] {taskinstance.py:1270} INFO - Executing <Task(_PythonDecoratedOperator): sleep_20> on 2022-07-13 11:30:00+00:00
[2022-07-13 11:32:01,237] {standard_task_runner.py:52} INFO - Started process 4992 to run task
[2022-07-13 11:32:01,239] {standard_task_runner.py:79} INFO - Running: ['***', 'tasks', 'run', 'example_sla_dag', 'sleep_20', 'scheduled__2022-07-13T11:30:00+00:00', '--job-id', '22', '--raw', '--subdir', '/home/***/.local/lib/python3.7/site-packages/***/example_dags/example_sla_dag.py', '--cfg-path', '/tmp/tmp4pa6xvzi', '--error-file', '/tmp/tmpqm6rq4nc']
[2022-07-13 11:32:01,239] {standard_task_runner.py:80} INFO - Job 22: Subtask sleep_20
[2022-07-13 11:32:01,272] {logging_mixin.py:109} INFO - Running <TaskInstance: example_sla_dag.sleep_20 scheduled__2022-07-13T11:30:00+00:00 [running]> on host 6e07f662a6b4
[2022-07-13 11:32:01,302] {taskinstance.py:1448} INFO - Exporting the following env vars:
AIRFLOW_CTX_DAG_EMAIL=email@example.com
AIRFLOW_CTX_DAG_OWNER=***
AIRFLOW_CTX_DAG_ID=example_sla_dag
AIRFLOW_CTX_TASK_ID=sleep_20
AIRFLOW_CTX_EXECUTION_DATE=2022-07-13T11:30:00+00:00
AIRFLOW_CTX_DAG_RUN_ID=scheduled__2022-07-13T11:30:00+00:00
[2022-07-13 11:32:21,322] {python.py:175} INFO - Done. Returned value was: None
[2022-07-13 11:32:21,338] {taskinstance.py:1288} INFO - Marking task as SUCCESS. dag_id=example_sla_dag, task_id=sleep_20, execution_date=20220713T113000, start_date=20220713T113201, end_date=20220713T113221
[2022-07-13 11:32:21,374] {local_task_job.py:154} INFO - Task exited with return code 0
[2022-07-13 11:32:21,413] {local_task_job.py:264} INFO - 1 downstream tasks scheduled from follow-on schedule check
