[2022-07-12 05:17:37,410] {taskinstance.py:1043} INFO - Dependencies all met for <TaskInstance: example_complex.delete_entry manual__2022-07-12T05:17:25.362660+00:00 [queued]>
[2022-07-12 05:17:37,419] {taskinstance.py:1043} INFO - Dependencies all met for <TaskInstance: example_complex.delete_entry manual__2022-07-12T05:17:25.362660+00:00 [queued]>
[2022-07-12 05:17:37,419] {taskinstance.py:1249} INFO - 
--------------------------------------------------------------------------------
[2022-07-12 05:17:37,419] {taskinstance.py:1250} INFO - Starting attempt 1 of 1
[2022-07-12 05:17:37,419] {taskinstance.py:1251} INFO - 
--------------------------------------------------------------------------------
[2022-07-12 05:17:37,430] {taskinstance.py:1270} INFO - Executing <Task(BashOperator): delete_entry> on 2022-07-12 05:17:25.362660+00:00
[2022-07-12 05:17:37,434] {standard_task_runner.py:52} INFO - Started process 211 to run task
[2022-07-12 05:17:37,438] {standard_task_runner.py:79} INFO - Running: ['***', 'tasks', 'run', 'example_complex', 'delete_entry', 'manual__2022-07-12T05:17:25.362660+00:00', '--job-id', '39', '--raw', '--subdir', '/home/***/.local/lib/python3.7/site-packages/***/example_dags/example_complex.py', '--cfg-path', '/tmp/tmpp5q3g2j2', '--error-file', '/tmp/tmpv3k_6o34']
[2022-07-12 05:17:37,438] {standard_task_runner.py:80} INFO - Job 39: Subtask delete_entry
[2022-07-12 05:17:37,481] {logging_mixin.py:109} INFO - Running <TaskInstance: example_complex.delete_entry manual__2022-07-12T05:17:25.362660+00:00 [running]> on host 4b3cd1d754ba
[2022-07-12 05:17:37,523] {taskinstance.py:1448} INFO - Exporting the following env vars:
AIRFLOW_CTX_DAG_OWNER=***
AIRFLOW_CTX_DAG_ID=example_complex
AIRFLOW_CTX_TASK_ID=delete_entry
AIRFLOW_CTX_EXECUTION_DATE=2022-07-12T05:17:25.362660+00:00
AIRFLOW_CTX_DAG_RUN_ID=manual__2022-07-12T05:17:25.362660+00:00
[2022-07-12 05:17:37,524] {subprocess.py:62} INFO - Tmp dir root location: 
 /tmp
[2022-07-12 05:17:37,525] {subprocess.py:74} INFO - Running command: ['bash', '-c', 'echo delete_entry']
[2022-07-12 05:17:37,536] {subprocess.py:85} INFO - Output:
[2022-07-12 05:17:37,537] {subprocess.py:89} INFO - delete_entry
[2022-07-12 05:17:37,537] {subprocess.py:93} INFO - Command exited with return code 0
[2022-07-12 05:17:37,559] {taskinstance.py:1288} INFO - Marking task as SUCCESS. dag_id=example_complex, task_id=delete_entry, execution_date=20220712T051725, start_date=20220712T051737, end_date=20220712T051737
[2022-07-12 05:17:37,609] {local_task_job.py:154} INFO - Task exited with return code 0
[2022-07-12 05:17:37,632] {local_task_job.py:264} INFO - 0 downstream tasks scheduled from follow-on schedule check
