[2022-07-08 13:40:26,755] {taskinstance.py:1043} INFO - Dependencies all met for <TaskInstance: example_complex.lookup_entry manual__2022-07-08T13:40:23.747219+00:00 [queued]>
[2022-07-08 13:40:26,762] {taskinstance.py:1043} INFO - Dependencies all met for <TaskInstance: example_complex.lookup_entry manual__2022-07-08T13:40:23.747219+00:00 [queued]>
[2022-07-08 13:40:26,762] {taskinstance.py:1249} INFO - 
--------------------------------------------------------------------------------
[2022-07-08 13:40:26,762] {taskinstance.py:1250} INFO - Starting attempt 1 of 1
[2022-07-08 13:40:26,762] {taskinstance.py:1251} INFO - 
--------------------------------------------------------------------------------
[2022-07-08 13:40:26,771] {taskinstance.py:1270} INFO - Executing <Task(BashOperator): lookup_entry> on 2022-07-08 13:40:23.747219+00:00
[2022-07-08 13:40:26,776] {standard_task_runner.py:52} INFO - Started process 797 to run task
[2022-07-08 13:40:26,778] {standard_task_runner.py:79} INFO - Running: ['***', 'tasks', 'run', 'example_complex', 'lookup_entry', 'manual__2022-07-08T13:40:23.747219+00:00', '--job-id', '19', '--raw', '--subdir', '/home/***/.local/lib/python3.7/site-packages/***/example_dags/example_complex.py', '--cfg-path', '/tmp/tmppc7241gv', '--error-file', '/tmp/tmp2h211h8m']
[2022-07-08 13:40:26,778] {standard_task_runner.py:80} INFO - Job 19: Subtask lookup_entry
[2022-07-08 13:40:26,816] {logging_mixin.py:109} INFO - Running <TaskInstance: example_complex.lookup_entry manual__2022-07-08T13:40:23.747219+00:00 [running]> on host 18ea9465fe18
[2022-07-08 13:40:26,860] {taskinstance.py:1448} INFO - Exporting the following env vars:
AIRFLOW_CTX_DAG_OWNER=***
AIRFLOW_CTX_DAG_ID=example_complex
AIRFLOW_CTX_TASK_ID=lookup_entry
AIRFLOW_CTX_EXECUTION_DATE=2022-07-08T13:40:23.747219+00:00
AIRFLOW_CTX_DAG_RUN_ID=manual__2022-07-08T13:40:23.747219+00:00
[2022-07-08 13:40:26,861] {subprocess.py:62} INFO - Tmp dir root location: 
 /tmp
[2022-07-08 13:40:26,862] {subprocess.py:74} INFO - Running command: ['bash', '-c', 'echo lookup_entry']
[2022-07-08 13:40:26,876] {subprocess.py:85} INFO - Output:
[2022-07-08 13:40:26,877] {subprocess.py:89} INFO - lookup_entry
[2022-07-08 13:40:26,878] {subprocess.py:93} INFO - Command exited with return code 0
[2022-07-08 13:40:26,924] {taskinstance.py:1288} INFO - Marking task as SUCCESS. dag_id=example_complex, task_id=lookup_entry, execution_date=20220708T134023, start_date=20220708T134026, end_date=20220708T134026
[2022-07-08 13:40:26,950] {local_task_job.py:154} INFO - Task exited with return code 0
[2022-07-08 13:40:26,987] {local_task_job.py:264} INFO - 1 downstream tasks scheduled from follow-on schedule check
