[2022-07-08 13:40:30,696] {taskinstance.py:1043} INFO - Dependencies all met for <TaskInstance: example_complex.update_tag manual__2022-07-08T13:40:23.747219+00:00 [queued]>
[2022-07-08 13:40:30,706] {taskinstance.py:1043} INFO - Dependencies all met for <TaskInstance: example_complex.update_tag manual__2022-07-08T13:40:23.747219+00:00 [queued]>
[2022-07-08 13:40:30,706] {taskinstance.py:1249} INFO - 
--------------------------------------------------------------------------------
[2022-07-08 13:40:30,706] {taskinstance.py:1250} INFO - Starting attempt 1 of 1
[2022-07-08 13:40:30,706] {taskinstance.py:1251} INFO - 
--------------------------------------------------------------------------------
[2022-07-08 13:40:30,713] {taskinstance.py:1270} INFO - Executing <Task(BashOperator): update_tag> on 2022-07-08 13:40:23.747219+00:00
[2022-07-08 13:40:30,720] {standard_task_runner.py:52} INFO - Started process 854 to run task
[2022-07-08 13:40:30,722] {standard_task_runner.py:79} INFO - Running: ['***', 'tasks', 'run', 'example_complex', 'update_tag', 'manual__2022-07-08T13:40:23.747219+00:00', '--job-id', '39', '--raw', '--subdir', '/home/***/.local/lib/python3.7/site-packages/***/example_dags/example_complex.py', '--cfg-path', '/tmp/tmpng6z4kot', '--error-file', '/tmp/tmpo25l4coh']
[2022-07-08 13:40:30,723] {standard_task_runner.py:80} INFO - Job 39: Subtask update_tag
[2022-07-08 13:40:30,761] {logging_mixin.py:109} INFO - Running <TaskInstance: example_complex.update_tag manual__2022-07-08T13:40:23.747219+00:00 [running]> on host 18ea9465fe18
[2022-07-08 13:40:30,804] {taskinstance.py:1448} INFO - Exporting the following env vars:
AIRFLOW_CTX_DAG_OWNER=***
AIRFLOW_CTX_DAG_ID=example_complex
AIRFLOW_CTX_TASK_ID=update_tag
AIRFLOW_CTX_EXECUTION_DATE=2022-07-08T13:40:23.747219+00:00
AIRFLOW_CTX_DAG_RUN_ID=manual__2022-07-08T13:40:23.747219+00:00
[2022-07-08 13:40:30,805] {subprocess.py:62} INFO - Tmp dir root location: 
 /tmp
[2022-07-08 13:40:30,806] {subprocess.py:74} INFO - Running command: ['bash', '-c', 'echo update_tag']
[2022-07-08 13:40:30,819] {subprocess.py:85} INFO - Output:
[2022-07-08 13:40:30,820] {subprocess.py:89} INFO - update_tag
[2022-07-08 13:40:30,821] {subprocess.py:93} INFO - Command exited with return code 0
[2022-07-08 13:40:30,842] {taskinstance.py:1288} INFO - Marking task as SUCCESS. dag_id=example_complex, task_id=update_tag, execution_date=20220708T134023, start_date=20220708T134030, end_date=20220708T134030
[2022-07-08 13:40:30,894] {local_task_job.py:154} INFO - Task exited with return code 0
[2022-07-08 13:40:30,931] {local_task_job.py:264} INFO - 0 downstream tasks scheduled from follow-on schedule check
