[2022-07-01 04:37:00,482] {taskinstance.py:1043} INFO - Dependencies all met for <TaskInstance: my_dag.training_model_A manual__2022-07-01T04:36:59.216671+00:00 [queued]>
[2022-07-01 04:37:00,492] {taskinstance.py:1043} INFO - Dependencies all met for <TaskInstance: my_dag.training_model_A manual__2022-07-01T04:36:59.216671+00:00 [queued]>
[2022-07-01 04:37:00,492] {taskinstance.py:1249} INFO - 
--------------------------------------------------------------------------------
[2022-07-01 04:37:00,492] {taskinstance.py:1250} INFO - Starting attempt 1 of 1
[2022-07-01 04:37:00,492] {taskinstance.py:1251} INFO - 
--------------------------------------------------------------------------------
[2022-07-01 04:37:00,500] {taskinstance.py:1270} INFO - Executing <Task(PythonOperator): training_model_A> on 2022-07-01 04:36:59.216671+00:00
[2022-07-01 04:37:00,504] {standard_task_runner.py:52} INFO - Started process 4368 to run task
[2022-07-01 04:37:00,507] {standard_task_runner.py:79} INFO - Running: ['***', 'tasks', 'run', 'my_dag', 'training_model_A', 'manual__2022-07-01T04:36:59.216671+00:00', '--job-id', '34', '--raw', '--subdir', 'DAGS_FOLDER/second_1.py', '--cfg-path', '/tmp/tmp54dfp8w6', '--error-file', '/tmp/tmpnd9wxo_3']
[2022-07-01 04:37:00,507] {standard_task_runner.py:80} INFO - Job 34: Subtask training_model_A
[2022-07-01 04:37:00,542] {logging_mixin.py:109} INFO - Running <TaskInstance: my_dag.training_model_A manual__2022-07-01T04:36:59.216671+00:00 [running]> on host cb1ba423fa3f
[2022-07-01 04:37:00,583] {taskinstance.py:1448} INFO - Exporting the following env vars:
AIRFLOW_CTX_DAG_OWNER=***
AIRFLOW_CTX_DAG_ID=my_dag
AIRFLOW_CTX_TASK_ID=training_model_A
AIRFLOW_CTX_EXECUTION_DATE=2022-07-01T04:36:59.216671+00:00
AIRFLOW_CTX_DAG_RUN_ID=manual__2022-07-01T04:36:59.216671+00:00
[2022-07-01 04:37:00,583] {python.py:175} INFO - Done. Returned value was: 4
[2022-07-01 04:37:00,600] {taskinstance.py:1288} INFO - Marking task as SUCCESS. dag_id=my_dag, task_id=training_model_A, execution_date=20220701T043659, start_date=20220701T043700, end_date=20220701T043700
[2022-07-01 04:37:00,638] {local_task_job.py:154} INFO - Task exited with return code 0
[2022-07-01 04:37:00,667] {local_task_job.py:264} INFO - 1 downstream tasks scheduled from follow-on schedule check
