[2022-06-28 14:16:37,948] {processor.py:163} INFO - Started process (PID=30) to work on /opt/airflow/dags/second_2.py
[2022-06-28 14:16:37,949] {processor.py:642} INFO - Processing file /opt/airflow/dags/second_2.py for tasks to queue
[2022-06-28 14:16:37,949] {logging_mixin.py:109} INFO - [2022-06-28 14:16:37,949] {dagbag.py:500} INFO - Filling up the DagBag from /opt/airflow/dags/second_2.py
[2022-06-28 14:16:37,970] {processor.py:652} INFO - DAG(s) dict_keys(['test']) retrieved from /opt/airflow/dags/second_2.py
[2022-06-28 14:16:37,989] {logging_mixin.py:109} INFO - [2022-06-28 14:16:37,989] {dag.py:2398} INFO - Sync 1 DAGs
[2022-06-28 14:16:38,023] {logging_mixin.py:109} INFO - [2022-06-28 14:16:38,023] {dag.py:2937} INFO - Setting next_dagrun for test to 2022-06-28T00:00:00+00:00
[2022-06-28 14:16:38,031] {processor.py:171} INFO - Processing /opt/airflow/dags/second_2.py took 0.085 seconds
[2022-06-28 14:17:08,860] {processor.py:163} INFO - Started process (PID=118) to work on /opt/airflow/dags/second_2.py
[2022-06-28 14:17:08,860] {processor.py:642} INFO - Processing file /opt/airflow/dags/second_2.py for tasks to queue
[2022-06-28 14:17:08,861] {logging_mixin.py:109} INFO - [2022-06-28 14:17:08,861] {dagbag.py:500} INFO - Filling up the DagBag from /opt/airflow/dags/second_2.py
[2022-06-28 14:17:08,875] {processor.py:652} INFO - DAG(s) dict_keys(['test']) retrieved from /opt/airflow/dags/second_2.py
[2022-06-28 14:17:08,889] {logging_mixin.py:109} INFO - [2022-06-28 14:17:08,889] {dag.py:2398} INFO - Sync 1 DAGs
[2022-06-28 14:17:08,900] {logging_mixin.py:109} INFO - [2022-06-28 14:17:08,900] {dag.py:2937} INFO - Setting next_dagrun for test to 2022-06-28T00:00:00+00:00
[2022-06-28 14:17:08,907] {processor.py:171} INFO - Processing /opt/airflow/dags/second_2.py took 0.050 seconds
[2022-06-28 14:17:39,004] {processor.py:163} INFO - Started process (PID=188) to work on /opt/airflow/dags/second_2.py
[2022-06-28 14:17:39,005] {processor.py:642} INFO - Processing file /opt/airflow/dags/second_2.py for tasks to queue
[2022-06-28 14:17:39,006] {logging_mixin.py:109} INFO - [2022-06-28 14:17:39,006] {dagbag.py:500} INFO - Filling up the DagBag from /opt/airflow/dags/second_2.py
[2022-06-28 14:17:39,019] {processor.py:652} INFO - DAG(s) dict_keys(['test']) retrieved from /opt/airflow/dags/second_2.py
[2022-06-28 14:17:39,032] {logging_mixin.py:109} INFO - [2022-06-28 14:17:39,032] {dag.py:2398} INFO - Sync 1 DAGs
[2022-06-28 14:17:39,044] {logging_mixin.py:109} INFO - [2022-06-28 14:17:39,044] {dag.py:2937} INFO - Setting next_dagrun for test to 2022-06-28T00:00:00+00:00
[2022-06-28 14:17:39,049] {processor.py:171} INFO - Processing /opt/airflow/dags/second_2.py took 0.047 seconds
[2022-06-28 14:18:09,838] {processor.py:163} INFO - Started process (PID=249) to work on /opt/airflow/dags/second_2.py
[2022-06-28 14:18:09,845] {processor.py:642} INFO - Processing file /opt/airflow/dags/second_2.py for tasks to queue
[2022-06-28 14:18:09,846] {logging_mixin.py:109} INFO - [2022-06-28 14:18:09,845] {dagbag.py:500} INFO - Filling up the DagBag from /opt/airflow/dags/second_2.py
[2022-06-28 14:18:09,856] {processor.py:652} INFO - DAG(s) dict_keys(['test']) retrieved from /opt/airflow/dags/second_2.py
[2022-06-28 14:18:09,868] {logging_mixin.py:109} INFO - [2022-06-28 14:18:09,868] {dag.py:2398} INFO - Sync 1 DAGs
[2022-06-28 14:18:09,891] {logging_mixin.py:109} INFO - [2022-06-28 14:18:09,890] {dag.py:2937} INFO - Setting next_dagrun for test to 2022-06-28T00:00:00+00:00
[2022-06-28 14:18:09,896] {processor.py:171} INFO - Processing /opt/airflow/dags/second_2.py took 0.060 seconds
[2022-06-28 14:18:40,639] {processor.py:163} INFO - Started process (PID=319) to work on /opt/airflow/dags/second_2.py
[2022-06-28 14:18:40,640] {processor.py:642} INFO - Processing file /opt/airflow/dags/second_2.py for tasks to queue
[2022-06-28 14:18:40,641] {logging_mixin.py:109} INFO - [2022-06-28 14:18:40,641] {dagbag.py:500} INFO - Filling up the DagBag from /opt/airflow/dags/second_2.py
[2022-06-28 14:18:40,652] {processor.py:652} INFO - DAG(s) dict_keys(['test']) retrieved from /opt/airflow/dags/second_2.py
[2022-06-28 14:18:40,665] {logging_mixin.py:109} INFO - [2022-06-28 14:18:40,665] {dag.py:2398} INFO - Sync 1 DAGs
[2022-06-28 14:18:40,677] {logging_mixin.py:109} INFO - [2022-06-28 14:18:40,677] {dag.py:2937} INFO - Setting next_dagrun for test to 2022-06-28T00:00:00+00:00
[2022-06-28 14:18:40,683] {processor.py:171} INFO - Processing /opt/airflow/dags/second_2.py took 0.046 seconds
[2022-06-28 14:19:11,315] {processor.py:163} INFO - Started process (PID=389) to work on /opt/airflow/dags/second_2.py
[2022-06-28 14:19:11,315] {processor.py:642} INFO - Processing file /opt/airflow/dags/second_2.py for tasks to queue
[2022-06-28 14:19:11,316] {logging_mixin.py:109} INFO - [2022-06-28 14:19:11,315] {dagbag.py:500} INFO - Filling up the DagBag from /opt/airflow/dags/second_2.py
[2022-06-28 14:19:11,326] {processor.py:652} INFO - DAG(s) dict_keys(['test']) retrieved from /opt/airflow/dags/second_2.py
[2022-06-28 14:19:11,339] {logging_mixin.py:109} INFO - [2022-06-28 14:19:11,339] {dag.py:2398} INFO - Sync 1 DAGs
[2022-06-28 14:19:11,351] {logging_mixin.py:109} INFO - [2022-06-28 14:19:11,351] {dag.py:2937} INFO - Setting next_dagrun for test to 2022-06-28T00:00:00+00:00
[2022-06-28 14:19:11,356] {processor.py:171} INFO - Processing /opt/airflow/dags/second_2.py took 0.044 seconds
[2022-06-28 14:19:42,055] {processor.py:163} INFO - Started process (PID=450) to work on /opt/airflow/dags/second_2.py
[2022-06-28 14:19:42,057] {processor.py:642} INFO - Processing file /opt/airflow/dags/second_2.py for tasks to queue
[2022-06-28 14:19:42,057] {logging_mixin.py:109} INFO - [2022-06-28 14:19:42,057] {dagbag.py:500} INFO - Filling up the DagBag from /opt/airflow/dags/second_2.py
[2022-06-28 14:19:42,068] {processor.py:652} INFO - DAG(s) dict_keys(['test']) retrieved from /opt/airflow/dags/second_2.py
[2022-06-28 14:19:42,081] {logging_mixin.py:109} INFO - [2022-06-28 14:19:42,081] {dag.py:2398} INFO - Sync 1 DAGs
[2022-06-28 14:19:42,097] {logging_mixin.py:109} INFO - [2022-06-28 14:19:42,096] {dag.py:2937} INFO - Setting next_dagrun for test to 2022-06-28T00:00:00+00:00
[2022-06-28 14:19:42,103] {processor.py:171} INFO - Processing /opt/airflow/dags/second_2.py took 0.050 seconds
[2022-06-28 14:20:12,809] {processor.py:163} INFO - Started process (PID=520) to work on /opt/airflow/dags/second_2.py
[2022-06-28 14:20:12,810] {processor.py:642} INFO - Processing file /opt/airflow/dags/second_2.py for tasks to queue
[2022-06-28 14:20:12,810] {logging_mixin.py:109} INFO - [2022-06-28 14:20:12,810] {dagbag.py:500} INFO - Filling up the DagBag from /opt/airflow/dags/second_2.py
[2022-06-28 14:20:12,821] {processor.py:652} INFO - DAG(s) dict_keys(['test']) retrieved from /opt/airflow/dags/second_2.py
[2022-06-28 14:20:12,833] {logging_mixin.py:109} INFO - [2022-06-28 14:20:12,833] {dag.py:2398} INFO - Sync 1 DAGs
[2022-06-28 14:20:12,844] {logging_mixin.py:109} INFO - [2022-06-28 14:20:12,844] {dag.py:2937} INFO - Setting next_dagrun for test to 2022-06-28T00:00:00+00:00
[2022-06-28 14:20:12,850] {processor.py:171} INFO - Processing /opt/airflow/dags/second_2.py took 0.043 seconds
[2022-06-28 14:20:43,653] {processor.py:163} INFO - Started process (PID=592) to work on /opt/airflow/dags/second_2.py
[2022-06-28 14:20:43,654] {processor.py:642} INFO - Processing file /opt/airflow/dags/second_2.py for tasks to queue
[2022-06-28 14:20:43,654] {logging_mixin.py:109} INFO - [2022-06-28 14:20:43,654] {dagbag.py:500} INFO - Filling up the DagBag from /opt/airflow/dags/second_2.py
[2022-06-28 14:20:43,665] {processor.py:652} INFO - DAG(s) dict_keys(['test']) retrieved from /opt/airflow/dags/second_2.py
[2022-06-28 14:20:43,678] {logging_mixin.py:109} INFO - [2022-06-28 14:20:43,678] {dag.py:2398} INFO - Sync 1 DAGs
[2022-06-28 14:20:43,690] {logging_mixin.py:109} INFO - [2022-06-28 14:20:43,690] {dag.py:2937} INFO - Setting next_dagrun for test to 2022-06-28T00:00:00+00:00
[2022-06-28 14:20:43,696] {processor.py:171} INFO - Processing /opt/airflow/dags/second_2.py took 0.045 seconds
[2022-06-28 14:21:14,378] {processor.py:163} INFO - Started process (PID=653) to work on /opt/airflow/dags/second_2.py
[2022-06-28 14:21:14,379] {processor.py:642} INFO - Processing file /opt/airflow/dags/second_2.py for tasks to queue
[2022-06-28 14:21:14,380] {logging_mixin.py:109} INFO - [2022-06-28 14:21:14,380] {dagbag.py:500} INFO - Filling up the DagBag from /opt/airflow/dags/second_2.py
[2022-06-28 14:21:14,391] {processor.py:652} INFO - DAG(s) dict_keys(['test']) retrieved from /opt/airflow/dags/second_2.py
[2022-06-28 14:21:14,404] {logging_mixin.py:109} INFO - [2022-06-28 14:21:14,404] {dag.py:2398} INFO - Sync 1 DAGs
[2022-06-28 14:21:14,424] {logging_mixin.py:109} INFO - [2022-06-28 14:21:14,423] {dag.py:2937} INFO - Setting next_dagrun for test to 2022-06-28T00:00:00+00:00
[2022-06-28 14:21:14,430] {processor.py:171} INFO - Processing /opt/airflow/dags/second_2.py took 0.054 seconds
[2022-06-28 14:21:45,087] {processor.py:163} INFO - Started process (PID=723) to work on /opt/airflow/dags/second_2.py
[2022-06-28 14:21:45,088] {processor.py:642} INFO - Processing file /opt/airflow/dags/second_2.py for tasks to queue
[2022-06-28 14:21:45,088] {logging_mixin.py:109} INFO - [2022-06-28 14:21:45,088] {dagbag.py:500} INFO - Filling up the DagBag from /opt/airflow/dags/second_2.py
[2022-06-28 14:21:45,098] {processor.py:652} INFO - DAG(s) dict_keys(['test']) retrieved from /opt/airflow/dags/second_2.py
[2022-06-28 14:21:45,111] {logging_mixin.py:109} INFO - [2022-06-28 14:21:45,111] {dag.py:2398} INFO - Sync 1 DAGs
[2022-06-28 14:21:45,122] {logging_mixin.py:109} INFO - [2022-06-28 14:21:45,122] {dag.py:2937} INFO - Setting next_dagrun for test to 2022-06-28T00:00:00+00:00
[2022-06-28 14:21:45,127] {processor.py:171} INFO - Processing /opt/airflow/dags/second_2.py took 0.042 seconds
[2022-06-28 14:22:16,087] {processor.py:163} INFO - Started process (PID=797) to work on /opt/airflow/dags/second_2.py
[2022-06-28 14:22:16,088] {processor.py:642} INFO - Processing file /opt/airflow/dags/second_2.py for tasks to queue
[2022-06-28 14:22:16,089] {logging_mixin.py:109} INFO - [2022-06-28 14:22:16,088] {dagbag.py:500} INFO - Filling up the DagBag from /opt/airflow/dags/second_2.py
[2022-06-28 14:22:16,100] {processor.py:652} INFO - DAG(s) dict_keys(['test']) retrieved from /opt/airflow/dags/second_2.py
[2022-06-28 14:22:16,113] {logging_mixin.py:109} INFO - [2022-06-28 14:22:16,113] {dag.py:2398} INFO - Sync 1 DAGs
[2022-06-28 14:22:16,124] {logging_mixin.py:109} INFO - [2022-06-28 14:22:16,124] {dag.py:2937} INFO - Setting next_dagrun for test to 2022-06-28T00:00:00+00:00
[2022-06-28 14:22:16,130] {processor.py:171} INFO - Processing /opt/airflow/dags/second_2.py took 0.045 seconds
[2022-06-28 14:22:46,783] {processor.py:163} INFO - Started process (PID=859) to work on /opt/airflow/dags/second_2.py
[2022-06-28 14:22:46,784] {processor.py:642} INFO - Processing file /opt/airflow/dags/second_2.py for tasks to queue
[2022-06-28 14:22:46,784] {logging_mixin.py:109} INFO - [2022-06-28 14:22:46,784] {dagbag.py:500} INFO - Filling up the DagBag from /opt/airflow/dags/second_2.py
[2022-06-28 14:22:46,799] {processor.py:652} INFO - DAG(s) dict_keys(['test']) retrieved from /opt/airflow/dags/second_2.py
[2022-06-28 14:22:46,836] {logging_mixin.py:109} INFO - [2022-06-28 14:22:46,836] {dag.py:2398} INFO - Sync 1 DAGs
[2022-06-28 14:22:46,848] {logging_mixin.py:109} INFO - [2022-06-28 14:22:46,848] {dag.py:2937} INFO - Setting next_dagrun for test to 2022-06-28T00:00:00+00:00
[2022-06-28 14:22:46,854] {processor.py:171} INFO - Processing /opt/airflow/dags/second_2.py took 0.073 seconds
[2022-06-28 14:23:17,571] {processor.py:163} INFO - Started process (PID=929) to work on /opt/airflow/dags/second_2.py
[2022-06-28 14:23:17,572] {processor.py:642} INFO - Processing file /opt/airflow/dags/second_2.py for tasks to queue
[2022-06-28 14:23:17,573] {logging_mixin.py:109} INFO - [2022-06-28 14:23:17,572] {dagbag.py:500} INFO - Filling up the DagBag from /opt/airflow/dags/second_2.py
[2022-06-28 14:23:17,583] {processor.py:652} INFO - DAG(s) dict_keys(['test']) retrieved from /opt/airflow/dags/second_2.py
[2022-06-28 14:23:17,595] {logging_mixin.py:109} INFO - [2022-06-28 14:23:17,595] {dag.py:2398} INFO - Sync 1 DAGs
[2022-06-28 14:23:17,606] {logging_mixin.py:109} INFO - [2022-06-28 14:23:17,606] {dag.py:2937} INFO - Setting next_dagrun for test to 2022-06-28T00:00:00+00:00
[2022-06-28 14:23:17,612] {processor.py:171} INFO - Processing /opt/airflow/dags/second_2.py took 0.043 seconds
[2022-06-28 14:23:51,828] {processor.py:163} INFO - Started process (PID=1000) to work on /opt/airflow/dags/second_2.py
[2022-06-28 14:23:51,833] {processor.py:642} INFO - Processing file /opt/airflow/dags/second_2.py for tasks to queue
[2022-06-28 14:23:51,834] {logging_mixin.py:109} INFO - [2022-06-28 14:23:51,834] {dagbag.py:500} INFO - Filling up the DagBag from /opt/airflow/dags/second_2.py
[2022-06-28 14:23:51,856] {processor.py:652} INFO - DAG(s) dict_keys(['test']) retrieved from /opt/airflow/dags/second_2.py
[2022-06-28 14:23:51,897] {logging_mixin.py:109} INFO - [2022-06-28 14:23:51,896] {dag.py:2398} INFO - Sync 1 DAGs
[2022-06-28 14:23:51,917] {logging_mixin.py:109} INFO - [2022-06-28 14:23:51,917] {dag.py:2937} INFO - Setting next_dagrun for test to 2022-06-28T00:00:00+00:00
[2022-06-28 14:23:51,925] {processor.py:171} INFO - Processing /opt/airflow/dags/second_2.py took 0.100 seconds
[2022-06-28 16:24:46,447] {processor.py:163} INFO - Started process (PID=1062) to work on /opt/airflow/dags/second_2.py
[2022-06-28 16:24:46,448] {processor.py:642} INFO - Processing file /opt/airflow/dags/second_2.py for tasks to queue
[2022-06-28 16:24:46,449] {logging_mixin.py:109} INFO - [2022-06-28 16:24:46,448] {dagbag.py:500} INFO - Filling up the DagBag from /opt/airflow/dags/second_2.py
[2022-06-28 16:24:46,464] {processor.py:652} INFO - DAG(s) dict_keys(['test']) retrieved from /opt/airflow/dags/second_2.py
[2022-06-28 16:24:46,507] {logging_mixin.py:109} INFO - [2022-06-28 16:24:46,507] {dag.py:2398} INFO - Sync 1 DAGs
[2022-06-28 16:24:46,525] {logging_mixin.py:109} INFO - [2022-06-28 16:24:46,524] {dag.py:2937} INFO - Setting next_dagrun for test to 2022-06-28T00:00:00+00:00
[2022-06-28 16:24:46,536] {processor.py:171} INFO - Processing /opt/airflow/dags/second_2.py took 0.091 seconds
[2022-06-28 16:25:16,575] {processor.py:163} INFO - Started process (PID=1132) to work on /opt/airflow/dags/second_2.py
[2022-06-28 16:25:16,576] {processor.py:642} INFO - Processing file /opt/airflow/dags/second_2.py for tasks to queue
[2022-06-28 16:25:16,576] {logging_mixin.py:109} INFO - [2022-06-28 16:25:16,576] {dagbag.py:500} INFO - Filling up the DagBag from /opt/airflow/dags/second_2.py
[2022-06-28 16:25:16,587] {processor.py:652} INFO - DAG(s) dict_keys(['test']) retrieved from /opt/airflow/dags/second_2.py
[2022-06-28 16:25:16,599] {logging_mixin.py:109} INFO - [2022-06-28 16:25:16,599] {dag.py:2398} INFO - Sync 1 DAGs
[2022-06-28 16:25:16,611] {logging_mixin.py:109} INFO - [2022-06-28 16:25:16,611] {dag.py:2937} INFO - Setting next_dagrun for test to 2022-06-28T00:00:00+00:00
[2022-06-28 16:25:16,617] {processor.py:171} INFO - Processing /opt/airflow/dags/second_2.py took 0.044 seconds
