[2022-06-28 14:16:37,953] {processor.py:163} INFO - Started process (PID=31) to work on /opt/airflow/dags/second_1.py
[2022-06-28 14:16:37,953] {processor.py:642} INFO - Processing file /opt/airflow/dags/second_1.py for tasks to queue
[2022-06-28 14:16:37,954] {logging_mixin.py:109} INFO - [2022-06-28 14:16:37,954] {dagbag.py:500} INFO - Filling up the DagBag from /opt/airflow/dags/second_1.py
[2022-06-28 14:16:37,972] {processor.py:652} INFO - DAG(s) dict_keys(['my_dag']) retrieved from /opt/airflow/dags/second_1.py
[2022-06-28 14:16:37,989] {logging_mixin.py:109} INFO - [2022-06-28 14:16:37,989] {dag.py:2398} INFO - Sync 1 DAGs
[2022-06-28 14:16:38,021] {logging_mixin.py:109} INFO - [2022-06-28 14:16:38,021] {dag.py:2937} INFO - Setting next_dagrun for my_dag to 2022-06-28T00:00:00+00:00
[2022-06-28 14:16:38,028] {processor.py:171} INFO - Processing /opt/airflow/dags/second_1.py took 0.078 seconds
[2022-06-28 14:17:08,862] {processor.py:163} INFO - Started process (PID=119) to work on /opt/airflow/dags/second_1.py
[2022-06-28 14:17:08,863] {processor.py:642} INFO - Processing file /opt/airflow/dags/second_1.py for tasks to queue
[2022-06-28 14:17:08,863] {logging_mixin.py:109} INFO - [2022-06-28 14:17:08,863] {dagbag.py:500} INFO - Filling up the DagBag from /opt/airflow/dags/second_1.py
[2022-06-28 14:17:08,875] {processor.py:652} INFO - DAG(s) dict_keys(['my_dag']) retrieved from /opt/airflow/dags/second_1.py
[2022-06-28 14:17:08,889] {logging_mixin.py:109} INFO - [2022-06-28 14:17:08,889] {dag.py:2398} INFO - Sync 1 DAGs
[2022-06-28 14:17:08,900] {logging_mixin.py:109} INFO - [2022-06-28 14:17:08,900] {dag.py:2937} INFO - Setting next_dagrun for my_dag to 2022-06-28T00:00:00+00:00
[2022-06-28 14:17:08,906] {processor.py:171} INFO - Processing /opt/airflow/dags/second_1.py took 0.046 seconds
[2022-06-28 14:17:39,008] {processor.py:163} INFO - Started process (PID=189) to work on /opt/airflow/dags/second_1.py
[2022-06-28 14:17:39,009] {processor.py:642} INFO - Processing file /opt/airflow/dags/second_1.py for tasks to queue
[2022-06-28 14:17:39,009] {logging_mixin.py:109} INFO - [2022-06-28 14:17:39,009] {dagbag.py:500} INFO - Filling up the DagBag from /opt/airflow/dags/second_1.py
[2022-06-28 14:17:39,022] {processor.py:652} INFO - DAG(s) dict_keys(['my_dag']) retrieved from /opt/airflow/dags/second_1.py
[2022-06-28 14:17:39,033] {logging_mixin.py:109} INFO - [2022-06-28 14:17:39,033] {dag.py:2398} INFO - Sync 1 DAGs
[2022-06-28 14:17:39,045] {logging_mixin.py:109} INFO - [2022-06-28 14:17:39,045] {dag.py:2937} INFO - Setting next_dagrun for my_dag to 2022-06-28T00:00:00+00:00
[2022-06-28 14:17:39,051] {processor.py:171} INFO - Processing /opt/airflow/dags/second_1.py took 0.045 seconds
[2022-06-28 14:18:09,841] {processor.py:163} INFO - Started process (PID=250) to work on /opt/airflow/dags/second_1.py
[2022-06-28 14:18:09,845] {processor.py:642} INFO - Processing file /opt/airflow/dags/second_1.py for tasks to queue
[2022-06-28 14:18:09,845] {logging_mixin.py:109} INFO - [2022-06-28 14:18:09,845] {dagbag.py:500} INFO - Filling up the DagBag from /opt/airflow/dags/second_1.py
[2022-06-28 14:18:09,856] {processor.py:652} INFO - DAG(s) dict_keys(['my_dag']) retrieved from /opt/airflow/dags/second_1.py
[2022-06-28 14:18:09,868] {logging_mixin.py:109} INFO - [2022-06-28 14:18:09,868] {dag.py:2398} INFO - Sync 1 DAGs
[2022-06-28 14:18:09,883] {logging_mixin.py:109} INFO - [2022-06-28 14:18:09,883] {dag.py:2937} INFO - Setting next_dagrun for my_dag to 2022-06-28T00:00:00+00:00
[2022-06-28 14:18:09,894] {processor.py:171} INFO - Processing /opt/airflow/dags/second_1.py took 0.054 seconds
[2022-06-28 14:18:40,643] {processor.py:163} INFO - Started process (PID=320) to work on /opt/airflow/dags/second_1.py
[2022-06-28 14:18:40,643] {processor.py:642} INFO - Processing file /opt/airflow/dags/second_1.py for tasks to queue
[2022-06-28 14:18:40,644] {logging_mixin.py:109} INFO - [2022-06-28 14:18:40,644] {dagbag.py:500} INFO - Filling up the DagBag from /opt/airflow/dags/second_1.py
[2022-06-28 14:18:40,654] {processor.py:652} INFO - DAG(s) dict_keys(['my_dag']) retrieved from /opt/airflow/dags/second_1.py
[2022-06-28 14:18:40,666] {logging_mixin.py:109} INFO - [2022-06-28 14:18:40,666] {dag.py:2398} INFO - Sync 1 DAGs
[2022-06-28 14:18:40,678] {logging_mixin.py:109} INFO - [2022-06-28 14:18:40,678] {dag.py:2937} INFO - Setting next_dagrun for my_dag to 2022-06-28T00:00:00+00:00
[2022-06-28 14:18:40,684] {processor.py:171} INFO - Processing /opt/airflow/dags/second_1.py took 0.042 seconds
[2022-06-28 14:19:11,317] {processor.py:163} INFO - Started process (PID=390) to work on /opt/airflow/dags/second_1.py
[2022-06-28 14:19:11,318] {processor.py:642} INFO - Processing file /opt/airflow/dags/second_1.py for tasks to queue
[2022-06-28 14:19:11,318] {logging_mixin.py:109} INFO - [2022-06-28 14:19:11,318] {dagbag.py:500} INFO - Filling up the DagBag from /opt/airflow/dags/second_1.py
[2022-06-28 14:19:11,329] {processor.py:652} INFO - DAG(s) dict_keys(['my_dag']) retrieved from /opt/airflow/dags/second_1.py
[2022-06-28 14:19:11,340] {logging_mixin.py:109} INFO - [2022-06-28 14:19:11,340] {dag.py:2398} INFO - Sync 1 DAGs
[2022-06-28 14:19:11,352] {logging_mixin.py:109} INFO - [2022-06-28 14:19:11,352] {dag.py:2937} INFO - Setting next_dagrun for my_dag to 2022-06-28T00:00:00+00:00
[2022-06-28 14:19:11,357] {processor.py:171} INFO - Processing /opt/airflow/dags/second_1.py took 0.042 seconds
[2022-06-28 14:19:42,059] {processor.py:163} INFO - Started process (PID=451) to work on /opt/airflow/dags/second_1.py
[2022-06-28 14:19:42,059] {processor.py:642} INFO - Processing file /opt/airflow/dags/second_1.py for tasks to queue
[2022-06-28 14:19:42,060] {logging_mixin.py:109} INFO - [2022-06-28 14:19:42,060] {dagbag.py:500} INFO - Filling up the DagBag from /opt/airflow/dags/second_1.py
[2022-06-28 14:19:42,070] {processor.py:652} INFO - DAG(s) dict_keys(['my_dag']) retrieved from /opt/airflow/dags/second_1.py
[2022-06-28 14:19:42,081] {logging_mixin.py:109} INFO - [2022-06-28 14:19:42,081] {dag.py:2398} INFO - Sync 1 DAGs
[2022-06-28 14:19:42,095] {logging_mixin.py:109} INFO - [2022-06-28 14:19:42,095] {dag.py:2937} INFO - Setting next_dagrun for my_dag to 2022-06-28T00:00:00+00:00
[2022-06-28 14:19:42,100] {processor.py:171} INFO - Processing /opt/airflow/dags/second_1.py took 0.043 seconds
[2022-06-28 14:20:12,812] {processor.py:163} INFO - Started process (PID=521) to work on /opt/airflow/dags/second_1.py
[2022-06-28 14:20:12,812] {processor.py:642} INFO - Processing file /opt/airflow/dags/second_1.py for tasks to queue
[2022-06-28 14:20:12,813] {logging_mixin.py:109} INFO - [2022-06-28 14:20:12,813] {dagbag.py:500} INFO - Filling up the DagBag from /opt/airflow/dags/second_1.py
[2022-06-28 14:20:12,823] {processor.py:652} INFO - DAG(s) dict_keys(['my_dag']) retrieved from /opt/airflow/dags/second_1.py
[2022-06-28 14:20:12,834] {logging_mixin.py:109} INFO - [2022-06-28 14:20:12,834] {dag.py:2398} INFO - Sync 1 DAGs
[2022-06-28 14:20:12,845] {logging_mixin.py:109} INFO - [2022-06-28 14:20:12,845] {dag.py:2937} INFO - Setting next_dagrun for my_dag to 2022-06-28T00:00:00+00:00
[2022-06-28 14:20:12,850] {processor.py:171} INFO - Processing /opt/airflow/dags/second_1.py took 0.039 seconds
[2022-06-28 14:20:43,656] {processor.py:163} INFO - Started process (PID=593) to work on /opt/airflow/dags/second_1.py
[2022-06-28 14:20:43,657] {processor.py:642} INFO - Processing file /opt/airflow/dags/second_1.py for tasks to queue
[2022-06-28 14:20:43,657] {logging_mixin.py:109} INFO - [2022-06-28 14:20:43,657] {dagbag.py:500} INFO - Filling up the DagBag from /opt/airflow/dags/second_1.py
[2022-06-28 14:20:43,667] {processor.py:652} INFO - DAG(s) dict_keys(['my_dag']) retrieved from /opt/airflow/dags/second_1.py
[2022-06-28 14:20:43,679] {logging_mixin.py:109} INFO - [2022-06-28 14:20:43,679] {dag.py:2398} INFO - Sync 1 DAGs
[2022-06-28 14:20:43,690] {logging_mixin.py:109} INFO - [2022-06-28 14:20:43,690] {dag.py:2937} INFO - Setting next_dagrun for my_dag to 2022-06-28T00:00:00+00:00
[2022-06-28 14:20:43,696] {processor.py:171} INFO - Processing /opt/airflow/dags/second_1.py took 0.041 seconds
[2022-06-28 14:21:14,382] {processor.py:163} INFO - Started process (PID=654) to work on /opt/airflow/dags/second_1.py
[2022-06-28 14:21:14,383] {processor.py:642} INFO - Processing file /opt/airflow/dags/second_1.py for tasks to queue
[2022-06-28 14:21:14,383] {logging_mixin.py:109} INFO - [2022-06-28 14:21:14,383] {dagbag.py:500} INFO - Filling up the DagBag from /opt/airflow/dags/second_1.py
[2022-06-28 14:21:14,394] {processor.py:652} INFO - DAG(s) dict_keys(['my_dag']) retrieved from /opt/airflow/dags/second_1.py
[2022-06-28 14:21:14,406] {logging_mixin.py:109} INFO - [2022-06-28 14:21:14,406] {dag.py:2398} INFO - Sync 1 DAGs
[2022-06-28 14:21:14,422] {logging_mixin.py:109} INFO - [2022-06-28 14:21:14,422] {dag.py:2937} INFO - Setting next_dagrun for my_dag to 2022-06-28T00:00:00+00:00
[2022-06-28 14:21:14,427] {processor.py:171} INFO - Processing /opt/airflow/dags/second_1.py took 0.047 seconds
[2022-06-28 14:21:45,090] {processor.py:163} INFO - Started process (PID=724) to work on /opt/airflow/dags/second_1.py
[2022-06-28 14:21:45,091] {processor.py:642} INFO - Processing file /opt/airflow/dags/second_1.py for tasks to queue
[2022-06-28 14:21:45,091] {logging_mixin.py:109} INFO - [2022-06-28 14:21:45,091] {dagbag.py:500} INFO - Filling up the DagBag from /opt/airflow/dags/second_1.py
[2022-06-28 14:21:45,101] {processor.py:652} INFO - DAG(s) dict_keys(['my_dag']) retrieved from /opt/airflow/dags/second_1.py
[2022-06-28 14:21:45,112] {logging_mixin.py:109} INFO - [2022-06-28 14:21:45,112] {dag.py:2398} INFO - Sync 1 DAGs
[2022-06-28 14:21:45,123] {logging_mixin.py:109} INFO - [2022-06-28 14:21:45,123] {dag.py:2937} INFO - Setting next_dagrun for my_dag to 2022-06-28T00:00:00+00:00
[2022-06-28 14:21:45,129] {processor.py:171} INFO - Processing /opt/airflow/dags/second_1.py took 0.041 seconds
[2022-06-28 14:22:16,090] {processor.py:163} INFO - Started process (PID=798) to work on /opt/airflow/dags/second_1.py
[2022-06-28 14:22:16,091] {processor.py:642} INFO - Processing file /opt/airflow/dags/second_1.py for tasks to queue
[2022-06-28 14:22:16,091] {logging_mixin.py:109} INFO - [2022-06-28 14:22:16,091] {dagbag.py:500} INFO - Filling up the DagBag from /opt/airflow/dags/second_1.py
[2022-06-28 14:22:16,102] {processor.py:652} INFO - DAG(s) dict_keys(['my_dag']) retrieved from /opt/airflow/dags/second_1.py
[2022-06-28 14:22:16,114] {logging_mixin.py:109} INFO - [2022-06-28 14:22:16,114] {dag.py:2398} INFO - Sync 1 DAGs
[2022-06-28 14:22:16,124] {logging_mixin.py:109} INFO - [2022-06-28 14:22:16,124] {dag.py:2937} INFO - Setting next_dagrun for my_dag to 2022-06-28T00:00:00+00:00
[2022-06-28 14:22:16,129] {processor.py:171} INFO - Processing /opt/airflow/dags/second_1.py took 0.041 seconds
[2022-06-28 14:22:46,795] {processor.py:163} INFO - Started process (PID=860) to work on /opt/airflow/dags/second_1.py
[2022-06-28 14:22:46,800] {processor.py:642} INFO - Processing file /opt/airflow/dags/second_1.py for tasks to queue
[2022-06-28 14:22:46,800] {logging_mixin.py:109} INFO - [2022-06-28 14:22:46,800] {dagbag.py:500} INFO - Filling up the DagBag from /opt/airflow/dags/second_1.py
[2022-06-28 14:22:46,812] {processor.py:652} INFO - DAG(s) dict_keys(['my_dag']) retrieved from /opt/airflow/dags/second_1.py
[2022-06-28 14:22:46,838] {logging_mixin.py:109} INFO - [2022-06-28 14:22:46,838] {dag.py:2398} INFO - Sync 1 DAGs
[2022-06-28 14:22:46,852] {logging_mixin.py:109} INFO - [2022-06-28 14:22:46,852] {dag.py:2937} INFO - Setting next_dagrun for my_dag to 2022-06-28T00:00:00+00:00
[2022-06-28 14:22:46,858] {processor.py:171} INFO - Processing /opt/airflow/dags/second_1.py took 0.065 seconds
[2022-06-28 14:23:17,575] {processor.py:163} INFO - Started process (PID=930) to work on /opt/airflow/dags/second_1.py
[2022-06-28 14:23:17,575] {processor.py:642} INFO - Processing file /opt/airflow/dags/second_1.py for tasks to queue
[2022-06-28 14:23:17,576] {logging_mixin.py:109} INFO - [2022-06-28 14:23:17,576] {dagbag.py:500} INFO - Filling up the DagBag from /opt/airflow/dags/second_1.py
[2022-06-28 14:23:17,586] {processor.py:652} INFO - DAG(s) dict_keys(['my_dag']) retrieved from /opt/airflow/dags/second_1.py
[2022-06-28 14:23:17,597] {logging_mixin.py:109} INFO - [2022-06-28 14:23:17,597] {dag.py:2398} INFO - Sync 1 DAGs
[2022-06-28 14:23:17,607] {logging_mixin.py:109} INFO - [2022-06-28 14:23:17,607] {dag.py:2937} INFO - Setting next_dagrun for my_dag to 2022-06-28T00:00:00+00:00
[2022-06-28 14:23:17,612] {processor.py:171} INFO - Processing /opt/airflow/dags/second_1.py took 0.040 seconds
[2022-06-28 14:23:51,833] {processor.py:163} INFO - Started process (PID=1001) to work on /opt/airflow/dags/second_1.py
[2022-06-28 14:23:51,835] {processor.py:642} INFO - Processing file /opt/airflow/dags/second_1.py for tasks to queue
[2022-06-28 14:23:51,835] {logging_mixin.py:109} INFO - [2022-06-28 14:23:51,835] {dagbag.py:500} INFO - Filling up the DagBag from /opt/airflow/dags/second_1.py
[2022-06-28 14:23:51,853] {processor.py:652} INFO - DAG(s) dict_keys(['my_dag']) retrieved from /opt/airflow/dags/second_1.py
[2022-06-28 14:23:51,897] {logging_mixin.py:109} INFO - [2022-06-28 14:23:51,896] {dag.py:2398} INFO - Sync 1 DAGs
[2022-06-28 14:23:51,920] {logging_mixin.py:109} INFO - [2022-06-28 14:23:51,920] {dag.py:2937} INFO - Setting next_dagrun for my_dag to 2022-06-28T00:00:00+00:00
[2022-06-28 14:23:51,930] {processor.py:171} INFO - Processing /opt/airflow/dags/second_1.py took 0.099 seconds
[2022-06-28 16:24:46,452] {processor.py:163} INFO - Started process (PID=1063) to work on /opt/airflow/dags/second_1.py
[2022-06-28 16:24:46,453] {processor.py:642} INFO - Processing file /opt/airflow/dags/second_1.py for tasks to queue
[2022-06-28 16:24:46,453] {logging_mixin.py:109} INFO - [2022-06-28 16:24:46,453] {dagbag.py:500} INFO - Filling up the DagBag from /opt/airflow/dags/second_1.py
[2022-06-28 16:24:46,469] {processor.py:652} INFO - DAG(s) dict_keys(['my_dag']) retrieved from /opt/airflow/dags/second_1.py
[2022-06-28 16:24:46,506] {logging_mixin.py:109} INFO - [2022-06-28 16:24:46,506] {dag.py:2398} INFO - Sync 1 DAGs
[2022-06-28 16:24:46,524] {logging_mixin.py:109} INFO - [2022-06-28 16:24:46,524] {dag.py:2937} INFO - Setting next_dagrun for my_dag to 2022-06-28T00:00:00+00:00
[2022-06-28 16:24:46,536] {processor.py:171} INFO - Processing /opt/airflow/dags/second_1.py took 0.087 seconds
[2022-06-28 16:25:16,585] {processor.py:163} INFO - Started process (PID=1133) to work on /opt/airflow/dags/second_1.py
[2022-06-28 16:25:16,585] {processor.py:642} INFO - Processing file /opt/airflow/dags/second_1.py for tasks to queue
[2022-06-28 16:25:16,586] {logging_mixin.py:109} INFO - [2022-06-28 16:25:16,586] {dagbag.py:500} INFO - Filling up the DagBag from /opt/airflow/dags/second_1.py
[2022-06-28 16:25:16,596] {processor.py:652} INFO - DAG(s) dict_keys(['my_dag']) retrieved from /opt/airflow/dags/second_1.py
[2022-06-28 16:25:16,608] {logging_mixin.py:109} INFO - [2022-06-28 16:25:16,608] {dag.py:2398} INFO - Sync 1 DAGs
[2022-06-28 16:25:16,621] {logging_mixin.py:109} INFO - [2022-06-28 16:25:16,621] {dag.py:2937} INFO - Setting next_dagrun for my_dag to 2022-06-28T00:00:00+00:00
[2022-06-28 16:25:16,627] {processor.py:171} INFO - Processing /opt/airflow/dags/second_1.py took 0.044 seconds
