[2022-07-01 04:55:43,832] {taskinstance.py:1043} INFO - Dependencies all met for <TaskInstance: first_airflow_dag.get_datetime scheduled__2022-07-01T04:54:00+00:00 [queued]>
[2022-07-01 04:55:43,839] {taskinstance.py:1043} INFO - Dependencies all met for <TaskInstance: first_airflow_dag.get_datetime scheduled__2022-07-01T04:54:00+00:00 [queued]>
[2022-07-01 04:55:43,839] {taskinstance.py:1249} INFO - 
--------------------------------------------------------------------------------
[2022-07-01 04:55:43,840] {taskinstance.py:1250} INFO - Starting attempt 1 of 1
[2022-07-01 04:55:43,840] {taskinstance.py:1251} INFO - 
--------------------------------------------------------------------------------
[2022-07-01 04:55:43,847] {taskinstance.py:1270} INFO - Executing <Task(BashOperator): get_datetime> on 2022-07-01 04:54:00+00:00
[2022-07-01 04:55:43,851] {standard_task_runner.py:52} INFO - Started process 5254 to run task
[2022-07-01 04:55:43,854] {standard_task_runner.py:79} INFO - Running: ['***', 'tasks', 'run', 'first_***_dag', 'get_datetime', 'scheduled__2022-07-01T04:54:00+00:00', '--job-id', '39', '--raw', '--subdir', 'DAGS_FOLDER/firstdemo.py', '--cfg-path', '/tmp/tmpu5f9i563', '--error-file', '/tmp/tmp09j7ua_i']
[2022-07-01 04:55:43,854] {standard_task_runner.py:80} INFO - Job 39: Subtask get_datetime
[2022-07-01 04:55:43,886] {logging_mixin.py:109} INFO - Running <TaskInstance: first_***_dag.get_datetime scheduled__2022-07-01T04:54:00+00:00 [running]> on host cb1ba423fa3f
[2022-07-01 04:55:43,917] {taskinstance.py:1448} INFO - Exporting the following env vars:
AIRFLOW_CTX_DAG_OWNER=***
AIRFLOW_CTX_DAG_ID=first_***_dag
AIRFLOW_CTX_TASK_ID=get_datetime
AIRFLOW_CTX_EXECUTION_DATE=2022-07-01T04:54:00+00:00
AIRFLOW_CTX_DAG_RUN_ID=scheduled__2022-07-01T04:54:00+00:00
[2022-07-01 04:55:43,918] {subprocess.py:62} INFO - Tmp dir root location: 
 /tmp
[2022-07-01 04:55:43,919] {subprocess.py:74} INFO - Running command: ['bash', '-c', 'date']
[2022-07-01 04:55:43,927] {subprocess.py:85} INFO - Output:
[2022-07-01 04:55:43,929] {subprocess.py:89} INFO - Fri Jul  1 04:55:43 UTC 2022
[2022-07-01 04:55:43,929] {subprocess.py:93} INFO - Command exited with return code 0
[2022-07-01 04:55:43,946] {taskinstance.py:1288} INFO - Marking task as SUCCESS. dag_id=first_***_dag, task_id=get_datetime, execution_date=20220701T045400, start_date=20220701T045543, end_date=20220701T045543
[2022-07-01 04:55:43,985] {local_task_job.py:154} INFO - Task exited with return code 0
[2022-07-01 04:55:44,005] {local_task_job.py:264} INFO - 0 downstream tasks scheduled from follow-on schedule check
