[2022-07-08 13:40:28,292] {taskinstance.py:1043} INFO - Dependencies all met for <TaskInstance: example_complex.create_tag_template_result manual__2022-07-08T13:40:23.747219+00:00 [queued]>
[2022-07-08 13:40:28,303] {taskinstance.py:1043} INFO - Dependencies all met for <TaskInstance: example_complex.create_tag_template_result manual__2022-07-08T13:40:23.747219+00:00 [queued]>
[2022-07-08 13:40:28,303] {taskinstance.py:1249} INFO - 
--------------------------------------------------------------------------------
[2022-07-08 13:40:28,303] {taskinstance.py:1250} INFO - Starting attempt 1 of 1
[2022-07-08 13:40:28,303] {taskinstance.py:1251} INFO - 
--------------------------------------------------------------------------------
[2022-07-08 13:40:28,313] {taskinstance.py:1270} INFO - Executing <Task(BashOperator): create_tag_template_result> on 2022-07-08 13:40:23.747219+00:00
[2022-07-08 13:40:28,318] {standard_task_runner.py:52} INFO - Started process 826 to run task
[2022-07-08 13:40:28,321] {standard_task_runner.py:79} INFO - Running: ['***', 'tasks', 'run', 'example_complex', 'create_tag_template_result', 'manual__2022-07-08T13:40:23.747219+00:00', '--job-id', '32', '--raw', '--subdir', '/home/***/.local/lib/python3.7/site-packages/***/example_dags/example_complex.py', '--cfg-path', '/tmp/tmp5my6mams', '--error-file', '/tmp/tmp66bwt0lt']
[2022-07-08 13:40:28,321] {standard_task_runner.py:80} INFO - Job 32: Subtask create_tag_template_result
[2022-07-08 13:40:28,362] {logging_mixin.py:109} INFO - Running <TaskInstance: example_complex.create_tag_template_result manual__2022-07-08T13:40:23.747219+00:00 [running]> on host 18ea9465fe18
[2022-07-08 13:40:28,401] {taskinstance.py:1448} INFO - Exporting the following env vars:
AIRFLOW_CTX_DAG_OWNER=***
AIRFLOW_CTX_DAG_ID=example_complex
AIRFLOW_CTX_TASK_ID=create_tag_template_result
AIRFLOW_CTX_EXECUTION_DATE=2022-07-08T13:40:23.747219+00:00
AIRFLOW_CTX_DAG_RUN_ID=manual__2022-07-08T13:40:23.747219+00:00
[2022-07-08 13:40:28,402] {subprocess.py:62} INFO - Tmp dir root location: 
 /tmp
[2022-07-08 13:40:28,402] {subprocess.py:74} INFO - Running command: ['bash', '-c', 'echo create_tag_template_result']
[2022-07-08 13:40:28,411] {subprocess.py:85} INFO - Output:
[2022-07-08 13:40:28,412] {subprocess.py:89} INFO - create_tag_template_result
[2022-07-08 13:40:28,413] {subprocess.py:93} INFO - Command exited with return code 0
[2022-07-08 13:40:28,439] {taskinstance.py:1288} INFO - Marking task as SUCCESS. dag_id=example_complex, task_id=create_tag_template_result, execution_date=20220708T134023, start_date=20220708T134028, end_date=20220708T134028
[2022-07-08 13:40:28,492] {local_task_job.py:154} INFO - Task exited with return code 0
[2022-07-08 13:40:28,511] {local_task_job.py:264} INFO - 0 downstream tasks scheduled from follow-on schedule check
