[2022-06-28 14:16:43,723] {taskinstance.py:1043} INFO - Dependencies all met for <TaskInstance: my_dag.training_model_C scheduled__2022-06-27T00:00:00+00:00 [queued]>
[2022-06-28 14:16:43,755] {taskinstance.py:1043} INFO - Dependencies all met for <TaskInstance: my_dag.training_model_C scheduled__2022-06-27T00:00:00+00:00 [queued]>
[2022-06-28 14:16:43,755] {taskinstance.py:1249} INFO - 
--------------------------------------------------------------------------------
[2022-06-28 14:16:43,755] {taskinstance.py:1250} INFO - Starting attempt 1 of 1
[2022-06-28 14:16:43,755] {taskinstance.py:1251} INFO - 
--------------------------------------------------------------------------------
[2022-06-28 14:16:43,789] {taskinstance.py:1270} INFO - Executing <Task(PythonOperator): training_model_C> on 2022-06-27 00:00:00+00:00
[2022-06-28 14:16:43,795] {standard_task_runner.py:52} INFO - Started process 77 to run task
[2022-06-28 14:16:43,815] {standard_task_runner.py:79} INFO - Running: ['***', 'tasks', 'run', 'my_dag', 'training_model_C', 'scheduled__2022-06-27T00:00:00+00:00', '--job-id', '209', '--raw', '--subdir', 'DAGS_FOLDER/second_1.py', '--cfg-path', '/tmp/tmp9sy_9j78', '--error-file', '/tmp/tmpafxhh65x']
[2022-06-28 14:16:43,815] {standard_task_runner.py:80} INFO - Job 209: Subtask training_model_C
[2022-06-28 14:16:43,940] {logging_mixin.py:109} INFO - Running <TaskInstance: my_dag.training_model_C scheduled__2022-06-27T00:00:00+00:00 [running]> on host ca68cb5b3870
[2022-06-28 14:16:44,042] {taskinstance.py:1448} INFO - Exporting the following env vars:
AIRFLOW_CTX_DAG_OWNER=***
AIRFLOW_CTX_DAG_ID=my_dag
AIRFLOW_CTX_TASK_ID=training_model_C
AIRFLOW_CTX_EXECUTION_DATE=2022-06-27T00:00:00+00:00
AIRFLOW_CTX_DAG_RUN_ID=scheduled__2022-06-27T00:00:00+00:00
[2022-06-28 14:16:44,042] {python.py:175} INFO - Done. Returned value was: 9
[2022-06-28 14:16:44,093] {taskinstance.py:1288} INFO - Marking task as SUCCESS. dag_id=my_dag, task_id=training_model_C, execution_date=20220627T000000, start_date=20220628T141643, end_date=20220628T141644
[2022-06-28 14:16:44,144] {local_task_job.py:154} INFO - Task exited with return code 0
[2022-06-28 14:16:44,226] {local_task_job.py:264} INFO - 0 downstream tasks scheduled from follow-on schedule check
