[2022-07-08 13:40:25,392] {taskinstance.py:1043} INFO - Dependencies all met for <TaskInstance: example_complex.create_entry_gcs manual__2022-07-08T13:40:23.747219+00:00 [queued]>
[2022-07-08 13:40:25,401] {taskinstance.py:1043} INFO - Dependencies all met for <TaskInstance: example_complex.create_entry_gcs manual__2022-07-08T13:40:23.747219+00:00 [queued]>
[2022-07-08 13:40:25,401] {taskinstance.py:1249} INFO - 
--------------------------------------------------------------------------------
[2022-07-08 13:40:25,401] {taskinstance.py:1250} INFO - Starting attempt 1 of 1
[2022-07-08 13:40:25,401] {taskinstance.py:1251} INFO - 
--------------------------------------------------------------------------------
[2022-07-08 13:40:25,411] {taskinstance.py:1270} INFO - Executing <Task(BashOperator): create_entry_gcs> on 2022-07-08 13:40:23.747219+00:00
[2022-07-08 13:40:25,416] {standard_task_runner.py:52} INFO - Started process 782 to run task
[2022-07-08 13:40:25,420] {standard_task_runner.py:79} INFO - Running: ['***', 'tasks', 'run', 'example_complex', 'create_entry_gcs', 'manual__2022-07-08T13:40:23.747219+00:00', '--job-id', '16', '--raw', '--subdir', '/home/***/.local/lib/python3.7/site-packages/***/example_dags/example_complex.py', '--cfg-path', '/tmp/tmp8me5xljh', '--error-file', '/tmp/tmpu7g3ab4q']
[2022-07-08 13:40:25,420] {standard_task_runner.py:80} INFO - Job 16: Subtask create_entry_gcs
[2022-07-08 13:40:25,463] {logging_mixin.py:109} INFO - Running <TaskInstance: example_complex.create_entry_gcs manual__2022-07-08T13:40:23.747219+00:00 [running]> on host 18ea9465fe18
[2022-07-08 13:40:25,530] {taskinstance.py:1448} INFO - Exporting the following env vars:
AIRFLOW_CTX_DAG_OWNER=***
AIRFLOW_CTX_DAG_ID=example_complex
AIRFLOW_CTX_TASK_ID=create_entry_gcs
AIRFLOW_CTX_EXECUTION_DATE=2022-07-08T13:40:23.747219+00:00
AIRFLOW_CTX_DAG_RUN_ID=manual__2022-07-08T13:40:23.747219+00:00
[2022-07-08 13:40:25,530] {subprocess.py:62} INFO - Tmp dir root location: 
 /tmp
[2022-07-08 13:40:25,531] {subprocess.py:74} INFO - Running command: ['bash', '-c', 'echo create_entry_gcs']
[2022-07-08 13:40:25,542] {subprocess.py:85} INFO - Output:
[2022-07-08 13:40:25,544] {subprocess.py:89} INFO - create_entry_gcs
[2022-07-08 13:40:25,544] {subprocess.py:93} INFO - Command exited with return code 0
[2022-07-08 13:40:25,563] {taskinstance.py:1288} INFO - Marking task as SUCCESS. dag_id=example_complex, task_id=create_entry_gcs, execution_date=20220708T134023, start_date=20220708T134025, end_date=20220708T134025
[2022-07-08 13:40:25,591] {local_task_job.py:154} INFO - Task exited with return code 0
[2022-07-08 13:40:25,642] {local_task_job.py:264} INFO - 6 downstream tasks scheduled from follow-on schedule check
