[2022-06-30 09:08:52,313] {taskinstance.py:1043} INFO - Dependencies all met for <TaskInstance: my_dag.training_model_A scheduled__2022-06-29T00:00:00+00:00 [queued]>
[2022-06-30 09:08:52,322] {taskinstance.py:1043} INFO - Dependencies all met for <TaskInstance: my_dag.training_model_A scheduled__2022-06-29T00:00:00+00:00 [queued]>
[2022-06-30 09:08:52,322] {taskinstance.py:1249} INFO - 
--------------------------------------------------------------------------------
[2022-06-30 09:08:52,322] {taskinstance.py:1250} INFO - Starting attempt 1 of 1
[2022-06-30 09:08:52,322] {taskinstance.py:1251} INFO - 
--------------------------------------------------------------------------------
[2022-06-30 09:08:52,329] {taskinstance.py:1270} INFO - Executing <Task(PythonOperator): training_model_A> on 2022-06-29 00:00:00+00:00
[2022-06-30 09:08:52,333] {standard_task_runner.py:52} INFO - Started process 3196 to run task
[2022-06-30 09:08:52,335] {standard_task_runner.py:79} INFO - Running: ['***', 'tasks', 'run', 'my_dag', 'training_model_A', 'scheduled__2022-06-29T00:00:00+00:00', '--job-id', '3', '--raw', '--subdir', 'DAGS_FOLDER/second_1.py', '--cfg-path', '/tmp/tmpc604zt9v', '--error-file', '/tmp/tmpuq_nw3lz']
[2022-06-30 09:08:52,336] {standard_task_runner.py:80} INFO - Job 3: Subtask training_model_A
[2022-06-30 09:08:52,374] {logging_mixin.py:109} INFO - Running <TaskInstance: my_dag.training_model_A scheduled__2022-06-29T00:00:00+00:00 [running]> on host cb1ba423fa3f
[2022-06-30 09:08:52,410] {taskinstance.py:1448} INFO - Exporting the following env vars:
AIRFLOW_CTX_DAG_OWNER=***
AIRFLOW_CTX_DAG_ID=my_dag
AIRFLOW_CTX_TASK_ID=training_model_A
AIRFLOW_CTX_EXECUTION_DATE=2022-06-29T00:00:00+00:00
AIRFLOW_CTX_DAG_RUN_ID=scheduled__2022-06-29T00:00:00+00:00
[2022-06-30 09:08:52,411] {python.py:175} INFO - Done. Returned value was: 4
[2022-06-30 09:08:52,430] {taskinstance.py:1288} INFO - Marking task as SUCCESS. dag_id=my_dag, task_id=training_model_A, execution_date=20220629T000000, start_date=20220630T090852, end_date=20220630T090852
[2022-06-30 09:08:52,469] {local_task_job.py:154} INFO - Task exited with return code 0
[2022-06-30 09:08:52,505] {local_task_job.py:264} INFO - 1 downstream tasks scheduled from follow-on schedule check
