[2022-07-11 04:24:53,579] {taskinstance.py:1043} INFO - Dependencies all met for <TaskInstance: my_dag.training_model_B scheduled__2022-07-10T00:00:00+00:00 [queued]>
[2022-07-11 04:24:53,591] {taskinstance.py:1043} INFO - Dependencies all met for <TaskInstance: my_dag.training_model_B scheduled__2022-07-10T00:00:00+00:00 [queued]>
[2022-07-11 04:24:53,591] {taskinstance.py:1249} INFO - 
--------------------------------------------------------------------------------
[2022-07-11 04:24:53,591] {taskinstance.py:1250} INFO - Starting attempt 1 of 1
[2022-07-11 04:24:53,591] {taskinstance.py:1251} INFO - 
--------------------------------------------------------------------------------
[2022-07-11 04:24:53,605] {taskinstance.py:1270} INFO - Executing <Task(PythonOperator): training_model_B> on 2022-07-10 00:00:00+00:00
[2022-07-11 04:24:53,610] {standard_task_runner.py:52} INFO - Started process 66 to run task
[2022-07-11 04:24:53,624] {standard_task_runner.py:79} INFO - Running: ['***', 'tasks', 'run', 'my_dag', 'training_model_B', 'scheduled__2022-07-10T00:00:00+00:00', '--job-id', '66', '--raw', '--subdir', 'DAGS_FOLDER/model.py', '--cfg-path', '/tmp/tmpsowjwwb4', '--error-file', '/tmp/tmpd2sf9hv1']
[2022-07-11 04:24:53,625] {standard_task_runner.py:80} INFO - Job 66: Subtask training_model_B
[2022-07-11 04:24:53,813] {logging_mixin.py:109} INFO - Running <TaskInstance: my_dag.training_model_B scheduled__2022-07-10T00:00:00+00:00 [running]> on host 18ea9465fe18
[2022-07-11 04:24:53,933] {taskinstance.py:1448} INFO - Exporting the following env vars:
AIRFLOW_CTX_DAG_OWNER=***
AIRFLOW_CTX_DAG_ID=my_dag
AIRFLOW_CTX_TASK_ID=training_model_B
AIRFLOW_CTX_EXECUTION_DATE=2022-07-10T00:00:00+00:00
AIRFLOW_CTX_DAG_RUN_ID=scheduled__2022-07-10T00:00:00+00:00
[2022-07-11 04:24:53,933] {python.py:175} INFO - Done. Returned value was: 10
[2022-07-11 04:24:53,954] {taskinstance.py:1288} INFO - Marking task as SUCCESS. dag_id=my_dag, task_id=training_model_B, execution_date=20220710T000000, start_date=20220711T042453, end_date=20220711T042453
[2022-07-11 04:24:54,000] {local_task_job.py:154} INFO - Task exited with return code 0
[2022-07-11 04:24:54,046] {local_task_job.py:264} INFO - 0 downstream tasks scheduled from follow-on schedule check
[2022-07-11 08:34:40,120] {taskinstance.py:1043} INFO - Dependencies all met for <TaskInstance: my_dag.training_model_B scheduled__2022-07-10T00:00:00+00:00 [queued]>
[2022-07-11 08:34:40,128] {taskinstance.py:1043} INFO - Dependencies all met for <TaskInstance: my_dag.training_model_B scheduled__2022-07-10T00:00:00+00:00 [queued]>
[2022-07-11 08:34:40,128] {taskinstance.py:1249} INFO - 
--------------------------------------------------------------------------------
[2022-07-11 08:34:40,128] {taskinstance.py:1250} INFO - Starting attempt 1 of 1
[2022-07-11 08:34:40,128] {taskinstance.py:1251} INFO - 
--------------------------------------------------------------------------------
[2022-07-11 08:34:40,136] {taskinstance.py:1270} INFO - Executing <Task(PythonOperator): training_model_B> on 2022-07-10 00:00:00+00:00
[2022-07-11 08:34:40,140] {standard_task_runner.py:52} INFO - Started process 3778 to run task
[2022-07-11 08:34:40,142] {standard_task_runner.py:79} INFO - Running: ['***', 'tasks', 'run', 'my_dag', 'training_model_B', 'scheduled__2022-07-10T00:00:00+00:00', '--job-id', '42', '--raw', '--subdir', 'DAGS_FOLDER/model.py', '--cfg-path', '/tmp/tmpcp_40dcy', '--error-file', '/tmp/tmp1e9vydw9']
[2022-07-11 08:34:40,143] {standard_task_runner.py:80} INFO - Job 42: Subtask training_model_B
[2022-07-11 08:34:40,177] {logging_mixin.py:109} INFO - Running <TaskInstance: my_dag.training_model_B scheduled__2022-07-10T00:00:00+00:00 [running]> on host 1f92e2add508
[2022-07-11 08:34:40,210] {taskinstance.py:1448} INFO - Exporting the following env vars:
AIRFLOW_CTX_DAG_OWNER=***
AIRFLOW_CTX_DAG_ID=my_dag
AIRFLOW_CTX_TASK_ID=training_model_B
AIRFLOW_CTX_EXECUTION_DATE=2022-07-10T00:00:00+00:00
AIRFLOW_CTX_DAG_RUN_ID=scheduled__2022-07-10T00:00:00+00:00
[2022-07-11 08:34:40,210] {python.py:175} INFO - Done. Returned value was: 2
[2022-07-11 08:34:40,226] {taskinstance.py:1288} INFO - Marking task as SUCCESS. dag_id=my_dag, task_id=training_model_B, execution_date=20220710T000000, start_date=20220711T083440, end_date=20220711T083440
[2022-07-11 08:34:40,274] {local_task_job.py:154} INFO - Task exited with return code 0
[2022-07-11 08:34:40,301] {local_task_job.py:264} INFO - 0 downstream tasks scheduled from follow-on schedule check
