[2022-07-08 05:22:57,302] {taskinstance.py:1043} INFO - Dependencies all met for <TaskInstance: example_complex.search_catalog_result manual__2022-07-08T05:22:46.156602+00:00 [queued]>
[2022-07-08 05:22:57,379] {taskinstance.py:1043} INFO - Dependencies all met for <TaskInstance: example_complex.search_catalog_result manual__2022-07-08T05:22:46.156602+00:00 [queued]>
[2022-07-08 05:22:57,379] {taskinstance.py:1249} INFO - 
--------------------------------------------------------------------------------
[2022-07-08 05:22:57,379] {taskinstance.py:1250} INFO - Starting attempt 1 of 1
[2022-07-08 05:22:57,379] {taskinstance.py:1251} INFO - 
--------------------------------------------------------------------------------
[2022-07-08 05:22:57,391] {taskinstance.py:1270} INFO - Executing <Task(BashOperator): search_catalog_result> on 2022-07-08 05:22:46.156602+00:00
[2022-07-08 05:22:57,398] {standard_task_runner.py:52} INFO - Started process 2503 to run task
[2022-07-08 05:22:57,409] {standard_task_runner.py:79} INFO - Running: ['***', 'tasks', 'run', 'example_complex', 'search_catalog_result', 'manual__2022-07-08T05:22:46.156602+00:00', '--job-id', '99', '--raw', '--subdir', 'DAGS_FOLDER/complex_task.py', '--cfg-path', '/tmp/tmpxiyok3kk', '--error-file', '/tmp/tmpzv8knd4n']
[2022-07-08 05:22:57,410] {standard_task_runner.py:80} INFO - Job 99: Subtask search_catalog_result
[2022-07-08 05:22:57,616] {logging_mixin.py:109} INFO - Running <TaskInstance: example_complex.search_catalog_result manual__2022-07-08T05:22:46.156602+00:00 [running]> on host 6a15fbc57503
[2022-07-08 05:22:57,889] {taskinstance.py:1448} INFO - Exporting the following env vars:
AIRFLOW_CTX_DAG_OWNER=***
AIRFLOW_CTX_DAG_ID=example_complex
AIRFLOW_CTX_TASK_ID=search_catalog_result
AIRFLOW_CTX_EXECUTION_DATE=2022-07-08T05:22:46.156602+00:00
AIRFLOW_CTX_DAG_RUN_ID=manual__2022-07-08T05:22:46.156602+00:00
[2022-07-08 05:22:57,890] {subprocess.py:62} INFO - Tmp dir root location: 
 /tmp
[2022-07-08 05:22:57,890] {subprocess.py:74} INFO - Running command: ['bash', '-c', 'echo search_catalog_result']
[2022-07-08 05:22:57,928] {subprocess.py:85} INFO - Output:
[2022-07-08 05:22:57,932] {subprocess.py:89} INFO - search_catalog_result
[2022-07-08 05:22:57,934] {subprocess.py:93} INFO - Command exited with return code 0
[2022-07-08 05:22:57,993] {taskinstance.py:1288} INFO - Marking task as SUCCESS. dag_id=example_complex, task_id=search_catalog_result, execution_date=20220708T052246, start_date=20220708T052257, end_date=20220708T052257
[2022-07-08 05:22:58,071] {local_task_job.py:154} INFO - Task exited with return code 0
[2022-07-08 05:22:58,122] {local_task_job.py:264} INFO - 0 downstream tasks scheduled from follow-on schedule check
