[2022-07-08 05:23:02,375] {taskinstance.py:1043} INFO - Dependencies all met for <TaskInstance: example_complex.create_tag_result manual__2022-07-08T05:22:51.064014+00:00 [queued]>
[2022-07-08 05:23:02,383] {taskinstance.py:1043} INFO - Dependencies all met for <TaskInstance: example_complex.create_tag_result manual__2022-07-08T05:22:51.064014+00:00 [queued]>
[2022-07-08 05:23:02,383] {taskinstance.py:1249} INFO - 
--------------------------------------------------------------------------------
[2022-07-08 05:23:02,383] {taskinstance.py:1250} INFO - Starting attempt 1 of 1
[2022-07-08 05:23:02,383] {taskinstance.py:1251} INFO - 
--------------------------------------------------------------------------------
[2022-07-08 05:23:02,392] {taskinstance.py:1270} INFO - Executing <Task(BashOperator): create_tag_result> on 2022-07-08 05:22:51.064014+00:00
[2022-07-08 05:23:02,396] {standard_task_runner.py:52} INFO - Started process 2611 to run task
[2022-07-08 05:23:02,399] {standard_task_runner.py:79} INFO - Running: ['***', 'tasks', 'run', 'example_complex', 'create_tag_result', 'manual__2022-07-08T05:22:51.064014+00:00', '--job-id', '139', '--raw', '--subdir', 'DAGS_FOLDER/complex_task.py', '--cfg-path', '/tmp/tmpkvrkgw3z', '--error-file', '/tmp/tmp7fld8cqj']
[2022-07-08 05:23:02,399] {standard_task_runner.py:80} INFO - Job 139: Subtask create_tag_result
[2022-07-08 05:23:02,466] {logging_mixin.py:109} INFO - Running <TaskInstance: example_complex.create_tag_result manual__2022-07-08T05:22:51.064014+00:00 [running]> on host 6a15fbc57503
[2022-07-08 05:23:02,550] {taskinstance.py:1448} INFO - Exporting the following env vars:
AIRFLOW_CTX_DAG_OWNER=***
AIRFLOW_CTX_DAG_ID=example_complex
AIRFLOW_CTX_TASK_ID=create_tag_result
AIRFLOW_CTX_EXECUTION_DATE=2022-07-08T05:22:51.064014+00:00
AIRFLOW_CTX_DAG_RUN_ID=manual__2022-07-08T05:22:51.064014+00:00
[2022-07-08 05:23:02,550] {subprocess.py:62} INFO - Tmp dir root location: 
 /tmp
[2022-07-08 05:23:02,551] {subprocess.py:74} INFO - Running command: ['bash', '-c', 'echo create_tag_result']
[2022-07-08 05:23:02,562] {subprocess.py:85} INFO - Output:
[2022-07-08 05:23:02,563] {subprocess.py:89} INFO - create_tag_result
[2022-07-08 05:23:02,564] {subprocess.py:93} INFO - Command exited with return code 0
[2022-07-08 05:23:02,614] {taskinstance.py:1288} INFO - Marking task as SUCCESS. dag_id=example_complex, task_id=create_tag_result, execution_date=20220708T052251, start_date=20220708T052302, end_date=20220708T052302
[2022-07-08 05:23:02,652] {local_task_job.py:154} INFO - Task exited with return code 0
[2022-07-08 05:23:02,686] {local_task_job.py:264} INFO - 0 downstream tasks scheduled from follow-on schedule check
