[2022-07-08 05:22:57,283] {taskinstance.py:1043} INFO - Dependencies all met for <TaskInstance: example_complex.update_entry manual__2022-07-08T05:22:51.064014+00:00 [queued]>
[2022-07-08 05:22:57,294] {taskinstance.py:1043} INFO - Dependencies all met for <TaskInstance: example_complex.update_entry manual__2022-07-08T05:22:51.064014+00:00 [queued]>
[2022-07-08 05:22:57,294] {taskinstance.py:1249} INFO - 
--------------------------------------------------------------------------------
[2022-07-08 05:22:57,294] {taskinstance.py:1250} INFO - Starting attempt 1 of 1
[2022-07-08 05:22:57,294] {taskinstance.py:1251} INFO - 
--------------------------------------------------------------------------------
[2022-07-08 05:22:57,309] {taskinstance.py:1270} INFO - Executing <Task(BashOperator): update_entry> on 2022-07-08 05:22:51.064014+00:00
[2022-07-08 05:22:57,316] {standard_task_runner.py:52} INFO - Started process 2501 to run task
[2022-07-08 05:22:57,371] {standard_task_runner.py:79} INFO - Running: ['***', 'tasks', 'run', 'example_complex', 'update_entry', 'manual__2022-07-08T05:22:51.064014+00:00', '--job-id', '103', '--raw', '--subdir', 'DAGS_FOLDER/complex_task.py', '--cfg-path', '/tmp/tmpg05f2ul4', '--error-file', '/tmp/tmpc0usgp9q']
[2022-07-08 05:22:57,372] {standard_task_runner.py:80} INFO - Job 103: Subtask update_entry
[2022-07-08 05:22:57,504] {logging_mixin.py:109} INFO - Running <TaskInstance: example_complex.update_entry manual__2022-07-08T05:22:51.064014+00:00 [running]> on host 6a15fbc57503
[2022-07-08 05:22:57,849] {taskinstance.py:1448} INFO - Exporting the following env vars:
AIRFLOW_CTX_DAG_OWNER=***
AIRFLOW_CTX_DAG_ID=example_complex
AIRFLOW_CTX_TASK_ID=update_entry
AIRFLOW_CTX_EXECUTION_DATE=2022-07-08T05:22:51.064014+00:00
AIRFLOW_CTX_DAG_RUN_ID=manual__2022-07-08T05:22:51.064014+00:00
[2022-07-08 05:22:57,851] {subprocess.py:62} INFO - Tmp dir root location: 
 /tmp
[2022-07-08 05:22:57,860] {subprocess.py:74} INFO - Running command: ['bash', '-c', 'echo update_entry']
[2022-07-08 05:22:57,883] {subprocess.py:85} INFO - Output:
[2022-07-08 05:22:57,903] {subprocess.py:89} INFO - update_entry
[2022-07-08 05:22:57,906] {subprocess.py:93} INFO - Command exited with return code 0
[2022-07-08 05:22:58,128] {taskinstance.py:1288} INFO - Marking task as SUCCESS. dag_id=example_complex, task_id=update_entry, execution_date=20220708T052251, start_date=20220708T052257, end_date=20220708T052258
[2022-07-08 05:22:58,169] {local_task_job.py:154} INFO - Task exited with return code 0
[2022-07-08 05:22:58,321] {local_task_job.py:264} INFO - 0 downstream tasks scheduled from follow-on schedule check
