[2022-07-08 05:22:55,506] {taskinstance.py:1043} INFO - Dependencies all met for <TaskInstance: example_complex.lookup_entry_result manual__2022-07-08T05:22:48.487322+00:00 [queued]>
[2022-07-08 05:22:55,548] {taskinstance.py:1043} INFO - Dependencies all met for <TaskInstance: example_complex.lookup_entry_result manual__2022-07-08T05:22:48.487322+00:00 [queued]>
[2022-07-08 05:22:55,548] {taskinstance.py:1249} INFO - 
--------------------------------------------------------------------------------
[2022-07-08 05:22:55,548] {taskinstance.py:1250} INFO - Starting attempt 1 of 1
[2022-07-08 05:22:55,548] {taskinstance.py:1251} INFO - 
--------------------------------------------------------------------------------
[2022-07-08 05:22:55,560] {taskinstance.py:1270} INFO - Executing <Task(BashOperator): lookup_entry_result> on 2022-07-08 05:22:48.487322+00:00
[2022-07-08 05:22:55,565] {standard_task_runner.py:52} INFO - Started process 2463 to run task
[2022-07-08 05:22:55,601] {standard_task_runner.py:79} INFO - Running: ['***', 'tasks', 'run', 'example_complex', 'lookup_entry_result', 'manual__2022-07-08T05:22:48.487322+00:00', '--job-id', '92', '--raw', '--subdir', 'DAGS_FOLDER/complex_task.py', '--cfg-path', '/tmp/tmpw8kg8dlh', '--error-file', '/tmp/tmpxyqeai5o']
[2022-07-08 05:22:55,602] {standard_task_runner.py:80} INFO - Job 92: Subtask lookup_entry_result
[2022-07-08 05:22:55,698] {logging_mixin.py:109} INFO - Running <TaskInstance: example_complex.lookup_entry_result manual__2022-07-08T05:22:48.487322+00:00 [running]> on host 6a15fbc57503
[2022-07-08 05:22:55,809] {taskinstance.py:1448} INFO - Exporting the following env vars:
AIRFLOW_CTX_DAG_OWNER=***
AIRFLOW_CTX_DAG_ID=example_complex
AIRFLOW_CTX_TASK_ID=lookup_entry_result
AIRFLOW_CTX_EXECUTION_DATE=2022-07-08T05:22:48.487322+00:00
AIRFLOW_CTX_DAG_RUN_ID=manual__2022-07-08T05:22:48.487322+00:00
[2022-07-08 05:22:55,811] {subprocess.py:62} INFO - Tmp dir root location: 
 /tmp
[2022-07-08 05:22:55,813] {subprocess.py:74} INFO - Running command: ['bash', '-c', 'echo lookup_entry_result']
[2022-07-08 05:22:55,847] {subprocess.py:85} INFO - Output:
[2022-07-08 05:22:55,848] {subprocess.py:89} INFO - lookup_entry_result
[2022-07-08 05:22:55,849] {subprocess.py:93} INFO - Command exited with return code 0
[2022-07-08 05:22:55,939] {taskinstance.py:1288} INFO - Marking task as SUCCESS. dag_id=example_complex, task_id=lookup_entry_result, execution_date=20220708T052248, start_date=20220708T052255, end_date=20220708T052255
[2022-07-08 05:22:55,968] {local_task_job.py:154} INFO - Task exited with return code 0
[2022-07-08 05:22:56,014] {local_task_job.py:264} INFO - 0 downstream tasks scheduled from follow-on schedule check
