[2022-07-04 05:34:48,917] {taskinstance.py:1043} INFO - Dependencies all met for <TaskInstance: my_dag.training_model_A scheduled__2022-07-03T00:00:00+00:00 [queued]>
[2022-07-04 05:34:48,924] {taskinstance.py:1043} INFO - Dependencies all met for <TaskInstance: my_dag.training_model_A scheduled__2022-07-03T00:00:00+00:00 [queued]>
[2022-07-04 05:34:48,924] {taskinstance.py:1249} INFO - 
--------------------------------------------------------------------------------
[2022-07-04 05:34:48,924] {taskinstance.py:1250} INFO - Starting attempt 1 of 1
[2022-07-04 05:34:48,924] {taskinstance.py:1251} INFO - 
--------------------------------------------------------------------------------
[2022-07-04 05:34:48,932] {taskinstance.py:1270} INFO - Executing <Task(PythonOperator): training_model_A> on 2022-07-03 00:00:00+00:00
[2022-07-04 05:34:48,935] {standard_task_runner.py:52} INFO - Started process 2098 to run task
[2022-07-04 05:34:48,938] {standard_task_runner.py:79} INFO - Running: ['***', 'tasks', 'run', 'my_dag', 'training_model_A', 'scheduled__2022-07-03T00:00:00+00:00', '--job-id', '437', '--raw', '--subdir', 'DAGS_FOLDER/model.py', '--cfg-path', '/tmp/tmp5x9plo_i', '--error-file', '/tmp/tmp8kyo28qj']
[2022-07-04 05:34:48,938] {standard_task_runner.py:80} INFO - Job 437: Subtask training_model_A
[2022-07-04 05:34:48,970] {logging_mixin.py:109} INFO - Running <TaskInstance: my_dag.training_model_A scheduled__2022-07-03T00:00:00+00:00 [running]> on host 1936d03cc531
[2022-07-04 05:34:49,003] {taskinstance.py:1448} INFO - Exporting the following env vars:
AIRFLOW_CTX_DAG_OWNER=***
AIRFLOW_CTX_DAG_ID=my_dag
AIRFLOW_CTX_TASK_ID=training_model_A
AIRFLOW_CTX_EXECUTION_DATE=2022-07-03T00:00:00+00:00
AIRFLOW_CTX_DAG_RUN_ID=scheduled__2022-07-03T00:00:00+00:00
[2022-07-04 05:34:49,003] {python.py:175} INFO - Done. Returned value was: 2
[2022-07-04 05:34:49,019] {taskinstance.py:1288} INFO - Marking task as SUCCESS. dag_id=my_dag, task_id=training_model_A, execution_date=20220703T000000, start_date=20220704T053448, end_date=20220704T053449
[2022-07-04 05:34:49,069] {local_task_job.py:154} INFO - Task exited with return code 0
[2022-07-04 05:34:49,093] {local_task_job.py:264} INFO - 0 downstream tasks scheduled from follow-on schedule check
[2022-07-04 12:26:55,933] {taskinstance.py:1043} INFO - Dependencies all met for <TaskInstance: my_dag.training_model_A scheduled__2022-07-03T00:00:00+00:00 [queued]>
[2022-07-04 12:26:55,940] {taskinstance.py:1043} INFO - Dependencies all met for <TaskInstance: my_dag.training_model_A scheduled__2022-07-03T00:00:00+00:00 [queued]>
[2022-07-04 12:26:55,940] {taskinstance.py:1249} INFO - 
--------------------------------------------------------------------------------
[2022-07-04 12:26:55,940] {taskinstance.py:1250} INFO - Starting attempt 1 of 1
[2022-07-04 12:26:55,940] {taskinstance.py:1251} INFO - 
--------------------------------------------------------------------------------
[2022-07-04 12:26:55,948] {taskinstance.py:1270} INFO - Executing <Task(PythonOperator): training_model_A> on 2022-07-03 00:00:00+00:00
[2022-07-04 12:26:55,952] {standard_task_runner.py:52} INFO - Started process 697 to run task
[2022-07-04 12:26:55,955] {standard_task_runner.py:79} INFO - Running: ['***', 'tasks', 'run', 'my_dag', 'training_model_A', 'scheduled__2022-07-03T00:00:00+00:00', '--job-id', '20', '--raw', '--subdir', 'DAGS_FOLDER/model.py', '--cfg-path', '/tmp/tmp5q2mtnaq', '--error-file', '/tmp/tmph_46m_cz']
[2022-07-04 12:26:55,956] {standard_task_runner.py:80} INFO - Job 20: Subtask training_model_A
[2022-07-04 12:26:55,994] {logging_mixin.py:109} INFO - Running <TaskInstance: my_dag.training_model_A scheduled__2022-07-03T00:00:00+00:00 [running]> on host 498c2b9fabaa
[2022-07-04 12:26:56,067] {taskinstance.py:1448} INFO - Exporting the following env vars:
AIRFLOW_CTX_DAG_OWNER=***
AIRFLOW_CTX_DAG_ID=my_dag
AIRFLOW_CTX_TASK_ID=training_model_A
AIRFLOW_CTX_EXECUTION_DATE=2022-07-03T00:00:00+00:00
AIRFLOW_CTX_DAG_RUN_ID=scheduled__2022-07-03T00:00:00+00:00
[2022-07-04 12:26:56,067] {python.py:175} INFO - Done. Returned value was: 8
[2022-07-04 12:26:56,087] {taskinstance.py:1288} INFO - Marking task as SUCCESS. dag_id=my_dag, task_id=training_model_A, execution_date=20220703T000000, start_date=20220704T122655, end_date=20220704T122656
[2022-07-04 12:26:56,126] {local_task_job.py:154} INFO - Task exited with return code 0
[2022-07-04 12:26:56,158] {local_task_job.py:264} INFO - 1 downstream tasks scheduled from follow-on schedule check
