[2022-07-13 11:33:53,430] {taskinstance.py:1043} INFO - Dependencies all met for <TaskInstance: sla-dag.sla_task scheduled__2022-07-13T11:31:23.256648+00:00 [queued]>
[2022-07-13 11:33:53,436] {taskinstance.py:1043} INFO - Dependencies all met for <TaskInstance: sla-dag.sla_task scheduled__2022-07-13T11:31:23.256648+00:00 [queued]>
[2022-07-13 11:33:53,436] {taskinstance.py:1249} INFO - 
--------------------------------------------------------------------------------
[2022-07-13 11:33:53,436] {taskinstance.py:1250} INFO - Starting attempt 1 of 1
[2022-07-13 11:33:53,436] {taskinstance.py:1251} INFO - 
--------------------------------------------------------------------------------
[2022-07-13 11:33:53,442] {taskinstance.py:1270} INFO - Executing <Task(PythonOperator): sla_task> on 2022-07-13 11:31:23.256648+00:00
[2022-07-13 11:33:53,446] {standard_task_runner.py:52} INFO - Started process 5080 to run task
[2022-07-13 11:33:53,448] {standard_task_runner.py:79} INFO - Running: ['***', 'tasks', 'run', 'sla-dag', 'sla_task', 'scheduled__2022-07-13T11:31:23.256648+00:00', '--job-id', '24', '--raw', '--subdir', 'DAGS_FOLDER/emaildemo.py', '--cfg-path', '/tmp/tmp129dau84', '--error-file', '/tmp/tmpaj_9e9ee']
[2022-07-13 11:33:53,449] {standard_task_runner.py:80} INFO - Job 24: Subtask sla_task
[2022-07-13 11:33:53,478] {logging_mixin.py:109} INFO - Running <TaskInstance: sla-dag.sla_task scheduled__2022-07-13T11:31:23.256648+00:00 [running]> on host 6e07f662a6b4
[2022-07-13 11:33:53,505] {taskinstance.py:1448} INFO - Exporting the following env vars:
AIRFLOW_CTX_DAG_EMAIL=thankiruchit007@gmail.com
AIRFLOW_CTX_DAG_OWNER=***
AIRFLOW_CTX_DAG_ID=sla-dag
AIRFLOW_CTX_TASK_ID=sla_task
AIRFLOW_CTX_EXECUTION_DATE=2022-07-13T11:31:23.256648+00:00
AIRFLOW_CTX_DAG_RUN_ID=scheduled__2022-07-13T11:31:23.256648+00:00
[2022-07-13 11:33:53,506] {logging_mixin.py:109} INFO - task is sleeping
[2022-07-13 11:34:33,542] {python.py:175} INFO - Done. Returned value was: None
[2022-07-13 11:34:33,562] {taskinstance.py:1288} INFO - Marking task as SUCCESS. dag_id=sla-dag, task_id=sla_task, execution_date=20220713T113123, start_date=20220713T113353, end_date=20220713T113433
[2022-07-13 11:34:33,617] {local_task_job.py:154} INFO - Task exited with return code 0
[2022-07-13 11:34:33,646] {local_task_job.py:264} INFO - 1 downstream tasks scheduled from follow-on schedule check
