[2022-07-11 04:24:54,576] {taskinstance.py:1043} INFO - Dependencies all met for <TaskInstance: my_dag.choose_best_model scheduled__2022-07-10T00:00:00+00:00 [queued]>
[2022-07-11 04:24:54,586] {taskinstance.py:1043} INFO - Dependencies all met for <TaskInstance: my_dag.choose_best_model scheduled__2022-07-10T00:00:00+00:00 [queued]>
[2022-07-11 04:24:54,586] {taskinstance.py:1249} INFO - 
--------------------------------------------------------------------------------
[2022-07-11 04:24:54,586] {taskinstance.py:1250} INFO - Starting attempt 1 of 1
[2022-07-11 04:24:54,586] {taskinstance.py:1251} INFO - 
--------------------------------------------------------------------------------
[2022-07-11 04:24:54,597] {taskinstance.py:1270} INFO - Executing <Task(BranchPythonOperator): choose_best_model> on 2022-07-10 00:00:00+00:00
[2022-07-11 04:24:54,601] {standard_task_runner.py:52} INFO - Started process 69 to run task
[2022-07-11 04:24:54,603] {standard_task_runner.py:79} INFO - Running: ['***', 'tasks', 'run', 'my_dag', 'choose_best_model', 'scheduled__2022-07-10T00:00:00+00:00', '--job-id', '68', '--raw', '--subdir', 'DAGS_FOLDER/model.py', '--cfg-path', '/tmp/tmpa9ge0cgd', '--error-file', '/tmp/tmpm_tfahvf']
[2022-07-11 04:24:54,603] {standard_task_runner.py:80} INFO - Job 68: Subtask choose_best_model
[2022-07-11 04:24:54,685] {logging_mixin.py:109} INFO - Running <TaskInstance: my_dag.choose_best_model scheduled__2022-07-10T00:00:00+00:00 [running]> on host 18ea9465fe18
[2022-07-11 04:24:54,739] {taskinstance.py:1448} INFO - Exporting the following env vars:
AIRFLOW_CTX_DAG_OWNER=***
AIRFLOW_CTX_DAG_ID=my_dag
AIRFLOW_CTX_TASK_ID=choose_best_model
AIRFLOW_CTX_EXECUTION_DATE=2022-07-10T00:00:00+00:00
AIRFLOW_CTX_DAG_RUN_ID=scheduled__2022-07-10T00:00:00+00:00
[2022-07-11 04:24:54,747] {python.py:175} INFO - Done. Returned value was: accurate
[2022-07-11 04:24:54,748] {skipmixin.py:140} INFO - Following branch accurate
[2022-07-11 04:24:54,748] {skipmixin.py:171} INFO - Skipping tasks ['inaccurate']
[2022-07-11 04:24:54,789] {taskinstance.py:1288} INFO - Marking task as SUCCESS. dag_id=my_dag, task_id=choose_best_model, execution_date=20220710T000000, start_date=20220711T042454, end_date=20220711T042454
[2022-07-11 04:24:54,822] {local_task_job.py:154} INFO - Task exited with return code 0
[2022-07-11 04:24:54,851] {local_task_job.py:264} INFO - 1 downstream tasks scheduled from follow-on schedule check
[2022-07-11 08:34:41,266] {taskinstance.py:1043} INFO - Dependencies all met for <TaskInstance: my_dag.choose_best_model scheduled__2022-07-10T00:00:00+00:00 [queued]>
[2022-07-11 08:34:41,272] {taskinstance.py:1043} INFO - Dependencies all met for <TaskInstance: my_dag.choose_best_model scheduled__2022-07-10T00:00:00+00:00 [queued]>
[2022-07-11 08:34:41,272] {taskinstance.py:1249} INFO - 
--------------------------------------------------------------------------------
[2022-07-11 08:34:41,272] {taskinstance.py:1250} INFO - Starting attempt 1 of 1
[2022-07-11 08:34:41,272] {taskinstance.py:1251} INFO - 
--------------------------------------------------------------------------------
[2022-07-11 08:34:41,278] {taskinstance.py:1270} INFO - Executing <Task(BranchPythonOperator): choose_best_model> on 2022-07-10 00:00:00+00:00
[2022-07-11 08:34:41,282] {standard_task_runner.py:52} INFO - Started process 3780 to run task
[2022-07-11 08:34:41,284] {standard_task_runner.py:79} INFO - Running: ['***', 'tasks', 'run', 'my_dag', 'choose_best_model', 'scheduled__2022-07-10T00:00:00+00:00', '--job-id', '43', '--raw', '--subdir', 'DAGS_FOLDER/model.py', '--cfg-path', '/tmp/tmp00gosnpj', '--error-file', '/tmp/tmpu7ka2c6w']
[2022-07-11 08:34:41,284] {standard_task_runner.py:80} INFO - Job 43: Subtask choose_best_model
[2022-07-11 08:34:41,313] {logging_mixin.py:109} INFO - Running <TaskInstance: my_dag.choose_best_model scheduled__2022-07-10T00:00:00+00:00 [running]> on host 1f92e2add508
[2022-07-11 08:34:41,341] {taskinstance.py:1448} INFO - Exporting the following env vars:
AIRFLOW_CTX_DAG_OWNER=***
AIRFLOW_CTX_DAG_ID=my_dag
AIRFLOW_CTX_TASK_ID=choose_best_model
AIRFLOW_CTX_EXECUTION_DATE=2022-07-10T00:00:00+00:00
AIRFLOW_CTX_DAG_RUN_ID=scheduled__2022-07-10T00:00:00+00:00
[2022-07-11 08:34:41,346] {python.py:175} INFO - Done. Returned value was: inaccurate
[2022-07-11 08:34:41,346] {skipmixin.py:140} INFO - Following branch inaccurate
[2022-07-11 08:34:41,346] {skipmixin.py:171} INFO - Skipping tasks ['accurate']
[2022-07-11 08:34:41,368] {taskinstance.py:1288} INFO - Marking task as SUCCESS. dag_id=my_dag, task_id=choose_best_model, execution_date=20220710T000000, start_date=20220711T083441, end_date=20220711T083441
[2022-07-11 08:34:41,416] {local_task_job.py:154} INFO - Task exited with return code 0
[2022-07-11 08:34:41,460] {local_task_job.py:264} INFO - 1 downstream tasks scheduled from follow-on schedule check
