[2022-07-04 05:34:56,422] {taskinstance.py:1043} INFO - Dependencies all met for <TaskInstance: my_dag.training_model_B manual__2022-07-04T05:34:55.619101+00:00 [queued]>
[2022-07-04 05:34:56,431] {taskinstance.py:1043} INFO - Dependencies all met for <TaskInstance: my_dag.training_model_B manual__2022-07-04T05:34:55.619101+00:00 [queued]>
[2022-07-04 05:34:56,431] {taskinstance.py:1249} INFO - 
--------------------------------------------------------------------------------
[2022-07-04 05:34:56,432] {taskinstance.py:1250} INFO - Starting attempt 1 of 1
[2022-07-04 05:34:56,432] {taskinstance.py:1251} INFO - 
--------------------------------------------------------------------------------
[2022-07-04 05:34:56,442] {taskinstance.py:1270} INFO - Executing <Task(PythonOperator): training_model_B> on 2022-07-04 05:34:55.619101+00:00
[2022-07-04 05:34:56,448] {standard_task_runner.py:52} INFO - Started process 2118 to run task
[2022-07-04 05:34:56,450] {standard_task_runner.py:79} INFO - Running: ['***', 'tasks', 'run', 'my_dag', 'training_model_B', 'manual__2022-07-04T05:34:55.619101+00:00', '--job-id', '442', '--raw', '--subdir', 'DAGS_FOLDER/model.py', '--cfg-path', '/tmp/tmpjn5zc455', '--error-file', '/tmp/tmpb64lne1w']
[2022-07-04 05:34:56,450] {standard_task_runner.py:80} INFO - Job 442: Subtask training_model_B
[2022-07-04 05:34:56,489] {logging_mixin.py:109} INFO - Running <TaskInstance: my_dag.training_model_B manual__2022-07-04T05:34:55.619101+00:00 [running]> on host 1936d03cc531
[2022-07-04 05:34:56,532] {taskinstance.py:1448} INFO - Exporting the following env vars:
AIRFLOW_CTX_DAG_OWNER=***
AIRFLOW_CTX_DAG_ID=my_dag
AIRFLOW_CTX_TASK_ID=training_model_B
AIRFLOW_CTX_EXECUTION_DATE=2022-07-04T05:34:55.619101+00:00
AIRFLOW_CTX_DAG_RUN_ID=manual__2022-07-04T05:34:55.619101+00:00
[2022-07-04 05:34:56,533] {python.py:175} INFO - Done. Returned value was: 2
[2022-07-04 05:34:56,548] {taskinstance.py:1288} INFO - Marking task as SUCCESS. dag_id=my_dag, task_id=training_model_B, execution_date=20220704T053455, start_date=20220704T053456, end_date=20220704T053456
[2022-07-04 05:34:56,582] {local_task_job.py:154} INFO - Task exited with return code 0
[2022-07-04 05:34:56,608] {local_task_job.py:264} INFO - 1 downstream tasks scheduled from follow-on schedule check
