[2022-07-04 05:34:56,449] {taskinstance.py:1043} INFO - Dependencies all met for <TaskInstance: my_dag.training_model_A manual__2022-07-04T05:34:55.619101+00:00 [queued]>
[2022-07-04 05:34:56,458] {taskinstance.py:1043} INFO - Dependencies all met for <TaskInstance: my_dag.training_model_A manual__2022-07-04T05:34:55.619101+00:00 [queued]>
[2022-07-04 05:34:56,458] {taskinstance.py:1249} INFO - 
--------------------------------------------------------------------------------
[2022-07-04 05:34:56,458] {taskinstance.py:1250} INFO - Starting attempt 1 of 1
[2022-07-04 05:34:56,458] {taskinstance.py:1251} INFO - 
--------------------------------------------------------------------------------
[2022-07-04 05:34:56,466] {taskinstance.py:1270} INFO - Executing <Task(PythonOperator): training_model_A> on 2022-07-04 05:34:55.619101+00:00
[2022-07-04 05:34:56,470] {standard_task_runner.py:52} INFO - Started process 2119 to run task
[2022-07-04 05:34:56,472] {standard_task_runner.py:79} INFO - Running: ['***', 'tasks', 'run', 'my_dag', 'training_model_A', 'manual__2022-07-04T05:34:55.619101+00:00', '--job-id', '443', '--raw', '--subdir', 'DAGS_FOLDER/model.py', '--cfg-path', '/tmp/tmpb4y9prbl', '--error-file', '/tmp/tmpibvpdais']
[2022-07-04 05:34:56,472] {standard_task_runner.py:80} INFO - Job 443: Subtask training_model_A
[2022-07-04 05:34:56,513] {logging_mixin.py:109} INFO - Running <TaskInstance: my_dag.training_model_A manual__2022-07-04T05:34:55.619101+00:00 [running]> on host 1936d03cc531
[2022-07-04 05:34:56,553] {taskinstance.py:1448} INFO - Exporting the following env vars:
AIRFLOW_CTX_DAG_OWNER=***
AIRFLOW_CTX_DAG_ID=my_dag
AIRFLOW_CTX_TASK_ID=training_model_A
AIRFLOW_CTX_EXECUTION_DATE=2022-07-04T05:34:55.619101+00:00
AIRFLOW_CTX_DAG_RUN_ID=manual__2022-07-04T05:34:55.619101+00:00
[2022-07-04 05:34:56,553] {python.py:175} INFO - Done. Returned value was: 8
[2022-07-04 05:34:56,578] {taskinstance.py:1288} INFO - Marking task as SUCCESS. dag_id=my_dag, task_id=training_model_A, execution_date=20220704T053455, start_date=20220704T053456, end_date=20220704T053456
[2022-07-04 05:34:56,604] {local_task_job.py:154} INFO - Task exited with return code 0
[2022-07-04 05:34:56,635] {local_task_job.py:264} INFO - 0 downstream tasks scheduled from follow-on schedule check
