[2022-07-11 08:34:45,208] {taskinstance.py:1043} INFO - Dependencies all met for <TaskInstance: my_dag.accurate manual__2022-07-11T08:34:42.534642+00:00 [queued]>
[2022-07-11 08:34:45,216] {taskinstance.py:1043} INFO - Dependencies all met for <TaskInstance: my_dag.accurate manual__2022-07-11T08:34:42.534642+00:00 [queued]>
[2022-07-11 08:34:45,216] {taskinstance.py:1249} INFO - 
--------------------------------------------------------------------------------
[2022-07-11 08:34:45,216] {taskinstance.py:1250} INFO - Starting attempt 1 of 1
[2022-07-11 08:34:45,216] {taskinstance.py:1251} INFO - 
--------------------------------------------------------------------------------
[2022-07-11 08:34:45,225] {taskinstance.py:1270} INFO - Executing <Task(BashOperator): accurate> on 2022-07-11 08:34:42.534642+00:00
[2022-07-11 08:34:45,229] {standard_task_runner.py:52} INFO - Started process 3803 to run task
[2022-07-11 08:34:45,231] {standard_task_runner.py:79} INFO - Running: ['***', 'tasks', 'run', 'my_dag', 'accurate', 'manual__2022-07-11T08:34:42.534642+00:00', '--job-id', '49', '--raw', '--subdir', 'DAGS_FOLDER/model.py', '--cfg-path', '/tmp/tmp_91qhrta', '--error-file', '/tmp/tmpi1wk6e8p']
[2022-07-11 08:34:45,231] {standard_task_runner.py:80} INFO - Job 49: Subtask accurate
[2022-07-11 08:34:45,267] {logging_mixin.py:109} INFO - Running <TaskInstance: my_dag.accurate manual__2022-07-11T08:34:42.534642+00:00 [running]> on host 1f92e2add508
[2022-07-11 08:34:45,302] {taskinstance.py:1448} INFO - Exporting the following env vars:
AIRFLOW_CTX_DAG_OWNER=***
AIRFLOW_CTX_DAG_ID=my_dag
AIRFLOW_CTX_TASK_ID=accurate
AIRFLOW_CTX_EXECUTION_DATE=2022-07-11T08:34:42.534642+00:00
AIRFLOW_CTX_DAG_RUN_ID=manual__2022-07-11T08:34:42.534642+00:00
[2022-07-11 08:34:45,303] {subprocess.py:62} INFO - Tmp dir root location: 
 /tmp
[2022-07-11 08:34:45,304] {subprocess.py:74} INFO - Running command: ['bash', '-c', "echo 'accurate' "]
[2022-07-11 08:34:45,312] {subprocess.py:85} INFO - Output:
[2022-07-11 08:34:45,314] {subprocess.py:89} INFO - accurate
[2022-07-11 08:34:45,314] {subprocess.py:93} INFO - Command exited with return code 0
[2022-07-11 08:34:45,333] {taskinstance.py:1288} INFO - Marking task as SUCCESS. dag_id=my_dag, task_id=accurate, execution_date=20220711T083442, start_date=20220711T083445, end_date=20220711T083445
[2022-07-11 08:34:45,363] {local_task_job.py:154} INFO - Task exited with return code 0
[2022-07-11 08:34:45,386] {local_task_job.py:264} INFO - 0 downstream tasks scheduled from follow-on schedule check
