[2022-07-08 05:12:54,211] {taskinstance.py:1043} INFO - Dependencies all met for <TaskInstance: example_complex.create_entry_group_result2 manual__2022-07-08T05:12:51.766586+00:00 [queued]>
[2022-07-08 05:12:54,221] {taskinstance.py:1043} INFO - Dependencies all met for <TaskInstance: example_complex.create_entry_group_result2 manual__2022-07-08T05:12:51.766586+00:00 [queued]>
[2022-07-08 05:12:54,221] {taskinstance.py:1249} INFO - 
--------------------------------------------------------------------------------
[2022-07-08 05:12:54,221] {taskinstance.py:1250} INFO - Starting attempt 1 of 1
[2022-07-08 05:12:54,221] {taskinstance.py:1251} INFO - 
--------------------------------------------------------------------------------
[2022-07-08 05:12:54,247] {taskinstance.py:1270} INFO - Executing <Task(BashOperator): create_entry_group_result2> on 2022-07-08 05:12:51.766586+00:00
[2022-07-08 05:12:54,255] {standard_task_runner.py:52} INFO - Started process 1754 to run task
[2022-07-08 05:12:54,261] {standard_task_runner.py:79} INFO - Running: ['***', 'tasks', 'run', 'example_complex', 'create_entry_group_result2', 'manual__2022-07-08T05:12:51.766586+00:00', '--job-id', '8', '--raw', '--subdir', '/home/***/.local/lib/python3.7/site-packages/***/example_dags/example_complex.py', '--cfg-path', '/tmp/tmpug4tfne5', '--error-file', '/tmp/tmpbu1f9hst']
[2022-07-08 05:12:54,261] {standard_task_runner.py:80} INFO - Job 8: Subtask create_entry_group_result2
[2022-07-08 05:12:54,341] {logging_mixin.py:109} INFO - Running <TaskInstance: example_complex.create_entry_group_result2 manual__2022-07-08T05:12:51.766586+00:00 [running]> on host 6a15fbc57503
[2022-07-08 05:12:54,413] {taskinstance.py:1448} INFO - Exporting the following env vars:
AIRFLOW_CTX_DAG_OWNER=***
AIRFLOW_CTX_DAG_ID=example_complex
AIRFLOW_CTX_TASK_ID=create_entry_group_result2
AIRFLOW_CTX_EXECUTION_DATE=2022-07-08T05:12:51.766586+00:00
AIRFLOW_CTX_DAG_RUN_ID=manual__2022-07-08T05:12:51.766586+00:00
[2022-07-08 05:12:54,414] {subprocess.py:62} INFO - Tmp dir root location: 
 /tmp
[2022-07-08 05:12:54,416] {subprocess.py:74} INFO - Running command: ['bash', '-c', 'echo create_entry_group_result2']
[2022-07-08 05:12:54,428] {subprocess.py:85} INFO - Output:
[2022-07-08 05:12:54,430] {subprocess.py:89} INFO - create_entry_group_result2
[2022-07-08 05:12:54,430] {subprocess.py:93} INFO - Command exited with return code 0
[2022-07-08 05:12:54,463] {taskinstance.py:1288} INFO - Marking task as SUCCESS. dag_id=example_complex, task_id=create_entry_group_result2, execution_date=20220708T051251, start_date=20220708T051254, end_date=20220708T051254
[2022-07-08 05:12:54,511] {local_task_job.py:154} INFO - Task exited with return code 0
[2022-07-08 05:12:54,578] {local_task_job.py:264} INFO - 0 downstream tasks scheduled from follow-on schedule check
