[2022-07-08 05:22:52,866] {taskinstance.py:1043} INFO - Dependencies all met for <TaskInstance: example_complex.get_entry manual__2022-07-08T05:22:48.487322+00:00 [queued]>
[2022-07-08 05:22:52,884] {taskinstance.py:1043} INFO - Dependencies all met for <TaskInstance: example_complex.get_entry manual__2022-07-08T05:22:48.487322+00:00 [queued]>
[2022-07-08 05:22:52,884] {taskinstance.py:1249} INFO - 
--------------------------------------------------------------------------------
[2022-07-08 05:22:52,884] {taskinstance.py:1250} INFO - Starting attempt 1 of 1
[2022-07-08 05:22:52,884] {taskinstance.py:1251} INFO - 
--------------------------------------------------------------------------------
[2022-07-08 05:22:52,897] {taskinstance.py:1270} INFO - Executing <Task(BashOperator): get_entry> on 2022-07-08 05:22:48.487322+00:00
[2022-07-08 05:22:52,904] {standard_task_runner.py:52} INFO - Started process 2412 to run task
[2022-07-08 05:22:52,913] {standard_task_runner.py:79} INFO - Running: ['***', 'tasks', 'run', 'example_complex', 'get_entry', 'manual__2022-07-08T05:22:48.487322+00:00', '--job-id', '74', '--raw', '--subdir', 'DAGS_FOLDER/complex_task.py', '--cfg-path', '/tmp/tmp3gxnqofp', '--error-file', '/tmp/tmpfstr4356']
[2022-07-08 05:22:52,917] {standard_task_runner.py:80} INFO - Job 74: Subtask get_entry
[2022-07-08 05:22:53,018] {logging_mixin.py:109} INFO - Running <TaskInstance: example_complex.get_entry manual__2022-07-08T05:22:48.487322+00:00 [running]> on host 6a15fbc57503
[2022-07-08 05:22:53,169] {taskinstance.py:1448} INFO - Exporting the following env vars:
AIRFLOW_CTX_DAG_OWNER=***
AIRFLOW_CTX_DAG_ID=example_complex
AIRFLOW_CTX_TASK_ID=get_entry
AIRFLOW_CTX_EXECUTION_DATE=2022-07-08T05:22:48.487322+00:00
AIRFLOW_CTX_DAG_RUN_ID=manual__2022-07-08T05:22:48.487322+00:00
[2022-07-08 05:22:53,170] {subprocess.py:62} INFO - Tmp dir root location: 
 /tmp
[2022-07-08 05:22:53,171] {subprocess.py:74} INFO - Running command: ['bash', '-c', 'echo get_entry']
[2022-07-08 05:22:53,202] {subprocess.py:85} INFO - Output:
[2022-07-08 05:22:53,205] {subprocess.py:89} INFO - get_entry
[2022-07-08 05:22:53,207] {subprocess.py:93} INFO - Command exited with return code 0
[2022-07-08 05:22:53,380] {taskinstance.py:1288} INFO - Marking task as SUCCESS. dag_id=example_complex, task_id=get_entry, execution_date=20220708T052248, start_date=20220708T052252, end_date=20220708T052253
[2022-07-08 05:22:53,427] {local_task_job.py:154} INFO - Task exited with return code 0
[2022-07-08 05:22:53,491] {local_task_job.py:264} INFO - 1 downstream tasks scheduled from follow-on schedule check
