[2022-07-10 12:44:55,273] {processor.py:163} INFO - Started process (PID=58) to work on /home/airflow/.local/lib/python3.7/site-packages/airflow/example_dags/example_trigger_target_dag.py
[2022-07-10 12:44:55,274] {processor.py:642} INFO - Processing file /home/airflow/.local/lib/python3.7/site-packages/airflow/example_dags/example_trigger_target_dag.py for tasks to queue
[2022-07-10 12:44:55,274] {logging_mixin.py:109} INFO - [2022-07-10 12:44:55,274] {dagbag.py:500} INFO - Filling up the DagBag from /home/airflow/.local/lib/python3.7/site-packages/airflow/example_dags/example_trigger_target_dag.py
[2022-07-10 12:44:55,285] {processor.py:652} INFO - DAG(s) dict_keys(['example_trigger_target_dag']) retrieved from /home/airflow/.local/lib/python3.7/site-packages/airflow/example_dags/example_trigger_target_dag.py
[2022-07-10 12:44:55,298] {logging_mixin.py:109} INFO - [2022-07-10 12:44:55,298] {dag.py:2398} INFO - Sync 1 DAGs
[2022-07-10 12:44:55,309] {logging_mixin.py:109} INFO - [2022-07-10 12:44:55,309] {dag.py:2937} INFO - Setting next_dagrun for example_trigger_target_dag to None
[2022-07-10 12:44:55,316] {processor.py:171} INFO - Processing /home/airflow/.local/lib/python3.7/site-packages/airflow/example_dags/example_trigger_target_dag.py took 0.045 seconds
[2022-07-10 12:45:25,441] {processor.py:163} INFO - Started process (PID=137) to work on /home/airflow/.local/lib/python3.7/site-packages/airflow/example_dags/example_trigger_target_dag.py
[2022-07-10 12:45:25,441] {processor.py:642} INFO - Processing file /home/airflow/.local/lib/python3.7/site-packages/airflow/example_dags/example_trigger_target_dag.py for tasks to queue
[2022-07-10 12:45:25,441] {logging_mixin.py:109} INFO - [2022-07-10 12:45:25,441] {dagbag.py:500} INFO - Filling up the DagBag from /home/airflow/.local/lib/python3.7/site-packages/airflow/example_dags/example_trigger_target_dag.py
[2022-07-10 12:45:25,452] {processor.py:652} INFO - DAG(s) dict_keys(['example_trigger_target_dag']) retrieved from /home/airflow/.local/lib/python3.7/site-packages/airflow/example_dags/example_trigger_target_dag.py
[2022-07-10 12:45:25,463] {logging_mixin.py:109} INFO - [2022-07-10 12:45:25,463] {dag.py:2398} INFO - Sync 1 DAGs
[2022-07-10 12:45:25,472] {logging_mixin.py:109} INFO - [2022-07-10 12:45:25,472] {dag.py:2937} INFO - Setting next_dagrun for example_trigger_target_dag to None
[2022-07-10 12:45:25,478] {processor.py:171} INFO - Processing /home/airflow/.local/lib/python3.7/site-packages/airflow/example_dags/example_trigger_target_dag.py took 0.039 seconds
[2022-07-10 12:45:56,682] {processor.py:163} INFO - Started process (PID=211) to work on /home/airflow/.local/lib/python3.7/site-packages/airflow/example_dags/example_trigger_target_dag.py
[2022-07-10 12:45:56,683] {processor.py:642} INFO - Processing file /home/airflow/.local/lib/python3.7/site-packages/airflow/example_dags/example_trigger_target_dag.py for tasks to queue
[2022-07-10 12:45:56,683] {logging_mixin.py:109} INFO - [2022-07-10 12:45:56,683] {dagbag.py:500} INFO - Filling up the DagBag from /home/airflow/.local/lib/python3.7/site-packages/airflow/example_dags/example_trigger_target_dag.py
[2022-07-10 12:45:56,696] {processor.py:652} INFO - DAG(s) dict_keys(['example_trigger_target_dag']) retrieved from /home/airflow/.local/lib/python3.7/site-packages/airflow/example_dags/example_trigger_target_dag.py
[2022-07-10 12:45:56,708] {logging_mixin.py:109} INFO - [2022-07-10 12:45:56,708] {dag.py:2398} INFO - Sync 1 DAGs
[2022-07-10 12:45:56,719] {logging_mixin.py:109} INFO - [2022-07-10 12:45:56,718] {dag.py:2937} INFO - Setting next_dagrun for example_trigger_target_dag to None
[2022-07-10 12:45:56,726] {processor.py:171} INFO - Processing /home/airflow/.local/lib/python3.7/site-packages/airflow/example_dags/example_trigger_target_dag.py took 0.045 seconds
[2022-07-10 12:46:27,593] {processor.py:163} INFO - Started process (PID=273) to work on /home/airflow/.local/lib/python3.7/site-packages/airflow/example_dags/example_trigger_target_dag.py
[2022-07-10 12:46:27,594] {processor.py:642} INFO - Processing file /home/airflow/.local/lib/python3.7/site-packages/airflow/example_dags/example_trigger_target_dag.py for tasks to queue
[2022-07-10 12:46:27,594] {logging_mixin.py:109} INFO - [2022-07-10 12:46:27,594] {dagbag.py:500} INFO - Filling up the DagBag from /home/airflow/.local/lib/python3.7/site-packages/airflow/example_dags/example_trigger_target_dag.py
[2022-07-10 12:46:27,605] {processor.py:652} INFO - DAG(s) dict_keys(['example_trigger_target_dag']) retrieved from /home/airflow/.local/lib/python3.7/site-packages/airflow/example_dags/example_trigger_target_dag.py
[2022-07-10 12:46:27,616] {logging_mixin.py:109} INFO - [2022-07-10 12:46:27,616] {dag.py:2398} INFO - Sync 1 DAGs
[2022-07-10 12:46:27,625] {logging_mixin.py:109} INFO - [2022-07-10 12:46:27,624] {dag.py:2937} INFO - Setting next_dagrun for example_trigger_target_dag to None
[2022-07-10 12:46:27,629] {processor.py:171} INFO - Processing /home/airflow/.local/lib/python3.7/site-packages/airflow/example_dags/example_trigger_target_dag.py took 0.038 seconds
[2022-07-10 12:46:58,323] {processor.py:163} INFO - Started process (PID=344) to work on /home/airflow/.local/lib/python3.7/site-packages/airflow/example_dags/example_trigger_target_dag.py
[2022-07-10 12:46:58,323] {processor.py:642} INFO - Processing file /home/airflow/.local/lib/python3.7/site-packages/airflow/example_dags/example_trigger_target_dag.py for tasks to queue
[2022-07-10 12:46:58,323] {logging_mixin.py:109} INFO - [2022-07-10 12:46:58,323] {dagbag.py:500} INFO - Filling up the DagBag from /home/airflow/.local/lib/python3.7/site-packages/airflow/example_dags/example_trigger_target_dag.py
[2022-07-10 12:46:58,334] {processor.py:652} INFO - DAG(s) dict_keys(['example_trigger_target_dag']) retrieved from /home/airflow/.local/lib/python3.7/site-packages/airflow/example_dags/example_trigger_target_dag.py
[2022-07-10 12:46:58,344] {logging_mixin.py:109} INFO - [2022-07-10 12:46:58,344] {dag.py:2398} INFO - Sync 1 DAGs
[2022-07-10 12:46:58,352] {logging_mixin.py:109} INFO - [2022-07-10 12:46:58,352] {dag.py:2937} INFO - Setting next_dagrun for example_trigger_target_dag to None
[2022-07-10 12:46:58,357] {processor.py:171} INFO - Processing /home/airflow/.local/lib/python3.7/site-packages/airflow/example_dags/example_trigger_target_dag.py took 0.036 seconds
[2022-07-10 12:47:29,110] {processor.py:163} INFO - Started process (PID=417) to work on /home/airflow/.local/lib/python3.7/site-packages/airflow/example_dags/example_trigger_target_dag.py
[2022-07-10 12:47:29,110] {processor.py:642} INFO - Processing file /home/airflow/.local/lib/python3.7/site-packages/airflow/example_dags/example_trigger_target_dag.py for tasks to queue
[2022-07-10 12:47:29,111] {logging_mixin.py:109} INFO - [2022-07-10 12:47:29,111] {dagbag.py:500} INFO - Filling up the DagBag from /home/airflow/.local/lib/python3.7/site-packages/airflow/example_dags/example_trigger_target_dag.py
[2022-07-10 12:47:29,121] {processor.py:652} INFO - DAG(s) dict_keys(['example_trigger_target_dag']) retrieved from /home/airflow/.local/lib/python3.7/site-packages/airflow/example_dags/example_trigger_target_dag.py
[2022-07-10 12:47:29,131] {logging_mixin.py:109} INFO - [2022-07-10 12:47:29,131] {dag.py:2398} INFO - Sync 1 DAGs
[2022-07-10 12:47:29,139] {logging_mixin.py:109} INFO - [2022-07-10 12:47:29,139] {dag.py:2937} INFO - Setting next_dagrun for example_trigger_target_dag to None
[2022-07-10 12:47:29,144] {processor.py:171} INFO - Processing /home/airflow/.local/lib/python3.7/site-packages/airflow/example_dags/example_trigger_target_dag.py took 0.035 seconds
[2022-07-10 12:47:59,823] {processor.py:163} INFO - Started process (PID=480) to work on /home/airflow/.local/lib/python3.7/site-packages/airflow/example_dags/example_trigger_target_dag.py
[2022-07-10 12:47:59,824] {processor.py:642} INFO - Processing file /home/airflow/.local/lib/python3.7/site-packages/airflow/example_dags/example_trigger_target_dag.py for tasks to queue
[2022-07-10 12:47:59,824] {logging_mixin.py:109} INFO - [2022-07-10 12:47:59,824] {dagbag.py:500} INFO - Filling up the DagBag from /home/airflow/.local/lib/python3.7/site-packages/airflow/example_dags/example_trigger_target_dag.py
[2022-07-10 12:47:59,835] {processor.py:652} INFO - DAG(s) dict_keys(['example_trigger_target_dag']) retrieved from /home/airflow/.local/lib/python3.7/site-packages/airflow/example_dags/example_trigger_target_dag.py
[2022-07-10 12:47:59,847] {logging_mixin.py:109} INFO - [2022-07-10 12:47:59,847] {dag.py:2398} INFO - Sync 1 DAGs
[2022-07-10 12:47:59,856] {logging_mixin.py:109} INFO - [2022-07-10 12:47:59,856] {dag.py:2937} INFO - Setting next_dagrun for example_trigger_target_dag to None
[2022-07-10 12:47:59,861] {processor.py:171} INFO - Processing /home/airflow/.local/lib/python3.7/site-packages/airflow/example_dags/example_trigger_target_dag.py took 0.040 seconds
[2022-07-10 12:48:30,729] {processor.py:163} INFO - Started process (PID=553) to work on /home/airflow/.local/lib/python3.7/site-packages/airflow/example_dags/example_trigger_target_dag.py
[2022-07-10 12:48:30,729] {processor.py:642} INFO - Processing file /home/airflow/.local/lib/python3.7/site-packages/airflow/example_dags/example_trigger_target_dag.py for tasks to queue
[2022-07-10 12:48:30,730] {logging_mixin.py:109} INFO - [2022-07-10 12:48:30,730] {dagbag.py:500} INFO - Filling up the DagBag from /home/airflow/.local/lib/python3.7/site-packages/airflow/example_dags/example_trigger_target_dag.py
[2022-07-10 12:48:30,741] {processor.py:652} INFO - DAG(s) dict_keys(['example_trigger_target_dag']) retrieved from /home/airflow/.local/lib/python3.7/site-packages/airflow/example_dags/example_trigger_target_dag.py
[2022-07-10 12:48:30,752] {logging_mixin.py:109} INFO - [2022-07-10 12:48:30,752] {dag.py:2398} INFO - Sync 1 DAGs
[2022-07-10 12:48:30,761] {logging_mixin.py:109} INFO - [2022-07-10 12:48:30,761] {dag.py:2937} INFO - Setting next_dagrun for example_trigger_target_dag to None
[2022-07-10 12:48:30,767] {processor.py:171} INFO - Processing /home/airflow/.local/lib/python3.7/site-packages/airflow/example_dags/example_trigger_target_dag.py took 0.040 seconds
[2022-07-10 12:49:01,555] {processor.py:163} INFO - Started process (PID=623) to work on /home/airflow/.local/lib/python3.7/site-packages/airflow/example_dags/example_trigger_target_dag.py
[2022-07-10 12:49:01,555] {processor.py:642} INFO - Processing file /home/airflow/.local/lib/python3.7/site-packages/airflow/example_dags/example_trigger_target_dag.py for tasks to queue
[2022-07-10 12:49:01,555] {logging_mixin.py:109} INFO - [2022-07-10 12:49:01,555] {dagbag.py:500} INFO - Filling up the DagBag from /home/airflow/.local/lib/python3.7/site-packages/airflow/example_dags/example_trigger_target_dag.py
[2022-07-10 12:49:01,566] {processor.py:652} INFO - DAG(s) dict_keys(['example_trigger_target_dag']) retrieved from /home/airflow/.local/lib/python3.7/site-packages/airflow/example_dags/example_trigger_target_dag.py
[2022-07-10 12:49:01,576] {logging_mixin.py:109} INFO - [2022-07-10 12:49:01,576] {dag.py:2398} INFO - Sync 1 DAGs
[2022-07-10 12:49:01,585] {logging_mixin.py:109} INFO - [2022-07-10 12:49:01,585] {dag.py:2937} INFO - Setting next_dagrun for example_trigger_target_dag to None
[2022-07-10 12:49:01,591] {processor.py:171} INFO - Processing /home/airflow/.local/lib/python3.7/site-packages/airflow/example_dags/example_trigger_target_dag.py took 0.037 seconds
[2022-07-10 12:49:32,322] {processor.py:163} INFO - Started process (PID=694) to work on /home/airflow/.local/lib/python3.7/site-packages/airflow/example_dags/example_trigger_target_dag.py
[2022-07-10 12:49:32,322] {processor.py:642} INFO - Processing file /home/airflow/.local/lib/python3.7/site-packages/airflow/example_dags/example_trigger_target_dag.py for tasks to queue
[2022-07-10 12:49:32,323] {logging_mixin.py:109} INFO - [2022-07-10 12:49:32,323] {dagbag.py:500} INFO - Filling up the DagBag from /home/airflow/.local/lib/python3.7/site-packages/airflow/example_dags/example_trigger_target_dag.py
[2022-07-10 12:49:32,335] {processor.py:652} INFO - DAG(s) dict_keys(['example_trigger_target_dag']) retrieved from /home/airflow/.local/lib/python3.7/site-packages/airflow/example_dags/example_trigger_target_dag.py
[2022-07-10 12:49:32,347] {logging_mixin.py:109} INFO - [2022-07-10 12:49:32,347] {dag.py:2398} INFO - Sync 1 DAGs
[2022-07-10 12:49:32,357] {logging_mixin.py:109} INFO - [2022-07-10 12:49:32,357] {dag.py:2937} INFO - Setting next_dagrun for example_trigger_target_dag to None
[2022-07-10 12:49:32,362] {processor.py:171} INFO - Processing /home/airflow/.local/lib/python3.7/site-packages/airflow/example_dags/example_trigger_target_dag.py took 0.042 seconds
[2022-07-10 12:50:03,092] {processor.py:163} INFO - Started process (PID=756) to work on /home/airflow/.local/lib/python3.7/site-packages/airflow/example_dags/example_trigger_target_dag.py
[2022-07-10 12:50:03,092] {processor.py:642} INFO - Processing file /home/airflow/.local/lib/python3.7/site-packages/airflow/example_dags/example_trigger_target_dag.py for tasks to queue
[2022-07-10 12:50:03,093] {logging_mixin.py:109} INFO - [2022-07-10 12:50:03,093] {dagbag.py:500} INFO - Filling up the DagBag from /home/airflow/.local/lib/python3.7/site-packages/airflow/example_dags/example_trigger_target_dag.py
[2022-07-10 12:50:03,102] {processor.py:652} INFO - DAG(s) dict_keys(['example_trigger_target_dag']) retrieved from /home/airflow/.local/lib/python3.7/site-packages/airflow/example_dags/example_trigger_target_dag.py
[2022-07-10 12:50:03,113] {logging_mixin.py:109} INFO - [2022-07-10 12:50:03,113] {dag.py:2398} INFO - Sync 1 DAGs
[2022-07-10 12:50:03,122] {logging_mixin.py:109} INFO - [2022-07-10 12:50:03,122] {dag.py:2937} INFO - Setting next_dagrun for example_trigger_target_dag to None
[2022-07-10 12:50:03,128] {processor.py:171} INFO - Processing /home/airflow/.local/lib/python3.7/site-packages/airflow/example_dags/example_trigger_target_dag.py took 0.038 seconds
[2022-07-10 12:50:33,817] {processor.py:163} INFO - Started process (PID=828) to work on /home/airflow/.local/lib/python3.7/site-packages/airflow/example_dags/example_trigger_target_dag.py
[2022-07-10 12:50:33,817] {processor.py:642} INFO - Processing file /home/airflow/.local/lib/python3.7/site-packages/airflow/example_dags/example_trigger_target_dag.py for tasks to queue
[2022-07-10 12:50:33,818] {logging_mixin.py:109} INFO - [2022-07-10 12:50:33,818] {dagbag.py:500} INFO - Filling up the DagBag from /home/airflow/.local/lib/python3.7/site-packages/airflow/example_dags/example_trigger_target_dag.py
[2022-07-10 12:50:33,828] {processor.py:652} INFO - DAG(s) dict_keys(['example_trigger_target_dag']) retrieved from /home/airflow/.local/lib/python3.7/site-packages/airflow/example_dags/example_trigger_target_dag.py
[2022-07-10 12:50:33,838] {logging_mixin.py:109} INFO - [2022-07-10 12:50:33,838] {dag.py:2398} INFO - Sync 1 DAGs
[2022-07-10 12:50:33,848] {logging_mixin.py:109} INFO - [2022-07-10 12:50:33,848] {dag.py:2937} INFO - Setting next_dagrun for example_trigger_target_dag to None
[2022-07-10 12:50:33,854] {processor.py:171} INFO - Processing /home/airflow/.local/lib/python3.7/site-packages/airflow/example_dags/example_trigger_target_dag.py took 0.038 seconds
[2022-07-10 12:51:04,539] {processor.py:163} INFO - Started process (PID=899) to work on /home/airflow/.local/lib/python3.7/site-packages/airflow/example_dags/example_trigger_target_dag.py
[2022-07-10 12:51:04,540] {processor.py:642} INFO - Processing file /home/airflow/.local/lib/python3.7/site-packages/airflow/example_dags/example_trigger_target_dag.py for tasks to queue
[2022-07-10 12:51:04,540] {logging_mixin.py:109} INFO - [2022-07-10 12:51:04,540] {dagbag.py:500} INFO - Filling up the DagBag from /home/airflow/.local/lib/python3.7/site-packages/airflow/example_dags/example_trigger_target_dag.py
[2022-07-10 12:51:04,549] {processor.py:652} INFO - DAG(s) dict_keys(['example_trigger_target_dag']) retrieved from /home/airflow/.local/lib/python3.7/site-packages/airflow/example_dags/example_trigger_target_dag.py
[2022-07-10 12:51:04,560] {logging_mixin.py:109} INFO - [2022-07-10 12:51:04,560] {dag.py:2398} INFO - Sync 1 DAGs
[2022-07-10 12:51:04,569] {logging_mixin.py:109} INFO - [2022-07-10 12:51:04,569] {dag.py:2937} INFO - Setting next_dagrun for example_trigger_target_dag to None
[2022-07-10 12:51:04,574] {processor.py:171} INFO - Processing /home/airflow/.local/lib/python3.7/site-packages/airflow/example_dags/example_trigger_target_dag.py took 0.036 seconds
[2022-07-10 12:51:35,247] {processor.py:163} INFO - Started process (PID=962) to work on /home/airflow/.local/lib/python3.7/site-packages/airflow/example_dags/example_trigger_target_dag.py
[2022-07-10 12:51:35,248] {processor.py:642} INFO - Processing file /home/airflow/.local/lib/python3.7/site-packages/airflow/example_dags/example_trigger_target_dag.py for tasks to queue
[2022-07-10 12:51:35,248] {logging_mixin.py:109} INFO - [2022-07-10 12:51:35,248] {dagbag.py:500} INFO - Filling up the DagBag from /home/airflow/.local/lib/python3.7/site-packages/airflow/example_dags/example_trigger_target_dag.py
[2022-07-10 12:51:35,259] {processor.py:652} INFO - DAG(s) dict_keys(['example_trigger_target_dag']) retrieved from /home/airflow/.local/lib/python3.7/site-packages/airflow/example_dags/example_trigger_target_dag.py
[2022-07-10 12:51:35,270] {logging_mixin.py:109} INFO - [2022-07-10 12:51:35,270] {dag.py:2398} INFO - Sync 1 DAGs
[2022-07-10 12:51:35,281] {logging_mixin.py:109} INFO - [2022-07-10 12:51:35,281] {dag.py:2937} INFO - Setting next_dagrun for example_trigger_target_dag to None
[2022-07-10 12:51:35,286] {processor.py:171} INFO - Processing /home/airflow/.local/lib/python3.7/site-packages/airflow/example_dags/example_trigger_target_dag.py took 0.041 seconds
[2022-07-10 12:52:05,927] {processor.py:163} INFO - Started process (PID=1033) to work on /home/airflow/.local/lib/python3.7/site-packages/airflow/example_dags/example_trigger_target_dag.py
[2022-07-10 12:52:05,928] {processor.py:642} INFO - Processing file /home/airflow/.local/lib/python3.7/site-packages/airflow/example_dags/example_trigger_target_dag.py for tasks to queue
[2022-07-10 12:52:05,928] {logging_mixin.py:109} INFO - [2022-07-10 12:52:05,928] {dagbag.py:500} INFO - Filling up the DagBag from /home/airflow/.local/lib/python3.7/site-packages/airflow/example_dags/example_trigger_target_dag.py
[2022-07-10 12:52:05,939] {processor.py:652} INFO - DAG(s) dict_keys(['example_trigger_target_dag']) retrieved from /home/airflow/.local/lib/python3.7/site-packages/airflow/example_dags/example_trigger_target_dag.py
[2022-07-10 12:52:05,950] {logging_mixin.py:109} INFO - [2022-07-10 12:52:05,950] {dag.py:2398} INFO - Sync 1 DAGs
[2022-07-10 12:52:05,960] {logging_mixin.py:109} INFO - [2022-07-10 12:52:05,960] {dag.py:2937} INFO - Setting next_dagrun for example_trigger_target_dag to None
[2022-07-10 12:52:05,965] {processor.py:171} INFO - Processing /home/airflow/.local/lib/python3.7/site-packages/airflow/example_dags/example_trigger_target_dag.py took 0.040 seconds
[2022-07-10 12:52:36,304] {processor.py:163} INFO - Started process (PID=1106) to work on /home/airflow/.local/lib/python3.7/site-packages/airflow/example_dags/example_trigger_target_dag.py
[2022-07-10 12:52:36,304] {processor.py:642} INFO - Processing file /home/airflow/.local/lib/python3.7/site-packages/airflow/example_dags/example_trigger_target_dag.py for tasks to queue
[2022-07-10 12:52:36,304] {logging_mixin.py:109} INFO - [2022-07-10 12:52:36,304] {dagbag.py:500} INFO - Filling up the DagBag from /home/airflow/.local/lib/python3.7/site-packages/airflow/example_dags/example_trigger_target_dag.py
[2022-07-10 12:52:36,315] {processor.py:652} INFO - DAG(s) dict_keys(['example_trigger_target_dag']) retrieved from /home/airflow/.local/lib/python3.7/site-packages/airflow/example_dags/example_trigger_target_dag.py
[2022-07-10 12:52:36,325] {logging_mixin.py:109} INFO - [2022-07-10 12:52:36,325] {dag.py:2398} INFO - Sync 1 DAGs
[2022-07-10 12:52:36,334] {logging_mixin.py:109} INFO - [2022-07-10 12:52:36,334] {dag.py:2937} INFO - Setting next_dagrun for example_trigger_target_dag to None
[2022-07-10 12:52:36,339] {processor.py:171} INFO - Processing /home/airflow/.local/lib/python3.7/site-packages/airflow/example_dags/example_trigger_target_dag.py took 0.037 seconds
[2022-07-10 12:53:07,034] {processor.py:163} INFO - Started process (PID=1168) to work on /home/airflow/.local/lib/python3.7/site-packages/airflow/example_dags/example_trigger_target_dag.py
[2022-07-10 12:53:07,034] {processor.py:642} INFO - Processing file /home/airflow/.local/lib/python3.7/site-packages/airflow/example_dags/example_trigger_target_dag.py for tasks to queue
[2022-07-10 12:53:07,035] {logging_mixin.py:109} INFO - [2022-07-10 12:53:07,035] {dagbag.py:500} INFO - Filling up the DagBag from /home/airflow/.local/lib/python3.7/site-packages/airflow/example_dags/example_trigger_target_dag.py
[2022-07-10 12:53:07,045] {processor.py:652} INFO - DAG(s) dict_keys(['example_trigger_target_dag']) retrieved from /home/airflow/.local/lib/python3.7/site-packages/airflow/example_dags/example_trigger_target_dag.py
[2022-07-10 12:53:07,056] {logging_mixin.py:109} INFO - [2022-07-10 12:53:07,056] {dag.py:2398} INFO - Sync 1 DAGs
[2022-07-10 12:53:07,067] {logging_mixin.py:109} INFO - [2022-07-10 12:53:07,067] {dag.py:2937} INFO - Setting next_dagrun for example_trigger_target_dag to None
[2022-07-10 12:53:07,072] {processor.py:171} INFO - Processing /home/airflow/.local/lib/python3.7/site-packages/airflow/example_dags/example_trigger_target_dag.py took 0.040 seconds
[2022-07-10 12:53:37,777] {processor.py:163} INFO - Started process (PID=1239) to work on /home/airflow/.local/lib/python3.7/site-packages/airflow/example_dags/example_trigger_target_dag.py
[2022-07-10 12:53:37,778] {processor.py:642} INFO - Processing file /home/airflow/.local/lib/python3.7/site-packages/airflow/example_dags/example_trigger_target_dag.py for tasks to queue
[2022-07-10 12:53:37,778] {logging_mixin.py:109} INFO - [2022-07-10 12:53:37,778] {dagbag.py:500} INFO - Filling up the DagBag from /home/airflow/.local/lib/python3.7/site-packages/airflow/example_dags/example_trigger_target_dag.py
[2022-07-10 12:53:37,789] {processor.py:652} INFO - DAG(s) dict_keys(['example_trigger_target_dag']) retrieved from /home/airflow/.local/lib/python3.7/site-packages/airflow/example_dags/example_trigger_target_dag.py
[2022-07-10 12:53:37,800] {logging_mixin.py:109} INFO - [2022-07-10 12:53:37,800] {dag.py:2398} INFO - Sync 1 DAGs
[2022-07-10 12:53:37,811] {logging_mixin.py:109} INFO - [2022-07-10 12:53:37,811] {dag.py:2937} INFO - Setting next_dagrun for example_trigger_target_dag to None
[2022-07-10 12:53:37,816] {processor.py:171} INFO - Processing /home/airflow/.local/lib/python3.7/site-packages/airflow/example_dags/example_trigger_target_dag.py took 0.040 seconds
[2022-07-10 12:54:08,437] {processor.py:163} INFO - Started process (PID=1310) to work on /home/airflow/.local/lib/python3.7/site-packages/airflow/example_dags/example_trigger_target_dag.py
[2022-07-10 12:54:08,437] {processor.py:642} INFO - Processing file /home/airflow/.local/lib/python3.7/site-packages/airflow/example_dags/example_trigger_target_dag.py for tasks to queue
[2022-07-10 12:54:08,438] {logging_mixin.py:109} INFO - [2022-07-10 12:54:08,438] {dagbag.py:500} INFO - Filling up the DagBag from /home/airflow/.local/lib/python3.7/site-packages/airflow/example_dags/example_trigger_target_dag.py
[2022-07-10 12:54:08,447] {processor.py:652} INFO - DAG(s) dict_keys(['example_trigger_target_dag']) retrieved from /home/airflow/.local/lib/python3.7/site-packages/airflow/example_dags/example_trigger_target_dag.py
[2022-07-10 12:54:08,458] {logging_mixin.py:109} INFO - [2022-07-10 12:54:08,458] {dag.py:2398} INFO - Sync 1 DAGs
[2022-07-10 12:54:08,467] {logging_mixin.py:109} INFO - [2022-07-10 12:54:08,467] {dag.py:2937} INFO - Setting next_dagrun for example_trigger_target_dag to None
[2022-07-10 12:54:08,472] {processor.py:171} INFO - Processing /home/airflow/.local/lib/python3.7/site-packages/airflow/example_dags/example_trigger_target_dag.py took 0.037 seconds
[2022-07-10 12:54:39,471] {processor.py:163} INFO - Started process (PID=1384) to work on /home/airflow/.local/lib/python3.7/site-packages/airflow/example_dags/example_trigger_target_dag.py
[2022-07-10 12:54:39,472] {processor.py:642} INFO - Processing file /home/airflow/.local/lib/python3.7/site-packages/airflow/example_dags/example_trigger_target_dag.py for tasks to queue
[2022-07-10 12:54:39,472] {logging_mixin.py:109} INFO - [2022-07-10 12:54:39,472] {dagbag.py:500} INFO - Filling up the DagBag from /home/airflow/.local/lib/python3.7/site-packages/airflow/example_dags/example_trigger_target_dag.py
[2022-07-10 12:54:39,483] {processor.py:652} INFO - DAG(s) dict_keys(['example_trigger_target_dag']) retrieved from /home/airflow/.local/lib/python3.7/site-packages/airflow/example_dags/example_trigger_target_dag.py
[2022-07-10 12:54:39,493] {logging_mixin.py:109} INFO - [2022-07-10 12:54:39,493] {dag.py:2398} INFO - Sync 1 DAGs
[2022-07-10 12:54:39,503] {logging_mixin.py:109} INFO - [2022-07-10 12:54:39,503] {dag.py:2937} INFO - Setting next_dagrun for example_trigger_target_dag to None
[2022-07-10 12:54:39,508] {processor.py:171} INFO - Processing /home/airflow/.local/lib/python3.7/site-packages/airflow/example_dags/example_trigger_target_dag.py took 0.039 seconds
[2022-07-10 12:55:10,454] {processor.py:163} INFO - Started process (PID=1446) to work on /home/airflow/.local/lib/python3.7/site-packages/airflow/example_dags/example_trigger_target_dag.py
[2022-07-10 12:55:10,455] {processor.py:642} INFO - Processing file /home/airflow/.local/lib/python3.7/site-packages/airflow/example_dags/example_trigger_target_dag.py for tasks to queue
[2022-07-10 12:55:10,455] {logging_mixin.py:109} INFO - [2022-07-10 12:55:10,455] {dagbag.py:500} INFO - Filling up the DagBag from /home/airflow/.local/lib/python3.7/site-packages/airflow/example_dags/example_trigger_target_dag.py
[2022-07-10 12:55:10,467] {processor.py:652} INFO - DAG(s) dict_keys(['example_trigger_target_dag']) retrieved from /home/airflow/.local/lib/python3.7/site-packages/airflow/example_dags/example_trigger_target_dag.py
[2022-07-10 12:55:10,481] {logging_mixin.py:109} INFO - [2022-07-10 12:55:10,481] {dag.py:2398} INFO - Sync 1 DAGs
[2022-07-10 12:55:10,495] {logging_mixin.py:109} INFO - [2022-07-10 12:55:10,495] {dag.py:2937} INFO - Setting next_dagrun for example_trigger_target_dag to None
[2022-07-10 12:55:10,503] {processor.py:171} INFO - Processing /home/airflow/.local/lib/python3.7/site-packages/airflow/example_dags/example_trigger_target_dag.py took 0.051 seconds
[2022-07-10 12:55:40,927] {processor.py:163} INFO - Started process (PID=1518) to work on /home/airflow/.local/lib/python3.7/site-packages/airflow/example_dags/example_trigger_target_dag.py
[2022-07-10 12:55:40,928] {processor.py:642} INFO - Processing file /home/airflow/.local/lib/python3.7/site-packages/airflow/example_dags/example_trigger_target_dag.py for tasks to queue
[2022-07-10 12:55:40,928] {logging_mixin.py:109} INFO - [2022-07-10 12:55:40,928] {dagbag.py:500} INFO - Filling up the DagBag from /home/airflow/.local/lib/python3.7/site-packages/airflow/example_dags/example_trigger_target_dag.py
[2022-07-10 12:55:40,938] {processor.py:652} INFO - DAG(s) dict_keys(['example_trigger_target_dag']) retrieved from /home/airflow/.local/lib/python3.7/site-packages/airflow/example_dags/example_trigger_target_dag.py
[2022-07-10 12:55:40,949] {logging_mixin.py:109} INFO - [2022-07-10 12:55:40,949] {dag.py:2398} INFO - Sync 1 DAGs
[2022-07-10 12:55:40,958] {logging_mixin.py:109} INFO - [2022-07-10 12:55:40,958] {dag.py:2937} INFO - Setting next_dagrun for example_trigger_target_dag to None
[2022-07-10 12:55:40,964] {processor.py:171} INFO - Processing /home/airflow/.local/lib/python3.7/site-packages/airflow/example_dags/example_trigger_target_dag.py took 0.039 seconds
[2022-07-10 12:56:11,718] {processor.py:163} INFO - Started process (PID=1589) to work on /home/airflow/.local/lib/python3.7/site-packages/airflow/example_dags/example_trigger_target_dag.py
[2022-07-10 12:56:11,718] {processor.py:642} INFO - Processing file /home/airflow/.local/lib/python3.7/site-packages/airflow/example_dags/example_trigger_target_dag.py for tasks to queue
[2022-07-10 12:56:11,719] {logging_mixin.py:109} INFO - [2022-07-10 12:56:11,719] {dagbag.py:500} INFO - Filling up the DagBag from /home/airflow/.local/lib/python3.7/site-packages/airflow/example_dags/example_trigger_target_dag.py
[2022-07-10 12:56:11,730] {processor.py:652} INFO - DAG(s) dict_keys(['example_trigger_target_dag']) retrieved from /home/airflow/.local/lib/python3.7/site-packages/airflow/example_dags/example_trigger_target_dag.py
[2022-07-10 12:56:11,742] {logging_mixin.py:109} INFO - [2022-07-10 12:56:11,742] {dag.py:2398} INFO - Sync 1 DAGs
[2022-07-10 12:56:11,755] {logging_mixin.py:109} INFO - [2022-07-10 12:56:11,755] {dag.py:2937} INFO - Setting next_dagrun for example_trigger_target_dag to None
[2022-07-10 12:56:11,763] {processor.py:171} INFO - Processing /home/airflow/.local/lib/python3.7/site-packages/airflow/example_dags/example_trigger_target_dag.py took 0.047 seconds
[2022-07-10 12:56:42,641] {processor.py:163} INFO - Started process (PID=1650) to work on /home/airflow/.local/lib/python3.7/site-packages/airflow/example_dags/example_trigger_target_dag.py
[2022-07-10 12:56:42,642] {processor.py:642} INFO - Processing file /home/airflow/.local/lib/python3.7/site-packages/airflow/example_dags/example_trigger_target_dag.py for tasks to queue
[2022-07-10 12:56:42,642] {logging_mixin.py:109} INFO - [2022-07-10 12:56:42,642] {dagbag.py:500} INFO - Filling up the DagBag from /home/airflow/.local/lib/python3.7/site-packages/airflow/example_dags/example_trigger_target_dag.py
[2022-07-10 12:56:42,652] {processor.py:652} INFO - DAG(s) dict_keys(['example_trigger_target_dag']) retrieved from /home/airflow/.local/lib/python3.7/site-packages/airflow/example_dags/example_trigger_target_dag.py
[2022-07-10 12:56:42,667] {logging_mixin.py:109} INFO - [2022-07-10 12:56:42,667] {dag.py:2398} INFO - Sync 1 DAGs
[2022-07-10 12:56:42,677] {logging_mixin.py:109} INFO - [2022-07-10 12:56:42,677] {dag.py:2937} INFO - Setting next_dagrun for example_trigger_target_dag to None
[2022-07-10 12:56:42,683] {processor.py:171} INFO - Processing /home/airflow/.local/lib/python3.7/site-packages/airflow/example_dags/example_trigger_target_dag.py took 0.043 seconds
[2022-07-10 12:57:13,407] {processor.py:163} INFO - Started process (PID=1721) to work on /home/airflow/.local/lib/python3.7/site-packages/airflow/example_dags/example_trigger_target_dag.py
[2022-07-10 12:57:13,408] {processor.py:642} INFO - Processing file /home/airflow/.local/lib/python3.7/site-packages/airflow/example_dags/example_trigger_target_dag.py for tasks to queue
[2022-07-10 12:57:13,408] {logging_mixin.py:109} INFO - [2022-07-10 12:57:13,408] {dagbag.py:500} INFO - Filling up the DagBag from /home/airflow/.local/lib/python3.7/site-packages/airflow/example_dags/example_trigger_target_dag.py
[2022-07-10 12:57:13,419] {processor.py:652} INFO - DAG(s) dict_keys(['example_trigger_target_dag']) retrieved from /home/airflow/.local/lib/python3.7/site-packages/airflow/example_dags/example_trigger_target_dag.py
[2022-07-10 12:57:13,430] {logging_mixin.py:109} INFO - [2022-07-10 12:57:13,430] {dag.py:2398} INFO - Sync 1 DAGs
[2022-07-10 12:57:13,443] {logging_mixin.py:109} INFO - [2022-07-10 12:57:13,443] {dag.py:2937} INFO - Setting next_dagrun for example_trigger_target_dag to None
[2022-07-10 12:57:13,450] {processor.py:171} INFO - Processing /home/airflow/.local/lib/python3.7/site-packages/airflow/example_dags/example_trigger_target_dag.py took 0.044 seconds
[2022-07-10 12:57:44,383] {processor.py:163} INFO - Started process (PID=1793) to work on /home/airflow/.local/lib/python3.7/site-packages/airflow/example_dags/example_trigger_target_dag.py
[2022-07-10 12:57:44,384] {processor.py:642} INFO - Processing file /home/airflow/.local/lib/python3.7/site-packages/airflow/example_dags/example_trigger_target_dag.py for tasks to queue
[2022-07-10 12:57:44,384] {logging_mixin.py:109} INFO - [2022-07-10 12:57:44,384] {dagbag.py:500} INFO - Filling up the DagBag from /home/airflow/.local/lib/python3.7/site-packages/airflow/example_dags/example_trigger_target_dag.py
[2022-07-10 12:57:44,395] {processor.py:652} INFO - DAG(s) dict_keys(['example_trigger_target_dag']) retrieved from /home/airflow/.local/lib/python3.7/site-packages/airflow/example_dags/example_trigger_target_dag.py
[2022-07-10 12:57:44,409] {logging_mixin.py:109} INFO - [2022-07-10 12:57:44,409] {dag.py:2398} INFO - Sync 1 DAGs
[2022-07-10 12:57:44,422] {logging_mixin.py:109} INFO - [2022-07-10 12:57:44,422] {dag.py:2937} INFO - Setting next_dagrun for example_trigger_target_dag to None
[2022-07-10 12:57:44,429] {processor.py:171} INFO - Processing /home/airflow/.local/lib/python3.7/site-packages/airflow/example_dags/example_trigger_target_dag.py took 0.048 seconds
[2022-07-10 12:58:14,770] {processor.py:163} INFO - Started process (PID=1856) to work on /home/airflow/.local/lib/python3.7/site-packages/airflow/example_dags/example_trigger_target_dag.py
[2022-07-10 12:58:14,770] {processor.py:642} INFO - Processing file /home/airflow/.local/lib/python3.7/site-packages/airflow/example_dags/example_trigger_target_dag.py for tasks to queue
[2022-07-10 12:58:14,771] {logging_mixin.py:109} INFO - [2022-07-10 12:58:14,771] {dagbag.py:500} INFO - Filling up the DagBag from /home/airflow/.local/lib/python3.7/site-packages/airflow/example_dags/example_trigger_target_dag.py
[2022-07-10 12:58:14,783] {processor.py:652} INFO - DAG(s) dict_keys(['example_trigger_target_dag']) retrieved from /home/airflow/.local/lib/python3.7/site-packages/airflow/example_dags/example_trigger_target_dag.py
[2022-07-10 12:58:14,795] {logging_mixin.py:109} INFO - [2022-07-10 12:58:14,795] {dag.py:2398} INFO - Sync 1 DAGs
[2022-07-10 12:58:14,806] {logging_mixin.py:109} INFO - [2022-07-10 12:58:14,806] {dag.py:2937} INFO - Setting next_dagrun for example_trigger_target_dag to None
[2022-07-10 12:58:14,812] {processor.py:171} INFO - Processing /home/airflow/.local/lib/python3.7/site-packages/airflow/example_dags/example_trigger_target_dag.py took 0.044 seconds
[2022-07-10 12:58:45,419] {processor.py:163} INFO - Started process (PID=1928) to work on /home/airflow/.local/lib/python3.7/site-packages/airflow/example_dags/example_trigger_target_dag.py
[2022-07-10 12:58:45,420] {processor.py:642} INFO - Processing file /home/airflow/.local/lib/python3.7/site-packages/airflow/example_dags/example_trigger_target_dag.py for tasks to queue
[2022-07-10 12:58:45,420] {logging_mixin.py:109} INFO - [2022-07-10 12:58:45,420] {dagbag.py:500} INFO - Filling up the DagBag from /home/airflow/.local/lib/python3.7/site-packages/airflow/example_dags/example_trigger_target_dag.py
[2022-07-10 12:58:45,431] {processor.py:652} INFO - DAG(s) dict_keys(['example_trigger_target_dag']) retrieved from /home/airflow/.local/lib/python3.7/site-packages/airflow/example_dags/example_trigger_target_dag.py
[2022-07-10 12:58:45,443] {logging_mixin.py:109} INFO - [2022-07-10 12:58:45,443] {dag.py:2398} INFO - Sync 1 DAGs
[2022-07-10 12:58:45,453] {logging_mixin.py:109} INFO - [2022-07-10 12:58:45,453] {dag.py:2937} INFO - Setting next_dagrun for example_trigger_target_dag to None
[2022-07-10 12:58:45,458] {processor.py:171} INFO - Processing /home/airflow/.local/lib/python3.7/site-packages/airflow/example_dags/example_trigger_target_dag.py took 0.041 seconds
[2022-07-10 12:59:16,518] {processor.py:163} INFO - Started process (PID=2001) to work on /home/airflow/.local/lib/python3.7/site-packages/airflow/example_dags/example_trigger_target_dag.py
[2022-07-10 12:59:16,519] {processor.py:642} INFO - Processing file /home/airflow/.local/lib/python3.7/site-packages/airflow/example_dags/example_trigger_target_dag.py for tasks to queue
[2022-07-10 12:59:16,519] {logging_mixin.py:109} INFO - [2022-07-10 12:59:16,519] {dagbag.py:500} INFO - Filling up the DagBag from /home/airflow/.local/lib/python3.7/site-packages/airflow/example_dags/example_trigger_target_dag.py
[2022-07-10 12:59:16,530] {processor.py:652} INFO - DAG(s) dict_keys(['example_trigger_target_dag']) retrieved from /home/airflow/.local/lib/python3.7/site-packages/airflow/example_dags/example_trigger_target_dag.py
[2022-07-10 12:59:16,545] {logging_mixin.py:109} INFO - [2022-07-10 12:59:16,545] {dag.py:2398} INFO - Sync 1 DAGs
[2022-07-10 12:59:16,560] {logging_mixin.py:109} INFO - [2022-07-10 12:59:16,560] {dag.py:2937} INFO - Setting next_dagrun for example_trigger_target_dag to None
[2022-07-10 12:59:16,569] {processor.py:171} INFO - Processing /home/airflow/.local/lib/python3.7/site-packages/airflow/example_dags/example_trigger_target_dag.py took 0.053 seconds
[2022-07-10 12:59:47,462] {processor.py:163} INFO - Started process (PID=2063) to work on /home/airflow/.local/lib/python3.7/site-packages/airflow/example_dags/example_trigger_target_dag.py
[2022-07-10 12:59:47,462] {processor.py:642} INFO - Processing file /home/airflow/.local/lib/python3.7/site-packages/airflow/example_dags/example_trigger_target_dag.py for tasks to queue
[2022-07-10 12:59:47,463] {logging_mixin.py:109} INFO - [2022-07-10 12:59:47,463] {dagbag.py:500} INFO - Filling up the DagBag from /home/airflow/.local/lib/python3.7/site-packages/airflow/example_dags/example_trigger_target_dag.py
[2022-07-10 12:59:47,472] {processor.py:652} INFO - DAG(s) dict_keys(['example_trigger_target_dag']) retrieved from /home/airflow/.local/lib/python3.7/site-packages/airflow/example_dags/example_trigger_target_dag.py
[2022-07-10 12:59:47,484] {logging_mixin.py:109} INFO - [2022-07-10 12:59:47,484] {dag.py:2398} INFO - Sync 1 DAGs
[2022-07-10 12:59:47,494] {logging_mixin.py:109} INFO - [2022-07-10 12:59:47,494] {dag.py:2937} INFO - Setting next_dagrun for example_trigger_target_dag to None
[2022-07-10 12:59:47,499] {processor.py:171} INFO - Processing /home/airflow/.local/lib/python3.7/site-packages/airflow/example_dags/example_trigger_target_dag.py took 0.039 seconds
[2022-07-10 13:00:18,052] {processor.py:163} INFO - Started process (PID=2133) to work on /home/airflow/.local/lib/python3.7/site-packages/airflow/example_dags/example_trigger_target_dag.py
[2022-07-10 13:00:18,053] {processor.py:642} INFO - Processing file /home/airflow/.local/lib/python3.7/site-packages/airflow/example_dags/example_trigger_target_dag.py for tasks to queue
[2022-07-10 13:00:18,053] {logging_mixin.py:109} INFO - [2022-07-10 13:00:18,053] {dagbag.py:500} INFO - Filling up the DagBag from /home/airflow/.local/lib/python3.7/site-packages/airflow/example_dags/example_trigger_target_dag.py
[2022-07-10 13:00:18,063] {processor.py:652} INFO - DAG(s) dict_keys(['example_trigger_target_dag']) retrieved from /home/airflow/.local/lib/python3.7/site-packages/airflow/example_dags/example_trigger_target_dag.py
[2022-07-10 13:00:18,074] {logging_mixin.py:109} INFO - [2022-07-10 13:00:18,074] {dag.py:2398} INFO - Sync 1 DAGs
[2022-07-10 13:00:18,084] {logging_mixin.py:109} INFO - [2022-07-10 13:00:18,084] {dag.py:2937} INFO - Setting next_dagrun for example_trigger_target_dag to None
[2022-07-10 13:00:18,090] {processor.py:171} INFO - Processing /home/airflow/.local/lib/python3.7/site-packages/airflow/example_dags/example_trigger_target_dag.py took 0.039 seconds
[2022-07-10 13:00:48,864] {processor.py:163} INFO - Started process (PID=2206) to work on /home/airflow/.local/lib/python3.7/site-packages/airflow/example_dags/example_trigger_target_dag.py
[2022-07-10 13:00:48,865] {processor.py:642} INFO - Processing file /home/airflow/.local/lib/python3.7/site-packages/airflow/example_dags/example_trigger_target_dag.py for tasks to queue
[2022-07-10 13:00:48,865] {logging_mixin.py:109} INFO - [2022-07-10 13:00:48,865] {dagbag.py:500} INFO - Filling up the DagBag from /home/airflow/.local/lib/python3.7/site-packages/airflow/example_dags/example_trigger_target_dag.py
[2022-07-10 13:00:48,878] {processor.py:652} INFO - DAG(s) dict_keys(['example_trigger_target_dag']) retrieved from /home/airflow/.local/lib/python3.7/site-packages/airflow/example_dags/example_trigger_target_dag.py
[2022-07-10 13:00:48,893] {logging_mixin.py:109} INFO - [2022-07-10 13:00:48,893] {dag.py:2398} INFO - Sync 1 DAGs
[2022-07-10 13:00:48,908] {logging_mixin.py:109} INFO - [2022-07-10 13:00:48,908] {dag.py:2937} INFO - Setting next_dagrun for example_trigger_target_dag to None
[2022-07-10 13:00:48,916] {processor.py:171} INFO - Processing /home/airflow/.local/lib/python3.7/site-packages/airflow/example_dags/example_trigger_target_dag.py took 0.054 seconds
[2022-07-10 13:01:19,839] {processor.py:163} INFO - Started process (PID=2268) to work on /home/airflow/.local/lib/python3.7/site-packages/airflow/example_dags/example_trigger_target_dag.py
[2022-07-10 13:01:19,840] {processor.py:642} INFO - Processing file /home/airflow/.local/lib/python3.7/site-packages/airflow/example_dags/example_trigger_target_dag.py for tasks to queue
[2022-07-10 13:01:19,840] {logging_mixin.py:109} INFO - [2022-07-10 13:01:19,840] {dagbag.py:500} INFO - Filling up the DagBag from /home/airflow/.local/lib/python3.7/site-packages/airflow/example_dags/example_trigger_target_dag.py
[2022-07-10 13:01:19,851] {processor.py:652} INFO - DAG(s) dict_keys(['example_trigger_target_dag']) retrieved from /home/airflow/.local/lib/python3.7/site-packages/airflow/example_dags/example_trigger_target_dag.py
[2022-07-10 13:01:19,862] {logging_mixin.py:109} INFO - [2022-07-10 13:01:19,862] {dag.py:2398} INFO - Sync 1 DAGs
[2022-07-10 13:01:19,872] {logging_mixin.py:109} INFO - [2022-07-10 13:01:19,872] {dag.py:2937} INFO - Setting next_dagrun for example_trigger_target_dag to None
[2022-07-10 13:01:19,879] {processor.py:171} INFO - Processing /home/airflow/.local/lib/python3.7/site-packages/airflow/example_dags/example_trigger_target_dag.py took 0.041 seconds
[2022-07-10 13:01:50,618] {processor.py:163} INFO - Started process (PID=2340) to work on /home/airflow/.local/lib/python3.7/site-packages/airflow/example_dags/example_trigger_target_dag.py
[2022-07-10 13:01:50,618] {processor.py:642} INFO - Processing file /home/airflow/.local/lib/python3.7/site-packages/airflow/example_dags/example_trigger_target_dag.py for tasks to queue
[2022-07-10 13:01:50,619] {logging_mixin.py:109} INFO - [2022-07-10 13:01:50,619] {dagbag.py:500} INFO - Filling up the DagBag from /home/airflow/.local/lib/python3.7/site-packages/airflow/example_dags/example_trigger_target_dag.py
[2022-07-10 13:01:50,628] {processor.py:652} INFO - DAG(s) dict_keys(['example_trigger_target_dag']) retrieved from /home/airflow/.local/lib/python3.7/site-packages/airflow/example_dags/example_trigger_target_dag.py
[2022-07-10 13:01:50,639] {logging_mixin.py:109} INFO - [2022-07-10 13:01:50,639] {dag.py:2398} INFO - Sync 1 DAGs
[2022-07-10 13:01:50,648] {logging_mixin.py:109} INFO - [2022-07-10 13:01:50,648] {dag.py:2937} INFO - Setting next_dagrun for example_trigger_target_dag to None
[2022-07-10 13:01:50,653] {processor.py:171} INFO - Processing /home/airflow/.local/lib/python3.7/site-packages/airflow/example_dags/example_trigger_target_dag.py took 0.037 seconds
[2022-07-10 13:02:21,319] {processor.py:163} INFO - Started process (PID=2412) to work on /home/airflow/.local/lib/python3.7/site-packages/airflow/example_dags/example_trigger_target_dag.py
[2022-07-10 13:02:21,320] {processor.py:642} INFO - Processing file /home/airflow/.local/lib/python3.7/site-packages/airflow/example_dags/example_trigger_target_dag.py for tasks to queue
[2022-07-10 13:02:21,320] {logging_mixin.py:109} INFO - [2022-07-10 13:02:21,320] {dagbag.py:500} INFO - Filling up the DagBag from /home/airflow/.local/lib/python3.7/site-packages/airflow/example_dags/example_trigger_target_dag.py
[2022-07-10 13:02:21,330] {processor.py:652} INFO - DAG(s) dict_keys(['example_trigger_target_dag']) retrieved from /home/airflow/.local/lib/python3.7/site-packages/airflow/example_dags/example_trigger_target_dag.py
[2022-07-10 13:02:21,341] {logging_mixin.py:109} INFO - [2022-07-10 13:02:21,341] {dag.py:2398} INFO - Sync 1 DAGs
[2022-07-10 13:02:21,351] {logging_mixin.py:109} INFO - [2022-07-10 13:02:21,351] {dag.py:2937} INFO - Setting next_dagrun for example_trigger_target_dag to None
[2022-07-10 13:02:21,355] {processor.py:171} INFO - Processing /home/airflow/.local/lib/python3.7/site-packages/airflow/example_dags/example_trigger_target_dag.py took 0.038 seconds
[2022-07-10 13:02:52,110] {processor.py:163} INFO - Started process (PID=2475) to work on /home/airflow/.local/lib/python3.7/site-packages/airflow/example_dags/example_trigger_target_dag.py
[2022-07-10 13:02:52,111] {processor.py:642} INFO - Processing file /home/airflow/.local/lib/python3.7/site-packages/airflow/example_dags/example_trigger_target_dag.py for tasks to queue
[2022-07-10 13:02:52,111] {logging_mixin.py:109} INFO - [2022-07-10 13:02:52,111] {dagbag.py:500} INFO - Filling up the DagBag from /home/airflow/.local/lib/python3.7/site-packages/airflow/example_dags/example_trigger_target_dag.py
[2022-07-10 13:02:52,123] {processor.py:652} INFO - DAG(s) dict_keys(['example_trigger_target_dag']) retrieved from /home/airflow/.local/lib/python3.7/site-packages/airflow/example_dags/example_trigger_target_dag.py
[2022-07-10 13:02:52,135] {logging_mixin.py:109} INFO - [2022-07-10 13:02:52,135] {dag.py:2398} INFO - Sync 1 DAGs
[2022-07-10 13:02:52,146] {logging_mixin.py:109} INFO - [2022-07-10 13:02:52,146] {dag.py:2937} INFO - Setting next_dagrun for example_trigger_target_dag to None
[2022-07-10 13:02:52,152] {processor.py:171} INFO - Processing /home/airflow/.local/lib/python3.7/site-packages/airflow/example_dags/example_trigger_target_dag.py took 0.043 seconds
[2022-07-10 13:03:22,917] {processor.py:163} INFO - Started process (PID=2546) to work on /home/airflow/.local/lib/python3.7/site-packages/airflow/example_dags/example_trigger_target_dag.py
[2022-07-10 13:03:22,918] {processor.py:642} INFO - Processing file /home/airflow/.local/lib/python3.7/site-packages/airflow/example_dags/example_trigger_target_dag.py for tasks to queue
[2022-07-10 13:03:22,918] {logging_mixin.py:109} INFO - [2022-07-10 13:03:22,918] {dagbag.py:500} INFO - Filling up the DagBag from /home/airflow/.local/lib/python3.7/site-packages/airflow/example_dags/example_trigger_target_dag.py
[2022-07-10 13:03:22,928] {processor.py:652} INFO - DAG(s) dict_keys(['example_trigger_target_dag']) retrieved from /home/airflow/.local/lib/python3.7/site-packages/airflow/example_dags/example_trigger_target_dag.py
[2022-07-10 13:03:22,939] {logging_mixin.py:109} INFO - [2022-07-10 13:03:22,939] {dag.py:2398} INFO - Sync 1 DAGs
[2022-07-10 13:03:22,949] {logging_mixin.py:109} INFO - [2022-07-10 13:03:22,949] {dag.py:2937} INFO - Setting next_dagrun for example_trigger_target_dag to None
[2022-07-10 13:03:22,954] {processor.py:171} INFO - Processing /home/airflow/.local/lib/python3.7/site-packages/airflow/example_dags/example_trigger_target_dag.py took 0.039 seconds
[2022-07-10 13:03:54,205] {processor.py:163} INFO - Started process (PID=2620) to work on /home/airflow/.local/lib/python3.7/site-packages/airflow/example_dags/example_trigger_target_dag.py
[2022-07-10 13:03:54,205] {processor.py:642} INFO - Processing file /home/airflow/.local/lib/python3.7/site-packages/airflow/example_dags/example_trigger_target_dag.py for tasks to queue
[2022-07-10 13:03:54,206] {logging_mixin.py:109} INFO - [2022-07-10 13:03:54,206] {dagbag.py:500} INFO - Filling up the DagBag from /home/airflow/.local/lib/python3.7/site-packages/airflow/example_dags/example_trigger_target_dag.py
[2022-07-10 13:03:54,215] {processor.py:652} INFO - DAG(s) dict_keys(['example_trigger_target_dag']) retrieved from /home/airflow/.local/lib/python3.7/site-packages/airflow/example_dags/example_trigger_target_dag.py
[2022-07-10 13:03:54,227] {logging_mixin.py:109} INFO - [2022-07-10 13:03:54,226] {dag.py:2398} INFO - Sync 1 DAGs
[2022-07-10 13:03:54,235] {logging_mixin.py:109} INFO - [2022-07-10 13:03:54,235] {dag.py:2937} INFO - Setting next_dagrun for example_trigger_target_dag to None
[2022-07-10 13:03:54,240] {processor.py:171} INFO - Processing /home/airflow/.local/lib/python3.7/site-packages/airflow/example_dags/example_trigger_target_dag.py took 0.037 seconds
[2022-07-10 13:04:24,875] {processor.py:163} INFO - Started process (PID=2682) to work on /home/airflow/.local/lib/python3.7/site-packages/airflow/example_dags/example_trigger_target_dag.py
[2022-07-10 13:04:24,875] {processor.py:642} INFO - Processing file /home/airflow/.local/lib/python3.7/site-packages/airflow/example_dags/example_trigger_target_dag.py for tasks to queue
[2022-07-10 13:04:24,875] {logging_mixin.py:109} INFO - [2022-07-10 13:04:24,875] {dagbag.py:500} INFO - Filling up the DagBag from /home/airflow/.local/lib/python3.7/site-packages/airflow/example_dags/example_trigger_target_dag.py
[2022-07-10 13:04:24,885] {processor.py:652} INFO - DAG(s) dict_keys(['example_trigger_target_dag']) retrieved from /home/airflow/.local/lib/python3.7/site-packages/airflow/example_dags/example_trigger_target_dag.py
[2022-07-10 13:04:24,896] {logging_mixin.py:109} INFO - [2022-07-10 13:04:24,896] {dag.py:2398} INFO - Sync 1 DAGs
[2022-07-10 13:04:24,905] {logging_mixin.py:109} INFO - [2022-07-10 13:04:24,905] {dag.py:2937} INFO - Setting next_dagrun for example_trigger_target_dag to None
[2022-07-10 13:04:24,910] {processor.py:171} INFO - Processing /home/airflow/.local/lib/python3.7/site-packages/airflow/example_dags/example_trigger_target_dag.py took 0.037 seconds
