[2022-07-10 12:44:56,240] {processor.py:163} INFO - Started process (PID=71) to work on /home/airflow/.local/lib/python3.7/site-packages/airflow/example_dags/example_latest_only.py
[2022-07-10 12:44:56,241] {processor.py:642} INFO - Processing file /home/airflow/.local/lib/python3.7/site-packages/airflow/example_dags/example_latest_only.py for tasks to queue
[2022-07-10 12:44:56,241] {logging_mixin.py:109} INFO - [2022-07-10 12:44:56,241] {dagbag.py:500} INFO - Filling up the DagBag from /home/airflow/.local/lib/python3.7/site-packages/airflow/example_dags/example_latest_only.py
[2022-07-10 12:44:56,250] {processor.py:652} INFO - DAG(s) dict_keys(['latest_only']) retrieved from /home/airflow/.local/lib/python3.7/site-packages/airflow/example_dags/example_latest_only.py
[2022-07-10 12:44:56,267] {logging_mixin.py:109} INFO - [2022-07-10 12:44:56,267] {dag.py:2398} INFO - Sync 1 DAGs
[2022-07-10 12:44:56,284] {logging_mixin.py:109} INFO - [2022-07-10 12:44:56,284] {dag.py:2937} INFO - Setting next_dagrun for latest_only to 2022-07-10T08:44:56.284392+00:00
[2022-07-10 12:44:56,294] {processor.py:171} INFO - Processing /home/airflow/.local/lib/python3.7/site-packages/airflow/example_dags/example_latest_only.py took 0.055 seconds
[2022-07-10 12:45:27,285] {processor.py:163} INFO - Started process (PID=151) to work on /home/airflow/.local/lib/python3.7/site-packages/airflow/example_dags/example_latest_only.py
[2022-07-10 12:45:27,286] {processor.py:642} INFO - Processing file /home/airflow/.local/lib/python3.7/site-packages/airflow/example_dags/example_latest_only.py for tasks to queue
[2022-07-10 12:45:27,286] {logging_mixin.py:109} INFO - [2022-07-10 12:45:27,286] {dagbag.py:500} INFO - Filling up the DagBag from /home/airflow/.local/lib/python3.7/site-packages/airflow/example_dags/example_latest_only.py
[2022-07-10 12:45:27,293] {processor.py:652} INFO - DAG(s) dict_keys(['latest_only']) retrieved from /home/airflow/.local/lib/python3.7/site-packages/airflow/example_dags/example_latest_only.py
[2022-07-10 12:45:27,307] {logging_mixin.py:109} INFO - [2022-07-10 12:45:27,307] {dag.py:2398} INFO - Sync 1 DAGs
[2022-07-10 12:45:27,319] {logging_mixin.py:109} INFO - [2022-07-10 12:45:27,319] {dag.py:2937} INFO - Setting next_dagrun for latest_only to 2022-07-10T08:45:27.319674+00:00
[2022-07-10 12:45:27,326] {processor.py:171} INFO - Processing /home/airflow/.local/lib/python3.7/site-packages/airflow/example_dags/example_latest_only.py took 0.043 seconds
[2022-07-10 12:45:57,561] {processor.py:163} INFO - Started process (PID=224) to work on /home/airflow/.local/lib/python3.7/site-packages/airflow/example_dags/example_latest_only.py
[2022-07-10 12:45:57,562] {processor.py:642} INFO - Processing file /home/airflow/.local/lib/python3.7/site-packages/airflow/example_dags/example_latest_only.py for tasks to queue
[2022-07-10 12:45:57,562] {logging_mixin.py:109} INFO - [2022-07-10 12:45:57,562] {dagbag.py:500} INFO - Filling up the DagBag from /home/airflow/.local/lib/python3.7/site-packages/airflow/example_dags/example_latest_only.py
[2022-07-10 12:45:57,570] {processor.py:652} INFO - DAG(s) dict_keys(['latest_only']) retrieved from /home/airflow/.local/lib/python3.7/site-packages/airflow/example_dags/example_latest_only.py
[2022-07-10 12:45:57,583] {logging_mixin.py:109} INFO - [2022-07-10 12:45:57,583] {dag.py:2398} INFO - Sync 1 DAGs
[2022-07-10 12:45:57,593] {logging_mixin.py:109} INFO - [2022-07-10 12:45:57,593] {dag.py:2937} INFO - Setting next_dagrun for latest_only to 2022-07-10T08:45:57.593148+00:00
[2022-07-10 12:45:57,599] {processor.py:171} INFO - Processing /home/airflow/.local/lib/python3.7/site-packages/airflow/example_dags/example_latest_only.py took 0.040 seconds
[2022-07-10 12:46:28,271] {processor.py:163} INFO - Started process (PID=286) to work on /home/airflow/.local/lib/python3.7/site-packages/airflow/example_dags/example_latest_only.py
[2022-07-10 12:46:28,271] {processor.py:642} INFO - Processing file /home/airflow/.local/lib/python3.7/site-packages/airflow/example_dags/example_latest_only.py for tasks to queue
[2022-07-10 12:46:28,272] {logging_mixin.py:109} INFO - [2022-07-10 12:46:28,272] {dagbag.py:500} INFO - Filling up the DagBag from /home/airflow/.local/lib/python3.7/site-packages/airflow/example_dags/example_latest_only.py
[2022-07-10 12:46:28,281] {processor.py:652} INFO - DAG(s) dict_keys(['latest_only']) retrieved from /home/airflow/.local/lib/python3.7/site-packages/airflow/example_dags/example_latest_only.py
[2022-07-10 12:46:28,292] {logging_mixin.py:109} INFO - [2022-07-10 12:46:28,292] {dag.py:2398} INFO - Sync 1 DAGs
[2022-07-10 12:46:28,302] {logging_mixin.py:109} INFO - [2022-07-10 12:46:28,302] {dag.py:2937} INFO - Setting next_dagrun for latest_only to 2022-07-10T08:46:28.302324+00:00
[2022-07-10 12:46:28,307] {processor.py:171} INFO - Processing /home/airflow/.local/lib/python3.7/site-packages/airflow/example_dags/example_latest_only.py took 0.038 seconds
[2022-07-10 12:46:59,012] {processor.py:163} INFO - Started process (PID=358) to work on /home/airflow/.local/lib/python3.7/site-packages/airflow/example_dags/example_latest_only.py
[2022-07-10 12:46:59,013] {processor.py:642} INFO - Processing file /home/airflow/.local/lib/python3.7/site-packages/airflow/example_dags/example_latest_only.py for tasks to queue
[2022-07-10 12:46:59,013] {logging_mixin.py:109} INFO - [2022-07-10 12:46:59,013] {dagbag.py:500} INFO - Filling up the DagBag from /home/airflow/.local/lib/python3.7/site-packages/airflow/example_dags/example_latest_only.py
[2022-07-10 12:46:59,022] {processor.py:652} INFO - DAG(s) dict_keys(['latest_only']) retrieved from /home/airflow/.local/lib/python3.7/site-packages/airflow/example_dags/example_latest_only.py
[2022-07-10 12:46:59,033] {logging_mixin.py:109} INFO - [2022-07-10 12:46:59,033] {dag.py:2398} INFO - Sync 1 DAGs
[2022-07-10 12:46:59,043] {logging_mixin.py:109} INFO - [2022-07-10 12:46:59,043] {dag.py:2937} INFO - Setting next_dagrun for latest_only to 2022-07-10T08:46:59.043347+00:00
[2022-07-10 12:46:59,049] {processor.py:171} INFO - Processing /home/airflow/.local/lib/python3.7/site-packages/airflow/example_dags/example_latest_only.py took 0.038 seconds
[2022-07-10 12:47:29,795] {processor.py:163} INFO - Started process (PID=431) to work on /home/airflow/.local/lib/python3.7/site-packages/airflow/example_dags/example_latest_only.py
[2022-07-10 12:47:29,796] {processor.py:642} INFO - Processing file /home/airflow/.local/lib/python3.7/site-packages/airflow/example_dags/example_latest_only.py for tasks to queue
[2022-07-10 12:47:29,796] {logging_mixin.py:109} INFO - [2022-07-10 12:47:29,796] {dagbag.py:500} INFO - Filling up the DagBag from /home/airflow/.local/lib/python3.7/site-packages/airflow/example_dags/example_latest_only.py
[2022-07-10 12:47:29,805] {processor.py:652} INFO - DAG(s) dict_keys(['latest_only']) retrieved from /home/airflow/.local/lib/python3.7/site-packages/airflow/example_dags/example_latest_only.py
[2022-07-10 12:47:29,817] {logging_mixin.py:109} INFO - [2022-07-10 12:47:29,816] {dag.py:2398} INFO - Sync 1 DAGs
[2022-07-10 12:47:29,826] {logging_mixin.py:109} INFO - [2022-07-10 12:47:29,826] {dag.py:2937} INFO - Setting next_dagrun for latest_only to 2022-07-10T08:47:29.826331+00:00
[2022-07-10 12:47:29,831] {processor.py:171} INFO - Processing /home/airflow/.local/lib/python3.7/site-packages/airflow/example_dags/example_latest_only.py took 0.038 seconds
[2022-07-10 12:48:00,555] {processor.py:163} INFO - Started process (PID=503) to work on /home/airflow/.local/lib/python3.7/site-packages/airflow/example_dags/example_latest_only.py
[2022-07-10 12:48:00,556] {processor.py:642} INFO - Processing file /home/airflow/.local/lib/python3.7/site-packages/airflow/example_dags/example_latest_only.py for tasks to queue
[2022-07-10 12:48:00,556] {logging_mixin.py:109} INFO - [2022-07-10 12:48:00,556] {dagbag.py:500} INFO - Filling up the DagBag from /home/airflow/.local/lib/python3.7/site-packages/airflow/example_dags/example_latest_only.py
[2022-07-10 12:48:00,565] {processor.py:652} INFO - DAG(s) dict_keys(['latest_only']) retrieved from /home/airflow/.local/lib/python3.7/site-packages/airflow/example_dags/example_latest_only.py
[2022-07-10 12:48:00,577] {logging_mixin.py:109} INFO - [2022-07-10 12:48:00,577] {dag.py:2398} INFO - Sync 1 DAGs
[2022-07-10 12:48:00,588] {logging_mixin.py:109} INFO - [2022-07-10 12:48:00,588] {dag.py:2937} INFO - Setting next_dagrun for latest_only to 2022-07-10T08:48:00.588361+00:00
[2022-07-10 12:48:00,595] {processor.py:171} INFO - Processing /home/airflow/.local/lib/python3.7/site-packages/airflow/example_dags/example_latest_only.py took 0.042 seconds
[2022-07-10 12:48:31,443] {processor.py:163} INFO - Started process (PID=566) to work on /home/airflow/.local/lib/python3.7/site-packages/airflow/example_dags/example_latest_only.py
[2022-07-10 12:48:31,444] {processor.py:642} INFO - Processing file /home/airflow/.local/lib/python3.7/site-packages/airflow/example_dags/example_latest_only.py for tasks to queue
[2022-07-10 12:48:31,444] {logging_mixin.py:109} INFO - [2022-07-10 12:48:31,444] {dagbag.py:500} INFO - Filling up the DagBag from /home/airflow/.local/lib/python3.7/site-packages/airflow/example_dags/example_latest_only.py
[2022-07-10 12:48:31,455] {processor.py:652} INFO - DAG(s) dict_keys(['latest_only']) retrieved from /home/airflow/.local/lib/python3.7/site-packages/airflow/example_dags/example_latest_only.py
[2022-07-10 12:48:31,466] {logging_mixin.py:109} INFO - [2022-07-10 12:48:31,466] {dag.py:2398} INFO - Sync 1 DAGs
[2022-07-10 12:48:31,476] {logging_mixin.py:109} INFO - [2022-07-10 12:48:31,476] {dag.py:2937} INFO - Setting next_dagrun for latest_only to 2022-07-10T08:48:31.476231+00:00
[2022-07-10 12:48:31,481] {processor.py:171} INFO - Processing /home/airflow/.local/lib/python3.7/site-packages/airflow/example_dags/example_latest_only.py took 0.040 seconds
[2022-07-10 12:49:02,278] {processor.py:163} INFO - Started process (PID=637) to work on /home/airflow/.local/lib/python3.7/site-packages/airflow/example_dags/example_latest_only.py
[2022-07-10 12:49:02,278] {processor.py:642} INFO - Processing file /home/airflow/.local/lib/python3.7/site-packages/airflow/example_dags/example_latest_only.py for tasks to queue
[2022-07-10 12:49:02,279] {logging_mixin.py:109} INFO - [2022-07-10 12:49:02,279] {dagbag.py:500} INFO - Filling up the DagBag from /home/airflow/.local/lib/python3.7/site-packages/airflow/example_dags/example_latest_only.py
[2022-07-10 12:49:02,288] {processor.py:652} INFO - DAG(s) dict_keys(['latest_only']) retrieved from /home/airflow/.local/lib/python3.7/site-packages/airflow/example_dags/example_latest_only.py
[2022-07-10 12:49:02,299] {logging_mixin.py:109} INFO - [2022-07-10 12:49:02,299] {dag.py:2398} INFO - Sync 1 DAGs
[2022-07-10 12:49:02,309] {logging_mixin.py:109} INFO - [2022-07-10 12:49:02,308] {dag.py:2937} INFO - Setting next_dagrun for latest_only to 2022-07-10T08:49:02.308791+00:00
[2022-07-10 12:49:02,314] {processor.py:171} INFO - Processing /home/airflow/.local/lib/python3.7/site-packages/airflow/example_dags/example_latest_only.py took 0.038 seconds
[2022-07-10 12:49:33,069] {processor.py:163} INFO - Started process (PID=708) to work on /home/airflow/.local/lib/python3.7/site-packages/airflow/example_dags/example_latest_only.py
[2022-07-10 12:49:33,070] {processor.py:642} INFO - Processing file /home/airflow/.local/lib/python3.7/site-packages/airflow/example_dags/example_latest_only.py for tasks to queue
[2022-07-10 12:49:33,070] {logging_mixin.py:109} INFO - [2022-07-10 12:49:33,070] {dagbag.py:500} INFO - Filling up the DagBag from /home/airflow/.local/lib/python3.7/site-packages/airflow/example_dags/example_latest_only.py
[2022-07-10 12:49:33,078] {processor.py:652} INFO - DAG(s) dict_keys(['latest_only']) retrieved from /home/airflow/.local/lib/python3.7/site-packages/airflow/example_dags/example_latest_only.py
[2022-07-10 12:49:33,089] {logging_mixin.py:109} INFO - [2022-07-10 12:49:33,089] {dag.py:2398} INFO - Sync 1 DAGs
[2022-07-10 12:49:33,099] {logging_mixin.py:109} INFO - [2022-07-10 12:49:33,099] {dag.py:2937} INFO - Setting next_dagrun for latest_only to 2022-07-10T08:49:33.099173+00:00
[2022-07-10 12:49:33,107] {processor.py:171} INFO - Processing /home/airflow/.local/lib/python3.7/site-packages/airflow/example_dags/example_latest_only.py took 0.039 seconds
[2022-07-10 12:50:03,813] {processor.py:163} INFO - Started process (PID=770) to work on /home/airflow/.local/lib/python3.7/site-packages/airflow/example_dags/example_latest_only.py
[2022-07-10 12:50:03,814] {processor.py:642} INFO - Processing file /home/airflow/.local/lib/python3.7/site-packages/airflow/example_dags/example_latest_only.py for tasks to queue
[2022-07-10 12:50:03,814] {logging_mixin.py:109} INFO - [2022-07-10 12:50:03,814] {dagbag.py:500} INFO - Filling up the DagBag from /home/airflow/.local/lib/python3.7/site-packages/airflow/example_dags/example_latest_only.py
[2022-07-10 12:50:03,822] {processor.py:652} INFO - DAG(s) dict_keys(['latest_only']) retrieved from /home/airflow/.local/lib/python3.7/site-packages/airflow/example_dags/example_latest_only.py
[2022-07-10 12:50:03,833] {logging_mixin.py:109} INFO - [2022-07-10 12:50:03,833] {dag.py:2398} INFO - Sync 1 DAGs
[2022-07-10 12:50:03,845] {logging_mixin.py:109} INFO - [2022-07-10 12:50:03,844] {dag.py:2937} INFO - Setting next_dagrun for latest_only to 2022-07-10T08:50:03.844759+00:00
[2022-07-10 12:50:03,851] {processor.py:171} INFO - Processing /home/airflow/.local/lib/python3.7/site-packages/airflow/example_dags/example_latest_only.py took 0.040 seconds
[2022-07-10 12:50:34,495] {processor.py:163} INFO - Started process (PID=842) to work on /home/airflow/.local/lib/python3.7/site-packages/airflow/example_dags/example_latest_only.py
[2022-07-10 12:50:34,496] {processor.py:642} INFO - Processing file /home/airflow/.local/lib/python3.7/site-packages/airflow/example_dags/example_latest_only.py for tasks to queue
[2022-07-10 12:50:34,496] {logging_mixin.py:109} INFO - [2022-07-10 12:50:34,496] {dagbag.py:500} INFO - Filling up the DagBag from /home/airflow/.local/lib/python3.7/site-packages/airflow/example_dags/example_latest_only.py
[2022-07-10 12:50:34,504] {processor.py:652} INFO - DAG(s) dict_keys(['latest_only']) retrieved from /home/airflow/.local/lib/python3.7/site-packages/airflow/example_dags/example_latest_only.py
[2022-07-10 12:50:34,515] {logging_mixin.py:109} INFO - [2022-07-10 12:50:34,515] {dag.py:2398} INFO - Sync 1 DAGs
[2022-07-10 12:50:34,524] {logging_mixin.py:109} INFO - [2022-07-10 12:50:34,524] {dag.py:2937} INFO - Setting next_dagrun for latest_only to 2022-07-10T08:50:34.524450+00:00
[2022-07-10 12:50:34,530] {processor.py:171} INFO - Processing /home/airflow/.local/lib/python3.7/site-packages/airflow/example_dags/example_latest_only.py took 0.036 seconds
[2022-07-10 12:51:05,242] {processor.py:163} INFO - Started process (PID=913) to work on /home/airflow/.local/lib/python3.7/site-packages/airflow/example_dags/example_latest_only.py
[2022-07-10 12:51:05,243] {processor.py:642} INFO - Processing file /home/airflow/.local/lib/python3.7/site-packages/airflow/example_dags/example_latest_only.py for tasks to queue
[2022-07-10 12:51:05,243] {logging_mixin.py:109} INFO - [2022-07-10 12:51:05,243] {dagbag.py:500} INFO - Filling up the DagBag from /home/airflow/.local/lib/python3.7/site-packages/airflow/example_dags/example_latest_only.py
[2022-07-10 12:51:05,251] {processor.py:652} INFO - DAG(s) dict_keys(['latest_only']) retrieved from /home/airflow/.local/lib/python3.7/site-packages/airflow/example_dags/example_latest_only.py
[2022-07-10 12:51:05,263] {logging_mixin.py:109} INFO - [2022-07-10 12:51:05,263] {dag.py:2398} INFO - Sync 1 DAGs
[2022-07-10 12:51:05,273] {logging_mixin.py:109} INFO - [2022-07-10 12:51:05,273] {dag.py:2937} INFO - Setting next_dagrun for latest_only to 2022-07-10T08:51:05.273015+00:00
[2022-07-10 12:51:05,279] {processor.py:171} INFO - Processing /home/airflow/.local/lib/python3.7/site-packages/airflow/example_dags/example_latest_only.py took 0.038 seconds
[2022-07-10 12:51:35,919] {processor.py:163} INFO - Started process (PID=976) to work on /home/airflow/.local/lib/python3.7/site-packages/airflow/example_dags/example_latest_only.py
[2022-07-10 12:51:35,919] {processor.py:642} INFO - Processing file /home/airflow/.local/lib/python3.7/site-packages/airflow/example_dags/example_latest_only.py for tasks to queue
[2022-07-10 12:51:35,920] {logging_mixin.py:109} INFO - [2022-07-10 12:51:35,920] {dagbag.py:500} INFO - Filling up the DagBag from /home/airflow/.local/lib/python3.7/site-packages/airflow/example_dags/example_latest_only.py
[2022-07-10 12:51:35,927] {processor.py:652} INFO - DAG(s) dict_keys(['latest_only']) retrieved from /home/airflow/.local/lib/python3.7/site-packages/airflow/example_dags/example_latest_only.py
[2022-07-10 12:51:35,938] {logging_mixin.py:109} INFO - [2022-07-10 12:51:35,938] {dag.py:2398} INFO - Sync 1 DAGs
[2022-07-10 12:51:35,948] {logging_mixin.py:109} INFO - [2022-07-10 12:51:35,948] {dag.py:2937} INFO - Setting next_dagrun for latest_only to 2022-07-10T08:51:35.948681+00:00
[2022-07-10 12:51:35,954] {processor.py:171} INFO - Processing /home/airflow/.local/lib/python3.7/site-packages/airflow/example_dags/example_latest_only.py took 0.037 seconds
[2022-07-10 12:52:06,345] {processor.py:163} INFO - Started process (PID=1047) to work on /home/airflow/.local/lib/python3.7/site-packages/airflow/example_dags/example_latest_only.py
[2022-07-10 12:52:06,346] {processor.py:642} INFO - Processing file /home/airflow/.local/lib/python3.7/site-packages/airflow/example_dags/example_latest_only.py for tasks to queue
[2022-07-10 12:52:06,346] {logging_mixin.py:109} INFO - [2022-07-10 12:52:06,346] {dagbag.py:500} INFO - Filling up the DagBag from /home/airflow/.local/lib/python3.7/site-packages/airflow/example_dags/example_latest_only.py
[2022-07-10 12:52:06,353] {processor.py:652} INFO - DAG(s) dict_keys(['latest_only']) retrieved from /home/airflow/.local/lib/python3.7/site-packages/airflow/example_dags/example_latest_only.py
[2022-07-10 12:52:06,364] {logging_mixin.py:109} INFO - [2022-07-10 12:52:06,364] {dag.py:2398} INFO - Sync 1 DAGs
[2022-07-10 12:52:06,373] {logging_mixin.py:109} INFO - [2022-07-10 12:52:06,373] {dag.py:2937} INFO - Setting next_dagrun for latest_only to 2022-07-10T08:52:06.373305+00:00
[2022-07-10 12:52:06,378] {processor.py:171} INFO - Processing /home/airflow/.local/lib/python3.7/site-packages/airflow/example_dags/example_latest_only.py took 0.035 seconds
[2022-07-10 12:52:36,991] {processor.py:163} INFO - Started process (PID=1119) to work on /home/airflow/.local/lib/python3.7/site-packages/airflow/example_dags/example_latest_only.py
[2022-07-10 12:52:36,992] {processor.py:642} INFO - Processing file /home/airflow/.local/lib/python3.7/site-packages/airflow/example_dags/example_latest_only.py for tasks to queue
[2022-07-10 12:52:36,992] {logging_mixin.py:109} INFO - [2022-07-10 12:52:36,992] {dagbag.py:500} INFO - Filling up the DagBag from /home/airflow/.local/lib/python3.7/site-packages/airflow/example_dags/example_latest_only.py
[2022-07-10 12:52:37,000] {processor.py:652} INFO - DAG(s) dict_keys(['latest_only']) retrieved from /home/airflow/.local/lib/python3.7/site-packages/airflow/example_dags/example_latest_only.py
[2022-07-10 12:52:37,012] {logging_mixin.py:109} INFO - [2022-07-10 12:52:37,012] {dag.py:2398} INFO - Sync 1 DAGs
[2022-07-10 12:52:37,022] {logging_mixin.py:109} INFO - [2022-07-10 12:52:37,022] {dag.py:2937} INFO - Setting next_dagrun for latest_only to 2022-07-10T08:52:37.022068+00:00
[2022-07-10 12:52:37,027] {processor.py:171} INFO - Processing /home/airflow/.local/lib/python3.7/site-packages/airflow/example_dags/example_latest_only.py took 0.038 seconds
[2022-07-10 12:53:07,703] {processor.py:163} INFO - Started process (PID=1182) to work on /home/airflow/.local/lib/python3.7/site-packages/airflow/example_dags/example_latest_only.py
[2022-07-10 12:53:07,704] {processor.py:642} INFO - Processing file /home/airflow/.local/lib/python3.7/site-packages/airflow/example_dags/example_latest_only.py for tasks to queue
[2022-07-10 12:53:07,704] {logging_mixin.py:109} INFO - [2022-07-10 12:53:07,704] {dagbag.py:500} INFO - Filling up the DagBag from /home/airflow/.local/lib/python3.7/site-packages/airflow/example_dags/example_latest_only.py
[2022-07-10 12:53:07,712] {processor.py:652} INFO - DAG(s) dict_keys(['latest_only']) retrieved from /home/airflow/.local/lib/python3.7/site-packages/airflow/example_dags/example_latest_only.py
[2022-07-10 12:53:07,723] {logging_mixin.py:109} INFO - [2022-07-10 12:53:07,723] {dag.py:2398} INFO - Sync 1 DAGs
[2022-07-10 12:53:07,733] {logging_mixin.py:109} INFO - [2022-07-10 12:53:07,733] {dag.py:2937} INFO - Setting next_dagrun for latest_only to 2022-07-10T08:53:07.733379+00:00
[2022-07-10 12:53:07,739] {processor.py:171} INFO - Processing /home/airflow/.local/lib/python3.7/site-packages/airflow/example_dags/example_latest_only.py took 0.037 seconds
[2022-07-10 12:53:38,438] {processor.py:163} INFO - Started process (PID=1253) to work on /home/airflow/.local/lib/python3.7/site-packages/airflow/example_dags/example_latest_only.py
[2022-07-10 12:53:38,438] {processor.py:642} INFO - Processing file /home/airflow/.local/lib/python3.7/site-packages/airflow/example_dags/example_latest_only.py for tasks to queue
[2022-07-10 12:53:38,438] {logging_mixin.py:109} INFO - [2022-07-10 12:53:38,438] {dagbag.py:500} INFO - Filling up the DagBag from /home/airflow/.local/lib/python3.7/site-packages/airflow/example_dags/example_latest_only.py
[2022-07-10 12:53:38,446] {processor.py:652} INFO - DAG(s) dict_keys(['latest_only']) retrieved from /home/airflow/.local/lib/python3.7/site-packages/airflow/example_dags/example_latest_only.py
[2022-07-10 12:53:38,458] {logging_mixin.py:109} INFO - [2022-07-10 12:53:38,458] {dag.py:2398} INFO - Sync 1 DAGs
[2022-07-10 12:53:38,470] {logging_mixin.py:109} INFO - [2022-07-10 12:53:38,470] {dag.py:2937} INFO - Setting next_dagrun for latest_only to 2022-07-10T08:53:38.470363+00:00
[2022-07-10 12:53:38,476] {processor.py:171} INFO - Processing /home/airflow/.local/lib/python3.7/site-packages/airflow/example_dags/example_latest_only.py took 0.040 seconds
[2022-07-10 12:54:09,353] {processor.py:163} INFO - Started process (PID=1324) to work on /home/airflow/.local/lib/python3.7/site-packages/airflow/example_dags/example_latest_only.py
[2022-07-10 12:54:09,354] {processor.py:642} INFO - Processing file /home/airflow/.local/lib/python3.7/site-packages/airflow/example_dags/example_latest_only.py for tasks to queue
[2022-07-10 12:54:09,354] {logging_mixin.py:109} INFO - [2022-07-10 12:54:09,354] {dagbag.py:500} INFO - Filling up the DagBag from /home/airflow/.local/lib/python3.7/site-packages/airflow/example_dags/example_latest_only.py
[2022-07-10 12:54:09,362] {processor.py:652} INFO - DAG(s) dict_keys(['latest_only']) retrieved from /home/airflow/.local/lib/python3.7/site-packages/airflow/example_dags/example_latest_only.py
[2022-07-10 12:54:09,372] {logging_mixin.py:109} INFO - [2022-07-10 12:54:09,372] {dag.py:2398} INFO - Sync 1 DAGs
[2022-07-10 12:54:09,380] {logging_mixin.py:109} INFO - [2022-07-10 12:54:09,380] {dag.py:2937} INFO - Setting next_dagrun for latest_only to 2022-07-10T08:54:09.380568+00:00
[2022-07-10 12:54:09,385] {processor.py:171} INFO - Processing /home/airflow/.local/lib/python3.7/site-packages/airflow/example_dags/example_latest_only.py took 0.033 seconds
[2022-07-10 12:54:40,211] {processor.py:163} INFO - Started process (PID=1397) to work on /home/airflow/.local/lib/python3.7/site-packages/airflow/example_dags/example_latest_only.py
[2022-07-10 12:54:40,212] {processor.py:642} INFO - Processing file /home/airflow/.local/lib/python3.7/site-packages/airflow/example_dags/example_latest_only.py for tasks to queue
[2022-07-10 12:54:40,212] {logging_mixin.py:109} INFO - [2022-07-10 12:54:40,212] {dagbag.py:500} INFO - Filling up the DagBag from /home/airflow/.local/lib/python3.7/site-packages/airflow/example_dags/example_latest_only.py
[2022-07-10 12:54:40,221] {processor.py:652} INFO - DAG(s) dict_keys(['latest_only']) retrieved from /home/airflow/.local/lib/python3.7/site-packages/airflow/example_dags/example_latest_only.py
[2022-07-10 12:54:40,232] {logging_mixin.py:109} INFO - [2022-07-10 12:54:40,232] {dag.py:2398} INFO - Sync 1 DAGs
[2022-07-10 12:54:40,242] {logging_mixin.py:109} INFO - [2022-07-10 12:54:40,242] {dag.py:2937} INFO - Setting next_dagrun for latest_only to 2022-07-10T08:54:40.242345+00:00
[2022-07-10 12:54:40,248] {processor.py:171} INFO - Processing /home/airflow/.local/lib/python3.7/site-packages/airflow/example_dags/example_latest_only.py took 0.039 seconds
[2022-07-10 12:55:11,287] {processor.py:163} INFO - Started process (PID=1460) to work on /home/airflow/.local/lib/python3.7/site-packages/airflow/example_dags/example_latest_only.py
[2022-07-10 12:55:11,288] {processor.py:642} INFO - Processing file /home/airflow/.local/lib/python3.7/site-packages/airflow/example_dags/example_latest_only.py for tasks to queue
[2022-07-10 12:55:11,288] {logging_mixin.py:109} INFO - [2022-07-10 12:55:11,288] {dagbag.py:500} INFO - Filling up the DagBag from /home/airflow/.local/lib/python3.7/site-packages/airflow/example_dags/example_latest_only.py
[2022-07-10 12:55:11,296] {processor.py:652} INFO - DAG(s) dict_keys(['latest_only']) retrieved from /home/airflow/.local/lib/python3.7/site-packages/airflow/example_dags/example_latest_only.py
[2022-07-10 12:55:11,312] {logging_mixin.py:109} INFO - [2022-07-10 12:55:11,311] {dag.py:2398} INFO - Sync 1 DAGs
[2022-07-10 12:55:11,329] {logging_mixin.py:109} INFO - [2022-07-10 12:55:11,329] {dag.py:2937} INFO - Setting next_dagrun for latest_only to 2022-07-10T08:55:11.329084+00:00
[2022-07-10 12:55:11,338] {processor.py:171} INFO - Processing /home/airflow/.local/lib/python3.7/site-packages/airflow/example_dags/example_latest_only.py took 0.052 seconds
[2022-07-10 12:55:41,524] {processor.py:163} INFO - Started process (PID=1531) to work on /home/airflow/.local/lib/python3.7/site-packages/airflow/example_dags/example_latest_only.py
[2022-07-10 12:55:41,524] {processor.py:642} INFO - Processing file /home/airflow/.local/lib/python3.7/site-packages/airflow/example_dags/example_latest_only.py for tasks to queue
[2022-07-10 12:55:41,525] {logging_mixin.py:109} INFO - [2022-07-10 12:55:41,525] {dagbag.py:500} INFO - Filling up the DagBag from /home/airflow/.local/lib/python3.7/site-packages/airflow/example_dags/example_latest_only.py
[2022-07-10 12:55:41,533] {processor.py:652} INFO - DAG(s) dict_keys(['latest_only']) retrieved from /home/airflow/.local/lib/python3.7/site-packages/airflow/example_dags/example_latest_only.py
[2022-07-10 12:55:41,543] {logging_mixin.py:109} INFO - [2022-07-10 12:55:41,543] {dag.py:2398} INFO - Sync 1 DAGs
[2022-07-10 12:55:41,552] {logging_mixin.py:109} INFO - [2022-07-10 12:55:41,552] {dag.py:2937} INFO - Setting next_dagrun for latest_only to 2022-07-10T08:55:41.552747+00:00
[2022-07-10 12:55:41,557] {processor.py:171} INFO - Processing /home/airflow/.local/lib/python3.7/site-packages/airflow/example_dags/example_latest_only.py took 0.035 seconds
[2022-07-10 12:56:12,460] {processor.py:163} INFO - Started process (PID=1602) to work on /home/airflow/.local/lib/python3.7/site-packages/airflow/example_dags/example_latest_only.py
[2022-07-10 12:56:12,461] {processor.py:642} INFO - Processing file /home/airflow/.local/lib/python3.7/site-packages/airflow/example_dags/example_latest_only.py for tasks to queue
[2022-07-10 12:56:12,461] {logging_mixin.py:109} INFO - [2022-07-10 12:56:12,461] {dagbag.py:500} INFO - Filling up the DagBag from /home/airflow/.local/lib/python3.7/site-packages/airflow/example_dags/example_latest_only.py
[2022-07-10 12:56:12,473] {processor.py:652} INFO - DAG(s) dict_keys(['latest_only']) retrieved from /home/airflow/.local/lib/python3.7/site-packages/airflow/example_dags/example_latest_only.py
[2022-07-10 12:56:12,487] {logging_mixin.py:109} INFO - [2022-07-10 12:56:12,486] {dag.py:2398} INFO - Sync 1 DAGs
[2022-07-10 12:56:12,498] {logging_mixin.py:109} INFO - [2022-07-10 12:56:12,498] {dag.py:2937} INFO - Setting next_dagrun for latest_only to 2022-07-10T08:56:12.498544+00:00
[2022-07-10 12:56:12,505] {processor.py:171} INFO - Processing /home/airflow/.local/lib/python3.7/site-packages/airflow/example_dags/example_latest_only.py took 0.046 seconds
[2022-07-10 12:56:43,292] {processor.py:163} INFO - Started process (PID=1663) to work on /home/airflow/.local/lib/python3.7/site-packages/airflow/example_dags/example_latest_only.py
[2022-07-10 12:56:43,292] {processor.py:642} INFO - Processing file /home/airflow/.local/lib/python3.7/site-packages/airflow/example_dags/example_latest_only.py for tasks to queue
[2022-07-10 12:56:43,293] {logging_mixin.py:109} INFO - [2022-07-10 12:56:43,293] {dagbag.py:500} INFO - Filling up the DagBag from /home/airflow/.local/lib/python3.7/site-packages/airflow/example_dags/example_latest_only.py
[2022-07-10 12:56:43,301] {processor.py:652} INFO - DAG(s) dict_keys(['latest_only']) retrieved from /home/airflow/.local/lib/python3.7/site-packages/airflow/example_dags/example_latest_only.py
[2022-07-10 12:56:43,312] {logging_mixin.py:109} INFO - [2022-07-10 12:56:43,312] {dag.py:2398} INFO - Sync 1 DAGs
[2022-07-10 12:56:43,322] {logging_mixin.py:109} INFO - [2022-07-10 12:56:43,322] {dag.py:2937} INFO - Setting next_dagrun for latest_only to 2022-07-10T08:56:43.322025+00:00
[2022-07-10 12:56:43,327] {processor.py:171} INFO - Processing /home/airflow/.local/lib/python3.7/site-packages/airflow/example_dags/example_latest_only.py took 0.037 seconds
[2022-07-10 12:57:14,188] {processor.py:163} INFO - Started process (PID=1735) to work on /home/airflow/.local/lib/python3.7/site-packages/airflow/example_dags/example_latest_only.py
[2022-07-10 12:57:14,189] {processor.py:642} INFO - Processing file /home/airflow/.local/lib/python3.7/site-packages/airflow/example_dags/example_latest_only.py for tasks to queue
[2022-07-10 12:57:14,189] {logging_mixin.py:109} INFO - [2022-07-10 12:57:14,189] {dagbag.py:500} INFO - Filling up the DagBag from /home/airflow/.local/lib/python3.7/site-packages/airflow/example_dags/example_latest_only.py
[2022-07-10 12:57:14,198] {processor.py:652} INFO - DAG(s) dict_keys(['latest_only']) retrieved from /home/airflow/.local/lib/python3.7/site-packages/airflow/example_dags/example_latest_only.py
[2022-07-10 12:57:14,209] {logging_mixin.py:109} INFO - [2022-07-10 12:57:14,209] {dag.py:2398} INFO - Sync 1 DAGs
[2022-07-10 12:57:14,222] {logging_mixin.py:109} INFO - [2022-07-10 12:57:14,222] {dag.py:2937} INFO - Setting next_dagrun for latest_only to 2022-07-10T08:57:14.221876+00:00
[2022-07-10 12:57:14,228] {processor.py:171} INFO - Processing /home/airflow/.local/lib/python3.7/site-packages/airflow/example_dags/example_latest_only.py took 0.043 seconds
[2022-07-10 12:57:45,290] {processor.py:163} INFO - Started process (PID=1807) to work on /home/airflow/.local/lib/python3.7/site-packages/airflow/example_dags/example_latest_only.py
[2022-07-10 12:57:45,291] {processor.py:642} INFO - Processing file /home/airflow/.local/lib/python3.7/site-packages/airflow/example_dags/example_latest_only.py for tasks to queue
[2022-07-10 12:57:45,291] {logging_mixin.py:109} INFO - [2022-07-10 12:57:45,291] {dagbag.py:500} INFO - Filling up the DagBag from /home/airflow/.local/lib/python3.7/site-packages/airflow/example_dags/example_latest_only.py
[2022-07-10 12:57:45,302] {processor.py:652} INFO - DAG(s) dict_keys(['latest_only']) retrieved from /home/airflow/.local/lib/python3.7/site-packages/airflow/example_dags/example_latest_only.py
[2022-07-10 12:57:45,318] {logging_mixin.py:109} INFO - [2022-07-10 12:57:45,318] {dag.py:2398} INFO - Sync 1 DAGs
[2022-07-10 12:57:45,333] {logging_mixin.py:109} INFO - [2022-07-10 12:57:45,333] {dag.py:2937} INFO - Setting next_dagrun for latest_only to 2022-07-10T08:57:45.333461+00:00
[2022-07-10 12:57:45,340] {processor.py:171} INFO - Processing /home/airflow/.local/lib/python3.7/site-packages/airflow/example_dags/example_latest_only.py took 0.053 seconds
[2022-07-10 12:58:15,468] {processor.py:163} INFO - Started process (PID=1869) to work on /home/airflow/.local/lib/python3.7/site-packages/airflow/example_dags/example_latest_only.py
[2022-07-10 12:58:15,468] {processor.py:642} INFO - Processing file /home/airflow/.local/lib/python3.7/site-packages/airflow/example_dags/example_latest_only.py for tasks to queue
[2022-07-10 12:58:15,469] {logging_mixin.py:109} INFO - [2022-07-10 12:58:15,469] {dagbag.py:500} INFO - Filling up the DagBag from /home/airflow/.local/lib/python3.7/site-packages/airflow/example_dags/example_latest_only.py
[2022-07-10 12:58:15,477] {processor.py:652} INFO - DAG(s) dict_keys(['latest_only']) retrieved from /home/airflow/.local/lib/python3.7/site-packages/airflow/example_dags/example_latest_only.py
[2022-07-10 12:58:15,491] {logging_mixin.py:109} INFO - [2022-07-10 12:58:15,491] {dag.py:2398} INFO - Sync 1 DAGs
[2022-07-10 12:58:15,503] {logging_mixin.py:109} INFO - [2022-07-10 12:58:15,503] {dag.py:2937} INFO - Setting next_dagrun for latest_only to 2022-07-10T08:58:15.503551+00:00
[2022-07-10 12:58:15,509] {processor.py:171} INFO - Processing /home/airflow/.local/lib/python3.7/site-packages/airflow/example_dags/example_latest_only.py took 0.043 seconds
[2022-07-10 12:58:46,207] {processor.py:163} INFO - Started process (PID=1942) to work on /home/airflow/.local/lib/python3.7/site-packages/airflow/example_dags/example_latest_only.py
[2022-07-10 12:58:46,207] {processor.py:642} INFO - Processing file /home/airflow/.local/lib/python3.7/site-packages/airflow/example_dags/example_latest_only.py for tasks to queue
[2022-07-10 12:58:46,208] {logging_mixin.py:109} INFO - [2022-07-10 12:58:46,208] {dagbag.py:500} INFO - Filling up the DagBag from /home/airflow/.local/lib/python3.7/site-packages/airflow/example_dags/example_latest_only.py
[2022-07-10 12:58:46,218] {processor.py:652} INFO - DAG(s) dict_keys(['latest_only']) retrieved from /home/airflow/.local/lib/python3.7/site-packages/airflow/example_dags/example_latest_only.py
[2022-07-10 12:58:46,230] {logging_mixin.py:109} INFO - [2022-07-10 12:58:46,229] {dag.py:2398} INFO - Sync 1 DAGs
[2022-07-10 12:58:46,242] {logging_mixin.py:109} INFO - [2022-07-10 12:58:46,242] {dag.py:2937} INFO - Setting next_dagrun for latest_only to 2022-07-10T08:58:46.242633+00:00
[2022-07-10 12:58:46,249] {processor.py:171} INFO - Processing /home/airflow/.local/lib/python3.7/site-packages/airflow/example_dags/example_latest_only.py took 0.044 seconds
[2022-07-10 12:59:17,266] {processor.py:163} INFO - Started process (PID=2014) to work on /home/airflow/.local/lib/python3.7/site-packages/airflow/example_dags/example_latest_only.py
[2022-07-10 12:59:17,266] {processor.py:642} INFO - Processing file /home/airflow/.local/lib/python3.7/site-packages/airflow/example_dags/example_latest_only.py for tasks to queue
[2022-07-10 12:59:17,267] {logging_mixin.py:109} INFO - [2022-07-10 12:59:17,267] {dagbag.py:500} INFO - Filling up the DagBag from /home/airflow/.local/lib/python3.7/site-packages/airflow/example_dags/example_latest_only.py
[2022-07-10 12:59:17,275] {processor.py:652} INFO - DAG(s) dict_keys(['latest_only']) retrieved from /home/airflow/.local/lib/python3.7/site-packages/airflow/example_dags/example_latest_only.py
[2022-07-10 12:59:17,288] {logging_mixin.py:109} INFO - [2022-07-10 12:59:17,288] {dag.py:2398} INFO - Sync 1 DAGs
[2022-07-10 12:59:17,302] {logging_mixin.py:109} INFO - [2022-07-10 12:59:17,302] {dag.py:2937} INFO - Setting next_dagrun for latest_only to 2022-07-10T08:59:17.302029+00:00
[2022-07-10 12:59:17,308] {processor.py:171} INFO - Processing /home/airflow/.local/lib/python3.7/site-packages/airflow/example_dags/example_latest_only.py took 0.044 seconds
[2022-07-10 12:59:48,108] {processor.py:163} INFO - Started process (PID=2076) to work on /home/airflow/.local/lib/python3.7/site-packages/airflow/example_dags/example_latest_only.py
[2022-07-10 12:59:48,109] {processor.py:642} INFO - Processing file /home/airflow/.local/lib/python3.7/site-packages/airflow/example_dags/example_latest_only.py for tasks to queue
[2022-07-10 12:59:48,109] {logging_mixin.py:109} INFO - [2022-07-10 12:59:48,109] {dagbag.py:500} INFO - Filling up the DagBag from /home/airflow/.local/lib/python3.7/site-packages/airflow/example_dags/example_latest_only.py
[2022-07-10 12:59:48,117] {processor.py:652} INFO - DAG(s) dict_keys(['latest_only']) retrieved from /home/airflow/.local/lib/python3.7/site-packages/airflow/example_dags/example_latest_only.py
[2022-07-10 12:59:48,129] {logging_mixin.py:109} INFO - [2022-07-10 12:59:48,129] {dag.py:2398} INFO - Sync 1 DAGs
[2022-07-10 12:59:48,141] {logging_mixin.py:109} INFO - [2022-07-10 12:59:48,141] {dag.py:2937} INFO - Setting next_dagrun for latest_only to 2022-07-10T08:59:48.141582+00:00
[2022-07-10 12:59:48,148] {processor.py:171} INFO - Processing /home/airflow/.local/lib/python3.7/site-packages/airflow/example_dags/example_latest_only.py took 0.041 seconds
[2022-07-10 13:00:18,784] {processor.py:163} INFO - Started process (PID=2147) to work on /home/airflow/.local/lib/python3.7/site-packages/airflow/example_dags/example_latest_only.py
[2022-07-10 13:00:18,785] {processor.py:642} INFO - Processing file /home/airflow/.local/lib/python3.7/site-packages/airflow/example_dags/example_latest_only.py for tasks to queue
[2022-07-10 13:00:18,785] {logging_mixin.py:109} INFO - [2022-07-10 13:00:18,785] {dagbag.py:500} INFO - Filling up the DagBag from /home/airflow/.local/lib/python3.7/site-packages/airflow/example_dags/example_latest_only.py
[2022-07-10 13:00:18,794] {processor.py:652} INFO - DAG(s) dict_keys(['latest_only']) retrieved from /home/airflow/.local/lib/python3.7/site-packages/airflow/example_dags/example_latest_only.py
[2022-07-10 13:00:18,805] {logging_mixin.py:109} INFO - [2022-07-10 13:00:18,805] {dag.py:2398} INFO - Sync 1 DAGs
[2022-07-10 13:00:18,817] {logging_mixin.py:109} INFO - [2022-07-10 13:00:18,817] {dag.py:2937} INFO - Setting next_dagrun for latest_only to 2022-07-10T09:00:18.817688+00:00
[2022-07-10 13:00:18,825] {processor.py:171} INFO - Processing /home/airflow/.local/lib/python3.7/site-packages/airflow/example_dags/example_latest_only.py took 0.043 seconds
[2022-07-10 13:00:49,775] {processor.py:163} INFO - Started process (PID=2220) to work on /home/airflow/.local/lib/python3.7/site-packages/airflow/example_dags/example_latest_only.py
[2022-07-10 13:00:49,775] {processor.py:642} INFO - Processing file /home/airflow/.local/lib/python3.7/site-packages/airflow/example_dags/example_latest_only.py for tasks to queue
[2022-07-10 13:00:49,776] {logging_mixin.py:109} INFO - [2022-07-10 13:00:49,776] {dagbag.py:500} INFO - Filling up the DagBag from /home/airflow/.local/lib/python3.7/site-packages/airflow/example_dags/example_latest_only.py
[2022-07-10 13:00:49,783] {processor.py:652} INFO - DAG(s) dict_keys(['latest_only']) retrieved from /home/airflow/.local/lib/python3.7/site-packages/airflow/example_dags/example_latest_only.py
[2022-07-10 13:00:49,796] {logging_mixin.py:109} INFO - [2022-07-10 13:00:49,795] {dag.py:2398} INFO - Sync 1 DAGs
[2022-07-10 13:00:49,808] {logging_mixin.py:109} INFO - [2022-07-10 13:00:49,808] {dag.py:2937} INFO - Setting next_dagrun for latest_only to 2022-07-10T09:00:49.807973+00:00
[2022-07-10 13:00:49,813] {processor.py:171} INFO - Processing /home/airflow/.local/lib/python3.7/site-packages/airflow/example_dags/example_latest_only.py took 0.040 seconds
[2022-07-10 13:01:20,565] {processor.py:163} INFO - Started process (PID=2282) to work on /home/airflow/.local/lib/python3.7/site-packages/airflow/example_dags/example_latest_only.py
[2022-07-10 13:01:20,566] {processor.py:642} INFO - Processing file /home/airflow/.local/lib/python3.7/site-packages/airflow/example_dags/example_latest_only.py for tasks to queue
[2022-07-10 13:01:20,566] {logging_mixin.py:109} INFO - [2022-07-10 13:01:20,566] {dagbag.py:500} INFO - Filling up the DagBag from /home/airflow/.local/lib/python3.7/site-packages/airflow/example_dags/example_latest_only.py
[2022-07-10 13:01:20,574] {processor.py:652} INFO - DAG(s) dict_keys(['latest_only']) retrieved from /home/airflow/.local/lib/python3.7/site-packages/airflow/example_dags/example_latest_only.py
[2022-07-10 13:01:20,586] {logging_mixin.py:109} INFO - [2022-07-10 13:01:20,586] {dag.py:2398} INFO - Sync 1 DAGs
[2022-07-10 13:01:20,597] {logging_mixin.py:109} INFO - [2022-07-10 13:01:20,597] {dag.py:2937} INFO - Setting next_dagrun for latest_only to 2022-07-10T09:01:20.597251+00:00
[2022-07-10 13:01:20,604] {processor.py:171} INFO - Processing /home/airflow/.local/lib/python3.7/site-packages/airflow/example_dags/example_latest_only.py took 0.041 seconds
[2022-07-10 13:01:51,291] {processor.py:163} INFO - Started process (PID=2354) to work on /home/airflow/.local/lib/python3.7/site-packages/airflow/example_dags/example_latest_only.py
[2022-07-10 13:01:51,292] {processor.py:642} INFO - Processing file /home/airflow/.local/lib/python3.7/site-packages/airflow/example_dags/example_latest_only.py for tasks to queue
[2022-07-10 13:01:51,292] {logging_mixin.py:109} INFO - [2022-07-10 13:01:51,292] {dagbag.py:500} INFO - Filling up the DagBag from /home/airflow/.local/lib/python3.7/site-packages/airflow/example_dags/example_latest_only.py
[2022-07-10 13:01:51,300] {processor.py:652} INFO - DAG(s) dict_keys(['latest_only']) retrieved from /home/airflow/.local/lib/python3.7/site-packages/airflow/example_dags/example_latest_only.py
[2022-07-10 13:01:51,311] {logging_mixin.py:109} INFO - [2022-07-10 13:01:51,311] {dag.py:2398} INFO - Sync 1 DAGs
[2022-07-10 13:01:51,322] {logging_mixin.py:109} INFO - [2022-07-10 13:01:51,322] {dag.py:2937} INFO - Setting next_dagrun for latest_only to 2022-07-10T09:01:51.322184+00:00
[2022-07-10 13:01:51,328] {processor.py:171} INFO - Processing /home/airflow/.local/lib/python3.7/site-packages/airflow/example_dags/example_latest_only.py took 0.038 seconds
[2022-07-10 13:02:22,041] {processor.py:163} INFO - Started process (PID=2426) to work on /home/airflow/.local/lib/python3.7/site-packages/airflow/example_dags/example_latest_only.py
[2022-07-10 13:02:22,041] {processor.py:642} INFO - Processing file /home/airflow/.local/lib/python3.7/site-packages/airflow/example_dags/example_latest_only.py for tasks to queue
[2022-07-10 13:02:22,042] {logging_mixin.py:109} INFO - [2022-07-10 13:02:22,042] {dagbag.py:500} INFO - Filling up the DagBag from /home/airflow/.local/lib/python3.7/site-packages/airflow/example_dags/example_latest_only.py
[2022-07-10 13:02:22,049] {processor.py:652} INFO - DAG(s) dict_keys(['latest_only']) retrieved from /home/airflow/.local/lib/python3.7/site-packages/airflow/example_dags/example_latest_only.py
[2022-07-10 13:02:22,061] {logging_mixin.py:109} INFO - [2022-07-10 13:02:22,061] {dag.py:2398} INFO - Sync 1 DAGs
[2022-07-10 13:02:22,071] {logging_mixin.py:109} INFO - [2022-07-10 13:02:22,071] {dag.py:2937} INFO - Setting next_dagrun for latest_only to 2022-07-10T09:02:22.070944+00:00
[2022-07-10 13:02:22,076] {processor.py:171} INFO - Processing /home/airflow/.local/lib/python3.7/site-packages/airflow/example_dags/example_latest_only.py took 0.037 seconds
[2022-07-10 13:02:52,841] {processor.py:163} INFO - Started process (PID=2489) to work on /home/airflow/.local/lib/python3.7/site-packages/airflow/example_dags/example_latest_only.py
[2022-07-10 13:02:52,841] {processor.py:642} INFO - Processing file /home/airflow/.local/lib/python3.7/site-packages/airflow/example_dags/example_latest_only.py for tasks to queue
[2022-07-10 13:02:52,842] {logging_mixin.py:109} INFO - [2022-07-10 13:02:52,841] {dagbag.py:500} INFO - Filling up the DagBag from /home/airflow/.local/lib/python3.7/site-packages/airflow/example_dags/example_latest_only.py
[2022-07-10 13:02:52,849] {processor.py:652} INFO - DAG(s) dict_keys(['latest_only']) retrieved from /home/airflow/.local/lib/python3.7/site-packages/airflow/example_dags/example_latest_only.py
[2022-07-10 13:02:52,860] {logging_mixin.py:109} INFO - [2022-07-10 13:02:52,860] {dag.py:2398} INFO - Sync 1 DAGs
[2022-07-10 13:02:52,870] {logging_mixin.py:109} INFO - [2022-07-10 13:02:52,870] {dag.py:2937} INFO - Setting next_dagrun for latest_only to 2022-07-10T09:02:52.870615+00:00
[2022-07-10 13:02:52,876] {processor.py:171} INFO - Processing /home/airflow/.local/lib/python3.7/site-packages/airflow/example_dags/example_latest_only.py took 0.037 seconds
[2022-07-10 13:03:23,753] {processor.py:163} INFO - Started process (PID=2560) to work on /home/airflow/.local/lib/python3.7/site-packages/airflow/example_dags/example_latest_only.py
[2022-07-10 13:03:23,753] {processor.py:642} INFO - Processing file /home/airflow/.local/lib/python3.7/site-packages/airflow/example_dags/example_latest_only.py for tasks to queue
[2022-07-10 13:03:23,753] {logging_mixin.py:109} INFO - [2022-07-10 13:03:23,753] {dagbag.py:500} INFO - Filling up the DagBag from /home/airflow/.local/lib/python3.7/site-packages/airflow/example_dags/example_latest_only.py
[2022-07-10 13:03:23,763] {processor.py:652} INFO - DAG(s) dict_keys(['latest_only']) retrieved from /home/airflow/.local/lib/python3.7/site-packages/airflow/example_dags/example_latest_only.py
[2022-07-10 13:03:23,776] {logging_mixin.py:109} INFO - [2022-07-10 13:03:23,776] {dag.py:2398} INFO - Sync 1 DAGs
[2022-07-10 13:03:23,789] {logging_mixin.py:109} INFO - [2022-07-10 13:03:23,789] {dag.py:2937} INFO - Setting next_dagrun for latest_only to 2022-07-10T09:03:23.789475+00:00
[2022-07-10 13:03:23,798] {processor.py:171} INFO - Processing /home/airflow/.local/lib/python3.7/site-packages/airflow/example_dags/example_latest_only.py took 0.048 seconds
[2022-07-10 13:03:54,800] {processor.py:163} INFO - Started process (PID=2633) to work on /home/airflow/.local/lib/python3.7/site-packages/airflow/example_dags/example_latest_only.py
[2022-07-10 13:03:54,801] {processor.py:642} INFO - Processing file /home/airflow/.local/lib/python3.7/site-packages/airflow/example_dags/example_latest_only.py for tasks to queue
[2022-07-10 13:03:54,802] {logging_mixin.py:109} INFO - [2022-07-10 13:03:54,802] {dagbag.py:500} INFO - Filling up the DagBag from /home/airflow/.local/lib/python3.7/site-packages/airflow/example_dags/example_latest_only.py
[2022-07-10 13:03:54,810] {processor.py:652} INFO - DAG(s) dict_keys(['latest_only']) retrieved from /home/airflow/.local/lib/python3.7/site-packages/airflow/example_dags/example_latest_only.py
[2022-07-10 13:03:54,821] {logging_mixin.py:109} INFO - [2022-07-10 13:03:54,821] {dag.py:2398} INFO - Sync 1 DAGs
[2022-07-10 13:03:54,831] {logging_mixin.py:109} INFO - [2022-07-10 13:03:54,831] {dag.py:2937} INFO - Setting next_dagrun for latest_only to 2022-07-10T09:03:54.831360+00:00
[2022-07-10 13:03:54,837] {processor.py:171} INFO - Processing /home/airflow/.local/lib/python3.7/site-packages/airflow/example_dags/example_latest_only.py took 0.038 seconds
[2022-07-10 13:04:25,518] {processor.py:163} INFO - Started process (PID=2695) to work on /home/airflow/.local/lib/python3.7/site-packages/airflow/example_dags/example_latest_only.py
[2022-07-10 13:04:25,518] {processor.py:642} INFO - Processing file /home/airflow/.local/lib/python3.7/site-packages/airflow/example_dags/example_latest_only.py for tasks to queue
[2022-07-10 13:04:25,518] {logging_mixin.py:109} INFO - [2022-07-10 13:04:25,518] {dagbag.py:500} INFO - Filling up the DagBag from /home/airflow/.local/lib/python3.7/site-packages/airflow/example_dags/example_latest_only.py
[2022-07-10 13:04:25,526] {processor.py:652} INFO - DAG(s) dict_keys(['latest_only']) retrieved from /home/airflow/.local/lib/python3.7/site-packages/airflow/example_dags/example_latest_only.py
[2022-07-10 13:04:25,537] {logging_mixin.py:109} INFO - [2022-07-10 13:04:25,537] {dag.py:2398} INFO - Sync 1 DAGs
[2022-07-10 13:04:25,547] {logging_mixin.py:109} INFO - [2022-07-10 13:04:25,546] {dag.py:2937} INFO - Setting next_dagrun for latest_only to 2022-07-10T09:04:25.546823+00:00
[2022-07-10 13:04:25,552] {processor.py:171} INFO - Processing /home/airflow/.local/lib/python3.7/site-packages/airflow/example_dags/example_latest_only.py took 0.036 seconds
