[2022-07-10 12:44:56,183] {processor.py:163} INFO - Started process (PID=70) to work on /home/airflow/.local/lib/python3.7/site-packages/airflow/example_dags/example_sla_dag.py
[2022-07-10 12:44:56,184] {processor.py:642} INFO - Processing file /home/airflow/.local/lib/python3.7/site-packages/airflow/example_dags/example_sla_dag.py for tasks to queue
[2022-07-10 12:44:56,184] {logging_mixin.py:109} INFO - [2022-07-10 12:44:56,184] {dagbag.py:500} INFO - Filling up the DagBag from /home/airflow/.local/lib/python3.7/site-packages/airflow/example_dags/example_sla_dag.py
[2022-07-10 12:44:56,198] {processor.py:652} INFO - DAG(s) dict_keys(['example_sla_dag']) retrieved from /home/airflow/.local/lib/python3.7/site-packages/airflow/example_dags/example_sla_dag.py
[2022-07-10 12:44:56,214] {logging_mixin.py:109} INFO - [2022-07-10 12:44:56,214] {dag.py:2398} INFO - Sync 1 DAGs
[2022-07-10 12:44:56,242] {logging_mixin.py:109} INFO - [2022-07-10 12:44:56,241] {dag.py:2937} INFO - Setting next_dagrun for example_sla_dag to 2022-07-10T12:42:00+00:00
[2022-07-10 12:44:56,253] {processor.py:171} INFO - Processing /home/airflow/.local/lib/python3.7/site-packages/airflow/example_dags/example_sla_dag.py took 0.072 seconds
[2022-07-10 12:45:27,283] {processor.py:163} INFO - Started process (PID=150) to work on /home/airflow/.local/lib/python3.7/site-packages/airflow/example_dags/example_sla_dag.py
[2022-07-10 12:45:27,284] {processor.py:642} INFO - Processing file /home/airflow/.local/lib/python3.7/site-packages/airflow/example_dags/example_sla_dag.py for tasks to queue
[2022-07-10 12:45:27,284] {logging_mixin.py:109} INFO - [2022-07-10 12:45:27,284] {dagbag.py:500} INFO - Filling up the DagBag from /home/airflow/.local/lib/python3.7/site-packages/airflow/example_dags/example_sla_dag.py
[2022-07-10 12:45:27,296] {processor.py:652} INFO - DAG(s) dict_keys(['example_sla_dag']) retrieved from /home/airflow/.local/lib/python3.7/site-packages/airflow/example_dags/example_sla_dag.py
[2022-07-10 12:45:27,307] {logging_mixin.py:109} INFO - [2022-07-10 12:45:27,307] {dag.py:2398} INFO - Sync 1 DAGs
[2022-07-10 12:45:27,323] {logging_mixin.py:109} INFO - [2022-07-10 12:45:27,323] {dag.py:2937} INFO - Setting next_dagrun for example_sla_dag to 2022-07-10T12:42:00+00:00
[2022-07-10 12:45:27,329] {processor.py:171} INFO - Processing /home/airflow/.local/lib/python3.7/site-packages/airflow/example_dags/example_sla_dag.py took 0.047 seconds
[2022-07-10 12:45:57,559] {processor.py:163} INFO - Started process (PID=223) to work on /home/airflow/.local/lib/python3.7/site-packages/airflow/example_dags/example_sla_dag.py
[2022-07-10 12:45:57,559] {processor.py:642} INFO - Processing file /home/airflow/.local/lib/python3.7/site-packages/airflow/example_dags/example_sla_dag.py for tasks to queue
[2022-07-10 12:45:57,560] {logging_mixin.py:109} INFO - [2022-07-10 12:45:57,560] {dagbag.py:500} INFO - Filling up the DagBag from /home/airflow/.local/lib/python3.7/site-packages/airflow/example_dags/example_sla_dag.py
[2022-07-10 12:45:57,572] {processor.py:652} INFO - DAG(s) dict_keys(['example_sla_dag']) retrieved from /home/airflow/.local/lib/python3.7/site-packages/airflow/example_dags/example_sla_dag.py
[2022-07-10 12:45:57,583] {logging_mixin.py:109} INFO - [2022-07-10 12:45:57,583] {dag.py:2398} INFO - Sync 1 DAGs
[2022-07-10 12:45:57,595] {logging_mixin.py:109} INFO - [2022-07-10 12:45:57,595] {dag.py:2937} INFO - Setting next_dagrun for example_sla_dag to 2022-07-10T12:42:00+00:00
[2022-07-10 12:45:57,602] {processor.py:171} INFO - Processing /home/airflow/.local/lib/python3.7/site-packages/airflow/example_dags/example_sla_dag.py took 0.045 seconds
[2022-07-10 12:46:28,252] {processor.py:163} INFO - Started process (PID=285) to work on /home/airflow/.local/lib/python3.7/site-packages/airflow/example_dags/example_sla_dag.py
[2022-07-10 12:46:28,253] {processor.py:642} INFO - Processing file /home/airflow/.local/lib/python3.7/site-packages/airflow/example_dags/example_sla_dag.py for tasks to queue
[2022-07-10 12:46:28,253] {logging_mixin.py:109} INFO - [2022-07-10 12:46:28,253] {dagbag.py:500} INFO - Filling up the DagBag from /home/airflow/.local/lib/python3.7/site-packages/airflow/example_dags/example_sla_dag.py
[2022-07-10 12:46:28,265] {processor.py:652} INFO - DAG(s) dict_keys(['example_sla_dag']) retrieved from /home/airflow/.local/lib/python3.7/site-packages/airflow/example_dags/example_sla_dag.py
[2022-07-10 12:46:28,276] {logging_mixin.py:109} INFO - [2022-07-10 12:46:28,276] {dag.py:2398} INFO - Sync 1 DAGs
[2022-07-10 12:46:28,288] {logging_mixin.py:109} INFO - [2022-07-10 12:46:28,288] {dag.py:2937} INFO - Setting next_dagrun for example_sla_dag to 2022-07-10T12:44:00+00:00
[2022-07-10 12:46:28,293] {processor.py:171} INFO - Processing /home/airflow/.local/lib/python3.7/site-packages/airflow/example_dags/example_sla_dag.py took 0.042 seconds
[2022-07-10 12:46:58,989] {processor.py:163} INFO - Started process (PID=357) to work on /home/airflow/.local/lib/python3.7/site-packages/airflow/example_dags/example_sla_dag.py
[2022-07-10 12:46:58,990] {processor.py:642} INFO - Processing file /home/airflow/.local/lib/python3.7/site-packages/airflow/example_dags/example_sla_dag.py for tasks to queue
[2022-07-10 12:46:58,990] {logging_mixin.py:109} INFO - [2022-07-10 12:46:58,990] {dagbag.py:500} INFO - Filling up the DagBag from /home/airflow/.local/lib/python3.7/site-packages/airflow/example_dags/example_sla_dag.py
[2022-07-10 12:46:59,002] {processor.py:652} INFO - DAG(s) dict_keys(['example_sla_dag']) retrieved from /home/airflow/.local/lib/python3.7/site-packages/airflow/example_dags/example_sla_dag.py
[2022-07-10 12:46:59,013] {logging_mixin.py:109} INFO - [2022-07-10 12:46:59,013] {dag.py:2398} INFO - Sync 1 DAGs
[2022-07-10 12:46:59,025] {logging_mixin.py:109} INFO - [2022-07-10 12:46:59,025] {dag.py:2937} INFO - Setting next_dagrun for example_sla_dag to 2022-07-10T12:44:00+00:00
[2022-07-10 12:46:59,030] {processor.py:171} INFO - Processing /home/airflow/.local/lib/python3.7/site-packages/airflow/example_dags/example_sla_dag.py took 0.043 seconds
[2022-07-10 12:47:29,758] {processor.py:163} INFO - Started process (PID=430) to work on /home/airflow/.local/lib/python3.7/site-packages/airflow/example_dags/example_sla_dag.py
[2022-07-10 12:47:29,758] {processor.py:642} INFO - Processing file /home/airflow/.local/lib/python3.7/site-packages/airflow/example_dags/example_sla_dag.py for tasks to queue
[2022-07-10 12:47:29,759] {logging_mixin.py:109} INFO - [2022-07-10 12:47:29,759] {dagbag.py:500} INFO - Filling up the DagBag from /home/airflow/.local/lib/python3.7/site-packages/airflow/example_dags/example_sla_dag.py
[2022-07-10 12:47:29,773] {processor.py:652} INFO - DAG(s) dict_keys(['example_sla_dag']) retrieved from /home/airflow/.local/lib/python3.7/site-packages/airflow/example_dags/example_sla_dag.py
[2022-07-10 12:47:29,785] {logging_mixin.py:109} INFO - [2022-07-10 12:47:29,785] {dag.py:2398} INFO - Sync 1 DAGs
[2022-07-10 12:47:29,798] {logging_mixin.py:109} INFO - [2022-07-10 12:47:29,798] {dag.py:2937} INFO - Setting next_dagrun for example_sla_dag to 2022-07-10T12:44:00+00:00
[2022-07-10 12:47:29,804] {processor.py:171} INFO - Processing /home/airflow/.local/lib/python3.7/site-packages/airflow/example_dags/example_sla_dag.py took 0.048 seconds
[2022-07-10 12:48:00,550] {processor.py:163} INFO - Started process (PID=502) to work on /home/airflow/.local/lib/python3.7/site-packages/airflow/example_dags/example_sla_dag.py
[2022-07-10 12:48:00,551] {processor.py:642} INFO - Processing file /home/airflow/.local/lib/python3.7/site-packages/airflow/example_dags/example_sla_dag.py for tasks to queue
[2022-07-10 12:48:00,551] {logging_mixin.py:109} INFO - [2022-07-10 12:48:00,551] {dagbag.py:500} INFO - Filling up the DagBag from /home/airflow/.local/lib/python3.7/site-packages/airflow/example_dags/example_sla_dag.py
[2022-07-10 12:48:00,564] {processor.py:652} INFO - DAG(s) dict_keys(['example_sla_dag']) retrieved from /home/airflow/.local/lib/python3.7/site-packages/airflow/example_dags/example_sla_dag.py
[2022-07-10 12:48:00,576] {logging_mixin.py:109} INFO - [2022-07-10 12:48:00,576] {dag.py:2398} INFO - Sync 1 DAGs
[2022-07-10 12:48:00,590] {logging_mixin.py:109} INFO - [2022-07-10 12:48:00,590] {dag.py:2937} INFO - Setting next_dagrun for example_sla_dag to 2022-07-10T12:46:00+00:00
[2022-07-10 12:48:00,597] {processor.py:171} INFO - Processing /home/airflow/.local/lib/python3.7/site-packages/airflow/example_dags/example_sla_dag.py took 0.048 seconds
[2022-07-10 12:48:31,410] {processor.py:163} INFO - Started process (PID=565) to work on /home/airflow/.local/lib/python3.7/site-packages/airflow/example_dags/example_sla_dag.py
[2022-07-10 12:48:31,411] {processor.py:642} INFO - Processing file /home/airflow/.local/lib/python3.7/site-packages/airflow/example_dags/example_sla_dag.py for tasks to queue
[2022-07-10 12:48:31,411] {logging_mixin.py:109} INFO - [2022-07-10 12:48:31,411] {dagbag.py:500} INFO - Filling up the DagBag from /home/airflow/.local/lib/python3.7/site-packages/airflow/example_dags/example_sla_dag.py
[2022-07-10 12:48:31,426] {processor.py:652} INFO - DAG(s) dict_keys(['example_sla_dag']) retrieved from /home/airflow/.local/lib/python3.7/site-packages/airflow/example_dags/example_sla_dag.py
[2022-07-10 12:48:31,437] {logging_mixin.py:109} INFO - [2022-07-10 12:48:31,437] {dag.py:2398} INFO - Sync 1 DAGs
[2022-07-10 12:48:31,451] {logging_mixin.py:109} INFO - [2022-07-10 12:48:31,451] {dag.py:2937} INFO - Setting next_dagrun for example_sla_dag to 2022-07-10T12:46:00+00:00
[2022-07-10 12:48:31,457] {processor.py:171} INFO - Processing /home/airflow/.local/lib/python3.7/site-packages/airflow/example_dags/example_sla_dag.py took 0.049 seconds
[2022-07-10 12:49:02,246] {processor.py:163} INFO - Started process (PID=636) to work on /home/airflow/.local/lib/python3.7/site-packages/airflow/example_dags/example_sla_dag.py
[2022-07-10 12:49:02,247] {processor.py:642} INFO - Processing file /home/airflow/.local/lib/python3.7/site-packages/airflow/example_dags/example_sla_dag.py for tasks to queue
[2022-07-10 12:49:02,247] {logging_mixin.py:109} INFO - [2022-07-10 12:49:02,247] {dagbag.py:500} INFO - Filling up the DagBag from /home/airflow/.local/lib/python3.7/site-packages/airflow/example_dags/example_sla_dag.py
[2022-07-10 12:49:02,259] {processor.py:652} INFO - DAG(s) dict_keys(['example_sla_dag']) retrieved from /home/airflow/.local/lib/python3.7/site-packages/airflow/example_dags/example_sla_dag.py
[2022-07-10 12:49:02,269] {logging_mixin.py:109} INFO - [2022-07-10 12:49:02,269] {dag.py:2398} INFO - Sync 1 DAGs
[2022-07-10 12:49:02,281] {logging_mixin.py:109} INFO - [2022-07-10 12:49:02,281] {dag.py:2937} INFO - Setting next_dagrun for example_sla_dag to 2022-07-10T12:46:00+00:00
[2022-07-10 12:49:02,287] {processor.py:171} INFO - Processing /home/airflow/.local/lib/python3.7/site-packages/airflow/example_dags/example_sla_dag.py took 0.042 seconds
[2022-07-10 12:49:33,048] {processor.py:163} INFO - Started process (PID=707) to work on /home/airflow/.local/lib/python3.7/site-packages/airflow/example_dags/example_sla_dag.py
[2022-07-10 12:49:33,048] {processor.py:642} INFO - Processing file /home/airflow/.local/lib/python3.7/site-packages/airflow/example_dags/example_sla_dag.py for tasks to queue
[2022-07-10 12:49:33,049] {logging_mixin.py:109} INFO - [2022-07-10 12:49:33,049] {dagbag.py:500} INFO - Filling up the DagBag from /home/airflow/.local/lib/python3.7/site-packages/airflow/example_dags/example_sla_dag.py
[2022-07-10 12:49:33,059] {processor.py:652} INFO - DAG(s) dict_keys(['example_sla_dag']) retrieved from /home/airflow/.local/lib/python3.7/site-packages/airflow/example_dags/example_sla_dag.py
[2022-07-10 12:49:33,070] {logging_mixin.py:109} INFO - [2022-07-10 12:49:33,070] {dag.py:2398} INFO - Sync 1 DAGs
[2022-07-10 12:49:33,083] {logging_mixin.py:109} INFO - [2022-07-10 12:49:33,083] {dag.py:2937} INFO - Setting next_dagrun for example_sla_dag to 2022-07-10T12:46:00+00:00
[2022-07-10 12:49:33,087] {processor.py:171} INFO - Processing /home/airflow/.local/lib/python3.7/site-packages/airflow/example_dags/example_sla_dag.py took 0.041 seconds
[2022-07-10 12:50:03,760] {processor.py:163} INFO - Started process (PID=769) to work on /home/airflow/.local/lib/python3.7/site-packages/airflow/example_dags/example_sla_dag.py
[2022-07-10 12:50:03,760] {processor.py:642} INFO - Processing file /home/airflow/.local/lib/python3.7/site-packages/airflow/example_dags/example_sla_dag.py for tasks to queue
[2022-07-10 12:50:03,761] {logging_mixin.py:109} INFO - [2022-07-10 12:50:03,761] {dagbag.py:500} INFO - Filling up the DagBag from /home/airflow/.local/lib/python3.7/site-packages/airflow/example_dags/example_sla_dag.py
[2022-07-10 12:50:03,771] {processor.py:652} INFO - DAG(s) dict_keys(['example_sla_dag']) retrieved from /home/airflow/.local/lib/python3.7/site-packages/airflow/example_dags/example_sla_dag.py
[2022-07-10 12:50:03,787] {logging_mixin.py:109} INFO - [2022-07-10 12:50:03,787] {dag.py:2398} INFO - Sync 1 DAGs
[2022-07-10 12:50:03,799] {logging_mixin.py:109} INFO - [2022-07-10 12:50:03,799] {dag.py:2937} INFO - Setting next_dagrun for example_sla_dag to 2022-07-10T12:48:00+00:00
[2022-07-10 12:50:03,804] {processor.py:171} INFO - Processing /home/airflow/.local/lib/python3.7/site-packages/airflow/example_dags/example_sla_dag.py took 0.046 seconds
[2022-07-10 12:50:34,484] {processor.py:163} INFO - Started process (PID=841) to work on /home/airflow/.local/lib/python3.7/site-packages/airflow/example_dags/example_sla_dag.py
[2022-07-10 12:50:34,485] {processor.py:642} INFO - Processing file /home/airflow/.local/lib/python3.7/site-packages/airflow/example_dags/example_sla_dag.py for tasks to queue
[2022-07-10 12:50:34,485] {logging_mixin.py:109} INFO - [2022-07-10 12:50:34,485] {dagbag.py:500} INFO - Filling up the DagBag from /home/airflow/.local/lib/python3.7/site-packages/airflow/example_dags/example_sla_dag.py
[2022-07-10 12:50:34,496] {processor.py:652} INFO - DAG(s) dict_keys(['example_sla_dag']) retrieved from /home/airflow/.local/lib/python3.7/site-packages/airflow/example_dags/example_sla_dag.py
[2022-07-10 12:50:34,506] {logging_mixin.py:109} INFO - [2022-07-10 12:50:34,506] {dag.py:2398} INFO - Sync 1 DAGs
[2022-07-10 12:50:34,518] {logging_mixin.py:109} INFO - [2022-07-10 12:50:34,518] {dag.py:2937} INFO - Setting next_dagrun for example_sla_dag to 2022-07-10T12:48:00+00:00
[2022-07-10 12:50:34,524] {processor.py:171} INFO - Processing /home/airflow/.local/lib/python3.7/site-packages/airflow/example_dags/example_sla_dag.py took 0.041 seconds
[2022-07-10 12:51:05,232] {processor.py:163} INFO - Started process (PID=912) to work on /home/airflow/.local/lib/python3.7/site-packages/airflow/example_dags/example_sla_dag.py
[2022-07-10 12:51:05,232] {processor.py:642} INFO - Processing file /home/airflow/.local/lib/python3.7/site-packages/airflow/example_dags/example_sla_dag.py for tasks to queue
[2022-07-10 12:51:05,232] {logging_mixin.py:109} INFO - [2022-07-10 12:51:05,232] {dagbag.py:500} INFO - Filling up the DagBag from /home/airflow/.local/lib/python3.7/site-packages/airflow/example_dags/example_sla_dag.py
[2022-07-10 12:51:05,243] {processor.py:652} INFO - DAG(s) dict_keys(['example_sla_dag']) retrieved from /home/airflow/.local/lib/python3.7/site-packages/airflow/example_dags/example_sla_dag.py
[2022-07-10 12:51:05,254] {logging_mixin.py:109} INFO - [2022-07-10 12:51:05,254] {dag.py:2398} INFO - Sync 1 DAGs
[2022-07-10 12:51:05,267] {logging_mixin.py:109} INFO - [2022-07-10 12:51:05,267] {dag.py:2937} INFO - Setting next_dagrun for example_sla_dag to 2022-07-10T12:48:00+00:00
[2022-07-10 12:51:05,272] {processor.py:171} INFO - Processing /home/airflow/.local/lib/python3.7/site-packages/airflow/example_dags/example_sla_dag.py took 0.042 seconds
[2022-07-10 12:51:35,896] {processor.py:163} INFO - Started process (PID=975) to work on /home/airflow/.local/lib/python3.7/site-packages/airflow/example_dags/example_sla_dag.py
[2022-07-10 12:51:35,897] {processor.py:642} INFO - Processing file /home/airflow/.local/lib/python3.7/site-packages/airflow/example_dags/example_sla_dag.py for tasks to queue
[2022-07-10 12:51:35,897] {logging_mixin.py:109} INFO - [2022-07-10 12:51:35,897] {dagbag.py:500} INFO - Filling up the DagBag from /home/airflow/.local/lib/python3.7/site-packages/airflow/example_dags/example_sla_dag.py
[2022-07-10 12:51:35,907] {processor.py:652} INFO - DAG(s) dict_keys(['example_sla_dag']) retrieved from /home/airflow/.local/lib/python3.7/site-packages/airflow/example_dags/example_sla_dag.py
[2022-07-10 12:51:35,918] {logging_mixin.py:109} INFO - [2022-07-10 12:51:35,918] {dag.py:2398} INFO - Sync 1 DAGs
[2022-07-10 12:51:35,930] {logging_mixin.py:109} INFO - [2022-07-10 12:51:35,930] {dag.py:2937} INFO - Setting next_dagrun for example_sla_dag to 2022-07-10T12:48:00+00:00
[2022-07-10 12:51:35,936] {processor.py:171} INFO - Processing /home/airflow/.local/lib/python3.7/site-packages/airflow/example_dags/example_sla_dag.py took 0.041 seconds
[2022-07-10 12:52:06,342] {processor.py:163} INFO - Started process (PID=1046) to work on /home/airflow/.local/lib/python3.7/site-packages/airflow/example_dags/example_sla_dag.py
[2022-07-10 12:52:06,342] {processor.py:642} INFO - Processing file /home/airflow/.local/lib/python3.7/site-packages/airflow/example_dags/example_sla_dag.py for tasks to queue
[2022-07-10 12:52:06,343] {logging_mixin.py:109} INFO - [2022-07-10 12:52:06,343] {dagbag.py:500} INFO - Filling up the DagBag from /home/airflow/.local/lib/python3.7/site-packages/airflow/example_dags/example_sla_dag.py
[2022-07-10 12:52:06,353] {processor.py:652} INFO - DAG(s) dict_keys(['example_sla_dag']) retrieved from /home/airflow/.local/lib/python3.7/site-packages/airflow/example_dags/example_sla_dag.py
[2022-07-10 12:52:06,364] {logging_mixin.py:109} INFO - [2022-07-10 12:52:06,364] {dag.py:2398} INFO - Sync 1 DAGs
[2022-07-10 12:52:06,375] {logging_mixin.py:109} INFO - [2022-07-10 12:52:06,375] {dag.py:2937} INFO - Setting next_dagrun for example_sla_dag to 2022-07-10T12:50:00+00:00
[2022-07-10 12:52:06,381] {processor.py:171} INFO - Processing /home/airflow/.local/lib/python3.7/site-packages/airflow/example_dags/example_sla_dag.py took 0.040 seconds
[2022-07-10 12:52:36,963] {processor.py:163} INFO - Started process (PID=1118) to work on /home/airflow/.local/lib/python3.7/site-packages/airflow/example_dags/example_sla_dag.py
[2022-07-10 12:52:36,964] {processor.py:642} INFO - Processing file /home/airflow/.local/lib/python3.7/site-packages/airflow/example_dags/example_sla_dag.py for tasks to queue
[2022-07-10 12:52:36,964] {logging_mixin.py:109} INFO - [2022-07-10 12:52:36,964] {dagbag.py:500} INFO - Filling up the DagBag from /home/airflow/.local/lib/python3.7/site-packages/airflow/example_dags/example_sla_dag.py
[2022-07-10 12:52:36,975] {processor.py:652} INFO - DAG(s) dict_keys(['example_sla_dag']) retrieved from /home/airflow/.local/lib/python3.7/site-packages/airflow/example_dags/example_sla_dag.py
[2022-07-10 12:52:36,985] {logging_mixin.py:109} INFO - [2022-07-10 12:52:36,985] {dag.py:2398} INFO - Sync 1 DAGs
[2022-07-10 12:52:36,998] {logging_mixin.py:109} INFO - [2022-07-10 12:52:36,998] {dag.py:2937} INFO - Setting next_dagrun for example_sla_dag to 2022-07-10T12:50:00+00:00
[2022-07-10 12:52:37,004] {processor.py:171} INFO - Processing /home/airflow/.local/lib/python3.7/site-packages/airflow/example_dags/example_sla_dag.py took 0.042 seconds
[2022-07-10 12:53:07,682] {processor.py:163} INFO - Started process (PID=1181) to work on /home/airflow/.local/lib/python3.7/site-packages/airflow/example_dags/example_sla_dag.py
[2022-07-10 12:53:07,683] {processor.py:642} INFO - Processing file /home/airflow/.local/lib/python3.7/site-packages/airflow/example_dags/example_sla_dag.py for tasks to queue
[2022-07-10 12:53:07,683] {logging_mixin.py:109} INFO - [2022-07-10 12:53:07,683] {dagbag.py:500} INFO - Filling up the DagBag from /home/airflow/.local/lib/python3.7/site-packages/airflow/example_dags/example_sla_dag.py
[2022-07-10 12:53:07,693] {processor.py:652} INFO - DAG(s) dict_keys(['example_sla_dag']) retrieved from /home/airflow/.local/lib/python3.7/site-packages/airflow/example_dags/example_sla_dag.py
[2022-07-10 12:53:07,704] {logging_mixin.py:109} INFO - [2022-07-10 12:53:07,704] {dag.py:2398} INFO - Sync 1 DAGs
[2022-07-10 12:53:07,717] {logging_mixin.py:109} INFO - [2022-07-10 12:53:07,717] {dag.py:2937} INFO - Setting next_dagrun for example_sla_dag to 2022-07-10T12:50:00+00:00
[2022-07-10 12:53:07,722] {processor.py:171} INFO - Processing /home/airflow/.local/lib/python3.7/site-packages/airflow/example_dags/example_sla_dag.py took 0.041 seconds
[2022-07-10 12:53:38,430] {processor.py:163} INFO - Started process (PID=1252) to work on /home/airflow/.local/lib/python3.7/site-packages/airflow/example_dags/example_sla_dag.py
[2022-07-10 12:53:38,431] {processor.py:642} INFO - Processing file /home/airflow/.local/lib/python3.7/site-packages/airflow/example_dags/example_sla_dag.py for tasks to queue
[2022-07-10 12:53:38,431] {logging_mixin.py:109} INFO - [2022-07-10 12:53:38,431] {dagbag.py:500} INFO - Filling up the DagBag from /home/airflow/.local/lib/python3.7/site-packages/airflow/example_dags/example_sla_dag.py
[2022-07-10 12:53:38,441] {processor.py:652} INFO - DAG(s) dict_keys(['example_sla_dag']) retrieved from /home/airflow/.local/lib/python3.7/site-packages/airflow/example_dags/example_sla_dag.py
[2022-07-10 12:53:38,453] {logging_mixin.py:109} INFO - [2022-07-10 12:53:38,453] {dag.py:2398} INFO - Sync 1 DAGs
[2022-07-10 12:53:38,469] {logging_mixin.py:109} INFO - [2022-07-10 12:53:38,469] {dag.py:2937} INFO - Setting next_dagrun for example_sla_dag to 2022-07-10T12:50:00+00:00
[2022-07-10 12:53:38,475] {processor.py:171} INFO - Processing /home/airflow/.local/lib/python3.7/site-packages/airflow/example_dags/example_sla_dag.py took 0.046 seconds
[2022-07-10 12:54:09,308] {processor.py:163} INFO - Started process (PID=1323) to work on /home/airflow/.local/lib/python3.7/site-packages/airflow/example_dags/example_sla_dag.py
[2022-07-10 12:54:09,309] {processor.py:642} INFO - Processing file /home/airflow/.local/lib/python3.7/site-packages/airflow/example_dags/example_sla_dag.py for tasks to queue
[2022-07-10 12:54:09,309] {logging_mixin.py:109} INFO - [2022-07-10 12:54:09,309] {dagbag.py:500} INFO - Filling up the DagBag from /home/airflow/.local/lib/python3.7/site-packages/airflow/example_dags/example_sla_dag.py
[2022-07-10 12:54:09,318] {processor.py:652} INFO - DAG(s) dict_keys(['example_sla_dag']) retrieved from /home/airflow/.local/lib/python3.7/site-packages/airflow/example_dags/example_sla_dag.py
[2022-07-10 12:54:09,328] {logging_mixin.py:109} INFO - [2022-07-10 12:54:09,328] {dag.py:2398} INFO - Sync 1 DAGs
[2022-07-10 12:54:09,339] {logging_mixin.py:109} INFO - [2022-07-10 12:54:09,339] {dag.py:2937} INFO - Setting next_dagrun for example_sla_dag to 2022-07-10T12:52:00+00:00
[2022-07-10 12:54:09,345] {processor.py:171} INFO - Processing /home/airflow/.local/lib/python3.7/site-packages/airflow/example_dags/example_sla_dag.py took 0.038 seconds
[2022-07-10 12:54:40,162] {processor.py:163} INFO - Started process (PID=1396) to work on /home/airflow/.local/lib/python3.7/site-packages/airflow/example_dags/example_sla_dag.py
[2022-07-10 12:54:40,163] {processor.py:642} INFO - Processing file /home/airflow/.local/lib/python3.7/site-packages/airflow/example_dags/example_sla_dag.py for tasks to queue
[2022-07-10 12:54:40,163] {logging_mixin.py:109} INFO - [2022-07-10 12:54:40,163] {dagbag.py:500} INFO - Filling up the DagBag from /home/airflow/.local/lib/python3.7/site-packages/airflow/example_dags/example_sla_dag.py
[2022-07-10 12:54:40,175] {processor.py:652} INFO - DAG(s) dict_keys(['example_sla_dag']) retrieved from /home/airflow/.local/lib/python3.7/site-packages/airflow/example_dags/example_sla_dag.py
[2022-07-10 12:54:40,187] {logging_mixin.py:109} INFO - [2022-07-10 12:54:40,187] {dag.py:2398} INFO - Sync 1 DAGs
[2022-07-10 12:54:40,201] {logging_mixin.py:109} INFO - [2022-07-10 12:54:40,201] {dag.py:2937} INFO - Setting next_dagrun for example_sla_dag to 2022-07-10T12:52:00+00:00
[2022-07-10 12:54:40,209] {processor.py:171} INFO - Processing /home/airflow/.local/lib/python3.7/site-packages/airflow/example_dags/example_sla_dag.py took 0.049 seconds
[2022-07-10 12:55:11,247] {processor.py:163} INFO - Started process (PID=1459) to work on /home/airflow/.local/lib/python3.7/site-packages/airflow/example_dags/example_sla_dag.py
[2022-07-10 12:55:11,248] {processor.py:642} INFO - Processing file /home/airflow/.local/lib/python3.7/site-packages/airflow/example_dags/example_sla_dag.py for tasks to queue
[2022-07-10 12:55:11,249] {logging_mixin.py:109} INFO - [2022-07-10 12:55:11,249] {dagbag.py:500} INFO - Filling up the DagBag from /home/airflow/.local/lib/python3.7/site-packages/airflow/example_dags/example_sla_dag.py
[2022-07-10 12:55:11,264] {processor.py:652} INFO - DAG(s) dict_keys(['example_sla_dag']) retrieved from /home/airflow/.local/lib/python3.7/site-packages/airflow/example_dags/example_sla_dag.py
[2022-07-10 12:55:11,278] {logging_mixin.py:109} INFO - [2022-07-10 12:55:11,278] {dag.py:2398} INFO - Sync 1 DAGs
[2022-07-10 12:55:11,297] {logging_mixin.py:109} INFO - [2022-07-10 12:55:11,297] {dag.py:2937} INFO - Setting next_dagrun for example_sla_dag to 2022-07-10T12:52:00+00:00
[2022-07-10 12:55:11,303] {processor.py:171} INFO - Processing /home/airflow/.local/lib/python3.7/site-packages/airflow/example_dags/example_sla_dag.py took 0.058 seconds
[2022-07-10 12:55:41,518] {processor.py:163} INFO - Started process (PID=1530) to work on /home/airflow/.local/lib/python3.7/site-packages/airflow/example_dags/example_sla_dag.py
[2022-07-10 12:55:41,518] {processor.py:642} INFO - Processing file /home/airflow/.local/lib/python3.7/site-packages/airflow/example_dags/example_sla_dag.py for tasks to queue
[2022-07-10 12:55:41,519] {logging_mixin.py:109} INFO - [2022-07-10 12:55:41,519] {dagbag.py:500} INFO - Filling up the DagBag from /home/airflow/.local/lib/python3.7/site-packages/airflow/example_dags/example_sla_dag.py
[2022-07-10 12:55:41,530] {processor.py:652} INFO - DAG(s) dict_keys(['example_sla_dag']) retrieved from /home/airflow/.local/lib/python3.7/site-packages/airflow/example_dags/example_sla_dag.py
[2022-07-10 12:55:41,541] {logging_mixin.py:109} INFO - [2022-07-10 12:55:41,540] {dag.py:2398} INFO - Sync 1 DAGs
[2022-07-10 12:55:41,552] {logging_mixin.py:109} INFO - [2022-07-10 12:55:41,552] {dag.py:2937} INFO - Setting next_dagrun for example_sla_dag to 2022-07-10T12:52:00+00:00
[2022-07-10 12:55:41,558] {processor.py:171} INFO - Processing /home/airflow/.local/lib/python3.7/site-packages/airflow/example_dags/example_sla_dag.py took 0.041 seconds
[2022-07-10 12:56:12,444] {processor.py:163} INFO - Started process (PID=1601) to work on /home/airflow/.local/lib/python3.7/site-packages/airflow/example_dags/example_sla_dag.py
[2022-07-10 12:56:12,444] {processor.py:642} INFO - Processing file /home/airflow/.local/lib/python3.7/site-packages/airflow/example_dags/example_sla_dag.py for tasks to queue
[2022-07-10 12:56:12,445] {logging_mixin.py:109} INFO - [2022-07-10 12:56:12,445] {dagbag.py:500} INFO - Filling up the DagBag from /home/airflow/.local/lib/python3.7/site-packages/airflow/example_dags/example_sla_dag.py
[2022-07-10 12:56:12,457] {processor.py:652} INFO - DAG(s) dict_keys(['example_sla_dag']) retrieved from /home/airflow/.local/lib/python3.7/site-packages/airflow/example_dags/example_sla_dag.py
[2022-07-10 12:56:12,472] {logging_mixin.py:109} INFO - [2022-07-10 12:56:12,472] {dag.py:2398} INFO - Sync 1 DAGs
[2022-07-10 12:56:12,488] {logging_mixin.py:109} INFO - [2022-07-10 12:56:12,488] {dag.py:2937} INFO - Setting next_dagrun for example_sla_dag to 2022-07-10T12:54:00+00:00
[2022-07-10 12:56:12,495] {processor.py:171} INFO - Processing /home/airflow/.local/lib/python3.7/site-packages/airflow/example_dags/example_sla_dag.py took 0.053 seconds
[2022-07-10 12:56:43,252] {processor.py:163} INFO - Started process (PID=1662) to work on /home/airflow/.local/lib/python3.7/site-packages/airflow/example_dags/example_sla_dag.py
[2022-07-10 12:56:43,252] {processor.py:642} INFO - Processing file /home/airflow/.local/lib/python3.7/site-packages/airflow/example_dags/example_sla_dag.py for tasks to queue
[2022-07-10 12:56:43,252] {logging_mixin.py:109} INFO - [2022-07-10 12:56:43,252] {dagbag.py:500} INFO - Filling up the DagBag from /home/airflow/.local/lib/python3.7/site-packages/airflow/example_dags/example_sla_dag.py
[2022-07-10 12:56:43,263] {processor.py:652} INFO - DAG(s) dict_keys(['example_sla_dag']) retrieved from /home/airflow/.local/lib/python3.7/site-packages/airflow/example_dags/example_sla_dag.py
[2022-07-10 12:56:43,273] {logging_mixin.py:109} INFO - [2022-07-10 12:56:43,273] {dag.py:2398} INFO - Sync 1 DAGs
[2022-07-10 12:56:43,287] {logging_mixin.py:109} INFO - [2022-07-10 12:56:43,287] {dag.py:2937} INFO - Setting next_dagrun for example_sla_dag to 2022-07-10T12:54:00+00:00
[2022-07-10 12:56:43,292] {processor.py:171} INFO - Processing /home/airflow/.local/lib/python3.7/site-packages/airflow/example_dags/example_sla_dag.py took 0.042 seconds
[2022-07-10 12:57:14,177] {processor.py:163} INFO - Started process (PID=1734) to work on /home/airflow/.local/lib/python3.7/site-packages/airflow/example_dags/example_sla_dag.py
[2022-07-10 12:57:14,177] {processor.py:642} INFO - Processing file /home/airflow/.local/lib/python3.7/site-packages/airflow/example_dags/example_sla_dag.py for tasks to queue
[2022-07-10 12:57:14,178] {logging_mixin.py:109} INFO - [2022-07-10 12:57:14,178] {dagbag.py:500} INFO - Filling up the DagBag from /home/airflow/.local/lib/python3.7/site-packages/airflow/example_dags/example_sla_dag.py
[2022-07-10 12:57:14,190] {processor.py:652} INFO - DAG(s) dict_keys(['example_sla_dag']) retrieved from /home/airflow/.local/lib/python3.7/site-packages/airflow/example_dags/example_sla_dag.py
[2022-07-10 12:57:14,202] {logging_mixin.py:109} INFO - [2022-07-10 12:57:14,202] {dag.py:2398} INFO - Sync 1 DAGs
[2022-07-10 12:57:14,214] {logging_mixin.py:109} INFO - [2022-07-10 12:57:14,214] {dag.py:2937} INFO - Setting next_dagrun for example_sla_dag to 2022-07-10T12:54:00+00:00
[2022-07-10 12:57:14,222] {processor.py:171} INFO - Processing /home/airflow/.local/lib/python3.7/site-packages/airflow/example_dags/example_sla_dag.py took 0.047 seconds
[2022-07-10 12:57:45,268] {processor.py:163} INFO - Started process (PID=1806) to work on /home/airflow/.local/lib/python3.7/site-packages/airflow/example_dags/example_sla_dag.py
[2022-07-10 12:57:45,268] {processor.py:642} INFO - Processing file /home/airflow/.local/lib/python3.7/site-packages/airflow/example_dags/example_sla_dag.py for tasks to queue
[2022-07-10 12:57:45,269] {logging_mixin.py:109} INFO - [2022-07-10 12:57:45,269] {dagbag.py:500} INFO - Filling up the DagBag from /home/airflow/.local/lib/python3.7/site-packages/airflow/example_dags/example_sla_dag.py
[2022-07-10 12:57:45,281] {processor.py:652} INFO - DAG(s) dict_keys(['example_sla_dag']) retrieved from /home/airflow/.local/lib/python3.7/site-packages/airflow/example_dags/example_sla_dag.py
[2022-07-10 12:57:45,294] {logging_mixin.py:109} INFO - [2022-07-10 12:57:45,294] {dag.py:2398} INFO - Sync 1 DAGs
[2022-07-10 12:57:45,309] {logging_mixin.py:109} INFO - [2022-07-10 12:57:45,309] {dag.py:2937} INFO - Setting next_dagrun for example_sla_dag to 2022-07-10T12:54:00+00:00
[2022-07-10 12:57:45,315] {processor.py:171} INFO - Processing /home/airflow/.local/lib/python3.7/site-packages/airflow/example_dags/example_sla_dag.py took 0.049 seconds
[2022-07-10 12:58:15,412] {processor.py:163} INFO - Started process (PID=1868) to work on /home/airflow/.local/lib/python3.7/site-packages/airflow/example_dags/example_sla_dag.py
[2022-07-10 12:58:15,413] {processor.py:642} INFO - Processing file /home/airflow/.local/lib/python3.7/site-packages/airflow/example_dags/example_sla_dag.py for tasks to queue
[2022-07-10 12:58:15,413] {logging_mixin.py:109} INFO - [2022-07-10 12:58:15,413] {dagbag.py:500} INFO - Filling up the DagBag from /home/airflow/.local/lib/python3.7/site-packages/airflow/example_dags/example_sla_dag.py
[2022-07-10 12:58:15,426] {processor.py:652} INFO - DAG(s) dict_keys(['example_sla_dag']) retrieved from /home/airflow/.local/lib/python3.7/site-packages/airflow/example_dags/example_sla_dag.py
[2022-07-10 12:58:15,438] {logging_mixin.py:109} INFO - [2022-07-10 12:58:15,438] {dag.py:2398} INFO - Sync 1 DAGs
[2022-07-10 12:58:15,451] {logging_mixin.py:109} INFO - [2022-07-10 12:58:15,451] {dag.py:2937} INFO - Setting next_dagrun for example_sla_dag to 2022-07-10T12:56:00+00:00
[2022-07-10 12:58:15,459] {processor.py:171} INFO - Processing /home/airflow/.local/lib/python3.7/site-packages/airflow/example_dags/example_sla_dag.py took 0.048 seconds
[2022-07-10 12:58:46,182] {processor.py:163} INFO - Started process (PID=1941) to work on /home/airflow/.local/lib/python3.7/site-packages/airflow/example_dags/example_sla_dag.py
[2022-07-10 12:58:46,183] {processor.py:642} INFO - Processing file /home/airflow/.local/lib/python3.7/site-packages/airflow/example_dags/example_sla_dag.py for tasks to queue
[2022-07-10 12:58:46,183] {logging_mixin.py:109} INFO - [2022-07-10 12:58:46,183] {dagbag.py:500} INFO - Filling up the DagBag from /home/airflow/.local/lib/python3.7/site-packages/airflow/example_dags/example_sla_dag.py
[2022-07-10 12:58:46,195] {processor.py:652} INFO - DAG(s) dict_keys(['example_sla_dag']) retrieved from /home/airflow/.local/lib/python3.7/site-packages/airflow/example_dags/example_sla_dag.py
[2022-07-10 12:58:46,208] {logging_mixin.py:109} INFO - [2022-07-10 12:58:46,208] {dag.py:2398} INFO - Sync 1 DAGs
[2022-07-10 12:58:46,223] {logging_mixin.py:109} INFO - [2022-07-10 12:58:46,223] {dag.py:2937} INFO - Setting next_dagrun for example_sla_dag to 2022-07-10T12:56:00+00:00
[2022-07-10 12:58:46,228] {processor.py:171} INFO - Processing /home/airflow/.local/lib/python3.7/site-packages/airflow/example_dags/example_sla_dag.py took 0.047 seconds
[2022-07-10 12:59:17,246] {processor.py:163} INFO - Started process (PID=2013) to work on /home/airflow/.local/lib/python3.7/site-packages/airflow/example_dags/example_sla_dag.py
[2022-07-10 12:59:17,247] {processor.py:642} INFO - Processing file /home/airflow/.local/lib/python3.7/site-packages/airflow/example_dags/example_sla_dag.py for tasks to queue
[2022-07-10 12:59:17,247] {logging_mixin.py:109} INFO - [2022-07-10 12:59:17,247] {dagbag.py:500} INFO - Filling up the DagBag from /home/airflow/.local/lib/python3.7/site-packages/airflow/example_dags/example_sla_dag.py
[2022-07-10 12:59:17,260] {processor.py:652} INFO - DAG(s) dict_keys(['example_sla_dag']) retrieved from /home/airflow/.local/lib/python3.7/site-packages/airflow/example_dags/example_sla_dag.py
[2022-07-10 12:59:17,273] {logging_mixin.py:109} INFO - [2022-07-10 12:59:17,273] {dag.py:2398} INFO - Sync 1 DAGs
[2022-07-10 12:59:17,289] {logging_mixin.py:109} INFO - [2022-07-10 12:59:17,289] {dag.py:2937} INFO - Setting next_dagrun for example_sla_dag to 2022-07-10T12:56:00+00:00
[2022-07-10 12:59:17,296] {processor.py:171} INFO - Processing /home/airflow/.local/lib/python3.7/site-packages/airflow/example_dags/example_sla_dag.py took 0.052 seconds
[2022-07-10 12:59:48,107] {processor.py:163} INFO - Started process (PID=2075) to work on /home/airflow/.local/lib/python3.7/site-packages/airflow/example_dags/example_sla_dag.py
[2022-07-10 12:59:48,107] {processor.py:642} INFO - Processing file /home/airflow/.local/lib/python3.7/site-packages/airflow/example_dags/example_sla_dag.py for tasks to queue
[2022-07-10 12:59:48,108] {logging_mixin.py:109} INFO - [2022-07-10 12:59:48,107] {dagbag.py:500} INFO - Filling up the DagBag from /home/airflow/.local/lib/python3.7/site-packages/airflow/example_dags/example_sla_dag.py
[2022-07-10 12:59:48,117] {processor.py:652} INFO - DAG(s) dict_keys(['example_sla_dag']) retrieved from /home/airflow/.local/lib/python3.7/site-packages/airflow/example_dags/example_sla_dag.py
[2022-07-10 12:59:48,129] {logging_mixin.py:109} INFO - [2022-07-10 12:59:48,129] {dag.py:2398} INFO - Sync 1 DAGs
[2022-07-10 12:59:48,145] {logging_mixin.py:109} INFO - [2022-07-10 12:59:48,145] {dag.py:2937} INFO - Setting next_dagrun for example_sla_dag to 2022-07-10T12:56:00+00:00
[2022-07-10 12:59:48,150] {processor.py:171} INFO - Processing /home/airflow/.local/lib/python3.7/site-packages/airflow/example_dags/example_sla_dag.py took 0.045 seconds
[2022-07-10 13:00:18,748] {processor.py:163} INFO - Started process (PID=2146) to work on /home/airflow/.local/lib/python3.7/site-packages/airflow/example_dags/example_sla_dag.py
[2022-07-10 13:00:18,748] {processor.py:642} INFO - Processing file /home/airflow/.local/lib/python3.7/site-packages/airflow/example_dags/example_sla_dag.py for tasks to queue
[2022-07-10 13:00:18,749] {logging_mixin.py:109} INFO - [2022-07-10 13:00:18,749] {dagbag.py:500} INFO - Filling up the DagBag from /home/airflow/.local/lib/python3.7/site-packages/airflow/example_dags/example_sla_dag.py
[2022-07-10 13:00:18,760] {processor.py:652} INFO - DAG(s) dict_keys(['example_sla_dag']) retrieved from /home/airflow/.local/lib/python3.7/site-packages/airflow/example_dags/example_sla_dag.py
[2022-07-10 13:00:18,773] {logging_mixin.py:109} INFO - [2022-07-10 13:00:18,773] {dag.py:2398} INFO - Sync 1 DAGs
[2022-07-10 13:00:18,787] {logging_mixin.py:109} INFO - [2022-07-10 13:00:18,787] {dag.py:2937} INFO - Setting next_dagrun for example_sla_dag to 2022-07-10T12:58:00+00:00
[2022-07-10 13:00:18,793] {processor.py:171} INFO - Processing /home/airflow/.local/lib/python3.7/site-packages/airflow/example_dags/example_sla_dag.py took 0.047 seconds
[2022-07-10 13:00:49,749] {processor.py:163} INFO - Started process (PID=2219) to work on /home/airflow/.local/lib/python3.7/site-packages/airflow/example_dags/example_sla_dag.py
[2022-07-10 13:00:49,750] {processor.py:642} INFO - Processing file /home/airflow/.local/lib/python3.7/site-packages/airflow/example_dags/example_sla_dag.py for tasks to queue
[2022-07-10 13:00:49,750] {logging_mixin.py:109} INFO - [2022-07-10 13:00:49,750] {dagbag.py:500} INFO - Filling up the DagBag from /home/airflow/.local/lib/python3.7/site-packages/airflow/example_dags/example_sla_dag.py
[2022-07-10 13:00:49,763] {processor.py:652} INFO - DAG(s) dict_keys(['example_sla_dag']) retrieved from /home/airflow/.local/lib/python3.7/site-packages/airflow/example_dags/example_sla_dag.py
[2022-07-10 13:00:49,775] {logging_mixin.py:109} INFO - [2022-07-10 13:00:49,775] {dag.py:2398} INFO - Sync 1 DAGs
[2022-07-10 13:00:49,787] {logging_mixin.py:109} INFO - [2022-07-10 13:00:49,787] {dag.py:2937} INFO - Setting next_dagrun for example_sla_dag to 2022-07-10T12:58:00+00:00
[2022-07-10 13:00:49,792] {processor.py:171} INFO - Processing /home/airflow/.local/lib/python3.7/site-packages/airflow/example_dags/example_sla_dag.py took 0.044 seconds
[2022-07-10 13:01:20,518] {processor.py:163} INFO - Started process (PID=2281) to work on /home/airflow/.local/lib/python3.7/site-packages/airflow/example_dags/example_sla_dag.py
[2022-07-10 13:01:20,518] {processor.py:642} INFO - Processing file /home/airflow/.local/lib/python3.7/site-packages/airflow/example_dags/example_sla_dag.py for tasks to queue
[2022-07-10 13:01:20,518] {logging_mixin.py:109} INFO - [2022-07-10 13:01:20,518] {dagbag.py:500} INFO - Filling up the DagBag from /home/airflow/.local/lib/python3.7/site-packages/airflow/example_dags/example_sla_dag.py
[2022-07-10 13:01:20,529] {processor.py:652} INFO - DAG(s) dict_keys(['example_sla_dag']) retrieved from /home/airflow/.local/lib/python3.7/site-packages/airflow/example_dags/example_sla_dag.py
[2022-07-10 13:01:20,540] {logging_mixin.py:109} INFO - [2022-07-10 13:01:20,540] {dag.py:2398} INFO - Sync 1 DAGs
[2022-07-10 13:01:20,551] {logging_mixin.py:109} INFO - [2022-07-10 13:01:20,551] {dag.py:2937} INFO - Setting next_dagrun for example_sla_dag to 2022-07-10T12:58:00+00:00
[2022-07-10 13:01:20,556] {processor.py:171} INFO - Processing /home/airflow/.local/lib/python3.7/site-packages/airflow/example_dags/example_sla_dag.py took 0.040 seconds
[2022-07-10 13:01:51,271] {processor.py:163} INFO - Started process (PID=2353) to work on /home/airflow/.local/lib/python3.7/site-packages/airflow/example_dags/example_sla_dag.py
[2022-07-10 13:01:51,272] {processor.py:642} INFO - Processing file /home/airflow/.local/lib/python3.7/site-packages/airflow/example_dags/example_sla_dag.py for tasks to queue
[2022-07-10 13:01:51,272] {logging_mixin.py:109} INFO - [2022-07-10 13:01:51,272] {dagbag.py:500} INFO - Filling up the DagBag from /home/airflow/.local/lib/python3.7/site-packages/airflow/example_dags/example_sla_dag.py
[2022-07-10 13:01:51,283] {processor.py:652} INFO - DAG(s) dict_keys(['example_sla_dag']) retrieved from /home/airflow/.local/lib/python3.7/site-packages/airflow/example_dags/example_sla_dag.py
[2022-07-10 13:01:51,294] {logging_mixin.py:109} INFO - [2022-07-10 13:01:51,294] {dag.py:2398} INFO - Sync 1 DAGs
[2022-07-10 13:01:51,307] {logging_mixin.py:109} INFO - [2022-07-10 13:01:51,306] {dag.py:2937} INFO - Setting next_dagrun for example_sla_dag to 2022-07-10T12:58:00+00:00
[2022-07-10 13:01:51,312] {processor.py:171} INFO - Processing /home/airflow/.local/lib/python3.7/site-packages/airflow/example_dags/example_sla_dag.py took 0.042 seconds
[2022-07-10 13:02:22,013] {processor.py:163} INFO - Started process (PID=2425) to work on /home/airflow/.local/lib/python3.7/site-packages/airflow/example_dags/example_sla_dag.py
[2022-07-10 13:02:22,014] {processor.py:642} INFO - Processing file /home/airflow/.local/lib/python3.7/site-packages/airflow/example_dags/example_sla_dag.py for tasks to queue
[2022-07-10 13:02:22,014] {logging_mixin.py:109} INFO - [2022-07-10 13:02:22,014] {dagbag.py:500} INFO - Filling up the DagBag from /home/airflow/.local/lib/python3.7/site-packages/airflow/example_dags/example_sla_dag.py
[2022-07-10 13:02:22,024] {processor.py:652} INFO - DAG(s) dict_keys(['example_sla_dag']) retrieved from /home/airflow/.local/lib/python3.7/site-packages/airflow/example_dags/example_sla_dag.py
[2022-07-10 13:02:22,037] {logging_mixin.py:109} INFO - [2022-07-10 13:02:22,037] {dag.py:2398} INFO - Sync 1 DAGs
[2022-07-10 13:02:22,049] {logging_mixin.py:109} INFO - [2022-07-10 13:02:22,049] {dag.py:2937} INFO - Setting next_dagrun for example_sla_dag to 2022-07-10T13:00:00+00:00
[2022-07-10 13:02:22,055] {processor.py:171} INFO - Processing /home/airflow/.local/lib/python3.7/site-packages/airflow/example_dags/example_sla_dag.py took 0.043 seconds
[2022-07-10 13:02:52,839] {processor.py:163} INFO - Started process (PID=2488) to work on /home/airflow/.local/lib/python3.7/site-packages/airflow/example_dags/example_sla_dag.py
[2022-07-10 13:02:52,839] {processor.py:642} INFO - Processing file /home/airflow/.local/lib/python3.7/site-packages/airflow/example_dags/example_sla_dag.py for tasks to queue
[2022-07-10 13:02:52,839] {logging_mixin.py:109} INFO - [2022-07-10 13:02:52,839] {dagbag.py:500} INFO - Filling up the DagBag from /home/airflow/.local/lib/python3.7/site-packages/airflow/example_dags/example_sla_dag.py
[2022-07-10 13:02:52,850] {processor.py:652} INFO - DAG(s) dict_keys(['example_sla_dag']) retrieved from /home/airflow/.local/lib/python3.7/site-packages/airflow/example_dags/example_sla_dag.py
[2022-07-10 13:02:52,860] {logging_mixin.py:109} INFO - [2022-07-10 13:02:52,860] {dag.py:2398} INFO - Sync 1 DAGs
[2022-07-10 13:02:52,873] {logging_mixin.py:109} INFO - [2022-07-10 13:02:52,873] {dag.py:2937} INFO - Setting next_dagrun for example_sla_dag to 2022-07-10T13:00:00+00:00
[2022-07-10 13:02:52,878] {processor.py:171} INFO - Processing /home/airflow/.local/lib/python3.7/site-packages/airflow/example_dags/example_sla_dag.py took 0.042 seconds
[2022-07-10 13:03:23,704] {processor.py:163} INFO - Started process (PID=2559) to work on /home/airflow/.local/lib/python3.7/site-packages/airflow/example_dags/example_sla_dag.py
[2022-07-10 13:03:23,705] {processor.py:642} INFO - Processing file /home/airflow/.local/lib/python3.7/site-packages/airflow/example_dags/example_sla_dag.py for tasks to queue
[2022-07-10 13:03:23,705] {logging_mixin.py:109} INFO - [2022-07-10 13:03:23,705] {dagbag.py:500} INFO - Filling up the DagBag from /home/airflow/.local/lib/python3.7/site-packages/airflow/example_dags/example_sla_dag.py
[2022-07-10 13:03:23,719] {processor.py:652} INFO - DAG(s) dict_keys(['example_sla_dag']) retrieved from /home/airflow/.local/lib/python3.7/site-packages/airflow/example_dags/example_sla_dag.py
[2022-07-10 13:03:23,734] {logging_mixin.py:109} INFO - [2022-07-10 13:03:23,734] {dag.py:2398} INFO - Sync 1 DAGs
[2022-07-10 13:03:23,750] {logging_mixin.py:109} INFO - [2022-07-10 13:03:23,750] {dag.py:2937} INFO - Setting next_dagrun for example_sla_dag to 2022-07-10T13:00:00+00:00
[2022-07-10 13:03:23,756] {processor.py:171} INFO - Processing /home/airflow/.local/lib/python3.7/site-packages/airflow/example_dags/example_sla_dag.py took 0.054 seconds
[2022-07-10 13:03:54,783] {processor.py:163} INFO - Started process (PID=2632) to work on /home/airflow/.local/lib/python3.7/site-packages/airflow/example_dags/example_sla_dag.py
[2022-07-10 13:03:54,784] {processor.py:642} INFO - Processing file /home/airflow/.local/lib/python3.7/site-packages/airflow/example_dags/example_sla_dag.py for tasks to queue
[2022-07-10 13:03:54,784] {logging_mixin.py:109} INFO - [2022-07-10 13:03:54,784] {dagbag.py:500} INFO - Filling up the DagBag from /home/airflow/.local/lib/python3.7/site-packages/airflow/example_dags/example_sla_dag.py
[2022-07-10 13:03:54,795] {processor.py:652} INFO - DAG(s) dict_keys(['example_sla_dag']) retrieved from /home/airflow/.local/lib/python3.7/site-packages/airflow/example_dags/example_sla_dag.py
[2022-07-10 13:03:54,808] {logging_mixin.py:109} INFO - [2022-07-10 13:03:54,808] {dag.py:2398} INFO - Sync 1 DAGs
[2022-07-10 13:03:54,820] {logging_mixin.py:109} INFO - [2022-07-10 13:03:54,820] {dag.py:2937} INFO - Setting next_dagrun for example_sla_dag to 2022-07-10T13:00:00+00:00
[2022-07-10 13:03:54,825] {processor.py:171} INFO - Processing /home/airflow/.local/lib/python3.7/site-packages/airflow/example_dags/example_sla_dag.py took 0.043 seconds
[2022-07-10 13:04:25,516] {processor.py:163} INFO - Started process (PID=2694) to work on /home/airflow/.local/lib/python3.7/site-packages/airflow/example_dags/example_sla_dag.py
[2022-07-10 13:04:25,517] {processor.py:642} INFO - Processing file /home/airflow/.local/lib/python3.7/site-packages/airflow/example_dags/example_sla_dag.py for tasks to queue
[2022-07-10 13:04:25,517] {logging_mixin.py:109} INFO - [2022-07-10 13:04:25,517] {dagbag.py:500} INFO - Filling up the DagBag from /home/airflow/.local/lib/python3.7/site-packages/airflow/example_dags/example_sla_dag.py
[2022-07-10 13:04:25,526] {processor.py:652} INFO - DAG(s) dict_keys(['example_sla_dag']) retrieved from /home/airflow/.local/lib/python3.7/site-packages/airflow/example_dags/example_sla_dag.py
[2022-07-10 13:04:25,537] {logging_mixin.py:109} INFO - [2022-07-10 13:04:25,537] {dag.py:2398} INFO - Sync 1 DAGs
[2022-07-10 13:04:25,549] {logging_mixin.py:109} INFO - [2022-07-10 13:04:25,549] {dag.py:2937} INFO - Setting next_dagrun for example_sla_dag to 2022-07-10T13:02:00+00:00
[2022-07-10 13:04:25,554] {processor.py:171} INFO - Processing /home/airflow/.local/lib/python3.7/site-packages/airflow/example_dags/example_sla_dag.py took 0.040 seconds
