[2022-07-10 12:44:55,717] {processor.py:163} INFO - Started process (PID=63) to work on /home/airflow/.local/lib/python3.7/site-packages/airflow/example_dags/example_nested_branch_dag.py
[2022-07-10 12:44:55,718] {processor.py:642} INFO - Processing file /home/airflow/.local/lib/python3.7/site-packages/airflow/example_dags/example_nested_branch_dag.py for tasks to queue
[2022-07-10 12:44:55,718] {logging_mixin.py:109} INFO - [2022-07-10 12:44:55,718] {dagbag.py:500} INFO - Filling up the DagBag from /home/airflow/.local/lib/python3.7/site-packages/airflow/example_dags/example_nested_branch_dag.py
[2022-07-10 12:44:55,729] {processor.py:652} INFO - DAG(s) dict_keys(['example_nested_branch_dag']) retrieved from /home/airflow/.local/lib/python3.7/site-packages/airflow/example_dags/example_nested_branch_dag.py
[2022-07-10 12:44:55,748] {logging_mixin.py:109} INFO - [2022-07-10 12:44:55,747] {dag.py:2398} INFO - Sync 1 DAGs
[2022-07-10 12:44:55,764] {logging_mixin.py:109} INFO - [2022-07-10 12:44:55,764] {dag.py:2937} INFO - Setting next_dagrun for example_nested_branch_dag to 2022-07-09 00:00:00+00:00
[2022-07-10 12:44:55,773] {processor.py:171} INFO - Processing /home/airflow/.local/lib/python3.7/site-packages/airflow/example_dags/example_nested_branch_dag.py took 0.057 seconds
[2022-07-10 12:45:26,872] {processor.py:163} INFO - Started process (PID=143) to work on /home/airflow/.local/lib/python3.7/site-packages/airflow/example_dags/example_nested_branch_dag.py
[2022-07-10 12:45:26,872] {processor.py:642} INFO - Processing file /home/airflow/.local/lib/python3.7/site-packages/airflow/example_dags/example_nested_branch_dag.py for tasks to queue
[2022-07-10 12:45:26,872] {logging_mixin.py:109} INFO - [2022-07-10 12:45:26,872] {dagbag.py:500} INFO - Filling up the DagBag from /home/airflow/.local/lib/python3.7/site-packages/airflow/example_dags/example_nested_branch_dag.py
[2022-07-10 12:45:26,883] {processor.py:652} INFO - DAG(s) dict_keys(['example_nested_branch_dag']) retrieved from /home/airflow/.local/lib/python3.7/site-packages/airflow/example_dags/example_nested_branch_dag.py
[2022-07-10 12:45:26,896] {logging_mixin.py:109} INFO - [2022-07-10 12:45:26,896] {dag.py:2398} INFO - Sync 1 DAGs
[2022-07-10 12:45:26,909] {logging_mixin.py:109} INFO - [2022-07-10 12:45:26,909] {dag.py:2937} INFO - Setting next_dagrun for example_nested_branch_dag to 2022-07-09 00:00:00+00:00
[2022-07-10 12:45:26,922] {processor.py:171} INFO - Processing /home/airflow/.local/lib/python3.7/site-packages/airflow/example_dags/example_nested_branch_dag.py took 0.052 seconds
[2022-07-10 12:45:57,098] {processor.py:163} INFO - Started process (PID=216) to work on /home/airflow/.local/lib/python3.7/site-packages/airflow/example_dags/example_nested_branch_dag.py
[2022-07-10 12:45:57,099] {processor.py:642} INFO - Processing file /home/airflow/.local/lib/python3.7/site-packages/airflow/example_dags/example_nested_branch_dag.py for tasks to queue
[2022-07-10 12:45:57,099] {logging_mixin.py:109} INFO - [2022-07-10 12:45:57,099] {dagbag.py:500} INFO - Filling up the DagBag from /home/airflow/.local/lib/python3.7/site-packages/airflow/example_dags/example_nested_branch_dag.py
[2022-07-10 12:45:57,110] {processor.py:652} INFO - DAG(s) dict_keys(['example_nested_branch_dag']) retrieved from /home/airflow/.local/lib/python3.7/site-packages/airflow/example_dags/example_nested_branch_dag.py
[2022-07-10 12:45:57,124] {logging_mixin.py:109} INFO - [2022-07-10 12:45:57,124] {dag.py:2398} INFO - Sync 1 DAGs
[2022-07-10 12:45:57,138] {logging_mixin.py:109} INFO - [2022-07-10 12:45:57,138] {dag.py:2937} INFO - Setting next_dagrun for example_nested_branch_dag to 2022-07-09 00:00:00+00:00
[2022-07-10 12:45:57,145] {processor.py:171} INFO - Processing /home/airflow/.local/lib/python3.7/site-packages/airflow/example_dags/example_nested_branch_dag.py took 0.049 seconds
[2022-07-10 12:46:27,975] {processor.py:163} INFO - Started process (PID=278) to work on /home/airflow/.local/lib/python3.7/site-packages/airflow/example_dags/example_nested_branch_dag.py
[2022-07-10 12:46:27,975] {processor.py:642} INFO - Processing file /home/airflow/.local/lib/python3.7/site-packages/airflow/example_dags/example_nested_branch_dag.py for tasks to queue
[2022-07-10 12:46:27,976] {logging_mixin.py:109} INFO - [2022-07-10 12:46:27,975] {dagbag.py:500} INFO - Filling up the DagBag from /home/airflow/.local/lib/python3.7/site-packages/airflow/example_dags/example_nested_branch_dag.py
[2022-07-10 12:46:27,987] {processor.py:652} INFO - DAG(s) dict_keys(['example_nested_branch_dag']) retrieved from /home/airflow/.local/lib/python3.7/site-packages/airflow/example_dags/example_nested_branch_dag.py
[2022-07-10 12:46:27,998] {logging_mixin.py:109} INFO - [2022-07-10 12:46:27,998] {dag.py:2398} INFO - Sync 1 DAGs
[2022-07-10 12:46:28,013] {logging_mixin.py:109} INFO - [2022-07-10 12:46:28,013] {dag.py:2937} INFO - Setting next_dagrun for example_nested_branch_dag to 2022-07-09 00:00:00+00:00
[2022-07-10 12:46:28,018] {processor.py:171} INFO - Processing /home/airflow/.local/lib/python3.7/site-packages/airflow/example_dags/example_nested_branch_dag.py took 0.045 seconds
[2022-07-10 12:46:58,658] {processor.py:163} INFO - Started process (PID=350) to work on /home/airflow/.local/lib/python3.7/site-packages/airflow/example_dags/example_nested_branch_dag.py
[2022-07-10 12:46:58,659] {processor.py:642} INFO - Processing file /home/airflow/.local/lib/python3.7/site-packages/airflow/example_dags/example_nested_branch_dag.py for tasks to queue
[2022-07-10 12:46:58,659] {logging_mixin.py:109} INFO - [2022-07-10 12:46:58,659] {dagbag.py:500} INFO - Filling up the DagBag from /home/airflow/.local/lib/python3.7/site-packages/airflow/example_dags/example_nested_branch_dag.py
[2022-07-10 12:46:58,669] {processor.py:652} INFO - DAG(s) dict_keys(['example_nested_branch_dag']) retrieved from /home/airflow/.local/lib/python3.7/site-packages/airflow/example_dags/example_nested_branch_dag.py
[2022-07-10 12:46:58,681] {logging_mixin.py:109} INFO - [2022-07-10 12:46:58,681] {dag.py:2398} INFO - Sync 1 DAGs
[2022-07-10 12:46:58,691] {logging_mixin.py:109} INFO - [2022-07-10 12:46:58,691] {dag.py:2937} INFO - Setting next_dagrun for example_nested_branch_dag to 2022-07-09 00:00:00+00:00
[2022-07-10 12:46:58,696] {processor.py:171} INFO - Processing /home/airflow/.local/lib/python3.7/site-packages/airflow/example_dags/example_nested_branch_dag.py took 0.040 seconds
[2022-07-10 12:47:29,479] {processor.py:163} INFO - Started process (PID=423) to work on /home/airflow/.local/lib/python3.7/site-packages/airflow/example_dags/example_nested_branch_dag.py
[2022-07-10 12:47:29,480] {processor.py:642} INFO - Processing file /home/airflow/.local/lib/python3.7/site-packages/airflow/example_dags/example_nested_branch_dag.py for tasks to queue
[2022-07-10 12:47:29,480] {logging_mixin.py:109} INFO - [2022-07-10 12:47:29,480] {dagbag.py:500} INFO - Filling up the DagBag from /home/airflow/.local/lib/python3.7/site-packages/airflow/example_dags/example_nested_branch_dag.py
[2022-07-10 12:47:29,491] {processor.py:652} INFO - DAG(s) dict_keys(['example_nested_branch_dag']) retrieved from /home/airflow/.local/lib/python3.7/site-packages/airflow/example_dags/example_nested_branch_dag.py
[2022-07-10 12:47:29,502] {logging_mixin.py:109} INFO - [2022-07-10 12:47:29,502] {dag.py:2398} INFO - Sync 1 DAGs
[2022-07-10 12:47:29,512] {logging_mixin.py:109} INFO - [2022-07-10 12:47:29,512] {dag.py:2937} INFO - Setting next_dagrun for example_nested_branch_dag to 2022-07-09 00:00:00+00:00
[2022-07-10 12:47:29,517] {processor.py:171} INFO - Processing /home/airflow/.local/lib/python3.7/site-packages/airflow/example_dags/example_nested_branch_dag.py took 0.039 seconds
[2022-07-10 12:48:00,168] {processor.py:163} INFO - Started process (PID=493) to work on /home/airflow/.local/lib/python3.7/site-packages/airflow/example_dags/example_nested_branch_dag.py
[2022-07-10 12:48:00,169] {processor.py:642} INFO - Processing file /home/airflow/.local/lib/python3.7/site-packages/airflow/example_dags/example_nested_branch_dag.py for tasks to queue
[2022-07-10 12:48:00,169] {logging_mixin.py:109} INFO - [2022-07-10 12:48:00,169] {dagbag.py:500} INFO - Filling up the DagBag from /home/airflow/.local/lib/python3.7/site-packages/airflow/example_dags/example_nested_branch_dag.py
[2022-07-10 12:48:00,180] {processor.py:652} INFO - DAG(s) dict_keys(['example_nested_branch_dag']) retrieved from /home/airflow/.local/lib/python3.7/site-packages/airflow/example_dags/example_nested_branch_dag.py
[2022-07-10 12:48:00,192] {logging_mixin.py:109} INFO - [2022-07-10 12:48:00,192] {dag.py:2398} INFO - Sync 1 DAGs
[2022-07-10 12:48:00,204] {logging_mixin.py:109} INFO - [2022-07-10 12:48:00,204] {dag.py:2937} INFO - Setting next_dagrun for example_nested_branch_dag to 2022-07-09 00:00:00+00:00
[2022-07-10 12:48:00,211] {processor.py:171} INFO - Processing /home/airflow/.local/lib/python3.7/site-packages/airflow/example_dags/example_nested_branch_dag.py took 0.044 seconds
[2022-07-10 12:48:31,122] {processor.py:163} INFO - Started process (PID=558) to work on /home/airflow/.local/lib/python3.7/site-packages/airflow/example_dags/example_nested_branch_dag.py
[2022-07-10 12:48:31,123] {processor.py:642} INFO - Processing file /home/airflow/.local/lib/python3.7/site-packages/airflow/example_dags/example_nested_branch_dag.py for tasks to queue
[2022-07-10 12:48:31,123] {logging_mixin.py:109} INFO - [2022-07-10 12:48:31,123] {dagbag.py:500} INFO - Filling up the DagBag from /home/airflow/.local/lib/python3.7/site-packages/airflow/example_dags/example_nested_branch_dag.py
[2022-07-10 12:48:31,134] {processor.py:652} INFO - DAG(s) dict_keys(['example_nested_branch_dag']) retrieved from /home/airflow/.local/lib/python3.7/site-packages/airflow/example_dags/example_nested_branch_dag.py
[2022-07-10 12:48:31,146] {logging_mixin.py:109} INFO - [2022-07-10 12:48:31,146] {dag.py:2398} INFO - Sync 1 DAGs
[2022-07-10 12:48:31,158] {logging_mixin.py:109} INFO - [2022-07-10 12:48:31,157] {dag.py:2937} INFO - Setting next_dagrun for example_nested_branch_dag to 2022-07-09 00:00:00+00:00
[2022-07-10 12:48:31,163] {processor.py:171} INFO - Processing /home/airflow/.local/lib/python3.7/site-packages/airflow/example_dags/example_nested_branch_dag.py took 0.043 seconds
[2022-07-10 12:49:01,923] {processor.py:163} INFO - Started process (PID=629) to work on /home/airflow/.local/lib/python3.7/site-packages/airflow/example_dags/example_nested_branch_dag.py
[2022-07-10 12:49:01,923] {processor.py:642} INFO - Processing file /home/airflow/.local/lib/python3.7/site-packages/airflow/example_dags/example_nested_branch_dag.py for tasks to queue
[2022-07-10 12:49:01,924] {logging_mixin.py:109} INFO - [2022-07-10 12:49:01,924] {dagbag.py:500} INFO - Filling up the DagBag from /home/airflow/.local/lib/python3.7/site-packages/airflow/example_dags/example_nested_branch_dag.py
[2022-07-10 12:49:01,934] {processor.py:652} INFO - DAG(s) dict_keys(['example_nested_branch_dag']) retrieved from /home/airflow/.local/lib/python3.7/site-packages/airflow/example_dags/example_nested_branch_dag.py
[2022-07-10 12:49:01,946] {logging_mixin.py:109} INFO - [2022-07-10 12:49:01,946] {dag.py:2398} INFO - Sync 1 DAGs
[2022-07-10 12:49:01,959] {logging_mixin.py:109} INFO - [2022-07-10 12:49:01,959] {dag.py:2937} INFO - Setting next_dagrun for example_nested_branch_dag to 2022-07-09 00:00:00+00:00
[2022-07-10 12:49:01,966] {processor.py:171} INFO - Processing /home/airflow/.local/lib/python3.7/site-packages/airflow/example_dags/example_nested_branch_dag.py took 0.045 seconds
[2022-07-10 12:49:32,720] {processor.py:163} INFO - Started process (PID=700) to work on /home/airflow/.local/lib/python3.7/site-packages/airflow/example_dags/example_nested_branch_dag.py
[2022-07-10 12:49:32,721] {processor.py:642} INFO - Processing file /home/airflow/.local/lib/python3.7/site-packages/airflow/example_dags/example_nested_branch_dag.py for tasks to queue
[2022-07-10 12:49:32,722] {logging_mixin.py:109} INFO - [2022-07-10 12:49:32,722] {dagbag.py:500} INFO - Filling up the DagBag from /home/airflow/.local/lib/python3.7/site-packages/airflow/example_dags/example_nested_branch_dag.py
[2022-07-10 12:49:32,733] {processor.py:652} INFO - DAG(s) dict_keys(['example_nested_branch_dag']) retrieved from /home/airflow/.local/lib/python3.7/site-packages/airflow/example_dags/example_nested_branch_dag.py
[2022-07-10 12:49:32,762] {logging_mixin.py:109} INFO - [2022-07-10 12:49:32,762] {dag.py:2398} INFO - Sync 1 DAGs
[2022-07-10 12:49:32,779] {logging_mixin.py:109} INFO - [2022-07-10 12:49:32,779] {dag.py:2937} INFO - Setting next_dagrun for example_nested_branch_dag to 2022-07-09 00:00:00+00:00
[2022-07-10 12:49:32,789] {processor.py:171} INFO - Processing /home/airflow/.local/lib/python3.7/site-packages/airflow/example_dags/example_nested_branch_dag.py took 0.073 seconds
[2022-07-10 12:50:03,430] {processor.py:163} INFO - Started process (PID=762) to work on /home/airflow/.local/lib/python3.7/site-packages/airflow/example_dags/example_nested_branch_dag.py
[2022-07-10 12:50:03,431] {processor.py:642} INFO - Processing file /home/airflow/.local/lib/python3.7/site-packages/airflow/example_dags/example_nested_branch_dag.py for tasks to queue
[2022-07-10 12:50:03,431] {logging_mixin.py:109} INFO - [2022-07-10 12:50:03,431] {dagbag.py:500} INFO - Filling up the DagBag from /home/airflow/.local/lib/python3.7/site-packages/airflow/example_dags/example_nested_branch_dag.py
[2022-07-10 12:50:03,440] {processor.py:652} INFO - DAG(s) dict_keys(['example_nested_branch_dag']) retrieved from /home/airflow/.local/lib/python3.7/site-packages/airflow/example_dags/example_nested_branch_dag.py
[2022-07-10 12:50:03,451] {logging_mixin.py:109} INFO - [2022-07-10 12:50:03,451] {dag.py:2398} INFO - Sync 1 DAGs
[2022-07-10 12:50:03,461] {logging_mixin.py:109} INFO - [2022-07-10 12:50:03,461] {dag.py:2937} INFO - Setting next_dagrun for example_nested_branch_dag to 2022-07-09 00:00:00+00:00
[2022-07-10 12:50:03,467] {processor.py:171} INFO - Processing /home/airflow/.local/lib/python3.7/site-packages/airflow/example_dags/example_nested_branch_dag.py took 0.039 seconds
[2022-07-10 12:50:34,149] {processor.py:163} INFO - Started process (PID=834) to work on /home/airflow/.local/lib/python3.7/site-packages/airflow/example_dags/example_nested_branch_dag.py
[2022-07-10 12:50:34,149] {processor.py:642} INFO - Processing file /home/airflow/.local/lib/python3.7/site-packages/airflow/example_dags/example_nested_branch_dag.py for tasks to queue
[2022-07-10 12:50:34,150] {logging_mixin.py:109} INFO - [2022-07-10 12:50:34,149] {dagbag.py:500} INFO - Filling up the DagBag from /home/airflow/.local/lib/python3.7/site-packages/airflow/example_dags/example_nested_branch_dag.py
[2022-07-10 12:50:34,159] {processor.py:652} INFO - DAG(s) dict_keys(['example_nested_branch_dag']) retrieved from /home/airflow/.local/lib/python3.7/site-packages/airflow/example_dags/example_nested_branch_dag.py
[2022-07-10 12:50:34,170] {logging_mixin.py:109} INFO - [2022-07-10 12:50:34,170] {dag.py:2398} INFO - Sync 1 DAGs
[2022-07-10 12:50:34,180] {logging_mixin.py:109} INFO - [2022-07-10 12:50:34,180] {dag.py:2937} INFO - Setting next_dagrun for example_nested_branch_dag to 2022-07-09 00:00:00+00:00
[2022-07-10 12:50:34,186] {processor.py:171} INFO - Processing /home/airflow/.local/lib/python3.7/site-packages/airflow/example_dags/example_nested_branch_dag.py took 0.039 seconds
[2022-07-10 12:51:04,892] {processor.py:163} INFO - Started process (PID=905) to work on /home/airflow/.local/lib/python3.7/site-packages/airflow/example_dags/example_nested_branch_dag.py
[2022-07-10 12:51:04,892] {processor.py:642} INFO - Processing file /home/airflow/.local/lib/python3.7/site-packages/airflow/example_dags/example_nested_branch_dag.py for tasks to queue
[2022-07-10 12:51:04,893] {logging_mixin.py:109} INFO - [2022-07-10 12:51:04,893] {dagbag.py:500} INFO - Filling up the DagBag from /home/airflow/.local/lib/python3.7/site-packages/airflow/example_dags/example_nested_branch_dag.py
[2022-07-10 12:51:04,902] {processor.py:652} INFO - DAG(s) dict_keys(['example_nested_branch_dag']) retrieved from /home/airflow/.local/lib/python3.7/site-packages/airflow/example_dags/example_nested_branch_dag.py
[2022-07-10 12:51:04,915] {logging_mixin.py:109} INFO - [2022-07-10 12:51:04,915] {dag.py:2398} INFO - Sync 1 DAGs
[2022-07-10 12:51:04,925] {logging_mixin.py:109} INFO - [2022-07-10 12:51:04,925] {dag.py:2937} INFO - Setting next_dagrun for example_nested_branch_dag to 2022-07-09 00:00:00+00:00
[2022-07-10 12:51:04,931] {processor.py:171} INFO - Processing /home/airflow/.local/lib/python3.7/site-packages/airflow/example_dags/example_nested_branch_dag.py took 0.041 seconds
[2022-07-10 12:51:35,566] {processor.py:163} INFO - Started process (PID=968) to work on /home/airflow/.local/lib/python3.7/site-packages/airflow/example_dags/example_nested_branch_dag.py
[2022-07-10 12:51:35,567] {processor.py:642} INFO - Processing file /home/airflow/.local/lib/python3.7/site-packages/airflow/example_dags/example_nested_branch_dag.py for tasks to queue
[2022-07-10 12:51:35,567] {logging_mixin.py:109} INFO - [2022-07-10 12:51:35,567] {dagbag.py:500} INFO - Filling up the DagBag from /home/airflow/.local/lib/python3.7/site-packages/airflow/example_dags/example_nested_branch_dag.py
[2022-07-10 12:51:35,576] {processor.py:652} INFO - DAG(s) dict_keys(['example_nested_branch_dag']) retrieved from /home/airflow/.local/lib/python3.7/site-packages/airflow/example_dags/example_nested_branch_dag.py
[2022-07-10 12:51:35,588] {logging_mixin.py:109} INFO - [2022-07-10 12:51:35,588] {dag.py:2398} INFO - Sync 1 DAGs
[2022-07-10 12:51:35,598] {logging_mixin.py:109} INFO - [2022-07-10 12:51:35,598] {dag.py:2937} INFO - Setting next_dagrun for example_nested_branch_dag to 2022-07-09 00:00:00+00:00
[2022-07-10 12:51:35,604] {processor.py:171} INFO - Processing /home/airflow/.local/lib/python3.7/site-packages/airflow/example_dags/example_nested_branch_dag.py took 0.040 seconds
[2022-07-10 12:52:06,116] {processor.py:163} INFO - Started process (PID=1039) to work on /home/airflow/.local/lib/python3.7/site-packages/airflow/example_dags/example_nested_branch_dag.py
[2022-07-10 12:52:06,116] {processor.py:642} INFO - Processing file /home/airflow/.local/lib/python3.7/site-packages/airflow/example_dags/example_nested_branch_dag.py for tasks to queue
[2022-07-10 12:52:06,116] {logging_mixin.py:109} INFO - [2022-07-10 12:52:06,116] {dagbag.py:500} INFO - Filling up the DagBag from /home/airflow/.local/lib/python3.7/site-packages/airflow/example_dags/example_nested_branch_dag.py
[2022-07-10 12:52:06,126] {processor.py:652} INFO - DAG(s) dict_keys(['example_nested_branch_dag']) retrieved from /home/airflow/.local/lib/python3.7/site-packages/airflow/example_dags/example_nested_branch_dag.py
[2022-07-10 12:52:06,138] {logging_mixin.py:109} INFO - [2022-07-10 12:52:06,138] {dag.py:2398} INFO - Sync 1 DAGs
[2022-07-10 12:52:06,149] {logging_mixin.py:109} INFO - [2022-07-10 12:52:06,149] {dag.py:2937} INFO - Setting next_dagrun for example_nested_branch_dag to 2022-07-09 00:00:00+00:00
[2022-07-10 12:52:06,155] {processor.py:171} INFO - Processing /home/airflow/.local/lib/python3.7/site-packages/airflow/example_dags/example_nested_branch_dag.py took 0.041 seconds
[2022-07-10 12:52:36,719] {processor.py:163} INFO - Started process (PID=1111) to work on /home/airflow/.local/lib/python3.7/site-packages/airflow/example_dags/example_nested_branch_dag.py
[2022-07-10 12:52:36,720] {processor.py:642} INFO - Processing file /home/airflow/.local/lib/python3.7/site-packages/airflow/example_dags/example_nested_branch_dag.py for tasks to queue
[2022-07-10 12:52:36,720] {logging_mixin.py:109} INFO - [2022-07-10 12:52:36,720] {dagbag.py:500} INFO - Filling up the DagBag from /home/airflow/.local/lib/python3.7/site-packages/airflow/example_dags/example_nested_branch_dag.py
[2022-07-10 12:52:36,730] {processor.py:652} INFO - DAG(s) dict_keys(['example_nested_branch_dag']) retrieved from /home/airflow/.local/lib/python3.7/site-packages/airflow/example_dags/example_nested_branch_dag.py
[2022-07-10 12:52:36,742] {logging_mixin.py:109} INFO - [2022-07-10 12:52:36,742] {dag.py:2398} INFO - Sync 1 DAGs
[2022-07-10 12:52:36,753] {logging_mixin.py:109} INFO - [2022-07-10 12:52:36,753] {dag.py:2937} INFO - Setting next_dagrun for example_nested_branch_dag to 2022-07-09 00:00:00+00:00
[2022-07-10 12:52:36,758] {processor.py:171} INFO - Processing /home/airflow/.local/lib/python3.7/site-packages/airflow/example_dags/example_nested_branch_dag.py took 0.040 seconds
[2022-07-10 12:53:07,393] {processor.py:163} INFO - Started process (PID=1174) to work on /home/airflow/.local/lib/python3.7/site-packages/airflow/example_dags/example_nested_branch_dag.py
[2022-07-10 12:53:07,393] {processor.py:642} INFO - Processing file /home/airflow/.local/lib/python3.7/site-packages/airflow/example_dags/example_nested_branch_dag.py for tasks to queue
[2022-07-10 12:53:07,394] {logging_mixin.py:109} INFO - [2022-07-10 12:53:07,393] {dagbag.py:500} INFO - Filling up the DagBag from /home/airflow/.local/lib/python3.7/site-packages/airflow/example_dags/example_nested_branch_dag.py
[2022-07-10 12:53:07,403] {processor.py:652} INFO - DAG(s) dict_keys(['example_nested_branch_dag']) retrieved from /home/airflow/.local/lib/python3.7/site-packages/airflow/example_dags/example_nested_branch_dag.py
[2022-07-10 12:53:07,416] {logging_mixin.py:109} INFO - [2022-07-10 12:53:07,416] {dag.py:2398} INFO - Sync 1 DAGs
[2022-07-10 12:53:07,426] {logging_mixin.py:109} INFO - [2022-07-10 12:53:07,426] {dag.py:2937} INFO - Setting next_dagrun for example_nested_branch_dag to 2022-07-09 00:00:00+00:00
[2022-07-10 12:53:07,432] {processor.py:171} INFO - Processing /home/airflow/.local/lib/python3.7/site-packages/airflow/example_dags/example_nested_branch_dag.py took 0.041 seconds
[2022-07-10 12:53:38,131] {processor.py:163} INFO - Started process (PID=1245) to work on /home/airflow/.local/lib/python3.7/site-packages/airflow/example_dags/example_nested_branch_dag.py
[2022-07-10 12:53:38,132] {processor.py:642} INFO - Processing file /home/airflow/.local/lib/python3.7/site-packages/airflow/example_dags/example_nested_branch_dag.py for tasks to queue
[2022-07-10 12:53:38,132] {logging_mixin.py:109} INFO - [2022-07-10 12:53:38,132] {dagbag.py:500} INFO - Filling up the DagBag from /home/airflow/.local/lib/python3.7/site-packages/airflow/example_dags/example_nested_branch_dag.py
[2022-07-10 12:53:38,141] {processor.py:652} INFO - DAG(s) dict_keys(['example_nested_branch_dag']) retrieved from /home/airflow/.local/lib/python3.7/site-packages/airflow/example_dags/example_nested_branch_dag.py
[2022-07-10 12:53:38,154] {logging_mixin.py:109} INFO - [2022-07-10 12:53:38,153] {dag.py:2398} INFO - Sync 1 DAGs
[2022-07-10 12:53:38,164] {logging_mixin.py:109} INFO - [2022-07-10 12:53:38,163] {dag.py:2937} INFO - Setting next_dagrun for example_nested_branch_dag to 2022-07-09 00:00:00+00:00
[2022-07-10 12:53:38,169] {processor.py:171} INFO - Processing /home/airflow/.local/lib/python3.7/site-packages/airflow/example_dags/example_nested_branch_dag.py took 0.039 seconds
[2022-07-10 12:54:08,936] {processor.py:163} INFO - Started process (PID=1316) to work on /home/airflow/.local/lib/python3.7/site-packages/airflow/example_dags/example_nested_branch_dag.py
[2022-07-10 12:54:08,936] {processor.py:642} INFO - Processing file /home/airflow/.local/lib/python3.7/site-packages/airflow/example_dags/example_nested_branch_dag.py for tasks to queue
[2022-07-10 12:54:08,937] {logging_mixin.py:109} INFO - [2022-07-10 12:54:08,937] {dagbag.py:500} INFO - Filling up the DagBag from /home/airflow/.local/lib/python3.7/site-packages/airflow/example_dags/example_nested_branch_dag.py
[2022-07-10 12:54:08,946] {processor.py:652} INFO - DAG(s) dict_keys(['example_nested_branch_dag']) retrieved from /home/airflow/.local/lib/python3.7/site-packages/airflow/example_dags/example_nested_branch_dag.py
[2022-07-10 12:54:08,958] {logging_mixin.py:109} INFO - [2022-07-10 12:54:08,958] {dag.py:2398} INFO - Sync 1 DAGs
[2022-07-10 12:54:08,968] {logging_mixin.py:109} INFO - [2022-07-10 12:54:08,968] {dag.py:2937} INFO - Setting next_dagrun for example_nested_branch_dag to 2022-07-09 00:00:00+00:00
[2022-07-10 12:54:08,974] {processor.py:171} INFO - Processing /home/airflow/.local/lib/python3.7/site-packages/airflow/example_dags/example_nested_branch_dag.py took 0.040 seconds
[2022-07-10 12:54:39,865] {processor.py:163} INFO - Started process (PID=1389) to work on /home/airflow/.local/lib/python3.7/site-packages/airflow/example_dags/example_nested_branch_dag.py
[2022-07-10 12:54:39,865] {processor.py:642} INFO - Processing file /home/airflow/.local/lib/python3.7/site-packages/airflow/example_dags/example_nested_branch_dag.py for tasks to queue
[2022-07-10 12:54:39,866] {logging_mixin.py:109} INFO - [2022-07-10 12:54:39,866] {dagbag.py:500} INFO - Filling up the DagBag from /home/airflow/.local/lib/python3.7/site-packages/airflow/example_dags/example_nested_branch_dag.py
[2022-07-10 12:54:39,875] {processor.py:652} INFO - DAG(s) dict_keys(['example_nested_branch_dag']) retrieved from /home/airflow/.local/lib/python3.7/site-packages/airflow/example_dags/example_nested_branch_dag.py
[2022-07-10 12:54:39,887] {logging_mixin.py:109} INFO - [2022-07-10 12:54:39,887] {dag.py:2398} INFO - Sync 1 DAGs
[2022-07-10 12:54:39,898] {logging_mixin.py:109} INFO - [2022-07-10 12:54:39,898] {dag.py:2937} INFO - Setting next_dagrun for example_nested_branch_dag to 2022-07-09 00:00:00+00:00
[2022-07-10 12:54:39,904] {processor.py:171} INFO - Processing /home/airflow/.local/lib/python3.7/site-packages/airflow/example_dags/example_nested_branch_dag.py took 0.041 seconds
[2022-07-10 12:55:10,848] {processor.py:163} INFO - Started process (PID=1452) to work on /home/airflow/.local/lib/python3.7/site-packages/airflow/example_dags/example_nested_branch_dag.py
[2022-07-10 12:55:10,849] {processor.py:642} INFO - Processing file /home/airflow/.local/lib/python3.7/site-packages/airflow/example_dags/example_nested_branch_dag.py for tasks to queue
[2022-07-10 12:55:10,850] {logging_mixin.py:109} INFO - [2022-07-10 12:55:10,850] {dagbag.py:500} INFO - Filling up the DagBag from /home/airflow/.local/lib/python3.7/site-packages/airflow/example_dags/example_nested_branch_dag.py
[2022-07-10 12:55:10,863] {processor.py:652} INFO - DAG(s) dict_keys(['example_nested_branch_dag']) retrieved from /home/airflow/.local/lib/python3.7/site-packages/airflow/example_dags/example_nested_branch_dag.py
[2022-07-10 12:55:10,877] {logging_mixin.py:109} INFO - [2022-07-10 12:55:10,877] {dag.py:2398} INFO - Sync 1 DAGs
[2022-07-10 12:55:10,891] {logging_mixin.py:109} INFO - [2022-07-10 12:55:10,891] {dag.py:2937} INFO - Setting next_dagrun for example_nested_branch_dag to 2022-07-09 00:00:00+00:00
[2022-07-10 12:55:10,899] {processor.py:171} INFO - Processing /home/airflow/.local/lib/python3.7/site-packages/airflow/example_dags/example_nested_branch_dag.py took 0.052 seconds
[2022-07-10 12:55:41,074] {processor.py:163} INFO - Started process (PID=1522) to work on /home/airflow/.local/lib/python3.7/site-packages/airflow/example_dags/example_nested_branch_dag.py
[2022-07-10 12:55:41,074] {processor.py:642} INFO - Processing file /home/airflow/.local/lib/python3.7/site-packages/airflow/example_dags/example_nested_branch_dag.py for tasks to queue
[2022-07-10 12:55:41,075] {logging_mixin.py:109} INFO - [2022-07-10 12:55:41,075] {dagbag.py:500} INFO - Filling up the DagBag from /home/airflow/.local/lib/python3.7/site-packages/airflow/example_dags/example_nested_branch_dag.py
[2022-07-10 12:55:41,084] {processor.py:652} INFO - DAG(s) dict_keys(['example_nested_branch_dag']) retrieved from /home/airflow/.local/lib/python3.7/site-packages/airflow/example_dags/example_nested_branch_dag.py
[2022-07-10 12:55:41,096] {logging_mixin.py:109} INFO - [2022-07-10 12:55:41,096] {dag.py:2398} INFO - Sync 1 DAGs
[2022-07-10 12:55:41,107] {logging_mixin.py:109} INFO - [2022-07-10 12:55:41,107] {dag.py:2937} INFO - Setting next_dagrun for example_nested_branch_dag to 2022-07-09 00:00:00+00:00
[2022-07-10 12:55:41,113] {processor.py:171} INFO - Processing /home/airflow/.local/lib/python3.7/site-packages/airflow/example_dags/example_nested_branch_dag.py took 0.041 seconds
[2022-07-10 12:56:12,140] {processor.py:163} INFO - Started process (PID=1594) to work on /home/airflow/.local/lib/python3.7/site-packages/airflow/example_dags/example_nested_branch_dag.py
[2022-07-10 12:56:12,141] {processor.py:642} INFO - Processing file /home/airflow/.local/lib/python3.7/site-packages/airflow/example_dags/example_nested_branch_dag.py for tasks to queue
[2022-07-10 12:56:12,141] {logging_mixin.py:109} INFO - [2022-07-10 12:56:12,141] {dagbag.py:500} INFO - Filling up the DagBag from /home/airflow/.local/lib/python3.7/site-packages/airflow/example_dags/example_nested_branch_dag.py
[2022-07-10 12:56:12,151] {processor.py:652} INFO - DAG(s) dict_keys(['example_nested_branch_dag']) retrieved from /home/airflow/.local/lib/python3.7/site-packages/airflow/example_dags/example_nested_branch_dag.py
[2022-07-10 12:56:12,163] {logging_mixin.py:109} INFO - [2022-07-10 12:56:12,163] {dag.py:2398} INFO - Sync 1 DAGs
[2022-07-10 12:56:12,174] {logging_mixin.py:109} INFO - [2022-07-10 12:56:12,174] {dag.py:2937} INFO - Setting next_dagrun for example_nested_branch_dag to 2022-07-09 00:00:00+00:00
[2022-07-10 12:56:12,180] {processor.py:171} INFO - Processing /home/airflow/.local/lib/python3.7/site-packages/airflow/example_dags/example_nested_branch_dag.py took 0.041 seconds
[2022-07-10 12:56:43,017] {processor.py:163} INFO - Started process (PID=1655) to work on /home/airflow/.local/lib/python3.7/site-packages/airflow/example_dags/example_nested_branch_dag.py
[2022-07-10 12:56:43,018] {processor.py:642} INFO - Processing file /home/airflow/.local/lib/python3.7/site-packages/airflow/example_dags/example_nested_branch_dag.py for tasks to queue
[2022-07-10 12:56:43,018] {logging_mixin.py:109} INFO - [2022-07-10 12:56:43,018] {dagbag.py:500} INFO - Filling up the DagBag from /home/airflow/.local/lib/python3.7/site-packages/airflow/example_dags/example_nested_branch_dag.py
[2022-07-10 12:56:43,028] {processor.py:652} INFO - DAG(s) dict_keys(['example_nested_branch_dag']) retrieved from /home/airflow/.local/lib/python3.7/site-packages/airflow/example_dags/example_nested_branch_dag.py
[2022-07-10 12:56:43,039] {logging_mixin.py:109} INFO - [2022-07-10 12:56:43,039] {dag.py:2398} INFO - Sync 1 DAGs
[2022-07-10 12:56:43,050] {logging_mixin.py:109} INFO - [2022-07-10 12:56:43,050] {dag.py:2937} INFO - Setting next_dagrun for example_nested_branch_dag to 2022-07-09 00:00:00+00:00
[2022-07-10 12:56:43,056] {processor.py:171} INFO - Processing /home/airflow/.local/lib/python3.7/site-packages/airflow/example_dags/example_nested_branch_dag.py took 0.040 seconds
[2022-07-10 12:57:13,838] {processor.py:163} INFO - Started process (PID=1727) to work on /home/airflow/.local/lib/python3.7/site-packages/airflow/example_dags/example_nested_branch_dag.py
[2022-07-10 12:57:13,839] {processor.py:642} INFO - Processing file /home/airflow/.local/lib/python3.7/site-packages/airflow/example_dags/example_nested_branch_dag.py for tasks to queue
[2022-07-10 12:57:13,839] {logging_mixin.py:109} INFO - [2022-07-10 12:57:13,839] {dagbag.py:500} INFO - Filling up the DagBag from /home/airflow/.local/lib/python3.7/site-packages/airflow/example_dags/example_nested_branch_dag.py
[2022-07-10 12:57:13,851] {processor.py:652} INFO - DAG(s) dict_keys(['example_nested_branch_dag']) retrieved from /home/airflow/.local/lib/python3.7/site-packages/airflow/example_dags/example_nested_branch_dag.py
[2022-07-10 12:57:13,862] {logging_mixin.py:109} INFO - [2022-07-10 12:57:13,862] {dag.py:2398} INFO - Sync 1 DAGs
[2022-07-10 12:57:13,875] {logging_mixin.py:109} INFO - [2022-07-10 12:57:13,875] {dag.py:2937} INFO - Setting next_dagrun for example_nested_branch_dag to 2022-07-09 00:00:00+00:00
[2022-07-10 12:57:13,880] {processor.py:171} INFO - Processing /home/airflow/.local/lib/python3.7/site-packages/airflow/example_dags/example_nested_branch_dag.py took 0.045 seconds
[2022-07-10 12:57:44,812] {processor.py:163} INFO - Started process (PID=1799) to work on /home/airflow/.local/lib/python3.7/site-packages/airflow/example_dags/example_nested_branch_dag.py
[2022-07-10 12:57:44,813] {processor.py:642} INFO - Processing file /home/airflow/.local/lib/python3.7/site-packages/airflow/example_dags/example_nested_branch_dag.py for tasks to queue
[2022-07-10 12:57:44,813] {logging_mixin.py:109} INFO - [2022-07-10 12:57:44,813] {dagbag.py:500} INFO - Filling up the DagBag from /home/airflow/.local/lib/python3.7/site-packages/airflow/example_dags/example_nested_branch_dag.py
[2022-07-10 12:57:44,824] {processor.py:652} INFO - DAG(s) dict_keys(['example_nested_branch_dag']) retrieved from /home/airflow/.local/lib/python3.7/site-packages/airflow/example_dags/example_nested_branch_dag.py
[2022-07-10 12:57:44,841] {logging_mixin.py:109} INFO - [2022-07-10 12:57:44,841] {dag.py:2398} INFO - Sync 1 DAGs
[2022-07-10 12:57:44,858] {logging_mixin.py:109} INFO - [2022-07-10 12:57:44,858] {dag.py:2937} INFO - Setting next_dagrun for example_nested_branch_dag to 2022-07-09 00:00:00+00:00
[2022-07-10 12:57:44,867] {processor.py:171} INFO - Processing /home/airflow/.local/lib/python3.7/site-packages/airflow/example_dags/example_nested_branch_dag.py took 0.057 seconds
[2022-07-10 12:58:14,981] {processor.py:163} INFO - Started process (PID=1860) to work on /home/airflow/.local/lib/python3.7/site-packages/airflow/example_dags/example_nested_branch_dag.py
[2022-07-10 12:58:14,982] {processor.py:642} INFO - Processing file /home/airflow/.local/lib/python3.7/site-packages/airflow/example_dags/example_nested_branch_dag.py for tasks to queue
[2022-07-10 12:58:14,982] {logging_mixin.py:109} INFO - [2022-07-10 12:58:14,982] {dagbag.py:500} INFO - Filling up the DagBag from /home/airflow/.local/lib/python3.7/site-packages/airflow/example_dags/example_nested_branch_dag.py
[2022-07-10 12:58:14,993] {processor.py:652} INFO - DAG(s) dict_keys(['example_nested_branch_dag']) retrieved from /home/airflow/.local/lib/python3.7/site-packages/airflow/example_dags/example_nested_branch_dag.py
[2022-07-10 12:58:15,013] {logging_mixin.py:109} INFO - [2022-07-10 12:58:15,013] {dag.py:2398} INFO - Sync 1 DAGs
[2022-07-10 12:58:15,027] {logging_mixin.py:109} INFO - [2022-07-10 12:58:15,027] {dag.py:2937} INFO - Setting next_dagrun for example_nested_branch_dag to 2022-07-09 00:00:00+00:00
[2022-07-10 12:58:15,033] {processor.py:171} INFO - Processing /home/airflow/.local/lib/python3.7/site-packages/airflow/example_dags/example_nested_branch_dag.py took 0.054 seconds
[2022-07-10 12:58:45,845] {processor.py:163} INFO - Started process (PID=1934) to work on /home/airflow/.local/lib/python3.7/site-packages/airflow/example_dags/example_nested_branch_dag.py
[2022-07-10 12:58:45,845] {processor.py:642} INFO - Processing file /home/airflow/.local/lib/python3.7/site-packages/airflow/example_dags/example_nested_branch_dag.py for tasks to queue
[2022-07-10 12:58:45,846] {logging_mixin.py:109} INFO - [2022-07-10 12:58:45,846] {dagbag.py:500} INFO - Filling up the DagBag from /home/airflow/.local/lib/python3.7/site-packages/airflow/example_dags/example_nested_branch_dag.py
[2022-07-10 12:58:45,856] {processor.py:652} INFO - DAG(s) dict_keys(['example_nested_branch_dag']) retrieved from /home/airflow/.local/lib/python3.7/site-packages/airflow/example_dags/example_nested_branch_dag.py
[2022-07-10 12:58:45,869] {logging_mixin.py:109} INFO - [2022-07-10 12:58:45,869] {dag.py:2398} INFO - Sync 1 DAGs
[2022-07-10 12:58:45,880] {logging_mixin.py:109} INFO - [2022-07-10 12:58:45,880] {dag.py:2937} INFO - Setting next_dagrun for example_nested_branch_dag to 2022-07-09 00:00:00+00:00
[2022-07-10 12:58:45,887] {processor.py:171} INFO - Processing /home/airflow/.local/lib/python3.7/site-packages/airflow/example_dags/example_nested_branch_dag.py took 0.044 seconds
[2022-07-10 12:59:16,910] {processor.py:163} INFO - Started process (PID=2006) to work on /home/airflow/.local/lib/python3.7/site-packages/airflow/example_dags/example_nested_branch_dag.py
[2022-07-10 12:59:16,911] {processor.py:642} INFO - Processing file /home/airflow/.local/lib/python3.7/site-packages/airflow/example_dags/example_nested_branch_dag.py for tasks to queue
[2022-07-10 12:59:16,911] {logging_mixin.py:109} INFO - [2022-07-10 12:59:16,911] {dagbag.py:500} INFO - Filling up the DagBag from /home/airflow/.local/lib/python3.7/site-packages/airflow/example_dags/example_nested_branch_dag.py
[2022-07-10 12:59:16,922] {processor.py:652} INFO - DAG(s) dict_keys(['example_nested_branch_dag']) retrieved from /home/airflow/.local/lib/python3.7/site-packages/airflow/example_dags/example_nested_branch_dag.py
[2022-07-10 12:59:16,937] {logging_mixin.py:109} INFO - [2022-07-10 12:59:16,937] {dag.py:2398} INFO - Sync 1 DAGs
[2022-07-10 12:59:16,948] {logging_mixin.py:109} INFO - [2022-07-10 12:59:16,948] {dag.py:2937} INFO - Setting next_dagrun for example_nested_branch_dag to 2022-07-09 00:00:00+00:00
[2022-07-10 12:59:16,954] {processor.py:171} INFO - Processing /home/airflow/.local/lib/python3.7/site-packages/airflow/example_dags/example_nested_branch_dag.py took 0.046 seconds
[2022-07-10 12:59:47,835] {processor.py:163} INFO - Started process (PID=2068) to work on /home/airflow/.local/lib/python3.7/site-packages/airflow/example_dags/example_nested_branch_dag.py
[2022-07-10 12:59:47,836] {processor.py:642} INFO - Processing file /home/airflow/.local/lib/python3.7/site-packages/airflow/example_dags/example_nested_branch_dag.py for tasks to queue
[2022-07-10 12:59:47,836] {logging_mixin.py:109} INFO - [2022-07-10 12:59:47,836] {dagbag.py:500} INFO - Filling up the DagBag from /home/airflow/.local/lib/python3.7/site-packages/airflow/example_dags/example_nested_branch_dag.py
[2022-07-10 12:59:47,846] {processor.py:652} INFO - DAG(s) dict_keys(['example_nested_branch_dag']) retrieved from /home/airflow/.local/lib/python3.7/site-packages/airflow/example_dags/example_nested_branch_dag.py
[2022-07-10 12:59:47,858] {logging_mixin.py:109} INFO - [2022-07-10 12:59:47,858] {dag.py:2398} INFO - Sync 1 DAGs
[2022-07-10 12:59:47,869] {logging_mixin.py:109} INFO - [2022-07-10 12:59:47,869] {dag.py:2937} INFO - Setting next_dagrun for example_nested_branch_dag to 2022-07-09 00:00:00+00:00
[2022-07-10 12:59:47,875] {processor.py:171} INFO - Processing /home/airflow/.local/lib/python3.7/site-packages/airflow/example_dags/example_nested_branch_dag.py took 0.041 seconds
[2022-07-10 13:00:18,394] {processor.py:163} INFO - Started process (PID=2139) to work on /home/airflow/.local/lib/python3.7/site-packages/airflow/example_dags/example_nested_branch_dag.py
[2022-07-10 13:00:18,394] {processor.py:642} INFO - Processing file /home/airflow/.local/lib/python3.7/site-packages/airflow/example_dags/example_nested_branch_dag.py for tasks to queue
[2022-07-10 13:00:18,395] {logging_mixin.py:109} INFO - [2022-07-10 13:00:18,395] {dagbag.py:500} INFO - Filling up the DagBag from /home/airflow/.local/lib/python3.7/site-packages/airflow/example_dags/example_nested_branch_dag.py
[2022-07-10 13:00:18,407] {processor.py:652} INFO - DAG(s) dict_keys(['example_nested_branch_dag']) retrieved from /home/airflow/.local/lib/python3.7/site-packages/airflow/example_dags/example_nested_branch_dag.py
[2022-07-10 13:00:18,433] {logging_mixin.py:109} INFO - [2022-07-10 13:00:18,433] {dag.py:2398} INFO - Sync 1 DAGs
[2022-07-10 13:00:18,445] {logging_mixin.py:109} INFO - [2022-07-10 13:00:18,445] {dag.py:2937} INFO - Setting next_dagrun for example_nested_branch_dag to 2022-07-09 00:00:00+00:00
[2022-07-10 13:00:18,451] {processor.py:171} INFO - Processing /home/airflow/.local/lib/python3.7/site-packages/airflow/example_dags/example_nested_branch_dag.py took 0.059 seconds
[2022-07-10 13:00:49,399] {processor.py:163} INFO - Started process (PID=2212) to work on /home/airflow/.local/lib/python3.7/site-packages/airflow/example_dags/example_nested_branch_dag.py
[2022-07-10 13:00:49,399] {processor.py:642} INFO - Processing file /home/airflow/.local/lib/python3.7/site-packages/airflow/example_dags/example_nested_branch_dag.py for tasks to queue
[2022-07-10 13:00:49,400] {logging_mixin.py:109} INFO - [2022-07-10 13:00:49,400] {dagbag.py:500} INFO - Filling up the DagBag from /home/airflow/.local/lib/python3.7/site-packages/airflow/example_dags/example_nested_branch_dag.py
[2022-07-10 13:00:49,412] {processor.py:652} INFO - DAG(s) dict_keys(['example_nested_branch_dag']) retrieved from /home/airflow/.local/lib/python3.7/site-packages/airflow/example_dags/example_nested_branch_dag.py
[2022-07-10 13:00:49,427] {logging_mixin.py:109} INFO - [2022-07-10 13:00:49,427] {dag.py:2398} INFO - Sync 1 DAGs
[2022-07-10 13:00:49,441] {logging_mixin.py:109} INFO - [2022-07-10 13:00:49,441] {dag.py:2937} INFO - Setting next_dagrun for example_nested_branch_dag to 2022-07-09 00:00:00+00:00
[2022-07-10 13:00:49,447] {processor.py:171} INFO - Processing /home/airflow/.local/lib/python3.7/site-packages/airflow/example_dags/example_nested_branch_dag.py took 0.051 seconds
[2022-07-10 13:01:20,162] {processor.py:163} INFO - Started process (PID=2274) to work on /home/airflow/.local/lib/python3.7/site-packages/airflow/example_dags/example_nested_branch_dag.py
[2022-07-10 13:01:20,163] {processor.py:642} INFO - Processing file /home/airflow/.local/lib/python3.7/site-packages/airflow/example_dags/example_nested_branch_dag.py for tasks to queue
[2022-07-10 13:01:20,163] {logging_mixin.py:109} INFO - [2022-07-10 13:01:20,163] {dagbag.py:500} INFO - Filling up the DagBag from /home/airflow/.local/lib/python3.7/site-packages/airflow/example_dags/example_nested_branch_dag.py
[2022-07-10 13:01:20,172] {processor.py:652} INFO - DAG(s) dict_keys(['example_nested_branch_dag']) retrieved from /home/airflow/.local/lib/python3.7/site-packages/airflow/example_dags/example_nested_branch_dag.py
[2022-07-10 13:01:20,184] {logging_mixin.py:109} INFO - [2022-07-10 13:01:20,184] {dag.py:2398} INFO - Sync 1 DAGs
[2022-07-10 13:01:20,195] {logging_mixin.py:109} INFO - [2022-07-10 13:01:20,195] {dag.py:2937} INFO - Setting next_dagrun for example_nested_branch_dag to 2022-07-09 00:00:00+00:00
[2022-07-10 13:01:20,201] {processor.py:171} INFO - Processing /home/airflow/.local/lib/python3.7/site-packages/airflow/example_dags/example_nested_branch_dag.py took 0.041 seconds
[2022-07-10 13:01:50,942] {processor.py:163} INFO - Started process (PID=2346) to work on /home/airflow/.local/lib/python3.7/site-packages/airflow/example_dags/example_nested_branch_dag.py
[2022-07-10 13:01:50,942] {processor.py:642} INFO - Processing file /home/airflow/.local/lib/python3.7/site-packages/airflow/example_dags/example_nested_branch_dag.py for tasks to queue
[2022-07-10 13:01:50,942] {logging_mixin.py:109} INFO - [2022-07-10 13:01:50,942] {dagbag.py:500} INFO - Filling up the DagBag from /home/airflow/.local/lib/python3.7/site-packages/airflow/example_dags/example_nested_branch_dag.py
[2022-07-10 13:01:50,952] {processor.py:652} INFO - DAG(s) dict_keys(['example_nested_branch_dag']) retrieved from /home/airflow/.local/lib/python3.7/site-packages/airflow/example_dags/example_nested_branch_dag.py
[2022-07-10 13:01:50,963] {logging_mixin.py:109} INFO - [2022-07-10 13:01:50,963] {dag.py:2398} INFO - Sync 1 DAGs
[2022-07-10 13:01:50,973] {logging_mixin.py:109} INFO - [2022-07-10 13:01:50,973] {dag.py:2937} INFO - Setting next_dagrun for example_nested_branch_dag to 2022-07-09 00:00:00+00:00
[2022-07-10 13:01:50,979] {processor.py:171} INFO - Processing /home/airflow/.local/lib/python3.7/site-packages/airflow/example_dags/example_nested_branch_dag.py took 0.039 seconds
[2022-07-10 13:02:21,686] {processor.py:163} INFO - Started process (PID=2418) to work on /home/airflow/.local/lib/python3.7/site-packages/airflow/example_dags/example_nested_branch_dag.py
[2022-07-10 13:02:21,687] {processor.py:642} INFO - Processing file /home/airflow/.local/lib/python3.7/site-packages/airflow/example_dags/example_nested_branch_dag.py for tasks to queue
[2022-07-10 13:02:21,687] {logging_mixin.py:109} INFO - [2022-07-10 13:02:21,687] {dagbag.py:500} INFO - Filling up the DagBag from /home/airflow/.local/lib/python3.7/site-packages/airflow/example_dags/example_nested_branch_dag.py
[2022-07-10 13:02:21,696] {processor.py:652} INFO - DAG(s) dict_keys(['example_nested_branch_dag']) retrieved from /home/airflow/.local/lib/python3.7/site-packages/airflow/example_dags/example_nested_branch_dag.py
[2022-07-10 13:02:21,707] {logging_mixin.py:109} INFO - [2022-07-10 13:02:21,707] {dag.py:2398} INFO - Sync 1 DAGs
[2022-07-10 13:02:21,718] {logging_mixin.py:109} INFO - [2022-07-10 13:02:21,718] {dag.py:2937} INFO - Setting next_dagrun for example_nested_branch_dag to 2022-07-09 00:00:00+00:00
[2022-07-10 13:02:21,723] {processor.py:171} INFO - Processing /home/airflow/.local/lib/python3.7/site-packages/airflow/example_dags/example_nested_branch_dag.py took 0.038 seconds
[2022-07-10 13:02:52,461] {processor.py:163} INFO - Started process (PID=2481) to work on /home/airflow/.local/lib/python3.7/site-packages/airflow/example_dags/example_nested_branch_dag.py
[2022-07-10 13:02:52,461] {processor.py:642} INFO - Processing file /home/airflow/.local/lib/python3.7/site-packages/airflow/example_dags/example_nested_branch_dag.py for tasks to queue
[2022-07-10 13:02:52,461] {logging_mixin.py:109} INFO - [2022-07-10 13:02:52,461] {dagbag.py:500} INFO - Filling up the DagBag from /home/airflow/.local/lib/python3.7/site-packages/airflow/example_dags/example_nested_branch_dag.py
[2022-07-10 13:02:52,472] {processor.py:652} INFO - DAG(s) dict_keys(['example_nested_branch_dag']) retrieved from /home/airflow/.local/lib/python3.7/site-packages/airflow/example_dags/example_nested_branch_dag.py
[2022-07-10 13:02:52,484] {logging_mixin.py:109} INFO - [2022-07-10 13:02:52,484] {dag.py:2398} INFO - Sync 1 DAGs
[2022-07-10 13:02:52,495] {logging_mixin.py:109} INFO - [2022-07-10 13:02:52,495] {dag.py:2937} INFO - Setting next_dagrun for example_nested_branch_dag to 2022-07-09 00:00:00+00:00
[2022-07-10 13:02:52,501] {processor.py:171} INFO - Processing /home/airflow/.local/lib/python3.7/site-packages/airflow/example_dags/example_nested_branch_dag.py took 0.043 seconds
[2022-07-10 13:03:23,315] {processor.py:163} INFO - Started process (PID=2552) to work on /home/airflow/.local/lib/python3.7/site-packages/airflow/example_dags/example_nested_branch_dag.py
[2022-07-10 13:03:23,316] {processor.py:642} INFO - Processing file /home/airflow/.local/lib/python3.7/site-packages/airflow/example_dags/example_nested_branch_dag.py for tasks to queue
[2022-07-10 13:03:23,316] {logging_mixin.py:109} INFO - [2022-07-10 13:03:23,316] {dagbag.py:500} INFO - Filling up the DagBag from /home/airflow/.local/lib/python3.7/site-packages/airflow/example_dags/example_nested_branch_dag.py
[2022-07-10 13:03:23,327] {processor.py:652} INFO - DAG(s) dict_keys(['example_nested_branch_dag']) retrieved from /home/airflow/.local/lib/python3.7/site-packages/airflow/example_dags/example_nested_branch_dag.py
[2022-07-10 13:03:23,340] {logging_mixin.py:109} INFO - [2022-07-10 13:03:23,340] {dag.py:2398} INFO - Sync 1 DAGs
[2022-07-10 13:03:23,353] {logging_mixin.py:109} INFO - [2022-07-10 13:03:23,353] {dag.py:2937} INFO - Setting next_dagrun for example_nested_branch_dag to 2022-07-09 00:00:00+00:00
[2022-07-10 13:03:23,360] {processor.py:171} INFO - Processing /home/airflow/.local/lib/python3.7/site-packages/airflow/example_dags/example_nested_branch_dag.py took 0.046 seconds
[2022-07-10 13:03:54,491] {processor.py:163} INFO - Started process (PID=2625) to work on /home/airflow/.local/lib/python3.7/site-packages/airflow/example_dags/example_nested_branch_dag.py
[2022-07-10 13:03:54,491] {processor.py:642} INFO - Processing file /home/airflow/.local/lib/python3.7/site-packages/airflow/example_dags/example_nested_branch_dag.py for tasks to queue
[2022-07-10 13:03:54,492] {logging_mixin.py:109} INFO - [2022-07-10 13:03:54,492] {dagbag.py:500} INFO - Filling up the DagBag from /home/airflow/.local/lib/python3.7/site-packages/airflow/example_dags/example_nested_branch_dag.py
[2022-07-10 13:03:54,502] {processor.py:652} INFO - DAG(s) dict_keys(['example_nested_branch_dag']) retrieved from /home/airflow/.local/lib/python3.7/site-packages/airflow/example_dags/example_nested_branch_dag.py
[2022-07-10 13:03:54,514] {logging_mixin.py:109} INFO - [2022-07-10 13:03:54,513] {dag.py:2398} INFO - Sync 1 DAGs
[2022-07-10 13:03:54,525] {logging_mixin.py:109} INFO - [2022-07-10 13:03:54,525] {dag.py:2937} INFO - Setting next_dagrun for example_nested_branch_dag to 2022-07-09 00:00:00+00:00
[2022-07-10 13:03:54,530] {processor.py:171} INFO - Processing /home/airflow/.local/lib/python3.7/site-packages/airflow/example_dags/example_nested_branch_dag.py took 0.041 seconds
[2022-07-10 13:04:25,242] {processor.py:163} INFO - Started process (PID=2687) to work on /home/airflow/.local/lib/python3.7/site-packages/airflow/example_dags/example_nested_branch_dag.py
[2022-07-10 13:04:25,243] {processor.py:642} INFO - Processing file /home/airflow/.local/lib/python3.7/site-packages/airflow/example_dags/example_nested_branch_dag.py for tasks to queue
[2022-07-10 13:04:25,243] {logging_mixin.py:109} INFO - [2022-07-10 13:04:25,243] {dagbag.py:500} INFO - Filling up the DagBag from /home/airflow/.local/lib/python3.7/site-packages/airflow/example_dags/example_nested_branch_dag.py
[2022-07-10 13:04:25,253] {processor.py:652} INFO - DAG(s) dict_keys(['example_nested_branch_dag']) retrieved from /home/airflow/.local/lib/python3.7/site-packages/airflow/example_dags/example_nested_branch_dag.py
[2022-07-10 13:04:25,265] {logging_mixin.py:109} INFO - [2022-07-10 13:04:25,265] {dag.py:2398} INFO - Sync 1 DAGs
[2022-07-10 13:04:25,275] {logging_mixin.py:109} INFO - [2022-07-10 13:04:25,275] {dag.py:2937} INFO - Setting next_dagrun for example_nested_branch_dag to 2022-07-09 00:00:00+00:00
[2022-07-10 13:04:25,282] {processor.py:171} INFO - Processing /home/airflow/.local/lib/python3.7/site-packages/airflow/example_dags/example_nested_branch_dag.py took 0.041 seconds
