[2022-07-10 12:44:55,096] {processor.py:163} INFO - Started process (PID=56) to work on /home/airflow/.local/lib/python3.7/site-packages/airflow/example_dags/example_time_delta_sensor_async.py
[2022-07-10 12:44:55,097] {processor.py:642} INFO - Processing file /home/airflow/.local/lib/python3.7/site-packages/airflow/example_dags/example_time_delta_sensor_async.py for tasks to queue
[2022-07-10 12:44:55,097] {logging_mixin.py:109} INFO - [2022-07-10 12:44:55,097] {dagbag.py:500} INFO - Filling up the DagBag from /home/airflow/.local/lib/python3.7/site-packages/airflow/example_dags/example_time_delta_sensor_async.py
[2022-07-10 12:44:55,109] {processor.py:652} INFO - DAG(s) dict_keys(['example_time_delta_sensor_async']) retrieved from /home/airflow/.local/lib/python3.7/site-packages/airflow/example_dags/example_time_delta_sensor_async.py
[2022-07-10 12:44:55,124] {logging_mixin.py:109} INFO - [2022-07-10 12:44:55,124] {dag.py:2398} INFO - Sync 1 DAGs
[2022-07-10 12:44:55,141] {logging_mixin.py:109} INFO - [2022-07-10 12:44:55,141] {dag.py:2937} INFO - Setting next_dagrun for example_time_delta_sensor_async to None
[2022-07-10 12:44:55,149] {processor.py:171} INFO - Processing /home/airflow/.local/lib/python3.7/site-packages/airflow/example_dags/example_time_delta_sensor_async.py took 0.055 seconds
[2022-07-10 12:45:25,397] {processor.py:163} INFO - Started process (PID=136) to work on /home/airflow/.local/lib/python3.7/site-packages/airflow/example_dags/example_time_delta_sensor_async.py
[2022-07-10 12:45:25,397] {processor.py:642} INFO - Processing file /home/airflow/.local/lib/python3.7/site-packages/airflow/example_dags/example_time_delta_sensor_async.py for tasks to queue
[2022-07-10 12:45:25,398] {logging_mixin.py:109} INFO - [2022-07-10 12:45:25,398] {dagbag.py:500} INFO - Filling up the DagBag from /home/airflow/.local/lib/python3.7/site-packages/airflow/example_dags/example_time_delta_sensor_async.py
[2022-07-10 12:45:25,405] {processor.py:652} INFO - DAG(s) dict_keys(['example_time_delta_sensor_async']) retrieved from /home/airflow/.local/lib/python3.7/site-packages/airflow/example_dags/example_time_delta_sensor_async.py
[2022-07-10 12:45:25,418] {logging_mixin.py:109} INFO - [2022-07-10 12:45:25,418] {dag.py:2398} INFO - Sync 1 DAGs
[2022-07-10 12:45:25,427] {logging_mixin.py:109} INFO - [2022-07-10 12:45:25,427] {dag.py:2937} INFO - Setting next_dagrun for example_time_delta_sensor_async to None
[2022-07-10 12:45:25,432] {processor.py:171} INFO - Processing /home/airflow/.local/lib/python3.7/site-packages/airflow/example_dags/example_time_delta_sensor_async.py took 0.037 seconds
[2022-07-10 12:45:56,623] {processor.py:163} INFO - Started process (PID=209) to work on /home/airflow/.local/lib/python3.7/site-packages/airflow/example_dags/example_time_delta_sensor_async.py
[2022-07-10 12:45:56,624] {processor.py:642} INFO - Processing file /home/airflow/.local/lib/python3.7/site-packages/airflow/example_dags/example_time_delta_sensor_async.py for tasks to queue
[2022-07-10 12:45:56,624] {logging_mixin.py:109} INFO - [2022-07-10 12:45:56,624] {dagbag.py:500} INFO - Filling up the DagBag from /home/airflow/.local/lib/python3.7/site-packages/airflow/example_dags/example_time_delta_sensor_async.py
[2022-07-10 12:45:56,633] {processor.py:652} INFO - DAG(s) dict_keys(['example_time_delta_sensor_async']) retrieved from /home/airflow/.local/lib/python3.7/site-packages/airflow/example_dags/example_time_delta_sensor_async.py
[2022-07-10 12:45:56,650] {logging_mixin.py:109} INFO - [2022-07-10 12:45:56,650] {dag.py:2398} INFO - Sync 1 DAGs
[2022-07-10 12:45:56,663] {logging_mixin.py:109} INFO - [2022-07-10 12:45:56,663] {dag.py:2937} INFO - Setting next_dagrun for example_time_delta_sensor_async to None
[2022-07-10 12:45:56,670] {processor.py:171} INFO - Processing /home/airflow/.local/lib/python3.7/site-packages/airflow/example_dags/example_time_delta_sensor_async.py took 0.049 seconds
[2022-07-10 12:46:27,547] {processor.py:163} INFO - Started process (PID=271) to work on /home/airflow/.local/lib/python3.7/site-packages/airflow/example_dags/example_time_delta_sensor_async.py
[2022-07-10 12:46:27,548] {processor.py:642} INFO - Processing file /home/airflow/.local/lib/python3.7/site-packages/airflow/example_dags/example_time_delta_sensor_async.py for tasks to queue
[2022-07-10 12:46:27,548] {logging_mixin.py:109} INFO - [2022-07-10 12:46:27,548] {dagbag.py:500} INFO - Filling up the DagBag from /home/airflow/.local/lib/python3.7/site-packages/airflow/example_dags/example_time_delta_sensor_async.py
[2022-07-10 12:46:27,556] {processor.py:652} INFO - DAG(s) dict_keys(['example_time_delta_sensor_async']) retrieved from /home/airflow/.local/lib/python3.7/site-packages/airflow/example_dags/example_time_delta_sensor_async.py
[2022-07-10 12:46:27,568] {logging_mixin.py:109} INFO - [2022-07-10 12:46:27,568] {dag.py:2398} INFO - Sync 1 DAGs
[2022-07-10 12:46:27,578] {logging_mixin.py:109} INFO - [2022-07-10 12:46:27,578] {dag.py:2937} INFO - Setting next_dagrun for example_time_delta_sensor_async to None
[2022-07-10 12:46:27,584] {processor.py:171} INFO - Processing /home/airflow/.local/lib/python3.7/site-packages/airflow/example_dags/example_time_delta_sensor_async.py took 0.039 seconds
[2022-07-10 12:46:58,280] {processor.py:163} INFO - Started process (PID=343) to work on /home/airflow/.local/lib/python3.7/site-packages/airflow/example_dags/example_time_delta_sensor_async.py
[2022-07-10 12:46:58,281] {processor.py:642} INFO - Processing file /home/airflow/.local/lib/python3.7/site-packages/airflow/example_dags/example_time_delta_sensor_async.py for tasks to queue
[2022-07-10 12:46:58,281] {logging_mixin.py:109} INFO - [2022-07-10 12:46:58,281] {dagbag.py:500} INFO - Filling up the DagBag from /home/airflow/.local/lib/python3.7/site-packages/airflow/example_dags/example_time_delta_sensor_async.py
[2022-07-10 12:46:58,289] {processor.py:652} INFO - DAG(s) dict_keys(['example_time_delta_sensor_async']) retrieved from /home/airflow/.local/lib/python3.7/site-packages/airflow/example_dags/example_time_delta_sensor_async.py
[2022-07-10 12:46:58,300] {logging_mixin.py:109} INFO - [2022-07-10 12:46:58,300] {dag.py:2398} INFO - Sync 1 DAGs
[2022-07-10 12:46:58,309] {logging_mixin.py:109} INFO - [2022-07-10 12:46:58,309] {dag.py:2937} INFO - Setting next_dagrun for example_time_delta_sensor_async to None
[2022-07-10 12:46:58,315] {processor.py:171} INFO - Processing /home/airflow/.local/lib/python3.7/site-packages/airflow/example_dags/example_time_delta_sensor_async.py took 0.037 seconds
[2022-07-10 12:47:29,023] {processor.py:163} INFO - Started process (PID=416) to work on /home/airflow/.local/lib/python3.7/site-packages/airflow/example_dags/example_time_delta_sensor_async.py
[2022-07-10 12:47:29,024] {processor.py:642} INFO - Processing file /home/airflow/.local/lib/python3.7/site-packages/airflow/example_dags/example_time_delta_sensor_async.py for tasks to queue
[2022-07-10 12:47:29,024] {logging_mixin.py:109} INFO - [2022-07-10 12:47:29,024] {dagbag.py:500} INFO - Filling up the DagBag from /home/airflow/.local/lib/python3.7/site-packages/airflow/example_dags/example_time_delta_sensor_async.py
[2022-07-10 12:47:29,035] {processor.py:652} INFO - DAG(s) dict_keys(['example_time_delta_sensor_async']) retrieved from /home/airflow/.local/lib/python3.7/site-packages/airflow/example_dags/example_time_delta_sensor_async.py
[2022-07-10 12:47:29,086] {logging_mixin.py:109} INFO - [2022-07-10 12:47:29,086] {dag.py:2398} INFO - Sync 1 DAGs
[2022-07-10 12:47:29,097] {logging_mixin.py:109} INFO - [2022-07-10 12:47:29,097] {dag.py:2937} INFO - Setting next_dagrun for example_time_delta_sensor_async to None
[2022-07-10 12:47:29,101] {processor.py:171} INFO - Processing /home/airflow/.local/lib/python3.7/site-packages/airflow/example_dags/example_time_delta_sensor_async.py took 0.080 seconds
[2022-07-10 12:47:59,780] {processor.py:163} INFO - Started process (PID=479) to work on /home/airflow/.local/lib/python3.7/site-packages/airflow/example_dags/example_time_delta_sensor_async.py
[2022-07-10 12:47:59,781] {processor.py:642} INFO - Processing file /home/airflow/.local/lib/python3.7/site-packages/airflow/example_dags/example_time_delta_sensor_async.py for tasks to queue
[2022-07-10 12:47:59,781] {logging_mixin.py:109} INFO - [2022-07-10 12:47:59,781] {dagbag.py:500} INFO - Filling up the DagBag from /home/airflow/.local/lib/python3.7/site-packages/airflow/example_dags/example_time_delta_sensor_async.py
[2022-07-10 12:47:59,789] {processor.py:652} INFO - DAG(s) dict_keys(['example_time_delta_sensor_async']) retrieved from /home/airflow/.local/lib/python3.7/site-packages/airflow/example_dags/example_time_delta_sensor_async.py
[2022-07-10 12:47:59,800] {logging_mixin.py:109} INFO - [2022-07-10 12:47:59,800] {dag.py:2398} INFO - Sync 1 DAGs
[2022-07-10 12:47:59,809] {logging_mixin.py:109} INFO - [2022-07-10 12:47:59,809] {dag.py:2937} INFO - Setting next_dagrun for example_time_delta_sensor_async to None
[2022-07-10 12:47:59,814] {processor.py:171} INFO - Processing /home/airflow/.local/lib/python3.7/site-packages/airflow/example_dags/example_time_delta_sensor_async.py took 0.035 seconds
[2022-07-10 12:48:30,654] {processor.py:163} INFO - Started process (PID=551) to work on /home/airflow/.local/lib/python3.7/site-packages/airflow/example_dags/example_time_delta_sensor_async.py
[2022-07-10 12:48:30,655] {processor.py:642} INFO - Processing file /home/airflow/.local/lib/python3.7/site-packages/airflow/example_dags/example_time_delta_sensor_async.py for tasks to queue
[2022-07-10 12:48:30,655] {logging_mixin.py:109} INFO - [2022-07-10 12:48:30,655] {dagbag.py:500} INFO - Filling up the DagBag from /home/airflow/.local/lib/python3.7/site-packages/airflow/example_dags/example_time_delta_sensor_async.py
[2022-07-10 12:48:30,664] {processor.py:652} INFO - DAG(s) dict_keys(['example_time_delta_sensor_async']) retrieved from /home/airflow/.local/lib/python3.7/site-packages/airflow/example_dags/example_time_delta_sensor_async.py
[2022-07-10 12:48:30,675] {logging_mixin.py:109} INFO - [2022-07-10 12:48:30,675] {dag.py:2398} INFO - Sync 1 DAGs
[2022-07-10 12:48:30,685] {logging_mixin.py:109} INFO - [2022-07-10 12:48:30,685] {dag.py:2937} INFO - Setting next_dagrun for example_time_delta_sensor_async to None
[2022-07-10 12:48:30,690] {processor.py:171} INFO - Processing /home/airflow/.local/lib/python3.7/site-packages/airflow/example_dags/example_time_delta_sensor_async.py took 0.037 seconds
[2022-07-10 12:49:01,509] {processor.py:163} INFO - Started process (PID=622) to work on /home/airflow/.local/lib/python3.7/site-packages/airflow/example_dags/example_time_delta_sensor_async.py
[2022-07-10 12:49:01,510] {processor.py:642} INFO - Processing file /home/airflow/.local/lib/python3.7/site-packages/airflow/example_dags/example_time_delta_sensor_async.py for tasks to queue
[2022-07-10 12:49:01,510] {logging_mixin.py:109} INFO - [2022-07-10 12:49:01,510] {dagbag.py:500} INFO - Filling up the DagBag from /home/airflow/.local/lib/python3.7/site-packages/airflow/example_dags/example_time_delta_sensor_async.py
[2022-07-10 12:49:01,519] {processor.py:652} INFO - DAG(s) dict_keys(['example_time_delta_sensor_async']) retrieved from /home/airflow/.local/lib/python3.7/site-packages/airflow/example_dags/example_time_delta_sensor_async.py
[2022-07-10 12:49:01,530] {logging_mixin.py:109} INFO - [2022-07-10 12:49:01,530] {dag.py:2398} INFO - Sync 1 DAGs
[2022-07-10 12:49:01,540] {logging_mixin.py:109} INFO - [2022-07-10 12:49:01,540] {dag.py:2937} INFO - Setting next_dagrun for example_time_delta_sensor_async to None
[2022-07-10 12:49:01,546] {processor.py:171} INFO - Processing /home/airflow/.local/lib/python3.7/site-packages/airflow/example_dags/example_time_delta_sensor_async.py took 0.039 seconds
[2022-07-10 12:49:32,290] {processor.py:163} INFO - Started process (PID=693) to work on /home/airflow/.local/lib/python3.7/site-packages/airflow/example_dags/example_time_delta_sensor_async.py
[2022-07-10 12:49:32,291] {processor.py:642} INFO - Processing file /home/airflow/.local/lib/python3.7/site-packages/airflow/example_dags/example_time_delta_sensor_async.py for tasks to queue
[2022-07-10 12:49:32,291] {logging_mixin.py:109} INFO - [2022-07-10 12:49:32,291] {dagbag.py:500} INFO - Filling up the DagBag from /home/airflow/.local/lib/python3.7/site-packages/airflow/example_dags/example_time_delta_sensor_async.py
[2022-07-10 12:49:32,300] {processor.py:652} INFO - DAG(s) dict_keys(['example_time_delta_sensor_async']) retrieved from /home/airflow/.local/lib/python3.7/site-packages/airflow/example_dags/example_time_delta_sensor_async.py
[2022-07-10 12:49:32,313] {logging_mixin.py:109} INFO - [2022-07-10 12:49:32,313] {dag.py:2398} INFO - Sync 1 DAGs
[2022-07-10 12:49:32,328] {logging_mixin.py:109} INFO - [2022-07-10 12:49:32,328] {dag.py:2937} INFO - Setting next_dagrun for example_time_delta_sensor_async to None
[2022-07-10 12:49:32,335] {processor.py:171} INFO - Processing /home/airflow/.local/lib/python3.7/site-packages/airflow/example_dags/example_time_delta_sensor_async.py took 0.047 seconds
[2022-07-10 12:50:03,051] {processor.py:163} INFO - Started process (PID=755) to work on /home/airflow/.local/lib/python3.7/site-packages/airflow/example_dags/example_time_delta_sensor_async.py
[2022-07-10 12:50:03,051] {processor.py:642} INFO - Processing file /home/airflow/.local/lib/python3.7/site-packages/airflow/example_dags/example_time_delta_sensor_async.py for tasks to queue
[2022-07-10 12:50:03,051] {logging_mixin.py:109} INFO - [2022-07-10 12:50:03,051] {dagbag.py:500} INFO - Filling up the DagBag from /home/airflow/.local/lib/python3.7/site-packages/airflow/example_dags/example_time_delta_sensor_async.py
[2022-07-10 12:50:03,059] {processor.py:652} INFO - DAG(s) dict_keys(['example_time_delta_sensor_async']) retrieved from /home/airflow/.local/lib/python3.7/site-packages/airflow/example_dags/example_time_delta_sensor_async.py
[2022-07-10 12:50:03,069] {logging_mixin.py:109} INFO - [2022-07-10 12:50:03,069] {dag.py:2398} INFO - Sync 1 DAGs
[2022-07-10 12:50:03,078] {logging_mixin.py:109} INFO - [2022-07-10 12:50:03,078] {dag.py:2937} INFO - Setting next_dagrun for example_time_delta_sensor_async to None
[2022-07-10 12:50:03,083] {processor.py:171} INFO - Processing /home/airflow/.local/lib/python3.7/site-packages/airflow/example_dags/example_time_delta_sensor_async.py took 0.034 seconds
[2022-07-10 12:50:33,811] {processor.py:163} INFO - Started process (PID=827) to work on /home/airflow/.local/lib/python3.7/site-packages/airflow/example_dags/example_time_delta_sensor_async.py
[2022-07-10 12:50:33,812] {processor.py:642} INFO - Processing file /home/airflow/.local/lib/python3.7/site-packages/airflow/example_dags/example_time_delta_sensor_async.py for tasks to queue
[2022-07-10 12:50:33,812] {logging_mixin.py:109} INFO - [2022-07-10 12:50:33,812] {dagbag.py:500} INFO - Filling up the DagBag from /home/airflow/.local/lib/python3.7/site-packages/airflow/example_dags/example_time_delta_sensor_async.py
[2022-07-10 12:50:33,820] {processor.py:652} INFO - DAG(s) dict_keys(['example_time_delta_sensor_async']) retrieved from /home/airflow/.local/lib/python3.7/site-packages/airflow/example_dags/example_time_delta_sensor_async.py
[2022-07-10 12:50:33,831] {logging_mixin.py:109} INFO - [2022-07-10 12:50:33,830] {dag.py:2398} INFO - Sync 1 DAGs
[2022-07-10 12:50:33,841] {logging_mixin.py:109} INFO - [2022-07-10 12:50:33,841] {dag.py:2937} INFO - Setting next_dagrun for example_time_delta_sensor_async to None
[2022-07-10 12:50:33,846] {processor.py:171} INFO - Processing /home/airflow/.local/lib/python3.7/site-packages/airflow/example_dags/example_time_delta_sensor_async.py took 0.036 seconds
[2022-07-10 12:51:04,494] {processor.py:163} INFO - Started process (PID=898) to work on /home/airflow/.local/lib/python3.7/site-packages/airflow/example_dags/example_time_delta_sensor_async.py
[2022-07-10 12:51:04,495] {processor.py:642} INFO - Processing file /home/airflow/.local/lib/python3.7/site-packages/airflow/example_dags/example_time_delta_sensor_async.py for tasks to queue
[2022-07-10 12:51:04,495] {logging_mixin.py:109} INFO - [2022-07-10 12:51:04,495] {dagbag.py:500} INFO - Filling up the DagBag from /home/airflow/.local/lib/python3.7/site-packages/airflow/example_dags/example_time_delta_sensor_async.py
[2022-07-10 12:51:04,503] {processor.py:652} INFO - DAG(s) dict_keys(['example_time_delta_sensor_async']) retrieved from /home/airflow/.local/lib/python3.7/site-packages/airflow/example_dags/example_time_delta_sensor_async.py
[2022-07-10 12:51:04,514] {logging_mixin.py:109} INFO - [2022-07-10 12:51:04,514] {dag.py:2398} INFO - Sync 1 DAGs
[2022-07-10 12:51:04,525] {logging_mixin.py:109} INFO - [2022-07-10 12:51:04,524] {dag.py:2937} INFO - Setting next_dagrun for example_time_delta_sensor_async to None
[2022-07-10 12:51:04,531] {processor.py:171} INFO - Processing /home/airflow/.local/lib/python3.7/site-packages/airflow/example_dags/example_time_delta_sensor_async.py took 0.038 seconds
[2022-07-10 12:51:35,200] {processor.py:163} INFO - Started process (PID=961) to work on /home/airflow/.local/lib/python3.7/site-packages/airflow/example_dags/example_time_delta_sensor_async.py
[2022-07-10 12:51:35,201] {processor.py:642} INFO - Processing file /home/airflow/.local/lib/python3.7/site-packages/airflow/example_dags/example_time_delta_sensor_async.py for tasks to queue
[2022-07-10 12:51:35,201] {logging_mixin.py:109} INFO - [2022-07-10 12:51:35,201] {dagbag.py:500} INFO - Filling up the DagBag from /home/airflow/.local/lib/python3.7/site-packages/airflow/example_dags/example_time_delta_sensor_async.py
[2022-07-10 12:51:35,208] {processor.py:652} INFO - DAG(s) dict_keys(['example_time_delta_sensor_async']) retrieved from /home/airflow/.local/lib/python3.7/site-packages/airflow/example_dags/example_time_delta_sensor_async.py
[2022-07-10 12:51:35,224] {logging_mixin.py:109} INFO - [2022-07-10 12:51:35,224] {dag.py:2398} INFO - Sync 1 DAGs
[2022-07-10 12:51:35,233] {logging_mixin.py:109} INFO - [2022-07-10 12:51:35,233] {dag.py:2937} INFO - Setting next_dagrun for example_time_delta_sensor_async to None
[2022-07-10 12:51:35,238] {processor.py:171} INFO - Processing /home/airflow/.local/lib/python3.7/site-packages/airflow/example_dags/example_time_delta_sensor_async.py took 0.040 seconds
[2022-07-10 12:52:05,919] {processor.py:163} INFO - Started process (PID=1032) to work on /home/airflow/.local/lib/python3.7/site-packages/airflow/example_dags/example_time_delta_sensor_async.py
[2022-07-10 12:52:05,920] {processor.py:642} INFO - Processing file /home/airflow/.local/lib/python3.7/site-packages/airflow/example_dags/example_time_delta_sensor_async.py for tasks to queue
[2022-07-10 12:52:05,920] {logging_mixin.py:109} INFO - [2022-07-10 12:52:05,920] {dagbag.py:500} INFO - Filling up the DagBag from /home/airflow/.local/lib/python3.7/site-packages/airflow/example_dags/example_time_delta_sensor_async.py
[2022-07-10 12:52:05,928] {processor.py:652} INFO - DAG(s) dict_keys(['example_time_delta_sensor_async']) retrieved from /home/airflow/.local/lib/python3.7/site-packages/airflow/example_dags/example_time_delta_sensor_async.py
[2022-07-10 12:52:05,938] {logging_mixin.py:109} INFO - [2022-07-10 12:52:05,938] {dag.py:2398} INFO - Sync 1 DAGs
[2022-07-10 12:52:05,948] {logging_mixin.py:109} INFO - [2022-07-10 12:52:05,948] {dag.py:2937} INFO - Setting next_dagrun for example_time_delta_sensor_async to None
[2022-07-10 12:52:05,953] {processor.py:171} INFO - Processing /home/airflow/.local/lib/python3.7/site-packages/airflow/example_dags/example_time_delta_sensor_async.py took 0.036 seconds
[2022-07-10 12:52:36,260] {processor.py:163} INFO - Started process (PID=1104) to work on /home/airflow/.local/lib/python3.7/site-packages/airflow/example_dags/example_time_delta_sensor_async.py
[2022-07-10 12:52:36,260] {processor.py:642} INFO - Processing file /home/airflow/.local/lib/python3.7/site-packages/airflow/example_dags/example_time_delta_sensor_async.py for tasks to queue
[2022-07-10 12:52:36,261] {logging_mixin.py:109} INFO - [2022-07-10 12:52:36,261] {dagbag.py:500} INFO - Filling up the DagBag from /home/airflow/.local/lib/python3.7/site-packages/airflow/example_dags/example_time_delta_sensor_async.py
[2022-07-10 12:52:36,268] {processor.py:652} INFO - DAG(s) dict_keys(['example_time_delta_sensor_async']) retrieved from /home/airflow/.local/lib/python3.7/site-packages/airflow/example_dags/example_time_delta_sensor_async.py
[2022-07-10 12:52:36,279] {logging_mixin.py:109} INFO - [2022-07-10 12:52:36,279] {dag.py:2398} INFO - Sync 1 DAGs
[2022-07-10 12:52:36,289] {logging_mixin.py:109} INFO - [2022-07-10 12:52:36,289] {dag.py:2937} INFO - Setting next_dagrun for example_time_delta_sensor_async to None
[2022-07-10 12:52:36,295] {processor.py:171} INFO - Processing /home/airflow/.local/lib/python3.7/site-packages/airflow/example_dags/example_time_delta_sensor_async.py took 0.037 seconds
[2022-07-10 12:53:06,952] {processor.py:163} INFO - Started process (PID=1167) to work on /home/airflow/.local/lib/python3.7/site-packages/airflow/example_dags/example_time_delta_sensor_async.py
[2022-07-10 12:53:06,953] {processor.py:642} INFO - Processing file /home/airflow/.local/lib/python3.7/site-packages/airflow/example_dags/example_time_delta_sensor_async.py for tasks to queue
[2022-07-10 12:53:06,953] {logging_mixin.py:109} INFO - [2022-07-10 12:53:06,953] {dagbag.py:500} INFO - Filling up the DagBag from /home/airflow/.local/lib/python3.7/site-packages/airflow/example_dags/example_time_delta_sensor_async.py
[2022-07-10 12:53:06,961] {processor.py:652} INFO - DAG(s) dict_keys(['example_time_delta_sensor_async']) retrieved from /home/airflow/.local/lib/python3.7/site-packages/airflow/example_dags/example_time_delta_sensor_async.py
[2022-07-10 12:53:06,976] {logging_mixin.py:109} INFO - [2022-07-10 12:53:06,976] {dag.py:2398} INFO - Sync 1 DAGs
[2022-07-10 12:53:06,990] {logging_mixin.py:109} INFO - [2022-07-10 12:53:06,990] {dag.py:2937} INFO - Setting next_dagrun for example_time_delta_sensor_async to None
[2022-07-10 12:53:06,998] {processor.py:171} INFO - Processing /home/airflow/.local/lib/python3.7/site-packages/airflow/example_dags/example_time_delta_sensor_async.py took 0.048 seconds
[2022-07-10 12:53:37,764] {processor.py:163} INFO - Started process (PID=1238) to work on /home/airflow/.local/lib/python3.7/site-packages/airflow/example_dags/example_time_delta_sensor_async.py
[2022-07-10 12:53:37,764] {processor.py:642} INFO - Processing file /home/airflow/.local/lib/python3.7/site-packages/airflow/example_dags/example_time_delta_sensor_async.py for tasks to queue
[2022-07-10 12:53:37,765] {logging_mixin.py:109} INFO - [2022-07-10 12:53:37,765] {dagbag.py:500} INFO - Filling up the DagBag from /home/airflow/.local/lib/python3.7/site-packages/airflow/example_dags/example_time_delta_sensor_async.py
[2022-07-10 12:53:37,773] {processor.py:652} INFO - DAG(s) dict_keys(['example_time_delta_sensor_async']) retrieved from /home/airflow/.local/lib/python3.7/site-packages/airflow/example_dags/example_time_delta_sensor_async.py
[2022-07-10 12:53:37,783] {logging_mixin.py:109} INFO - [2022-07-10 12:53:37,783] {dag.py:2398} INFO - Sync 1 DAGs
[2022-07-10 12:53:37,793] {logging_mixin.py:109} INFO - [2022-07-10 12:53:37,793] {dag.py:2937} INFO - Setting next_dagrun for example_time_delta_sensor_async to None
[2022-07-10 12:53:37,798] {processor.py:171} INFO - Processing /home/airflow/.local/lib/python3.7/site-packages/airflow/example_dags/example_time_delta_sensor_async.py took 0.036 seconds
[2022-07-10 12:54:08,394] {processor.py:163} INFO - Started process (PID=1309) to work on /home/airflow/.local/lib/python3.7/site-packages/airflow/example_dags/example_time_delta_sensor_async.py
[2022-07-10 12:54:08,394] {processor.py:642} INFO - Processing file /home/airflow/.local/lib/python3.7/site-packages/airflow/example_dags/example_time_delta_sensor_async.py for tasks to queue
[2022-07-10 12:54:08,394] {logging_mixin.py:109} INFO - [2022-07-10 12:54:08,394] {dagbag.py:500} INFO - Filling up the DagBag from /home/airflow/.local/lib/python3.7/site-packages/airflow/example_dags/example_time_delta_sensor_async.py
[2022-07-10 12:54:08,402] {processor.py:652} INFO - DAG(s) dict_keys(['example_time_delta_sensor_async']) retrieved from /home/airflow/.local/lib/python3.7/site-packages/airflow/example_dags/example_time_delta_sensor_async.py
[2022-07-10 12:54:08,413] {logging_mixin.py:109} INFO - [2022-07-10 12:54:08,413] {dag.py:2398} INFO - Sync 1 DAGs
[2022-07-10 12:54:08,423] {logging_mixin.py:109} INFO - [2022-07-10 12:54:08,423] {dag.py:2937} INFO - Setting next_dagrun for example_time_delta_sensor_async to None
[2022-07-10 12:54:08,428] {processor.py:171} INFO - Processing /home/airflow/.local/lib/python3.7/site-packages/airflow/example_dags/example_time_delta_sensor_async.py took 0.036 seconds
[2022-07-10 12:54:39,426] {processor.py:163} INFO - Started process (PID=1382) to work on /home/airflow/.local/lib/python3.7/site-packages/airflow/example_dags/example_time_delta_sensor_async.py
[2022-07-10 12:54:39,427] {processor.py:642} INFO - Processing file /home/airflow/.local/lib/python3.7/site-packages/airflow/example_dags/example_time_delta_sensor_async.py for tasks to queue
[2022-07-10 12:54:39,427] {logging_mixin.py:109} INFO - [2022-07-10 12:54:39,427] {dagbag.py:500} INFO - Filling up the DagBag from /home/airflow/.local/lib/python3.7/site-packages/airflow/example_dags/example_time_delta_sensor_async.py
[2022-07-10 12:54:39,435] {processor.py:652} INFO - DAG(s) dict_keys(['example_time_delta_sensor_async']) retrieved from /home/airflow/.local/lib/python3.7/site-packages/airflow/example_dags/example_time_delta_sensor_async.py
[2022-07-10 12:54:39,446] {logging_mixin.py:109} INFO - [2022-07-10 12:54:39,446] {dag.py:2398} INFO - Sync 1 DAGs
[2022-07-10 12:54:39,456] {logging_mixin.py:109} INFO - [2022-07-10 12:54:39,456] {dag.py:2937} INFO - Setting next_dagrun for example_time_delta_sensor_async to None
[2022-07-10 12:54:39,461] {processor.py:171} INFO - Processing /home/airflow/.local/lib/python3.7/site-packages/airflow/example_dags/example_time_delta_sensor_async.py took 0.037 seconds
[2022-07-10 12:55:10,416] {processor.py:163} INFO - Started process (PID=1445) to work on /home/airflow/.local/lib/python3.7/site-packages/airflow/example_dags/example_time_delta_sensor_async.py
[2022-07-10 12:55:10,416] {processor.py:642} INFO - Processing file /home/airflow/.local/lib/python3.7/site-packages/airflow/example_dags/example_time_delta_sensor_async.py for tasks to queue
[2022-07-10 12:55:10,417] {logging_mixin.py:109} INFO - [2022-07-10 12:55:10,416] {dagbag.py:500} INFO - Filling up the DagBag from /home/airflow/.local/lib/python3.7/site-packages/airflow/example_dags/example_time_delta_sensor_async.py
[2022-07-10 12:55:10,426] {processor.py:652} INFO - DAG(s) dict_keys(['example_time_delta_sensor_async']) retrieved from /home/airflow/.local/lib/python3.7/site-packages/airflow/example_dags/example_time_delta_sensor_async.py
[2022-07-10 12:55:10,441] {logging_mixin.py:109} INFO - [2022-07-10 12:55:10,441] {dag.py:2398} INFO - Sync 1 DAGs
[2022-07-10 12:55:10,456] {logging_mixin.py:109} INFO - [2022-07-10 12:55:10,456] {dag.py:2937} INFO - Setting next_dagrun for example_time_delta_sensor_async to None
[2022-07-10 12:55:10,464] {processor.py:171} INFO - Processing /home/airflow/.local/lib/python3.7/site-packages/airflow/example_dags/example_time_delta_sensor_async.py took 0.051 seconds
[2022-07-10 12:55:40,754] {processor.py:163} INFO - Started process (PID=1516) to work on /home/airflow/.local/lib/python3.7/site-packages/airflow/example_dags/example_time_delta_sensor_async.py
[2022-07-10 12:55:40,754] {processor.py:642} INFO - Processing file /home/airflow/.local/lib/python3.7/site-packages/airflow/example_dags/example_time_delta_sensor_async.py for tasks to queue
[2022-07-10 12:55:40,754] {logging_mixin.py:109} INFO - [2022-07-10 12:55:40,754] {dagbag.py:500} INFO - Filling up the DagBag from /home/airflow/.local/lib/python3.7/site-packages/airflow/example_dags/example_time_delta_sensor_async.py
[2022-07-10 12:55:40,762] {processor.py:652} INFO - DAG(s) dict_keys(['example_time_delta_sensor_async']) retrieved from /home/airflow/.local/lib/python3.7/site-packages/airflow/example_dags/example_time_delta_sensor_async.py
[2022-07-10 12:55:40,772] {logging_mixin.py:109} INFO - [2022-07-10 12:55:40,772] {dag.py:2398} INFO - Sync 1 DAGs
[2022-07-10 12:55:40,782] {logging_mixin.py:109} INFO - [2022-07-10 12:55:40,782] {dag.py:2937} INFO - Setting next_dagrun for example_time_delta_sensor_async to None
[2022-07-10 12:55:40,787] {processor.py:171} INFO - Processing /home/airflow/.local/lib/python3.7/site-packages/airflow/example_dags/example_time_delta_sensor_async.py took 0.035 seconds
[2022-07-10 12:56:11,571] {processor.py:163} INFO - Started process (PID=1585) to work on /home/airflow/.local/lib/python3.7/site-packages/airflow/example_dags/example_time_delta_sensor_async.py
[2022-07-10 12:56:11,571] {processor.py:642} INFO - Processing file /home/airflow/.local/lib/python3.7/site-packages/airflow/example_dags/example_time_delta_sensor_async.py for tasks to queue
[2022-07-10 12:56:11,572] {logging_mixin.py:109} INFO - [2022-07-10 12:56:11,572] {dagbag.py:500} INFO - Filling up the DagBag from /home/airflow/.local/lib/python3.7/site-packages/airflow/example_dags/example_time_delta_sensor_async.py
[2022-07-10 12:56:11,581] {processor.py:652} INFO - DAG(s) dict_keys(['example_time_delta_sensor_async']) retrieved from /home/airflow/.local/lib/python3.7/site-packages/airflow/example_dags/example_time_delta_sensor_async.py
[2022-07-10 12:56:11,596] {logging_mixin.py:109} INFO - [2022-07-10 12:56:11,595] {dag.py:2398} INFO - Sync 1 DAGs
[2022-07-10 12:56:11,610] {logging_mixin.py:109} INFO - [2022-07-10 12:56:11,610] {dag.py:2937} INFO - Setting next_dagrun for example_time_delta_sensor_async to None
[2022-07-10 12:56:11,616] {processor.py:171} INFO - Processing /home/airflow/.local/lib/python3.7/site-packages/airflow/example_dags/example_time_delta_sensor_async.py took 0.047 seconds
[2022-07-10 12:56:42,599] {processor.py:163} INFO - Started process (PID=1648) to work on /home/airflow/.local/lib/python3.7/site-packages/airflow/example_dags/example_time_delta_sensor_async.py
[2022-07-10 12:56:42,599] {processor.py:642} INFO - Processing file /home/airflow/.local/lib/python3.7/site-packages/airflow/example_dags/example_time_delta_sensor_async.py for tasks to queue
[2022-07-10 12:56:42,600] {logging_mixin.py:109} INFO - [2022-07-10 12:56:42,599] {dagbag.py:500} INFO - Filling up the DagBag from /home/airflow/.local/lib/python3.7/site-packages/airflow/example_dags/example_time_delta_sensor_async.py
[2022-07-10 12:56:42,608] {processor.py:652} INFO - DAG(s) dict_keys(['example_time_delta_sensor_async']) retrieved from /home/airflow/.local/lib/python3.7/site-packages/airflow/example_dags/example_time_delta_sensor_async.py
[2022-07-10 12:56:42,618] {logging_mixin.py:109} INFO - [2022-07-10 12:56:42,618] {dag.py:2398} INFO - Sync 1 DAGs
[2022-07-10 12:56:42,627] {logging_mixin.py:109} INFO - [2022-07-10 12:56:42,627] {dag.py:2937} INFO - Setting next_dagrun for example_time_delta_sensor_async to None
[2022-07-10 12:56:42,632] {processor.py:171} INFO - Processing /home/airflow/.local/lib/python3.7/site-packages/airflow/example_dags/example_time_delta_sensor_async.py took 0.035 seconds
[2022-07-10 12:57:13,361] {processor.py:163} INFO - Started process (PID=1720) to work on /home/airflow/.local/lib/python3.7/site-packages/airflow/example_dags/example_time_delta_sensor_async.py
[2022-07-10 12:57:13,362] {processor.py:642} INFO - Processing file /home/airflow/.local/lib/python3.7/site-packages/airflow/example_dags/example_time_delta_sensor_async.py for tasks to queue
[2022-07-10 12:57:13,362] {logging_mixin.py:109} INFO - [2022-07-10 12:57:13,362] {dagbag.py:500} INFO - Filling up the DagBag from /home/airflow/.local/lib/python3.7/site-packages/airflow/example_dags/example_time_delta_sensor_async.py
[2022-07-10 12:57:13,370] {processor.py:652} INFO - DAG(s) dict_keys(['example_time_delta_sensor_async']) retrieved from /home/airflow/.local/lib/python3.7/site-packages/airflow/example_dags/example_time_delta_sensor_async.py
[2022-07-10 12:57:13,381] {logging_mixin.py:109} INFO - [2022-07-10 12:57:13,381] {dag.py:2398} INFO - Sync 1 DAGs
[2022-07-10 12:57:13,392] {logging_mixin.py:109} INFO - [2022-07-10 12:57:13,392] {dag.py:2937} INFO - Setting next_dagrun for example_time_delta_sensor_async to None
[2022-07-10 12:57:13,398] {processor.py:171} INFO - Processing /home/airflow/.local/lib/python3.7/site-packages/airflow/example_dags/example_time_delta_sensor_async.py took 0.038 seconds
[2022-07-10 12:57:44,327] {processor.py:163} INFO - Started process (PID=1792) to work on /home/airflow/.local/lib/python3.7/site-packages/airflow/example_dags/example_time_delta_sensor_async.py
[2022-07-10 12:57:44,328] {processor.py:642} INFO - Processing file /home/airflow/.local/lib/python3.7/site-packages/airflow/example_dags/example_time_delta_sensor_async.py for tasks to queue
[2022-07-10 12:57:44,328] {logging_mixin.py:109} INFO - [2022-07-10 12:57:44,328] {dagbag.py:500} INFO - Filling up the DagBag from /home/airflow/.local/lib/python3.7/site-packages/airflow/example_dags/example_time_delta_sensor_async.py
[2022-07-10 12:57:44,337] {processor.py:652} INFO - DAG(s) dict_keys(['example_time_delta_sensor_async']) retrieved from /home/airflow/.local/lib/python3.7/site-packages/airflow/example_dags/example_time_delta_sensor_async.py
[2022-07-10 12:57:44,350] {logging_mixin.py:109} INFO - [2022-07-10 12:57:44,350] {dag.py:2398} INFO - Sync 1 DAGs
[2022-07-10 12:57:44,365] {logging_mixin.py:109} INFO - [2022-07-10 12:57:44,365] {dag.py:2937} INFO - Setting next_dagrun for example_time_delta_sensor_async to None
[2022-07-10 12:57:44,372] {processor.py:171} INFO - Processing /home/airflow/.local/lib/python3.7/site-packages/airflow/example_dags/example_time_delta_sensor_async.py took 0.047 seconds
[2022-07-10 12:58:14,715] {processor.py:163} INFO - Started process (PID=1854) to work on /home/airflow/.local/lib/python3.7/site-packages/airflow/example_dags/example_time_delta_sensor_async.py
[2022-07-10 12:58:14,715] {processor.py:642} INFO - Processing file /home/airflow/.local/lib/python3.7/site-packages/airflow/example_dags/example_time_delta_sensor_async.py for tasks to queue
[2022-07-10 12:58:14,716] {logging_mixin.py:109} INFO - [2022-07-10 12:58:14,716] {dagbag.py:500} INFO - Filling up the DagBag from /home/airflow/.local/lib/python3.7/site-packages/airflow/example_dags/example_time_delta_sensor_async.py
[2022-07-10 12:58:14,725] {processor.py:652} INFO - DAG(s) dict_keys(['example_time_delta_sensor_async']) retrieved from /home/airflow/.local/lib/python3.7/site-packages/airflow/example_dags/example_time_delta_sensor_async.py
[2022-07-10 12:58:14,740] {logging_mixin.py:109} INFO - [2022-07-10 12:58:14,740] {dag.py:2398} INFO - Sync 1 DAGs
[2022-07-10 12:58:14,754] {logging_mixin.py:109} INFO - [2022-07-10 12:58:14,754] {dag.py:2937} INFO - Setting next_dagrun for example_time_delta_sensor_async to None
[2022-07-10 12:58:14,759] {processor.py:171} INFO - Processing /home/airflow/.local/lib/python3.7/site-packages/airflow/example_dags/example_time_delta_sensor_async.py took 0.048 seconds
[2022-07-10 12:58:45,372] {processor.py:163} INFO - Started process (PID=1927) to work on /home/airflow/.local/lib/python3.7/site-packages/airflow/example_dags/example_time_delta_sensor_async.py
[2022-07-10 12:58:45,373] {processor.py:642} INFO - Processing file /home/airflow/.local/lib/python3.7/site-packages/airflow/example_dags/example_time_delta_sensor_async.py for tasks to queue
[2022-07-10 12:58:45,373] {logging_mixin.py:109} INFO - [2022-07-10 12:58:45,373] {dagbag.py:500} INFO - Filling up the DagBag from /home/airflow/.local/lib/python3.7/site-packages/airflow/example_dags/example_time_delta_sensor_async.py
[2022-07-10 12:58:45,381] {processor.py:652} INFO - DAG(s) dict_keys(['example_time_delta_sensor_async']) retrieved from /home/airflow/.local/lib/python3.7/site-packages/airflow/example_dags/example_time_delta_sensor_async.py
[2022-07-10 12:58:45,392] {logging_mixin.py:109} INFO - [2022-07-10 12:58:45,392] {dag.py:2398} INFO - Sync 1 DAGs
[2022-07-10 12:58:45,403] {logging_mixin.py:109} INFO - [2022-07-10 12:58:45,403] {dag.py:2937} INFO - Setting next_dagrun for example_time_delta_sensor_async to None
[2022-07-10 12:58:45,409] {processor.py:171} INFO - Processing /home/airflow/.local/lib/python3.7/site-packages/airflow/example_dags/example_time_delta_sensor_async.py took 0.039 seconds
[2022-07-10 12:59:16,340] {processor.py:163} INFO - Started process (PID=1999) to work on /home/airflow/.local/lib/python3.7/site-packages/airflow/example_dags/example_time_delta_sensor_async.py
[2022-07-10 12:59:16,341] {processor.py:642} INFO - Processing file /home/airflow/.local/lib/python3.7/site-packages/airflow/example_dags/example_time_delta_sensor_async.py for tasks to queue
[2022-07-10 12:59:16,341] {logging_mixin.py:109} INFO - [2022-07-10 12:59:16,341] {dagbag.py:500} INFO - Filling up the DagBag from /home/airflow/.local/lib/python3.7/site-packages/airflow/example_dags/example_time_delta_sensor_async.py
[2022-07-10 12:59:16,350] {processor.py:652} INFO - DAG(s) dict_keys(['example_time_delta_sensor_async']) retrieved from /home/airflow/.local/lib/python3.7/site-packages/airflow/example_dags/example_time_delta_sensor_async.py
[2022-07-10 12:59:16,363] {logging_mixin.py:109} INFO - [2022-07-10 12:59:16,363] {dag.py:2398} INFO - Sync 1 DAGs
[2022-07-10 12:59:16,374] {logging_mixin.py:109} INFO - [2022-07-10 12:59:16,374] {dag.py:2937} INFO - Setting next_dagrun for example_time_delta_sensor_async to None
[2022-07-10 12:59:16,380] {processor.py:171} INFO - Processing /home/airflow/.local/lib/python3.7/site-packages/airflow/example_dags/example_time_delta_sensor_async.py took 0.041 seconds
[2022-07-10 12:59:47,418] {processor.py:163} INFO - Started process (PID=2061) to work on /home/airflow/.local/lib/python3.7/site-packages/airflow/example_dags/example_time_delta_sensor_async.py
[2022-07-10 12:59:47,419] {processor.py:642} INFO - Processing file /home/airflow/.local/lib/python3.7/site-packages/airflow/example_dags/example_time_delta_sensor_async.py for tasks to queue
[2022-07-10 12:59:47,419] {logging_mixin.py:109} INFO - [2022-07-10 12:59:47,419] {dagbag.py:500} INFO - Filling up the DagBag from /home/airflow/.local/lib/python3.7/site-packages/airflow/example_dags/example_time_delta_sensor_async.py
[2022-07-10 12:59:47,427] {processor.py:652} INFO - DAG(s) dict_keys(['example_time_delta_sensor_async']) retrieved from /home/airflow/.local/lib/python3.7/site-packages/airflow/example_dags/example_time_delta_sensor_async.py
[2022-07-10 12:59:47,437] {logging_mixin.py:109} INFO - [2022-07-10 12:59:47,437] {dag.py:2398} INFO - Sync 1 DAGs
[2022-07-10 12:59:47,448] {logging_mixin.py:109} INFO - [2022-07-10 12:59:47,448] {dag.py:2937} INFO - Setting next_dagrun for example_time_delta_sensor_async to None
[2022-07-10 12:59:47,453] {processor.py:171} INFO - Processing /home/airflow/.local/lib/python3.7/site-packages/airflow/example_dags/example_time_delta_sensor_async.py took 0.037 seconds
[2022-07-10 13:00:18,009] {processor.py:163} INFO - Started process (PID=2132) to work on /home/airflow/.local/lib/python3.7/site-packages/airflow/example_dags/example_time_delta_sensor_async.py
[2022-07-10 13:00:18,010] {processor.py:642} INFO - Processing file /home/airflow/.local/lib/python3.7/site-packages/airflow/example_dags/example_time_delta_sensor_async.py for tasks to queue
[2022-07-10 13:00:18,010] {logging_mixin.py:109} INFO - [2022-07-10 13:00:18,010] {dagbag.py:500} INFO - Filling up the DagBag from /home/airflow/.local/lib/python3.7/site-packages/airflow/example_dags/example_time_delta_sensor_async.py
[2022-07-10 13:00:18,018] {processor.py:652} INFO - DAG(s) dict_keys(['example_time_delta_sensor_async']) retrieved from /home/airflow/.local/lib/python3.7/site-packages/airflow/example_dags/example_time_delta_sensor_async.py
[2022-07-10 13:00:18,029] {logging_mixin.py:109} INFO - [2022-07-10 13:00:18,029] {dag.py:2398} INFO - Sync 1 DAGs
[2022-07-10 13:00:18,038] {logging_mixin.py:109} INFO - [2022-07-10 13:00:18,038] {dag.py:2937} INFO - Setting next_dagrun for example_time_delta_sensor_async to None
[2022-07-10 13:00:18,043] {processor.py:171} INFO - Processing /home/airflow/.local/lib/python3.7/site-packages/airflow/example_dags/example_time_delta_sensor_async.py took 0.036 seconds
[2022-07-10 13:00:48,796] {processor.py:163} INFO - Started process (PID=2205) to work on /home/airflow/.local/lib/python3.7/site-packages/airflow/example_dags/example_time_delta_sensor_async.py
[2022-07-10 13:00:48,797] {processor.py:642} INFO - Processing file /home/airflow/.local/lib/python3.7/site-packages/airflow/example_dags/example_time_delta_sensor_async.py for tasks to queue
[2022-07-10 13:00:48,798] {logging_mixin.py:109} INFO - [2022-07-10 13:00:48,798] {dagbag.py:500} INFO - Filling up the DagBag from /home/airflow/.local/lib/python3.7/site-packages/airflow/example_dags/example_time_delta_sensor_async.py
[2022-07-10 13:00:48,809] {processor.py:652} INFO - DAG(s) dict_keys(['example_time_delta_sensor_async']) retrieved from /home/airflow/.local/lib/python3.7/site-packages/airflow/example_dags/example_time_delta_sensor_async.py
[2022-07-10 13:00:48,826] {logging_mixin.py:109} INFO - [2022-07-10 13:00:48,825] {dag.py:2398} INFO - Sync 1 DAGs
[2022-07-10 13:00:48,843] {logging_mixin.py:109} INFO - [2022-07-10 13:00:48,843] {dag.py:2937} INFO - Setting next_dagrun for example_time_delta_sensor_async to None
[2022-07-10 13:00:48,851] {processor.py:171} INFO - Processing /home/airflow/.local/lib/python3.7/site-packages/airflow/example_dags/example_time_delta_sensor_async.py took 0.057 seconds
[2022-07-10 13:01:19,810] {processor.py:163} INFO - Started process (PID=2267) to work on /home/airflow/.local/lib/python3.7/site-packages/airflow/example_dags/example_time_delta_sensor_async.py
[2022-07-10 13:01:19,811] {processor.py:642} INFO - Processing file /home/airflow/.local/lib/python3.7/site-packages/airflow/example_dags/example_time_delta_sensor_async.py for tasks to queue
[2022-07-10 13:01:19,811] {logging_mixin.py:109} INFO - [2022-07-10 13:01:19,811] {dagbag.py:500} INFO - Filling up the DagBag from /home/airflow/.local/lib/python3.7/site-packages/airflow/example_dags/example_time_delta_sensor_async.py
[2022-07-10 13:01:19,819] {processor.py:652} INFO - DAG(s) dict_keys(['example_time_delta_sensor_async']) retrieved from /home/airflow/.local/lib/python3.7/site-packages/airflow/example_dags/example_time_delta_sensor_async.py
[2022-07-10 13:01:19,830] {logging_mixin.py:109} INFO - [2022-07-10 13:01:19,830] {dag.py:2398} INFO - Sync 1 DAGs
[2022-07-10 13:01:19,840] {logging_mixin.py:109} INFO - [2022-07-10 13:01:19,840] {dag.py:2937} INFO - Setting next_dagrun for example_time_delta_sensor_async to None
[2022-07-10 13:01:19,845] {processor.py:171} INFO - Processing /home/airflow/.local/lib/python3.7/site-packages/airflow/example_dags/example_time_delta_sensor_async.py took 0.037 seconds
[2022-07-10 13:01:50,575] {processor.py:163} INFO - Started process (PID=2339) to work on /home/airflow/.local/lib/python3.7/site-packages/airflow/example_dags/example_time_delta_sensor_async.py
[2022-07-10 13:01:50,576] {processor.py:642} INFO - Processing file /home/airflow/.local/lib/python3.7/site-packages/airflow/example_dags/example_time_delta_sensor_async.py for tasks to queue
[2022-07-10 13:01:50,576] {logging_mixin.py:109} INFO - [2022-07-10 13:01:50,576] {dagbag.py:500} INFO - Filling up the DagBag from /home/airflow/.local/lib/python3.7/site-packages/airflow/example_dags/example_time_delta_sensor_async.py
[2022-07-10 13:01:50,584] {processor.py:652} INFO - DAG(s) dict_keys(['example_time_delta_sensor_async']) retrieved from /home/airflow/.local/lib/python3.7/site-packages/airflow/example_dags/example_time_delta_sensor_async.py
[2022-07-10 13:01:50,594] {logging_mixin.py:109} INFO - [2022-07-10 13:01:50,594] {dag.py:2398} INFO - Sync 1 DAGs
[2022-07-10 13:01:50,603] {logging_mixin.py:109} INFO - [2022-07-10 13:01:50,603] {dag.py:2937} INFO - Setting next_dagrun for example_time_delta_sensor_async to None
[2022-07-10 13:01:50,609] {processor.py:171} INFO - Processing /home/airflow/.local/lib/python3.7/site-packages/airflow/example_dags/example_time_delta_sensor_async.py took 0.035 seconds
[2022-07-10 13:02:21,275] {processor.py:163} INFO - Started process (PID=2411) to work on /home/airflow/.local/lib/python3.7/site-packages/airflow/example_dags/example_time_delta_sensor_async.py
[2022-07-10 13:02:21,275] {processor.py:642} INFO - Processing file /home/airflow/.local/lib/python3.7/site-packages/airflow/example_dags/example_time_delta_sensor_async.py for tasks to queue
[2022-07-10 13:02:21,275] {logging_mixin.py:109} INFO - [2022-07-10 13:02:21,275] {dagbag.py:500} INFO - Filling up the DagBag from /home/airflow/.local/lib/python3.7/site-packages/airflow/example_dags/example_time_delta_sensor_async.py
[2022-07-10 13:02:21,283] {processor.py:652} INFO - DAG(s) dict_keys(['example_time_delta_sensor_async']) retrieved from /home/airflow/.local/lib/python3.7/site-packages/airflow/example_dags/example_time_delta_sensor_async.py
[2022-07-10 13:02:21,294] {logging_mixin.py:109} INFO - [2022-07-10 13:02:21,294] {dag.py:2398} INFO - Sync 1 DAGs
[2022-07-10 13:02:21,304] {logging_mixin.py:109} INFO - [2022-07-10 13:02:21,304] {dag.py:2937} INFO - Setting next_dagrun for example_time_delta_sensor_async to None
[2022-07-10 13:02:21,309] {processor.py:171} INFO - Processing /home/airflow/.local/lib/python3.7/site-packages/airflow/example_dags/example_time_delta_sensor_async.py took 0.036 seconds
[2022-07-10 13:02:52,091] {processor.py:163} INFO - Started process (PID=2474) to work on /home/airflow/.local/lib/python3.7/site-packages/airflow/example_dags/example_time_delta_sensor_async.py
[2022-07-10 13:02:52,092] {processor.py:642} INFO - Processing file /home/airflow/.local/lib/python3.7/site-packages/airflow/example_dags/example_time_delta_sensor_async.py for tasks to queue
[2022-07-10 13:02:52,092] {logging_mixin.py:109} INFO - [2022-07-10 13:02:52,092] {dagbag.py:500} INFO - Filling up the DagBag from /home/airflow/.local/lib/python3.7/site-packages/airflow/example_dags/example_time_delta_sensor_async.py
[2022-07-10 13:02:52,100] {processor.py:652} INFO - DAG(s) dict_keys(['example_time_delta_sensor_async']) retrieved from /home/airflow/.local/lib/python3.7/site-packages/airflow/example_dags/example_time_delta_sensor_async.py
[2022-07-10 13:02:52,112] {logging_mixin.py:109} INFO - [2022-07-10 13:02:52,112] {dag.py:2398} INFO - Sync 1 DAGs
[2022-07-10 13:02:52,123] {logging_mixin.py:109} INFO - [2022-07-10 13:02:52,123] {dag.py:2937} INFO - Setting next_dagrun for example_time_delta_sensor_async to None
[2022-07-10 13:02:52,129] {processor.py:171} INFO - Processing /home/airflow/.local/lib/python3.7/site-packages/airflow/example_dags/example_time_delta_sensor_async.py took 0.039 seconds
[2022-07-10 13:03:22,870] {processor.py:163} INFO - Started process (PID=2545) to work on /home/airflow/.local/lib/python3.7/site-packages/airflow/example_dags/example_time_delta_sensor_async.py
[2022-07-10 13:03:22,871] {processor.py:642} INFO - Processing file /home/airflow/.local/lib/python3.7/site-packages/airflow/example_dags/example_time_delta_sensor_async.py for tasks to queue
[2022-07-10 13:03:22,871] {logging_mixin.py:109} INFO - [2022-07-10 13:03:22,871] {dagbag.py:500} INFO - Filling up the DagBag from /home/airflow/.local/lib/python3.7/site-packages/airflow/example_dags/example_time_delta_sensor_async.py
[2022-07-10 13:03:22,880] {processor.py:652} INFO - DAG(s) dict_keys(['example_time_delta_sensor_async']) retrieved from /home/airflow/.local/lib/python3.7/site-packages/airflow/example_dags/example_time_delta_sensor_async.py
[2022-07-10 13:03:22,891] {logging_mixin.py:109} INFO - [2022-07-10 13:03:22,891] {dag.py:2398} INFO - Sync 1 DAGs
[2022-07-10 13:03:22,902] {logging_mixin.py:109} INFO - [2022-07-10 13:03:22,902] {dag.py:2937} INFO - Setting next_dagrun for example_time_delta_sensor_async to None
[2022-07-10 13:03:22,908] {processor.py:171} INFO - Processing /home/airflow/.local/lib/python3.7/site-packages/airflow/example_dags/example_time_delta_sensor_async.py took 0.040 seconds
[2022-07-10 13:03:53,958] {processor.py:163} INFO - Started process (PID=2618) to work on /home/airflow/.local/lib/python3.7/site-packages/airflow/example_dags/example_time_delta_sensor_async.py
[2022-07-10 13:03:53,959] {processor.py:642} INFO - Processing file /home/airflow/.local/lib/python3.7/site-packages/airflow/example_dags/example_time_delta_sensor_async.py for tasks to queue
[2022-07-10 13:03:53,959] {logging_mixin.py:109} INFO - [2022-07-10 13:03:53,959] {dagbag.py:500} INFO - Filling up the DagBag from /home/airflow/.local/lib/python3.7/site-packages/airflow/example_dags/example_time_delta_sensor_async.py
[2022-07-10 13:03:53,966] {processor.py:652} INFO - DAG(s) dict_keys(['example_time_delta_sensor_async']) retrieved from /home/airflow/.local/lib/python3.7/site-packages/airflow/example_dags/example_time_delta_sensor_async.py
[2022-07-10 13:03:53,977] {logging_mixin.py:109} INFO - [2022-07-10 13:03:53,977] {dag.py:2398} INFO - Sync 1 DAGs
[2022-07-10 13:03:53,988] {logging_mixin.py:109} INFO - [2022-07-10 13:03:53,988] {dag.py:2937} INFO - Setting next_dagrun for example_time_delta_sensor_async to None
[2022-07-10 13:03:53,993] {processor.py:171} INFO - Processing /home/airflow/.local/lib/python3.7/site-packages/airflow/example_dags/example_time_delta_sensor_async.py took 0.037 seconds
[2022-07-10 13:04:24,832] {processor.py:163} INFO - Started process (PID=2680) to work on /home/airflow/.local/lib/python3.7/site-packages/airflow/example_dags/example_time_delta_sensor_async.py
[2022-07-10 13:04:24,832] {processor.py:642} INFO - Processing file /home/airflow/.local/lib/python3.7/site-packages/airflow/example_dags/example_time_delta_sensor_async.py for tasks to queue
[2022-07-10 13:04:24,833] {logging_mixin.py:109} INFO - [2022-07-10 13:04:24,833] {dagbag.py:500} INFO - Filling up the DagBag from /home/airflow/.local/lib/python3.7/site-packages/airflow/example_dags/example_time_delta_sensor_async.py
[2022-07-10 13:04:24,840] {processor.py:652} INFO - DAG(s) dict_keys(['example_time_delta_sensor_async']) retrieved from /home/airflow/.local/lib/python3.7/site-packages/airflow/example_dags/example_time_delta_sensor_async.py
[2022-07-10 13:04:24,851] {logging_mixin.py:109} INFO - [2022-07-10 13:04:24,851] {dag.py:2398} INFO - Sync 1 DAGs
[2022-07-10 13:04:24,861] {logging_mixin.py:109} INFO - [2022-07-10 13:04:24,861] {dag.py:2937} INFO - Setting next_dagrun for example_time_delta_sensor_async to None
[2022-07-10 13:04:24,866] {processor.py:171} INFO - Processing /home/airflow/.local/lib/python3.7/site-packages/airflow/example_dags/example_time_delta_sensor_async.py took 0.036 seconds
