[2022-07-10 12:44:56,678] {processor.py:163} INFO - Started process (PID=84) to work on /home/airflow/.local/lib/python3.7/site-packages/airflow/example_dags/example_kubernetes_executor.py
[2022-07-10 12:44:56,678] {processor.py:642} INFO - Processing file /home/airflow/.local/lib/python3.7/site-packages/airflow/example_dags/example_kubernetes_executor.py for tasks to queue
[2022-07-10 12:44:56,679] {logging_mixin.py:109} INFO - [2022-07-10 12:44:56,679] {dagbag.py:500} INFO - Filling up the DagBag from /home/airflow/.local/lib/python3.7/site-packages/airflow/example_dags/example_kubernetes_executor.py
[2022-07-10 12:44:56,694] {processor.py:652} INFO - DAG(s) dict_keys(['example_kubernetes_executor']) retrieved from /home/airflow/.local/lib/python3.7/site-packages/airflow/example_dags/example_kubernetes_executor.py
[2022-07-10 12:44:56,711] {logging_mixin.py:109} INFO - [2022-07-10 12:44:56,711] {dag.py:2398} INFO - Sync 1 DAGs
[2022-07-10 12:44:56,723] {logging_mixin.py:109} INFO - [2022-07-10 12:44:56,723] {dag.py:2937} INFO - Setting next_dagrun for example_kubernetes_executor to None
[2022-07-10 12:44:56,730] {processor.py:171} INFO - Processing /home/airflow/.local/lib/python3.7/site-packages/airflow/example_dags/example_kubernetes_executor.py took 0.055 seconds
[2022-07-10 12:45:27,483] {processor.py:163} INFO - Started process (PID=157) to work on /home/airflow/.local/lib/python3.7/site-packages/airflow/example_dags/example_kubernetes_executor.py
[2022-07-10 12:45:27,484] {processor.py:642} INFO - Processing file /home/airflow/.local/lib/python3.7/site-packages/airflow/example_dags/example_kubernetes_executor.py for tasks to queue
[2022-07-10 12:45:27,484] {logging_mixin.py:109} INFO - [2022-07-10 12:45:27,484] {dagbag.py:500} INFO - Filling up the DagBag from /home/airflow/.local/lib/python3.7/site-packages/airflow/example_dags/example_kubernetes_executor.py
[2022-07-10 12:45:27,497] {processor.py:652} INFO - DAG(s) dict_keys(['example_kubernetes_executor']) retrieved from /home/airflow/.local/lib/python3.7/site-packages/airflow/example_dags/example_kubernetes_executor.py
[2022-07-10 12:45:27,510] {logging_mixin.py:109} INFO - [2022-07-10 12:45:27,510] {dag.py:2398} INFO - Sync 1 DAGs
[2022-07-10 12:45:27,521] {logging_mixin.py:109} INFO - [2022-07-10 12:45:27,521] {dag.py:2937} INFO - Setting next_dagrun for example_kubernetes_executor to None
[2022-07-10 12:45:27,526] {processor.py:171} INFO - Processing /home/airflow/.local/lib/python3.7/site-packages/airflow/example_dags/example_kubernetes_executor.py took 0.045 seconds
[2022-07-10 12:45:57,733] {processor.py:163} INFO - Started process (PID=230) to work on /home/airflow/.local/lib/python3.7/site-packages/airflow/example_dags/example_kubernetes_executor.py
[2022-07-10 12:45:57,733] {processor.py:642} INFO - Processing file /home/airflow/.local/lib/python3.7/site-packages/airflow/example_dags/example_kubernetes_executor.py for tasks to queue
[2022-07-10 12:45:57,734] {logging_mixin.py:109} INFO - [2022-07-10 12:45:57,734] {dagbag.py:500} INFO - Filling up the DagBag from /home/airflow/.local/lib/python3.7/site-packages/airflow/example_dags/example_kubernetes_executor.py
[2022-07-10 12:45:57,748] {processor.py:652} INFO - DAG(s) dict_keys(['example_kubernetes_executor']) retrieved from /home/airflow/.local/lib/python3.7/site-packages/airflow/example_dags/example_kubernetes_executor.py
[2022-07-10 12:45:57,761] {logging_mixin.py:109} INFO - [2022-07-10 12:45:57,761] {dag.py:2398} INFO - Sync 1 DAGs
[2022-07-10 12:45:57,772] {logging_mixin.py:109} INFO - [2022-07-10 12:45:57,771] {dag.py:2937} INFO - Setting next_dagrun for example_kubernetes_executor to None
[2022-07-10 12:45:57,778] {processor.py:171} INFO - Processing /home/airflow/.local/lib/python3.7/site-packages/airflow/example_dags/example_kubernetes_executor.py took 0.046 seconds
[2022-07-10 12:46:28,500] {processor.py:163} INFO - Started process (PID=292) to work on /home/airflow/.local/lib/python3.7/site-packages/airflow/example_dags/example_kubernetes_executor.py
[2022-07-10 12:46:28,501] {processor.py:642} INFO - Processing file /home/airflow/.local/lib/python3.7/site-packages/airflow/example_dags/example_kubernetes_executor.py for tasks to queue
[2022-07-10 12:46:28,501] {logging_mixin.py:109} INFO - [2022-07-10 12:46:28,501] {dagbag.py:500} INFO - Filling up the DagBag from /home/airflow/.local/lib/python3.7/site-packages/airflow/example_dags/example_kubernetes_executor.py
[2022-07-10 12:46:28,513] {processor.py:652} INFO - DAG(s) dict_keys(['example_kubernetes_executor']) retrieved from /home/airflow/.local/lib/python3.7/site-packages/airflow/example_dags/example_kubernetes_executor.py
[2022-07-10 12:46:28,527] {logging_mixin.py:109} INFO - [2022-07-10 12:46:28,527] {dag.py:2398} INFO - Sync 1 DAGs
[2022-07-10 12:46:28,538] {logging_mixin.py:109} INFO - [2022-07-10 12:46:28,538] {dag.py:2937} INFO - Setting next_dagrun for example_kubernetes_executor to None
[2022-07-10 12:46:28,544] {processor.py:171} INFO - Processing /home/airflow/.local/lib/python3.7/site-packages/airflow/example_dags/example_kubernetes_executor.py took 0.046 seconds
[2022-07-10 12:46:59,152] {processor.py:163} INFO - Started process (PID=364) to work on /home/airflow/.local/lib/python3.7/site-packages/airflow/example_dags/example_kubernetes_executor.py
[2022-07-10 12:46:59,153] {processor.py:642} INFO - Processing file /home/airflow/.local/lib/python3.7/site-packages/airflow/example_dags/example_kubernetes_executor.py for tasks to queue
[2022-07-10 12:46:59,153] {logging_mixin.py:109} INFO - [2022-07-10 12:46:59,153] {dagbag.py:500} INFO - Filling up the DagBag from /home/airflow/.local/lib/python3.7/site-packages/airflow/example_dags/example_kubernetes_executor.py
[2022-07-10 12:46:59,166] {processor.py:652} INFO - DAG(s) dict_keys(['example_kubernetes_executor']) retrieved from /home/airflow/.local/lib/python3.7/site-packages/airflow/example_dags/example_kubernetes_executor.py
[2022-07-10 12:46:59,178] {logging_mixin.py:109} INFO - [2022-07-10 12:46:59,178] {dag.py:2398} INFO - Sync 1 DAGs
[2022-07-10 12:46:59,188] {logging_mixin.py:109} INFO - [2022-07-10 12:46:59,188] {dag.py:2937} INFO - Setting next_dagrun for example_kubernetes_executor to None
[2022-07-10 12:46:59,195] {processor.py:171} INFO - Processing /home/airflow/.local/lib/python3.7/site-packages/airflow/example_dags/example_kubernetes_executor.py took 0.044 seconds
[2022-07-10 12:47:29,938] {processor.py:163} INFO - Started process (PID=437) to work on /home/airflow/.local/lib/python3.7/site-packages/airflow/example_dags/example_kubernetes_executor.py
[2022-07-10 12:47:29,939] {processor.py:642} INFO - Processing file /home/airflow/.local/lib/python3.7/site-packages/airflow/example_dags/example_kubernetes_executor.py for tasks to queue
[2022-07-10 12:47:29,939] {logging_mixin.py:109} INFO - [2022-07-10 12:47:29,939] {dagbag.py:500} INFO - Filling up the DagBag from /home/airflow/.local/lib/python3.7/site-packages/airflow/example_dags/example_kubernetes_executor.py
[2022-07-10 12:47:29,953] {processor.py:652} INFO - DAG(s) dict_keys(['example_kubernetes_executor']) retrieved from /home/airflow/.local/lib/python3.7/site-packages/airflow/example_dags/example_kubernetes_executor.py
[2022-07-10 12:47:29,965] {logging_mixin.py:109} INFO - [2022-07-10 12:47:29,965] {dag.py:2398} INFO - Sync 1 DAGs
[2022-07-10 12:47:29,975] {logging_mixin.py:109} INFO - [2022-07-10 12:47:29,975] {dag.py:2937} INFO - Setting next_dagrun for example_kubernetes_executor to None
[2022-07-10 12:47:29,980] {processor.py:171} INFO - Processing /home/airflow/.local/lib/python3.7/site-packages/airflow/example_dags/example_kubernetes_executor.py took 0.044 seconds
[2022-07-10 12:48:00,849] {processor.py:163} INFO - Started process (PID=509) to work on /home/airflow/.local/lib/python3.7/site-packages/airflow/example_dags/example_kubernetes_executor.py
[2022-07-10 12:48:00,849] {processor.py:642} INFO - Processing file /home/airflow/.local/lib/python3.7/site-packages/airflow/example_dags/example_kubernetes_executor.py for tasks to queue
[2022-07-10 12:48:00,850] {logging_mixin.py:109} INFO - [2022-07-10 12:48:00,850] {dagbag.py:500} INFO - Filling up the DagBag from /home/airflow/.local/lib/python3.7/site-packages/airflow/example_dags/example_kubernetes_executor.py
[2022-07-10 12:48:00,863] {processor.py:652} INFO - DAG(s) dict_keys(['example_kubernetes_executor']) retrieved from /home/airflow/.local/lib/python3.7/site-packages/airflow/example_dags/example_kubernetes_executor.py
[2022-07-10 12:48:00,879] {logging_mixin.py:109} INFO - [2022-07-10 12:48:00,879] {dag.py:2398} INFO - Sync 1 DAGs
[2022-07-10 12:48:00,892] {logging_mixin.py:109} INFO - [2022-07-10 12:48:00,892] {dag.py:2937} INFO - Setting next_dagrun for example_kubernetes_executor to None
[2022-07-10 12:48:00,900] {processor.py:171} INFO - Processing /home/airflow/.local/lib/python3.7/site-packages/airflow/example_dags/example_kubernetes_executor.py took 0.053 seconds
[2022-07-10 12:48:31,598] {processor.py:163} INFO - Started process (PID=572) to work on /home/airflow/.local/lib/python3.7/site-packages/airflow/example_dags/example_kubernetes_executor.py
[2022-07-10 12:48:31,598] {processor.py:642} INFO - Processing file /home/airflow/.local/lib/python3.7/site-packages/airflow/example_dags/example_kubernetes_executor.py for tasks to queue
[2022-07-10 12:48:31,599] {logging_mixin.py:109} INFO - [2022-07-10 12:48:31,599] {dagbag.py:500} INFO - Filling up the DagBag from /home/airflow/.local/lib/python3.7/site-packages/airflow/example_dags/example_kubernetes_executor.py
[2022-07-10 12:48:31,613] {processor.py:652} INFO - DAG(s) dict_keys(['example_kubernetes_executor']) retrieved from /home/airflow/.local/lib/python3.7/site-packages/airflow/example_dags/example_kubernetes_executor.py
[2022-07-10 12:48:31,627] {logging_mixin.py:109} INFO - [2022-07-10 12:48:31,627] {dag.py:2398} INFO - Sync 1 DAGs
[2022-07-10 12:48:31,638] {logging_mixin.py:109} INFO - [2022-07-10 12:48:31,638] {dag.py:2937} INFO - Setting next_dagrun for example_kubernetes_executor to None
[2022-07-10 12:48:31,644] {processor.py:171} INFO - Processing /home/airflow/.local/lib/python3.7/site-packages/airflow/example_dags/example_kubernetes_executor.py took 0.048 seconds
[2022-07-10 12:49:02,416] {processor.py:163} INFO - Started process (PID=643) to work on /home/airflow/.local/lib/python3.7/site-packages/airflow/example_dags/example_kubernetes_executor.py
[2022-07-10 12:49:02,416] {processor.py:642} INFO - Processing file /home/airflow/.local/lib/python3.7/site-packages/airflow/example_dags/example_kubernetes_executor.py for tasks to queue
[2022-07-10 12:49:02,417] {logging_mixin.py:109} INFO - [2022-07-10 12:49:02,417] {dagbag.py:500} INFO - Filling up the DagBag from /home/airflow/.local/lib/python3.7/site-packages/airflow/example_dags/example_kubernetes_executor.py
[2022-07-10 12:49:02,430] {processor.py:652} INFO - DAG(s) dict_keys(['example_kubernetes_executor']) retrieved from /home/airflow/.local/lib/python3.7/site-packages/airflow/example_dags/example_kubernetes_executor.py
[2022-07-10 12:49:02,443] {logging_mixin.py:109} INFO - [2022-07-10 12:49:02,443] {dag.py:2398} INFO - Sync 1 DAGs
[2022-07-10 12:49:02,453] {logging_mixin.py:109} INFO - [2022-07-10 12:49:02,453] {dag.py:2937} INFO - Setting next_dagrun for example_kubernetes_executor to None
[2022-07-10 12:49:02,459] {processor.py:171} INFO - Processing /home/airflow/.local/lib/python3.7/site-packages/airflow/example_dags/example_kubernetes_executor.py took 0.045 seconds
[2022-07-10 12:49:33,254] {processor.py:163} INFO - Started process (PID=714) to work on /home/airflow/.local/lib/python3.7/site-packages/airflow/example_dags/example_kubernetes_executor.py
[2022-07-10 12:49:33,255] {processor.py:642} INFO - Processing file /home/airflow/.local/lib/python3.7/site-packages/airflow/example_dags/example_kubernetes_executor.py for tasks to queue
[2022-07-10 12:49:33,255] {logging_mixin.py:109} INFO - [2022-07-10 12:49:33,255] {dagbag.py:500} INFO - Filling up the DagBag from /home/airflow/.local/lib/python3.7/site-packages/airflow/example_dags/example_kubernetes_executor.py
[2022-07-10 12:49:33,266] {processor.py:652} INFO - DAG(s) dict_keys(['example_kubernetes_executor']) retrieved from /home/airflow/.local/lib/python3.7/site-packages/airflow/example_dags/example_kubernetes_executor.py
[2022-07-10 12:49:33,280] {logging_mixin.py:109} INFO - [2022-07-10 12:49:33,280] {dag.py:2398} INFO - Sync 1 DAGs
[2022-07-10 12:49:33,289] {logging_mixin.py:109} INFO - [2022-07-10 12:49:33,289] {dag.py:2937} INFO - Setting next_dagrun for example_kubernetes_executor to None
[2022-07-10 12:49:33,294] {processor.py:171} INFO - Processing /home/airflow/.local/lib/python3.7/site-packages/airflow/example_dags/example_kubernetes_executor.py took 0.042 seconds
[2022-07-10 12:50:03,959] {processor.py:163} INFO - Started process (PID=776) to work on /home/airflow/.local/lib/python3.7/site-packages/airflow/example_dags/example_kubernetes_executor.py
[2022-07-10 12:50:03,960] {processor.py:642} INFO - Processing file /home/airflow/.local/lib/python3.7/site-packages/airflow/example_dags/example_kubernetes_executor.py for tasks to queue
[2022-07-10 12:50:03,960] {logging_mixin.py:109} INFO - [2022-07-10 12:50:03,960] {dagbag.py:500} INFO - Filling up the DagBag from /home/airflow/.local/lib/python3.7/site-packages/airflow/example_dags/example_kubernetes_executor.py
[2022-07-10 12:50:03,973] {processor.py:652} INFO - DAG(s) dict_keys(['example_kubernetes_executor']) retrieved from /home/airflow/.local/lib/python3.7/site-packages/airflow/example_dags/example_kubernetes_executor.py
[2022-07-10 12:50:03,987] {logging_mixin.py:109} INFO - [2022-07-10 12:50:03,987] {dag.py:2398} INFO - Sync 1 DAGs
[2022-07-10 12:50:03,997] {logging_mixin.py:109} INFO - [2022-07-10 12:50:03,997] {dag.py:2937} INFO - Setting next_dagrun for example_kubernetes_executor to None
[2022-07-10 12:50:04,003] {processor.py:171} INFO - Processing /home/airflow/.local/lib/python3.7/site-packages/airflow/example_dags/example_kubernetes_executor.py took 0.046 seconds
[2022-07-10 12:50:34,670] {processor.py:163} INFO - Started process (PID=848) to work on /home/airflow/.local/lib/python3.7/site-packages/airflow/example_dags/example_kubernetes_executor.py
[2022-07-10 12:50:34,671] {processor.py:642} INFO - Processing file /home/airflow/.local/lib/python3.7/site-packages/airflow/example_dags/example_kubernetes_executor.py for tasks to queue
[2022-07-10 12:50:34,671] {logging_mixin.py:109} INFO - [2022-07-10 12:50:34,671] {dagbag.py:500} INFO - Filling up the DagBag from /home/airflow/.local/lib/python3.7/site-packages/airflow/example_dags/example_kubernetes_executor.py
[2022-07-10 12:50:34,681] {processor.py:652} INFO - DAG(s) dict_keys(['example_kubernetes_executor']) retrieved from /home/airflow/.local/lib/python3.7/site-packages/airflow/example_dags/example_kubernetes_executor.py
[2022-07-10 12:50:34,693] {logging_mixin.py:109} INFO - [2022-07-10 12:50:34,693] {dag.py:2398} INFO - Sync 1 DAGs
[2022-07-10 12:50:34,701] {logging_mixin.py:109} INFO - [2022-07-10 12:50:34,701] {dag.py:2937} INFO - Setting next_dagrun for example_kubernetes_executor to None
[2022-07-10 12:50:34,706] {processor.py:171} INFO - Processing /home/airflow/.local/lib/python3.7/site-packages/airflow/example_dags/example_kubernetes_executor.py took 0.037 seconds
[2022-07-10 12:51:05,469] {processor.py:163} INFO - Started process (PID=919) to work on /home/airflow/.local/lib/python3.7/site-packages/airflow/example_dags/example_kubernetes_executor.py
[2022-07-10 12:51:05,470] {processor.py:642} INFO - Processing file /home/airflow/.local/lib/python3.7/site-packages/airflow/example_dags/example_kubernetes_executor.py for tasks to queue
[2022-07-10 12:51:05,470] {logging_mixin.py:109} INFO - [2022-07-10 12:51:05,470] {dagbag.py:500} INFO - Filling up the DagBag from /home/airflow/.local/lib/python3.7/site-packages/airflow/example_dags/example_kubernetes_executor.py
[2022-07-10 12:51:05,481] {processor.py:652} INFO - DAG(s) dict_keys(['example_kubernetes_executor']) retrieved from /home/airflow/.local/lib/python3.7/site-packages/airflow/example_dags/example_kubernetes_executor.py
[2022-07-10 12:51:05,494] {logging_mixin.py:109} INFO - [2022-07-10 12:51:05,494] {dag.py:2398} INFO - Sync 1 DAGs
[2022-07-10 12:51:05,505] {logging_mixin.py:109} INFO - [2022-07-10 12:51:05,505] {dag.py:2937} INFO - Setting next_dagrun for example_kubernetes_executor to None
[2022-07-10 12:51:05,512] {processor.py:171} INFO - Processing /home/airflow/.local/lib/python3.7/site-packages/airflow/example_dags/example_kubernetes_executor.py took 0.044 seconds
[2022-07-10 12:51:36,066] {processor.py:163} INFO - Started process (PID=982) to work on /home/airflow/.local/lib/python3.7/site-packages/airflow/example_dags/example_kubernetes_executor.py
[2022-07-10 12:51:36,067] {processor.py:642} INFO - Processing file /home/airflow/.local/lib/python3.7/site-packages/airflow/example_dags/example_kubernetes_executor.py for tasks to queue
[2022-07-10 12:51:36,067] {logging_mixin.py:109} INFO - [2022-07-10 12:51:36,067] {dagbag.py:500} INFO - Filling up the DagBag from /home/airflow/.local/lib/python3.7/site-packages/airflow/example_dags/example_kubernetes_executor.py
[2022-07-10 12:51:36,079] {processor.py:652} INFO - DAG(s) dict_keys(['example_kubernetes_executor']) retrieved from /home/airflow/.local/lib/python3.7/site-packages/airflow/example_dags/example_kubernetes_executor.py
[2022-07-10 12:51:36,092] {logging_mixin.py:109} INFO - [2022-07-10 12:51:36,092] {dag.py:2398} INFO - Sync 1 DAGs
[2022-07-10 12:51:36,102] {logging_mixin.py:109} INFO - [2022-07-10 12:51:36,102] {dag.py:2937} INFO - Setting next_dagrun for example_kubernetes_executor to None
[2022-07-10 12:51:36,107] {processor.py:171} INFO - Processing /home/airflow/.local/lib/python3.7/site-packages/airflow/example_dags/example_kubernetes_executor.py took 0.042 seconds
[2022-07-10 12:52:06,526] {processor.py:163} INFO - Started process (PID=1053) to work on /home/airflow/.local/lib/python3.7/site-packages/airflow/example_dags/example_kubernetes_executor.py
[2022-07-10 12:52:06,527] {processor.py:642} INFO - Processing file /home/airflow/.local/lib/python3.7/site-packages/airflow/example_dags/example_kubernetes_executor.py for tasks to queue
[2022-07-10 12:52:06,527] {logging_mixin.py:109} INFO - [2022-07-10 12:52:06,527] {dagbag.py:500} INFO - Filling up the DagBag from /home/airflow/.local/lib/python3.7/site-packages/airflow/example_dags/example_kubernetes_executor.py
[2022-07-10 12:52:06,538] {processor.py:652} INFO - DAG(s) dict_keys(['example_kubernetes_executor']) retrieved from /home/airflow/.local/lib/python3.7/site-packages/airflow/example_dags/example_kubernetes_executor.py
[2022-07-10 12:52:06,551] {logging_mixin.py:109} INFO - [2022-07-10 12:52:06,551] {dag.py:2398} INFO - Sync 1 DAGs
[2022-07-10 12:52:06,561] {logging_mixin.py:109} INFO - [2022-07-10 12:52:06,561] {dag.py:2937} INFO - Setting next_dagrun for example_kubernetes_executor to None
[2022-07-10 12:52:06,567] {processor.py:171} INFO - Processing /home/airflow/.local/lib/python3.7/site-packages/airflow/example_dags/example_kubernetes_executor.py took 0.042 seconds
[2022-07-10 12:52:37,218] {processor.py:163} INFO - Started process (PID=1125) to work on /home/airflow/.local/lib/python3.7/site-packages/airflow/example_dags/example_kubernetes_executor.py
[2022-07-10 12:52:37,219] {processor.py:642} INFO - Processing file /home/airflow/.local/lib/python3.7/site-packages/airflow/example_dags/example_kubernetes_executor.py for tasks to queue
[2022-07-10 12:52:37,219] {logging_mixin.py:109} INFO - [2022-07-10 12:52:37,219] {dagbag.py:500} INFO - Filling up the DagBag from /home/airflow/.local/lib/python3.7/site-packages/airflow/example_dags/example_kubernetes_executor.py
[2022-07-10 12:52:37,231] {processor.py:652} INFO - DAG(s) dict_keys(['example_kubernetes_executor']) retrieved from /home/airflow/.local/lib/python3.7/site-packages/airflow/example_dags/example_kubernetes_executor.py
[2022-07-10 12:52:37,243] {logging_mixin.py:109} INFO - [2022-07-10 12:52:37,243] {dag.py:2398} INFO - Sync 1 DAGs
[2022-07-10 12:52:37,253] {logging_mixin.py:109} INFO - [2022-07-10 12:52:37,253] {dag.py:2937} INFO - Setting next_dagrun for example_kubernetes_executor to None
[2022-07-10 12:52:37,260] {processor.py:171} INFO - Processing /home/airflow/.local/lib/python3.7/site-packages/airflow/example_dags/example_kubernetes_executor.py took 0.043 seconds
[2022-07-10 12:53:07,894] {processor.py:163} INFO - Started process (PID=1195) to work on /home/airflow/.local/lib/python3.7/site-packages/airflow/example_dags/example_kubernetes_executor.py
[2022-07-10 12:53:07,895] {processor.py:642} INFO - Processing file /home/airflow/.local/lib/python3.7/site-packages/airflow/example_dags/example_kubernetes_executor.py for tasks to queue
[2022-07-10 12:53:07,896] {logging_mixin.py:109} INFO - [2022-07-10 12:53:07,895] {dagbag.py:500} INFO - Filling up the DagBag from /home/airflow/.local/lib/python3.7/site-packages/airflow/example_dags/example_kubernetes_executor.py
[2022-07-10 12:53:07,910] {processor.py:652} INFO - DAG(s) dict_keys(['example_kubernetes_executor']) retrieved from /home/airflow/.local/lib/python3.7/site-packages/airflow/example_dags/example_kubernetes_executor.py
[2022-07-10 12:53:07,923] {logging_mixin.py:109} INFO - [2022-07-10 12:53:07,923] {dag.py:2398} INFO - Sync 1 DAGs
[2022-07-10 12:53:07,932] {logging_mixin.py:109} INFO - [2022-07-10 12:53:07,932] {dag.py:2937} INFO - Setting next_dagrun for example_kubernetes_executor to None
[2022-07-10 12:53:07,937] {processor.py:171} INFO - Processing /home/airflow/.local/lib/python3.7/site-packages/airflow/example_dags/example_kubernetes_executor.py took 0.044 seconds
[2022-07-10 12:53:38,623] {processor.py:163} INFO - Started process (PID=1259) to work on /home/airflow/.local/lib/python3.7/site-packages/airflow/example_dags/example_kubernetes_executor.py
[2022-07-10 12:53:38,624] {processor.py:642} INFO - Processing file /home/airflow/.local/lib/python3.7/site-packages/airflow/example_dags/example_kubernetes_executor.py for tasks to queue
[2022-07-10 12:53:38,624] {logging_mixin.py:109} INFO - [2022-07-10 12:53:38,624] {dagbag.py:500} INFO - Filling up the DagBag from /home/airflow/.local/lib/python3.7/site-packages/airflow/example_dags/example_kubernetes_executor.py
[2022-07-10 12:53:38,636] {processor.py:652} INFO - DAG(s) dict_keys(['example_kubernetes_executor']) retrieved from /home/airflow/.local/lib/python3.7/site-packages/airflow/example_dags/example_kubernetes_executor.py
[2022-07-10 12:53:38,648] {logging_mixin.py:109} INFO - [2022-07-10 12:53:38,648] {dag.py:2398} INFO - Sync 1 DAGs
[2022-07-10 12:53:38,658] {logging_mixin.py:109} INFO - [2022-07-10 12:53:38,658] {dag.py:2937} INFO - Setting next_dagrun for example_kubernetes_executor to None
[2022-07-10 12:53:38,664] {processor.py:171} INFO - Processing /home/airflow/.local/lib/python3.7/site-packages/airflow/example_dags/example_kubernetes_executor.py took 0.042 seconds
[2022-07-10 12:54:09,583] {processor.py:163} INFO - Started process (PID=1330) to work on /home/airflow/.local/lib/python3.7/site-packages/airflow/example_dags/example_kubernetes_executor.py
[2022-07-10 12:54:09,584] {processor.py:642} INFO - Processing file /home/airflow/.local/lib/python3.7/site-packages/airflow/example_dags/example_kubernetes_executor.py for tasks to queue
[2022-07-10 12:54:09,584] {logging_mixin.py:109} INFO - [2022-07-10 12:54:09,584] {dagbag.py:500} INFO - Filling up the DagBag from /home/airflow/.local/lib/python3.7/site-packages/airflow/example_dags/example_kubernetes_executor.py
[2022-07-10 12:54:09,595] {processor.py:652} INFO - DAG(s) dict_keys(['example_kubernetes_executor']) retrieved from /home/airflow/.local/lib/python3.7/site-packages/airflow/example_dags/example_kubernetes_executor.py
[2022-07-10 12:54:09,608] {logging_mixin.py:109} INFO - [2022-07-10 12:54:09,608] {dag.py:2398} INFO - Sync 1 DAGs
[2022-07-10 12:54:09,617] {logging_mixin.py:109} INFO - [2022-07-10 12:54:09,617] {dag.py:2937} INFO - Setting next_dagrun for example_kubernetes_executor to None
[2022-07-10 12:54:09,623] {processor.py:171} INFO - Processing /home/airflow/.local/lib/python3.7/site-packages/airflow/example_dags/example_kubernetes_executor.py took 0.041 seconds
[2022-07-10 12:54:40,367] {processor.py:163} INFO - Started process (PID=1403) to work on /home/airflow/.local/lib/python3.7/site-packages/airflow/example_dags/example_kubernetes_executor.py
[2022-07-10 12:54:40,368] {processor.py:642} INFO - Processing file /home/airflow/.local/lib/python3.7/site-packages/airflow/example_dags/example_kubernetes_executor.py for tasks to queue
[2022-07-10 12:54:40,369] {logging_mixin.py:109} INFO - [2022-07-10 12:54:40,369] {dagbag.py:500} INFO - Filling up the DagBag from /home/airflow/.local/lib/python3.7/site-packages/airflow/example_dags/example_kubernetes_executor.py
[2022-07-10 12:54:40,383] {processor.py:652} INFO - DAG(s) dict_keys(['example_kubernetes_executor']) retrieved from /home/airflow/.local/lib/python3.7/site-packages/airflow/example_dags/example_kubernetes_executor.py
[2022-07-10 12:54:40,404] {logging_mixin.py:109} INFO - [2022-07-10 12:54:40,404] {dag.py:2398} INFO - Sync 1 DAGs
[2022-07-10 12:54:40,420] {logging_mixin.py:109} INFO - [2022-07-10 12:54:40,420] {dag.py:2937} INFO - Setting next_dagrun for example_kubernetes_executor to None
[2022-07-10 12:54:40,430] {processor.py:171} INFO - Processing /home/airflow/.local/lib/python3.7/site-packages/airflow/example_dags/example_kubernetes_executor.py took 0.064 seconds
[2022-07-10 12:55:11,472] {processor.py:163} INFO - Started process (PID=1466) to work on /home/airflow/.local/lib/python3.7/site-packages/airflow/example_dags/example_kubernetes_executor.py
[2022-07-10 12:55:11,472] {processor.py:642} INFO - Processing file /home/airflow/.local/lib/python3.7/site-packages/airflow/example_dags/example_kubernetes_executor.py for tasks to queue
[2022-07-10 12:55:11,473] {logging_mixin.py:109} INFO - [2022-07-10 12:55:11,473] {dagbag.py:500} INFO - Filling up the DagBag from /home/airflow/.local/lib/python3.7/site-packages/airflow/example_dags/example_kubernetes_executor.py
[2022-07-10 12:55:11,489] {processor.py:652} INFO - DAG(s) dict_keys(['example_kubernetes_executor']) retrieved from /home/airflow/.local/lib/python3.7/site-packages/airflow/example_dags/example_kubernetes_executor.py
[2022-07-10 12:55:11,505] {logging_mixin.py:109} INFO - [2022-07-10 12:55:11,505] {dag.py:2398} INFO - Sync 1 DAGs
[2022-07-10 12:55:11,519] {logging_mixin.py:109} INFO - [2022-07-10 12:55:11,519] {dag.py:2937} INFO - Setting next_dagrun for example_kubernetes_executor to None
[2022-07-10 12:55:11,527] {processor.py:171} INFO - Processing /home/airflow/.local/lib/python3.7/site-packages/airflow/example_dags/example_kubernetes_executor.py took 0.058 seconds
[2022-07-10 12:55:41,777] {processor.py:163} INFO - Started process (PID=1537) to work on /home/airflow/.local/lib/python3.7/site-packages/airflow/example_dags/example_kubernetes_executor.py
[2022-07-10 12:55:41,777] {processor.py:642} INFO - Processing file /home/airflow/.local/lib/python3.7/site-packages/airflow/example_dags/example_kubernetes_executor.py for tasks to queue
[2022-07-10 12:55:41,778] {logging_mixin.py:109} INFO - [2022-07-10 12:55:41,777] {dagbag.py:500} INFO - Filling up the DagBag from /home/airflow/.local/lib/python3.7/site-packages/airflow/example_dags/example_kubernetes_executor.py
[2022-07-10 12:55:41,789] {processor.py:652} INFO - DAG(s) dict_keys(['example_kubernetes_executor']) retrieved from /home/airflow/.local/lib/python3.7/site-packages/airflow/example_dags/example_kubernetes_executor.py
[2022-07-10 12:55:41,802] {logging_mixin.py:109} INFO - [2022-07-10 12:55:41,802] {dag.py:2398} INFO - Sync 1 DAGs
[2022-07-10 12:55:41,811] {logging_mixin.py:109} INFO - [2022-07-10 12:55:41,811] {dag.py:2937} INFO - Setting next_dagrun for example_kubernetes_executor to None
[2022-07-10 12:55:41,817] {processor.py:171} INFO - Processing /home/airflow/.local/lib/python3.7/site-packages/airflow/example_dags/example_kubernetes_executor.py took 0.042 seconds
[2022-07-10 12:56:12,613] {processor.py:163} INFO - Started process (PID=1607) to work on /home/airflow/.local/lib/python3.7/site-packages/airflow/example_dags/example_kubernetes_executor.py
[2022-07-10 12:56:12,614] {processor.py:642} INFO - Processing file /home/airflow/.local/lib/python3.7/site-packages/airflow/example_dags/example_kubernetes_executor.py for tasks to queue
[2022-07-10 12:56:12,614] {logging_mixin.py:109} INFO - [2022-07-10 12:56:12,614] {dagbag.py:500} INFO - Filling up the DagBag from /home/airflow/.local/lib/python3.7/site-packages/airflow/example_dags/example_kubernetes_executor.py
[2022-07-10 12:56:12,627] {processor.py:652} INFO - DAG(s) dict_keys(['example_kubernetes_executor']) retrieved from /home/airflow/.local/lib/python3.7/site-packages/airflow/example_dags/example_kubernetes_executor.py
[2022-07-10 12:56:12,639] {logging_mixin.py:109} INFO - [2022-07-10 12:56:12,639] {dag.py:2398} INFO - Sync 1 DAGs
[2022-07-10 12:56:12,650] {logging_mixin.py:109} INFO - [2022-07-10 12:56:12,650] {dag.py:2937} INFO - Setting next_dagrun for example_kubernetes_executor to None
[2022-07-10 12:56:12,655] {processor.py:171} INFO - Processing /home/airflow/.local/lib/python3.7/site-packages/airflow/example_dags/example_kubernetes_executor.py took 0.043 seconds
[2022-07-10 12:56:43,475] {processor.py:163} INFO - Started process (PID=1669) to work on /home/airflow/.local/lib/python3.7/site-packages/airflow/example_dags/example_kubernetes_executor.py
[2022-07-10 12:56:43,476] {processor.py:642} INFO - Processing file /home/airflow/.local/lib/python3.7/site-packages/airflow/example_dags/example_kubernetes_executor.py for tasks to queue
[2022-07-10 12:56:43,476] {logging_mixin.py:109} INFO - [2022-07-10 12:56:43,476] {dagbag.py:500} INFO - Filling up the DagBag from /home/airflow/.local/lib/python3.7/site-packages/airflow/example_dags/example_kubernetes_executor.py
[2022-07-10 12:56:43,489] {processor.py:652} INFO - DAG(s) dict_keys(['example_kubernetes_executor']) retrieved from /home/airflow/.local/lib/python3.7/site-packages/airflow/example_dags/example_kubernetes_executor.py
[2022-07-10 12:56:43,503] {logging_mixin.py:109} INFO - [2022-07-10 12:56:43,503] {dag.py:2398} INFO - Sync 1 DAGs
[2022-07-10 12:56:43,513] {logging_mixin.py:109} INFO - [2022-07-10 12:56:43,513] {dag.py:2937} INFO - Setting next_dagrun for example_kubernetes_executor to None
[2022-07-10 12:56:43,518] {processor.py:171} INFO - Processing /home/airflow/.local/lib/python3.7/site-packages/airflow/example_dags/example_kubernetes_executor.py took 0.045 seconds
[2022-07-10 12:57:14,457] {processor.py:163} INFO - Started process (PID=1741) to work on /home/airflow/.local/lib/python3.7/site-packages/airflow/example_dags/example_kubernetes_executor.py
[2022-07-10 12:57:14,457] {processor.py:642} INFO - Processing file /home/airflow/.local/lib/python3.7/site-packages/airflow/example_dags/example_kubernetes_executor.py for tasks to queue
[2022-07-10 12:57:14,457] {logging_mixin.py:109} INFO - [2022-07-10 12:57:14,457] {dagbag.py:500} INFO - Filling up the DagBag from /home/airflow/.local/lib/python3.7/site-packages/airflow/example_dags/example_kubernetes_executor.py
[2022-07-10 12:57:14,469] {processor.py:652} INFO - DAG(s) dict_keys(['example_kubernetes_executor']) retrieved from /home/airflow/.local/lib/python3.7/site-packages/airflow/example_dags/example_kubernetes_executor.py
[2022-07-10 12:57:14,484] {logging_mixin.py:109} INFO - [2022-07-10 12:57:14,484] {dag.py:2398} INFO - Sync 1 DAGs
[2022-07-10 12:57:14,494] {logging_mixin.py:109} INFO - [2022-07-10 12:57:14,494] {dag.py:2937} INFO - Setting next_dagrun for example_kubernetes_executor to None
[2022-07-10 12:57:14,500] {processor.py:171} INFO - Processing /home/airflow/.local/lib/python3.7/site-packages/airflow/example_dags/example_kubernetes_executor.py took 0.045 seconds
[2022-07-10 12:57:45,501] {processor.py:163} INFO - Started process (PID=1813) to work on /home/airflow/.local/lib/python3.7/site-packages/airflow/example_dags/example_kubernetes_executor.py
[2022-07-10 12:57:45,503] {processor.py:642} INFO - Processing file /home/airflow/.local/lib/python3.7/site-packages/airflow/example_dags/example_kubernetes_executor.py for tasks to queue
[2022-07-10 12:57:45,503] {logging_mixin.py:109} INFO - [2022-07-10 12:57:45,503] {dagbag.py:500} INFO - Filling up the DagBag from /home/airflow/.local/lib/python3.7/site-packages/airflow/example_dags/example_kubernetes_executor.py
[2022-07-10 12:57:45,523] {processor.py:652} INFO - DAG(s) dict_keys(['example_kubernetes_executor']) retrieved from /home/airflow/.local/lib/python3.7/site-packages/airflow/example_dags/example_kubernetes_executor.py
[2022-07-10 12:57:45,541] {logging_mixin.py:109} INFO - [2022-07-10 12:57:45,541] {dag.py:2398} INFO - Sync 1 DAGs
[2022-07-10 12:57:45,557] {logging_mixin.py:109} INFO - [2022-07-10 12:57:45,557] {dag.py:2937} INFO - Setting next_dagrun for example_kubernetes_executor to None
[2022-07-10 12:57:45,567] {processor.py:171} INFO - Processing /home/airflow/.local/lib/python3.7/site-packages/airflow/example_dags/example_kubernetes_executor.py took 0.068 seconds
[2022-07-10 12:58:15,657] {processor.py:163} INFO - Started process (PID=1875) to work on /home/airflow/.local/lib/python3.7/site-packages/airflow/example_dags/example_kubernetes_executor.py
[2022-07-10 12:58:15,658] {processor.py:642} INFO - Processing file /home/airflow/.local/lib/python3.7/site-packages/airflow/example_dags/example_kubernetes_executor.py for tasks to queue
[2022-07-10 12:58:15,658] {logging_mixin.py:109} INFO - [2022-07-10 12:58:15,658] {dagbag.py:500} INFO - Filling up the DagBag from /home/airflow/.local/lib/python3.7/site-packages/airflow/example_dags/example_kubernetes_executor.py
[2022-07-10 12:58:15,671] {processor.py:652} INFO - DAG(s) dict_keys(['example_kubernetes_executor']) retrieved from /home/airflow/.local/lib/python3.7/site-packages/airflow/example_dags/example_kubernetes_executor.py
[2022-07-10 12:58:15,686] {logging_mixin.py:109} INFO - [2022-07-10 12:58:15,685] {dag.py:2398} INFO - Sync 1 DAGs
[2022-07-10 12:58:15,696] {logging_mixin.py:109} INFO - [2022-07-10 12:58:15,696] {dag.py:2937} INFO - Setting next_dagrun for example_kubernetes_executor to None
[2022-07-10 12:58:15,702] {processor.py:171} INFO - Processing /home/airflow/.local/lib/python3.7/site-packages/airflow/example_dags/example_kubernetes_executor.py took 0.046 seconds
[2022-07-10 12:58:46,431] {processor.py:163} INFO - Started process (PID=1948) to work on /home/airflow/.local/lib/python3.7/site-packages/airflow/example_dags/example_kubernetes_executor.py
[2022-07-10 12:58:46,432] {processor.py:642} INFO - Processing file /home/airflow/.local/lib/python3.7/site-packages/airflow/example_dags/example_kubernetes_executor.py for tasks to queue
[2022-07-10 12:58:46,432] {logging_mixin.py:109} INFO - [2022-07-10 12:58:46,432] {dagbag.py:500} INFO - Filling up the DagBag from /home/airflow/.local/lib/python3.7/site-packages/airflow/example_dags/example_kubernetes_executor.py
[2022-07-10 12:58:46,442] {processor.py:652} INFO - DAG(s) dict_keys(['example_kubernetes_executor']) retrieved from /home/airflow/.local/lib/python3.7/site-packages/airflow/example_dags/example_kubernetes_executor.py
[2022-07-10 12:58:46,456] {logging_mixin.py:109} INFO - [2022-07-10 12:58:46,456] {dag.py:2398} INFO - Sync 1 DAGs
[2022-07-10 12:58:46,465] {logging_mixin.py:109} INFO - [2022-07-10 12:58:46,465] {dag.py:2937} INFO - Setting next_dagrun for example_kubernetes_executor to None
[2022-07-10 12:58:46,471] {processor.py:171} INFO - Processing /home/airflow/.local/lib/python3.7/site-packages/airflow/example_dags/example_kubernetes_executor.py took 0.041 seconds
[2022-07-10 12:59:17,490] {processor.py:163} INFO - Started process (PID=2020) to work on /home/airflow/.local/lib/python3.7/site-packages/airflow/example_dags/example_kubernetes_executor.py
[2022-07-10 12:59:17,491] {processor.py:642} INFO - Processing file /home/airflow/.local/lib/python3.7/site-packages/airflow/example_dags/example_kubernetes_executor.py for tasks to queue
[2022-07-10 12:59:17,491] {logging_mixin.py:109} INFO - [2022-07-10 12:59:17,491] {dagbag.py:500} INFO - Filling up the DagBag from /home/airflow/.local/lib/python3.7/site-packages/airflow/example_dags/example_kubernetes_executor.py
[2022-07-10 12:59:17,504] {processor.py:652} INFO - DAG(s) dict_keys(['example_kubernetes_executor']) retrieved from /home/airflow/.local/lib/python3.7/site-packages/airflow/example_dags/example_kubernetes_executor.py
[2022-07-10 12:59:17,520] {logging_mixin.py:109} INFO - [2022-07-10 12:59:17,520] {dag.py:2398} INFO - Sync 1 DAGs
[2022-07-10 12:59:17,532] {logging_mixin.py:109} INFO - [2022-07-10 12:59:17,532] {dag.py:2937} INFO - Setting next_dagrun for example_kubernetes_executor to None
[2022-07-10 12:59:17,538] {processor.py:171} INFO - Processing /home/airflow/.local/lib/python3.7/site-packages/airflow/example_dags/example_kubernetes_executor.py took 0.050 seconds
[2022-07-10 12:59:48,296] {processor.py:163} INFO - Started process (PID=2082) to work on /home/airflow/.local/lib/python3.7/site-packages/airflow/example_dags/example_kubernetes_executor.py
[2022-07-10 12:59:48,297] {processor.py:642} INFO - Processing file /home/airflow/.local/lib/python3.7/site-packages/airflow/example_dags/example_kubernetes_executor.py for tasks to queue
[2022-07-10 12:59:48,297] {logging_mixin.py:109} INFO - [2022-07-10 12:59:48,297] {dagbag.py:500} INFO - Filling up the DagBag from /home/airflow/.local/lib/python3.7/site-packages/airflow/example_dags/example_kubernetes_executor.py
[2022-07-10 12:59:48,308] {processor.py:652} INFO - DAG(s) dict_keys(['example_kubernetes_executor']) retrieved from /home/airflow/.local/lib/python3.7/site-packages/airflow/example_dags/example_kubernetes_executor.py
[2022-07-10 12:59:48,320] {logging_mixin.py:109} INFO - [2022-07-10 12:59:48,320] {dag.py:2398} INFO - Sync 1 DAGs
[2022-07-10 12:59:48,329] {logging_mixin.py:109} INFO - [2022-07-10 12:59:48,329] {dag.py:2937} INFO - Setting next_dagrun for example_kubernetes_executor to None
[2022-07-10 12:59:48,334] {processor.py:171} INFO - Processing /home/airflow/.local/lib/python3.7/site-packages/airflow/example_dags/example_kubernetes_executor.py took 0.040 seconds
[2022-07-10 13:00:19,017] {processor.py:163} INFO - Started process (PID=2153) to work on /home/airflow/.local/lib/python3.7/site-packages/airflow/example_dags/example_kubernetes_executor.py
[2022-07-10 13:00:19,017] {processor.py:642} INFO - Processing file /home/airflow/.local/lib/python3.7/site-packages/airflow/example_dags/example_kubernetes_executor.py for tasks to queue
[2022-07-10 13:00:19,017] {logging_mixin.py:109} INFO - [2022-07-10 13:00:19,017] {dagbag.py:500} INFO - Filling up the DagBag from /home/airflow/.local/lib/python3.7/site-packages/airflow/example_dags/example_kubernetes_executor.py
[2022-07-10 13:00:19,031] {processor.py:652} INFO - DAG(s) dict_keys(['example_kubernetes_executor']) retrieved from /home/airflow/.local/lib/python3.7/site-packages/airflow/example_dags/example_kubernetes_executor.py
[2022-07-10 13:00:19,043] {logging_mixin.py:109} INFO - [2022-07-10 13:00:19,043] {dag.py:2398} INFO - Sync 1 DAGs
[2022-07-10 13:00:19,053] {logging_mixin.py:109} INFO - [2022-07-10 13:00:19,053] {dag.py:2937} INFO - Setting next_dagrun for example_kubernetes_executor to None
[2022-07-10 13:00:19,058] {processor.py:171} INFO - Processing /home/airflow/.local/lib/python3.7/site-packages/airflow/example_dags/example_kubernetes_executor.py took 0.043 seconds
[2022-07-10 13:00:49,930] {processor.py:163} INFO - Started process (PID=2226) to work on /home/airflow/.local/lib/python3.7/site-packages/airflow/example_dags/example_kubernetes_executor.py
[2022-07-10 13:00:49,931] {processor.py:642} INFO - Processing file /home/airflow/.local/lib/python3.7/site-packages/airflow/example_dags/example_kubernetes_executor.py for tasks to queue
[2022-07-10 13:00:49,931] {logging_mixin.py:109} INFO - [2022-07-10 13:00:49,931] {dagbag.py:500} INFO - Filling up the DagBag from /home/airflow/.local/lib/python3.7/site-packages/airflow/example_dags/example_kubernetes_executor.py
[2022-07-10 13:00:49,944] {processor.py:652} INFO - DAG(s) dict_keys(['example_kubernetes_executor']) retrieved from /home/airflow/.local/lib/python3.7/site-packages/airflow/example_dags/example_kubernetes_executor.py
[2022-07-10 13:00:49,957] {logging_mixin.py:109} INFO - [2022-07-10 13:00:49,957] {dag.py:2398} INFO - Sync 1 DAGs
[2022-07-10 13:00:49,967] {logging_mixin.py:109} INFO - [2022-07-10 13:00:49,967] {dag.py:2937} INFO - Setting next_dagrun for example_kubernetes_executor to None
[2022-07-10 13:00:49,973] {processor.py:171} INFO - Processing /home/airflow/.local/lib/python3.7/site-packages/airflow/example_dags/example_kubernetes_executor.py took 0.045 seconds
[2022-07-10 13:01:20,733] {processor.py:163} INFO - Started process (PID=2288) to work on /home/airflow/.local/lib/python3.7/site-packages/airflow/example_dags/example_kubernetes_executor.py
[2022-07-10 13:01:20,733] {processor.py:642} INFO - Processing file /home/airflow/.local/lib/python3.7/site-packages/airflow/example_dags/example_kubernetes_executor.py for tasks to queue
[2022-07-10 13:01:20,733] {logging_mixin.py:109} INFO - [2022-07-10 13:01:20,733] {dagbag.py:500} INFO - Filling up the DagBag from /home/airflow/.local/lib/python3.7/site-packages/airflow/example_dags/example_kubernetes_executor.py
[2022-07-10 13:01:20,748] {processor.py:652} INFO - DAG(s) dict_keys(['example_kubernetes_executor']) retrieved from /home/airflow/.local/lib/python3.7/site-packages/airflow/example_dags/example_kubernetes_executor.py
[2022-07-10 13:01:20,763] {logging_mixin.py:109} INFO - [2022-07-10 13:01:20,763] {dag.py:2398} INFO - Sync 1 DAGs
[2022-07-10 13:01:20,774] {logging_mixin.py:109} INFO - [2022-07-10 13:01:20,774] {dag.py:2937} INFO - Setting next_dagrun for example_kubernetes_executor to None
[2022-07-10 13:01:20,782] {processor.py:171} INFO - Processing /home/airflow/.local/lib/python3.7/site-packages/airflow/example_dags/example_kubernetes_executor.py took 0.052 seconds
[2022-07-10 13:01:51,514] {processor.py:163} INFO - Started process (PID=2360) to work on /home/airflow/.local/lib/python3.7/site-packages/airflow/example_dags/example_kubernetes_executor.py
[2022-07-10 13:01:51,514] {processor.py:642} INFO - Processing file /home/airflow/.local/lib/python3.7/site-packages/airflow/example_dags/example_kubernetes_executor.py for tasks to queue
[2022-07-10 13:01:51,515] {logging_mixin.py:109} INFO - [2022-07-10 13:01:51,514] {dagbag.py:500} INFO - Filling up the DagBag from /home/airflow/.local/lib/python3.7/site-packages/airflow/example_dags/example_kubernetes_executor.py
[2022-07-10 13:01:51,526] {processor.py:652} INFO - DAG(s) dict_keys(['example_kubernetes_executor']) retrieved from /home/airflow/.local/lib/python3.7/site-packages/airflow/example_dags/example_kubernetes_executor.py
[2022-07-10 13:01:51,539] {logging_mixin.py:109} INFO - [2022-07-10 13:01:51,539] {dag.py:2398} INFO - Sync 1 DAGs
[2022-07-10 13:01:51,549] {logging_mixin.py:109} INFO - [2022-07-10 13:01:51,549] {dag.py:2937} INFO - Setting next_dagrun for example_kubernetes_executor to None
[2022-07-10 13:01:51,555] {processor.py:171} INFO - Processing /home/airflow/.local/lib/python3.7/site-packages/airflow/example_dags/example_kubernetes_executor.py took 0.043 seconds
[2022-07-10 13:02:22,183] {processor.py:163} INFO - Started process (PID=2432) to work on /home/airflow/.local/lib/python3.7/site-packages/airflow/example_dags/example_kubernetes_executor.py
[2022-07-10 13:02:22,184] {processor.py:642} INFO - Processing file /home/airflow/.local/lib/python3.7/site-packages/airflow/example_dags/example_kubernetes_executor.py for tasks to queue
[2022-07-10 13:02:22,184] {logging_mixin.py:109} INFO - [2022-07-10 13:02:22,184] {dagbag.py:500} INFO - Filling up the DagBag from /home/airflow/.local/lib/python3.7/site-packages/airflow/example_dags/example_kubernetes_executor.py
[2022-07-10 13:02:22,196] {processor.py:652} INFO - DAG(s) dict_keys(['example_kubernetes_executor']) retrieved from /home/airflow/.local/lib/python3.7/site-packages/airflow/example_dags/example_kubernetes_executor.py
[2022-07-10 13:02:22,209] {logging_mixin.py:109} INFO - [2022-07-10 13:02:22,209] {dag.py:2398} INFO - Sync 1 DAGs
[2022-07-10 13:02:22,219] {logging_mixin.py:109} INFO - [2022-07-10 13:02:22,219] {dag.py:2937} INFO - Setting next_dagrun for example_kubernetes_executor to None
[2022-07-10 13:02:22,224] {processor.py:171} INFO - Processing /home/airflow/.local/lib/python3.7/site-packages/airflow/example_dags/example_kubernetes_executor.py took 0.043 seconds
[2022-07-10 13:02:53,030] {processor.py:163} INFO - Started process (PID=2495) to work on /home/airflow/.local/lib/python3.7/site-packages/airflow/example_dags/example_kubernetes_executor.py
[2022-07-10 13:02:53,030] {processor.py:642} INFO - Processing file /home/airflow/.local/lib/python3.7/site-packages/airflow/example_dags/example_kubernetes_executor.py for tasks to queue
[2022-07-10 13:02:53,030] {logging_mixin.py:109} INFO - [2022-07-10 13:02:53,030] {dagbag.py:500} INFO - Filling up the DagBag from /home/airflow/.local/lib/python3.7/site-packages/airflow/example_dags/example_kubernetes_executor.py
[2022-07-10 13:02:53,043] {processor.py:652} INFO - DAG(s) dict_keys(['example_kubernetes_executor']) retrieved from /home/airflow/.local/lib/python3.7/site-packages/airflow/example_dags/example_kubernetes_executor.py
[2022-07-10 13:02:53,059] {logging_mixin.py:109} INFO - [2022-07-10 13:02:53,059] {dag.py:2398} INFO - Sync 1 DAGs
[2022-07-10 13:02:53,071] {logging_mixin.py:109} INFO - [2022-07-10 13:02:53,071] {dag.py:2937} INFO - Setting next_dagrun for example_kubernetes_executor to None
[2022-07-10 13:02:53,078] {processor.py:171} INFO - Processing /home/airflow/.local/lib/python3.7/site-packages/airflow/example_dags/example_kubernetes_executor.py took 0.050 seconds
[2022-07-10 13:03:23,997] {processor.py:163} INFO - Started process (PID=2566) to work on /home/airflow/.local/lib/python3.7/site-packages/airflow/example_dags/example_kubernetes_executor.py
[2022-07-10 13:03:23,998] {processor.py:642} INFO - Processing file /home/airflow/.local/lib/python3.7/site-packages/airflow/example_dags/example_kubernetes_executor.py for tasks to queue
[2022-07-10 13:03:23,998] {logging_mixin.py:109} INFO - [2022-07-10 13:03:23,998] {dagbag.py:500} INFO - Filling up the DagBag from /home/airflow/.local/lib/python3.7/site-packages/airflow/example_dags/example_kubernetes_executor.py
[2022-07-10 13:03:24,012] {processor.py:652} INFO - DAG(s) dict_keys(['example_kubernetes_executor']) retrieved from /home/airflow/.local/lib/python3.7/site-packages/airflow/example_dags/example_kubernetes_executor.py
[2022-07-10 13:03:24,026] {logging_mixin.py:109} INFO - [2022-07-10 13:03:24,026] {dag.py:2398} INFO - Sync 1 DAGs
[2022-07-10 13:03:24,036] {logging_mixin.py:109} INFO - [2022-07-10 13:03:24,036] {dag.py:2937} INFO - Setting next_dagrun for example_kubernetes_executor to None
[2022-07-10 13:03:24,042] {processor.py:171} INFO - Processing /home/airflow/.local/lib/python3.7/site-packages/airflow/example_dags/example_kubernetes_executor.py took 0.047 seconds
[2022-07-10 13:03:54,960] {processor.py:163} INFO - Started process (PID=2639) to work on /home/airflow/.local/lib/python3.7/site-packages/airflow/example_dags/example_kubernetes_executor.py
[2022-07-10 13:03:54,961] {processor.py:642} INFO - Processing file /home/airflow/.local/lib/python3.7/site-packages/airflow/example_dags/example_kubernetes_executor.py for tasks to queue
[2022-07-10 13:03:54,961] {logging_mixin.py:109} INFO - [2022-07-10 13:03:54,961] {dagbag.py:500} INFO - Filling up the DagBag from /home/airflow/.local/lib/python3.7/site-packages/airflow/example_dags/example_kubernetes_executor.py
[2022-07-10 13:03:54,973] {processor.py:652} INFO - DAG(s) dict_keys(['example_kubernetes_executor']) retrieved from /home/airflow/.local/lib/python3.7/site-packages/airflow/example_dags/example_kubernetes_executor.py
[2022-07-10 13:03:54,987] {logging_mixin.py:109} INFO - [2022-07-10 13:03:54,987] {dag.py:2398} INFO - Sync 1 DAGs
[2022-07-10 13:03:54,997] {logging_mixin.py:109} INFO - [2022-07-10 13:03:54,997] {dag.py:2937} INFO - Setting next_dagrun for example_kubernetes_executor to None
[2022-07-10 13:03:55,003] {processor.py:171} INFO - Processing /home/airflow/.local/lib/python3.7/site-packages/airflow/example_dags/example_kubernetes_executor.py took 0.044 seconds
[2022-07-10 13:04:25,668] {processor.py:163} INFO - Started process (PID=2701) to work on /home/airflow/.local/lib/python3.7/site-packages/airflow/example_dags/example_kubernetes_executor.py
[2022-07-10 13:04:25,668] {processor.py:642} INFO - Processing file /home/airflow/.local/lib/python3.7/site-packages/airflow/example_dags/example_kubernetes_executor.py for tasks to queue
[2022-07-10 13:04:25,669] {logging_mixin.py:109} INFO - [2022-07-10 13:04:25,669] {dagbag.py:500} INFO - Filling up the DagBag from /home/airflow/.local/lib/python3.7/site-packages/airflow/example_dags/example_kubernetes_executor.py
[2022-07-10 13:04:25,681] {processor.py:652} INFO - DAG(s) dict_keys(['example_kubernetes_executor']) retrieved from /home/airflow/.local/lib/python3.7/site-packages/airflow/example_dags/example_kubernetes_executor.py
[2022-07-10 13:04:25,694] {logging_mixin.py:109} INFO - [2022-07-10 13:04:25,694] {dag.py:2398} INFO - Sync 1 DAGs
[2022-07-10 13:04:25,704] {logging_mixin.py:109} INFO - [2022-07-10 13:04:25,704] {dag.py:2937} INFO - Setting next_dagrun for example_kubernetes_executor to None
[2022-07-10 13:04:25,709] {processor.py:171} INFO - Processing /home/airflow/.local/lib/python3.7/site-packages/airflow/example_dags/example_kubernetes_executor.py took 0.043 seconds
