[2022-07-10 12:44:58,758] {taskinstance.py:1043} INFO - Dependencies all met for <TaskInstance: my_dag.training_model_C scheduled__2022-07-09T00:00:00+00:00 [queued]>
[2022-07-10 12:44:58,772] {taskinstance.py:1043} INFO - Dependencies all met for <TaskInstance: my_dag.training_model_C scheduled__2022-07-09T00:00:00+00:00 [queued]>
[2022-07-10 12:44:58,772] {taskinstance.py:1249} INFO - 
--------------------------------------------------------------------------------
[2022-07-10 12:44:58,772] {taskinstance.py:1250} INFO - Starting attempt 1 of 1
[2022-07-10 12:44:58,772] {taskinstance.py:1251} INFO - 
--------------------------------------------------------------------------------
[2022-07-10 12:44:58,814] {taskinstance.py:1270} INFO - Executing <Task(PythonOperator): training_model_C> on 2022-07-09 00:00:00+00:00
[2022-07-10 12:44:58,820] {standard_task_runner.py:52} INFO - Started process 70 to run task
[2022-07-10 12:44:58,824] {standard_task_runner.py:79} INFO - Running: ['***', 'tasks', 'run', 'my_dag', 'training_model_C', 'scheduled__2022-07-09T00:00:00+00:00', '--job-id', '53', '--raw', '--subdir', 'DAGS_FOLDER/model.py', '--cfg-path', '/tmp/tmpmkjw8wrs', '--error-file', '/tmp/tmp8tjswc6h']
[2022-07-10 12:44:58,824] {standard_task_runner.py:80} INFO - Job 53: Subtask training_model_C
[2022-07-10 12:44:58,984] {logging_mixin.py:109} INFO - Running <TaskInstance: my_dag.training_model_C scheduled__2022-07-09T00:00:00+00:00 [running]> on host 18ea9465fe18
[2022-07-10 12:44:59,144] {taskinstance.py:1448} INFO - Exporting the following env vars:
AIRFLOW_CTX_DAG_OWNER=***
AIRFLOW_CTX_DAG_ID=my_dag
AIRFLOW_CTX_TASK_ID=training_model_C
AIRFLOW_CTX_EXECUTION_DATE=2022-07-09T00:00:00+00:00
AIRFLOW_CTX_DAG_RUN_ID=scheduled__2022-07-09T00:00:00+00:00
[2022-07-10 12:44:59,145] {python.py:175} INFO - Done. Returned value was: 1
[2022-07-10 12:44:59,199] {taskinstance.py:1288} INFO - Marking task as SUCCESS. dag_id=my_dag, task_id=training_model_C, execution_date=20220709T000000, start_date=20220710T124458, end_date=20220710T124459
[2022-07-10 12:44:59,241] {local_task_job.py:154} INFO - Task exited with return code 0
[2022-07-10 12:44:59,349] {local_task_job.py:264} INFO - 1 downstream tasks scheduled from follow-on schedule check
