[2022-07-11 08:34:43,644] {taskinstance.py:1043} INFO - Dependencies all met for <TaskInstance: my_dag.training_model_A manual__2022-07-11T08:34:42.534642+00:00 [queued]>
[2022-07-11 08:34:43,652] {taskinstance.py:1043} INFO - Dependencies all met for <TaskInstance: my_dag.training_model_A manual__2022-07-11T08:34:42.534642+00:00 [queued]>
[2022-07-11 08:34:43,652] {taskinstance.py:1249} INFO - 
--------------------------------------------------------------------------------
[2022-07-11 08:34:43,652] {taskinstance.py:1250} INFO - Starting attempt 1 of 1
[2022-07-11 08:34:43,652] {taskinstance.py:1251} INFO - 
--------------------------------------------------------------------------------
[2022-07-11 08:34:43,663] {taskinstance.py:1270} INFO - Executing <Task(PythonOperator): training_model_A> on 2022-07-11 08:34:42.534642+00:00
[2022-07-11 08:34:43,668] {standard_task_runner.py:52} INFO - Started process 3798 to run task
[2022-07-11 08:34:43,670] {standard_task_runner.py:79} INFO - Running: ['***', 'tasks', 'run', 'my_dag', 'training_model_A', 'manual__2022-07-11T08:34:42.534642+00:00', '--job-id', '47', '--raw', '--subdir', 'DAGS_FOLDER/model.py', '--cfg-path', '/tmp/tmpse3fmpf2', '--error-file', '/tmp/tmpmyjamwl4']
[2022-07-11 08:34:43,670] {standard_task_runner.py:80} INFO - Job 47: Subtask training_model_A
[2022-07-11 08:34:43,715] {logging_mixin.py:109} INFO - Running <TaskInstance: my_dag.training_model_A manual__2022-07-11T08:34:42.534642+00:00 [running]> on host 1f92e2add508
[2022-07-11 08:34:43,756] {taskinstance.py:1448} INFO - Exporting the following env vars:
AIRFLOW_CTX_DAG_OWNER=***
AIRFLOW_CTX_DAG_ID=my_dag
AIRFLOW_CTX_TASK_ID=training_model_A
AIRFLOW_CTX_EXECUTION_DATE=2022-07-11T08:34:42.534642+00:00
AIRFLOW_CTX_DAG_RUN_ID=manual__2022-07-11T08:34:42.534642+00:00
[2022-07-11 08:34:43,757] {python.py:175} INFO - Done. Returned value was: 8
[2022-07-11 08:34:43,772] {taskinstance.py:1288} INFO - Marking task as SUCCESS. dag_id=my_dag, task_id=training_model_A, execution_date=20220711T083442, start_date=20220711T083443, end_date=20220711T083443
[2022-07-11 08:34:43,802] {local_task_job.py:154} INFO - Task exited with return code 0
[2022-07-11 08:34:43,834] {local_task_job.py:264} INFO - 1 downstream tasks scheduled from follow-on schedule check
