[2022-07-04 05:34:50,080] {taskinstance.py:1043} INFO - Dependencies all met for <TaskInstance: my_dag.choose_best_model scheduled__2022-07-03T00:00:00+00:00 [queued]>
[2022-07-04 05:34:50,087] {taskinstance.py:1043} INFO - Dependencies all met for <TaskInstance: my_dag.choose_best_model scheduled__2022-07-03T00:00:00+00:00 [queued]>
[2022-07-04 05:34:50,087] {taskinstance.py:1249} INFO - 
--------------------------------------------------------------------------------
[2022-07-04 05:34:50,087] {taskinstance.py:1250} INFO - Starting attempt 1 of 1
[2022-07-04 05:34:50,087] {taskinstance.py:1251} INFO - 
--------------------------------------------------------------------------------
[2022-07-04 05:34:50,095] {taskinstance.py:1270} INFO - Executing <Task(BranchPythonOperator): choose_best_model> on 2022-07-03 00:00:00+00:00
[2022-07-04 05:34:50,099] {standard_task_runner.py:52} INFO - Started process 2101 to run task
[2022-07-04 05:34:50,101] {standard_task_runner.py:79} INFO - Running: ['***', 'tasks', 'run', 'my_dag', 'choose_best_model', 'scheduled__2022-07-03T00:00:00+00:00', '--job-id', '439', '--raw', '--subdir', 'DAGS_FOLDER/model.py', '--cfg-path', '/tmp/tmp6lu82qd1', '--error-file', '/tmp/tmp6wy3rc18']
[2022-07-04 05:34:50,102] {standard_task_runner.py:80} INFO - Job 439: Subtask choose_best_model
[2022-07-04 05:34:50,132] {logging_mixin.py:109} INFO - Running <TaskInstance: my_dag.choose_best_model scheduled__2022-07-03T00:00:00+00:00 [running]> on host 1936d03cc531
[2022-07-04 05:34:50,161] {taskinstance.py:1448} INFO - Exporting the following env vars:
AIRFLOW_CTX_DAG_OWNER=***
AIRFLOW_CTX_DAG_ID=my_dag
AIRFLOW_CTX_TASK_ID=choose_best_model
AIRFLOW_CTX_EXECUTION_DATE=2022-07-03T00:00:00+00:00
AIRFLOW_CTX_DAG_RUN_ID=scheduled__2022-07-03T00:00:00+00:00
[2022-07-04 05:34:50,166] {python.py:175} INFO - Done. Returned value was: inaccurate
[2022-07-04 05:34:50,166] {skipmixin.py:140} INFO - Following branch inaccurate
[2022-07-04 05:34:50,166] {skipmixin.py:171} INFO - Skipping tasks ['accurate']
[2022-07-04 05:34:50,189] {taskinstance.py:1288} INFO - Marking task as SUCCESS. dag_id=my_dag, task_id=choose_best_model, execution_date=20220703T000000, start_date=20220704T053450, end_date=20220704T053450
[2022-07-04 05:34:50,233] {local_task_job.py:154} INFO - Task exited with return code 0
[2022-07-04 05:34:50,283] {local_task_job.py:264} INFO - 1 downstream tasks scheduled from follow-on schedule check
[2022-07-04 12:26:57,109] {taskinstance.py:1043} INFO - Dependencies all met for <TaskInstance: my_dag.choose_best_model scheduled__2022-07-03T00:00:00+00:00 [queued]>
[2022-07-04 12:26:57,115] {taskinstance.py:1043} INFO - Dependencies all met for <TaskInstance: my_dag.choose_best_model scheduled__2022-07-03T00:00:00+00:00 [queued]>
[2022-07-04 12:26:57,115] {taskinstance.py:1249} INFO - 
--------------------------------------------------------------------------------
[2022-07-04 12:26:57,115] {taskinstance.py:1250} INFO - Starting attempt 1 of 1
[2022-07-04 12:26:57,115] {taskinstance.py:1251} INFO - 
--------------------------------------------------------------------------------
[2022-07-04 12:26:57,122] {taskinstance.py:1270} INFO - Executing <Task(BranchPythonOperator): choose_best_model> on 2022-07-03 00:00:00+00:00
[2022-07-04 12:26:57,126] {standard_task_runner.py:52} INFO - Started process 701 to run task
[2022-07-04 12:26:57,128] {standard_task_runner.py:79} INFO - Running: ['***', 'tasks', 'run', 'my_dag', 'choose_best_model', 'scheduled__2022-07-03T00:00:00+00:00', '--job-id', '22', '--raw', '--subdir', 'DAGS_FOLDER/model.py', '--cfg-path', '/tmp/tmpdjctp0zx', '--error-file', '/tmp/tmpahld2g5t']
[2022-07-04 12:26:57,128] {standard_task_runner.py:80} INFO - Job 22: Subtask choose_best_model
[2022-07-04 12:26:57,158] {logging_mixin.py:109} INFO - Running <TaskInstance: my_dag.choose_best_model scheduled__2022-07-03T00:00:00+00:00 [running]> on host 498c2b9fabaa
[2022-07-04 12:26:57,187] {taskinstance.py:1448} INFO - Exporting the following env vars:
AIRFLOW_CTX_DAG_OWNER=***
AIRFLOW_CTX_DAG_ID=my_dag
AIRFLOW_CTX_TASK_ID=choose_best_model
AIRFLOW_CTX_EXECUTION_DATE=2022-07-03T00:00:00+00:00
AIRFLOW_CTX_DAG_RUN_ID=scheduled__2022-07-03T00:00:00+00:00
[2022-07-04 12:26:57,194] {python.py:175} INFO - Done. Returned value was: accurate
[2022-07-04 12:26:57,194] {skipmixin.py:140} INFO - Following branch accurate
[2022-07-04 12:26:57,194] {skipmixin.py:171} INFO - Skipping tasks ['inaccurate']
[2022-07-04 12:26:57,218] {taskinstance.py:1288} INFO - Marking task as SUCCESS. dag_id=my_dag, task_id=choose_best_model, execution_date=20220703T000000, start_date=20220704T122657, end_date=20220704T122657
[2022-07-04 12:26:57,260] {local_task_job.py:154} INFO - Task exited with return code 0
[2022-07-04 12:26:57,283] {local_task_job.py:264} INFO - 1 downstream tasks scheduled from follow-on schedule check
